Nov 05, 2016 12:26:21 AM hudson.node_monitors.ResponseTimeMonitor$1 monitor
WARNING: Making installer_test_linux2 offline because it?s not responding
Nov 05, 2016 1:26:21 AM hudson.node_monitors.ResponseTimeMonitor$1 monitor
WARNING: Making installer_test_linux2 offline because it?s not responding
Nov 05, 2016 2:26:21 AM hudson.node_monitors.ResponseTimeMonitor$1 monitor
WARNING: Making installer_test_linux2 offline because it?s not responding
Nov 05, 2016 3:26:21 AM hudson.node_monitors.ResponseTimeMonitor$1 monitor
WARNING: Making installer_test_linux2 offline because it?s not responding
Nov 05, 2016 4:26:21 AM hudson.node_monitors.ResponseTimeMonitor$1 monitor
WARNING: Making installer_test_linux2 offline because it?s not responding
Nov 05, 2016 5:26:21 AM hudson.node_monitors.ResponseTimeMonitor$1 monitor
WARNING: Making installer_test_linux2 offline because it?s not responding
Nov 05, 2016 6:26:21 AM hudson.node_monitors.ResponseTimeMonitor$1 monitor
WARNING: Making installer_test_linux2 offline because it?s not responding
Nov 05, 2016 7:26:21 AM hudson.node_monitors.ResponseTimeMonitor$1 monitor
WARNING: Making installer_test_linux2 offline because it?s not responding
Nov 05, 2016 8:26:21 AM hudson.node_monitors.ResponseTimeMonitor$1 monitor
WARNING: Making installer_test_linux2 offline because it?s not responding
Nov 05, 2016 9:26:21 AM hudson.node_monitors.ResponseTimeMonitor$1 monitor
WARNING: Making installer_test_linux2 offline because it?s not responding
Nov 05, 2016 10:26:21 AM hudson.node_monitors.ResponseTimeMonitor$1 monitor
WARNING: Making installer_test_linux2 offline because it?s not responding
Nov 05, 2016 11:26:21 AM hudson.node_monitors.ResponseTimeMonitor$1 monitor
WARNING: Making installer_test_linux2 offline because it?s not responding
Nov 05, 2016 11:48:28 AM hudson.model.AsyncPeriodicWork$1 run
INFO: Started Fingerprint cleanup
Nov 05, 2016 11:48:28 AM hudson.model.AsyncPeriodicWork$1 run
INFO: Finished Fingerprint cleanup. 1 ms
Nov 05, 2016 12:26:21 PM hudson.node_monitors.ResponseTimeMonitor$1 monitor
WARNING: Making installer_test_linux2 offline because it?s not responding
Nov 05, 2016 1:26:21 PM hudson.node_monitors.ResponseTimeMonitor$1 monitor
WARNING: Making installer_test_linux2 offline because it?s not responding
Nov 05, 2016 2:26:21 PM hudson.node_monitors.ResponseTimeMonitor$1 monitor
WARNING: Making installer_test_linux2 offline because it?s not responding
Nov 05, 2016 3:26:21 PM hudson.node_monitors.ResponseTimeMonitor$1 monitor
WARNING: Making installer_test_linux2 offline because it?s not responding
Nov 05, 2016 4:26:21 PM hudson.node_monitors.ResponseTimeMonitor$1 monitor
WARNING: Making installer_test_linux2 offline because it?s not responding
Nov 05, 2016 5:26:21 PM hudson.node_monitors.ResponseTimeMonitor$1 monitor
WARNING: Making installer_test_linux2 offline because it?s not responding
Nov 05, 2016 6:26:21 PM hudson.node_monitors.ResponseTimeMonitor$1 monitor
WARNING: Making installer_test_linux2 offline because it?s not responding
Nov 05, 2016 6:51:08 PM hudson.model.Run execute
INFO: SP305_SRS_DAILY_BUILD #111 main build action completed: FAILURE
Nov 05, 2016 6:51:11 PM hudson.model.Run execute
INFO: SRS_SP305_SERIAL #80 main build action completed: FAILURE
Nov 05, 2016 7:26:21 PM hudson.node_monitors.ResponseTimeMonitor$1 monitor
WARNING: Making installer_test_linux2 offline because it?s not responding
Nov 05, 2016 8:01:23 PM hudson.model.AsyncPeriodicWork$1 run
INFO: Started Download metadata
Nov 05, 2016 8:01:31 PM hudson.model.UpdateSite updateData
INFO: Obtained the latest update center data file for UpdateSource default
Nov 05, 2016 8:01:33 PM hudson.model.AsyncPeriodicWork$1 run
INFO: Finished Download metadata. 10,577 ms
Nov 05, 2016 8:26:21 PM hudson.node_monitors.ResponseTimeMonitor$1 monitor
WARNING: Making installer_test_linux2 offline because it?s not responding
Nov 05, 2016 8:27:34 PM hudson.model.AsyncPeriodicWork$1 run
INFO: Started Workspace clean-up
Nov 05, 2016 8:27:35 PM hudson.model.AsyncPeriodicWork$1 run
INFO: Finished Workspace clean-up. 480 ms
Nov 05, 2016 9:26:21 PM hudson.node_monitors.ResponseTimeMonitor$1 monitor
WARNING: Making installer_test_linux2 offline because it?s not responding
Nov 05, 2016 10:26:21 PM hudson.node_monitors.ResponseTimeMonitor$1 monitor
WARNING: Making installer_test_linux2 offline because it?s not responding
Nov 05, 2016 11:26:21 PM hudson.node_monitors.ResponseTimeMonitor$1 monitor
WARNING: Making installer_test_linux2 offline because it?s not responding
