Aug 6, 2015 12:00:08 AM hudson.slaves.SlaveComputer tryReconnect
INFO: Attempting to reconnect RS_build_test_sunsparc64_whitney
Aug 6, 2015 12:07:08 AM hudson.slaves.SlaveComputer tryReconnect
INFO: Attempting to reconnect Installer_ibmplinux64_elevon
Aug 6, 2015 12:07:08 AM hudson.slaves.SlaveComputer tryReconnect
INFO: Attempting to reconnect RS_build_sunx64_augusta
Aug 6, 2015 12:07:08 AM hudson.slaves.SlaveComputer tryReconnect
INFO: Attempting to reconnect RS_build_test_hpia64_repqahpia1
Aug 6, 2015 12:07:08 AM hudson.slaves.SlaveComputer tryReconnect
INFO: Attempting to reconnect RS_build_test_hpia64_repqahpia5
Aug 6, 2015 12:07:10 AM hudson.node_monitors.ResponseTimeMonitor$1 monitor
WARNING: Making RS_build_sunx64_augusta offline because it’s not responding
Aug 6, 2015 12:07:10 AM hudson.node_monitors.ResponseTimeMonitor$1 monitor
WARNING: Making RS_build_test_sunsparc64_whitney offline because it’s not responding
Aug 6, 2015 12:07:10 AM hudson.node_monitors.ResponseTimeMonitor$1 monitor
WARNING: Making RS_build_test_hpia64_repqahpia1 offline because it’s not responding
Aug 6, 2015 12:07:10 AM hudson.node_monitors.ResponseTimeMonitor$1 monitor
WARNING: Making RS_build_test_hpia64_repqahpia5 offline because it’s not responding
Aug 6, 2015 12:07:10 AM hudson.node_monitors.ResponseTimeMonitor$1 monitor
WARNING: Making RS_build_sunx64_asekernal6 offline because it’s not responding
Aug 6, 2015 12:07:10 AM hudson.node_monitors.ResponseTimeMonitor$1 monitor
WARNING: Making Installer_ibmplinux64_elevon offline because it’s not responding
Aug 6, 2015 12:09:08 AM hudson.slaves.SlaveComputer tryReconnect
INFO: Attempting to reconnect RS_build_sunx64_asekernal6
Aug 6, 2015 12:23:08 AM hudson.slaves.SlaveComputer tryReconnect
INFO: Attempting to reconnect RS_build_test_sunsparc64_whitney
Aug 6, 2015 12:31:08 AM hudson.slaves.SlaveComputer tryReconnect
INFO: Attempting to reconnect Installer_ibmplinux64_elevon
Aug 6, 2015 12:31:08 AM hudson.slaves.SlaveComputer tryReconnect
INFO: Attempting to reconnect RS_build_sunx64_augusta
Aug 6, 2015 12:31:08 AM hudson.slaves.SlaveComputer tryReconnect
INFO: Attempting to reconnect RS_build_test_hpia64_repqahpia1
Aug 6, 2015 12:31:08 AM hudson.slaves.SlaveComputer tryReconnect
INFO: Attempting to reconnect RS_build_test_hpia64_repqahpia5
Aug 6, 2015 12:31:14 AM hudson.remoting.SynchronousCommandTransport$ReaderThread run
SEVERE: I/O error in channel Installer_ibmplinux64_elevon
java.io.IOException: Unexpected termination of the channel
	at hudson.remoting.SynchronousCommandTransport$ReaderThread.run(SynchronousCommandTransport.java:50)
Caused by: java.io.EOFException
	at java.io.ObjectInputStream$PeekInputStream.readFully(ObjectInputStream.java:2297)
	at java.io.ObjectInputStream$BlockDataInputStream.readShort(ObjectInputStream.java:2766)
	at java.io.ObjectInputStream.readStreamHeader(ObjectInputStream.java:797)
	at java.io.ObjectInputStream.<init>(ObjectInputStream.java:297)
	at hudson.remoting.ObjectInputStreamEx.<init>(ObjectInputStreamEx.java:40)
	at hudson.remoting.AbstractSynchronousByteArrayCommandTransport.read(AbstractSynchronousByteArrayCommandTransport.java:34)
	at hudson.remoting.SynchronousCommandTransport$ReaderThread.run(SynchronousCommandTransport.java:48)
Aug 6, 2015 12:33:08 AM hudson.slaves.SlaveComputer tryReconnect
INFO: Attempting to reconnect RS_build_sunx64_asekernal6
Aug 6, 2015 12:46:08 AM hudson.slaves.SlaveComputer tryReconnect
INFO: Attempting to reconnect RS_build_test_sunsparc64_whitney
Aug 6, 2015 12:53:08 AM hudson.slaves.SlaveComputer tryReconnect
INFO: Attempting to reconnect Installer_ibmplinux64_elevon
Aug 6, 2015 12:53:08 AM hudson.slaves.SlaveComputer tryReconnect
INFO: Attempting to reconnect RS_build_sunx64_augusta
Aug 6, 2015 12:53:08 AM hudson.slaves.SlaveComputer tryReconnect
INFO: Attempting to reconnect RS_build_test_hpia64_repqahpia1
Aug 6, 2015 12:53:08 AM hudson.slaves.SlaveComputer tryReconnect
INFO: Attempting to reconnect RS_build_test_hpia64_repqahpia5
Aug 6, 2015 12:55:08 AM hudson.slaves.SlaveComputer tryReconnect
INFO: Attempting to reconnect RS_build_sunx64_asekernal6
Aug 6, 2015 1:07:08 AM hudson.slaves.SlaveComputer tryReconnect
INFO: Attempting to reconnect RS_build_test_sunsparc64_whitney
Aug 6, 2015 1:07:10 AM hudson.node_monitors.ResponseTimeMonitor$1 monitor
WARNING: Making RS_build_sunx64_augusta offline because it’s not responding
Aug 6, 2015 1:07:10 AM hudson.node_monitors.ResponseTimeMonitor$1 monitor
WARNING: Making RS_build_test_sunsparc64_whitney offline because it’s not responding
Aug 6, 2015 1:07:10 AM hudson.node_monitors.ResponseTimeMonitor$1 monitor
WARNING: Making RS_build_test_hpia64_repqahpia1 offline because it’s not responding
Aug 6, 2015 1:07:10 AM hudson.node_monitors.ResponseTimeMonitor$1 monitor
WARNING: Making RS_build_test_hpia64_repqahpia5 offline because it’s not responding
Aug 6, 2015 1:07:10 AM hudson.node_monitors.ResponseTimeMonitor$1 monitor
WARNING: Making RS_build_sunx64_asekernal6 offline because it’s not responding
Aug 6, 2015 1:07:10 AM hudson.node_monitors.ResponseTimeMonitor$1 monitor
WARNING: Making Installer_ibmplinux64_elevon offline because it’s not responding
Aug 6, 2015 1:14:08 AM hudson.slaves.SlaveComputer tryReconnect
INFO: Attempting to reconnect Installer_ibmplinux64_elevon
Aug 6, 2015 1:14:08 AM hudson.slaves.SlaveComputer tryReconnect
INFO: Attempting to reconnect RS_build_sunx64_augusta
Aug 6, 2015 1:14:08 AM hudson.slaves.SlaveComputer tryReconnect
INFO: Attempting to reconnect RS_build_test_hpia64_repqahpia1
Aug 6, 2015 1:14:08 AM hudson.slaves.SlaveComputer tryReconnect
INFO: Attempting to reconnect RS_build_test_hpia64_repqahpia5
Aug 6, 2015 1:16:08 AM hudson.slaves.SlaveComputer tryReconnect
INFO: Attempting to reconnect RS_build_sunx64_asekernal6
Aug 6, 2015 1:28:08 AM hudson.slaves.SlaveComputer tryReconnect
INFO: Attempting to reconnect RS_build_test_sunsparc64_whitney
Aug 6, 2015 1:36:08 AM hudson.slaves.SlaveComputer tryReconnect
INFO: Attempting to reconnect Installer_ibmplinux64_elevon
Aug 6, 2015 1:36:08 AM hudson.slaves.SlaveComputer tryReconnect
INFO: Attempting to reconnect RS_build_sunx64_augusta
Aug 6, 2015 1:36:08 AM hudson.slaves.SlaveComputer tryReconnect
INFO: Attempting to reconnect RS_build_test_hpia64_repqahpia1
Aug 6, 2015 1:36:08 AM hudson.slaves.SlaveComputer tryReconnect
INFO: Attempting to reconnect RS_build_test_hpia64_repqahpia5
Aug 6, 2015 1:38:08 AM hudson.slaves.SlaveComputer tryReconnect
INFO: Attempting to reconnect RS_build_sunx64_asekernal6
Aug 6, 2015 1:52:08 AM hudson.slaves.SlaveComputer tryReconnect
INFO: Attempting to reconnect RS_build_test_sunsparc64_whitney
Aug 6, 2015 1:59:08 AM hudson.slaves.SlaveComputer tryReconnect
INFO: Attempting to reconnect Installer_ibmplinux64_elevon
Aug 6, 2015 1:59:08 AM hudson.slaves.SlaveComputer tryReconnect
INFO: Attempting to reconnect RS_build_sunx64_augusta
Aug 6, 2015 1:59:08 AM hudson.slaves.SlaveComputer tryReconnect
INFO: Attempting to reconnect RS_build_test_hpia64_repqahpia1
Aug 6, 2015 1:59:08 AM hudson.slaves.SlaveComputer tryReconnect
INFO: Attempting to reconnect RS_build_test_hpia64_repqahpia5
Aug 6, 2015 2:00:08 AM hudson.slaves.SlaveComputer tryReconnect
INFO: Attempting to reconnect RS_build_sunx64_asekernal6
Aug 6, 2015 2:07:10 AM hudson.node_monitors.ResponseTimeMonitor$1 monitor
WARNING: Making RS_build_sunx64_augusta offline because it’s not responding
Aug 6, 2015 2:07:10 AM hudson.node_monitors.ResponseTimeMonitor$1 monitor
WARNING: Making RS_build_test_sunsparc64_whitney offline because it’s not responding
Aug 6, 2015 2:07:10 AM hudson.node_monitors.ResponseTimeMonitor$1 monitor
WARNING: Making RS_build_test_hpia64_repqahpia1 offline because it’s not responding
Aug 6, 2015 2:07:10 AM hudson.node_monitors.ResponseTimeMonitor$1 monitor
WARNING: Making RS_build_test_hpia64_repqahpia5 offline because it’s not responding
Aug 6, 2015 2:07:10 AM hudson.node_monitors.ResponseTimeMonitor$1 monitor
WARNING: Making RS_build_sunx64_asekernal6 offline because it’s not responding
Aug 6, 2015 2:07:10 AM hudson.node_monitors.ResponseTimeMonitor$1 monitor
WARNING: Making Installer_ibmplinux64_elevon offline because it’s not responding
Aug 6, 2015 2:12:08 AM hudson.slaves.SlaveComputer tryReconnect
INFO: Attempting to reconnect RS_build_test_sunsparc64_whitney
Aug 6, 2015 2:18:08 AM hudson.slaves.SlaveComputer tryReconnect
INFO: Attempting to reconnect Installer_ibmplinux64_elevon
Aug 6, 2015 2:18:08 AM hudson.slaves.SlaveComputer tryReconnect
INFO: Attempting to reconnect RS_build_sunx64_augusta
Aug 6, 2015 2:18:08 AM hudson.slaves.SlaveComputer tryReconnect
INFO: Attempting to reconnect RS_build_test_hpia64_repqahpia1
Aug 6, 2015 2:18:08 AM hudson.slaves.SlaveComputer tryReconnect
INFO: Attempting to reconnect RS_build_test_hpia64_repqahpia5
Aug 6, 2015 2:20:08 AM hudson.slaves.SlaveComputer tryReconnect
INFO: Attempting to reconnect RS_build_sunx64_asekernal6
Aug 6, 2015 2:26:06 AM hudson.model.Run execute
INFO: 1_Sub_Nightly_RS_Binary_Build_Linuxamd64 #113 main build action completed: SUCCESS
Aug 6, 2015 2:33:08 AM hudson.slaves.SlaveComputer tryReconnect
INFO: Attempting to reconnect RS_build_test_sunsparc64_whitney
Aug 6, 2015 2:35:53 AM hudson.model.Run execute
INFO: 1_Sub_Nightly_RMA_Binary_Build_Linuxamd64 #129 main build action completed: SUCCESS
Aug 6, 2015 2:35:55 AM hudson.model.Run execute
INFO: 1_Nightly_RS_Binary_Build_Parallel_Linuxamd64 #111 main build action completed: SUCCESS
Aug 6, 2015 2:41:08 AM hudson.slaves.SlaveComputer tryReconnect
INFO: Attempting to reconnect Installer_ibmplinux64_elevon
Aug 6, 2015 2:41:08 AM hudson.slaves.SlaveComputer tryReconnect
INFO: Attempting to reconnect RS_build_sunx64_augusta
Aug 6, 2015 2:41:08 AM hudson.slaves.SlaveComputer tryReconnect
INFO: Attempting to reconnect RS_build_test_hpia64_repqahpia1
Aug 6, 2015 2:41:08 AM hudson.slaves.SlaveComputer tryReconnect
INFO: Attempting to reconnect RS_build_test_hpia64_repqahpia5
Aug 6, 2015 2:43:04 AM hudson.model.AsyncPeriodicWork$1 run
INFO: Started Out of order build detection
Aug 6, 2015 2:43:08 AM hudson.slaves.SlaveComputer tryReconnect
INFO: Attempting to reconnect RS_build_sunx64_asekernal6
Aug 6, 2015 2:43:35 AM jenkins.diagnostics.ooom.Problem$Inspector scan
WARNING: Failed to inspect /remote/repeng10/.jenkins/jobs/1_Nightly_RS_Binary_Build_Linuxamd64/builds/1: /remote/repeng10/.jenkins/jobs/1_Nightly_RS_Binary_Build_Linuxamd64/builds/1/build.xml doesn't exist
Aug 6, 2015 2:45:06 AM jenkins.diagnostics.ooom.Problem$Inspector scan
WARNING: Failed to inspect /remote/repeng10/.jenkins/jobs/2_Nightly_RS_Installer_Build_Test_Linuxamd64/builds/2015-08-06_02-36-15: /remote/repeng10/.jenkins/jobs/2_Nightly_RS_Installer_Build_Test_Linuxamd64/builds/2015-08-06_02-36-15/build.xml doesn't exist
Aug 6, 2015 2:45:06 AM jenkins.diagnostics.ooom.Problem$Inspector scan
WARNING: Failed to inspect /remote/repeng10/.jenkins/jobs/2_Nightly_RS_Installer_Build_Test_Linuxamd64/builds/138: /remote/repeng10/.jenkins/jobs/2_Nightly_RS_Installer_Build_Test_Linuxamd64/builds/138/build.xml doesn't exist
Aug 6, 2015 2:46:29 AM jenkins.diagnostics.ooom.Problem$Inspector scan
WARNING: Failed to inspect /remote/repeng10/.jenkins/jobs/3_Nightly_Trigger_QA_Barrier_Test_Linuxamd64_Update/builds/2015-04-21_06-01-32: /remote/repeng10/.jenkins/jobs/3_Nightly_Trigger_QA_Barrier_Test_Linuxamd64_Update/builds/2015-04-21_06-01-32/build.xml doesn't exist
Aug 6, 2015 2:46:29 AM jenkins.diagnostics.ooom.Problem$Inspector scan
WARNING: Failed to inspect /remote/repeng10/.jenkins/jobs/3_Nightly_Trigger_QA_Barrier_Test_Linuxamd64_Update/builds/10: /remote/repeng10/.jenkins/jobs/3_Nightly_Trigger_QA_Barrier_Test_Linuxamd64_Update/builds/10/build.xml doesn't exist
Aug 6, 2015 2:46:32 AM jenkins.diagnostics.ooom.Problem$Inspector scan
WARNING: Failed to inspect /remote/repeng10/.jenkins/jobs/3_Nightly_Trigger_QA_Barrier_Test_Linuxamd64_Update/builds/2015-08-05_10-59-46: /remote/repeng10/.jenkins/jobs/3_Nightly_Trigger_QA_Barrier_Test_Linuxamd64_Update/builds/2015-08-05_10-59-46/build.xml doesn't exist
Aug 6, 2015 2:46:32 AM jenkins.diagnostics.ooom.Problem$Inspector scan
WARNING: Failed to inspect /remote/repeng10/.jenkins/jobs/3_Nightly_Trigger_QA_Barrier_Test_Linuxamd64_Update/builds/108: /remote/repeng10/.jenkins/jobs/3_Nightly_Trigger_QA_Barrier_Test_Linuxamd64_Update/builds/108/build.xml doesn't exist
Aug 6, 2015 2:53:23 AM hudson.model.Run execute
INFO: 2_Nightly_RS_Installer_Build_Test_Linuxamd64 #138 main build action completed: SUCCESS
Aug 6, 2015 2:54:23 AM jenkins.diagnostics.ooom.Problem$Inspector scan
WARNING: Failed to inspect /remote/repeng10/.jenkins/jobs/3_Sub_Nightly_QA_Test_RS_NORMAL_SHORT/builds/2015-04-21_06-01-52: /remote/repeng10/.jenkins/jobs/3_Sub_Nightly_QA_Test_RS_NORMAL_SHORT/builds/2015-04-21_06-01-52/build.xml doesn't exist
Aug 6, 2015 2:54:23 AM jenkins.diagnostics.ooom.Problem$Inspector scan
WARNING: Failed to inspect /remote/repeng10/.jenkins/jobs/3_Sub_Nightly_QA_Test_RS_NORMAL_SHORT/builds/12: /remote/repeng10/.jenkins/jobs/3_Sub_Nightly_QA_Test_RS_NORMAL_SHORT/builds/12/build.xml doesn't exist
Aug 6, 2015 2:55:25 AM jenkins.diagnostics.ooom.Problem$Inspector scan
WARNING: Failed to inspect /remote/repeng10/.jenkins/jobs/3_Sub_Nightly_QA_Test_RS_STANDBY/builds/2015-04-21_06-01-52: /remote/repeng10/.jenkins/jobs/3_Sub_Nightly_QA_Test_RS_STANDBY/builds/2015-04-21_06-01-52/build.xml doesn't exist
Aug 6, 2015 2:55:25 AM jenkins.diagnostics.ooom.Problem$Inspector scan
WARNING: Failed to inspect /remote/repeng10/.jenkins/jobs/3_Sub_Nightly_QA_Test_RS_STANDBY/builds/11: /remote/repeng10/.jenkins/jobs/3_Sub_Nightly_QA_Test_RS_STANDBY/builds/11/build.xml doesn't exist
Aug 6, 2015 2:55:25 AM jenkins.diagnostics.ooom.Problem$Inspector scan
WARNING: Failed to inspect /remote/repeng10/.jenkins/jobs/3_Sub_Nightly_QA_Test_RS_STANDBY/builds/2015-08-05_11-29-51: /remote/repeng10/.jenkins/jobs/3_Sub_Nightly_QA_Test_RS_STANDBY/builds/2015-08-05_11-29-51/build.xml doesn't exist
Aug 6, 2015 2:55:25 AM jenkins.diagnostics.ooom.Problem$Inspector scan
WARNING: Failed to inspect /remote/repeng10/.jenkins/jobs/3_Sub_Nightly_QA_Test_RS_STANDBY/builds/65: /remote/repeng10/.jenkins/jobs/3_Sub_Nightly_QA_Test_RS_STANDBY/builds/65/build.xml doesn't exist
Aug 6, 2015 2:57:08 AM hudson.slaves.SlaveComputer tryReconnect
INFO: Attempting to reconnect RS_build_test_sunsparc64_whitney
Aug 6, 2015 3:04:07 AM jenkins.diagnostics.ooom.Problem$Inspector scan
WARNING: Failed to inspect /remote/repeng10/.jenkins/jobs/huiji-rscorona_huiji_vu-serial-build-with-test/builds/17: /remote/repeng10/.jenkins/jobs/huiji-rscorona_huiji_vu-serial-build-with-test/builds/17/build.xml doesn't exist
Aug 6, 2015 3:04:07 AM jenkins.diagnostics.ooom.Problem$Inspector scan
WARNING: Failed to inspect /remote/repeng10/.jenkins/jobs/huiji-rscorona_huiji_vu-serial-build-with-test/builds/2015-08-04_21-25-17: /remote/repeng10/.jenkins/jobs/huiji-rscorona_huiji_vu-serial-build-with-test/builds/2015-08-04_21-25-17/build.xml doesn't exist
Aug 6, 2015 3:04:27 AM jenkins.diagnostics.ooom.Problem$Inspector scan
WARNING: Failed to inspect /remote/repeng10/.jenkins/jobs/MyTest/builds/2015-04-22_00-55-20: /remote/repeng10/.jenkins/jobs/MyTest/builds/2015-04-22_00-55-20/build.xml doesn't exist
Aug 6, 2015 3:04:27 AM jenkins.diagnostics.ooom.Problem$Inspector scan
WARNING: Failed to inspect /remote/repeng10/.jenkins/jobs/MyTest/builds/4: /remote/repeng10/.jenkins/jobs/MyTest/builds/4/build.xml doesn't exist
Aug 6, 2015 3:05:08 AM hudson.slaves.SlaveComputer tryReconnect
INFO: Attempting to reconnect Installer_ibmplinux64_elevon
Aug 6, 2015 3:05:08 AM hudson.slaves.SlaveComputer tryReconnect
INFO: Attempting to reconnect RS_build_sunx64_augusta
Aug 6, 2015 3:05:08 AM hudson.slaves.SlaveComputer tryReconnect
INFO: Attempting to reconnect RS_build_test_hpia64_repqahpia1
Aug 6, 2015 3:05:08 AM hudson.slaves.SlaveComputer tryReconnect
INFO: Attempting to reconnect RS_build_test_hpia64_repqahpia5
Aug 6, 2015 3:05:14 AM hudson.remoting.SynchronousCommandTransport$ReaderThread run
SEVERE: I/O error in channel Installer_ibmplinux64_elevon
java.io.IOException: Unexpected termination of the channel
	at hudson.remoting.SynchronousCommandTransport$ReaderThread.run(SynchronousCommandTransport.java:50)
Caused by: java.io.EOFException
	at java.io.ObjectInputStream$PeekInputStream.readFully(ObjectInputStream.java:2297)
	at java.io.ObjectInputStream$BlockDataInputStream.readShort(ObjectInputStream.java:2766)
	at java.io.ObjectInputStream.readStreamHeader(ObjectInputStream.java:797)
	at java.io.ObjectInputStream.<init>(ObjectInputStream.java:297)
	at hudson.remoting.ObjectInputStreamEx.<init>(ObjectInputStreamEx.java:40)
	at hudson.remoting.AbstractSynchronousByteArrayCommandTransport.read(AbstractSynchronousByteArrayCommandTransport.java:34)
	at hudson.remoting.SynchronousCommandTransport$ReaderThread.run(SynchronousCommandTransport.java:48)
Aug 6, 2015 3:05:37 AM jenkins.diagnostics.ooom.Problem$Inspector scan
WARNING: Failed to inspect /remote/repeng10/.jenkins/jobs/pwang4-rscorona_pwang4_vu-serial-build-only/builds/2015-06-19_03-39-30: /remote/repeng10/.jenkins/jobs/pwang4-rscorona_pwang4_vu-serial-build-only/builds/2015-06-19_03-39-30/build.xml doesn't exist
Aug 6, 2015 3:05:37 AM jenkins.diagnostics.ooom.Problem$Inspector scan
WARNING: Failed to inspect /remote/repeng10/.jenkins/jobs/pwang4-rscorona_pwang4_vu-serial-build-only/builds/1: /remote/repeng10/.jenkins/jobs/pwang4-rscorona_pwang4_vu-serial-build-only/builds/1/build.xml doesn't exist
Aug 6, 2015 3:06:08 AM hudson.slaves.SlaveComputer tryReconnect
INFO: Attempting to reconnect RS_build_sunx64_asekernal6
Aug 6, 2015 3:07:10 AM hudson.node_monitors.ResponseTimeMonitor$1 monitor
WARNING: Making RS_build_sunx64_augusta offline because it’s not responding
Aug 6, 2015 3:07:10 AM hudson.node_monitors.ResponseTimeMonitor$1 monitor
WARNING: Making RS_build_test_sunsparc64_whitney offline because it’s not responding
Aug 6, 2015 3:07:10 AM hudson.node_monitors.ResponseTimeMonitor$1 monitor
WARNING: Making RS_build_test_hpia64_repqahpia1 offline because it’s not responding
Aug 6, 2015 3:07:10 AM hudson.node_monitors.ResponseTimeMonitor$1 monitor
WARNING: Making RS_build_test_hpia64_repqahpia5 offline because it’s not responding
Aug 6, 2015 3:07:10 AM hudson.node_monitors.ResponseTimeMonitor$1 monitor
WARNING: Making RS_build_sunx64_asekernal6 offline because it’s not responding
Aug 6, 2015 3:07:10 AM hudson.node_monitors.ResponseTimeMonitor$1 monitor
WARNING: Making Installer_ibmplinux64_elevon offline because it’s not responding
Aug 6, 2015 3:17:00 AM jenkins.diagnostics.ooom.Problem$Inspector scan
WARNING: Failed to inspect /remote/repeng10/.jenkins/jobs/RS_MATS-rscorona_huiji_vu-huiji/builds/2015-08-04_21-30-27: /remote/repeng10/.jenkins/jobs/RS_MATS-rscorona_huiji_vu-huiji/builds/2015-08-04_21-30-27/build.xml doesn't exist
Aug 6, 2015 3:17:00 AM jenkins.diagnostics.ooom.Problem$Inspector scan
WARNING: Failed to inspect /remote/repeng10/.jenkins/jobs/RS_MATS-rscorona_huiji_vu-huiji/builds/1: /remote/repeng10/.jenkins/jobs/RS_MATS-rscorona_huiji_vu-huiji/builds/1/build.xml doesn't exist
Aug 6, 2015 3:18:08 AM hudson.slaves.SlaveComputer tryReconnect
INFO: Attempting to reconnect RS_build_test_sunsparc64_whitney
Aug 6, 2015 3:25:01 AM hudson.model.AsyncPeriodicWork$1 run
INFO: Finished Out of order build detection. 2,516,263 ms
Aug 6, 2015 3:26:08 AM hudson.slaves.SlaveComputer tryReconnect
INFO: Attempting to reconnect Installer_ibmplinux64_elevon
Aug 6, 2015 3:26:08 AM hudson.slaves.SlaveComputer tryReconnect
INFO: Attempting to reconnect RS_build_sunx64_augusta
Aug 6, 2015 3:26:08 AM hudson.slaves.SlaveComputer tryReconnect
INFO: Attempting to reconnect RS_build_test_hpia64_repqahpia1
Aug 6, 2015 3:26:08 AM hudson.slaves.SlaveComputer tryReconnect
INFO: Attempting to reconnect RS_build_test_hpia64_repqahpia5
Aug 6, 2015 3:28:08 AM hudson.slaves.SlaveComputer tryReconnect
INFO: Attempting to reconnect RS_build_sunx64_asekernal6
Aug 6, 2015 3:41:08 AM hudson.slaves.SlaveComputer tryReconnect
INFO: Attempting to reconnect RS_build_test_sunsparc64_whitney
Aug 6, 2015 3:48:08 AM hudson.slaves.SlaveComputer tryReconnect
INFO: Attempting to reconnect Installer_ibmplinux64_elevon
Aug 6, 2015 3:48:08 AM hudson.slaves.SlaveComputer tryReconnect
INFO: Attempting to reconnect RS_build_sunx64_augusta
Aug 6, 2015 3:48:08 AM hudson.slaves.SlaveComputer tryReconnect
INFO: Attempting to reconnect RS_build_test_hpia64_repqahpia1
Aug 6, 2015 3:48:08 AM hudson.slaves.SlaveComputer tryReconnect
INFO: Attempting to reconnect RS_build_test_hpia64_repqahpia5
Aug 6, 2015 3:50:08 AM hudson.slaves.SlaveComputer tryReconnect
INFO: Attempting to reconnect RS_build_sunx64_asekernal6
Aug 6, 2015 4:03:08 AM hudson.slaves.SlaveComputer tryReconnect
INFO: Attempting to reconnect RS_build_test_sunsparc64_whitney
Aug 6, 2015 4:07:10 AM hudson.node_monitors.ResponseTimeMonitor$1 monitor
WARNING: Making RS_build_sunx64_augusta offline because it’s not responding
Aug 6, 2015 4:07:10 AM hudson.node_monitors.ResponseTimeMonitor$1 monitor
WARNING: Making RS_build_test_sunsparc64_whitney offline because it’s not responding
Aug 6, 2015 4:07:10 AM hudson.node_monitors.ResponseTimeMonitor$1 monitor
WARNING: Making RS_build_test_hpia64_repqahpia1 offline because it’s not responding
Aug 6, 2015 4:07:10 AM hudson.node_monitors.ResponseTimeMonitor$1 monitor
WARNING: Making RS_build_test_hpia64_repqahpia5 offline because it’s not responding
Aug 6, 2015 4:07:10 AM hudson.node_monitors.ResponseTimeMonitor$1 monitor
WARNING: Making RS_build_sunx64_asekernal6 offline because it’s not responding
Aug 6, 2015 4:07:10 AM hudson.node_monitors.ResponseTimeMonitor$1 monitor
WARNING: Making Installer_ibmplinux64_elevon offline because it’s not responding
Aug 6, 2015 4:11:08 AM hudson.slaves.SlaveComputer tryReconnect
INFO: Attempting to reconnect Installer_ibmplinux64_elevon
Aug 6, 2015 4:11:08 AM hudson.slaves.SlaveComputer tryReconnect
INFO: Attempting to reconnect RS_build_sunx64_augusta
Aug 6, 2015 4:11:08 AM hudson.slaves.SlaveComputer tryReconnect
INFO: Attempting to reconnect RS_build_test_hpia64_repqahpia1
Aug 6, 2015 4:11:08 AM hudson.slaves.SlaveComputer tryReconnect
INFO: Attempting to reconnect RS_build_test_hpia64_repqahpia5
Aug 6, 2015 4:12:08 AM hudson.slaves.SlaveComputer tryReconnect
INFO: Attempting to reconnect RS_build_sunx64_asekernal6
Aug 6, 2015 4:25:08 AM hudson.slaves.SlaveComputer tryReconnect
INFO: Attempting to reconnect RS_build_test_sunsparc64_whitney
Aug 6, 2015 4:32:08 AM hudson.slaves.SlaveComputer tryReconnect
INFO: Attempting to reconnect Installer_ibmplinux64_elevon
Aug 6, 2015 4:32:08 AM hudson.slaves.SlaveComputer tryReconnect
INFO: Attempting to reconnect RS_build_sunx64_augusta
Aug 6, 2015 4:32:08 AM hudson.slaves.SlaveComputer tryReconnect
INFO: Attempting to reconnect RS_build_test_hpia64_repqahpia1
Aug 6, 2015 4:32:08 AM hudson.slaves.SlaveComputer tryReconnect
INFO: Attempting to reconnect RS_build_test_hpia64_repqahpia5
Aug 6, 2015 4:34:08 AM hudson.slaves.SlaveComputer tryReconnect
INFO: Attempting to reconnect RS_build_sunx64_asekernal6
Aug 6, 2015 4:47:08 AM hudson.slaves.SlaveComputer tryReconnect
INFO: Attempting to reconnect RS_build_test_sunsparc64_whitney
Aug 6, 2015 4:55:08 AM hudson.slaves.SlaveComputer tryReconnect
INFO: Attempting to reconnect Installer_ibmplinux64_elevon
Aug 6, 2015 4:55:08 AM hudson.slaves.SlaveComputer tryReconnect
INFO: Attempting to reconnect RS_build_sunx64_augusta
Aug 6, 2015 4:55:08 AM hudson.slaves.SlaveComputer tryReconnect
INFO: Attempting to reconnect RS_build_test_hpia64_repqahpia1
Aug 6, 2015 4:55:08 AM hudson.slaves.SlaveComputer tryReconnect
INFO: Attempting to reconnect RS_build_test_hpia64_repqahpia5
Aug 6, 2015 4:57:08 AM hudson.slaves.SlaveComputer tryReconnect
INFO: Attempting to reconnect RS_build_sunx64_asekernal6
Aug 6, 2015 5:07:10 AM hudson.node_monitors.ResponseTimeMonitor$1 monitor
WARNING: Making RS_build_sunx64_augusta offline because it’s not responding
Aug 6, 2015 5:07:10 AM hudson.node_monitors.ResponseTimeMonitor$1 monitor
WARNING: Making RS_build_test_sunsparc64_whitney offline because it’s not responding
Aug 6, 2015 5:07:10 AM hudson.node_monitors.ResponseTimeMonitor$1 monitor
WARNING: Making RS_build_test_hpia64_repqahpia1 offline because it’s not responding
Aug 6, 2015 5:07:10 AM hudson.node_monitors.ResponseTimeMonitor$1 monitor
WARNING: Making RS_build_test_hpia64_repqahpia5 offline because it’s not responding
Aug 6, 2015 5:07:10 AM hudson.node_monitors.ResponseTimeMonitor$1 monitor
WARNING: Making RS_build_sunx64_asekernal6 offline because it’s not responding
Aug 6, 2015 5:07:10 AM hudson.node_monitors.ResponseTimeMonitor$1 monitor
WARNING: Making Installer_ibmplinux64_elevon offline because it’s not responding
Aug 6, 2015 5:09:01 AM hudson.model.Run execute
INFO: 3_Sub_Nightly_QA_Test_RS_STANDBY #65 main build action completed: SUCCESS
Aug 6, 2015 5:09:22 AM hudson.model.Run execute
INFO: 3_Sub_Nightly_Publish_QA_Test_Report #120 main build action completed: SUCCESS
Aug 6, 2015 5:09:26 AM hudson.model.Run execute
INFO: 3_Nightly_Trigger_QA_Barrier_Test_Linuxamd64_Update #108 main build action completed: SUCCESS
Aug 6, 2015 5:10:08 AM hudson.slaves.SlaveComputer tryReconnect
INFO: Attempting to reconnect RS_build_test_sunsparc64_whitney
Aug 6, 2015 5:18:08 AM hudson.slaves.SlaveComputer tryReconnect
INFO: Attempting to reconnect Installer_ibmplinux64_elevon
Aug 6, 2015 5:18:08 AM hudson.slaves.SlaveComputer tryReconnect
INFO: Attempting to reconnect RS_build_sunx64_augusta
Aug 6, 2015 5:18:08 AM hudson.slaves.SlaveComputer tryReconnect
INFO: Attempting to reconnect RS_build_test_hpia64_repqahpia1
Aug 6, 2015 5:18:08 AM hudson.slaves.SlaveComputer tryReconnect
INFO: Attempting to reconnect RS_build_test_hpia64_repqahpia5
Aug 6, 2015 5:20:08 AM hudson.slaves.SlaveComputer tryReconnect
INFO: Attempting to reconnect RS_build_sunx64_asekernal6
Aug 6, 2015 5:34:08 AM hudson.slaves.SlaveComputer tryReconnect
INFO: Attempting to reconnect RS_build_test_sunsparc64_whitney
Aug 6, 2015 5:37:13 AM hudson.model.Run execute
INFO: 3_Sub_Nightly_QA_auto_install #113 main build action completed: SUCCESS
Aug 6, 2015 5:38:31 AM hudson.model.Run execute
INFO: 3_Sub_Nightly_QA_Test_SYNCREP_CI #26 main build action completed: SUCCESS
Aug 6, 2015 5:39:53 AM hudson.model.Run execute
INFO: 3_Sub_Nightly_QA_Test_RS_MATS_1 #70 main build action completed: SUCCESS
Aug 6, 2015 5:41:08 AM hudson.slaves.SlaveComputer tryReconnect
INFO: Attempting to reconnect Installer_ibmplinux64_elevon
Aug 6, 2015 5:41:08 AM hudson.slaves.SlaveComputer tryReconnect
INFO: Attempting to reconnect RS_build_sunx64_augusta
Aug 6, 2015 5:41:08 AM hudson.slaves.SlaveComputer tryReconnect
INFO: Attempting to reconnect RS_build_test_hpia64_repqahpia1
Aug 6, 2015 5:41:08 AM hudson.slaves.SlaveComputer tryReconnect
INFO: Attempting to reconnect RS_build_test_hpia64_repqahpia5
Aug 6, 2015 5:41:22 AM hudson.model.Run execute
INFO: 3_Sub_Nightly_QA_Test_RS_MATS_4 #65 main build action completed: SUCCESS
Aug 6, 2015 5:43:08 AM hudson.slaves.SlaveComputer tryReconnect
INFO: Attempting to reconnect RS_build_sunx64_asekernal6
Aug 6, 2015 5:55:08 AM hudson.slaves.SlaveComputer tryReconnect
INFO: Attempting to reconnect RS_build_test_sunsparc64_whitney
Aug 6, 2015 6:02:08 AM hudson.slaves.SlaveComputer tryReconnect
INFO: Attempting to reconnect Installer_ibmplinux64_elevon
Aug 6, 2015 6:02:08 AM hudson.slaves.SlaveComputer tryReconnect
INFO: Attempting to reconnect RS_build_sunx64_augusta
Aug 6, 2015 6:02:08 AM hudson.slaves.SlaveComputer tryReconnect
INFO: Attempting to reconnect RS_build_test_hpia64_repqahpia1
Aug 6, 2015 6:02:08 AM hudson.slaves.SlaveComputer tryReconnect
INFO: Attempting to reconnect RS_build_test_hpia64_repqahpia5
Aug 6, 2015 6:04:08 AM hudson.slaves.SlaveComputer tryReconnect
INFO: Attempting to reconnect RS_build_sunx64_asekernal6
Aug 6, 2015 6:07:10 AM hudson.node_monitors.ResponseTimeMonitor$1 monitor
WARNING: Making RS_build_sunx64_augusta offline because it’s not responding
Aug 6, 2015 6:07:10 AM hudson.node_monitors.ResponseTimeMonitor$1 monitor
WARNING: Making RS_build_test_sunsparc64_whitney offline because it’s not responding
Aug 6, 2015 6:07:10 AM hudson.node_monitors.ResponseTimeMonitor$1 monitor
WARNING: Making RS_build_test_hpia64_repqahpia1 offline because it’s not responding
Aug 6, 2015 6:07:10 AM hudson.node_monitors.ResponseTimeMonitor$1 monitor
WARNING: Making RS_build_test_hpia64_repqahpia5 offline because it’s not responding
Aug 6, 2015 6:07:10 AM hudson.node_monitors.ResponseTimeMonitor$1 monitor
WARNING: Making RS_build_sunx64_asekernal6 offline because it’s not responding
Aug 6, 2015 6:07:10 AM hudson.node_monitors.ResponseTimeMonitor$1 monitor
WARNING: Making Installer_ibmplinux64_elevon offline because it’s not responding
Aug 6, 2015 6:18:08 AM hudson.slaves.SlaveComputer tryReconnect
INFO: Attempting to reconnect RS_build_test_sunsparc64_whitney
Aug 6, 2015 6:26:08 AM hudson.slaves.SlaveComputer tryReconnect
INFO: Attempting to reconnect Installer_ibmplinux64_elevon
Aug 6, 2015 6:26:08 AM hudson.slaves.SlaveComputer tryReconnect
INFO: Attempting to reconnect RS_build_sunx64_augusta
Aug 6, 2015 6:26:08 AM hudson.slaves.SlaveComputer tryReconnect
INFO: Attempting to reconnect RS_build_test_hpia64_repqahpia1
Aug 6, 2015 6:26:08 AM hudson.slaves.SlaveComputer tryReconnect
INFO: Attempting to reconnect RS_build_test_hpia64_repqahpia5
Aug 6, 2015 6:28:08 AM hudson.slaves.SlaveComputer tryReconnect
INFO: Attempting to reconnect RS_build_sunx64_asekernal6
Aug 6, 2015 6:42:08 AM hudson.slaves.SlaveComputer tryReconnect
INFO: Attempting to reconnect RS_build_test_sunsparc64_whitney
Aug 6, 2015 6:49:08 AM hudson.slaves.SlaveComputer tryReconnect
INFO: Attempting to reconnect Installer_ibmplinux64_elevon
Aug 6, 2015 6:49:08 AM hudson.slaves.SlaveComputer tryReconnect
INFO: Attempting to reconnect RS_build_sunx64_augusta
Aug 6, 2015 6:49:08 AM hudson.slaves.SlaveComputer tryReconnect
INFO: Attempting to reconnect RS_build_test_hpia64_repqahpia1
Aug 6, 2015 6:49:08 AM hudson.slaves.SlaveComputer tryReconnect
INFO: Attempting to reconnect RS_build_test_hpia64_repqahpia5
Aug 6, 2015 6:51:08 AM hudson.slaves.SlaveComputer tryReconnect
INFO: Attempting to reconnect RS_build_sunx64_asekernal6
Aug 6, 2015 7:04:08 AM hudson.slaves.SlaveComputer tryReconnect
INFO: Attempting to reconnect RS_build_test_sunsparc64_whitney
Aug 6, 2015 7:07:10 AM hudson.node_monitors.ResponseTimeMonitor$1 monitor
WARNING: Making RS_build_sunx64_augusta offline because it’s not responding
Aug 6, 2015 7:07:10 AM hudson.node_monitors.ResponseTimeMonitor$1 monitor
WARNING: Making RS_build_test_sunsparc64_whitney offline because it’s not responding
Aug 6, 2015 7:07:10 AM hudson.node_monitors.ResponseTimeMonitor$1 monitor
WARNING: Making RS_build_test_hpia64_repqahpia1 offline because it’s not responding
Aug 6, 2015 7:07:10 AM hudson.node_monitors.ResponseTimeMonitor$1 monitor
WARNING: Making RS_build_test_hpia64_repqahpia5 offline because it’s not responding
Aug 6, 2015 7:07:10 AM hudson.node_monitors.ResponseTimeMonitor$1 monitor
WARNING: Making RS_build_sunx64_asekernal6 offline because it’s not responding
Aug 6, 2015 7:07:10 AM hudson.node_monitors.ResponseTimeMonitor$1 monitor
WARNING: Making Installer_ibmplinux64_elevon offline because it’s not responding
Aug 6, 2015 7:12:08 AM hudson.slaves.SlaveComputer tryReconnect
INFO: Attempting to reconnect Installer_ibmplinux64_elevon
Aug 6, 2015 7:12:08 AM hudson.slaves.SlaveComputer tryReconnect
INFO: Attempting to reconnect RS_build_sunx64_augusta
Aug 6, 2015 7:12:08 AM hudson.slaves.SlaveComputer tryReconnect
INFO: Attempting to reconnect RS_build_test_hpia64_repqahpia1
Aug 6, 2015 7:12:08 AM hudson.slaves.SlaveComputer tryReconnect
INFO: Attempting to reconnect RS_build_test_hpia64_repqahpia5
Aug 6, 2015 7:14:08 AM hudson.slaves.SlaveComputer tryReconnect
INFO: Attempting to reconnect RS_build_sunx64_asekernal6
Aug 6, 2015 7:28:08 AM hudson.slaves.SlaveComputer tryReconnect
INFO: Attempting to reconnect RS_build_test_sunsparc64_whitney
Aug 6, 2015 7:36:08 AM hudson.slaves.SlaveComputer tryReconnect
INFO: Attempting to reconnect Installer_ibmplinux64_elevon
Aug 6, 2015 7:36:08 AM hudson.slaves.SlaveComputer tryReconnect
INFO: Attempting to reconnect RS_build_sunx64_augusta
Aug 6, 2015 7:36:08 AM hudson.slaves.SlaveComputer tryReconnect
INFO: Attempting to reconnect RS_build_test_hpia64_repqahpia1
Aug 6, 2015 7:36:08 AM hudson.slaves.SlaveComputer tryReconnect
INFO: Attempting to reconnect RS_build_test_hpia64_repqahpia5
Aug 6, 2015 7:38:08 AM hudson.slaves.SlaveComputer tryReconnect
INFO: Attempting to reconnect RS_build_sunx64_asekernal6
Aug 6, 2015 7:52:08 AM hudson.slaves.SlaveComputer tryReconnect
INFO: Attempting to reconnect RS_build_test_sunsparc64_whitney
Aug 6, 2015 7:54:51 AM hudson.model.Run execute
INFO: 3_Sub_Nightly_QA_Test_RS_MATS_RS3_4 #65 main build action completed: SUCCESS
Aug 6, 2015 7:58:08 AM hudson.slaves.SlaveComputer tryReconnect
INFO: Attempting to reconnect Installer_ibmplinux64_elevon
Aug 6, 2015 7:58:08 AM hudson.slaves.SlaveComputer tryReconnect
INFO: Attempting to reconnect RS_build_sunx64_augusta
Aug 6, 2015 7:58:08 AM hudson.slaves.SlaveComputer tryReconnect
INFO: Attempting to reconnect RS_build_test_hpia64_repqahpia1
Aug 6, 2015 7:58:08 AM hudson.slaves.SlaveComputer tryReconnect
INFO: Attempting to reconnect RS_build_test_hpia64_repqahpia5
Aug 6, 2015 8:00:08 AM hudson.slaves.SlaveComputer tryReconnect
INFO: Attempting to reconnect RS_build_sunx64_asekernal6
Aug 6, 2015 8:07:10 AM hudson.node_monitors.ResponseTimeMonitor$1 monitor
WARNING: Making RS_build_sunx64_augusta offline because it’s not responding
Aug 6, 2015 8:07:10 AM hudson.node_monitors.ResponseTimeMonitor$1 monitor
WARNING: Making RS_build_test_sunsparc64_whitney offline because it’s not responding
Aug 6, 2015 8:07:10 AM hudson.node_monitors.ResponseTimeMonitor$1 monitor
WARNING: Making RS_build_test_hpia64_repqahpia1 offline because it’s not responding
Aug 6, 2015 8:07:10 AM hudson.node_monitors.ResponseTimeMonitor$1 monitor
WARNING: Making RS_build_test_hpia64_repqahpia5 offline because it’s not responding
Aug 6, 2015 8:07:10 AM hudson.node_monitors.ResponseTimeMonitor$1 monitor
WARNING: Making RS_build_sunx64_asekernal6 offline because it’s not responding
Aug 6, 2015 8:07:10 AM hudson.node_monitors.ResponseTimeMonitor$1 monitor
WARNING: Making Installer_ibmplinux64_elevon offline because it’s not responding
Aug 6, 2015 8:13:08 AM hudson.slaves.SlaveComputer tryReconnect
INFO: Attempting to reconnect RS_build_test_sunsparc64_whitney
Aug 6, 2015 8:14:23 AM hudson.model.Run execute
INFO: 3_Sub_Nightly_QA_Test_RS_NORMAL_SHORT_1 #66 main build action completed: SUCCESS
Aug 6, 2015 8:20:08 AM hudson.slaves.SlaveComputer tryReconnect
INFO: Attempting to reconnect Installer_ibmplinux64_elevon
Aug 6, 2015 8:20:08 AM hudson.slaves.SlaveComputer tryReconnect
INFO: Attempting to reconnect RS_build_sunx64_augusta
Aug 6, 2015 8:20:08 AM hudson.slaves.SlaveComputer tryReconnect
INFO: Attempting to reconnect RS_build_test_hpia64_repqahpia1
Aug 6, 2015 8:20:08 AM hudson.slaves.SlaveComputer tryReconnect
INFO: Attempting to reconnect RS_build_test_hpia64_repqahpia5
Aug 6, 2015 8:22:08 AM hudson.slaves.SlaveComputer tryReconnect
INFO: Attempting to reconnect RS_build_sunx64_asekernal6
Aug 6, 2015 8:35:08 AM hudson.slaves.SlaveComputer tryReconnect
INFO: Attempting to reconnect RS_build_test_sunsparc64_whitney
Aug 6, 2015 8:42:08 AM hudson.slaves.SlaveComputer tryReconnect
INFO: Attempting to reconnect Installer_ibmplinux64_elevon
Aug 6, 2015 8:42:09 AM hudson.slaves.SlaveComputer tryReconnect
INFO: Attempting to reconnect RS_build_sunx64_augusta
Aug 6, 2015 8:42:09 AM hudson.slaves.SlaveComputer tryReconnect
INFO: Attempting to reconnect RS_build_test_hpia64_repqahpia1
Aug 6, 2015 8:42:09 AM hudson.slaves.SlaveComputer tryReconnect
INFO: Attempting to reconnect RS_build_test_hpia64_repqahpia5
Aug 6, 2015 8:43:08 AM hudson.slaves.SlaveComputer tryReconnect
INFO: Attempting to reconnect RS_build_sunx64_asekernal6
Aug 6, 2015 8:55:08 AM hudson.slaves.SlaveComputer tryReconnect
INFO: Attempting to reconnect RS_build_test_sunsparc64_whitney
Aug 6, 2015 9:01:50 AM hudson.model.AsyncPeriodicWork$1 run
INFO: Started Fingerprint cleanup
Aug 6, 2015 9:01:50 AM hudson.model.AsyncPeriodicWork$1 run
INFO: Finished Fingerprint cleanup. 41 ms
Aug 6, 2015 9:02:08 AM hudson.slaves.SlaveComputer tryReconnect
INFO: Attempting to reconnect Installer_ibmplinux64_elevon
Aug 6, 2015 9:02:08 AM hudson.slaves.SlaveComputer tryReconnect
INFO: Attempting to reconnect RS_build_sunx64_augusta
Aug 6, 2015 9:02:08 AM hudson.slaves.SlaveComputer tryReconnect
INFO: Attempting to reconnect RS_build_test_hpia64_repqahpia1
Aug 6, 2015 9:02:08 AM hudson.slaves.SlaveComputer tryReconnect
INFO: Attempting to reconnect RS_build_test_hpia64_repqahpia5
Aug 6, 2015 9:04:08 AM hudson.slaves.SlaveComputer tryReconnect
INFO: Attempting to reconnect RS_build_sunx64_asekernal6
Aug 6, 2015 9:07:10 AM hudson.node_monitors.ResponseTimeMonitor$1 monitor
WARNING: Making RS_build_sunx64_augusta offline because it’s not responding
Aug 6, 2015 9:07:10 AM hudson.node_monitors.ResponseTimeMonitor$1 monitor
WARNING: Making RS_build_test_sunsparc64_whitney offline because it’s not responding
Aug 6, 2015 9:07:10 AM hudson.node_monitors.ResponseTimeMonitor$1 monitor
WARNING: Making RS_build_test_hpia64_repqahpia1 offline because it’s not responding
Aug 6, 2015 9:07:10 AM hudson.node_monitors.ResponseTimeMonitor$1 monitor
WARNING: Making RS_build_test_hpia64_repqahpia5 offline because it’s not responding
Aug 6, 2015 9:07:10 AM hudson.node_monitors.ResponseTimeMonitor$1 monitor
WARNING: Making RS_build_sunx64_asekernal6 offline because it’s not responding
Aug 6, 2015 9:07:10 AM hudson.node_monitors.ResponseTimeMonitor$1 monitor
WARNING: Making Installer_ibmplinux64_elevon offline because it’s not responding
Aug 6, 2015 9:17:08 AM hudson.slaves.SlaveComputer tryReconnect
INFO: Attempting to reconnect RS_build_test_sunsparc64_whitney
Aug 6, 2015 9:24:08 AM hudson.slaves.SlaveComputer tryReconnect
INFO: Attempting to reconnect Installer_ibmplinux64_elevon
Aug 6, 2015 9:24:08 AM hudson.slaves.SlaveComputer tryReconnect
INFO: Attempting to reconnect RS_build_sunx64_augusta
Aug 6, 2015 9:24:08 AM hudson.slaves.SlaveComputer tryReconnect
INFO: Attempting to reconnect RS_build_test_hpia64_repqahpia1
Aug 6, 2015 9:24:08 AM hudson.slaves.SlaveComputer tryReconnect
INFO: Attempting to reconnect RS_build_test_hpia64_repqahpia5
Aug 6, 2015 9:24:38 AM hudson.model.Run execute
INFO: 3_Sub_Nightly_QA_Test_RS_NORMAL_SHORT_4 #66 main build action completed: SUCCESS
Aug 6, 2015 9:24:40 AM hudson.model.Run execute
INFO: 3_Sub_Nightly_QA_Test_RS_MATS_RS3_1 #65 main build action completed: SUCCESS
Aug 6, 2015 9:26:08 AM hudson.slaves.SlaveComputer tryReconnect
INFO: Attempting to reconnect RS_build_sunx64_asekernal6
Aug 6, 2015 9:39:08 AM hudson.slaves.SlaveComputer tryReconnect
INFO: Attempting to reconnect RS_build_test_sunsparc64_whitney
Aug 6, 2015 9:47:08 AM hudson.slaves.SlaveComputer tryReconnect
INFO: Attempting to reconnect Installer_ibmplinux64_elevon
Aug 6, 2015 9:47:08 AM hudson.slaves.SlaveComputer tryReconnect
INFO: Attempting to reconnect RS_build_sunx64_augusta
Aug 6, 2015 9:47:08 AM hudson.slaves.SlaveComputer tryReconnect
INFO: Attempting to reconnect RS_build_test_hpia64_repqahpia1
Aug 6, 2015 9:47:08 AM hudson.slaves.SlaveComputer tryReconnect
INFO: Attempting to reconnect RS_build_test_hpia64_repqahpia5
Aug 6, 2015 9:48:08 AM hudson.slaves.SlaveComputer tryReconnect
INFO: Attempting to reconnect RS_build_sunx64_asekernal6
Aug 6, 2015 10:01:08 AM hudson.slaves.SlaveComputer tryReconnect
INFO: Attempting to reconnect RS_build_test_sunsparc64_whitney
Aug 6, 2015 10:07:12 AM hudson.node_monitors.ResponseTimeMonitor$1 monitor
WARNING: Making RS_build_sunx64_augusta offline because it’s not responding
Aug 6, 2015 10:07:12 AM hudson.node_monitors.ResponseTimeMonitor$1 monitor
WARNING: Making RS_build_test_sunsparc64_whitney offline because it’s not responding
Aug 6, 2015 10:07:12 AM hudson.node_monitors.ResponseTimeMonitor$1 monitor
WARNING: Making RS_build_test_hpia64_repqahpia1 offline because it’s not responding
Aug 6, 2015 10:07:12 AM hudson.node_monitors.ResponseTimeMonitor$1 monitor
WARNING: Making RS_build_test_hpia64_repqahpia5 offline because it’s not responding
Aug 6, 2015 10:07:12 AM hudson.node_monitors.ResponseTimeMonitor$1 monitor
WARNING: Making RS_build_sunx64_asekernal6 offline because it’s not responding
Aug 6, 2015 10:07:12 AM hudson.node_monitors.ResponseTimeMonitor$1 monitor
WARNING: Making Installer_ibmplinux64_elevon offline because it’s not responding
Aug 6, 2015 10:09:08 AM hudson.slaves.SlaveComputer tryReconnect
INFO: Attempting to reconnect Installer_ibmplinux64_elevon
Aug 6, 2015 10:09:08 AM hudson.slaves.SlaveComputer tryReconnect
INFO: Attempting to reconnect RS_build_sunx64_augusta
Aug 6, 2015 10:09:08 AM hudson.slaves.SlaveComputer tryReconnect
INFO: Attempting to reconnect RS_build_test_hpia64_repqahpia1
Aug 6, 2015 10:09:08 AM hudson.slaves.SlaveComputer tryReconnect
INFO: Attempting to reconnect RS_build_test_hpia64_repqahpia5
Aug 6, 2015 10:11:08 AM hudson.slaves.SlaveComputer tryReconnect
INFO: Attempting to reconnect RS_build_sunx64_asekernal6
Aug 6, 2015 10:16:48 AM hudson.model.Run execute
INFO: 3_Sub_Nightly_QA_Test_RS_STANDBY_SHORT #67 main build action completed: SUCCESS
Aug 6, 2015 10:24:08 AM hudson.slaves.SlaveComputer tryReconnect
INFO: Attempting to reconnect RS_build_test_sunsparc64_whitney
Aug 6, 2015 10:31:08 AM hudson.slaves.SlaveComputer tryReconnect
INFO: Attempting to reconnect Installer_ibmplinux64_elevon
Aug 6, 2015 10:31:08 AM hudson.slaves.SlaveComputer tryReconnect
INFO: Attempting to reconnect RS_build_sunx64_augusta
Aug 6, 2015 10:31:08 AM hudson.slaves.SlaveComputer tryReconnect
INFO: Attempting to reconnect RS_build_test_hpia64_repqahpia1
Aug 6, 2015 10:31:08 AM hudson.slaves.SlaveComputer tryReconnect
INFO: Attempting to reconnect RS_build_test_hpia64_repqahpia5
Aug 6, 2015 10:33:08 AM hudson.slaves.SlaveComputer tryReconnect
INFO: Attempting to reconnect RS_build_sunx64_asekernal6
Aug 6, 2015 10:46:08 AM hudson.slaves.SlaveComputer tryReconnect
INFO: Attempting to reconnect RS_build_test_sunsparc64_whitney
Aug 6, 2015 10:53:08 AM hudson.slaves.SlaveComputer tryReconnect
INFO: Attempting to reconnect Installer_ibmplinux64_elevon
Aug 6, 2015 10:53:08 AM hudson.slaves.SlaveComputer tryReconnect
INFO: Attempting to reconnect RS_build_sunx64_augusta
Aug 6, 2015 10:53:08 AM hudson.slaves.SlaveComputer tryReconnect
INFO: Attempting to reconnect RS_build_test_hpia64_repqahpia1
Aug 6, 2015 10:53:08 AM hudson.slaves.SlaveComputer tryReconnect
INFO: Attempting to reconnect RS_build_test_hpia64_repqahpia5
Aug 6, 2015 10:55:08 AM hudson.slaves.SlaveComputer tryReconnect
INFO: Attempting to reconnect RS_build_sunx64_asekernal6
Aug 6, 2015 11:06:35 AM hudson.slaves.ChannelPinger$1 onDead
INFO: Ping failed. Terminating the channel.
java.util.concurrent.TimeoutException: Ping started on 1438884155909 hasn't completed at 1438884395948
	at hudson.remoting.PingThread.ping(PingThread.java:125)
	at hudson.remoting.PingThread.run(PingThread.java:86)
Aug 6, 2015 11:07:08 AM hudson.slaves.SlaveComputer tryReconnect
INFO: Attempting to reconnect RS_build_test_sunsparc64_whitney
Aug 6, 2015 11:07:10 AM hudson.node_monitors.AbstractAsyncNodeMonitorDescriptor monitor
WARNING: Failed to monitor RS_build_sunx_pbisunx001 for Response Time
hudson.remoting.ChannelClosedException: channel is already closed
	at hudson.remoting.Channel.send(Channel.java:549)
	at hudson.remoting.Request.callAsync(Request.java:204)
	at hudson.remoting.Channel.callAsync(Channel.java:778)
	at hudson.node_monitors.AbstractAsyncNodeMonitorDescriptor.monitor(AbstractAsyncNodeMonitorDescriptor.java:76)
	at hudson.node_monitors.ResponseTimeMonitor$1.monitor(ResponseTimeMonitor.java:58)
	at hudson.node_monitors.AbstractNodeMonitorDescriptor$Record.run(AbstractNodeMonitorDescriptor.java:302)
Caused by: java.io.IOException
	at hudson.remoting.Channel.close(Channel.java:1105)
	at hudson.slaves.ChannelPinger$1.onDead(ChannelPinger.java:114)
	at hudson.remoting.PingThread.ping(PingThread.java:125)
	at hudson.remoting.PingThread.run(PingThread.java:86)
Caused by: java.util.concurrent.TimeoutException: Ping started on 1438884155909 hasn't completed at 1438884395948
	... 2 more
Aug 6, 2015 11:07:10 AM hudson.node_monitors.AbstractAsyncNodeMonitorDescriptor monitor
WARNING: Failed to monitor RS_build_sunx_pbisunx001 for Free Swap Space
hudson.remoting.ChannelClosedException: channel is already closed
	at hudson.remoting.Channel.send(Channel.java:549)
	at hudson.remoting.Request.callAsync(Request.java:204)
	at hudson.remoting.Channel.callAsync(Channel.java:778)
	at hudson.node_monitors.AbstractAsyncNodeMonitorDescriptor.monitor(AbstractAsyncNodeMonitorDescriptor.java:76)
	at hudson.node_monitors.AbstractNodeMonitorDescriptor$Record.run(AbstractNodeMonitorDescriptor.java:302)
Caused by: java.io.IOException
	at hudson.remoting.Channel.close(Channel.java:1105)
	at hudson.slaves.ChannelPinger$1.onDead(ChannelPinger.java:114)
	at hudson.remoting.PingThread.ping(PingThread.java:125)
	at hudson.remoting.PingThread.run(PingThread.java:86)
Caused by: java.util.concurrent.TimeoutException: Ping started on 1438884155909 hasn't completed at 1438884395948
	... 2 more
Aug 6, 2015 11:07:10 AM hudson.node_monitors.AbstractAsyncNodeMonitorDescriptor monitor
WARNING: Failed to monitor RS_build_sunx_pbisunx001 for Free Temp Space
hudson.remoting.ChannelClosedException: channel is already closed
	at hudson.remoting.Channel.send(Channel.java:549)
	at hudson.remoting.Request.callAsync(Request.java:204)
	at hudson.remoting.Channel.callAsync(Channel.java:778)
	at hudson.node_monitors.AbstractAsyncNodeMonitorDescriptor.monitor(AbstractAsyncNodeMonitorDescriptor.java:76)
	at hudson.node_monitors.AbstractNodeMonitorDescriptor$Record.run(AbstractNodeMonitorDescriptor.java:302)
Caused by: java.io.IOException
	at hudson.remoting.Channel.close(Channel.java:1105)
	at hudson.slaves.ChannelPinger$1.onDead(ChannelPinger.java:114)
	at hudson.remoting.PingThread.ping(PingThread.java:125)
	at hudson.remoting.PingThread.run(PingThread.java:86)
Caused by: java.util.concurrent.TimeoutException: Ping started on 1438884155909 hasn't completed at 1438884395948
	... 2 more
Aug 6, 2015 11:07:10 AM hudson.node_monitors.AbstractAsyncNodeMonitorDescriptor monitor
WARNING: Failed to monitor RS_build_sunx_pbisunx001 for Clock Difference
hudson.remoting.ChannelClosedException: channel is already closed
	at hudson.remoting.Channel.send(Channel.java:549)
	at hudson.remoting.Request.callAsync(Request.java:204)
	at hudson.remoting.Channel.callAsync(Channel.java:778)
	at hudson.node_monitors.AbstractAsyncNodeMonitorDescriptor.monitor(AbstractAsyncNodeMonitorDescriptor.java:76)
	at hudson.node_monitors.AbstractNodeMonitorDescriptor$Record.run(AbstractNodeMonitorDescriptor.java:302)
Caused by: java.io.IOException
	at hudson.remoting.Channel.close(Channel.java:1105)
	at hudson.slaves.ChannelPinger$1.onDead(ChannelPinger.java:114)
	at hudson.remoting.PingThread.ping(PingThread.java:125)
	at hudson.remoting.PingThread.run(PingThread.java:86)
Caused by: java.util.concurrent.TimeoutException: Ping started on 1438884155909 hasn't completed at 1438884395948
	... 2 more
Aug 6, 2015 11:07:10 AM hudson.node_monitors.AbstractAsyncNodeMonitorDescriptor monitor
WARNING: Failed to monitor RS_build_sunx_pbisunx001 for Free Disk Space
hudson.remoting.ChannelClosedException: channel is already closed
	at hudson.remoting.Channel.send(Channel.java:549)
	at hudson.remoting.Request.callAsync(Request.java:204)
	at hudson.remoting.Channel.callAsync(Channel.java:778)
	at hudson.node_monitors.AbstractAsyncNodeMonitorDescriptor.monitor(AbstractAsyncNodeMonitorDescriptor.java:76)
	at hudson.node_monitors.AbstractNodeMonitorDescriptor$Record.run(AbstractNodeMonitorDescriptor.java:302)
Caused by: java.io.IOException
	at hudson.remoting.Channel.close(Channel.java:1105)
	at hudson.slaves.ChannelPinger$1.onDead(ChannelPinger.java:114)
	at hudson.remoting.PingThread.ping(PingThread.java:125)
	at hudson.remoting.PingThread.run(PingThread.java:86)
Caused by: java.util.concurrent.TimeoutException: Ping started on 1438884155909 hasn't completed at 1438884395948
	... 2 more
Aug 6, 2015 11:07:10 AM hudson.node_monitors.ResponseTimeMonitor$1 monitor
WARNING: Making RS_build_sunx64_augusta offline because it’s not responding
Aug 6, 2015 11:07:10 AM hudson.node_monitors.ResponseTimeMonitor$1 monitor
WARNING: Making RS_build_test_sunsparc64_whitney offline because it’s not responding
Aug 6, 2015 11:07:10 AM hudson.node_monitors.ResponseTimeMonitor$1 monitor
WARNING: Making RS_build_test_hpia64_repqahpia1 offline because it’s not responding
Aug 6, 2015 11:07:10 AM hudson.node_monitors.ResponseTimeMonitor$1 monitor
WARNING: Making RS_build_test_hpia64_repqahpia5 offline because it’s not responding
Aug 6, 2015 11:07:10 AM hudson.node_monitors.ResponseTimeMonitor$1 monitor
WARNING: Making RS_build_sunx64_asekernal6 offline because it’s not responding
Aug 6, 2015 11:07:10 AM hudson.node_monitors.ResponseTimeMonitor$1 monitor
WARNING: Making Installer_ibmplinux64_elevon offline because it’s not responding
Aug 6, 2015 11:07:10 AM hudson.node_monitors.AbstractAsyncNodeMonitorDescriptor monitor
WARNING: Failed to monitor RS_build_sunx_pbisunx001 for Architecture
hudson.remoting.ChannelClosedException: channel is already closed
	at hudson.remoting.Channel.send(Channel.java:549)
	at hudson.remoting.Request.callAsync(Request.java:204)
	at hudson.remoting.Channel.callAsync(Channel.java:778)
	at hudson.node_monitors.AbstractAsyncNodeMonitorDescriptor.monitor(AbstractAsyncNodeMonitorDescriptor.java:76)
	at hudson.node_monitors.AbstractNodeMonitorDescriptor$Record.run(AbstractNodeMonitorDescriptor.java:302)
Caused by: java.io.IOException
	at hudson.remoting.Channel.close(Channel.java:1105)
	at hudson.slaves.ChannelPinger$1.onDead(ChannelPinger.java:114)
	at hudson.remoting.PingThread.ping(PingThread.java:125)
	at hudson.remoting.PingThread.run(PingThread.java:86)
Caused by: java.util.concurrent.TimeoutException: Ping started on 1438884155909 hasn't completed at 1438884395948
	... 2 more
Aug 6, 2015 11:15:08 AM hudson.slaves.SlaveComputer tryReconnect
INFO: Attempting to reconnect Installer_ibmplinux64_elevon
Aug 6, 2015 11:15:08 AM hudson.slaves.SlaveComputer tryReconnect
INFO: Attempting to reconnect RS_build_sunx64_augusta
Aug 6, 2015 11:15:08 AM hudson.slaves.SlaveComputer tryReconnect
INFO: Attempting to reconnect RS_build_test_hpia64_repqahpia1
Aug 6, 2015 11:15:08 AM hudson.slaves.SlaveComputer tryReconnect
INFO: Attempting to reconnect RS_build_test_hpia64_repqahpia5
Aug 6, 2015 11:17:08 AM hudson.slaves.SlaveComputer tryReconnect
INFO: Attempting to reconnect RS_build_sunx64_asekernal6
Aug 6, 2015 11:18:02 AM hudson.remoting.SynchronousCommandTransport$ReaderThread run
SEVERE: I/O error in channel RS_build_sunx_pbisunx001
java.io.IOException: Unexpected termination of the channel
	at hudson.remoting.SynchronousCommandTransport$ReaderThread.run(SynchronousCommandTransport.java:50)
Caused by: java.io.EOFException
	at java.io.ObjectInputStream$PeekInputStream.readFully(ObjectInputStream.java:2297)
	at java.io.ObjectInputStream$BlockDataInputStream.readShort(ObjectInputStream.java:2766)
	at java.io.ObjectInputStream.readStreamHeader(ObjectInputStream.java:797)
	at java.io.ObjectInputStream.<init>(ObjectInputStream.java:297)
	at hudson.remoting.ObjectInputStreamEx.<init>(ObjectInputStreamEx.java:40)
	at hudson.remoting.AbstractSynchronousByteArrayCommandTransport.read(AbstractSynchronousByteArrayCommandTransport.java:34)
	at hudson.remoting.SynchronousCommandTransport$ReaderThread.run(SynchronousCommandTransport.java:48)
Aug 6, 2015 11:18:08 AM hudson.slaves.SlaveComputer tryReconnect
INFO: Attempting to reconnect RS_build_sunx_pbisunx001
Aug 6, 2015 11:18:24 AM hudson.node_monitors.ResponseTimeMonitor$1 monitor
WARNING: Making RS_build_sunx64_augusta offline because it’s not responding
Aug 6, 2015 11:18:24 AM hudson.node_monitors.ResponseTimeMonitor$1 monitor
WARNING: Making RS_build_test_sunsparc64_whitney offline because it’s not responding
Aug 6, 2015 11:18:24 AM hudson.node_monitors.ResponseTimeMonitor$1 monitor
WARNING: Making RS_build_test_hpia64_repqahpia1 offline because it’s not responding
Aug 6, 2015 11:18:24 AM hudson.node_monitors.ResponseTimeMonitor$1 monitor
WARNING: Making RS_build_test_hpia64_repqahpia5 offline because it’s not responding
Aug 6, 2015 11:18:24 AM hudson.node_monitors.ResponseTimeMonitor$1 monitor
WARNING: Making RS_build_sunx64_asekernal6 offline because it’s not responding
Aug 6, 2015 11:18:24 AM hudson.node_monitors.ResponseTimeMonitor$1 monitor
WARNING: Making Installer_ibmplinux64_elevon offline because it’s not responding
Aug 6, 2015 11:29:08 AM hudson.slaves.SlaveComputer tryReconnect
INFO: Attempting to reconnect RS_build_test_sunsparc64_whitney
Aug 6, 2015 11:37:08 AM hudson.slaves.SlaveComputer tryReconnect
INFO: Attempting to reconnect Installer_ibmplinux64_elevon
Aug 6, 2015 11:37:08 AM hudson.slaves.SlaveComputer tryReconnect
INFO: Attempting to reconnect RS_build_sunx64_augusta
Aug 6, 2015 11:37:08 AM hudson.slaves.SlaveComputer tryReconnect
INFO: Attempting to reconnect RS_build_test_hpia64_repqahpia1
Aug 6, 2015 11:37:08 AM hudson.slaves.SlaveComputer tryReconnect
INFO: Attempting to reconnect RS_build_test_hpia64_repqahpia5
Aug 6, 2015 11:39:08 AM hudson.slaves.SlaveComputer tryReconnect
INFO: Attempting to reconnect RS_build_sunx64_asekernal6
Aug 6, 2015 11:52:08 AM hudson.slaves.SlaveComputer tryReconnect
INFO: Attempting to reconnect RS_build_test_sunsparc64_whitney
Aug 6, 2015 11:59:08 AM hudson.slaves.SlaveComputer tryReconnect
INFO: Attempting to reconnect Installer_ibmplinux64_elevon
Aug 6, 2015 11:59:08 AM hudson.slaves.SlaveComputer tryReconnect
INFO: Attempting to reconnect RS_build_sunx64_augusta
Aug 6, 2015 11:59:08 AM hudson.slaves.SlaveComputer tryReconnect
INFO: Attempting to reconnect RS_build_test_hpia64_repqahpia1
Aug 6, 2015 11:59:08 AM hudson.slaves.SlaveComputer tryReconnect
INFO: Attempting to reconnect RS_build_test_hpia64_repqahpia5
Aug 6, 2015 11:59:14 AM hudson.remoting.SynchronousCommandTransport$ReaderThread run
SEVERE: I/O error in channel Installer_ibmplinux64_elevon
java.io.IOException: Unexpected termination of the channel
	at hudson.remoting.SynchronousCommandTransport$ReaderThread.run(SynchronousCommandTransport.java:50)
Caused by: java.io.EOFException
	at java.io.ObjectInputStream$PeekInputStream.readFully(ObjectInputStream.java:2297)
	at java.io.ObjectInputStream$BlockDataInputStream.readShort(ObjectInputStream.java:2766)
	at java.io.ObjectInputStream.readStreamHeader(ObjectInputStream.java:797)
	at java.io.ObjectInputStream.<init>(ObjectInputStream.java:297)
	at hudson.remoting.ObjectInputStreamEx.<init>(ObjectInputStreamEx.java:40)
	at hudson.remoting.AbstractSynchronousByteArrayCommandTransport.read(AbstractSynchronousByteArrayCommandTransport.java:34)
	at hudson.remoting.SynchronousCommandTransport$ReaderThread.run(SynchronousCommandTransport.java:48)
Aug 6, 2015 12:01:08 PM hudson.slaves.SlaveComputer tryReconnect
INFO: Attempting to reconnect RS_build_sunx64_asekernal6
Aug 6, 2015 12:07:10 PM hudson.node_monitors.ResponseTimeMonitor$1 monitor
WARNING: Making RS_build_sunx64_augusta offline because it’s not responding
Aug 6, 2015 12:07:10 PM hudson.node_monitors.ResponseTimeMonitor$1 monitor
WARNING: Making RS_build_test_sunsparc64_whitney offline because it’s not responding
Aug 6, 2015 12:07:10 PM hudson.node_monitors.ResponseTimeMonitor$1 monitor
WARNING: Making RS_build_test_hpia64_repqahpia1 offline because it’s not responding
Aug 6, 2015 12:07:10 PM hudson.node_monitors.ResponseTimeMonitor$1 monitor
WARNING: Making RS_build_test_hpia64_repqahpia5 offline because it’s not responding
Aug 6, 2015 12:07:10 PM hudson.node_monitors.ResponseTimeMonitor$1 monitor
WARNING: Making RS_build_sunx64_asekernal6 offline because it’s not responding
Aug 6, 2015 12:07:10 PM hudson.node_monitors.ResponseTimeMonitor$1 monitor
WARNING: Making Installer_ibmplinux64_elevon offline because it’s not responding
Aug 6, 2015 12:14:08 PM hudson.slaves.SlaveComputer tryReconnect
INFO: Attempting to reconnect RS_build_test_sunsparc64_whitney
Aug 6, 2015 12:22:08 PM hudson.slaves.SlaveComputer tryReconnect
INFO: Attempting to reconnect Installer_ibmplinux64_elevon
Aug 6, 2015 12:22:08 PM hudson.slaves.SlaveComputer tryReconnect
INFO: Attempting to reconnect RS_build_sunx64_augusta
Aug 6, 2015 12:22:08 PM hudson.slaves.SlaveComputer tryReconnect
INFO: Attempting to reconnect RS_build_test_hpia64_repqahpia1
Aug 6, 2015 12:22:08 PM hudson.slaves.SlaveComputer tryReconnect
INFO: Attempting to reconnect RS_build_test_hpia64_repqahpia5
Aug 6, 2015 12:24:08 PM hudson.slaves.SlaveComputer tryReconnect
INFO: Attempting to reconnect RS_build_sunx64_asekernal6
Aug 6, 2015 12:38:08 PM hudson.slaves.SlaveComputer tryReconnect
INFO: Attempting to reconnect RS_build_test_sunsparc64_whitney
Aug 6, 2015 12:44:08 PM hudson.slaves.SlaveComputer tryReconnect
INFO: Attempting to reconnect Installer_ibmplinux64_elevon
Aug 6, 2015 12:44:08 PM hudson.slaves.SlaveComputer tryReconnect
INFO: Attempting to reconnect RS_build_sunx64_augusta
Aug 6, 2015 12:44:08 PM hudson.slaves.SlaveComputer tryReconnect
INFO: Attempting to reconnect RS_build_test_hpia64_repqahpia1
Aug 6, 2015 12:44:08 PM hudson.slaves.SlaveComputer tryReconnect
INFO: Attempting to reconnect RS_build_test_hpia64_repqahpia5
Aug 6, 2015 12:46:08 PM hudson.slaves.SlaveComputer tryReconnect
INFO: Attempting to reconnect RS_build_sunx64_asekernal6
Aug 6, 2015 12:59:08 PM hudson.slaves.SlaveComputer tryReconnect
INFO: Attempting to reconnect RS_build_test_sunsparc64_whitney
Aug 6, 2015 1:06:08 PM hudson.slaves.SlaveComputer tryReconnect
INFO: Attempting to reconnect Installer_ibmplinux64_elevon
Aug 6, 2015 1:06:08 PM hudson.slaves.SlaveComputer tryReconnect
INFO: Attempting to reconnect RS_build_sunx64_augusta
Aug 6, 2015 1:06:08 PM hudson.slaves.SlaveComputer tryReconnect
INFO: Attempting to reconnect RS_build_test_hpia64_repqahpia1
Aug 6, 2015 1:06:08 PM hudson.slaves.SlaveComputer tryReconnect
INFO: Attempting to reconnect RS_build_test_hpia64_repqahpia5
Aug 6, 2015 1:07:10 PM hudson.node_monitors.ResponseTimeMonitor$1 monitor
WARNING: Making RS_build_sunx64_augusta offline because it’s not responding
Aug 6, 2015 1:07:10 PM hudson.node_monitors.ResponseTimeMonitor$1 monitor
WARNING: Making RS_build_test_sunsparc64_whitney offline because it’s not responding
Aug 6, 2015 1:07:10 PM hudson.node_monitors.ResponseTimeMonitor$1 monitor
WARNING: Making RS_build_test_hpia64_repqahpia1 offline because it’s not responding
Aug 6, 2015 1:07:10 PM hudson.node_monitors.ResponseTimeMonitor$1 monitor
WARNING: Making RS_build_test_hpia64_repqahpia5 offline because it’s not responding
Aug 6, 2015 1:07:10 PM hudson.node_monitors.ResponseTimeMonitor$1 monitor
WARNING: Making RS_build_sunx64_asekernal6 offline because it’s not responding
Aug 6, 2015 1:07:10 PM hudson.node_monitors.ResponseTimeMonitor$1 monitor
WARNING: Making Installer_ibmplinux64_elevon offline because it’s not responding
Aug 6, 2015 1:08:08 PM hudson.slaves.SlaveComputer tryReconnect
INFO: Attempting to reconnect RS_build_sunx64_asekernal6
Aug 6, 2015 1:19:08 PM hudson.slaves.SlaveComputer tryReconnect
INFO: Attempting to reconnect RS_build_test_sunsparc64_whitney
Aug 6, 2015 1:26:08 PM hudson.slaves.SlaveComputer tryReconnect
INFO: Attempting to reconnect Installer_ibmplinux64_elevon
Aug 6, 2015 1:26:08 PM hudson.slaves.SlaveComputer tryReconnect
INFO: Attempting to reconnect RS_build_sunx64_augusta
Aug 6, 2015 1:26:08 PM hudson.slaves.SlaveComputer tryReconnect
INFO: Attempting to reconnect RS_build_test_hpia64_repqahpia1
Aug 6, 2015 1:26:08 PM hudson.slaves.SlaveComputer tryReconnect
INFO: Attempting to reconnect RS_build_test_hpia64_repqahpia5
Aug 6, 2015 1:28:08 PM hudson.slaves.SlaveComputer tryReconnect
INFO: Attempting to reconnect RS_build_sunx64_asekernal6
Aug 6, 2015 1:41:08 PM hudson.slaves.SlaveComputer tryReconnect
INFO: Attempting to reconnect RS_build_test_sunsparc64_whitney
Aug 6, 2015 1:48:08 PM hudson.slaves.SlaveComputer tryReconnect
INFO: Attempting to reconnect Installer_ibmplinux64_elevon
Aug 6, 2015 1:48:08 PM hudson.slaves.SlaveComputer tryReconnect
INFO: Attempting to reconnect RS_build_sunx64_augusta
Aug 6, 2015 1:48:08 PM hudson.slaves.SlaveComputer tryReconnect
INFO: Attempting to reconnect RS_build_test_hpia64_repqahpia1
Aug 6, 2015 1:48:08 PM hudson.slaves.SlaveComputer tryReconnect
INFO: Attempting to reconnect RS_build_test_hpia64_repqahpia5
Aug 6, 2015 1:50:08 PM hudson.slaves.SlaveComputer tryReconnect
INFO: Attempting to reconnect RS_build_sunx64_asekernal6
Aug 6, 2015 2:03:08 PM hudson.slaves.SlaveComputer tryReconnect
INFO: Attempting to reconnect RS_build_test_sunsparc64_whitney
Aug 6, 2015 2:07:10 PM hudson.node_monitors.ResponseTimeMonitor$1 monitor
WARNING: Making RS_build_sunx64_augusta offline because it’s not responding
Aug 6, 2015 2:07:10 PM hudson.node_monitors.ResponseTimeMonitor$1 monitor
WARNING: Making RS_build_test_sunsparc64_whitney offline because it’s not responding
Aug 6, 2015 2:07:10 PM hudson.node_monitors.ResponseTimeMonitor$1 monitor
WARNING: Making RS_build_test_hpia64_repqahpia1 offline because it’s not responding
Aug 6, 2015 2:07:10 PM hudson.node_monitors.ResponseTimeMonitor$1 monitor
WARNING: Making RS_build_test_hpia64_repqahpia5 offline because it’s not responding
Aug 6, 2015 2:07:10 PM hudson.node_monitors.ResponseTimeMonitor$1 monitor
WARNING: Making RS_build_sunx64_asekernal6 offline because it’s not responding
Aug 6, 2015 2:07:10 PM hudson.node_monitors.ResponseTimeMonitor$1 monitor
WARNING: Making Installer_ibmplinux64_elevon offline because it’s not responding
Aug 6, 2015 2:11:08 PM hudson.slaves.SlaveComputer tryReconnect
INFO: Attempting to reconnect Installer_ibmplinux64_elevon
Aug 6, 2015 2:11:08 PM hudson.slaves.SlaveComputer tryReconnect
INFO: Attempting to reconnect RS_build_sunx64_augusta
Aug 6, 2015 2:11:08 PM hudson.slaves.SlaveComputer tryReconnect
INFO: Attempting to reconnect RS_build_test_hpia64_repqahpia1
Aug 6, 2015 2:11:08 PM hudson.slaves.SlaveComputer tryReconnect
INFO: Attempting to reconnect RS_build_test_hpia64_repqahpia5
Aug 6, 2015 2:13:08 PM hudson.slaves.SlaveComputer tryReconnect
INFO: Attempting to reconnect RS_build_sunx64_asekernal6
Aug 6, 2015 2:25:08 PM hudson.slaves.SlaveComputer tryReconnect
INFO: Attempting to reconnect RS_build_test_sunsparc64_whitney
Aug 6, 2015 2:33:08 PM hudson.slaves.SlaveComputer tryReconnect
INFO: Attempting to reconnect Installer_ibmplinux64_elevon
Aug 6, 2015 2:33:08 PM hudson.slaves.SlaveComputer tryReconnect
INFO: Attempting to reconnect RS_build_sunx64_augusta
Aug 6, 2015 2:33:08 PM hudson.slaves.SlaveComputer tryReconnect
INFO: Attempting to reconnect RS_build_test_hpia64_repqahpia1
Aug 6, 2015 2:33:08 PM hudson.slaves.SlaveComputer tryReconnect
INFO: Attempting to reconnect RS_build_test_hpia64_repqahpia5
Aug 6, 2015 2:35:08 PM hudson.slaves.SlaveComputer tryReconnect
INFO: Attempting to reconnect RS_build_sunx64_asekernal6
Aug 6, 2015 2:49:08 PM hudson.slaves.SlaveComputer tryReconnect
INFO: Attempting to reconnect RS_build_test_sunsparc64_whitney
Aug 6, 2015 2:57:08 PM hudson.slaves.SlaveComputer tryReconnect
INFO: Attempting to reconnect Installer_ibmplinux64_elevon
Aug 6, 2015 2:57:08 PM hudson.slaves.SlaveComputer tryReconnect
INFO: Attempting to reconnect RS_build_sunx64_augusta
Aug 6, 2015 2:57:08 PM hudson.slaves.SlaveComputer tryReconnect
INFO: Attempting to reconnect RS_build_test_hpia64_repqahpia1
Aug 6, 2015 2:57:08 PM hudson.slaves.SlaveComputer tryReconnect
INFO: Attempting to reconnect RS_build_test_hpia64_repqahpia5
Aug 6, 2015 2:59:08 PM hudson.slaves.SlaveComputer tryReconnect
INFO: Attempting to reconnect RS_build_sunx64_asekernal6
Aug 6, 2015 3:07:10 PM hudson.node_monitors.ResponseTimeMonitor$1 monitor
WARNING: Making RS_build_sunx64_augusta offline because it’s not responding
Aug 6, 2015 3:07:10 PM hudson.node_monitors.ResponseTimeMonitor$1 monitor
WARNING: Making RS_build_test_sunsparc64_whitney offline because it’s not responding
Aug 6, 2015 3:07:10 PM hudson.node_monitors.ResponseTimeMonitor$1 monitor
WARNING: Making RS_build_test_hpia64_repqahpia1 offline because it’s not responding
Aug 6, 2015 3:07:10 PM hudson.node_monitors.ResponseTimeMonitor$1 monitor
WARNING: Making RS_build_test_hpia64_repqahpia5 offline because it’s not responding
Aug 6, 2015 3:07:10 PM hudson.node_monitors.ResponseTimeMonitor$1 monitor
WARNING: Making RS_build_sunx64_asekernal6 offline because it’s not responding
Aug 6, 2015 3:07:10 PM hudson.node_monitors.ResponseTimeMonitor$1 monitor
WARNING: Making Installer_ibmplinux64_elevon offline because it’s not responding
Aug 6, 2015 3:12:08 PM hudson.slaves.SlaveComputer tryReconnect
INFO: Attempting to reconnect RS_build_test_sunsparc64_whitney
Aug 6, 2015 3:20:08 PM hudson.slaves.SlaveComputer tryReconnect
INFO: Attempting to reconnect Installer_ibmplinux64_elevon
Aug 6, 2015 3:20:08 PM hudson.slaves.SlaveComputer tryReconnect
INFO: Attempting to reconnect RS_build_sunx64_augusta
Aug 6, 2015 3:20:08 PM hudson.slaves.SlaveComputer tryReconnect
INFO: Attempting to reconnect RS_build_test_hpia64_repqahpia1
Aug 6, 2015 3:20:08 PM hudson.slaves.SlaveComputer tryReconnect
INFO: Attempting to reconnect RS_build_test_hpia64_repqahpia5
Aug 6, 2015 3:21:08 PM hudson.slaves.SlaveComputer tryReconnect
INFO: Attempting to reconnect RS_build_sunx64_asekernal6
Aug 6, 2015 3:34:08 PM hudson.slaves.SlaveComputer tryReconnect
INFO: Attempting to reconnect RS_build_test_sunsparc64_whitney
Aug 6, 2015 3:40:08 PM hudson.slaves.SlaveComputer tryReconnect
INFO: Attempting to reconnect Installer_ibmplinux64_elevon
Aug 6, 2015 3:40:08 PM hudson.slaves.SlaveComputer tryReconnect
INFO: Attempting to reconnect RS_build_sunx64_augusta
Aug 6, 2015 3:40:08 PM hudson.slaves.SlaveComputer tryReconnect
INFO: Attempting to reconnect RS_build_test_hpia64_repqahpia1
Aug 6, 2015 3:40:08 PM hudson.slaves.SlaveComputer tryReconnect
INFO: Attempting to reconnect RS_build_test_hpia64_repqahpia5
Aug 6, 2015 3:42:08 PM hudson.slaves.SlaveComputer tryReconnect
INFO: Attempting to reconnect RS_build_sunx64_asekernal6
Aug 6, 2015 3:56:08 PM hudson.slaves.SlaveComputer tryReconnect
INFO: Attempting to reconnect RS_build_test_sunsparc64_whitney
Aug 6, 2015 4:03:08 PM hudson.slaves.SlaveComputer tryReconnect
INFO: Attempting to reconnect Installer_ibmplinux64_elevon
Aug 6, 2015 4:03:08 PM hudson.slaves.SlaveComputer tryReconnect
INFO: Attempting to reconnect RS_build_sunx64_augusta
Aug 6, 2015 4:03:08 PM hudson.slaves.SlaveComputer tryReconnect
INFO: Attempting to reconnect RS_build_test_hpia64_repqahpia1
Aug 6, 2015 4:03:08 PM hudson.slaves.SlaveComputer tryReconnect
INFO: Attempting to reconnect RS_build_test_hpia64_repqahpia5
Aug 6, 2015 4:04:08 PM hudson.slaves.SlaveComputer tryReconnect
INFO: Attempting to reconnect RS_build_sunx64_asekernal6
Aug 6, 2015 4:07:10 PM hudson.node_monitors.ResponseTimeMonitor$1 monitor
WARNING: Making RS_build_sunx64_augusta offline because it’s not responding
Aug 6, 2015 4:07:10 PM hudson.node_monitors.ResponseTimeMonitor$1 monitor
WARNING: Making RS_build_test_sunsparc64_whitney offline because it’s not responding
Aug 6, 2015 4:07:10 PM hudson.node_monitors.ResponseTimeMonitor$1 monitor
WARNING: Making RS_build_test_hpia64_repqahpia1 offline because it’s not responding
Aug 6, 2015 4:07:10 PM hudson.node_monitors.ResponseTimeMonitor$1 monitor
WARNING: Making RS_build_test_hpia64_repqahpia5 offline because it’s not responding
Aug 6, 2015 4:07:10 PM hudson.node_monitors.ResponseTimeMonitor$1 monitor
WARNING: Making RS_build_sunx64_asekernal6 offline because it’s not responding
Aug 6, 2015 4:07:10 PM hudson.node_monitors.ResponseTimeMonitor$1 monitor
WARNING: Making Installer_ibmplinux64_elevon offline because it’s not responding
Aug 6, 2015 4:18:08 PM hudson.slaves.SlaveComputer tryReconnect
INFO: Attempting to reconnect RS_build_test_sunsparc64_whitney
Aug 6, 2015 4:25:08 PM hudson.slaves.SlaveComputer tryReconnect
INFO: Attempting to reconnect Installer_ibmplinux64_elevon
Aug 6, 2015 4:25:08 PM hudson.slaves.SlaveComputer tryReconnect
INFO: Attempting to reconnect RS_build_sunx64_augusta
Aug 6, 2015 4:25:08 PM hudson.slaves.SlaveComputer tryReconnect
INFO: Attempting to reconnect RS_build_test_hpia64_repqahpia1
Aug 6, 2015 4:25:08 PM hudson.slaves.SlaveComputer tryReconnect
INFO: Attempting to reconnect RS_build_test_hpia64_repqahpia5
Aug 6, 2015 4:25:14 PM hudson.remoting.SynchronousCommandTransport$ReaderThread run
SEVERE: I/O error in channel Installer_ibmplinux64_elevon
java.io.IOException: Unexpected termination of the channel
	at hudson.remoting.SynchronousCommandTransport$ReaderThread.run(SynchronousCommandTransport.java:50)
Caused by: java.io.EOFException
	at java.io.ObjectInputStream$PeekInputStream.readFully(ObjectInputStream.java:2297)
	at java.io.ObjectInputStream$BlockDataInputStream.readShort(ObjectInputStream.java:2766)
	at java.io.ObjectInputStream.readStreamHeader(ObjectInputStream.java:797)
	at java.io.ObjectInputStream.<init>(ObjectInputStream.java:297)
	at hudson.remoting.ObjectInputStreamEx.<init>(ObjectInputStreamEx.java:40)
	at hudson.remoting.AbstractSynchronousByteArrayCommandTransport.read(AbstractSynchronousByteArrayCommandTransport.java:34)
	at hudson.remoting.SynchronousCommandTransport$ReaderThread.run(SynchronousCommandTransport.java:48)
Aug 6, 2015 4:27:08 PM hudson.slaves.SlaveComputer tryReconnect
INFO: Attempting to reconnect RS_build_sunx64_asekernal6
Aug 6, 2015 4:40:08 PM hudson.slaves.SlaveComputer tryReconnect
INFO: Attempting to reconnect RS_build_test_sunsparc64_whitney
Aug 6, 2015 4:47:08 PM hudson.slaves.SlaveComputer tryReconnect
INFO: Attempting to reconnect Installer_ibmplinux64_elevon
Aug 6, 2015 4:47:08 PM hudson.slaves.SlaveComputer tryReconnect
INFO: Attempting to reconnect RS_build_sunx64_augusta
Aug 6, 2015 4:47:08 PM hudson.slaves.SlaveComputer tryReconnect
INFO: Attempting to reconnect RS_build_test_hpia64_repqahpia1
Aug 6, 2015 4:47:08 PM hudson.slaves.SlaveComputer tryReconnect
INFO: Attempting to reconnect RS_build_test_hpia64_repqahpia5
Aug 6, 2015 4:49:08 PM hudson.slaves.SlaveComputer tryReconnect
INFO: Attempting to reconnect RS_build_sunx64_asekernal6
Aug 6, 2015 5:02:08 PM hudson.slaves.SlaveComputer tryReconnect
INFO: Attempting to reconnect RS_build_test_sunsparc64_whitney
Aug 6, 2015 5:07:10 PM hudson.node_monitors.ResponseTimeMonitor$1 monitor
WARNING: Making RS_build_sunx64_augusta offline because it’s not responding
Aug 6, 2015 5:07:10 PM hudson.node_monitors.ResponseTimeMonitor$1 monitor
WARNING: Making RS_build_test_sunsparc64_whitney offline because it’s not responding
Aug 6, 2015 5:07:10 PM hudson.node_monitors.ResponseTimeMonitor$1 monitor
WARNING: Making RS_build_test_hpia64_repqahpia1 offline because it’s not responding
Aug 6, 2015 5:07:10 PM hudson.node_monitors.ResponseTimeMonitor$1 monitor
WARNING: Making RS_build_test_hpia64_repqahpia5 offline because it’s not responding
Aug 6, 2015 5:07:10 PM hudson.node_monitors.ResponseTimeMonitor$1 monitor
WARNING: Making RS_build_sunx64_asekernal6 offline because it’s not responding
Aug 6, 2015 5:07:10 PM hudson.node_monitors.ResponseTimeMonitor$1 monitor
WARNING: Making Installer_ibmplinux64_elevon offline because it’s not responding
Aug 6, 2015 5:10:08 PM hudson.slaves.SlaveComputer tryReconnect
INFO: Attempting to reconnect Installer_ibmplinux64_elevon
Aug 6, 2015 5:10:08 PM hudson.slaves.SlaveComputer tryReconnect
INFO: Attempting to reconnect RS_build_sunx64_augusta
Aug 6, 2015 5:10:08 PM hudson.slaves.SlaveComputer tryReconnect
INFO: Attempting to reconnect RS_build_test_hpia64_repqahpia1
Aug 6, 2015 5:10:08 PM hudson.slaves.SlaveComputer tryReconnect
INFO: Attempting to reconnect RS_build_test_hpia64_repqahpia5
Aug 6, 2015 5:11:08 PM hudson.slaves.SlaveComputer tryReconnect
INFO: Attempting to reconnect RS_build_sunx64_asekernal6
Aug 6, 2015 5:24:08 PM hudson.slaves.SlaveComputer tryReconnect
INFO: Attempting to reconnect RS_build_test_sunsparc64_whitney
Aug 6, 2015 5:31:08 PM hudson.slaves.SlaveComputer tryReconnect
INFO: Attempting to reconnect Installer_ibmplinux64_elevon
Aug 6, 2015 5:31:08 PM hudson.slaves.SlaveComputer tryReconnect
INFO: Attempting to reconnect RS_build_sunx64_augusta
Aug 6, 2015 5:31:08 PM hudson.slaves.SlaveComputer tryReconnect
INFO: Attempting to reconnect RS_build_test_hpia64_repqahpia1
Aug 6, 2015 5:31:08 PM hudson.slaves.SlaveComputer tryReconnect
INFO: Attempting to reconnect RS_build_test_hpia64_repqahpia5
Aug 6, 2015 5:33:08 PM hudson.slaves.SlaveComputer tryReconnect
INFO: Attempting to reconnect RS_build_sunx64_asekernal6
Aug 6, 2015 5:46:08 PM hudson.slaves.SlaveComputer tryReconnect
INFO: Attempting to reconnect RS_build_test_sunsparc64_whitney
Aug 6, 2015 5:54:08 PM hudson.slaves.SlaveComputer tryReconnect
INFO: Attempting to reconnect Installer_ibmplinux64_elevon
Aug 6, 2015 5:54:08 PM hudson.slaves.SlaveComputer tryReconnect
INFO: Attempting to reconnect RS_build_sunx64_augusta
Aug 6, 2015 5:54:08 PM hudson.slaves.SlaveComputer tryReconnect
INFO: Attempting to reconnect RS_build_test_hpia64_repqahpia1
Aug 6, 2015 5:54:08 PM hudson.slaves.SlaveComputer tryReconnect
INFO: Attempting to reconnect RS_build_test_hpia64_repqahpia5
Aug 6, 2015 5:54:14 PM hudson.remoting.SynchronousCommandTransport$ReaderThread run
SEVERE: I/O error in channel Installer_ibmplinux64_elevon
java.io.IOException: Unexpected termination of the channel
	at hudson.remoting.SynchronousCommandTransport$ReaderThread.run(SynchronousCommandTransport.java:50)
Caused by: java.io.EOFException
	at java.io.ObjectInputStream$PeekInputStream.readFully(ObjectInputStream.java:2297)
	at java.io.ObjectInputStream$BlockDataInputStream.readShort(ObjectInputStream.java:2766)
	at java.io.ObjectInputStream.readStreamHeader(ObjectInputStream.java:797)
	at java.io.ObjectInputStream.<init>(ObjectInputStream.java:297)
	at hudson.remoting.ObjectInputStreamEx.<init>(ObjectInputStreamEx.java:40)
	at hudson.remoting.AbstractSynchronousByteArrayCommandTransport.read(AbstractSynchronousByteArrayCommandTransport.java:34)
	at hudson.remoting.SynchronousCommandTransport$ReaderThread.run(SynchronousCommandTransport.java:48)
Aug 6, 2015 5:56:08 PM hudson.slaves.SlaveComputer tryReconnect
INFO: Attempting to reconnect RS_build_sunx64_asekernal6
Aug 6, 2015 6:07:10 PM hudson.node_monitors.ResponseTimeMonitor$1 monitor
WARNING: Making RS_build_sunx64_augusta offline because it’s not responding
Aug 6, 2015 6:07:10 PM hudson.node_monitors.ResponseTimeMonitor$1 monitor
WARNING: Making RS_build_test_sunsparc64_whitney offline because it’s not responding
Aug 6, 2015 6:07:10 PM hudson.node_monitors.ResponseTimeMonitor$1 monitor
WARNING: Making RS_build_test_hpia64_repqahpia1 offline because it’s not responding
Aug 6, 2015 6:07:10 PM hudson.node_monitors.ResponseTimeMonitor$1 monitor
WARNING: Making RS_build_test_hpia64_repqahpia5 offline because it’s not responding
Aug 6, 2015 6:07:10 PM hudson.node_monitors.ResponseTimeMonitor$1 monitor
WARNING: Making RS_build_sunx64_asekernal6 offline because it’s not responding
Aug 6, 2015 6:07:10 PM hudson.node_monitors.ResponseTimeMonitor$1 monitor
WARNING: Making Installer_ibmplinux64_elevon offline because it’s not responding
Aug 6, 2015 6:08:08 PM hudson.slaves.SlaveComputer tryReconnect
INFO: Attempting to reconnect RS_build_test_sunsparc64_whitney
Aug 6, 2015 6:15:08 PM hudson.slaves.SlaveComputer tryReconnect
INFO: Attempting to reconnect Installer_ibmplinux64_elevon
Aug 6, 2015 6:15:08 PM hudson.slaves.SlaveComputer tryReconnect
INFO: Attempting to reconnect RS_build_sunx64_augusta
Aug 6, 2015 6:15:08 PM hudson.slaves.SlaveComputer tryReconnect
INFO: Attempting to reconnect RS_build_test_hpia64_repqahpia1
Aug 6, 2015 6:15:08 PM hudson.slaves.SlaveComputer tryReconnect
INFO: Attempting to reconnect RS_build_test_hpia64_repqahpia5
Aug 6, 2015 6:17:08 PM hudson.slaves.SlaveComputer tryReconnect
INFO: Attempting to reconnect RS_build_sunx64_asekernal6
Aug 6, 2015 6:22:57 PM hudson.model.UpdateSite updateData
INFO: Obtained the latest update center data file for UpdateSource default
Aug 6, 2015 6:30:08 PM hudson.slaves.SlaveComputer tryReconnect
INFO: Attempting to reconnect RS_build_test_sunsparc64_whitney
Aug 6, 2015 6:37:08 PM hudson.slaves.SlaveComputer tryReconnect
INFO: Attempting to reconnect Installer_ibmplinux64_elevon
Aug 6, 2015 6:37:08 PM hudson.slaves.SlaveComputer tryReconnect
INFO: Attempting to reconnect RS_build_sunx64_augusta
Aug 6, 2015 6:37:08 PM hudson.slaves.SlaveComputer tryReconnect
INFO: Attempting to reconnect RS_build_test_hpia64_repqahpia1
Aug 6, 2015 6:37:08 PM hudson.slaves.SlaveComputer tryReconnect
INFO: Attempting to reconnect RS_build_test_hpia64_repqahpia5
Aug 6, 2015 6:38:08 PM hudson.slaves.SlaveComputer tryReconnect
INFO: Attempting to reconnect RS_build_sunx64_asekernal6
Aug 6, 2015 6:52:08 PM hudson.slaves.SlaveComputer tryReconnect
INFO: Attempting to reconnect RS_build_test_sunsparc64_whitney
Aug 6, 2015 7:00:08 PM hudson.slaves.SlaveComputer tryReconnect
INFO: Attempting to reconnect Installer_ibmplinux64_elevon
Aug 6, 2015 7:00:08 PM hudson.slaves.SlaveComputer tryReconnect
INFO: Attempting to reconnect RS_build_sunx64_augusta
Aug 6, 2015 7:00:08 PM hudson.slaves.SlaveComputer tryReconnect
INFO: Attempting to reconnect RS_build_test_hpia64_repqahpia1
Aug 6, 2015 7:00:08 PM hudson.slaves.SlaveComputer tryReconnect
INFO: Attempting to reconnect RS_build_test_hpia64_repqahpia5
Aug 6, 2015 7:02:08 PM hudson.slaves.SlaveComputer tryReconnect
INFO: Attempting to reconnect RS_build_sunx64_asekernal6
Aug 6, 2015 7:07:10 PM hudson.node_monitors.ResponseTimeMonitor$1 monitor
WARNING: Making RS_build_sunx64_augusta offline because it’s not responding
Aug 6, 2015 7:07:10 PM hudson.node_monitors.ResponseTimeMonitor$1 monitor
WARNING: Making RS_build_test_sunsparc64_whitney offline because it’s not responding
Aug 6, 2015 7:07:10 PM hudson.node_monitors.ResponseTimeMonitor$1 monitor
WARNING: Making RS_build_test_hpia64_repqahpia1 offline because it’s not responding
Aug 6, 2015 7:07:10 PM hudson.node_monitors.ResponseTimeMonitor$1 monitor
WARNING: Making RS_build_test_hpia64_repqahpia5 offline because it’s not responding
Aug 6, 2015 7:07:10 PM hudson.node_monitors.ResponseTimeMonitor$1 monitor
WARNING: Making RS_build_sunx64_asekernal6 offline because it’s not responding
Aug 6, 2015 7:07:10 PM hudson.node_monitors.ResponseTimeMonitor$1 monitor
WARNING: Making Installer_ibmplinux64_elevon offline because it’s not responding
Aug 6, 2015 7:15:08 PM hudson.slaves.SlaveComputer tryReconnect
INFO: Attempting to reconnect RS_build_test_sunsparc64_whitney
Aug 6, 2015 7:23:08 PM hudson.slaves.SlaveComputer tryReconnect
INFO: Attempting to reconnect Installer_ibmplinux64_elevon
Aug 6, 2015 7:23:08 PM hudson.slaves.SlaveComputer tryReconnect
INFO: Attempting to reconnect RS_build_sunx64_augusta
Aug 6, 2015 7:23:08 PM hudson.slaves.SlaveComputer tryReconnect
INFO: Attempting to reconnect RS_build_test_hpia64_repqahpia1
Aug 6, 2015 7:23:08 PM hudson.slaves.SlaveComputer tryReconnect
INFO: Attempting to reconnect RS_build_test_hpia64_repqahpia5
Aug 6, 2015 7:25:08 PM hudson.slaves.SlaveComputer tryReconnect
INFO: Attempting to reconnect RS_build_sunx64_asekernal6
Aug 6, 2015 7:38:08 PM hudson.slaves.SlaveComputer tryReconnect
INFO: Attempting to reconnect RS_build_test_sunsparc64_whitney
Aug 6, 2015 7:45:08 PM hudson.slaves.SlaveComputer tryReconnect
INFO: Attempting to reconnect Installer_ibmplinux64_elevon
Aug 6, 2015 7:45:08 PM hudson.slaves.SlaveComputer tryReconnect
INFO: Attempting to reconnect RS_build_sunx64_augusta
Aug 6, 2015 7:45:08 PM hudson.slaves.SlaveComputer tryReconnect
INFO: Attempting to reconnect RS_build_test_hpia64_repqahpia1
Aug 6, 2015 7:45:08 PM hudson.slaves.SlaveComputer tryReconnect
INFO: Attempting to reconnect RS_build_test_hpia64_repqahpia5
Aug 6, 2015 7:47:08 PM hudson.slaves.SlaveComputer tryReconnect
INFO: Attempting to reconnect RS_build_sunx64_asekernal6
Aug 6, 2015 8:00:08 PM hudson.slaves.SlaveComputer tryReconnect
INFO: Attempting to reconnect RS_build_test_sunsparc64_whitney
Aug 6, 2015 8:07:08 PM hudson.slaves.SlaveComputer tryReconnect
INFO: Attempting to reconnect Installer_ibmplinux64_elevon
Aug 6, 2015 8:07:08 PM hudson.slaves.SlaveComputer tryReconnect
INFO: Attempting to reconnect RS_build_sunx64_augusta
Aug 6, 2015 8:07:08 PM hudson.slaves.SlaveComputer tryReconnect
INFO: Attempting to reconnect RS_build_test_hpia64_repqahpia1
Aug 6, 2015 8:07:08 PM hudson.slaves.SlaveComputer tryReconnect
INFO: Attempting to reconnect RS_build_test_hpia64_repqahpia5
Aug 6, 2015 8:07:10 PM hudson.node_monitors.ResponseTimeMonitor$1 monitor
WARNING: Making RS_build_sunx64_augusta offline because it’s not responding
Aug 6, 2015 8:07:10 PM hudson.node_monitors.ResponseTimeMonitor$1 monitor
WARNING: Making RS_build_test_sunsparc64_whitney offline because it’s not responding
Aug 6, 2015 8:07:10 PM hudson.node_monitors.ResponseTimeMonitor$1 monitor
WARNING: Making RS_build_test_hpia64_repqahpia1 offline because it’s not responding
Aug 6, 2015 8:07:10 PM hudson.node_monitors.ResponseTimeMonitor$1 monitor
WARNING: Making RS_build_test_hpia64_repqahpia5 offline because it’s not responding
Aug 6, 2015 8:07:10 PM hudson.node_monitors.ResponseTimeMonitor$1 monitor
WARNING: Making RS_build_sunx64_asekernal6 offline because it’s not responding
Aug 6, 2015 8:07:10 PM hudson.node_monitors.ResponseTimeMonitor$1 monitor
WARNING: Making Installer_ibmplinux64_elevon offline because it’s not responding
Aug 6, 2015 8:09:08 PM hudson.slaves.SlaveComputer tryReconnect
INFO: Attempting to reconnect RS_build_sunx64_asekernal6
Aug 6, 2015 8:22:08 PM hudson.slaves.SlaveComputer tryReconnect
INFO: Attempting to reconnect RS_build_test_sunsparc64_whitney
Aug 6, 2015 8:30:08 PM hudson.slaves.SlaveComputer tryReconnect
INFO: Attempting to reconnect Installer_ibmplinux64_elevon
Aug 6, 2015 8:30:08 PM hudson.slaves.SlaveComputer tryReconnect
INFO: Attempting to reconnect RS_build_sunx64_augusta
Aug 6, 2015 8:30:08 PM hudson.slaves.SlaveComputer tryReconnect
INFO: Attempting to reconnect RS_build_test_hpia64_repqahpia1
Aug 6, 2015 8:30:08 PM hudson.slaves.SlaveComputer tryReconnect
INFO: Attempting to reconnect RS_build_test_hpia64_repqahpia5
Aug 6, 2015 8:31:08 PM hudson.slaves.SlaveComputer tryReconnect
INFO: Attempting to reconnect RS_build_sunx64_asekernal6
Aug 6, 2015 8:44:08 PM hudson.slaves.SlaveComputer tryReconnect
INFO: Attempting to reconnect RS_build_test_sunsparc64_whitney
Aug 6, 2015 8:52:08 PM hudson.slaves.SlaveComputer tryReconnect
INFO: Attempting to reconnect Installer_ibmplinux64_elevon
Aug 6, 2015 8:52:08 PM hudson.slaves.SlaveComputer tryReconnect
INFO: Attempting to reconnect RS_build_sunx64_augusta
Aug 6, 2015 8:52:08 PM hudson.slaves.SlaveComputer tryReconnect
INFO: Attempting to reconnect RS_build_test_hpia64_repqahpia1
Aug 6, 2015 8:52:08 PM hudson.slaves.SlaveComputer tryReconnect
INFO: Attempting to reconnect RS_build_test_hpia64_repqahpia5
Aug 6, 2015 8:54:08 PM hudson.slaves.SlaveComputer tryReconnect
INFO: Attempting to reconnect RS_build_sunx64_asekernal6
Aug 6, 2015 9:06:08 PM hudson.slaves.SlaveComputer tryReconnect
INFO: Attempting to reconnect RS_build_test_sunsparc64_whitney
Aug 6, 2015 9:07:10 PM hudson.node_monitors.ResponseTimeMonitor$1 monitor
WARNING: Making RS_build_sunx64_augusta offline because it’s not responding
Aug 6, 2015 9:07:10 PM hudson.node_monitors.ResponseTimeMonitor$1 monitor
WARNING: Making RS_build_test_sunsparc64_whitney offline because it’s not responding
Aug 6, 2015 9:07:10 PM hudson.node_monitors.ResponseTimeMonitor$1 monitor
WARNING: Making RS_build_test_hpia64_repqahpia1 offline because it’s not responding
Aug 6, 2015 9:07:10 PM hudson.node_monitors.ResponseTimeMonitor$1 monitor
WARNING: Making RS_build_test_hpia64_repqahpia5 offline because it’s not responding
Aug 6, 2015 9:07:10 PM hudson.node_monitors.ResponseTimeMonitor$1 monitor
WARNING: Making RS_build_sunx64_asekernal6 offline because it’s not responding
Aug 6, 2015 9:07:10 PM hudson.node_monitors.ResponseTimeMonitor$1 monitor
WARNING: Making Installer_ibmplinux64_elevon offline because it’s not responding
Aug 6, 2015 9:13:08 PM hudson.slaves.SlaveComputer tryReconnect
INFO: Attempting to reconnect Installer_ibmplinux64_elevon
Aug 6, 2015 9:13:08 PM hudson.slaves.SlaveComputer tryReconnect
INFO: Attempting to reconnect RS_build_sunx64_augusta
Aug 6, 2015 9:13:08 PM hudson.slaves.SlaveComputer tryReconnect
INFO: Attempting to reconnect RS_build_test_hpia64_repqahpia1
Aug 6, 2015 9:13:08 PM hudson.slaves.SlaveComputer tryReconnect
INFO: Attempting to reconnect RS_build_test_hpia64_repqahpia5
Aug 6, 2015 9:15:08 PM hudson.slaves.SlaveComputer tryReconnect
INFO: Attempting to reconnect RS_build_sunx64_asekernal6
Aug 6, 2015 9:28:08 PM hudson.slaves.SlaveComputer tryReconnect
INFO: Attempting to reconnect RS_build_test_sunsparc64_whitney
Aug 6, 2015 9:34:08 PM hudson.slaves.SlaveComputer tryReconnect
INFO: Attempting to reconnect Installer_ibmplinux64_elevon
Aug 6, 2015 9:34:08 PM hudson.slaves.SlaveComputer tryReconnect
INFO: Attempting to reconnect RS_build_sunx64_augusta
Aug 6, 2015 9:34:08 PM hudson.slaves.SlaveComputer tryReconnect
INFO: Attempting to reconnect RS_build_test_hpia64_repqahpia1
Aug 6, 2015 9:34:08 PM hudson.slaves.SlaveComputer tryReconnect
INFO: Attempting to reconnect RS_build_test_hpia64_repqahpia5
Aug 6, 2015 9:36:08 PM hudson.slaves.SlaveComputer tryReconnect
INFO: Attempting to reconnect RS_build_sunx64_asekernal6
Aug 6, 2015 9:49:08 PM hudson.slaves.SlaveComputer tryReconnect
INFO: Attempting to reconnect RS_build_test_sunsparc64_whitney
Aug 6, 2015 9:57:08 PM hudson.slaves.SlaveComputer tryReconnect
INFO: Attempting to reconnect Installer_ibmplinux64_elevon
Aug 6, 2015 9:57:08 PM hudson.slaves.SlaveComputer tryReconnect
INFO: Attempting to reconnect RS_build_sunx64_augusta
Aug 6, 2015 9:57:08 PM hudson.slaves.SlaveComputer tryReconnect
INFO: Attempting to reconnect RS_build_test_hpia64_repqahpia1
Aug 6, 2015 9:57:08 PM hudson.slaves.SlaveComputer tryReconnect
INFO: Attempting to reconnect RS_build_test_hpia64_repqahpia5
Aug 6, 2015 9:59:08 PM hudson.slaves.SlaveComputer tryReconnect
INFO: Attempting to reconnect RS_build_sunx64_asekernal6
Aug 6, 2015 10:07:10 PM hudson.node_monitors.ResponseTimeMonitor$1 monitor
WARNING: Making RS_build_sunx64_augusta offline because it’s not responding
Aug 6, 2015 10:07:10 PM hudson.node_monitors.ResponseTimeMonitor$1 monitor
WARNING: Making RS_build_test_sunsparc64_whitney offline because it’s not responding
Aug 6, 2015 10:07:10 PM hudson.node_monitors.ResponseTimeMonitor$1 monitor
WARNING: Making RS_build_test_hpia64_repqahpia1 offline because it’s not responding
Aug 6, 2015 10:07:10 PM hudson.node_monitors.ResponseTimeMonitor$1 monitor
WARNING: Making RS_build_test_hpia64_repqahpia5 offline because it’s not responding
Aug 6, 2015 10:07:10 PM hudson.node_monitors.ResponseTimeMonitor$1 monitor
WARNING: Making RS_build_sunx64_asekernal6 offline because it’s not responding
Aug 6, 2015 10:07:10 PM hudson.node_monitors.ResponseTimeMonitor$1 monitor
WARNING: Making Installer_ibmplinux64_elevon offline because it’s not responding
Aug 6, 2015 10:12:08 PM hudson.slaves.SlaveComputer tryReconnect
INFO: Attempting to reconnect RS_build_test_sunsparc64_whitney
Aug 6, 2015 10:20:08 PM hudson.slaves.SlaveComputer tryReconnect
INFO: Attempting to reconnect Installer_ibmplinux64_elevon
Aug 6, 2015 10:20:08 PM hudson.slaves.SlaveComputer tryReconnect
INFO: Attempting to reconnect RS_build_sunx64_augusta
Aug 6, 2015 10:20:08 PM hudson.slaves.SlaveComputer tryReconnect
INFO: Attempting to reconnect RS_build_test_hpia64_repqahpia1
Aug 6, 2015 10:20:08 PM hudson.slaves.SlaveComputer tryReconnect
INFO: Attempting to reconnect RS_build_test_hpia64_repqahpia5
Aug 6, 2015 10:22:08 PM hudson.slaves.SlaveComputer tryReconnect
INFO: Attempting to reconnect RS_build_sunx64_asekernal6
Aug 6, 2015 10:35:08 PM hudson.slaves.SlaveComputer tryReconnect
INFO: Attempting to reconnect RS_build_test_sunsparc64_whitney
Aug 6, 2015 10:42:08 PM hudson.slaves.SlaveComputer tryReconnect
INFO: Attempting to reconnect Installer_ibmplinux64_elevon
Aug 6, 2015 10:42:08 PM hudson.slaves.SlaveComputer tryReconnect
INFO: Attempting to reconnect RS_build_sunx64_augusta
Aug 6, 2015 10:42:08 PM hudson.slaves.SlaveComputer tryReconnect
INFO: Attempting to reconnect RS_build_test_hpia64_repqahpia1
Aug 6, 2015 10:42:08 PM hudson.slaves.SlaveComputer tryReconnect
INFO: Attempting to reconnect RS_build_test_hpia64_repqahpia5
Aug 6, 2015 10:43:55 PM hudson.model.AsyncPeriodicWork$1 run
INFO: Started Workspace clean-up
Aug 6, 2015 10:44:08 PM hudson.slaves.SlaveComputer tryReconnect
INFO: Attempting to reconnect RS_build_sunx64_asekernal6
Aug 6, 2015 10:44:18 PM hudson.model.AsyncPeriodicWork$1 run
INFO: Finished Workspace clean-up. 22,991 ms
Aug 6, 2015 10:54:54 PM hudson.model.AsyncPeriodicWork$1 run
INFO: Started Download metadata
Aug 6, 2015 10:54:54 PM hudson.model.AsyncPeriodicWork$1 run
INFO: Finished Download metadata. 107 ms
Aug 6, 2015 10:56:08 PM hudson.slaves.SlaveComputer tryReconnect
INFO: Attempting to reconnect RS_build_test_sunsparc64_whitney
Aug 6, 2015 11:03:08 PM hudson.slaves.SlaveComputer tryReconnect
INFO: Attempting to reconnect Installer_ibmplinux64_elevon
Aug 6, 2015 11:03:08 PM hudson.slaves.SlaveComputer tryReconnect
INFO: Attempting to reconnect RS_build_sunx64_augusta
Aug 6, 2015 11:03:08 PM hudson.slaves.SlaveComputer tryReconnect
INFO: Attempting to reconnect RS_build_test_hpia64_repqahpia1
Aug 6, 2015 11:03:08 PM hudson.slaves.SlaveComputer tryReconnect
INFO: Attempting to reconnect RS_build_test_hpia64_repqahpia5
Aug 6, 2015 11:05:08 PM hudson.slaves.SlaveComputer tryReconnect
INFO: Attempting to reconnect RS_build_sunx64_asekernal6
Aug 6, 2015 11:07:10 PM hudson.node_monitors.ResponseTimeMonitor$1 monitor
WARNING: Making RS_build_sunx64_augusta offline because it’s not responding
Aug 6, 2015 11:07:10 PM hudson.node_monitors.ResponseTimeMonitor$1 monitor
WARNING: Making RS_build_test_sunsparc64_whitney offline because it’s not responding
Aug 6, 2015 11:07:10 PM hudson.node_monitors.ResponseTimeMonitor$1 monitor
WARNING: Making RS_build_test_hpia64_repqahpia1 offline because it’s not responding
Aug 6, 2015 11:07:10 PM hudson.node_monitors.ResponseTimeMonitor$1 monitor
WARNING: Making RS_build_test_hpia64_repqahpia5 offline because it’s not responding
Aug 6, 2015 11:07:10 PM hudson.node_monitors.ResponseTimeMonitor$1 monitor
WARNING: Making RS_build_sunx64_asekernal6 offline because it’s not responding
Aug 6, 2015 11:07:10 PM hudson.node_monitors.ResponseTimeMonitor$1 monitor
WARNING: Making Installer_ibmplinux64_elevon offline because it’s not responding
Aug 6, 2015 11:17:08 PM hudson.slaves.SlaveComputer tryReconnect
INFO: Attempting to reconnect RS_build_test_sunsparc64_whitney
Aug 6, 2015 11:25:08 PM hudson.slaves.SlaveComputer tryReconnect
INFO: Attempting to reconnect Installer_ibmplinux64_elevon
Aug 6, 2015 11:25:08 PM hudson.slaves.SlaveComputer tryReconnect
INFO: Attempting to reconnect RS_build_sunx64_augusta
Aug 6, 2015 11:25:08 PM hudson.slaves.SlaveComputer tryReconnect
INFO: Attempting to reconnect RS_build_test_hpia64_repqahpia1
Aug 6, 2015 11:25:08 PM hudson.slaves.SlaveComputer tryReconnect
INFO: Attempting to reconnect RS_build_test_hpia64_repqahpia5
Aug 6, 2015 11:26:08 PM hudson.slaves.SlaveComputer tryReconnect
INFO: Attempting to reconnect RS_build_sunx64_asekernal6
Aug 6, 2015 11:39:08 PM hudson.slaves.SlaveComputer tryReconnect
INFO: Attempting to reconnect RS_build_test_sunsparc64_whitney
Aug 6, 2015 11:46:08 PM hudson.slaves.SlaveComputer tryReconnect
INFO: Attempting to reconnect Installer_ibmplinux64_elevon
Aug 6, 2015 11:46:08 PM hudson.slaves.SlaveComputer tryReconnect
INFO: Attempting to reconnect RS_build_sunx64_augusta
Aug 6, 2015 11:46:08 PM hudson.slaves.SlaveComputer tryReconnect
INFO: Attempting to reconnect RS_build_test_hpia64_repqahpia1
Aug 6, 2015 11:46:08 PM hudson.slaves.SlaveComputer tryReconnect
INFO: Attempting to reconnect RS_build_test_hpia64_repqahpia5
Aug 6, 2015 11:48:08 PM hudson.slaves.SlaveComputer tryReconnect
INFO: Attempting to reconnect RS_build_sunx64_asekernal6
