Aug 10, 2015 12:01:08 AM hudson.slaves.SlaveComputer tryReconnect
INFO: Attempting to reconnect Installer_ibmplinux64_elevon
Aug 10, 2015 12:01:08 AM hudson.slaves.SlaveComputer tryReconnect
INFO: Attempting to reconnect RS_build_test_hpia64_repqahpia1
Aug 10, 2015 12:01:08 AM hudson.slaves.SlaveComputer tryReconnect
INFO: Attempting to reconnect RS_build_test_hpia64_repqahpia5
Aug 10, 2015 12:01:14 AM hudson.remoting.SynchronousCommandTransport$ReaderThread run
SEVERE: I/O error in channel Installer_ibmplinux64_elevon
java.io.IOException: Unexpected termination of the channel
	at hudson.remoting.SynchronousCommandTransport$ReaderThread.run(SynchronousCommandTransport.java:50)
Caused by: java.io.EOFException
	at java.io.ObjectInputStream$PeekInputStream.readFully(ObjectInputStream.java:2297)
	at java.io.ObjectInputStream$BlockDataInputStream.readShort(ObjectInputStream.java:2766)
	at java.io.ObjectInputStream.readStreamHeader(ObjectInputStream.java:797)
	at java.io.ObjectInputStream.<init>(ObjectInputStream.java:297)
	at hudson.remoting.ObjectInputStreamEx.<init>(ObjectInputStreamEx.java:40)
	at hudson.remoting.AbstractSynchronousByteArrayCommandTransport.read(AbstractSynchronousByteArrayCommandTransport.java:34)
	at hudson.remoting.SynchronousCommandTransport$ReaderThread.run(SynchronousCommandTransport.java:48)
Aug 10, 2015 12:03:08 AM hudson.slaves.SlaveComputer tryReconnect
INFO: Attempting to reconnect RS_build_sunx64_asekernal6
Aug 10, 2015 12:07:08 AM hudson.slaves.SlaveComputer tryReconnect
INFO: Attempting to reconnect RS_build_sunx64_augusta
Aug 10, 2015 12:07:10 AM hudson.node_monitors.ResponseTimeMonitor$1 monitor
WARNING: Making RS_build_sunx64_augusta offline because it’s not responding
Aug 10, 2015 12:07:10 AM hudson.node_monitors.ResponseTimeMonitor$1 monitor
WARNING: Making RS_build_test_sunsparc64_whitney offline because it’s not responding
Aug 10, 2015 12:07:10 AM hudson.node_monitors.ResponseTimeMonitor$1 monitor
WARNING: Making RS_build_test_hpia64_repqahpia1 offline because it’s not responding
Aug 10, 2015 12:07:10 AM hudson.node_monitors.ResponseTimeMonitor$1 monitor
WARNING: Making RS_build_test_hpia64_repqahpia5 offline because it’s not responding
Aug 10, 2015 12:07:10 AM hudson.node_monitors.ResponseTimeMonitor$1 monitor
WARNING: Making RS_build_sunx64_asekernal6 offline because it’s not responding
Aug 10, 2015 12:07:10 AM hudson.node_monitors.ResponseTimeMonitor$1 monitor
WARNING: Making Installer_ibmplinux64_elevon offline because it’s not responding
Aug 10, 2015 12:16:08 AM hudson.slaves.SlaveComputer tryReconnect
INFO: Attempting to reconnect RS_build_test_sunsparc64_whitney
Aug 10, 2015 12:23:08 AM hudson.slaves.SlaveComputer tryReconnect
INFO: Attempting to reconnect Installer_ibmplinux64_elevon
Aug 10, 2015 12:23:08 AM hudson.slaves.SlaveComputer tryReconnect
INFO: Attempting to reconnect RS_build_test_hpia64_repqahpia1
Aug 10, 2015 12:23:08 AM hudson.slaves.SlaveComputer tryReconnect
INFO: Attempting to reconnect RS_build_test_hpia64_repqahpia5
Aug 10, 2015 12:25:08 AM hudson.slaves.SlaveComputer tryReconnect
INFO: Attempting to reconnect RS_build_sunx64_asekernal6
Aug 10, 2015 12:29:08 AM hudson.slaves.SlaveComputer tryReconnect
INFO: Attempting to reconnect RS_build_sunx64_augusta
Aug 10, 2015 12:39:08 AM hudson.slaves.SlaveComputer tryReconnect
INFO: Attempting to reconnect RS_build_test_sunsparc64_whitney
Aug 10, 2015 12:46:08 AM hudson.slaves.SlaveComputer tryReconnect
INFO: Attempting to reconnect Installer_ibmplinux64_elevon
Aug 10, 2015 12:46:08 AM hudson.slaves.SlaveComputer tryReconnect
INFO: Attempting to reconnect RS_build_test_hpia64_repqahpia1
Aug 10, 2015 12:46:08 AM hudson.slaves.SlaveComputer tryReconnect
INFO: Attempting to reconnect RS_build_test_hpia64_repqahpia5
Aug 10, 2015 12:47:08 AM hudson.slaves.SlaveComputer tryReconnect
INFO: Attempting to reconnect RS_build_sunx64_asekernal6
Aug 10, 2015 12:51:08 AM hudson.slaves.SlaveComputer tryReconnect
INFO: Attempting to reconnect RS_build_sunx64_augusta
Aug 10, 2015 1:00:08 AM hudson.slaves.SlaveComputer tryReconnect
INFO: Attempting to reconnect RS_build_test_sunsparc64_whitney
Aug 10, 2015 1:07:10 AM hudson.node_monitors.ResponseTimeMonitor$1 monitor
WARNING: Making RS_build_sunx64_augusta offline because it’s not responding
Aug 10, 2015 1:07:10 AM hudson.node_monitors.ResponseTimeMonitor$1 monitor
WARNING: Making RS_build_test_sunsparc64_whitney offline because it’s not responding
Aug 10, 2015 1:07:10 AM hudson.node_monitors.ResponseTimeMonitor$1 monitor
WARNING: Making RS_build_test_hpia64_repqahpia1 offline because it’s not responding
Aug 10, 2015 1:07:10 AM hudson.node_monitors.ResponseTimeMonitor$1 monitor
WARNING: Making RS_build_test_hpia64_repqahpia5 offline because it’s not responding
Aug 10, 2015 1:07:10 AM hudson.node_monitors.ResponseTimeMonitor$1 monitor
WARNING: Making RS_build_sunx64_asekernal6 offline because it’s not responding
Aug 10, 2015 1:07:10 AM hudson.node_monitors.ResponseTimeMonitor$1 monitor
WARNING: Making Installer_ibmplinux64_elevon offline because it’s not responding
Aug 10, 2015 1:08:08 AM hudson.slaves.SlaveComputer tryReconnect
INFO: Attempting to reconnect Installer_ibmplinux64_elevon
Aug 10, 2015 1:08:08 AM hudson.slaves.SlaveComputer tryReconnect
INFO: Attempting to reconnect RS_build_test_hpia64_repqahpia1
Aug 10, 2015 1:08:08 AM hudson.slaves.SlaveComputer tryReconnect
INFO: Attempting to reconnect RS_build_test_hpia64_repqahpia5
Aug 10, 2015 1:10:08 AM hudson.slaves.SlaveComputer tryReconnect
INFO: Attempting to reconnect RS_build_sunx64_asekernal6
Aug 10, 2015 1:14:08 AM hudson.slaves.SlaveComputer tryReconnect
INFO: Attempting to reconnect RS_build_sunx64_augusta
Aug 10, 2015 1:23:08 AM hudson.slaves.SlaveComputer tryReconnect
INFO: Attempting to reconnect RS_build_test_sunsparc64_whitney
Aug 10, 2015 1:30:08 AM hudson.slaves.SlaveComputer tryReconnect
INFO: Attempting to reconnect Installer_ibmplinux64_elevon
Aug 10, 2015 1:30:08 AM hudson.slaves.SlaveComputer tryReconnect
INFO: Attempting to reconnect RS_build_test_hpia64_repqahpia1
Aug 10, 2015 1:30:08 AM hudson.slaves.SlaveComputer tryReconnect
INFO: Attempting to reconnect RS_build_test_hpia64_repqahpia5
Aug 10, 2015 1:31:08 AM hudson.slaves.SlaveComputer tryReconnect
INFO: Attempting to reconnect RS_build_sunx64_asekernal6
Aug 10, 2015 1:35:08 AM hudson.slaves.SlaveComputer tryReconnect
INFO: Attempting to reconnect RS_build_sunx64_augusta
Aug 10, 2015 1:45:08 AM hudson.slaves.SlaveComputer tryReconnect
INFO: Attempting to reconnect RS_build_test_sunsparc64_whitney
Aug 10, 2015 1:46:29 AM hudson.model.UpdateSite updateData
INFO: Obtained the latest update center data file for UpdateSource default
Aug 10, 2015 1:53:08 AM hudson.slaves.SlaveComputer tryReconnect
INFO: Attempting to reconnect Installer_ibmplinux64_elevon
Aug 10, 2015 1:53:08 AM hudson.slaves.SlaveComputer tryReconnect
INFO: Attempting to reconnect RS_build_test_hpia64_repqahpia1
Aug 10, 2015 1:53:08 AM hudson.slaves.SlaveComputer tryReconnect
INFO: Attempting to reconnect RS_build_test_hpia64_repqahpia5
Aug 10, 2015 1:55:08 AM hudson.slaves.SlaveComputer tryReconnect
INFO: Attempting to reconnect RS_build_sunx64_asekernal6
Aug 10, 2015 1:59:08 AM hudson.slaves.SlaveComputer tryReconnect
INFO: Attempting to reconnect RS_build_sunx64_augusta
Aug 10, 2015 2:07:10 AM hudson.node_monitors.ResponseTimeMonitor$1 monitor
WARNING: Making RS_build_sunx64_augusta offline because it’s not responding
Aug 10, 2015 2:07:10 AM hudson.node_monitors.ResponseTimeMonitor$1 monitor
WARNING: Making RS_build_test_sunsparc64_whitney offline because it’s not responding
Aug 10, 2015 2:07:10 AM hudson.node_monitors.ResponseTimeMonitor$1 monitor
WARNING: Making RS_build_test_hpia64_repqahpia1 offline because it’s not responding
Aug 10, 2015 2:07:10 AM hudson.node_monitors.ResponseTimeMonitor$1 monitor
WARNING: Making RS_build_test_hpia64_repqahpia5 offline because it’s not responding
Aug 10, 2015 2:07:10 AM hudson.node_monitors.ResponseTimeMonitor$1 monitor
WARNING: Making RS_build_sunx64_asekernal6 offline because it’s not responding
Aug 10, 2015 2:07:10 AM hudson.node_monitors.ResponseTimeMonitor$1 monitor
WARNING: Making Installer_ibmplinux64_elevon offline because it’s not responding
Aug 10, 2015 2:09:08 AM hudson.slaves.SlaveComputer tryReconnect
INFO: Attempting to reconnect RS_build_test_sunsparc64_whitney
Aug 10, 2015 2:17:08 AM hudson.slaves.SlaveComputer tryReconnect
INFO: Attempting to reconnect Installer_ibmplinux64_elevon
Aug 10, 2015 2:17:08 AM hudson.slaves.SlaveComputer tryReconnect
INFO: Attempting to reconnect RS_build_test_hpia64_repqahpia1
Aug 10, 2015 2:17:08 AM hudson.slaves.SlaveComputer tryReconnect
INFO: Attempting to reconnect RS_build_test_hpia64_repqahpia5
Aug 10, 2015 2:18:08 AM hudson.slaves.SlaveComputer tryReconnect
INFO: Attempting to reconnect RS_build_sunx64_asekernal6
Aug 10, 2015 2:22:08 AM hudson.slaves.SlaveComputer tryReconnect
INFO: Attempting to reconnect RS_build_sunx64_augusta
Aug 10, 2015 2:26:19 AM hudson.model.Run execute
INFO: 1_Sub_Nightly_RS_Binary_Build_Linuxamd64 #117 main build action completed: SUCCESS
Aug 10, 2015 2:31:08 AM hudson.slaves.SlaveComputer tryReconnect
INFO: Attempting to reconnect RS_build_test_sunsparc64_whitney
Aug 10, 2015 2:35:37 AM hudson.model.Run execute
INFO: 1_Sub_Nightly_RMA_Binary_Build_Linuxamd64 #133 main build action completed: SUCCESS
Aug 10, 2015 2:35:39 AM hudson.model.Run execute
INFO: 1_Nightly_RS_Binary_Build_Parallel_Linuxamd64 #115 main build action completed: SUCCESS
Aug 10, 2015 2:36:19 AM hudson.model.Run execute
INFO: 2_Nightly_RS_Installer_Build_Test_Linuxamd64 #142 main build action completed: SUCCESS
Aug 10, 2015 2:36:36 AM hudson.model.Run execute
INFO: 3_Sub_Nightly_QA_auto_install #117 main build action completed: FAILURE
Aug 10, 2015 2:36:39 AM hudson.model.Run execute
INFO: 3_Nightly_Trigger_QA_Barrier_Test_Linuxamd64_Update #113 main build action completed: FAILURE
Aug 10, 2015 2:38:08 AM hudson.slaves.SlaveComputer tryReconnect
INFO: Attempting to reconnect Installer_ibmplinux64_elevon
Aug 10, 2015 2:38:08 AM hudson.slaves.SlaveComputer tryReconnect
INFO: Attempting to reconnect RS_build_test_hpia64_repqahpia1
Aug 10, 2015 2:38:08 AM hudson.slaves.SlaveComputer tryReconnect
INFO: Attempting to reconnect RS_build_test_hpia64_repqahpia5
Aug 10, 2015 2:40:08 AM hudson.slaves.SlaveComputer tryReconnect
INFO: Attempting to reconnect RS_build_sunx64_asekernal6
Aug 10, 2015 2:43:04 AM hudson.model.AsyncPeriodicWork$1 run
INFO: Started Out of order build detection
Aug 10, 2015 2:43:35 AM jenkins.diagnostics.ooom.Problem$Inspector scan
WARNING: Failed to inspect /remote/repeng10/.jenkins/jobs/1_Nightly_RS_Binary_Build_Linuxamd64/builds/1: /remote/repeng10/.jenkins/jobs/1_Nightly_RS_Binary_Build_Linuxamd64/builds/1/build.xml doesn't exist
Aug 10, 2015 2:44:08 AM hudson.slaves.SlaveComputer tryReconnect
INFO: Attempting to reconnect RS_build_sunx64_augusta
Aug 10, 2015 2:45:37 AM jenkins.diagnostics.ooom.Problem$Inspector scan
WARNING: Failed to inspect /remote/repeng10/.jenkins/jobs/3_Nightly_Trigger_QA_Barrier_Test_Linuxamd64_Update/builds/2015-04-21_06-01-32: /remote/repeng10/.jenkins/jobs/3_Nightly_Trigger_QA_Barrier_Test_Linuxamd64_Update/builds/2015-04-21_06-01-32/build.xml doesn't exist
Aug 10, 2015 2:45:37 AM jenkins.diagnostics.ooom.Problem$Inspector scan
WARNING: Failed to inspect /remote/repeng10/.jenkins/jobs/3_Nightly_Trigger_QA_Barrier_Test_Linuxamd64_Update/builds/10: /remote/repeng10/.jenkins/jobs/3_Nightly_Trigger_QA_Barrier_Test_Linuxamd64_Update/builds/10/build.xml doesn't exist
Aug 10, 2015 2:49:23 AM jenkins.diagnostics.ooom.Problem$Inspector scan
WARNING: Failed to inspect /remote/repeng10/.jenkins/jobs/3_Sub_Nightly_QA_Test_RS_NORMAL_SHORT/builds/2015-04-21_06-01-52: /remote/repeng10/.jenkins/jobs/3_Sub_Nightly_QA_Test_RS_NORMAL_SHORT/builds/2015-04-21_06-01-52/build.xml doesn't exist
Aug 10, 2015 2:49:23 AM jenkins.diagnostics.ooom.Problem$Inspector scan
WARNING: Failed to inspect /remote/repeng10/.jenkins/jobs/3_Sub_Nightly_QA_Test_RS_NORMAL_SHORT/builds/12: /remote/repeng10/.jenkins/jobs/3_Sub_Nightly_QA_Test_RS_NORMAL_SHORT/builds/12/build.xml doesn't exist
Aug 10, 2015 2:50:25 AM jenkins.diagnostics.ooom.Problem$Inspector scan
WARNING: Failed to inspect /remote/repeng10/.jenkins/jobs/3_Sub_Nightly_QA_Test_RS_STANDBY/builds/2015-04-21_06-01-52: /remote/repeng10/.jenkins/jobs/3_Sub_Nightly_QA_Test_RS_STANDBY/builds/2015-04-21_06-01-52/build.xml doesn't exist
Aug 10, 2015 2:50:25 AM jenkins.diagnostics.ooom.Problem$Inspector scan
WARNING: Failed to inspect /remote/repeng10/.jenkins/jobs/3_Sub_Nightly_QA_Test_RS_STANDBY/builds/11: /remote/repeng10/.jenkins/jobs/3_Sub_Nightly_QA_Test_RS_STANDBY/builds/11/build.xml doesn't exist
Aug 10, 2015 2:53:08 AM hudson.slaves.SlaveComputer tryReconnect
INFO: Attempting to reconnect RS_build_test_sunsparc64_whitney
Aug 10, 2015 2:59:07 AM jenkins.diagnostics.ooom.Problem$Inspector scan
WARNING: Failed to inspect /remote/repeng10/.jenkins/jobs/huiji-rscorona_huiji_vu-serial-build-with-test/builds/17: /remote/repeng10/.jenkins/jobs/huiji-rscorona_huiji_vu-serial-build-with-test/builds/17/build.xml doesn't exist
Aug 10, 2015 2:59:07 AM jenkins.diagnostics.ooom.Problem$Inspector scan
WARNING: Failed to inspect /remote/repeng10/.jenkins/jobs/huiji-rscorona_huiji_vu-serial-build-with-test/builds/2015-08-04_21-25-17: /remote/repeng10/.jenkins/jobs/huiji-rscorona_huiji_vu-serial-build-with-test/builds/2015-08-04_21-25-17/build.xml doesn't exist
Aug 10, 2015 2:59:27 AM jenkins.diagnostics.ooom.Problem$Inspector scan
WARNING: Failed to inspect /remote/repeng10/.jenkins/jobs/MyTest/builds/2015-04-22_00-55-20: /remote/repeng10/.jenkins/jobs/MyTest/builds/2015-04-22_00-55-20/build.xml doesn't exist
Aug 10, 2015 2:59:27 AM jenkins.diagnostics.ooom.Problem$Inspector scan
WARNING: Failed to inspect /remote/repeng10/.jenkins/jobs/MyTest/builds/4: /remote/repeng10/.jenkins/jobs/MyTest/builds/4/build.xml doesn't exist
Aug 10, 2015 3:00:37 AM jenkins.diagnostics.ooom.Problem$Inspector scan
WARNING: Failed to inspect /remote/repeng10/.jenkins/jobs/pwang4-rscorona_pwang4_vu-serial-build-only/builds/2015-06-19_03-39-30: /remote/repeng10/.jenkins/jobs/pwang4-rscorona_pwang4_vu-serial-build-only/builds/2015-06-19_03-39-30/build.xml doesn't exist
Aug 10, 2015 3:00:37 AM jenkins.diagnostics.ooom.Problem$Inspector scan
WARNING: Failed to inspect /remote/repeng10/.jenkins/jobs/pwang4-rscorona_pwang4_vu-serial-build-only/builds/1: /remote/repeng10/.jenkins/jobs/pwang4-rscorona_pwang4_vu-serial-build-only/builds/1/build.xml doesn't exist
Aug 10, 2015 3:01:08 AM hudson.slaves.SlaveComputer tryReconnect
INFO: Attempting to reconnect Installer_ibmplinux64_elevon
Aug 10, 2015 3:01:08 AM hudson.slaves.SlaveComputer tryReconnect
INFO: Attempting to reconnect RS_build_test_hpia64_repqahpia1
Aug 10, 2015 3:01:08 AM hudson.slaves.SlaveComputer tryReconnect
INFO: Attempting to reconnect RS_build_test_hpia64_repqahpia5
Aug 10, 2015 3:03:08 AM hudson.slaves.SlaveComputer tryReconnect
INFO: Attempting to reconnect RS_build_sunx64_asekernal6
Aug 10, 2015 3:06:08 AM hudson.slaves.SlaveComputer tryReconnect
INFO: Attempting to reconnect RS_build_sunx64_augusta
Aug 10, 2015 3:07:10 AM hudson.node_monitors.ResponseTimeMonitor$1 monitor
WARNING: Making RS_build_sunx64_augusta offline because it’s not responding
Aug 10, 2015 3:07:10 AM hudson.node_monitors.ResponseTimeMonitor$1 monitor
WARNING: Making RS_build_test_sunsparc64_whitney offline because it’s not responding
Aug 10, 2015 3:07:10 AM hudson.node_monitors.ResponseTimeMonitor$1 monitor
WARNING: Making RS_build_test_hpia64_repqahpia1 offline because it’s not responding
Aug 10, 2015 3:07:10 AM hudson.node_monitors.ResponseTimeMonitor$1 monitor
WARNING: Making RS_build_test_hpia64_repqahpia5 offline because it’s not responding
Aug 10, 2015 3:07:10 AM hudson.node_monitors.ResponseTimeMonitor$1 monitor
WARNING: Making RS_build_sunx64_asekernal6 offline because it’s not responding
Aug 10, 2015 3:07:10 AM hudson.node_monitors.ResponseTimeMonitor$1 monitor
WARNING: Making Installer_ibmplinux64_elevon offline because it’s not responding
Aug 10, 2015 3:12:00 AM jenkins.diagnostics.ooom.Problem$Inspector scan
WARNING: Failed to inspect /remote/repeng10/.jenkins/jobs/RS_MATS-rscorona_huiji_vu-huiji/builds/2015-08-04_21-30-27: /remote/repeng10/.jenkins/jobs/RS_MATS-rscorona_huiji_vu-huiji/builds/2015-08-04_21-30-27/build.xml doesn't exist
Aug 10, 2015 3:12:00 AM jenkins.diagnostics.ooom.Problem$Inspector scan
WARNING: Failed to inspect /remote/repeng10/.jenkins/jobs/RS_MATS-rscorona_huiji_vu-huiji/builds/1: /remote/repeng10/.jenkins/jobs/RS_MATS-rscorona_huiji_vu-huiji/builds/1/build.xml doesn't exist
Aug 10, 2015 3:16:08 AM hudson.slaves.SlaveComputer tryReconnect
INFO: Attempting to reconnect RS_build_test_sunsparc64_whitney
Aug 10, 2015 3:20:01 AM hudson.model.AsyncPeriodicWork$1 run
INFO: Finished Out of order build detection. 2,216,151 ms
Aug 10, 2015 3:24:08 AM hudson.slaves.SlaveComputer tryReconnect
INFO: Attempting to reconnect Installer_ibmplinux64_elevon
Aug 10, 2015 3:24:08 AM hudson.slaves.SlaveComputer tryReconnect
INFO: Attempting to reconnect RS_build_test_hpia64_repqahpia1
Aug 10, 2015 3:24:08 AM hudson.slaves.SlaveComputer tryReconnect
INFO: Attempting to reconnect RS_build_test_hpia64_repqahpia5
Aug 10, 2015 3:26:08 AM hudson.slaves.SlaveComputer tryReconnect
INFO: Attempting to reconnect RS_build_sunx64_asekernal6
Aug 10, 2015 3:30:08 AM hudson.slaves.SlaveComputer tryReconnect
INFO: Attempting to reconnect RS_build_sunx64_augusta
Aug 10, 2015 3:39:08 AM hudson.slaves.SlaveComputer tryReconnect
INFO: Attempting to reconnect RS_build_test_sunsparc64_whitney
Aug 10, 2015 3:47:08 AM hudson.slaves.SlaveComputer tryReconnect
INFO: Attempting to reconnect Installer_ibmplinux64_elevon
Aug 10, 2015 3:47:08 AM hudson.slaves.SlaveComputer tryReconnect
INFO: Attempting to reconnect RS_build_test_hpia64_repqahpia1
Aug 10, 2015 3:47:08 AM hudson.slaves.SlaveComputer tryReconnect
INFO: Attempting to reconnect RS_build_test_hpia64_repqahpia5
Aug 10, 2015 3:49:08 AM hudson.slaves.SlaveComputer tryReconnect
INFO: Attempting to reconnect RS_build_sunx64_asekernal6
Aug 10, 2015 3:52:08 AM hudson.slaves.SlaveComputer tryReconnect
INFO: Attempting to reconnect RS_build_sunx64_augusta
Aug 10, 2015 4:02:08 AM hudson.slaves.SlaveComputer tryReconnect
INFO: Attempting to reconnect RS_build_test_sunsparc64_whitney
Aug 10, 2015 4:07:10 AM hudson.node_monitors.ResponseTimeMonitor$1 monitor
WARNING: Making RS_build_sunx64_augusta offline because it’s not responding
Aug 10, 2015 4:07:10 AM hudson.node_monitors.ResponseTimeMonitor$1 monitor
WARNING: Making RS_build_test_sunsparc64_whitney offline because it’s not responding
Aug 10, 2015 4:07:10 AM hudson.node_monitors.ResponseTimeMonitor$1 monitor
WARNING: Making RS_build_test_hpia64_repqahpia1 offline because it’s not responding
Aug 10, 2015 4:07:10 AM hudson.node_monitors.ResponseTimeMonitor$1 monitor
WARNING: Making RS_build_test_hpia64_repqahpia5 offline because it’s not responding
Aug 10, 2015 4:07:10 AM hudson.node_monitors.ResponseTimeMonitor$1 monitor
WARNING: Making RS_build_sunx64_asekernal6 offline because it’s not responding
Aug 10, 2015 4:07:10 AM hudson.node_monitors.ResponseTimeMonitor$1 monitor
WARNING: Making Installer_ibmplinux64_elevon offline because it’s not responding
Aug 10, 2015 4:09:08 AM hudson.slaves.SlaveComputer tryReconnect
INFO: Attempting to reconnect Installer_ibmplinux64_elevon
Aug 10, 2015 4:09:08 AM hudson.slaves.SlaveComputer tryReconnect
INFO: Attempting to reconnect RS_build_test_hpia64_repqahpia1
Aug 10, 2015 4:09:08 AM hudson.slaves.SlaveComputer tryReconnect
INFO: Attempting to reconnect RS_build_test_hpia64_repqahpia5
Aug 10, 2015 4:11:08 AM hudson.slaves.SlaveComputer tryReconnect
INFO: Attempting to reconnect RS_build_sunx64_asekernal6
Aug 10, 2015 4:15:08 AM hudson.slaves.SlaveComputer tryReconnect
INFO: Attempting to reconnect RS_build_sunx64_augusta
Aug 10, 2015 4:25:08 AM hudson.slaves.SlaveComputer tryReconnect
INFO: Attempting to reconnect RS_build_test_sunsparc64_whitney
Aug 10, 2015 4:33:08 AM hudson.slaves.SlaveComputer tryReconnect
INFO: Attempting to reconnect Installer_ibmplinux64_elevon
Aug 10, 2015 4:33:08 AM hudson.slaves.SlaveComputer tryReconnect
INFO: Attempting to reconnect RS_build_test_hpia64_repqahpia1
Aug 10, 2015 4:33:08 AM hudson.slaves.SlaveComputer tryReconnect
INFO: Attempting to reconnect RS_build_test_hpia64_repqahpia5
Aug 10, 2015 4:34:08 AM hudson.slaves.SlaveComputer tryReconnect
INFO: Attempting to reconnect RS_build_sunx64_asekernal6
Aug 10, 2015 4:38:08 AM hudson.slaves.SlaveComputer tryReconnect
INFO: Attempting to reconnect RS_build_sunx64_augusta
Aug 10, 2015 4:47:08 AM hudson.slaves.SlaveComputer tryReconnect
INFO: Attempting to reconnect RS_build_test_sunsparc64_whitney
Aug 10, 2015 4:55:08 AM hudson.slaves.SlaveComputer tryReconnect
INFO: Attempting to reconnect Installer_ibmplinux64_elevon
Aug 10, 2015 4:55:08 AM hudson.slaves.SlaveComputer tryReconnect
INFO: Attempting to reconnect RS_build_test_hpia64_repqahpia1
Aug 10, 2015 4:55:08 AM hudson.slaves.SlaveComputer tryReconnect
INFO: Attempting to reconnect RS_build_test_hpia64_repqahpia5
Aug 10, 2015 4:57:08 AM hudson.slaves.SlaveComputer tryReconnect
INFO: Attempting to reconnect RS_build_sunx64_asekernal6
Aug 10, 2015 5:01:08 AM hudson.slaves.SlaveComputer tryReconnect
INFO: Attempting to reconnect RS_build_sunx64_augusta
Aug 10, 2015 5:07:10 AM hudson.node_monitors.ResponseTimeMonitor$1 monitor
WARNING: Making RS_build_sunx64_augusta offline because it’s not responding
Aug 10, 2015 5:07:10 AM hudson.node_monitors.ResponseTimeMonitor$1 monitor
WARNING: Making RS_build_test_sunsparc64_whitney offline because it’s not responding
Aug 10, 2015 5:07:10 AM hudson.node_monitors.ResponseTimeMonitor$1 monitor
WARNING: Making RS_build_test_hpia64_repqahpia1 offline because it’s not responding
Aug 10, 2015 5:07:10 AM hudson.node_monitors.ResponseTimeMonitor$1 monitor
WARNING: Making RS_build_test_hpia64_repqahpia5 offline because it’s not responding
Aug 10, 2015 5:07:10 AM hudson.node_monitors.ResponseTimeMonitor$1 monitor
WARNING: Making RS_build_sunx64_asekernal6 offline because it’s not responding
Aug 10, 2015 5:07:10 AM hudson.node_monitors.ResponseTimeMonitor$1 monitor
WARNING: Making Installer_ibmplinux64_elevon offline because it’s not responding
Aug 10, 2015 5:10:08 AM hudson.slaves.SlaveComputer tryReconnect
INFO: Attempting to reconnect RS_build_test_sunsparc64_whitney
Aug 10, 2015 5:18:08 AM hudson.slaves.SlaveComputer tryReconnect
INFO: Attempting to reconnect Installer_ibmplinux64_elevon
Aug 10, 2015 5:18:08 AM hudson.slaves.SlaveComputer tryReconnect
INFO: Attempting to reconnect RS_build_test_hpia64_repqahpia1
Aug 10, 2015 5:18:08 AM hudson.slaves.SlaveComputer tryReconnect
INFO: Attempting to reconnect RS_build_test_hpia64_repqahpia5
Aug 10, 2015 5:20:08 AM hudson.slaves.SlaveComputer tryReconnect
INFO: Attempting to reconnect RS_build_sunx64_asekernal6
Aug 10, 2015 5:24:08 AM hudson.slaves.SlaveComputer tryReconnect
INFO: Attempting to reconnect RS_build_sunx64_augusta
Aug 10, 2015 5:34:08 AM hudson.slaves.SlaveComputer tryReconnect
INFO: Attempting to reconnect RS_build_test_sunsparc64_whitney
Aug 10, 2015 5:41:08 AM hudson.slaves.SlaveComputer tryReconnect
INFO: Attempting to reconnect Installer_ibmplinux64_elevon
Aug 10, 2015 5:41:08 AM hudson.slaves.SlaveComputer tryReconnect
INFO: Attempting to reconnect RS_build_test_hpia64_repqahpia1
Aug 10, 2015 5:41:08 AM hudson.slaves.SlaveComputer tryReconnect
INFO: Attempting to reconnect RS_build_test_hpia64_repqahpia5
Aug 10, 2015 5:43:08 AM hudson.slaves.SlaveComputer tryReconnect
INFO: Attempting to reconnect RS_build_sunx64_asekernal6
Aug 10, 2015 5:47:08 AM hudson.slaves.SlaveComputer tryReconnect
INFO: Attempting to reconnect RS_build_sunx64_augusta
Aug 10, 2015 5:57:08 AM hudson.slaves.SlaveComputer tryReconnect
INFO: Attempting to reconnect RS_build_test_sunsparc64_whitney
Aug 10, 2015 6:04:08 AM hudson.slaves.SlaveComputer tryReconnect
INFO: Attempting to reconnect Installer_ibmplinux64_elevon
Aug 10, 2015 6:04:08 AM hudson.slaves.SlaveComputer tryReconnect
INFO: Attempting to reconnect RS_build_test_hpia64_repqahpia1
Aug 10, 2015 6:04:08 AM hudson.slaves.SlaveComputer tryReconnect
INFO: Attempting to reconnect RS_build_test_hpia64_repqahpia5
Aug 10, 2015 6:05:08 AM hudson.slaves.SlaveComputer tryReconnect
INFO: Attempting to reconnect RS_build_sunx64_asekernal6
Aug 10, 2015 6:07:10 AM hudson.node_monitors.ResponseTimeMonitor$1 monitor
WARNING: Making RS_build_sunx64_augusta offline because it’s not responding
Aug 10, 2015 6:07:10 AM hudson.node_monitors.ResponseTimeMonitor$1 monitor
WARNING: Making RS_build_test_sunsparc64_whitney offline because it’s not responding
Aug 10, 2015 6:07:10 AM hudson.node_monitors.ResponseTimeMonitor$1 monitor
WARNING: Making RS_build_test_hpia64_repqahpia1 offline because it’s not responding
Aug 10, 2015 6:07:10 AM hudson.node_monitors.ResponseTimeMonitor$1 monitor
WARNING: Making RS_build_test_hpia64_repqahpia5 offline because it’s not responding
Aug 10, 2015 6:07:10 AM hudson.node_monitors.ResponseTimeMonitor$1 monitor
WARNING: Making RS_build_sunx64_asekernal6 offline because it’s not responding
Aug 10, 2015 6:07:10 AM hudson.node_monitors.ResponseTimeMonitor$1 monitor
WARNING: Making Installer_ibmplinux64_elevon offline because it’s not responding
Aug 10, 2015 6:09:08 AM hudson.slaves.SlaveComputer tryReconnect
INFO: Attempting to reconnect RS_build_sunx64_augusta
Aug 10, 2015 6:18:08 AM hudson.slaves.SlaveComputer tryReconnect
INFO: Attempting to reconnect RS_build_test_sunsparc64_whitney
Aug 10, 2015 6:25:08 AM hudson.slaves.SlaveComputer tryReconnect
INFO: Attempting to reconnect Installer_ibmplinux64_elevon
Aug 10, 2015 6:25:08 AM hudson.slaves.SlaveComputer tryReconnect
INFO: Attempting to reconnect RS_build_test_hpia64_repqahpia1
Aug 10, 2015 6:25:08 AM hudson.slaves.SlaveComputer tryReconnect
INFO: Attempting to reconnect RS_build_test_hpia64_repqahpia5
Aug 10, 2015 6:27:08 AM hudson.slaves.SlaveComputer tryReconnect
INFO: Attempting to reconnect RS_build_sunx64_asekernal6
Aug 10, 2015 6:31:08 AM hudson.slaves.SlaveComputer tryReconnect
INFO: Attempting to reconnect RS_build_sunx64_augusta
Aug 10, 2015 6:40:08 AM hudson.slaves.SlaveComputer tryReconnect
INFO: Attempting to reconnect RS_build_test_sunsparc64_whitney
Aug 10, 2015 6:47:08 AM hudson.slaves.SlaveComputer tryReconnect
INFO: Attempting to reconnect Installer_ibmplinux64_elevon
Aug 10, 2015 6:47:08 AM hudson.slaves.SlaveComputer tryReconnect
INFO: Attempting to reconnect RS_build_test_hpia64_repqahpia1
Aug 10, 2015 6:47:08 AM hudson.slaves.SlaveComputer tryReconnect
INFO: Attempting to reconnect RS_build_test_hpia64_repqahpia5
Aug 10, 2015 6:49:08 AM hudson.slaves.SlaveComputer tryReconnect
INFO: Attempting to reconnect RS_build_sunx64_asekernal6
Aug 10, 2015 6:52:08 AM hudson.slaves.SlaveComputer tryReconnect
INFO: Attempting to reconnect RS_build_sunx64_augusta
Aug 10, 2015 7:02:08 AM hudson.slaves.SlaveComputer tryReconnect
INFO: Attempting to reconnect RS_build_test_sunsparc64_whitney
Aug 10, 2015 7:07:10 AM hudson.node_monitors.ResponseTimeMonitor$1 monitor
WARNING: Making RS_build_sunx64_augusta offline because it’s not responding
Aug 10, 2015 7:07:10 AM hudson.node_monitors.ResponseTimeMonitor$1 monitor
WARNING: Making RS_build_test_sunsparc64_whitney offline because it’s not responding
Aug 10, 2015 7:07:10 AM hudson.node_monitors.ResponseTimeMonitor$1 monitor
WARNING: Making RS_build_test_hpia64_repqahpia1 offline because it’s not responding
Aug 10, 2015 7:07:10 AM hudson.node_monitors.ResponseTimeMonitor$1 monitor
WARNING: Making RS_build_test_hpia64_repqahpia5 offline because it’s not responding
Aug 10, 2015 7:07:10 AM hudson.node_monitors.ResponseTimeMonitor$1 monitor
WARNING: Making RS_build_sunx64_asekernal6 offline because it’s not responding
Aug 10, 2015 7:07:10 AM hudson.node_monitors.ResponseTimeMonitor$1 monitor
WARNING: Making Installer_ibmplinux64_elevon offline because it’s not responding
Aug 10, 2015 7:10:08 AM hudson.slaves.SlaveComputer tryReconnect
INFO: Attempting to reconnect Installer_ibmplinux64_elevon
Aug 10, 2015 7:10:08 AM hudson.slaves.SlaveComputer tryReconnect
INFO: Attempting to reconnect RS_build_test_hpia64_repqahpia1
Aug 10, 2015 7:10:08 AM hudson.slaves.SlaveComputer tryReconnect
INFO: Attempting to reconnect RS_build_test_hpia64_repqahpia5
Aug 10, 2015 7:10:14 AM hudson.remoting.SynchronousCommandTransport$ReaderThread run
SEVERE: I/O error in channel Installer_ibmplinux64_elevon
java.io.IOException: Unexpected termination of the channel
	at hudson.remoting.SynchronousCommandTransport$ReaderThread.run(SynchronousCommandTransport.java:50)
Caused by: java.io.EOFException
	at java.io.ObjectInputStream$PeekInputStream.readFully(ObjectInputStream.java:2297)
	at java.io.ObjectInputStream$BlockDataInputStream.readShort(ObjectInputStream.java:2766)
	at java.io.ObjectInputStream.readStreamHeader(ObjectInputStream.java:797)
	at java.io.ObjectInputStream.<init>(ObjectInputStream.java:297)
	at hudson.remoting.ObjectInputStreamEx.<init>(ObjectInputStreamEx.java:40)
	at hudson.remoting.AbstractSynchronousByteArrayCommandTransport.read(AbstractSynchronousByteArrayCommandTransport.java:34)
	at hudson.remoting.SynchronousCommandTransport$ReaderThread.run(SynchronousCommandTransport.java:48)
Aug 10, 2015 7:12:08 AM hudson.slaves.SlaveComputer tryReconnect
INFO: Attempting to reconnect RS_build_sunx64_asekernal6
Aug 10, 2015 7:15:08 AM hudson.slaves.SlaveComputer tryReconnect
INFO: Attempting to reconnect RS_build_sunx64_augusta
Aug 10, 2015 7:25:08 AM hudson.slaves.SlaveComputer tryReconnect
INFO: Attempting to reconnect RS_build_test_sunsparc64_whitney
Aug 10, 2015 7:32:08 AM hudson.slaves.SlaveComputer tryReconnect
INFO: Attempting to reconnect Installer_ibmplinux64_elevon
Aug 10, 2015 7:32:08 AM hudson.slaves.SlaveComputer tryReconnect
INFO: Attempting to reconnect RS_build_test_hpia64_repqahpia1
Aug 10, 2015 7:32:08 AM hudson.slaves.SlaveComputer tryReconnect
INFO: Attempting to reconnect RS_build_test_hpia64_repqahpia5
Aug 10, 2015 7:34:08 AM hudson.slaves.SlaveComputer tryReconnect
INFO: Attempting to reconnect RS_build_sunx64_asekernal6
Aug 10, 2015 7:38:08 AM hudson.slaves.SlaveComputer tryReconnect
INFO: Attempting to reconnect RS_build_sunx64_augusta
Aug 10, 2015 7:46:08 AM hudson.slaves.SlaveComputer tryReconnect
INFO: Attempting to reconnect RS_build_test_sunsparc64_whitney
Aug 10, 2015 7:54:08 AM hudson.slaves.SlaveComputer tryReconnect
INFO: Attempting to reconnect Installer_ibmplinux64_elevon
Aug 10, 2015 7:54:08 AM hudson.slaves.SlaveComputer tryReconnect
INFO: Attempting to reconnect RS_build_test_hpia64_repqahpia1
Aug 10, 2015 7:54:08 AM hudson.slaves.SlaveComputer tryReconnect
INFO: Attempting to reconnect RS_build_test_hpia64_repqahpia5
Aug 10, 2015 7:56:08 AM hudson.slaves.SlaveComputer tryReconnect
INFO: Attempting to reconnect RS_build_sunx64_asekernal6
Aug 10, 2015 8:00:08 AM hudson.slaves.SlaveComputer tryReconnect
INFO: Attempting to reconnect RS_build_sunx64_augusta
Aug 10, 2015 8:07:10 AM hudson.node_monitors.ResponseTimeMonitor$1 monitor
WARNING: Making RS_build_sunx64_augusta offline because it’s not responding
Aug 10, 2015 8:07:10 AM hudson.node_monitors.ResponseTimeMonitor$1 monitor
WARNING: Making RS_build_test_sunsparc64_whitney offline because it’s not responding
Aug 10, 2015 8:07:10 AM hudson.node_monitors.ResponseTimeMonitor$1 monitor
WARNING: Making RS_build_test_hpia64_repqahpia1 offline because it’s not responding
Aug 10, 2015 8:07:10 AM hudson.node_monitors.ResponseTimeMonitor$1 monitor
WARNING: Making RS_build_test_hpia64_repqahpia5 offline because it’s not responding
Aug 10, 2015 8:07:10 AM hudson.node_monitors.ResponseTimeMonitor$1 monitor
WARNING: Making RS_build_sunx64_asekernal6 offline because it’s not responding
Aug 10, 2015 8:07:10 AM hudson.node_monitors.ResponseTimeMonitor$1 monitor
WARNING: Making Installer_ibmplinux64_elevon offline because it’s not responding
Aug 10, 2015 8:09:08 AM hudson.slaves.SlaveComputer tryReconnect
INFO: Attempting to reconnect RS_build_test_sunsparc64_whitney
Aug 10, 2015 8:16:08 AM hudson.slaves.SlaveComputer tryReconnect
INFO: Attempting to reconnect Installer_ibmplinux64_elevon
Aug 10, 2015 8:16:08 AM hudson.slaves.SlaveComputer tryReconnect
INFO: Attempting to reconnect RS_build_test_hpia64_repqahpia1
Aug 10, 2015 8:16:08 AM hudson.slaves.SlaveComputer tryReconnect
INFO: Attempting to reconnect RS_build_test_hpia64_repqahpia5
Aug 10, 2015 8:18:08 AM hudson.slaves.SlaveComputer tryReconnect
INFO: Attempting to reconnect RS_build_sunx64_asekernal6
Aug 10, 2015 8:21:08 AM hudson.slaves.SlaveComputer tryReconnect
INFO: Attempting to reconnect RS_build_sunx64_augusta
Aug 10, 2015 8:30:08 AM hudson.slaves.SlaveComputer tryReconnect
INFO: Attempting to reconnect RS_build_test_sunsparc64_whitney
Aug 10, 2015 8:37:08 AM hudson.slaves.SlaveComputer tryReconnect
INFO: Attempting to reconnect Installer_ibmplinux64_elevon
Aug 10, 2015 8:37:08 AM hudson.slaves.SlaveComputer tryReconnect
INFO: Attempting to reconnect RS_build_test_hpia64_repqahpia1
Aug 10, 2015 8:37:08 AM hudson.slaves.SlaveComputer tryReconnect
INFO: Attempting to reconnect RS_build_test_hpia64_repqahpia5
Aug 10, 2015 8:39:08 AM hudson.slaves.SlaveComputer tryReconnect
INFO: Attempting to reconnect RS_build_sunx64_asekernal6
Aug 10, 2015 8:42:08 AM hudson.slaves.SlaveComputer tryReconnect
INFO: Attempting to reconnect RS_build_sunx64_augusta
Aug 10, 2015 8:51:08 AM hudson.slaves.SlaveComputer tryReconnect
INFO: Attempting to reconnect RS_build_test_sunsparc64_whitney
Aug 10, 2015 8:59:08 AM hudson.slaves.SlaveComputer tryReconnect
INFO: Attempting to reconnect Installer_ibmplinux64_elevon
Aug 10, 2015 8:59:08 AM hudson.slaves.SlaveComputer tryReconnect
INFO: Attempting to reconnect RS_build_test_hpia64_repqahpia1
Aug 10, 2015 8:59:08 AM hudson.slaves.SlaveComputer tryReconnect
INFO: Attempting to reconnect RS_build_test_hpia64_repqahpia5
Aug 10, 2015 9:01:08 AM hudson.slaves.SlaveComputer tryReconnect
INFO: Attempting to reconnect RS_build_sunx64_asekernal6
Aug 10, 2015 9:01:50 AM hudson.model.AsyncPeriodicWork$1 run
INFO: Started Fingerprint cleanup
Aug 10, 2015 9:01:50 AM hudson.model.AsyncPeriodicWork$1 run
INFO: Finished Fingerprint cleanup. 44 ms
Aug 10, 2015 9:04:08 AM hudson.slaves.SlaveComputer tryReconnect
INFO: Attempting to reconnect RS_build_sunx64_augusta
Aug 10, 2015 9:07:10 AM hudson.node_monitors.ResponseTimeMonitor$1 monitor
WARNING: Making RS_build_sunx64_augusta offline because it’s not responding
Aug 10, 2015 9:07:10 AM hudson.node_monitors.ResponseTimeMonitor$1 monitor
WARNING: Making RS_build_test_sunsparc64_whitney offline because it’s not responding
Aug 10, 2015 9:07:10 AM hudson.node_monitors.ResponseTimeMonitor$1 monitor
WARNING: Making RS_build_test_hpia64_repqahpia1 offline because it’s not responding
Aug 10, 2015 9:07:10 AM hudson.node_monitors.ResponseTimeMonitor$1 monitor
WARNING: Making RS_build_test_hpia64_repqahpia5 offline because it’s not responding
Aug 10, 2015 9:07:10 AM hudson.node_monitors.ResponseTimeMonitor$1 monitor
WARNING: Making RS_build_sunx64_asekernal6 offline because it’s not responding
Aug 10, 2015 9:07:10 AM hudson.node_monitors.ResponseTimeMonitor$1 monitor
WARNING: Making Installer_ibmplinux64_elevon offline because it’s not responding
Aug 10, 2015 9:14:08 AM hudson.slaves.SlaveComputer tryReconnect
INFO: Attempting to reconnect RS_build_test_sunsparc64_whitney
Aug 10, 2015 9:21:08 AM hudson.slaves.SlaveComputer tryReconnect
INFO: Attempting to reconnect Installer_ibmplinux64_elevon
Aug 10, 2015 9:21:08 AM hudson.slaves.SlaveComputer tryReconnect
INFO: Attempting to reconnect RS_build_test_hpia64_repqahpia1
Aug 10, 2015 9:21:08 AM hudson.slaves.SlaveComputer tryReconnect
INFO: Attempting to reconnect RS_build_test_hpia64_repqahpia5
Aug 10, 2015 9:23:08 AM hudson.slaves.SlaveComputer tryReconnect
INFO: Attempting to reconnect RS_build_sunx64_asekernal6
Aug 10, 2015 9:27:08 AM hudson.slaves.SlaveComputer tryReconnect
INFO: Attempting to reconnect RS_build_sunx64_augusta
Aug 10, 2015 9:36:08 AM hudson.slaves.SlaveComputer tryReconnect
INFO: Attempting to reconnect RS_build_test_sunsparc64_whitney
Aug 10, 2015 9:43:08 AM hudson.slaves.SlaveComputer tryReconnect
INFO: Attempting to reconnect Installer_ibmplinux64_elevon
Aug 10, 2015 9:43:08 AM hudson.slaves.SlaveComputer tryReconnect
INFO: Attempting to reconnect RS_build_test_hpia64_repqahpia1
Aug 10, 2015 9:43:08 AM hudson.slaves.SlaveComputer tryReconnect
INFO: Attempting to reconnect RS_build_test_hpia64_repqahpia5
Aug 10, 2015 9:45:08 AM hudson.slaves.SlaveComputer tryReconnect
INFO: Attempting to reconnect RS_build_sunx64_asekernal6
Aug 10, 2015 9:48:08 AM hudson.slaves.SlaveComputer tryReconnect
INFO: Attempting to reconnect RS_build_sunx64_augusta
Aug 10, 2015 9:58:08 AM hudson.slaves.SlaveComputer tryReconnect
INFO: Attempting to reconnect RS_build_test_sunsparc64_whitney
Aug 10, 2015 10:05:08 AM hudson.slaves.SlaveComputer tryReconnect
INFO: Attempting to reconnect Installer_ibmplinux64_elevon
Aug 10, 2015 10:05:08 AM hudson.slaves.SlaveComputer tryReconnect
INFO: Attempting to reconnect RS_build_test_hpia64_repqahpia1
Aug 10, 2015 10:05:08 AM hudson.slaves.SlaveComputer tryReconnect
INFO: Attempting to reconnect RS_build_test_hpia64_repqahpia5
Aug 10, 2015 10:07:08 AM hudson.slaves.SlaveComputer tryReconnect
INFO: Attempting to reconnect RS_build_sunx64_asekernal6
Aug 10, 2015 10:07:10 AM hudson.node_monitors.ResponseTimeMonitor$1 monitor
WARNING: Making RS_build_sunx64_augusta offline because it’s not responding
Aug 10, 2015 10:07:10 AM hudson.node_monitors.ResponseTimeMonitor$1 monitor
WARNING: Making RS_build_test_sunsparc64_whitney offline because it’s not responding
Aug 10, 2015 10:07:10 AM hudson.node_monitors.ResponseTimeMonitor$1 monitor
WARNING: Making RS_build_test_hpia64_repqahpia1 offline because it’s not responding
Aug 10, 2015 10:07:10 AM hudson.node_monitors.ResponseTimeMonitor$1 monitor
WARNING: Making RS_build_test_hpia64_repqahpia5 offline because it’s not responding
Aug 10, 2015 10:07:10 AM hudson.node_monitors.ResponseTimeMonitor$1 monitor
WARNING: Making RS_build_sunx64_asekernal6 offline because it’s not responding
Aug 10, 2015 10:07:10 AM hudson.node_monitors.ResponseTimeMonitor$1 monitor
WARNING: Making Installer_ibmplinux64_elevon offline because it’s not responding
Aug 10, 2015 10:10:08 AM hudson.slaves.SlaveComputer tryReconnect
INFO: Attempting to reconnect RS_build_sunx64_augusta
Aug 10, 2015 10:19:08 AM hudson.slaves.SlaveComputer tryReconnect
INFO: Attempting to reconnect RS_build_test_sunsparc64_whitney
Aug 10, 2015 10:26:08 AM hudson.slaves.SlaveComputer tryReconnect
INFO: Attempting to reconnect Installer_ibmplinux64_elevon
Aug 10, 2015 10:26:08 AM hudson.slaves.SlaveComputer tryReconnect
INFO: Attempting to reconnect RS_build_test_hpia64_repqahpia1
Aug 10, 2015 10:26:08 AM hudson.slaves.SlaveComputer tryReconnect
INFO: Attempting to reconnect RS_build_test_hpia64_repqahpia5
Aug 10, 2015 10:28:08 AM hudson.slaves.SlaveComputer tryReconnect
INFO: Attempting to reconnect RS_build_sunx64_asekernal6
Aug 10, 2015 10:32:08 AM hudson.slaves.SlaveComputer tryReconnect
INFO: Attempting to reconnect RS_build_sunx64_augusta
Aug 10, 2015 10:42:08 AM hudson.slaves.SlaveComputer tryReconnect
INFO: Attempting to reconnect RS_build_test_sunsparc64_whitney
Aug 10, 2015 10:48:08 AM hudson.slaves.SlaveComputer tryReconnect
INFO: Attempting to reconnect Installer_ibmplinux64_elevon
Aug 10, 2015 10:48:08 AM hudson.slaves.SlaveComputer tryReconnect
INFO: Attempting to reconnect RS_build_test_hpia64_repqahpia1
Aug 10, 2015 10:48:08 AM hudson.slaves.SlaveComputer tryReconnect
INFO: Attempting to reconnect RS_build_test_hpia64_repqahpia5
Aug 10, 2015 10:50:08 AM hudson.slaves.SlaveComputer tryReconnect
INFO: Attempting to reconnect RS_build_sunx64_asekernal6
Aug 10, 2015 10:54:08 AM hudson.slaves.SlaveComputer tryReconnect
INFO: Attempting to reconnect RS_build_sunx64_augusta
Aug 10, 2015 11:03:08 AM hudson.slaves.SlaveComputer tryReconnect
INFO: Attempting to reconnect RS_build_test_sunsparc64_whitney
Aug 10, 2015 11:07:10 AM hudson.node_monitors.ResponseTimeMonitor$1 monitor
WARNING: Making RS_build_sunx64_augusta offline because it’s not responding
Aug 10, 2015 11:07:10 AM hudson.node_monitors.ResponseTimeMonitor$1 monitor
WARNING: Making RS_build_test_sunsparc64_whitney offline because it’s not responding
Aug 10, 2015 11:07:10 AM hudson.node_monitors.ResponseTimeMonitor$1 monitor
WARNING: Making RS_build_test_hpia64_repqahpia1 offline because it’s not responding
Aug 10, 2015 11:07:10 AM hudson.node_monitors.ResponseTimeMonitor$1 monitor
WARNING: Making RS_build_test_hpia64_repqahpia5 offline because it’s not responding
Aug 10, 2015 11:07:10 AM hudson.node_monitors.ResponseTimeMonitor$1 monitor
WARNING: Making RS_build_sunx64_asekernal6 offline because it’s not responding
Aug 10, 2015 11:07:10 AM hudson.node_monitors.ResponseTimeMonitor$1 monitor
WARNING: Making Installer_ibmplinux64_elevon offline because it’s not responding
Aug 10, 2015 11:11:08 AM hudson.slaves.SlaveComputer tryReconnect
INFO: Attempting to reconnect Installer_ibmplinux64_elevon
Aug 10, 2015 11:11:08 AM hudson.slaves.SlaveComputer tryReconnect
INFO: Attempting to reconnect RS_build_test_hpia64_repqahpia1
Aug 10, 2015 11:11:08 AM hudson.slaves.SlaveComputer tryReconnect
INFO: Attempting to reconnect RS_build_test_hpia64_repqahpia5
Aug 10, 2015 11:13:08 AM hudson.slaves.SlaveComputer tryReconnect
INFO: Attempting to reconnect RS_build_sunx64_asekernal6
Aug 10, 2015 11:17:08 AM hudson.slaves.SlaveComputer tryReconnect
INFO: Attempting to reconnect RS_build_sunx64_augusta
Aug 10, 2015 11:26:08 AM hudson.slaves.SlaveComputer tryReconnect
INFO: Attempting to reconnect RS_build_test_sunsparc64_whitney
Aug 10, 2015 11:33:08 AM hudson.slaves.SlaveComputer tryReconnect
INFO: Attempting to reconnect Installer_ibmplinux64_elevon
Aug 10, 2015 11:33:08 AM hudson.slaves.SlaveComputer tryReconnect
INFO: Attempting to reconnect RS_build_test_hpia64_repqahpia1
Aug 10, 2015 11:33:08 AM hudson.slaves.SlaveComputer tryReconnect
INFO: Attempting to reconnect RS_build_test_hpia64_repqahpia5
Aug 10, 2015 11:35:08 AM hudson.slaves.SlaveComputer tryReconnect
INFO: Attempting to reconnect RS_build_sunx64_asekernal6
Aug 10, 2015 11:38:08 AM hudson.slaves.SlaveComputer tryReconnect
INFO: Attempting to reconnect RS_build_sunx64_augusta
Aug 10, 2015 11:47:08 AM hudson.slaves.SlaveComputer tryReconnect
INFO: Attempting to reconnect RS_build_test_sunsparc64_whitney
Aug 10, 2015 11:54:08 AM hudson.slaves.SlaveComputer tryReconnect
INFO: Attempting to reconnect Installer_ibmplinux64_elevon
Aug 10, 2015 11:54:08 AM hudson.slaves.SlaveComputer tryReconnect
INFO: Attempting to reconnect RS_build_test_hpia64_repqahpia1
Aug 10, 2015 11:54:08 AM hudson.slaves.SlaveComputer tryReconnect
INFO: Attempting to reconnect RS_build_test_hpia64_repqahpia5
Aug 10, 2015 11:56:08 AM hudson.slaves.SlaveComputer tryReconnect
INFO: Attempting to reconnect RS_build_sunx64_asekernal6
Aug 10, 2015 11:59:08 AM hudson.slaves.SlaveComputer tryReconnect
INFO: Attempting to reconnect RS_build_sunx64_augusta
Aug 10, 2015 12:07:06 PM org.apache.coyote.http11.AbstractHttp11Processor process
INFO: Error parsing HTTP request header
 Note: further occurrences of HTTP header parsing errors will be logged at DEBUG level.
Aug 10, 2015 12:07:07 PM org.apache.coyote.http11.AbstractHttp11Processor process
INFO: Error parsing HTTP request header
 Note: further occurrences of HTTP header parsing errors will be logged at DEBUG level.
Aug 10, 2015 12:07:11 PM hudson.node_monitors.ResponseTimeMonitor$1 monitor
WARNING: Making RS_build_sunx64_augusta offline because it’s not responding
Aug 10, 2015 12:07:11 PM hudson.node_monitors.ResponseTimeMonitor$1 monitor
WARNING: Making RS_build_test_sunsparc64_whitney offline because it’s not responding
Aug 10, 2015 12:07:11 PM hudson.node_monitors.ResponseTimeMonitor$1 monitor
WARNING: Making RS_build_test_hpia64_repqahpia1 offline because it’s not responding
Aug 10, 2015 12:07:11 PM hudson.node_monitors.ResponseTimeMonitor$1 monitor
WARNING: Making RS_build_test_hpia64_repqahpia5 offline because it’s not responding
Aug 10, 2015 12:07:11 PM hudson.node_monitors.ResponseTimeMonitor$1 monitor
WARNING: Making RS_build_sunx64_asekernal6 offline because it’s not responding
Aug 10, 2015 12:07:11 PM hudson.node_monitors.ResponseTimeMonitor$1 monitor
WARNING: Making Installer_ibmplinux64_elevon offline because it’s not responding
Aug 10, 2015 12:08:29 PM org.apache.coyote.http11.AbstractHttp11Processor process
INFO: Error parsing HTTP request header
 Note: further occurrences of HTTP header parsing errors will be logged at DEBUG level.
Aug 10, 2015 12:08:38 PM org.apache.coyote.http11.AbstractHttp11Processor process
INFO: Error parsing HTTP request header
 Note: further occurrences of HTTP header parsing errors will be logged at DEBUG level.
Aug 10, 2015 12:09:08 PM hudson.slaves.SlaveComputer tryReconnect
INFO: Attempting to reconnect RS_build_test_sunsparc64_whitney
Aug 10, 2015 12:17:08 PM hudson.slaves.SlaveComputer tryReconnect
INFO: Attempting to reconnect Installer_ibmplinux64_elevon
Aug 10, 2015 12:17:08 PM hudson.slaves.SlaveComputer tryReconnect
INFO: Attempting to reconnect RS_build_test_hpia64_repqahpia1
Aug 10, 2015 12:17:08 PM hudson.slaves.SlaveComputer tryReconnect
INFO: Attempting to reconnect RS_build_test_hpia64_repqahpia5
Aug 10, 2015 12:19:08 PM hudson.slaves.SlaveComputer tryReconnect
INFO: Attempting to reconnect RS_build_sunx64_asekernal6
Aug 10, 2015 12:23:08 PM hudson.slaves.SlaveComputer tryReconnect
INFO: Attempting to reconnect RS_build_sunx64_augusta
Aug 10, 2015 12:32:08 PM hudson.slaves.SlaveComputer tryReconnect
INFO: Attempting to reconnect RS_build_test_sunsparc64_whitney
Aug 10, 2015 12:38:08 PM hudson.slaves.SlaveComputer tryReconnect
INFO: Attempting to reconnect Installer_ibmplinux64_elevon
Aug 10, 2015 12:38:08 PM hudson.slaves.SlaveComputer tryReconnect
INFO: Attempting to reconnect RS_build_test_hpia64_repqahpia1
Aug 10, 2015 12:38:08 PM hudson.slaves.SlaveComputer tryReconnect
INFO: Attempting to reconnect RS_build_test_hpia64_repqahpia5
Aug 10, 2015 12:40:08 PM hudson.slaves.SlaveComputer tryReconnect
INFO: Attempting to reconnect RS_build_sunx64_asekernal6
Aug 10, 2015 12:44:08 PM hudson.slaves.SlaveComputer tryReconnect
INFO: Attempting to reconnect RS_build_sunx64_augusta
Aug 10, 2015 12:53:08 PM hudson.slaves.SlaveComputer tryReconnect
INFO: Attempting to reconnect RS_build_test_sunsparc64_whitney
Aug 10, 2015 1:00:08 PM hudson.slaves.SlaveComputer tryReconnect
INFO: Attempting to reconnect Installer_ibmplinux64_elevon
Aug 10, 2015 1:00:08 PM hudson.slaves.SlaveComputer tryReconnect
INFO: Attempting to reconnect RS_build_test_hpia64_repqahpia1
Aug 10, 2015 1:00:08 PM hudson.slaves.SlaveComputer tryReconnect
INFO: Attempting to reconnect RS_build_test_hpia64_repqahpia5
Aug 10, 2015 1:02:08 PM hudson.slaves.SlaveComputer tryReconnect
INFO: Attempting to reconnect RS_build_sunx64_asekernal6
Aug 10, 2015 1:05:08 PM hudson.slaves.SlaveComputer tryReconnect
INFO: Attempting to reconnect RS_build_sunx64_augusta
Aug 10, 2015 1:07:40 PM hudson.node_monitors.AbstractAsyncNodeMonitorDescriptor monitor
WARNING: Failed to monitor RS_build_sunx_pbisunx001 for Response Time
java.util.concurrent.TimeoutException
	at hudson.remoting.Request$1.get(Request.java:271)
	at hudson.remoting.Request$1.get(Request.java:206)
	at hudson.remoting.FutureAdapter.get(FutureAdapter.java:59)
	at hudson.node_monitors.AbstractAsyncNodeMonitorDescriptor.monitor(AbstractAsyncNodeMonitorDescriptor.java:97)
	at hudson.node_monitors.ResponseTimeMonitor$1.monitor(ResponseTimeMonitor.java:58)
	at hudson.node_monitors.AbstractNodeMonitorDescriptor$Record.run(AbstractNodeMonitorDescriptor.java:302)
Aug 10, 2015 1:07:40 PM hudson.node_monitors.AbstractAsyncNodeMonitorDescriptor monitor
WARNING: Failed to monitor RS_build_sunx_pbisunx001 for Free Swap Space
java.util.concurrent.TimeoutException
	at hudson.remoting.Request$1.get(Request.java:271)
	at hudson.remoting.Request$1.get(Request.java:206)
	at hudson.remoting.FutureAdapter.get(FutureAdapter.java:59)
	at hudson.node_monitors.AbstractAsyncNodeMonitorDescriptor.monitor(AbstractAsyncNodeMonitorDescriptor.java:97)
	at hudson.node_monitors.AbstractNodeMonitorDescriptor$Record.run(AbstractNodeMonitorDescriptor.java:302)
Aug 10, 2015 1:07:40 PM hudson.node_monitors.ResponseTimeMonitor$1 monitor
WARNING: Making RS_build_sunx64_augusta offline because it’s not responding
Aug 10, 2015 1:07:40 PM hudson.node_monitors.AbstractAsyncNodeMonitorDescriptor monitor
WARNING: Failed to monitor RS_build_sunx_pbisunx001 for Free Temp Space
java.util.concurrent.TimeoutException
	at hudson.remoting.Request$1.get(Request.java:271)
	at hudson.remoting.Request$1.get(Request.java:206)
	at hudson.remoting.FutureAdapter.get(FutureAdapter.java:59)
	at hudson.node_monitors.AbstractAsyncNodeMonitorDescriptor.monitor(AbstractAsyncNodeMonitorDescriptor.java:97)
	at hudson.node_monitors.AbstractNodeMonitorDescriptor$Record.run(AbstractNodeMonitorDescriptor.java:302)
Aug 10, 2015 1:07:40 PM hudson.node_monitors.AbstractAsyncNodeMonitorDescriptor monitor
WARNING: Failed to monitor RS_build_sunx_pbisunx001 for Free Disk Space
java.util.concurrent.TimeoutException
	at hudson.remoting.Request$1.get(Request.java:271)
	at hudson.remoting.Request$1.get(Request.java:206)
	at hudson.remoting.FutureAdapter.get(FutureAdapter.java:59)
	at hudson.node_monitors.AbstractAsyncNodeMonitorDescriptor.monitor(AbstractAsyncNodeMonitorDescriptor.java:97)
	at hudson.node_monitors.AbstractNodeMonitorDescriptor$Record.run(AbstractNodeMonitorDescriptor.java:302)
Aug 10, 2015 1:07:40 PM hudson.node_monitors.AbstractAsyncNodeMonitorDescriptor monitor
WARNING: Failed to monitor RS_build_sunx_pbisunx001 for Clock Difference
java.util.concurrent.TimeoutException
	at hudson.remoting.Request$1.get(Request.java:271)
	at hudson.remoting.Request$1.get(Request.java:206)
	at hudson.remoting.FutureAdapter.get(FutureAdapter.java:59)
	at hudson.node_monitors.AbstractAsyncNodeMonitorDescriptor.monitor(AbstractAsyncNodeMonitorDescriptor.java:97)
	at hudson.node_monitors.AbstractNodeMonitorDescriptor$Record.run(AbstractNodeMonitorDescriptor.java:302)
Aug 10, 2015 1:07:40 PM hudson.node_monitors.ResponseTimeMonitor$1 monitor
WARNING: Making RS_build_test_sunsparc64_whitney offline because it’s not responding
Aug 10, 2015 1:07:40 PM hudson.node_monitors.ResponseTimeMonitor$1 monitor
WARNING: Making RS_build_test_hpia64_repqahpia1 offline because it’s not responding
Aug 10, 2015 1:07:40 PM hudson.node_monitors.ResponseTimeMonitor$1 monitor
WARNING: Making RS_build_test_hpia64_repqahpia5 offline because it’s not responding
Aug 10, 2015 1:07:40 PM hudson.node_monitors.ResponseTimeMonitor$1 monitor
WARNING: Making RS_build_sunx64_asekernal6 offline because it’s not responding
Aug 10, 2015 1:07:40 PM hudson.node_monitors.ResponseTimeMonitor$1 monitor
WARNING: Making Installer_ibmplinux64_elevon offline because it’s not responding
Aug 10, 2015 1:07:40 PM hudson.node_monitors.AbstractAsyncNodeMonitorDescriptor monitor
WARNING: Failed to monitor RS_build_sunx_pbisunx001 for Architecture
java.util.concurrent.TimeoutException
	at hudson.remoting.Request$1.get(Request.java:271)
	at hudson.remoting.Request$1.get(Request.java:206)
	at hudson.remoting.FutureAdapter.get(FutureAdapter.java:59)
	at hudson.node_monitors.AbstractAsyncNodeMonitorDescriptor.monitor(AbstractAsyncNodeMonitorDescriptor.java:97)
	at hudson.node_monitors.AbstractNodeMonitorDescriptor$Record.run(AbstractNodeMonitorDescriptor.java:302)
Aug 10, 2015 1:15:08 PM hudson.slaves.SlaveComputer tryReconnect
INFO: Attempting to reconnect RS_build_test_sunsparc64_whitney
Aug 10, 2015 1:23:08 PM hudson.slaves.SlaveComputer tryReconnect
INFO: Attempting to reconnect Installer_ibmplinux64_elevon
Aug 10, 2015 1:23:08 PM hudson.slaves.SlaveComputer tryReconnect
INFO: Attempting to reconnect RS_build_test_hpia64_repqahpia1
Aug 10, 2015 1:23:08 PM hudson.slaves.SlaveComputer tryReconnect
INFO: Attempting to reconnect RS_build_test_hpia64_repqahpia5
Aug 10, 2015 1:25:08 PM hudson.slaves.SlaveComputer tryReconnect
INFO: Attempting to reconnect RS_build_sunx64_asekernal6
Aug 10, 2015 1:29:08 PM hudson.slaves.SlaveComputer tryReconnect
INFO: Attempting to reconnect RS_build_sunx64_augusta
Aug 10, 2015 1:38:08 PM hudson.slaves.SlaveComputer tryReconnect
INFO: Attempting to reconnect RS_build_test_sunsparc64_whitney
Aug 10, 2015 1:45:08 PM hudson.slaves.SlaveComputer tryReconnect
INFO: Attempting to reconnect Installer_ibmplinux64_elevon
Aug 10, 2015 1:45:08 PM hudson.slaves.SlaveComputer tryReconnect
INFO: Attempting to reconnect RS_build_test_hpia64_repqahpia1
Aug 10, 2015 1:45:08 PM hudson.slaves.SlaveComputer tryReconnect
INFO: Attempting to reconnect RS_build_test_hpia64_repqahpia5
Aug 10, 2015 1:46:08 PM hudson.slaves.SlaveComputer tryReconnect
INFO: Attempting to reconnect RS_build_sunx64_asekernal6
Aug 10, 2015 1:50:08 PM hudson.slaves.SlaveComputer tryReconnect
INFO: Attempting to reconnect RS_build_sunx64_augusta
Aug 10, 2015 2:00:08 PM hudson.slaves.SlaveComputer tryReconnect
INFO: Attempting to reconnect RS_build_test_sunsparc64_whitney
Aug 10, 2015 2:07:13 PM hudson.node_monitors.ResponseTimeMonitor$1 monitor
WARNING: Making RS_build_sunx64_augusta offline because it’s not responding
Aug 10, 2015 2:07:13 PM hudson.node_monitors.ResponseTimeMonitor$1 monitor
WARNING: Making RS_build_test_sunsparc64_whitney offline because it’s not responding
Aug 10, 2015 2:07:13 PM hudson.node_monitors.ResponseTimeMonitor$1 monitor
WARNING: Making RS_build_test_hpia64_repqahpia1 offline because it’s not responding
Aug 10, 2015 2:07:13 PM hudson.node_monitors.ResponseTimeMonitor$1 monitor
WARNING: Making RS_build_test_hpia64_repqahpia5 offline because it’s not responding
Aug 10, 2015 2:07:13 PM hudson.node_monitors.ResponseTimeMonitor$1 monitor
WARNING: Making RS_build_sunx64_asekernal6 offline because it’s not responding
Aug 10, 2015 2:07:13 PM hudson.node_monitors.ResponseTimeMonitor$1 monitor
WARNING: Making Installer_ibmplinux64_elevon offline because it’s not responding
Aug 10, 2015 2:08:08 PM hudson.slaves.SlaveComputer tryReconnect
INFO: Attempting to reconnect Installer_ibmplinux64_elevon
Aug 10, 2015 2:08:08 PM hudson.slaves.SlaveComputer tryReconnect
INFO: Attempting to reconnect RS_build_test_hpia64_repqahpia1
Aug 10, 2015 2:08:08 PM hudson.slaves.SlaveComputer tryReconnect
INFO: Attempting to reconnect RS_build_test_hpia64_repqahpia5
Aug 10, 2015 2:09:08 PM hudson.slaves.SlaveComputer tryReconnect
INFO: Attempting to reconnect RS_build_sunx64_asekernal6
Aug 10, 2015 2:12:08 PM hudson.slaves.SlaveComputer tryReconnect
INFO: Attempting to reconnect RS_build_sunx64_augusta
Aug 10, 2015 2:22:08 PM hudson.slaves.SlaveComputer tryReconnect
INFO: Attempting to reconnect RS_build_test_sunsparc64_whitney
Aug 10, 2015 2:29:08 PM hudson.slaves.SlaveComputer tryReconnect
INFO: Attempting to reconnect Installer_ibmplinux64_elevon
Aug 10, 2015 2:29:08 PM hudson.slaves.SlaveComputer tryReconnect
INFO: Attempting to reconnect RS_build_test_hpia64_repqahpia1
Aug 10, 2015 2:29:08 PM hudson.slaves.SlaveComputer tryReconnect
INFO: Attempting to reconnect RS_build_test_hpia64_repqahpia5
Aug 10, 2015 2:29:17 PM hudson.remoting.SynchronousCommandTransport$ReaderThread run
SEVERE: I/O error in channel Installer_ibmplinux64_elevon
java.io.IOException: Unexpected termination of the channel
	at hudson.remoting.SynchronousCommandTransport$ReaderThread.run(SynchronousCommandTransport.java:50)
Caused by: java.io.EOFException
	at java.io.ObjectInputStream$PeekInputStream.readFully(ObjectInputStream.java:2297)
	at java.io.ObjectInputStream$BlockDataInputStream.readShort(ObjectInputStream.java:2766)
	at java.io.ObjectInputStream.readStreamHeader(ObjectInputStream.java:797)
	at java.io.ObjectInputStream.<init>(ObjectInputStream.java:297)
	at hudson.remoting.ObjectInputStreamEx.<init>(ObjectInputStreamEx.java:40)
	at hudson.remoting.AbstractSynchronousByteArrayCommandTransport.read(AbstractSynchronousByteArrayCommandTransport.java:34)
	at hudson.remoting.SynchronousCommandTransport$ReaderThread.run(SynchronousCommandTransport.java:48)
Aug 10, 2015 2:31:08 PM hudson.slaves.SlaveComputer tryReconnect
INFO: Attempting to reconnect RS_build_sunx64_asekernal6
Aug 10, 2015 2:35:08 PM hudson.slaves.SlaveComputer tryReconnect
INFO: Attempting to reconnect RS_build_sunx64_augusta
Aug 10, 2015 2:43:08 PM hudson.slaves.SlaveComputer tryReconnect
INFO: Attempting to reconnect RS_build_test_sunsparc64_whitney
Aug 10, 2015 2:51:08 PM hudson.slaves.SlaveComputer tryReconnect
INFO: Attempting to reconnect Installer_ibmplinux64_elevon
Aug 10, 2015 2:51:08 PM hudson.slaves.SlaveComputer tryReconnect
INFO: Attempting to reconnect RS_build_test_hpia64_repqahpia1
Aug 10, 2015 2:51:08 PM hudson.slaves.SlaveComputer tryReconnect
INFO: Attempting to reconnect RS_build_test_hpia64_repqahpia5
Aug 10, 2015 2:53:08 PM hudson.slaves.SlaveComputer tryReconnect
INFO: Attempting to reconnect RS_build_sunx64_asekernal6
Aug 10, 2015 2:56:08 PM hudson.slaves.SlaveComputer tryReconnect
INFO: Attempting to reconnect RS_build_sunx64_augusta
Aug 10, 2015 3:06:08 PM hudson.slaves.SlaveComputer tryReconnect
INFO: Attempting to reconnect RS_build_test_sunsparc64_whitney
Aug 10, 2015 3:07:12 PM hudson.node_monitors.ResponseTimeMonitor$1 monitor
WARNING: Making RS_build_sunx64_augusta offline because it’s not responding
Aug 10, 2015 3:07:12 PM hudson.node_monitors.ResponseTimeMonitor$1 monitor
WARNING: Making RS_build_test_sunsparc64_whitney offline because it’s not responding
Aug 10, 2015 3:07:12 PM hudson.node_monitors.ResponseTimeMonitor$1 monitor
WARNING: Making RS_build_test_hpia64_repqahpia1 offline because it’s not responding
Aug 10, 2015 3:07:12 PM hudson.node_monitors.ResponseTimeMonitor$1 monitor
WARNING: Making RS_build_test_hpia64_repqahpia5 offline because it’s not responding
Aug 10, 2015 3:07:12 PM hudson.node_monitors.ResponseTimeMonitor$1 monitor
WARNING: Making RS_build_sunx64_asekernal6 offline because it’s not responding
Aug 10, 2015 3:07:12 PM hudson.node_monitors.ResponseTimeMonitor$1 monitor
WARNING: Making Installer_ibmplinux64_elevon offline because it’s not responding
Aug 10, 2015 3:13:08 PM hudson.slaves.SlaveComputer tryReconnect
INFO: Attempting to reconnect Installer_ibmplinux64_elevon
Aug 10, 2015 3:13:08 PM hudson.slaves.SlaveComputer tryReconnect
INFO: Attempting to reconnect RS_build_test_hpia64_repqahpia1
Aug 10, 2015 3:13:08 PM hudson.slaves.SlaveComputer tryReconnect
INFO: Attempting to reconnect RS_build_test_hpia64_repqahpia5
Aug 10, 2015 3:15:08 PM hudson.slaves.SlaveComputer tryReconnect
INFO: Attempting to reconnect RS_build_sunx64_asekernal6
Aug 10, 2015 3:19:08 PM hudson.slaves.SlaveComputer tryReconnect
INFO: Attempting to reconnect RS_build_sunx64_augusta
Aug 10, 2015 3:28:08 PM hudson.slaves.SlaveComputer tryReconnect
INFO: Attempting to reconnect RS_build_test_sunsparc64_whitney
Aug 10, 2015 3:36:08 PM hudson.slaves.SlaveComputer tryReconnect
INFO: Attempting to reconnect Installer_ibmplinux64_elevon
Aug 10, 2015 3:36:08 PM hudson.slaves.SlaveComputer tryReconnect
INFO: Attempting to reconnect RS_build_test_hpia64_repqahpia1
Aug 10, 2015 3:36:08 PM hudson.slaves.SlaveComputer tryReconnect
INFO: Attempting to reconnect RS_build_test_hpia64_repqahpia5
Aug 10, 2015 3:37:08 PM hudson.slaves.SlaveComputer tryReconnect
INFO: Attempting to reconnect RS_build_sunx64_asekernal6
Aug 10, 2015 3:41:08 PM hudson.slaves.SlaveComputer tryReconnect
INFO: Attempting to reconnect RS_build_sunx64_augusta
Aug 10, 2015 3:50:08 PM hudson.slaves.SlaveComputer tryReconnect
INFO: Attempting to reconnect RS_build_test_sunsparc64_whitney
Aug 10, 2015 3:57:08 PM hudson.slaves.SlaveComputer tryReconnect
INFO: Attempting to reconnect Installer_ibmplinux64_elevon
Aug 10, 2015 3:57:08 PM hudson.slaves.SlaveComputer tryReconnect
INFO: Attempting to reconnect RS_build_test_hpia64_repqahpia1
Aug 10, 2015 3:57:08 PM hudson.slaves.SlaveComputer tryReconnect
INFO: Attempting to reconnect RS_build_test_hpia64_repqahpia5
Aug 10, 2015 3:59:08 PM hudson.slaves.SlaveComputer tryReconnect
INFO: Attempting to reconnect RS_build_sunx64_asekernal6
Aug 10, 2015 4:03:08 PM hudson.slaves.SlaveComputer tryReconnect
INFO: Attempting to reconnect RS_build_sunx64_augusta
Aug 10, 2015 4:07:13 PM hudson.node_monitors.ResponseTimeMonitor$1 monitor
WARNING: Making RS_build_sunx64_augusta offline because it’s not responding
Aug 10, 2015 4:07:13 PM hudson.node_monitors.ResponseTimeMonitor$1 monitor
WARNING: Making RS_build_test_sunsparc64_whitney offline because it’s not responding
Aug 10, 2015 4:07:13 PM hudson.node_monitors.ResponseTimeMonitor$1 monitor
WARNING: Making RS_build_test_hpia64_repqahpia1 offline because it’s not responding
Aug 10, 2015 4:07:13 PM hudson.node_monitors.ResponseTimeMonitor$1 monitor
WARNING: Making RS_build_test_hpia64_repqahpia5 offline because it’s not responding
Aug 10, 2015 4:07:13 PM hudson.node_monitors.ResponseTimeMonitor$1 monitor
WARNING: Making RS_build_sunx64_asekernal6 offline because it’s not responding
Aug 10, 2015 4:07:13 PM hudson.node_monitors.ResponseTimeMonitor$1 monitor
WARNING: Making Installer_ibmplinux64_elevon offline because it’s not responding
Aug 10, 2015 4:12:08 PM hudson.slaves.SlaveComputer tryReconnect
INFO: Attempting to reconnect RS_build_test_sunsparc64_whitney
Aug 10, 2015 4:19:08 PM hudson.slaves.SlaveComputer tryReconnect
INFO: Attempting to reconnect Installer_ibmplinux64_elevon
Aug 10, 2015 4:19:08 PM hudson.slaves.SlaveComputer tryReconnect
INFO: Attempting to reconnect RS_build_test_hpia64_repqahpia1
Aug 10, 2015 4:19:08 PM hudson.slaves.SlaveComputer tryReconnect
INFO: Attempting to reconnect RS_build_test_hpia64_repqahpia5
Aug 10, 2015 4:21:08 PM hudson.slaves.SlaveComputer tryReconnect
INFO: Attempting to reconnect RS_build_sunx64_asekernal6
Aug 10, 2015 4:25:08 PM hudson.slaves.SlaveComputer tryReconnect
INFO: Attempting to reconnect RS_build_sunx64_augusta
Aug 10, 2015 4:35:08 PM hudson.slaves.SlaveComputer tryReconnect
INFO: Attempting to reconnect RS_build_test_sunsparc64_whitney
Aug 10, 2015 4:42:08 PM hudson.slaves.SlaveComputer tryReconnect
INFO: Attempting to reconnect Installer_ibmplinux64_elevon
Aug 10, 2015 4:42:08 PM hudson.slaves.SlaveComputer tryReconnect
INFO: Attempting to reconnect RS_build_test_hpia64_repqahpia1
Aug 10, 2015 4:42:08 PM hudson.slaves.SlaveComputer tryReconnect
INFO: Attempting to reconnect RS_build_test_hpia64_repqahpia5
Aug 10, 2015 4:43:08 PM hudson.slaves.SlaveComputer tryReconnect
INFO: Attempting to reconnect RS_build_sunx64_asekernal6
Aug 10, 2015 4:47:08 PM hudson.slaves.SlaveComputer tryReconnect
INFO: Attempting to reconnect RS_build_sunx64_augusta
Aug 10, 2015 4:57:08 PM hudson.slaves.SlaveComputer tryReconnect
INFO: Attempting to reconnect RS_build_test_sunsparc64_whitney
Aug 10, 2015 5:04:08 PM hudson.slaves.SlaveComputer tryReconnect
INFO: Attempting to reconnect Installer_ibmplinux64_elevon
Aug 10, 2015 5:04:08 PM hudson.slaves.SlaveComputer tryReconnect
INFO: Attempting to reconnect RS_build_test_hpia64_repqahpia1
Aug 10, 2015 5:04:08 PM hudson.slaves.SlaveComputer tryReconnect
INFO: Attempting to reconnect RS_build_test_hpia64_repqahpia5
Aug 10, 2015 5:06:08 PM hudson.slaves.SlaveComputer tryReconnect
INFO: Attempting to reconnect RS_build_sunx64_asekernal6
Aug 10, 2015 5:07:10 PM hudson.node_monitors.ResponseTimeMonitor$1 monitor
WARNING: Making RS_build_sunx64_augusta offline because it’s not responding
Aug 10, 2015 5:07:10 PM hudson.node_monitors.ResponseTimeMonitor$1 monitor
WARNING: Making RS_build_test_sunsparc64_whitney offline because it’s not responding
Aug 10, 2015 5:07:10 PM hudson.node_monitors.ResponseTimeMonitor$1 monitor
WARNING: Making RS_build_test_hpia64_repqahpia1 offline because it’s not responding
Aug 10, 2015 5:07:10 PM hudson.node_monitors.ResponseTimeMonitor$1 monitor
WARNING: Making RS_build_test_hpia64_repqahpia5 offline because it’s not responding
Aug 10, 2015 5:07:10 PM hudson.node_monitors.ResponseTimeMonitor$1 monitor
WARNING: Making RS_build_sunx64_asekernal6 offline because it’s not responding
Aug 10, 2015 5:07:10 PM hudson.node_monitors.ResponseTimeMonitor$1 monitor
WARNING: Making Installer_ibmplinux64_elevon offline because it’s not responding
Aug 10, 2015 5:09:08 PM hudson.slaves.SlaveComputer tryReconnect
INFO: Attempting to reconnect RS_build_sunx64_augusta
Aug 10, 2015 5:19:08 PM hudson.slaves.SlaveComputer tryReconnect
INFO: Attempting to reconnect RS_build_test_sunsparc64_whitney
Aug 10, 2015 5:26:08 PM hudson.slaves.SlaveComputer tryReconnect
INFO: Attempting to reconnect Installer_ibmplinux64_elevon
Aug 10, 2015 5:26:09 PM hudson.slaves.SlaveComputer tryReconnect
INFO: Attempting to reconnect RS_build_test_hpia64_repqahpia1
Aug 10, 2015 5:26:09 PM hudson.slaves.SlaveComputer tryReconnect
INFO: Attempting to reconnect RS_build_test_hpia64_repqahpia5
Aug 10, 2015 5:28:08 PM hudson.slaves.SlaveComputer tryReconnect
INFO: Attempting to reconnect RS_build_sunx64_asekernal6
Aug 10, 2015 5:32:08 PM hudson.slaves.SlaveComputer tryReconnect
INFO: Attempting to reconnect RS_build_sunx64_augusta
Aug 10, 2015 5:41:08 PM hudson.slaves.SlaveComputer tryReconnect
INFO: Attempting to reconnect RS_build_test_sunsparc64_whitney
Aug 10, 2015 5:48:08 PM hudson.slaves.SlaveComputer tryReconnect
INFO: Attempting to reconnect Installer_ibmplinux64_elevon
Aug 10, 2015 5:48:08 PM hudson.slaves.SlaveComputer tryReconnect
INFO: Attempting to reconnect RS_build_test_hpia64_repqahpia1
Aug 10, 2015 5:48:08 PM hudson.slaves.SlaveComputer tryReconnect
INFO: Attempting to reconnect RS_build_test_hpia64_repqahpia5
Aug 10, 2015 5:50:08 PM hudson.slaves.SlaveComputer tryReconnect
INFO: Attempting to reconnect RS_build_sunx64_asekernal6
Aug 10, 2015 5:54:08 PM hudson.slaves.SlaveComputer tryReconnect
INFO: Attempting to reconnect RS_build_sunx64_augusta
Aug 10, 2015 6:03:08 PM hudson.slaves.SlaveComputer tryReconnect
INFO: Attempting to reconnect RS_build_test_sunsparc64_whitney
Aug 10, 2015 6:07:10 PM hudson.node_monitors.ResponseTimeMonitor$1 monitor
WARNING: Making RS_build_sunx64_augusta offline because it’s not responding
Aug 10, 2015 6:07:11 PM hudson.node_monitors.ResponseTimeMonitor$1 monitor
WARNING: Making RS_build_test_sunsparc64_whitney offline because it’s not responding
Aug 10, 2015 6:07:11 PM hudson.node_monitors.ResponseTimeMonitor$1 monitor
WARNING: Making RS_build_test_hpia64_repqahpia1 offline because it’s not responding
Aug 10, 2015 6:07:11 PM hudson.node_monitors.ResponseTimeMonitor$1 monitor
WARNING: Making RS_build_test_hpia64_repqahpia5 offline because it’s not responding
Aug 10, 2015 6:07:11 PM hudson.node_monitors.ResponseTimeMonitor$1 monitor
WARNING: Making RS_build_sunx64_asekernal6 offline because it’s not responding
Aug 10, 2015 6:07:11 PM hudson.node_monitors.ResponseTimeMonitor$1 monitor
WARNING: Making Installer_ibmplinux64_elevon offline because it’s not responding
Aug 10, 2015 6:11:08 PM hudson.slaves.SlaveComputer tryReconnect
INFO: Attempting to reconnect Installer_ibmplinux64_elevon
Aug 10, 2015 6:11:08 PM hudson.slaves.SlaveComputer tryReconnect
INFO: Attempting to reconnect RS_build_test_hpia64_repqahpia1
Aug 10, 2015 6:11:08 PM hudson.slaves.SlaveComputer tryReconnect
INFO: Attempting to reconnect RS_build_test_hpia64_repqahpia5
Aug 10, 2015 6:13:08 PM hudson.slaves.SlaveComputer tryReconnect
INFO: Attempting to reconnect RS_build_sunx64_asekernal6
Aug 10, 2015 6:17:08 PM hudson.slaves.SlaveComputer tryReconnect
INFO: Attempting to reconnect RS_build_sunx64_augusta
Aug 10, 2015 6:27:08 PM hudson.slaves.SlaveComputer tryReconnect
INFO: Attempting to reconnect RS_build_test_sunsparc64_whitney
Aug 10, 2015 6:34:08 PM hudson.slaves.SlaveComputer tryReconnect
INFO: Attempting to reconnect Installer_ibmplinux64_elevon
Aug 10, 2015 6:34:08 PM hudson.slaves.SlaveComputer tryReconnect
INFO: Attempting to reconnect RS_build_test_hpia64_repqahpia1
Aug 10, 2015 6:34:08 PM hudson.slaves.SlaveComputer tryReconnect
INFO: Attempting to reconnect RS_build_test_hpia64_repqahpia5
Aug 10, 2015 6:36:08 PM hudson.slaves.SlaveComputer tryReconnect
INFO: Attempting to reconnect RS_build_sunx64_asekernal6
Aug 10, 2015 6:40:08 PM hudson.slaves.SlaveComputer tryReconnect
INFO: Attempting to reconnect RS_build_sunx64_augusta
Aug 10, 2015 6:49:08 PM hudson.slaves.SlaveComputer tryReconnect
INFO: Attempting to reconnect RS_build_test_sunsparc64_whitney
Aug 10, 2015 6:57:08 PM hudson.slaves.SlaveComputer tryReconnect
INFO: Attempting to reconnect Installer_ibmplinux64_elevon
Aug 10, 2015 6:57:08 PM hudson.slaves.SlaveComputer tryReconnect
INFO: Attempting to reconnect RS_build_test_hpia64_repqahpia1
Aug 10, 2015 6:57:08 PM hudson.slaves.SlaveComputer tryReconnect
INFO: Attempting to reconnect RS_build_test_hpia64_repqahpia5
Aug 10, 2015 6:59:08 PM hudson.slaves.SlaveComputer tryReconnect
INFO: Attempting to reconnect RS_build_sunx64_asekernal6
Aug 10, 2015 7:03:08 PM hudson.slaves.SlaveComputer tryReconnect
INFO: Attempting to reconnect RS_build_sunx64_augusta
Aug 10, 2015 7:07:10 PM hudson.node_monitors.ResponseTimeMonitor$1 monitor
WARNING: Making RS_build_sunx64_augusta offline because it’s not responding
Aug 10, 2015 7:07:10 PM hudson.node_monitors.ResponseTimeMonitor$1 monitor
WARNING: Making RS_build_test_sunsparc64_whitney offline because it’s not responding
Aug 10, 2015 7:07:10 PM hudson.node_monitors.ResponseTimeMonitor$1 monitor
WARNING: Making RS_build_test_hpia64_repqahpia1 offline because it’s not responding
Aug 10, 2015 7:07:10 PM hudson.node_monitors.ResponseTimeMonitor$1 monitor
WARNING: Making RS_build_test_hpia64_repqahpia5 offline because it’s not responding
Aug 10, 2015 7:07:10 PM hudson.node_monitors.ResponseTimeMonitor$1 monitor
WARNING: Making RS_build_sunx64_asekernal6 offline because it’s not responding
Aug 10, 2015 7:07:10 PM hudson.node_monitors.ResponseTimeMonitor$1 monitor
WARNING: Making Installer_ibmplinux64_elevon offline because it’s not responding
Aug 10, 2015 7:13:08 PM hudson.slaves.SlaveComputer tryReconnect
INFO: Attempting to reconnect RS_build_test_sunsparc64_whitney
Aug 10, 2015 7:20:08 PM hudson.slaves.SlaveComputer tryReconnect
INFO: Attempting to reconnect Installer_ibmplinux64_elevon
Aug 10, 2015 7:20:08 PM hudson.slaves.SlaveComputer tryReconnect
INFO: Attempting to reconnect RS_build_test_hpia64_repqahpia1
Aug 10, 2015 7:20:08 PM hudson.slaves.SlaveComputer tryReconnect
INFO: Attempting to reconnect RS_build_test_hpia64_repqahpia5
Aug 10, 2015 7:22:08 PM hudson.slaves.SlaveComputer tryReconnect
INFO: Attempting to reconnect RS_build_sunx64_asekernal6
Aug 10, 2015 7:26:08 PM hudson.slaves.SlaveComputer tryReconnect
INFO: Attempting to reconnect RS_build_sunx64_augusta
Aug 10, 2015 7:36:08 PM hudson.slaves.SlaveComputer tryReconnect
INFO: Attempting to reconnect RS_build_test_sunsparc64_whitney
Aug 10, 2015 7:43:08 PM hudson.slaves.SlaveComputer tryReconnect
INFO: Attempting to reconnect Installer_ibmplinux64_elevon
Aug 10, 2015 7:43:08 PM hudson.slaves.SlaveComputer tryReconnect
INFO: Attempting to reconnect RS_build_test_hpia64_repqahpia1
Aug 10, 2015 7:43:08 PM hudson.slaves.SlaveComputer tryReconnect
INFO: Attempting to reconnect RS_build_test_hpia64_repqahpia5
Aug 10, 2015 7:45:08 PM hudson.slaves.SlaveComputer tryReconnect
INFO: Attempting to reconnect RS_build_sunx64_asekernal6
Aug 10, 2015 7:49:08 PM hudson.slaves.SlaveComputer tryReconnect
INFO: Attempting to reconnect RS_build_sunx64_augusta
Aug 10, 2015 7:58:08 PM hudson.slaves.SlaveComputer tryReconnect
INFO: Attempting to reconnect RS_build_test_sunsparc64_whitney
Aug 10, 2015 8:05:08 PM hudson.slaves.SlaveComputer tryReconnect
INFO: Attempting to reconnect Installer_ibmplinux64_elevon
Aug 10, 2015 8:05:08 PM hudson.slaves.SlaveComputer tryReconnect
INFO: Attempting to reconnect RS_build_test_hpia64_repqahpia1
Aug 10, 2015 8:05:08 PM hudson.slaves.SlaveComputer tryReconnect
INFO: Attempting to reconnect RS_build_test_hpia64_repqahpia5
Aug 10, 2015 8:07:08 PM hudson.slaves.SlaveComputer tryReconnect
INFO: Attempting to reconnect RS_build_sunx64_asekernal6
Aug 10, 2015 8:07:10 PM hudson.node_monitors.ResponseTimeMonitor$1 monitor
WARNING: Making RS_build_sunx64_augusta offline because it’s not responding
Aug 10, 2015 8:07:10 PM hudson.node_monitors.ResponseTimeMonitor$1 monitor
WARNING: Making RS_build_test_sunsparc64_whitney offline because it’s not responding
Aug 10, 2015 8:07:10 PM hudson.node_monitors.ResponseTimeMonitor$1 monitor
WARNING: Making RS_build_test_hpia64_repqahpia1 offline because it’s not responding
Aug 10, 2015 8:07:10 PM hudson.node_monitors.ResponseTimeMonitor$1 monitor
WARNING: Making RS_build_test_hpia64_repqahpia5 offline because it’s not responding
Aug 10, 2015 8:07:10 PM hudson.node_monitors.ResponseTimeMonitor$1 monitor
WARNING: Making RS_build_sunx64_asekernal6 offline because it’s not responding
Aug 10, 2015 8:07:10 PM hudson.node_monitors.ResponseTimeMonitor$1 monitor
WARNING: Making Installer_ibmplinux64_elevon offline because it’s not responding
Aug 10, 2015 8:11:08 PM hudson.slaves.SlaveComputer tryReconnect
INFO: Attempting to reconnect RS_build_sunx64_augusta
Aug 10, 2015 8:19:08 PM hudson.slaves.SlaveComputer tryReconnect
INFO: Attempting to reconnect RS_build_test_sunsparc64_whitney
Aug 10, 2015 8:27:08 PM hudson.slaves.SlaveComputer tryReconnect
INFO: Attempting to reconnect Installer_ibmplinux64_elevon
Aug 10, 2015 8:27:08 PM hudson.slaves.SlaveComputer tryReconnect
INFO: Attempting to reconnect RS_build_test_hpia64_repqahpia1
Aug 10, 2015 8:27:08 PM hudson.slaves.SlaveComputer tryReconnect
INFO: Attempting to reconnect RS_build_test_hpia64_repqahpia5
Aug 10, 2015 8:29:08 PM hudson.slaves.SlaveComputer tryReconnect
INFO: Attempting to reconnect RS_build_sunx64_asekernal6
Aug 10, 2015 8:33:08 PM hudson.slaves.SlaveComputer tryReconnect
INFO: Attempting to reconnect RS_build_sunx64_augusta
Aug 10, 2015 8:43:08 PM hudson.slaves.SlaveComputer tryReconnect
INFO: Attempting to reconnect RS_build_test_sunsparc64_whitney
Aug 10, 2015 8:50:08 PM hudson.slaves.SlaveComputer tryReconnect
INFO: Attempting to reconnect Installer_ibmplinux64_elevon
Aug 10, 2015 8:50:08 PM hudson.slaves.SlaveComputer tryReconnect
INFO: Attempting to reconnect RS_build_test_hpia64_repqahpia1
Aug 10, 2015 8:50:08 PM hudson.slaves.SlaveComputer tryReconnect
INFO: Attempting to reconnect RS_build_test_hpia64_repqahpia5
Aug 10, 2015 8:51:08 PM hudson.slaves.SlaveComputer tryReconnect
INFO: Attempting to reconnect RS_build_sunx64_asekernal6
Aug 10, 2015 8:55:08 PM hudson.slaves.SlaveComputer tryReconnect
INFO: Attempting to reconnect RS_build_sunx64_augusta
Aug 10, 2015 9:04:08 PM hudson.slaves.SlaveComputer tryReconnect
INFO: Attempting to reconnect RS_build_test_sunsparc64_whitney
Aug 10, 2015 9:07:10 PM hudson.node_monitors.ResponseTimeMonitor$1 monitor
WARNING: Making RS_build_sunx64_augusta offline because it’s not responding
Aug 10, 2015 9:07:10 PM hudson.node_monitors.ResponseTimeMonitor$1 monitor
WARNING: Making RS_build_test_sunsparc64_whitney offline because it’s not responding
Aug 10, 2015 9:07:10 PM hudson.node_monitors.ResponseTimeMonitor$1 monitor
WARNING: Making RS_build_test_hpia64_repqahpia1 offline because it’s not responding
Aug 10, 2015 9:07:10 PM hudson.node_monitors.ResponseTimeMonitor$1 monitor
WARNING: Making RS_build_test_hpia64_repqahpia5 offline because it’s not responding
Aug 10, 2015 9:07:10 PM hudson.node_monitors.ResponseTimeMonitor$1 monitor
WARNING: Making RS_build_sunx64_asekernal6 offline because it’s not responding
Aug 10, 2015 9:07:10 PM hudson.node_monitors.ResponseTimeMonitor$1 monitor
WARNING: Making Installer_ibmplinux64_elevon offline because it’s not responding
Aug 10, 2015 9:12:08 PM hudson.slaves.SlaveComputer tryReconnect
INFO: Attempting to reconnect Installer_ibmplinux64_elevon
Aug 10, 2015 9:12:08 PM hudson.slaves.SlaveComputer tryReconnect
INFO: Attempting to reconnect RS_build_test_hpia64_repqahpia1
Aug 10, 2015 9:12:08 PM hudson.slaves.SlaveComputer tryReconnect
INFO: Attempting to reconnect RS_build_test_hpia64_repqahpia5
Aug 10, 2015 9:14:08 PM hudson.slaves.SlaveComputer tryReconnect
INFO: Attempting to reconnect RS_build_sunx64_asekernal6
Aug 10, 2015 9:17:08 PM hudson.slaves.SlaveComputer tryReconnect
INFO: Attempting to reconnect RS_build_sunx64_augusta
Aug 10, 2015 9:27:08 PM hudson.slaves.SlaveComputer tryReconnect
INFO: Attempting to reconnect RS_build_test_sunsparc64_whitney
Aug 10, 2015 9:33:08 PM hudson.slaves.SlaveComputer tryReconnect
INFO: Attempting to reconnect Installer_ibmplinux64_elevon
Aug 10, 2015 9:33:08 PM hudson.slaves.SlaveComputer tryReconnect
INFO: Attempting to reconnect RS_build_test_hpia64_repqahpia1
Aug 10, 2015 9:33:08 PM hudson.slaves.SlaveComputer tryReconnect
INFO: Attempting to reconnect RS_build_test_hpia64_repqahpia5
Aug 10, 2015 9:35:08 PM hudson.slaves.SlaveComputer tryReconnect
INFO: Attempting to reconnect RS_build_sunx64_asekernal6
Aug 10, 2015 9:39:08 PM hudson.slaves.SlaveComputer tryReconnect
INFO: Attempting to reconnect RS_build_sunx64_augusta
Aug 10, 2015 9:48:08 PM hudson.slaves.SlaveComputer tryReconnect
INFO: Attempting to reconnect RS_build_test_sunsparc64_whitney
Aug 10, 2015 9:55:08 PM hudson.slaves.SlaveComputer tryReconnect
INFO: Attempting to reconnect Installer_ibmplinux64_elevon
Aug 10, 2015 9:55:08 PM hudson.slaves.SlaveComputer tryReconnect
INFO: Attempting to reconnect RS_build_test_hpia64_repqahpia1
Aug 10, 2015 9:55:08 PM hudson.slaves.SlaveComputer tryReconnect
INFO: Attempting to reconnect RS_build_test_hpia64_repqahpia5
Aug 10, 2015 9:57:08 PM hudson.slaves.SlaveComputer tryReconnect
INFO: Attempting to reconnect RS_build_sunx64_asekernal6
Aug 10, 2015 10:01:08 PM hudson.slaves.SlaveComputer tryReconnect
INFO: Attempting to reconnect RS_build_sunx64_augusta
Aug 10, 2015 10:07:10 PM hudson.node_monitors.ResponseTimeMonitor$1 monitor
WARNING: Making RS_build_sunx64_augusta offline because it’s not responding
Aug 10, 2015 10:07:10 PM hudson.node_monitors.ResponseTimeMonitor$1 monitor
WARNING: Making RS_build_test_sunsparc64_whitney offline because it’s not responding
Aug 10, 2015 10:07:10 PM hudson.node_monitors.ResponseTimeMonitor$1 monitor
WARNING: Making RS_build_test_hpia64_repqahpia1 offline because it’s not responding
Aug 10, 2015 10:07:10 PM hudson.node_monitors.ResponseTimeMonitor$1 monitor
WARNING: Making RS_build_test_hpia64_repqahpia5 offline because it’s not responding
Aug 10, 2015 10:07:10 PM hudson.node_monitors.ResponseTimeMonitor$1 monitor
WARNING: Making RS_build_sunx64_asekernal6 offline because it’s not responding
Aug 10, 2015 10:07:10 PM hudson.node_monitors.ResponseTimeMonitor$1 monitor
WARNING: Making Installer_ibmplinux64_elevon offline because it’s not responding
Aug 10, 2015 10:11:08 PM hudson.slaves.SlaveComputer tryReconnect
INFO: Attempting to reconnect RS_build_test_sunsparc64_whitney
Aug 10, 2015 10:18:08 PM hudson.slaves.SlaveComputer tryReconnect
INFO: Attempting to reconnect Installer_ibmplinux64_elevon
Aug 10, 2015 10:18:08 PM hudson.slaves.SlaveComputer tryReconnect
INFO: Attempting to reconnect RS_build_test_hpia64_repqahpia1
Aug 10, 2015 10:18:08 PM hudson.slaves.SlaveComputer tryReconnect
INFO: Attempting to reconnect RS_build_test_hpia64_repqahpia5
Aug 10, 2015 10:20:08 PM hudson.slaves.SlaveComputer tryReconnect
INFO: Attempting to reconnect RS_build_sunx64_asekernal6
Aug 10, 2015 10:23:08 PM hudson.slaves.SlaveComputer tryReconnect
INFO: Attempting to reconnect RS_build_sunx64_augusta
Aug 10, 2015 10:33:08 PM hudson.slaves.SlaveComputer tryReconnect
INFO: Attempting to reconnect RS_build_test_sunsparc64_whitney
Aug 10, 2015 10:41:08 PM hudson.slaves.SlaveComputer tryReconnect
INFO: Attempting to reconnect Installer_ibmplinux64_elevon
Aug 10, 2015 10:41:08 PM hudson.slaves.SlaveComputer tryReconnect
INFO: Attempting to reconnect RS_build_test_hpia64_repqahpia1
Aug 10, 2015 10:41:08 PM hudson.slaves.SlaveComputer tryReconnect
INFO: Attempting to reconnect RS_build_test_hpia64_repqahpia5
Aug 10, 2015 10:42:08 PM hudson.slaves.SlaveComputer tryReconnect
INFO: Attempting to reconnect RS_build_sunx64_asekernal6
Aug 10, 2015 10:43:55 PM hudson.model.AsyncPeriodicWork$1 run
INFO: Started Workspace clean-up
Aug 10, 2015 10:44:26 PM hudson.model.AsyncPeriodicWork$1 run
INFO: Finished Workspace clean-up. 31,202 ms
Aug 10, 2015 10:46:08 PM hudson.slaves.SlaveComputer tryReconnect
INFO: Attempting to reconnect RS_build_sunx64_augusta
Aug 10, 2015 10:54:54 PM hudson.model.AsyncPeriodicWork$1 run
INFO: Started Download metadata
Aug 10, 2015 10:54:54 PM hudson.model.AsyncPeriodicWork$1 run
INFO: Finished Download metadata. 18 ms
Aug 10, 2015 10:56:08 PM hudson.slaves.SlaveComputer tryReconnect
INFO: Attempting to reconnect RS_build_test_sunsparc64_whitney
Aug 10, 2015 11:04:08 PM hudson.slaves.SlaveComputer tryReconnect
INFO: Attempting to reconnect Installer_ibmplinux64_elevon
Aug 10, 2015 11:04:08 PM hudson.slaves.SlaveComputer tryReconnect
INFO: Attempting to reconnect RS_build_test_hpia64_repqahpia1
Aug 10, 2015 11:04:08 PM hudson.slaves.SlaveComputer tryReconnect
INFO: Attempting to reconnect RS_build_test_hpia64_repqahpia5
Aug 10, 2015 11:06:08 PM hudson.slaves.SlaveComputer tryReconnect
INFO: Attempting to reconnect RS_build_sunx64_asekernal6
Aug 10, 2015 11:07:10 PM hudson.node_monitors.ResponseTimeMonitor$1 monitor
WARNING: Making RS_build_sunx64_augusta offline because it’s not responding
Aug 10, 2015 11:07:10 PM hudson.node_monitors.ResponseTimeMonitor$1 monitor
WARNING: Making RS_build_test_sunsparc64_whitney offline because it’s not responding
Aug 10, 2015 11:07:10 PM hudson.node_monitors.ResponseTimeMonitor$1 monitor
WARNING: Making RS_build_test_hpia64_repqahpia1 offline because it’s not responding
Aug 10, 2015 11:07:10 PM hudson.node_monitors.ResponseTimeMonitor$1 monitor
WARNING: Making RS_build_test_hpia64_repqahpia5 offline because it’s not responding
Aug 10, 2015 11:07:10 PM hudson.node_monitors.ResponseTimeMonitor$1 monitor
WARNING: Making RS_build_sunx64_asekernal6 offline because it’s not responding
Aug 10, 2015 11:07:10 PM hudson.node_monitors.ResponseTimeMonitor$1 monitor
WARNING: Making Installer_ibmplinux64_elevon offline because it’s not responding
Aug 10, 2015 11:09:08 PM hudson.slaves.SlaveComputer tryReconnect
INFO: Attempting to reconnect RS_build_sunx64_augusta
Aug 10, 2015 11:19:08 PM hudson.slaves.SlaveComputer tryReconnect
INFO: Attempting to reconnect RS_build_test_sunsparc64_whitney
Aug 10, 2015 11:26:08 PM hudson.slaves.SlaveComputer tryReconnect
INFO: Attempting to reconnect Installer_ibmplinux64_elevon
Aug 10, 2015 11:26:08 PM hudson.slaves.SlaveComputer tryReconnect
INFO: Attempting to reconnect RS_build_test_hpia64_repqahpia1
Aug 10, 2015 11:26:08 PM hudson.slaves.SlaveComputer tryReconnect
INFO: Attempting to reconnect RS_build_test_hpia64_repqahpia5
Aug 10, 2015 11:28:08 PM hudson.slaves.SlaveComputer tryReconnect
INFO: Attempting to reconnect RS_build_sunx64_asekernal6
Aug 10, 2015 11:34:08 PM hudson.slaves.SlaveComputer tryReconnect
INFO: Attempting to reconnect RS_build_sunx64_augusta
Aug 10, 2015 11:42:08 PM hudson.slaves.SlaveComputer tryReconnect
INFO: Attempting to reconnect RS_build_test_sunsparc64_whitney
Aug 10, 2015 11:49:08 PM hudson.slaves.SlaveComputer tryReconnect
INFO: Attempting to reconnect Installer_ibmplinux64_elevon
Aug 10, 2015 11:49:08 PM hudson.slaves.SlaveComputer tryReconnect
INFO: Attempting to reconnect RS_build_test_hpia64_repqahpia1
Aug 10, 2015 11:49:08 PM hudson.slaves.SlaveComputer tryReconnect
INFO: Attempting to reconnect RS_build_test_hpia64_repqahpia5
Aug 10, 2015 11:51:08 PM hudson.slaves.SlaveComputer tryReconnect
INFO: Attempting to reconnect RS_build_sunx64_asekernal6
Aug 10, 2015 11:57:08 PM hudson.slaves.SlaveComputer tryReconnect
INFO: Attempting to reconnect RS_build_sunx64_augusta
