Aug 5, 2016 12:21:26 AM hudson.slaves.SlaveComputer tryReconnect
INFO: Attempting to reconnect ase_test_linux_lisa
Aug 5, 2016 12:21:26 AM hudson.slaves.SlaveComputer tryReconnect
INFO: Attempting to reconnect installer_test_linux
Aug 5, 2016 12:41:26 AM hudson.slaves.SlaveComputer tryReconnect
INFO: Attempting to reconnect ase_test_linux_lisa
Aug 5, 2016 12:41:26 AM hudson.slaves.SlaveComputer tryReconnect
INFO: Attempting to reconnect installer_test_linux
Aug 5, 2016 12:49:46 AM hudson.node_monitors.ResponseTimeMonitor$1 monitor
WARNING: Making installer_test_linux offline because it’s not responding
Aug 5, 2016 12:49:46 AM hudson.node_monitors.ResponseTimeMonitor$1 monitor
WARNING: Making ase_test_linux_lisa offline because it’s not responding
Aug 5, 2016 1:05:26 AM hudson.slaves.SlaveComputer tryReconnect
INFO: Attempting to reconnect ase_test_linux_lisa
Aug 5, 2016 1:05:26 AM hudson.slaves.SlaveComputer tryReconnect
INFO: Attempting to reconnect installer_test_linux
Aug 5, 2016 1:27:26 AM hudson.slaves.SlaveComputer tryReconnect
INFO: Attempting to reconnect ase_test_linux_lisa
Aug 5, 2016 1:27:26 AM hudson.slaves.SlaveComputer tryReconnect
INFO: Attempting to reconnect installer_test_linux
Aug 5, 2016 1:49:46 AM hudson.node_monitors.ResponseTimeMonitor$1 monitor
WARNING: Making installer_test_linux offline because it’s not responding
Aug 5, 2016 1:49:46 AM hudson.node_monitors.ResponseTimeMonitor$1 monitor
WARNING: Making ase_test_linux_lisa offline because it’s not responding
Aug 5, 2016 1:51:26 AM hudson.slaves.SlaveComputer tryReconnect
INFO: Attempting to reconnect ase_test_linux_lisa
Aug 5, 2016 1:51:26 AM hudson.slaves.SlaveComputer tryReconnect
INFO: Attempting to reconnect installer_test_linux
Aug 5, 2016 2:13:26 AM hudson.slaves.SlaveComputer tryReconnect
INFO: Attempting to reconnect ase_test_linux_lisa
Aug 5, 2016 2:13:26 AM hudson.slaves.SlaveComputer tryReconnect
INFO: Attempting to reconnect installer_test_linux
Aug 5, 2016 2:33:26 AM hudson.slaves.SlaveComputer tryReconnect
INFO: Attempting to reconnect ase_test_linux_lisa
Aug 5, 2016 2:33:26 AM hudson.slaves.SlaveComputer tryReconnect
INFO: Attempting to reconnect installer_test_linux
Aug 5, 2016 2:49:46 AM hudson.node_monitors.ResponseTimeMonitor$1 monitor
WARNING: Making installer_test_linux offline because it’s not responding
Aug 5, 2016 2:49:46 AM hudson.node_monitors.ResponseTimeMonitor$1 monitor
WARNING: Making ase_test_linux_lisa offline because it’s not responding
Aug 5, 2016 2:54:26 AM hudson.slaves.SlaveComputer tryReconnect
INFO: Attempting to reconnect ase_test_linux_lisa
Aug 5, 2016 2:54:26 AM hudson.slaves.SlaveComputer tryReconnect
INFO: Attempting to reconnect installer_test_linux
Aug 5, 2016 3:14:26 AM hudson.slaves.SlaveComputer tryReconnect
INFO: Attempting to reconnect ase_test_linux_lisa
Aug 5, 2016 3:14:26 AM hudson.slaves.SlaveComputer tryReconnect
INFO: Attempting to reconnect installer_test_linux
Aug 5, 2016 3:34:26 AM hudson.slaves.SlaveComputer tryReconnect
INFO: Attempting to reconnect ase_test_linux_lisa
Aug 5, 2016 3:34:26 AM hudson.slaves.SlaveComputer tryReconnect
INFO: Attempting to reconnect installer_test_linux
Aug 5, 2016 3:49:46 AM hudson.node_monitors.ResponseTimeMonitor$1 monitor
WARNING: Making installer_test_linux offline because it’s not responding
Aug 5, 2016 3:49:46 AM hudson.node_monitors.ResponseTimeMonitor$1 monitor
WARNING: Making ase_test_linux_lisa offline because it’s not responding
Aug 5, 2016 3:55:26 AM hudson.slaves.SlaveComputer tryReconnect
INFO: Attempting to reconnect ase_test_linux_lisa
Aug 5, 2016 3:55:26 AM hudson.slaves.SlaveComputer tryReconnect
INFO: Attempting to reconnect installer_test_linux
Aug 5, 2016 4:18:26 AM hudson.slaves.SlaveComputer tryReconnect
INFO: Attempting to reconnect ase_test_linux_lisa
Aug 5, 2016 4:18:26 AM hudson.slaves.SlaveComputer tryReconnect
INFO: Attempting to reconnect installer_test_linux
Aug 5, 2016 4:40:26 AM hudson.slaves.SlaveComputer tryReconnect
INFO: Attempting to reconnect ase_test_linux_lisa
Aug 5, 2016 4:40:26 AM hudson.slaves.SlaveComputer tryReconnect
INFO: Attempting to reconnect installer_test_linux
Aug 5, 2016 4:49:46 AM hudson.node_monitors.ResponseTimeMonitor$1 monitor
WARNING: Making installer_test_linux offline because it’s not responding
Aug 5, 2016 4:49:46 AM hudson.node_monitors.ResponseTimeMonitor$1 monitor
WARNING: Making ase_test_linux_lisa offline because it’s not responding
Aug 5, 2016 5:03:26 AM hudson.slaves.SlaveComputer tryReconnect
INFO: Attempting to reconnect ase_test_linux_lisa
Aug 5, 2016 5:03:26 AM hudson.slaves.SlaveComputer tryReconnect
INFO: Attempting to reconnect installer_test_linux
Aug 5, 2016 5:25:26 AM hudson.slaves.SlaveComputer tryReconnect
INFO: Attempting to reconnect ase_test_linux_lisa
Aug 5, 2016 5:25:26 AM hudson.slaves.SlaveComputer tryReconnect
INFO: Attempting to reconnect installer_test_linux
Aug 5, 2016 5:34:22 AM hudson.model.AsyncPeriodicWork$1 run
INFO: Started Download metadata
Aug 5, 2016 5:34:34 AM hudson.model.UpdateSite updateData
INFO: Obtained the latest update center data file for UpdateSource default
Aug 5, 2016 5:34:36 AM hudson.model.AsyncPeriodicWork$1 run
INFO: Finished Download metadata. 13,678 ms
Aug 5, 2016 5:48:26 AM hudson.slaves.SlaveComputer tryReconnect
INFO: Attempting to reconnect ase_test_linux_lisa
Aug 5, 2016 5:48:26 AM hudson.slaves.SlaveComputer tryReconnect
INFO: Attempting to reconnect installer_test_linux
Aug 5, 2016 5:49:46 AM hudson.node_monitors.ResponseTimeMonitor$1 monitor
WARNING: Making installer_test_linux offline because it’s not responding
Aug 5, 2016 5:49:46 AM hudson.node_monitors.ResponseTimeMonitor$1 monitor
WARNING: Making ase_test_linux_lisa offline because it’s not responding
Aug 5, 2016 6:11:26 AM hudson.slaves.SlaveComputer tryReconnect
INFO: Attempting to reconnect ase_test_linux_lisa
Aug 5, 2016 6:11:26 AM hudson.slaves.SlaveComputer tryReconnect
INFO: Attempting to reconnect installer_test_linux
Aug 5, 2016 6:32:26 AM hudson.slaves.SlaveComputer tryReconnect
INFO: Attempting to reconnect ase_test_linux_lisa
Aug 5, 2016 6:32:26 AM hudson.slaves.SlaveComputer tryReconnect
INFO: Attempting to reconnect installer_test_linux
Aug 5, 2016 6:49:46 AM hudson.node_monitors.ResponseTimeMonitor$1 monitor
WARNING: Making installer_test_linux offline because it’s not responding
Aug 5, 2016 6:49:46 AM hudson.node_monitors.ResponseTimeMonitor$1 monitor
WARNING: Making ase_test_linux_lisa offline because it’s not responding
Aug 5, 2016 6:55:26 AM hudson.slaves.SlaveComputer tryReconnect
INFO: Attempting to reconnect ase_test_linux_lisa
Aug 5, 2016 6:55:26 AM hudson.slaves.SlaveComputer tryReconnect
INFO: Attempting to reconnect installer_test_linux
Aug 5, 2016 7:16:26 AM hudson.slaves.SlaveComputer tryReconnect
INFO: Attempting to reconnect ase_test_linux_lisa
Aug 5, 2016 7:16:26 AM hudson.slaves.SlaveComputer tryReconnect
INFO: Attempting to reconnect installer_test_linux
Aug 5, 2016 7:37:26 AM hudson.slaves.SlaveComputer tryReconnect
INFO: Attempting to reconnect ase_test_linux_lisa
Aug 5, 2016 7:37:26 AM hudson.slaves.SlaveComputer tryReconnect
INFO: Attempting to reconnect installer_test_linux
Aug 5, 2016 7:49:46 AM hudson.node_monitors.ResponseTimeMonitor$1 monitor
WARNING: Making installer_test_linux offline because it’s not responding
Aug 5, 2016 7:49:46 AM hudson.node_monitors.ResponseTimeMonitor$1 monitor
WARNING: Making ase_test_linux_lisa offline because it’s not responding
Aug 5, 2016 7:58:26 AM hudson.slaves.SlaveComputer tryReconnect
INFO: Attempting to reconnect ase_test_linux_lisa
Aug 5, 2016 7:58:26 AM hudson.slaves.SlaveComputer tryReconnect
INFO: Attempting to reconnect installer_test_linux
Aug 5, 2016 8:19:26 AM hudson.slaves.SlaveComputer tryReconnect
INFO: Attempting to reconnect ase_test_linux_lisa
Aug 5, 2016 8:19:26 AM hudson.slaves.SlaveComputer tryReconnect
INFO: Attempting to reconnect installer_test_linux
Aug 5, 2016 8:39:26 AM hudson.slaves.SlaveComputer tryReconnect
INFO: Attempting to reconnect ase_test_linux_lisa
Aug 5, 2016 8:39:26 AM hudson.slaves.SlaveComputer tryReconnect
INFO: Attempting to reconnect installer_test_linux
Aug 5, 2016 8:49:46 AM hudson.node_monitors.ResponseTimeMonitor$1 monitor
WARNING: Making installer_test_linux offline because it’s not responding
Aug 5, 2016 8:49:46 AM hudson.node_monitors.ResponseTimeMonitor$1 monitor
WARNING: Making ase_test_linux_lisa offline because it’s not responding
Aug 5, 2016 9:02:26 AM hudson.slaves.SlaveComputer tryReconnect
INFO: Attempting to reconnect ase_test_linux_lisa
Aug 5, 2016 9:02:26 AM hudson.slaves.SlaveComputer tryReconnect
INFO: Attempting to reconnect installer_test_linux
Aug 5, 2016 9:24:26 AM hudson.slaves.SlaveComputer tryReconnect
INFO: Attempting to reconnect ase_test_linux_lisa
Aug 5, 2016 9:24:26 AM hudson.slaves.SlaveComputer tryReconnect
INFO: Attempting to reconnect installer_test_linux
Aug 5, 2016 9:46:26 AM hudson.slaves.SlaveComputer tryReconnect
INFO: Attempting to reconnect ase_test_linux_lisa
Aug 5, 2016 9:46:26 AM hudson.slaves.SlaveComputer tryReconnect
INFO: Attempting to reconnect installer_test_linux
Aug 5, 2016 9:49:46 AM hudson.node_monitors.ResponseTimeMonitor$1 monitor
WARNING: Making installer_test_linux offline because it’s not responding
Aug 5, 2016 9:49:46 AM hudson.node_monitors.ResponseTimeMonitor$1 monitor
WARNING: Making ase_test_linux_lisa offline because it’s not responding
Aug 5, 2016 10:07:26 AM hudson.slaves.SlaveComputer tryReconnect
INFO: Attempting to reconnect ase_test_linux_lisa
Aug 5, 2016 10:07:26 AM hudson.slaves.SlaveComputer tryReconnect
INFO: Attempting to reconnect installer_test_linux
Aug 5, 2016 10:28:26 AM hudson.slaves.SlaveComputer tryReconnect
INFO: Attempting to reconnect ase_test_linux_lisa
Aug 5, 2016 10:28:26 AM hudson.slaves.SlaveComputer tryReconnect
INFO: Attempting to reconnect installer_test_linux
Aug 5, 2016 10:49:46 AM hudson.node_monitors.ResponseTimeMonitor$1 monitor
WARNING: Making installer_test_linux offline because it’s not responding
Aug 5, 2016 10:49:46 AM hudson.node_monitors.ResponseTimeMonitor$1 monitor
WARNING: Making ase_test_linux_lisa offline because it’s not responding
Aug 5, 2016 10:50:26 AM hudson.slaves.SlaveComputer tryReconnect
INFO: Attempting to reconnect ase_test_linux_lisa
Aug 5, 2016 10:50:26 AM hudson.slaves.SlaveComputer tryReconnect
INFO: Attempting to reconnect installer_test_linux
Aug 5, 2016 11:12:26 AM hudson.slaves.SlaveComputer tryReconnect
INFO: Attempting to reconnect ase_test_linux_lisa
Aug 5, 2016 11:12:26 AM hudson.slaves.SlaveComputer tryReconnect
INFO: Attempting to reconnect installer_test_linux
Aug 5, 2016 11:32:26 AM hudson.slaves.SlaveComputer tryReconnect
INFO: Attempting to reconnect ase_test_linux_lisa
Aug 5, 2016 11:32:26 AM hudson.slaves.SlaveComputer tryReconnect
INFO: Attempting to reconnect installer_test_linux
Aug 5, 2016 11:49:46 AM hudson.node_monitors.ResponseTimeMonitor$1 monitor
WARNING: Making installer_test_linux offline because it’s not responding
Aug 5, 2016 11:49:46 AM hudson.node_monitors.ResponseTimeMonitor$1 monitor
WARNING: Making ase_test_linux_lisa offline because it’s not responding
Aug 5, 2016 11:53:26 AM hudson.slaves.SlaveComputer tryReconnect
INFO: Attempting to reconnect ase_test_linux_lisa
Aug 5, 2016 11:53:26 AM hudson.slaves.SlaveComputer tryReconnect
INFO: Attempting to reconnect installer_test_linux
Aug 5, 2016 12:16:26 PM hudson.slaves.SlaveComputer tryReconnect
INFO: Attempting to reconnect ase_test_linux_lisa
Aug 5, 2016 12:16:26 PM hudson.slaves.SlaveComputer tryReconnect
INFO: Attempting to reconnect installer_test_linux
Aug 5, 2016 12:38:26 PM hudson.slaves.SlaveComputer tryReconnect
INFO: Attempting to reconnect ase_test_linux_lisa
Aug 5, 2016 12:38:26 PM hudson.slaves.SlaveComputer tryReconnect
INFO: Attempting to reconnect installer_test_linux
Aug 5, 2016 12:49:46 PM hudson.node_monitors.ResponseTimeMonitor$1 monitor
WARNING: Making installer_test_linux offline because it’s not responding
Aug 5, 2016 12:49:46 PM hudson.node_monitors.ResponseTimeMonitor$1 monitor
WARNING: Making ase_test_linux_lisa offline because it’s not responding
Aug 5, 2016 12:59:26 PM hudson.slaves.SlaveComputer tryReconnect
INFO: Attempting to reconnect ase_test_linux_lisa
Aug 5, 2016 12:59:26 PM hudson.slaves.SlaveComputer tryReconnect
INFO: Attempting to reconnect installer_test_linux
Aug 5, 2016 1:21:26 PM hudson.slaves.SlaveComputer tryReconnect
INFO: Attempting to reconnect ase_test_linux_lisa
Aug 5, 2016 1:21:26 PM hudson.slaves.SlaveComputer tryReconnect
INFO: Attempting to reconnect installer_test_linux
Aug 5, 2016 1:43:26 PM hudson.slaves.SlaveComputer tryReconnect
INFO: Attempting to reconnect ase_test_linux_lisa
Aug 5, 2016 1:43:26 PM hudson.slaves.SlaveComputer tryReconnect
INFO: Attempting to reconnect installer_test_linux
Aug 5, 2016 1:49:46 PM hudson.node_monitors.ResponseTimeMonitor$1 monitor
WARNING: Making installer_test_linux offline because it’s not responding
Aug 5, 2016 1:49:46 PM hudson.node_monitors.ResponseTimeMonitor$1 monitor
WARNING: Making ase_test_linux_lisa offline because it’s not responding
Aug 5, 2016 2:06:26 PM hudson.slaves.SlaveComputer tryReconnect
INFO: Attempting to reconnect ase_test_linux_lisa
Aug 5, 2016 2:06:26 PM hudson.slaves.SlaveComputer tryReconnect
INFO: Attempting to reconnect installer_test_linux
Aug 5, 2016 2:28:26 PM hudson.slaves.SlaveComputer tryReconnect
INFO: Attempting to reconnect ase_test_linux_lisa
Aug 5, 2016 2:28:26 PM hudson.slaves.SlaveComputer tryReconnect
INFO: Attempting to reconnect installer_test_linux
Aug 5, 2016 2:49:46 PM hudson.node_monitors.ResponseTimeMonitor$1 monitor
WARNING: Making installer_test_linux offline because it’s not responding
Aug 5, 2016 2:49:46 PM hudson.node_monitors.ResponseTimeMonitor$1 monitor
WARNING: Making ase_test_linux_lisa offline because it’s not responding
Aug 5, 2016 2:51:26 PM hudson.slaves.SlaveComputer tryReconnect
INFO: Attempting to reconnect ase_test_linux_lisa
Aug 5, 2016 2:51:26 PM hudson.slaves.SlaveComputer tryReconnect
INFO: Attempting to reconnect installer_test_linux
Aug 5, 2016 3:13:26 PM hudson.slaves.SlaveComputer tryReconnect
INFO: Attempting to reconnect ase_test_linux_lisa
Aug 5, 2016 3:13:26 PM hudson.slaves.SlaveComputer tryReconnect
INFO: Attempting to reconnect installer_test_linux
Aug 5, 2016 3:33:04 PM hudson.model.AsyncPeriodicWork$1 run
INFO: Started Fingerprint cleanup
Aug 5, 2016 3:33:04 PM hudson.model.AsyncPeriodicWork$1 run
INFO: Finished Fingerprint cleanup. 17 ms
Aug 5, 2016 3:34:26 PM hudson.slaves.SlaveComputer tryReconnect
INFO: Attempting to reconnect ase_test_linux_lisa
Aug 5, 2016 3:34:26 PM hudson.slaves.SlaveComputer tryReconnect
INFO: Attempting to reconnect installer_test_linux
Aug 5, 2016 3:49:46 PM hudson.node_monitors.ResponseTimeMonitor$1 monitor
WARNING: Making installer_test_linux offline because it’s not responding
Aug 5, 2016 3:49:46 PM hudson.node_monitors.ResponseTimeMonitor$1 monitor
WARNING: Making ase_test_linux_lisa offline because it’s not responding
Aug 5, 2016 3:55:26 PM hudson.slaves.SlaveComputer tryReconnect
INFO: Attempting to reconnect ase_test_linux_lisa
Aug 5, 2016 3:55:26 PM hudson.slaves.SlaveComputer tryReconnect
INFO: Attempting to reconnect installer_test_linux
Aug 5, 2016 4:04:53 PM hudson.model.AsyncPeriodicWork$1 run
INFO: Started Workspace clean-up
Aug 5, 2016 4:04:54 PM hudson.model.AsyncPeriodicWork$1 run
INFO: Finished Workspace clean-up. 335 ms
Aug 5, 2016 4:17:26 PM hudson.slaves.SlaveComputer tryReconnect
INFO: Attempting to reconnect ase_test_linux_lisa
Aug 5, 2016 4:17:26 PM hudson.slaves.SlaveComputer tryReconnect
INFO: Attempting to reconnect installer_test_linux
Aug 5, 2016 4:39:26 PM hudson.slaves.SlaveComputer tryReconnect
INFO: Attempting to reconnect ase_test_linux_lisa
Aug 5, 2016 4:39:26 PM hudson.slaves.SlaveComputer tryReconnect
INFO: Attempting to reconnect installer_test_linux
Aug 5, 2016 4:49:46 PM hudson.node_monitors.ResponseTimeMonitor$1 monitor
WARNING: Making installer_test_linux offline because it’s not responding
Aug 5, 2016 4:49:46 PM hudson.node_monitors.ResponseTimeMonitor$1 monitor
WARNING: Making ase_test_linux_lisa offline because it’s not responding
Aug 5, 2016 5:02:26 PM hudson.slaves.SlaveComputer tryReconnect
INFO: Attempting to reconnect ase_test_linux_lisa
Aug 5, 2016 5:02:26 PM hudson.slaves.SlaveComputer tryReconnect
INFO: Attempting to reconnect installer_test_linux
Aug 5, 2016 5:24:26 PM hudson.slaves.SlaveComputer tryReconnect
INFO: Attempting to reconnect ase_test_linux_lisa
Aug 5, 2016 5:24:26 PM hudson.slaves.SlaveComputer tryReconnect
INFO: Attempting to reconnect installer_test_linux
Aug 5, 2016 5:45:26 PM hudson.slaves.SlaveComputer tryReconnect
INFO: Attempting to reconnect ase_test_linux_lisa
Aug 5, 2016 5:45:26 PM hudson.slaves.SlaveComputer tryReconnect
INFO: Attempting to reconnect installer_test_linux
Aug 5, 2016 5:49:46 PM hudson.node_monitors.ResponseTimeMonitor$1 monitor
WARNING: Making installer_test_linux offline because it’s not responding
Aug 5, 2016 5:49:46 PM hudson.node_monitors.ResponseTimeMonitor$1 monitor
WARNING: Making ase_test_linux_lisa offline because it’s not responding
Aug 5, 2016 6:07:26 PM hudson.slaves.SlaveComputer tryReconnect
INFO: Attempting to reconnect ase_test_linux_lisa
Aug 5, 2016 6:07:26 PM hudson.slaves.SlaveComputer tryReconnect
INFO: Attempting to reconnect installer_test_linux
Aug 5, 2016 6:30:26 PM hudson.slaves.SlaveComputer tryReconnect
INFO: Attempting to reconnect ase_test_linux_lisa
Aug 5, 2016 6:30:26 PM hudson.slaves.SlaveComputer tryReconnect
INFO: Attempting to reconnect installer_test_linux
Aug 5, 2016 6:49:46 PM hudson.node_monitors.ResponseTimeMonitor$1 monitor
WARNING: Making installer_test_linux offline because it’s not responding
Aug 5, 2016 6:49:46 PM hudson.node_monitors.ResponseTimeMonitor$1 monitor
WARNING: Making ase_test_linux_lisa offline because it’s not responding
Aug 5, 2016 6:52:26 PM hudson.slaves.SlaveComputer tryReconnect
INFO: Attempting to reconnect ase_test_linux_lisa
Aug 5, 2016 6:52:26 PM hudson.slaves.SlaveComputer tryReconnect
INFO: Attempting to reconnect installer_test_linux
Aug 5, 2016 7:15:26 PM hudson.slaves.SlaveComputer tryReconnect
INFO: Attempting to reconnect ase_test_linux_lisa
Aug 5, 2016 7:15:26 PM hudson.slaves.SlaveComputer tryReconnect
INFO: Attempting to reconnect installer_test_linux
Aug 5, 2016 7:36:26 PM hudson.slaves.SlaveComputer tryReconnect
INFO: Attempting to reconnect ase_test_linux_lisa
Aug 5, 2016 7:36:26 PM hudson.slaves.SlaveComputer tryReconnect
INFO: Attempting to reconnect installer_test_linux
Aug 5, 2016 7:49:46 PM hudson.node_monitors.ResponseTimeMonitor$1 monitor
WARNING: Making installer_test_linux offline because it’s not responding
Aug 5, 2016 7:49:46 PM hudson.node_monitors.ResponseTimeMonitor$1 monitor
WARNING: Making ase_test_linux_lisa offline because it’s not responding
Aug 5, 2016 7:57:26 PM hudson.slaves.SlaveComputer tryReconnect
INFO: Attempting to reconnect ase_test_linux_lisa
Aug 5, 2016 7:57:26 PM hudson.slaves.SlaveComputer tryReconnect
INFO: Attempting to reconnect installer_test_linux
Aug 5, 2016 8:20:26 PM hudson.slaves.SlaveComputer tryReconnect
INFO: Attempting to reconnect ase_test_linux_lisa
Aug 5, 2016 8:20:26 PM hudson.slaves.SlaveComputer tryReconnect
INFO: Attempting to reconnect installer_test_linux
Aug 5, 2016 8:40:26 PM hudson.slaves.SlaveComputer tryReconnect
INFO: Attempting to reconnect ase_test_linux_lisa
Aug 5, 2016 8:40:26 PM hudson.slaves.SlaveComputer tryReconnect
INFO: Attempting to reconnect installer_test_linux
Aug 5, 2016 8:49:46 PM hudson.node_monitors.ResponseTimeMonitor$1 monitor
WARNING: Making installer_test_linux offline because it’s not responding
Aug 5, 2016 8:49:46 PM hudson.node_monitors.ResponseTimeMonitor$1 monitor
WARNING: Making ase_test_linux_lisa offline because it’s not responding
Aug 5, 2016 9:01:26 PM hudson.slaves.SlaveComputer tryReconnect
INFO: Attempting to reconnect ase_test_linux_lisa
Aug 5, 2016 9:01:26 PM hudson.slaves.SlaveComputer tryReconnect
INFO: Attempting to reconnect installer_test_linux
Aug 5, 2016 9:24:26 PM hudson.slaves.SlaveComputer tryReconnect
INFO: Attempting to reconnect ase_test_linux_lisa
Aug 5, 2016 9:24:26 PM hudson.slaves.SlaveComputer tryReconnect
INFO: Attempting to reconnect installer_test_linux
Aug 5, 2016 9:46:26 PM hudson.slaves.SlaveComputer tryReconnect
INFO: Attempting to reconnect ase_test_linux_lisa
Aug 5, 2016 9:46:26 PM hudson.slaves.SlaveComputer tryReconnect
INFO: Attempting to reconnect installer_test_linux
Aug 5, 2016 9:49:46 PM hudson.node_monitors.ResponseTimeMonitor$1 monitor
WARNING: Making installer_test_linux offline because it’s not responding
Aug 5, 2016 9:49:46 PM hudson.node_monitors.ResponseTimeMonitor$1 monitor
WARNING: Making ase_test_linux_lisa offline because it’s not responding
Aug 5, 2016 10:07:26 PM hudson.slaves.SlaveComputer tryReconnect
INFO: Attempting to reconnect ase_test_linux_lisa
Aug 5, 2016 10:07:26 PM hudson.slaves.SlaveComputer tryReconnect
INFO: Attempting to reconnect installer_test_linux
Aug 5, 2016 10:29:26 PM hudson.slaves.SlaveComputer tryReconnect
INFO: Attempting to reconnect ase_test_linux_lisa
Aug 5, 2016 10:29:26 PM hudson.slaves.SlaveComputer tryReconnect
INFO: Attempting to reconnect installer_test_linux
Aug 5, 2016 10:49:26 PM hudson.slaves.SlaveComputer tryReconnect
INFO: Attempting to reconnect ase_test_linux_lisa
Aug 5, 2016 10:49:26 PM hudson.slaves.SlaveComputer tryReconnect
INFO: Attempting to reconnect installer_test_linux
Aug 5, 2016 10:49:46 PM hudson.node_monitors.ResponseTimeMonitor$1 monitor
WARNING: Making installer_test_linux offline because it’s not responding
Aug 5, 2016 10:49:46 PM hudson.node_monitors.ResponseTimeMonitor$1 monitor
WARNING: Making ase_test_linux_lisa offline because it’s not responding
Aug 5, 2016 11:10:26 PM hudson.slaves.SlaveComputer tryReconnect
INFO: Attempting to reconnect ase_test_linux_lisa
Aug 5, 2016 11:10:26 PM hudson.slaves.SlaveComputer tryReconnect
INFO: Attempting to reconnect installer_test_linux
Aug 5, 2016 11:32:26 PM hudson.slaves.SlaveComputer tryReconnect
INFO: Attempting to reconnect ase_test_linux_lisa
Aug 5, 2016 11:32:26 PM hudson.slaves.SlaveComputer tryReconnect
INFO: Attempting to reconnect installer_test_linux
Aug 5, 2016 11:49:46 PM hudson.node_monitors.ResponseTimeMonitor$1 monitor
WARNING: Making installer_test_linux offline because it’s not responding
Aug 5, 2016 11:49:46 PM hudson.node_monitors.ResponseTimeMonitor$1 monitor
WARNING: Making ase_test_linux_lisa offline because it’s not responding
Aug 5, 2016 11:52:26 PM hudson.slaves.SlaveComputer tryReconnect
INFO: Attempting to reconnect ase_test_linux_lisa
Aug 5, 2016 11:52:26 PM hudson.slaves.SlaveComputer tryReconnect
INFO: Attempting to reconnect installer_test_linux
