Aug 25, 2015 12:01:03 AM hudson.model.Run execute
INFO: SRS_SP300_STAGE_DA_PEORIOICALLY #45 main build action completed: SUCCESS
Aug 25, 2015 12:02:55 AM hudson.slaves.SlaveComputer tryReconnect
INFO: Attempting to reconnect RS_build_sunx64_augusta
Aug 25, 2015 12:03:55 AM hudson.slaves.SlaveComputer tryReconnect
INFO: Attempting to reconnect Installer_ibmplinux64_elevon
Aug 25, 2015 12:03:55 AM hudson.slaves.SlaveComputer tryReconnect
INFO: Attempting to reconnect RS_build_sunx64_asekernal6
Aug 25, 2015 12:03:55 AM hudson.slaves.SlaveComputer tryReconnect
INFO: Attempting to reconnect RS_build_test_hpia64_repqahpia1
Aug 25, 2015 12:03:55 AM hudson.slaves.SlaveComputer tryReconnect
INFO: Attempting to reconnect RS_build_test_hpia64_repqahpia5
Aug 25, 2015 12:05:55 AM hudson.slaves.SlaveComputer tryReconnect
INFO: Attempting to reconnect RS_build_test_sunsparc64_whitney
Aug 25, 2015 12:09:01 AM hudson.model.Run execute
INFO: SRS_SP300_STAGE_HRAX_PEORIOICALLY #538 main build action completed: SUCCESS
Aug 25, 2015 12:14:55 AM hudson.slaves.SlaveComputer tryReconnect
INFO: Attempting to reconnect rs_build_ibmaix_rqavmaix2
Aug 25, 2015 12:16:13 AM hudson.model.Run execute
INFO: CHECK_DISK_ON_REMOTE_DIR #9 main build action completed: SUCCESS
Aug 25, 2015 12:22:12 AM hudson.node_monitors.ResponseTimeMonitor$1 monitor
WARNING: Making RS_build_sunx64_augusta offline because it’s not responding
Aug 25, 2015 12:22:12 AM hudson.node_monitors.ResponseTimeMonitor$1 monitor
WARNING: Making RS_build_test_hpia64_repqahpia5 offline because it’s not responding
Aug 25, 2015 12:22:12 AM hudson.node_monitors.ResponseTimeMonitor$1 monitor
WARNING: Making RS_build_sunx64_asekernal6 offline because it’s not responding
Aug 25, 2015 12:22:12 AM hudson.node_monitors.ResponseTimeMonitor$1 monitor
WARNING: Making Installer_ibmplinux64_elevon offline because it’s not responding
Aug 25, 2015 12:22:12 AM hudson.node_monitors.ResponseTimeMonitor$1 monitor
WARNING: Making RS_build_test_hpia64_repqahpia1 offline because it’s not responding
Aug 25, 2015 12:22:12 AM hudson.node_monitors.ResponseTimeMonitor$1 monitor
WARNING: Making RS_build_test_sunsparc64_whitney offline because it’s not responding
Aug 25, 2015 12:23:55 AM hudson.slaves.SlaveComputer tryReconnect
INFO: Attempting to reconnect RS_build_sunx64_augusta
Aug 25, 2015 12:25:55 AM hudson.slaves.SlaveComputer tryReconnect
INFO: Attempting to reconnect Installer_ibmplinux64_elevon
Aug 25, 2015 12:25:55 AM hudson.slaves.SlaveComputer tryReconnect
INFO: Attempting to reconnect RS_build_sunx64_asekernal6
Aug 25, 2015 12:25:55 AM hudson.slaves.SlaveComputer tryReconnect
INFO: Attempting to reconnect RS_build_test_hpia64_repqahpia1
Aug 25, 2015 12:25:55 AM hudson.slaves.SlaveComputer tryReconnect
INFO: Attempting to reconnect RS_build_test_hpia64_repqahpia5
Aug 25, 2015 12:26:55 AM hudson.slaves.SlaveComputer tryReconnect
INFO: Attempting to reconnect RS_build_test_sunsparc64_whitney
Aug 25, 2015 12:35:55 AM hudson.slaves.SlaveComputer tryReconnect
INFO: Attempting to reconnect rs_build_ibmaix_rqavmaix2
Aug 25, 2015 12:39:01 AM hudson.model.Run execute
INFO: SRS_SP300_STAGE_HRAX_PEORIOICALLY #539 main build action completed: SUCCESS
Aug 25, 2015 12:44:55 AM hudson.slaves.SlaveComputer tryReconnect
INFO: Attempting to reconnect RS_build_sunx64_augusta
Aug 25, 2015 12:46:55 AM hudson.slaves.SlaveComputer tryReconnect
INFO: Attempting to reconnect Installer_ibmplinux64_elevon
Aug 25, 2015 12:46:55 AM hudson.slaves.SlaveComputer tryReconnect
INFO: Attempting to reconnect RS_build_sunx64_asekernal6
Aug 25, 2015 12:46:55 AM hudson.slaves.SlaveComputer tryReconnect
INFO: Attempting to reconnect RS_build_test_hpia64_repqahpia1
Aug 25, 2015 12:46:55 AM hudson.slaves.SlaveComputer tryReconnect
INFO: Attempting to reconnect RS_build_test_hpia64_repqahpia5
Aug 25, 2015 12:47:55 AM hudson.slaves.SlaveComputer tryReconnect
INFO: Attempting to reconnect RS_build_test_sunsparc64_whitney
Aug 25, 2015 12:56:55 AM hudson.slaves.SlaveComputer tryReconnect
INFO: Attempting to reconnect rs_build_ibmaix_rqavmaix2
Aug 25, 2015 1:06:55 AM hudson.slaves.SlaveComputer tryReconnect
INFO: Attempting to reconnect RS_build_sunx64_augusta
Aug 25, 2015 1:07:55 AM hudson.slaves.SlaveComputer tryReconnect
INFO: Attempting to reconnect Installer_ibmplinux64_elevon
Aug 25, 2015 1:07:55 AM hudson.slaves.SlaveComputer tryReconnect
INFO: Attempting to reconnect RS_build_sunx64_asekernal6
Aug 25, 2015 1:07:55 AM hudson.slaves.SlaveComputer tryReconnect
INFO: Attempting to reconnect RS_build_test_hpia64_repqahpia1
Aug 25, 2015 1:07:55 AM hudson.slaves.SlaveComputer tryReconnect
INFO: Attempting to reconnect RS_build_test_hpia64_repqahpia5
Aug 25, 2015 1:09:01 AM hudson.model.Run execute
INFO: SRS_SP300_STAGE_HRAX_PEORIOICALLY #540 main build action completed: SUCCESS
Aug 25, 2015 1:09:55 AM hudson.slaves.SlaveComputer tryReconnect
INFO: Attempting to reconnect RS_build_test_sunsparc64_whitney
Aug 25, 2015 1:18:55 AM hudson.slaves.SlaveComputer tryReconnect
INFO: Attempting to reconnect rs_build_ibmaix_rqavmaix2
Aug 25, 2015 1:22:12 AM hudson.node_monitors.ResponseTimeMonitor$1 monitor
WARNING: Making RS_build_sunx64_augusta offline because it’s not responding
Aug 25, 2015 1:22:12 AM hudson.node_monitors.ResponseTimeMonitor$1 monitor
WARNING: Making RS_build_test_hpia64_repqahpia5 offline because it’s not responding
Aug 25, 2015 1:22:12 AM hudson.node_monitors.ResponseTimeMonitor$1 monitor
WARNING: Making RS_build_sunx64_asekernal6 offline because it’s not responding
Aug 25, 2015 1:22:12 AM hudson.node_monitors.ResponseTimeMonitor$1 monitor
WARNING: Making Installer_ibmplinux64_elevon offline because it’s not responding
Aug 25, 2015 1:22:12 AM hudson.node_monitors.ResponseTimeMonitor$1 monitor
WARNING: Making RS_build_test_hpia64_repqahpia1 offline because it’s not responding
Aug 25, 2015 1:22:12 AM hudson.node_monitors.ResponseTimeMonitor$1 monitor
WARNING: Making RS_build_test_sunsparc64_whitney offline because it’s not responding
Aug 25, 2015 1:28:55 AM hudson.slaves.SlaveComputer tryReconnect
INFO: Attempting to reconnect RS_build_sunx64_augusta
Aug 25, 2015 1:30:55 AM hudson.slaves.SlaveComputer tryReconnect
INFO: Attempting to reconnect Installer_ibmplinux64_elevon
Aug 25, 2015 1:30:55 AM hudson.slaves.SlaveComputer tryReconnect
INFO: Attempting to reconnect RS_build_sunx64_asekernal6
Aug 25, 2015 1:30:55 AM hudson.slaves.SlaveComputer tryReconnect
INFO: Attempting to reconnect RS_build_test_hpia64_repqahpia1
Aug 25, 2015 1:30:55 AM hudson.slaves.SlaveComputer tryReconnect
INFO: Attempting to reconnect RS_build_test_hpia64_repqahpia5
Aug 25, 2015 1:32:55 AM hudson.slaves.SlaveComputer tryReconnect
INFO: Attempting to reconnect RS_build_test_sunsparc64_whitney
Aug 25, 2015 1:39:01 AM hudson.model.Run execute
INFO: SRS_SP300_STAGE_HRAX_PEORIOICALLY #541 main build action completed: SUCCESS
Aug 25, 2015 1:41:55 AM hudson.slaves.SlaveComputer tryReconnect
INFO: Attempting to reconnect rs_build_ibmaix_rqavmaix2
Aug 25, 2015 1:50:55 AM hudson.slaves.SlaveComputer tryReconnect
INFO: Attempting to reconnect RS_build_sunx64_augusta
Aug 25, 2015 1:52:55 AM hudson.slaves.SlaveComputer tryReconnect
INFO: Attempting to reconnect Installer_ibmplinux64_elevon
Aug 25, 2015 1:52:55 AM hudson.slaves.SlaveComputer tryReconnect
INFO: Attempting to reconnect RS_build_sunx64_asekernal6
Aug 25, 2015 1:52:55 AM hudson.slaves.SlaveComputer tryReconnect
INFO: Attempting to reconnect RS_build_test_hpia64_repqahpia1
Aug 25, 2015 1:52:55 AM hudson.slaves.SlaveComputer tryReconnect
INFO: Attempting to reconnect RS_build_test_hpia64_repqahpia5
Aug 25, 2015 1:54:55 AM hudson.slaves.SlaveComputer tryReconnect
INFO: Attempting to reconnect RS_build_test_sunsparc64_whitney
Aug 25, 2015 2:03:55 AM hudson.slaves.SlaveComputer tryReconnect
INFO: Attempting to reconnect rs_build_ibmaix_rqavmaix2
Aug 25, 2015 2:09:01 AM hudson.model.Run execute
INFO: SRS_SP300_STAGE_HRAX_PEORIOICALLY #542 main build action completed: SUCCESS
Aug 25, 2015 2:12:55 AM hudson.slaves.SlaveComputer tryReconnect
INFO: Attempting to reconnect RS_build_sunx64_augusta
Aug 25, 2015 2:14:55 AM hudson.slaves.SlaveComputer tryReconnect
INFO: Attempting to reconnect Installer_ibmplinux64_elevon
Aug 25, 2015 2:14:55 AM hudson.slaves.SlaveComputer tryReconnect
INFO: Attempting to reconnect RS_build_sunx64_asekernal6
Aug 25, 2015 2:14:55 AM hudson.slaves.SlaveComputer tryReconnect
INFO: Attempting to reconnect RS_build_test_hpia64_repqahpia1
Aug 25, 2015 2:14:55 AM hudson.slaves.SlaveComputer tryReconnect
INFO: Attempting to reconnect RS_build_test_hpia64_repqahpia5
Aug 25, 2015 2:16:55 AM hudson.slaves.SlaveComputer tryReconnect
INFO: Attempting to reconnect RS_build_test_sunsparc64_whitney
Aug 25, 2015 2:22:12 AM hudson.node_monitors.ResponseTimeMonitor$1 monitor
WARNING: Making RS_build_sunx64_augusta offline because it’s not responding
Aug 25, 2015 2:22:12 AM hudson.node_monitors.ResponseTimeMonitor$1 monitor
WARNING: Making RS_build_test_hpia64_repqahpia5 offline because it’s not responding
Aug 25, 2015 2:22:12 AM hudson.node_monitors.ResponseTimeMonitor$1 monitor
WARNING: Making RS_build_sunx64_asekernal6 offline because it’s not responding
Aug 25, 2015 2:22:12 AM hudson.node_monitors.ResponseTimeMonitor$1 monitor
WARNING: Making Installer_ibmplinux64_elevon offline because it’s not responding
Aug 25, 2015 2:22:12 AM hudson.node_monitors.ResponseTimeMonitor$1 monitor
WARNING: Making RS_build_test_hpia64_repqahpia1 offline because it’s not responding
Aug 25, 2015 2:22:12 AM hudson.node_monitors.ResponseTimeMonitor$1 monitor
WARNING: Making RS_build_test_sunsparc64_whitney offline because it’s not responding
Aug 25, 2015 2:24:57 AM hudson.model.AsyncPeriodicWork$1 run
INFO: Started Out of order build detection
Aug 25, 2015 2:25:12 AM hudson.model.Run execute
INFO: 1_Sub_Nightly_RS_Binary_Build_Linuxamd64 #132 main build action completed: SUCCESS
Aug 25, 2015 2:25:27 AM jenkins.diagnostics.ooom.Problem$Inspector scan
WARNING: Failed to inspect /remote/repeng10/.jenkins/jobs/1_Nightly_RS_Binary_Build_Linuxamd64/builds/1: /remote/repeng10/.jenkins/jobs/1_Nightly_RS_Binary_Build_Linuxamd64/builds/1/build.xml doesn't exist
Aug 25, 2015 2:25:38 AM jenkins.diagnostics.ooom.Problem$Inspector scan
WARNING: Failed to inspect /remote/repeng10/.jenkins/jobs/1_Nightly_RS_Binary_Build_Parallel_Linuxamd64/builds/130: /remote/repeng10/.jenkins/jobs/1_Nightly_RS_Binary_Build_Parallel_Linuxamd64/builds/130/build.xml doesn't exist
Aug 25, 2015 2:25:38 AM jenkins.diagnostics.ooom.Problem$Inspector scan
WARNING: Failed to inspect /remote/repeng10/.jenkins/jobs/1_Nightly_RS_Binary_Build_Parallel_Linuxamd64/builds/2015-08-25_02-22-00: /remote/repeng10/.jenkins/jobs/1_Nightly_RS_Binary_Build_Parallel_Linuxamd64/builds/2015-08-25_02-22-00/build.xml doesn't exist
Aug 25, 2015 2:25:55 AM hudson.slaves.SlaveComputer tryReconnect
INFO: Attempting to reconnect rs_build_ibmaix_rqavmaix2
Aug 25, 2015 2:26:28 AM jenkins.diagnostics.ooom.Problem$Inspector scan
WARNING: Failed to inspect /remote/repeng10/.jenkins/jobs/1_Sub_Nightly_RMA_Binary_Build_Linuxamd64/builds/2015-08-25_02-22-09: /remote/repeng10/.jenkins/jobs/1_Sub_Nightly_RMA_Binary_Build_Linuxamd64/builds/2015-08-25_02-22-09/build.xml doesn't exist
Aug 25, 2015 2:26:28 AM jenkins.diagnostics.ooom.Problem$Inspector scan
WARNING: Failed to inspect /remote/repeng10/.jenkins/jobs/1_Sub_Nightly_RMA_Binary_Build_Linuxamd64/builds/148: /remote/repeng10/.jenkins/jobs/1_Sub_Nightly_RMA_Binary_Build_Linuxamd64/builds/148/build.xml doesn't exist
Aug 25, 2015 2:28:32 AM jenkins.diagnostics.ooom.Problem$Inspector scan
WARNING: Failed to inspect /remote/repeng10/.jenkins/jobs/3_Nightly_Trigger_QA_Barrier_Test_Linuxamd64_Update/builds/2015-04-21_06-01-32: /remote/repeng10/.jenkins/jobs/3_Nightly_Trigger_QA_Barrier_Test_Linuxamd64_Update/builds/2015-04-21_06-01-32/build.xml doesn't exist
Aug 25, 2015 2:28:32 AM jenkins.diagnostics.ooom.Problem$Inspector scan
WARNING: Failed to inspect /remote/repeng10/.jenkins/jobs/3_Nightly_Trigger_QA_Barrier_Test_Linuxamd64_Update/builds/10: /remote/repeng10/.jenkins/jobs/3_Nightly_Trigger_QA_Barrier_Test_Linuxamd64_Update/builds/10/build.xml doesn't exist
Aug 25, 2015 2:28:32 AM jenkins.diagnostics.ooom.Problem$Inspector scan
WARNING: Failed to inspect /remote/repeng10/.jenkins/jobs/3_Nightly_Trigger_QA_Barrier_Test_Linuxamd64_Update/builds/2015-08-12_02-36-48: /remote/repeng10/.jenkins/jobs/3_Nightly_Trigger_QA_Barrier_Test_Linuxamd64_Update/builds/2015-08-12_02-36-48/build.xml doesn't exist
Aug 25, 2015 2:28:32 AM jenkins.diagnostics.ooom.Problem$Inspector scan
WARNING: Failed to inspect /remote/repeng10/.jenkins/jobs/3_Nightly_Trigger_QA_Barrier_Test_Linuxamd64_Update/builds/115: /remote/repeng10/.jenkins/jobs/3_Nightly_Trigger_QA_Barrier_Test_Linuxamd64_Update/builds/115/build.xml doesn't exist
Aug 25, 2015 2:28:32 AM jenkins.diagnostics.ooom.Problem$Inspector scan
WARNING: Failed to inspect /remote/repeng10/.jenkins/jobs/3_Nightly_Trigger_QA_Barrier_Test_Linuxamd64_Update/builds/2015-08-20_02-50-20: /remote/repeng10/.jenkins/jobs/3_Nightly_Trigger_QA_Barrier_Test_Linuxamd64_Update/builds/2015-08-20_02-50-20/build.xml doesn't exist
Aug 25, 2015 2:28:32 AM jenkins.diagnostics.ooom.Problem$Inspector scan
WARNING: Failed to inspect /remote/repeng10/.jenkins/jobs/3_Nightly_Trigger_QA_Barrier_Test_Linuxamd64_Update/builds/123: /remote/repeng10/.jenkins/jobs/3_Nightly_Trigger_QA_Barrier_Test_Linuxamd64_Update/builds/123/build.xml doesn't exist
Aug 25, 2015 2:29:43 AM jenkins.diagnostics.ooom.Problem$Inspector scan
WARNING: Failed to inspect /remote/repeng10/.jenkins/jobs/3_Sub_Nightly_Publish_QA_Test_Report/builds/2015-08-20_03-18-51: /remote/repeng10/.jenkins/jobs/3_Sub_Nightly_Publish_QA_Test_Report/builds/2015-08-20_03-18-51/build.xml doesn't exist
Aug 25, 2015 2:29:43 AM jenkins.diagnostics.ooom.Problem$Inspector scan
WARNING: Failed to inspect /remote/repeng10/.jenkins/jobs/3_Sub_Nightly_Publish_QA_Test_Report/builds/125: /remote/repeng10/.jenkins/jobs/3_Sub_Nightly_Publish_QA_Test_Report/builds/125/build.xml doesn't exist
Aug 25, 2015 2:30:15 AM jenkins.diagnostics.ooom.Problem$Inspector scan
WARNING: Failed to inspect /remote/repeng10/.jenkins/jobs/3_Sub_Nightly_QA_Test_RS_MATS_1/builds/2015-08-24_23-07-22: /remote/repeng10/.jenkins/jobs/3_Sub_Nightly_QA_Test_RS_MATS_1/builds/2015-08-24_23-07-22/build.xml doesn't exist
Aug 25, 2015 2:30:15 AM jenkins.diagnostics.ooom.Problem$Inspector scan
WARNING: Failed to inspect /remote/repeng10/.jenkins/jobs/3_Sub_Nightly_QA_Test_RS_MATS_1/builds/76: /remote/repeng10/.jenkins/jobs/3_Sub_Nightly_QA_Test_RS_MATS_1/builds/76/build.xml doesn't exist
Aug 25, 2015 2:32:18 AM jenkins.diagnostics.ooom.Problem$Inspector scan
WARNING: Failed to inspect /remote/repeng10/.jenkins/jobs/3_Sub_Nightly_QA_Test_RS_NORMAL_SHORT/builds/2015-04-21_06-01-52: /remote/repeng10/.jenkins/jobs/3_Sub_Nightly_QA_Test_RS_NORMAL_SHORT/builds/2015-04-21_06-01-52/build.xml doesn't exist
Aug 25, 2015 2:32:18 AM jenkins.diagnostics.ooom.Problem$Inspector scan
WARNING: Failed to inspect /remote/repeng10/.jenkins/jobs/3_Sub_Nightly_QA_Test_RS_NORMAL_SHORT/builds/12: /remote/repeng10/.jenkins/jobs/3_Sub_Nightly_QA_Test_RS_NORMAL_SHORT/builds/12/build.xml doesn't exist
Aug 25, 2015 2:33:20 AM jenkins.diagnostics.ooom.Problem$Inspector scan
WARNING: Failed to inspect /remote/repeng10/.jenkins/jobs/3_Sub_Nightly_QA_Test_RS_STANDBY/builds/2015-04-21_06-01-52: /remote/repeng10/.jenkins/jobs/3_Sub_Nightly_QA_Test_RS_STANDBY/builds/2015-04-21_06-01-52/build.xml doesn't exist
Aug 25, 2015 2:33:20 AM jenkins.diagnostics.ooom.Problem$Inspector scan
WARNING: Failed to inspect /remote/repeng10/.jenkins/jobs/3_Sub_Nightly_QA_Test_RS_STANDBY/builds/11: /remote/repeng10/.jenkins/jobs/3_Sub_Nightly_QA_Test_RS_STANDBY/builds/11/build.xml doesn't exist
Aug 25, 2015 2:34:28 AM hudson.model.Run execute
INFO: 1_Sub_Nightly_RMA_Binary_Build_Linuxamd64 #148 main build action completed: SUCCESS
Aug 25, 2015 2:34:29 AM hudson.model.Run execute
INFO: 1_Nightly_RS_Binary_Build_Parallel_Linuxamd64 #130 main build action completed: SUCCESS
Aug 25, 2015 2:34:55 AM hudson.slaves.SlaveComputer tryReconnect
INFO: Attempting to reconnect RS_build_sunx64_augusta
Aug 25, 2015 2:35:51 AM jenkins.diagnostics.ooom.Problem$Inspector scan
WARNING: Failed to inspect /remote/repeng10/.jenkins/jobs/MyTest/builds/2015-04-22_00-55-20: /remote/repeng10/.jenkins/jobs/MyTest/builds/2015-04-22_00-55-20/build.xml doesn't exist
Aug 25, 2015 2:35:51 AM jenkins.diagnostics.ooom.Problem$Inspector scan
WARNING: Failed to inspect /remote/repeng10/.jenkins/jobs/MyTest/builds/4: /remote/repeng10/.jenkins/jobs/MyTest/builds/4/build.xml doesn't exist
Aug 25, 2015 2:36:55 AM hudson.slaves.SlaveComputer tryReconnect
INFO: Attempting to reconnect Installer_ibmplinux64_elevon
Aug 25, 2015 2:36:55 AM hudson.slaves.SlaveComputer tryReconnect
INFO: Attempting to reconnect RS_build_sunx64_asekernal6
Aug 25, 2015 2:36:55 AM hudson.slaves.SlaveComputer tryReconnect
INFO: Attempting to reconnect RS_build_test_hpia64_repqahpia1
Aug 25, 2015 2:36:55 AM hudson.slaves.SlaveComputer tryReconnect
INFO: Attempting to reconnect RS_build_test_hpia64_repqahpia5
Aug 25, 2015 2:37:55 AM hudson.slaves.SlaveComputer tryReconnect
INFO: Attempting to reconnect RS_build_test_sunsparc64_whitney
Aug 25, 2015 2:39:01 AM hudson.model.Run execute
INFO: SRS_SP300_STAGE_HRAX_PEORIOICALLY #543 main build action completed: SUCCESS
Aug 25, 2015 2:46:55 AM hudson.slaves.SlaveComputer tryReconnect
INFO: Attempting to reconnect rs_build_ibmaix_rqavmaix2
Aug 25, 2015 2:51:38 AM hudson.model.Run execute
INFO: 2_Nightly_RS_Installer_Build_Test_Linuxamd64 #157 main build action completed: SUCCESS
Aug 25, 2015 2:52:04 AM hudson.model.AsyncPeriodicWork$1 run
INFO: Finished Out of order build detection. 1,627,195 ms
Aug 25, 2015 2:55:55 AM hudson.slaves.SlaveComputer tryReconnect
INFO: Attempting to reconnect RS_build_sunx64_augusta
Aug 25, 2015 2:57:55 AM hudson.slaves.SlaveComputer tryReconnect
INFO: Attempting to reconnect Installer_ibmplinux64_elevon
Aug 25, 2015 2:57:55 AM hudson.slaves.SlaveComputer tryReconnect
INFO: Attempting to reconnect RS_build_sunx64_asekernal6
Aug 25, 2015 2:57:55 AM hudson.slaves.SlaveComputer tryReconnect
INFO: Attempting to reconnect RS_build_test_hpia64_repqahpia1
Aug 25, 2015 2:57:55 AM hudson.slaves.SlaveComputer tryReconnect
INFO: Attempting to reconnect RS_build_test_hpia64_repqahpia5
Aug 25, 2015 2:59:55 AM hudson.slaves.SlaveComputer tryReconnect
INFO: Attempting to reconnect RS_build_test_sunsparc64_whitney
Aug 25, 2015 3:08:55 AM hudson.slaves.SlaveComputer tryReconnect
INFO: Attempting to reconnect rs_build_ibmaix_rqavmaix2
Aug 25, 2015 3:09:01 AM hudson.model.Run execute
INFO: SRS_SP300_STAGE_HRAX_PEORIOICALLY #544 main build action completed: SUCCESS
Aug 25, 2015 3:17:55 AM hudson.slaves.SlaveComputer tryReconnect
INFO: Attempting to reconnect RS_build_sunx64_augusta
Aug 25, 2015 3:18:55 AM hudson.slaves.SlaveComputer tryReconnect
INFO: Attempting to reconnect Installer_ibmplinux64_elevon
Aug 25, 2015 3:18:55 AM hudson.slaves.SlaveComputer tryReconnect
INFO: Attempting to reconnect RS_build_sunx64_asekernal6
Aug 25, 2015 3:18:55 AM hudson.slaves.SlaveComputer tryReconnect
INFO: Attempting to reconnect RS_build_test_hpia64_repqahpia1
Aug 25, 2015 3:18:55 AM hudson.slaves.SlaveComputer tryReconnect
INFO: Attempting to reconnect RS_build_test_hpia64_repqahpia5
Aug 25, 2015 3:20:55 AM hudson.slaves.SlaveComputer tryReconnect
INFO: Attempting to reconnect RS_build_test_sunsparc64_whitney
Aug 25, 2015 3:22:12 AM hudson.node_monitors.ResponseTimeMonitor$1 monitor
WARNING: Making RS_build_sunx64_augusta offline because it’s not responding
Aug 25, 2015 3:22:12 AM hudson.node_monitors.ResponseTimeMonitor$1 monitor
WARNING: Making RS_build_test_hpia64_repqahpia5 offline because it’s not responding
Aug 25, 2015 3:22:12 AM hudson.node_monitors.ResponseTimeMonitor$1 monitor
WARNING: Making RS_build_sunx64_asekernal6 offline because it’s not responding
Aug 25, 2015 3:22:12 AM hudson.node_monitors.ResponseTimeMonitor$1 monitor
WARNING: Making Installer_ibmplinux64_elevon offline because it’s not responding
Aug 25, 2015 3:22:12 AM hudson.node_monitors.ResponseTimeMonitor$1 monitor
WARNING: Making RS_build_test_hpia64_repqahpia1 offline because it’s not responding
Aug 25, 2015 3:22:12 AM hudson.node_monitors.ResponseTimeMonitor$1 monitor
WARNING: Making RS_build_test_sunsparc64_whitney offline because it’s not responding
Aug 25, 2015 3:29:55 AM hudson.slaves.SlaveComputer tryReconnect
INFO: Attempting to reconnect rs_build_ibmaix_rqavmaix2
Aug 25, 2015 3:38:55 AM hudson.slaves.SlaveComputer tryReconnect
INFO: Attempting to reconnect RS_build_sunx64_augusta
Aug 25, 2015 3:39:01 AM hudson.model.Run execute
INFO: SRS_SP300_STAGE_HRAX_PEORIOICALLY #545 main build action completed: SUCCESS
Aug 25, 2015 3:40:55 AM hudson.slaves.SlaveComputer tryReconnect
INFO: Attempting to reconnect Installer_ibmplinux64_elevon
Aug 25, 2015 3:40:55 AM hudson.slaves.SlaveComputer tryReconnect
INFO: Attempting to reconnect RS_build_sunx64_asekernal6
Aug 25, 2015 3:40:55 AM hudson.slaves.SlaveComputer tryReconnect
INFO: Attempting to reconnect RS_build_test_hpia64_repqahpia1
Aug 25, 2015 3:40:55 AM hudson.slaves.SlaveComputer tryReconnect
INFO: Attempting to reconnect RS_build_test_hpia64_repqahpia5
Aug 25, 2015 3:42:55 AM hudson.slaves.SlaveComputer tryReconnect
INFO: Attempting to reconnect RS_build_test_sunsparc64_whitney
Aug 25, 2015 3:46:22 AM hudson.model.AsyncPeriodicWork$1 run
INFO: Started Workspace clean-up
Aug 25, 2015 3:49:17 AM hudson.model.AsyncPeriodicWork$1 run
INFO: Finished Workspace clean-up. 175,135 ms
Aug 25, 2015 3:51:55 AM hudson.slaves.SlaveComputer tryReconnect
INFO: Attempting to reconnect rs_build_ibmaix_rqavmaix2
Aug 25, 2015 4:00:55 AM hudson.slaves.SlaveComputer tryReconnect
INFO: Attempting to reconnect RS_build_sunx64_augusta
Aug 25, 2015 4:02:55 AM hudson.slaves.SlaveComputer tryReconnect
INFO: Attempting to reconnect Installer_ibmplinux64_elevon
Aug 25, 2015 4:02:55 AM hudson.slaves.SlaveComputer tryReconnect
INFO: Attempting to reconnect RS_build_sunx64_asekernal6
Aug 25, 2015 4:02:55 AM hudson.slaves.SlaveComputer tryReconnect
INFO: Attempting to reconnect RS_build_test_hpia64_repqahpia1
Aug 25, 2015 4:02:55 AM hudson.slaves.SlaveComputer tryReconnect
INFO: Attempting to reconnect RS_build_test_hpia64_repqahpia5
Aug 25, 2015 4:03:55 AM hudson.slaves.SlaveComputer tryReconnect
INFO: Attempting to reconnect RS_build_test_sunsparc64_whitney
Aug 25, 2015 4:09:01 AM hudson.model.Run execute
INFO: SRS_SP300_STAGE_HRAX_PEORIOICALLY #546 main build action completed: SUCCESS
Aug 25, 2015 4:10:55 AM hudson.slaves.SlaveComputer tryReconnect
INFO: Attempting to reconnect rs_build_ibmaix_rqavmaix2
Aug 25, 2015 4:19:55 AM hudson.slaves.SlaveComputer tryReconnect
INFO: Attempting to reconnect RS_build_sunx64_augusta
Aug 25, 2015 4:21:55 AM hudson.slaves.SlaveComputer tryReconnect
INFO: Attempting to reconnect Installer_ibmplinux64_elevon
Aug 25, 2015 4:21:56 AM hudson.slaves.SlaveComputer tryReconnect
INFO: Attempting to reconnect RS_build_sunx64_asekernal6
Aug 25, 2015 4:21:56 AM hudson.slaves.SlaveComputer tryReconnect
INFO: Attempting to reconnect RS_build_test_hpia64_repqahpia1
Aug 25, 2015 4:21:56 AM hudson.slaves.SlaveComputer tryReconnect
INFO: Attempting to reconnect RS_build_test_hpia64_repqahpia5
Aug 25, 2015 4:22:09 AM hudson.model.Run execute
INFO: SRS_RMA_BUILD_TRIGGER_BY_RMADEV_SP300 #20 main build action completed: SUCCESS
Aug 25, 2015 4:22:12 AM hudson.node_monitors.ResponseTimeMonitor$1 monitor
WARNING: Making RS_build_sunx64_augusta offline because it’s not responding
Aug 25, 2015 4:22:12 AM hudson.node_monitors.ResponseTimeMonitor$1 monitor
WARNING: Making RS_build_test_hpia64_repqahpia5 offline because it’s not responding
Aug 25, 2015 4:22:12 AM hudson.node_monitors.ResponseTimeMonitor$1 monitor
WARNING: Making RS_build_sunx64_asekernal6 offline because it’s not responding
Aug 25, 2015 4:22:12 AM hudson.node_monitors.ResponseTimeMonitor$1 monitor
WARNING: Making Installer_ibmplinux64_elevon offline because it’s not responding
Aug 25, 2015 4:22:12 AM hudson.node_monitors.ResponseTimeMonitor$1 monitor
WARNING: Making RS_build_test_hpia64_repqahpia1 offline because it’s not responding
Aug 25, 2015 4:22:12 AM hudson.node_monitors.ResponseTimeMonitor$1 monitor
WARNING: Making RS_build_test_sunsparc64_whitney offline because it’s not responding
Aug 25, 2015 4:23:55 AM hudson.slaves.SlaveComputer tryReconnect
INFO: Attempting to reconnect RS_build_test_sunsparc64_whitney
Aug 25, 2015 4:26:44 AM hudson.model.Run execute
INFO: 3_Sub_Nightly_QA_Test_RS_MATS_1 #76 main build action completed: SUCCESS
Aug 25, 2015 4:33:55 AM hudson.slaves.SlaveComputer tryReconnect
INFO: Attempting to reconnect rs_build_ibmaix_rqavmaix2
Aug 25, 2015 4:39:01 AM hudson.model.Run execute
INFO: SRS_SP300_STAGE_HRAX_PEORIOICALLY #547 main build action completed: SUCCESS
Aug 25, 2015 4:41:55 AM hudson.slaves.SlaveComputer tryReconnect
INFO: Attempting to reconnect RS_build_sunx64_augusta
Aug 25, 2015 4:43:55 AM hudson.slaves.SlaveComputer tryReconnect
INFO: Attempting to reconnect Installer_ibmplinux64_elevon
Aug 25, 2015 4:43:55 AM hudson.slaves.SlaveComputer tryReconnect
INFO: Attempting to reconnect RS_build_sunx64_asekernal6
Aug 25, 2015 4:43:55 AM hudson.slaves.SlaveComputer tryReconnect
INFO: Attempting to reconnect RS_build_test_hpia64_repqahpia1
Aug 25, 2015 4:43:55 AM hudson.slaves.SlaveComputer tryReconnect
INFO: Attempting to reconnect RS_build_test_hpia64_repqahpia5
Aug 25, 2015 4:45:55 AM hudson.slaves.SlaveComputer tryReconnect
INFO: Attempting to reconnect RS_build_test_sunsparc64_whitney
Aug 25, 2015 4:53:55 AM hudson.slaves.SlaveComputer tryReconnect
INFO: Attempting to reconnect rs_build_ibmaix_rqavmaix2
Aug 25, 2015 5:02:55 AM hudson.slaves.SlaveComputer tryReconnect
INFO: Attempting to reconnect RS_build_sunx64_augusta
Aug 25, 2015 5:04:55 AM hudson.slaves.SlaveComputer tryReconnect
INFO: Attempting to reconnect Installer_ibmplinux64_elevon
Aug 25, 2015 5:04:55 AM hudson.slaves.SlaveComputer tryReconnect
INFO: Attempting to reconnect RS_build_sunx64_asekernal6
Aug 25, 2015 5:04:55 AM hudson.slaves.SlaveComputer tryReconnect
INFO: Attempting to reconnect RS_build_test_hpia64_repqahpia1
Aug 25, 2015 5:04:55 AM hudson.slaves.SlaveComputer tryReconnect
INFO: Attempting to reconnect RS_build_test_hpia64_repqahpia5
Aug 25, 2015 5:06:55 AM hudson.slaves.SlaveComputer tryReconnect
INFO: Attempting to reconnect RS_build_test_sunsparc64_whitney
Aug 25, 2015 5:09:01 AM hudson.model.Run execute
INFO: SRS_SP300_STAGE_HRAX_PEORIOICALLY #548 main build action completed: SUCCESS
Aug 25, 2015 5:14:55 AM hudson.slaves.SlaveComputer tryReconnect
INFO: Attempting to reconnect rs_build_ibmaix_rqavmaix2
Aug 25, 2015 5:22:12 AM hudson.node_monitors.ResponseTimeMonitor$1 monitor
WARNING: Making RS_build_sunx64_augusta offline because it’s not responding
Aug 25, 2015 5:22:12 AM hudson.node_monitors.ResponseTimeMonitor$1 monitor
WARNING: Making RS_build_test_hpia64_repqahpia5 offline because it’s not responding
Aug 25, 2015 5:22:12 AM hudson.node_monitors.ResponseTimeMonitor$1 monitor
WARNING: Making RS_build_sunx64_asekernal6 offline because it’s not responding
Aug 25, 2015 5:22:12 AM hudson.node_monitors.ResponseTimeMonitor$1 monitor
WARNING: Making Installer_ibmplinux64_elevon offline because it’s not responding
Aug 25, 2015 5:22:12 AM hudson.node_monitors.ResponseTimeMonitor$1 monitor
WARNING: Making RS_build_test_hpia64_repqahpia1 offline because it’s not responding
Aug 25, 2015 5:22:12 AM hudson.node_monitors.ResponseTimeMonitor$1 monitor
WARNING: Making RS_build_test_sunsparc64_whitney offline because it’s not responding
Aug 25, 2015 5:23:55 AM hudson.slaves.SlaveComputer tryReconnect
INFO: Attempting to reconnect RS_build_sunx64_augusta
Aug 25, 2015 5:25:55 AM hudson.slaves.SlaveComputer tryReconnect
INFO: Attempting to reconnect Installer_ibmplinux64_elevon
Aug 25, 2015 5:25:55 AM hudson.slaves.SlaveComputer tryReconnect
INFO: Attempting to reconnect RS_build_sunx64_asekernal6
Aug 25, 2015 5:25:55 AM hudson.slaves.SlaveComputer tryReconnect
INFO: Attempting to reconnect RS_build_test_hpia64_repqahpia1
Aug 25, 2015 5:25:55 AM hudson.slaves.SlaveComputer tryReconnect
INFO: Attempting to reconnect RS_build_test_hpia64_repqahpia5
Aug 25, 2015 5:26:55 AM hudson.slaves.SlaveComputer tryReconnect
INFO: Attempting to reconnect RS_build_test_sunsparc64_whitney
Aug 25, 2015 5:35:55 AM hudson.slaves.SlaveComputer tryReconnect
INFO: Attempting to reconnect rs_build_ibmaix_rqavmaix2
Aug 25, 2015 5:39:01 AM hudson.model.Run execute
INFO: SRS_SP300_STAGE_HRAX_PEORIOICALLY #549 main build action completed: SUCCESS
Aug 25, 2015 5:45:55 AM hudson.slaves.SlaveComputer tryReconnect
INFO: Attempting to reconnect RS_build_sunx64_augusta
Aug 25, 2015 5:47:55 AM hudson.slaves.SlaveComputer tryReconnect
INFO: Attempting to reconnect Installer_ibmplinux64_elevon
Aug 25, 2015 5:47:55 AM hudson.slaves.SlaveComputer tryReconnect
INFO: Attempting to reconnect RS_build_sunx64_asekernal6
Aug 25, 2015 5:47:55 AM hudson.slaves.SlaveComputer tryReconnect
INFO: Attempting to reconnect RS_build_test_hpia64_repqahpia1
Aug 25, 2015 5:47:55 AM hudson.slaves.SlaveComputer tryReconnect
INFO: Attempting to reconnect RS_build_test_hpia64_repqahpia5
Aug 25, 2015 5:48:55 AM hudson.slaves.SlaveComputer tryReconnect
INFO: Attempting to reconnect RS_build_test_sunsparc64_whitney
Aug 25, 2015 5:58:55 AM hudson.slaves.SlaveComputer tryReconnect
INFO: Attempting to reconnect rs_build_ibmaix_rqavmaix2
Aug 25, 2015 6:01:04 AM hudson.model.Run execute
INFO: SRS_SP300_STAGE_DA_PEORIOICALLY #46 main build action completed: SUCCESS
Aug 25, 2015 6:08:55 AM hudson.slaves.SlaveComputer tryReconnect
INFO: Attempting to reconnect RS_build_sunx64_augusta
Aug 25, 2015 6:09:01 AM hudson.model.Run execute
INFO: SRS_SP300_STAGE_HRAX_PEORIOICALLY #550 main build action completed: SUCCESS
Aug 25, 2015 6:10:55 AM hudson.slaves.SlaveComputer tryReconnect
INFO: Attempting to reconnect Installer_ibmplinux64_elevon
Aug 25, 2015 6:10:55 AM hudson.slaves.SlaveComputer tryReconnect
INFO: Attempting to reconnect RS_build_sunx64_asekernal6
Aug 25, 2015 6:10:55 AM hudson.slaves.SlaveComputer tryReconnect
INFO: Attempting to reconnect RS_build_test_hpia64_repqahpia1
Aug 25, 2015 6:10:55 AM hudson.slaves.SlaveComputer tryReconnect
INFO: Attempting to reconnect RS_build_test_hpia64_repqahpia5
Aug 25, 2015 6:12:55 AM hudson.slaves.SlaveComputer tryReconnect
INFO: Attempting to reconnect RS_build_test_sunsparc64_whitney
Aug 25, 2015 6:13:53 AM hudson.model.AsyncPeriodicWork$1 run
INFO: Started Download metadata
Aug 25, 2015 6:13:53 AM hudson.model.AsyncPeriodicWork$1 run
INFO: Finished Download metadata. 7 ms
Aug 25, 2015 6:22:12 AM hudson.node_monitors.ResponseTimeMonitor$1 monitor
WARNING: Making RS_build_sunx64_augusta offline because it’s not responding
Aug 25, 2015 6:22:12 AM hudson.node_monitors.ResponseTimeMonitor$1 monitor
WARNING: Making RS_build_test_hpia64_repqahpia5 offline because it’s not responding
Aug 25, 2015 6:22:12 AM hudson.node_monitors.ResponseTimeMonitor$1 monitor
WARNING: Making RS_build_sunx64_asekernal6 offline because it’s not responding
Aug 25, 2015 6:22:12 AM hudson.node_monitors.ResponseTimeMonitor$1 monitor
WARNING: Making Installer_ibmplinux64_elevon offline because it’s not responding
Aug 25, 2015 6:22:12 AM hudson.node_monitors.ResponseTimeMonitor$1 monitor
WARNING: Making RS_build_test_hpia64_repqahpia1 offline because it’s not responding
Aug 25, 2015 6:22:12 AM hudson.node_monitors.ResponseTimeMonitor$1 monitor
WARNING: Making RS_build_test_sunsparc64_whitney offline because it’s not responding
Aug 25, 2015 6:22:55 AM hudson.slaves.SlaveComputer tryReconnect
INFO: Attempting to reconnect rs_build_ibmaix_rqavmaix2
Aug 25, 2015 6:30:55 AM hudson.slaves.SlaveComputer tryReconnect
INFO: Attempting to reconnect RS_build_sunx64_augusta
Aug 25, 2015 6:32:55 AM hudson.slaves.SlaveComputer tryReconnect
INFO: Attempting to reconnect Installer_ibmplinux64_elevon
Aug 25, 2015 6:32:55 AM hudson.slaves.SlaveComputer tryReconnect
INFO: Attempting to reconnect RS_build_sunx64_asekernal6
Aug 25, 2015 6:32:55 AM hudson.slaves.SlaveComputer tryReconnect
INFO: Attempting to reconnect RS_build_test_hpia64_repqahpia1
Aug 25, 2015 6:32:55 AM hudson.slaves.SlaveComputer tryReconnect
INFO: Attempting to reconnect RS_build_test_hpia64_repqahpia5
Aug 25, 2015 6:34:55 AM hudson.slaves.SlaveComputer tryReconnect
INFO: Attempting to reconnect RS_build_test_sunsparc64_whitney
Aug 25, 2015 6:39:01 AM hudson.model.Run execute
INFO: SRS_SP300_STAGE_HRAX_PEORIOICALLY #551 main build action completed: SUCCESS
Aug 25, 2015 6:44:55 AM hudson.slaves.SlaveComputer tryReconnect
INFO: Attempting to reconnect rs_build_ibmaix_rqavmaix2
Aug 25, 2015 6:53:55 AM hudson.slaves.SlaveComputer tryReconnect
INFO: Attempting to reconnect RS_build_sunx64_augusta
Aug 25, 2015 6:55:55 AM hudson.slaves.SlaveComputer tryReconnect
INFO: Attempting to reconnect Installer_ibmplinux64_elevon
Aug 25, 2015 6:55:55 AM hudson.slaves.SlaveComputer tryReconnect
INFO: Attempting to reconnect RS_build_sunx64_asekernal6
Aug 25, 2015 6:55:55 AM hudson.slaves.SlaveComputer tryReconnect
INFO: Attempting to reconnect RS_build_test_hpia64_repqahpia1
Aug 25, 2015 6:55:55 AM hudson.slaves.SlaveComputer tryReconnect
INFO: Attempting to reconnect RS_build_test_hpia64_repqahpia5
Aug 25, 2015 6:57:55 AM hudson.slaves.SlaveComputer tryReconnect
INFO: Attempting to reconnect RS_build_test_sunsparc64_whitney
Aug 25, 2015 7:05:55 AM hudson.slaves.SlaveComputer tryReconnect
INFO: Attempting to reconnect rs_build_ibmaix_rqavmaix2
Aug 25, 2015 7:09:01 AM hudson.model.Run execute
INFO: SRS_SP300_STAGE_HRAX_PEORIOICALLY #552 main build action completed: SUCCESS
Aug 25, 2015 7:15:55 AM hudson.slaves.SlaveComputer tryReconnect
INFO: Attempting to reconnect RS_build_sunx64_augusta
Aug 25, 2015 7:17:55 AM hudson.slaves.SlaveComputer tryReconnect
INFO: Attempting to reconnect Installer_ibmplinux64_elevon
Aug 25, 2015 7:17:55 AM hudson.slaves.SlaveComputer tryReconnect
INFO: Attempting to reconnect RS_build_sunx64_asekernal6
Aug 25, 2015 7:17:55 AM hudson.slaves.SlaveComputer tryReconnect
INFO: Attempting to reconnect RS_build_test_hpia64_repqahpia1
Aug 25, 2015 7:17:55 AM hudson.slaves.SlaveComputer tryReconnect
INFO: Attempting to reconnect RS_build_test_hpia64_repqahpia5
Aug 25, 2015 7:18:55 AM hudson.slaves.SlaveComputer tryReconnect
INFO: Attempting to reconnect RS_build_test_sunsparc64_whitney
Aug 25, 2015 7:22:12 AM hudson.node_monitors.ResponseTimeMonitor$1 monitor
WARNING: Making RS_build_sunx64_augusta offline because it’s not responding
Aug 25, 2015 7:22:12 AM hudson.node_monitors.ResponseTimeMonitor$1 monitor
WARNING: Making RS_build_test_hpia64_repqahpia5 offline because it’s not responding
Aug 25, 2015 7:22:12 AM hudson.node_monitors.ResponseTimeMonitor$1 monitor
WARNING: Making RS_build_sunx64_asekernal6 offline because it’s not responding
Aug 25, 2015 7:22:12 AM hudson.node_monitors.ResponseTimeMonitor$1 monitor
WARNING: Making Installer_ibmplinux64_elevon offline because it’s not responding
Aug 25, 2015 7:22:12 AM hudson.node_monitors.ResponseTimeMonitor$1 monitor
WARNING: Making RS_build_test_hpia64_repqahpia1 offline because it’s not responding
Aug 25, 2015 7:22:12 AM hudson.node_monitors.ResponseTimeMonitor$1 monitor
WARNING: Making RS_build_test_sunsparc64_whitney offline because it’s not responding
Aug 25, 2015 7:27:55 AM hudson.slaves.SlaveComputer tryReconnect
INFO: Attempting to reconnect rs_build_ibmaix_rqavmaix2
Aug 25, 2015 7:35:55 AM hudson.slaves.SlaveComputer tryReconnect
INFO: Attempting to reconnect RS_build_sunx64_augusta
Aug 25, 2015 7:37:55 AM hudson.slaves.SlaveComputer tryReconnect
INFO: Attempting to reconnect Installer_ibmplinux64_elevon
Aug 25, 2015 7:37:55 AM hudson.slaves.SlaveComputer tryReconnect
INFO: Attempting to reconnect RS_build_sunx64_asekernal6
Aug 25, 2015 7:37:55 AM hudson.slaves.SlaveComputer tryReconnect
INFO: Attempting to reconnect RS_build_test_hpia64_repqahpia1
Aug 25, 2015 7:37:55 AM hudson.slaves.SlaveComputer tryReconnect
INFO: Attempting to reconnect RS_build_test_hpia64_repqahpia5
Aug 25, 2015 7:38:00 AM hudson.remoting.SynchronousCommandTransport$ReaderThread run
SEVERE: I/O error in channel Installer_ibmplinux64_elevon
java.io.IOException: Unexpected termination of the channel
	at hudson.remoting.SynchronousCommandTransport$ReaderThread.run(SynchronousCommandTransport.java:50)
Caused by: java.io.EOFException
	at java.io.ObjectInputStream$PeekInputStream.readFully(ObjectInputStream.java:2297)
	at java.io.ObjectInputStream$BlockDataInputStream.readShort(ObjectInputStream.java:2766)
	at java.io.ObjectInputStream.readStreamHeader(ObjectInputStream.java:797)
	at java.io.ObjectInputStream.<init>(ObjectInputStream.java:297)
	at hudson.remoting.ObjectInputStreamEx.<init>(ObjectInputStreamEx.java:40)
	at hudson.remoting.AbstractSynchronousByteArrayCommandTransport.read(AbstractSynchronousByteArrayCommandTransport.java:34)
	at hudson.remoting.SynchronousCommandTransport$ReaderThread.run(SynchronousCommandTransport.java:48)
Aug 25, 2015 7:38:55 AM hudson.slaves.SlaveComputer tryReconnect
INFO: Attempting to reconnect RS_build_test_sunsparc64_whitney
Aug 25, 2015 7:39:01 AM hudson.model.Run execute
INFO: SRS_SP300_STAGE_HRAX_PEORIOICALLY #553 main build action completed: SUCCESS
Aug 25, 2015 7:48:55 AM hudson.slaves.SlaveComputer tryReconnect
INFO: Attempting to reconnect rs_build_ibmaix_rqavmaix2
Aug 25, 2015 7:57:55 AM hudson.slaves.SlaveComputer tryReconnect
INFO: Attempting to reconnect RS_build_sunx64_augusta
Aug 25, 2015 7:59:55 AM hudson.slaves.SlaveComputer tryReconnect
INFO: Attempting to reconnect Installer_ibmplinux64_elevon
Aug 25, 2015 7:59:55 AM hudson.slaves.SlaveComputer tryReconnect
INFO: Attempting to reconnect RS_build_sunx64_asekernal6
Aug 25, 2015 7:59:55 AM hudson.slaves.SlaveComputer tryReconnect
INFO: Attempting to reconnect RS_build_test_hpia64_repqahpia1
Aug 25, 2015 7:59:55 AM hudson.slaves.SlaveComputer tryReconnect
INFO: Attempting to reconnect RS_build_test_hpia64_repqahpia5
Aug 25, 2015 8:01:55 AM hudson.slaves.SlaveComputer tryReconnect
INFO: Attempting to reconnect RS_build_test_sunsparc64_whitney
Aug 25, 2015 8:09:01 AM hudson.model.Run execute
INFO: SRS_SP300_STAGE_HRAX_PEORIOICALLY #554 main build action completed: SUCCESS
Aug 25, 2015 8:10:55 AM hudson.slaves.SlaveComputer tryReconnect
INFO: Attempting to reconnect rs_build_ibmaix_rqavmaix2
Aug 25, 2015 8:18:55 AM hudson.slaves.SlaveComputer tryReconnect
INFO: Attempting to reconnect RS_build_sunx64_augusta
Aug 25, 2015 8:20:55 AM hudson.slaves.SlaveComputer tryReconnect
INFO: Attempting to reconnect Installer_ibmplinux64_elevon
Aug 25, 2015 8:20:55 AM hudson.slaves.SlaveComputer tryReconnect
INFO: Attempting to reconnect RS_build_sunx64_asekernal6
Aug 25, 2015 8:20:55 AM hudson.slaves.SlaveComputer tryReconnect
INFO: Attempting to reconnect RS_build_test_hpia64_repqahpia1
Aug 25, 2015 8:20:55 AM hudson.slaves.SlaveComputer tryReconnect
INFO: Attempting to reconnect RS_build_test_hpia64_repqahpia5
Aug 25, 2015 8:21:55 AM hudson.slaves.SlaveComputer tryReconnect
INFO: Attempting to reconnect RS_build_test_sunsparc64_whitney
Aug 25, 2015 8:22:13 AM hudson.node_monitors.ResponseTimeMonitor$1 monitor
WARNING: Making RS_build_sunx64_augusta offline because it’s not responding
Aug 25, 2015 8:22:13 AM hudson.node_monitors.ResponseTimeMonitor$1 monitor
WARNING: Making RS_build_test_hpia64_repqahpia5 offline because it’s not responding
Aug 25, 2015 8:22:13 AM hudson.node_monitors.ResponseTimeMonitor$1 monitor
WARNING: Making RS_build_sunx64_asekernal6 offline because it’s not responding
Aug 25, 2015 8:22:13 AM hudson.node_monitors.ResponseTimeMonitor$1 monitor
WARNING: Making Installer_ibmplinux64_elevon offline because it’s not responding
Aug 25, 2015 8:22:13 AM hudson.node_monitors.ResponseTimeMonitor$1 monitor
WARNING: Making RS_build_test_hpia64_repqahpia1 offline because it’s not responding
Aug 25, 2015 8:22:13 AM hudson.node_monitors.ResponseTimeMonitor$1 monitor
WARNING: Making RS_build_test_sunsparc64_whitney offline because it’s not responding
Aug 25, 2015 8:30:55 AM hudson.slaves.SlaveComputer tryReconnect
INFO: Attempting to reconnect rs_build_ibmaix_rqavmaix2
Aug 25, 2015 8:39:02 AM hudson.model.Run execute
INFO: SRS_SP300_STAGE_HRAX_PEORIOICALLY #555 main build action completed: SUCCESS
Aug 25, 2015 8:39:55 AM hudson.slaves.SlaveComputer tryReconnect
INFO: Attempting to reconnect RS_build_sunx64_augusta
Aug 25, 2015 8:41:55 AM hudson.slaves.SlaveComputer tryReconnect
INFO: Attempting to reconnect Installer_ibmplinux64_elevon
Aug 25, 2015 8:41:55 AM hudson.slaves.SlaveComputer tryReconnect
INFO: Attempting to reconnect RS_build_sunx64_asekernal6
Aug 25, 2015 8:41:55 AM hudson.slaves.SlaveComputer tryReconnect
INFO: Attempting to reconnect RS_build_test_hpia64_repqahpia1
Aug 25, 2015 8:41:55 AM hudson.slaves.SlaveComputer tryReconnect
INFO: Attempting to reconnect RS_build_test_hpia64_repqahpia5
Aug 25, 2015 8:43:55 AM hudson.slaves.SlaveComputer tryReconnect
INFO: Attempting to reconnect RS_build_test_sunsparc64_whitney
Aug 25, 2015 8:52:55 AM hudson.slaves.SlaveComputer tryReconnect
INFO: Attempting to reconnect rs_build_ibmaix_rqavmaix2
Aug 25, 2015 9:02:55 AM hudson.slaves.SlaveComputer tryReconnect
INFO: Attempting to reconnect RS_build_sunx64_augusta
Aug 25, 2015 9:03:55 AM hudson.slaves.SlaveComputer tryReconnect
INFO: Attempting to reconnect Installer_ibmplinux64_elevon
Aug 25, 2015 9:03:55 AM hudson.slaves.SlaveComputer tryReconnect
INFO: Attempting to reconnect RS_build_sunx64_asekernal6
Aug 25, 2015 9:03:55 AM hudson.slaves.SlaveComputer tryReconnect
INFO: Attempting to reconnect RS_build_test_hpia64_repqahpia1
Aug 25, 2015 9:03:55 AM hudson.slaves.SlaveComputer tryReconnect
INFO: Attempting to reconnect RS_build_test_hpia64_repqahpia5
Aug 25, 2015 9:05:55 AM hudson.slaves.SlaveComputer tryReconnect
INFO: Attempting to reconnect RS_build_test_sunsparc64_whitney
Aug 25, 2015 9:09:01 AM hudson.model.Run execute
INFO: SRS_SP300_STAGE_HRAX_PEORIOICALLY #556 main build action completed: SUCCESS
Aug 25, 2015 9:14:55 AM hudson.slaves.SlaveComputer tryReconnect
INFO: Attempting to reconnect rs_build_ibmaix_rqavmaix2
Aug 25, 2015 9:22:12 AM hudson.node_monitors.ResponseTimeMonitor$1 monitor
WARNING: Making RS_build_sunx64_augusta offline because it’s not responding
Aug 25, 2015 9:22:12 AM hudson.node_monitors.ResponseTimeMonitor$1 monitor
WARNING: Making RS_build_test_hpia64_repqahpia5 offline because it’s not responding
Aug 25, 2015 9:22:12 AM hudson.node_monitors.ResponseTimeMonitor$1 monitor
WARNING: Making RS_build_sunx64_asekernal6 offline because it’s not responding
Aug 25, 2015 9:22:12 AM hudson.node_monitors.ResponseTimeMonitor$1 monitor
WARNING: Making Installer_ibmplinux64_elevon offline because it’s not responding
Aug 25, 2015 9:22:12 AM hudson.node_monitors.ResponseTimeMonitor$1 monitor
WARNING: Making RS_build_test_hpia64_repqahpia1 offline because it’s not responding
Aug 25, 2015 9:22:12 AM hudson.node_monitors.ResponseTimeMonitor$1 monitor
WARNING: Making RS_build_test_sunsparc64_whitney offline because it’s not responding
Aug 25, 2015 9:23:55 AM hudson.slaves.SlaveComputer tryReconnect
INFO: Attempting to reconnect RS_build_sunx64_augusta
Aug 25, 2015 9:25:55 AM hudson.slaves.SlaveComputer tryReconnect
INFO: Attempting to reconnect Installer_ibmplinux64_elevon
Aug 25, 2015 9:25:55 AM hudson.slaves.SlaveComputer tryReconnect
INFO: Attempting to reconnect RS_build_sunx64_asekernal6
Aug 25, 2015 9:25:55 AM hudson.slaves.SlaveComputer tryReconnect
INFO: Attempting to reconnect RS_build_test_hpia64_repqahpia1
Aug 25, 2015 9:25:55 AM hudson.slaves.SlaveComputer tryReconnect
INFO: Attempting to reconnect RS_build_test_hpia64_repqahpia5
Aug 25, 2015 9:27:55 AM hudson.slaves.SlaveComputer tryReconnect
INFO: Attempting to reconnect RS_build_test_sunsparc64_whitney
Aug 25, 2015 9:34:55 AM hudson.slaves.SlaveComputer tryReconnect
INFO: Attempting to reconnect rs_build_ibmaix_rqavmaix2
Aug 25, 2015 9:39:01 AM hudson.model.Run execute
INFO: SRS_SP300_STAGE_HRAX_PEORIOICALLY #557 main build action completed: SUCCESS
Aug 25, 2015 9:44:55 AM hudson.slaves.SlaveComputer tryReconnect
INFO: Attempting to reconnect RS_build_sunx64_augusta
Aug 25, 2015 9:46:55 AM hudson.slaves.SlaveComputer tryReconnect
INFO: Attempting to reconnect Installer_ibmplinux64_elevon
Aug 25, 2015 9:46:55 AM hudson.slaves.SlaveComputer tryReconnect
INFO: Attempting to reconnect RS_build_sunx64_asekernal6
Aug 25, 2015 9:46:55 AM hudson.slaves.SlaveComputer tryReconnect
INFO: Attempting to reconnect RS_build_test_hpia64_repqahpia1
Aug 25, 2015 9:46:55 AM hudson.slaves.SlaveComputer tryReconnect
INFO: Attempting to reconnect RS_build_test_hpia64_repqahpia5
Aug 25, 2015 9:48:55 AM hudson.slaves.SlaveComputer tryReconnect
INFO: Attempting to reconnect RS_build_test_sunsparc64_whitney
Aug 25, 2015 9:57:55 AM hudson.slaves.SlaveComputer tryReconnect
INFO: Attempting to reconnect rs_build_ibmaix_rqavmaix2
Aug 25, 2015 10:06:55 AM hudson.slaves.SlaveComputer tryReconnect
INFO: Attempting to reconnect RS_build_sunx64_augusta
Aug 25, 2015 10:08:55 AM hudson.slaves.SlaveComputer tryReconnect
INFO: Attempting to reconnect Installer_ibmplinux64_elevon
Aug 25, 2015 10:08:55 AM hudson.slaves.SlaveComputer tryReconnect
INFO: Attempting to reconnect RS_build_sunx64_asekernal6
Aug 25, 2015 10:08:55 AM hudson.slaves.SlaveComputer tryReconnect
INFO: Attempting to reconnect RS_build_test_hpia64_repqahpia1
Aug 25, 2015 10:08:55 AM hudson.slaves.SlaveComputer tryReconnect
INFO: Attempting to reconnect RS_build_test_hpia64_repqahpia5
Aug 25, 2015 10:09:01 AM hudson.model.Run execute
INFO: SRS_SP300_STAGE_HRAX_PEORIOICALLY #558 main build action completed: SUCCESS
Aug 25, 2015 10:10:55 AM hudson.slaves.SlaveComputer tryReconnect
INFO: Attempting to reconnect RS_build_test_sunsparc64_whitney
Aug 25, 2015 10:19:55 AM hudson.slaves.SlaveComputer tryReconnect
INFO: Attempting to reconnect rs_build_ibmaix_rqavmaix2
Aug 25, 2015 10:22:12 AM hudson.node_monitors.ResponseTimeMonitor$1 monitor
WARNING: Making RS_build_sunx64_augusta offline because it’s not responding
Aug 25, 2015 10:22:12 AM hudson.node_monitors.ResponseTimeMonitor$1 monitor
WARNING: Making RS_build_test_hpia64_repqahpia5 offline because it’s not responding
Aug 25, 2015 10:22:12 AM hudson.node_monitors.ResponseTimeMonitor$1 monitor
WARNING: Making RS_build_sunx64_asekernal6 offline because it’s not responding
Aug 25, 2015 10:22:12 AM hudson.node_monitors.ResponseTimeMonitor$1 monitor
WARNING: Making Installer_ibmplinux64_elevon offline because it’s not responding
Aug 25, 2015 10:22:12 AM hudson.node_monitors.ResponseTimeMonitor$1 monitor
WARNING: Making RS_build_test_hpia64_repqahpia1 offline because it’s not responding
Aug 25, 2015 10:22:12 AM hudson.node_monitors.ResponseTimeMonitor$1 monitor
WARNING: Making RS_build_test_sunsparc64_whitney offline because it’s not responding
Aug 25, 2015 10:28:55 AM hudson.slaves.SlaveComputer tryReconnect
INFO: Attempting to reconnect RS_build_sunx64_augusta
Aug 25, 2015 10:30:55 AM hudson.slaves.SlaveComputer tryReconnect
INFO: Attempting to reconnect Installer_ibmplinux64_elevon
Aug 25, 2015 10:30:55 AM hudson.slaves.SlaveComputer tryReconnect
INFO: Attempting to reconnect RS_build_sunx64_asekernal6
Aug 25, 2015 10:30:55 AM hudson.slaves.SlaveComputer tryReconnect
INFO: Attempting to reconnect RS_build_test_hpia64_repqahpia1
Aug 25, 2015 10:30:55 AM hudson.slaves.SlaveComputer tryReconnect
INFO: Attempting to reconnect RS_build_test_hpia64_repqahpia5
Aug 25, 2015 10:32:55 AM hudson.slaves.SlaveComputer tryReconnect
INFO: Attempting to reconnect RS_build_test_sunsparc64_whitney
Aug 25, 2015 10:39:01 AM hudson.model.Run execute
INFO: SRS_SP300_STAGE_HRAX_PEORIOICALLY #559 main build action completed: SUCCESS
Aug 25, 2015 10:40:55 AM hudson.slaves.SlaveComputer tryReconnect
INFO: Attempting to reconnect rs_build_ibmaix_rqavmaix2
Aug 25, 2015 10:49:55 AM hudson.slaves.SlaveComputer tryReconnect
INFO: Attempting to reconnect RS_build_sunx64_augusta
Aug 25, 2015 10:51:55 AM hudson.slaves.SlaveComputer tryReconnect
INFO: Attempting to reconnect Installer_ibmplinux64_elevon
Aug 25, 2015 10:51:55 AM hudson.slaves.SlaveComputer tryReconnect
INFO: Attempting to reconnect RS_build_sunx64_asekernal6
Aug 25, 2015 10:51:55 AM hudson.slaves.SlaveComputer tryReconnect
INFO: Attempting to reconnect RS_build_test_hpia64_repqahpia1
Aug 25, 2015 10:51:55 AM hudson.slaves.SlaveComputer tryReconnect
INFO: Attempting to reconnect RS_build_test_hpia64_repqahpia5
Aug 25, 2015 10:53:55 AM hudson.slaves.SlaveComputer tryReconnect
INFO: Attempting to reconnect RS_build_test_sunsparc64_whitney
Aug 25, 2015 10:59:23 AM hudson.model.AsyncPeriodicWork$1 run
INFO: Started Fingerprint cleanup
Aug 25, 2015 10:59:23 AM hudson.model.AsyncPeriodicWork$1 run
INFO: Finished Fingerprint cleanup. 20 ms
Aug 25, 2015 11:02:55 AM hudson.slaves.SlaveComputer tryReconnect
INFO: Attempting to reconnect rs_build_ibmaix_rqavmaix2
Aug 25, 2015 11:09:01 AM hudson.model.Run execute
INFO: SRS_SP300_STAGE_HRAX_PEORIOICALLY #560 main build action completed: SUCCESS
Aug 25, 2015 11:11:55 AM hudson.slaves.SlaveComputer tryReconnect
INFO: Attempting to reconnect RS_build_sunx64_augusta
Aug 25, 2015 11:12:55 AM hudson.slaves.SlaveComputer tryReconnect
INFO: Attempting to reconnect Installer_ibmplinux64_elevon
Aug 25, 2015 11:12:55 AM hudson.slaves.SlaveComputer tryReconnect
INFO: Attempting to reconnect RS_build_sunx64_asekernal6
Aug 25, 2015 11:12:55 AM hudson.slaves.SlaveComputer tryReconnect
INFO: Attempting to reconnect RS_build_test_hpia64_repqahpia1
Aug 25, 2015 11:12:55 AM hudson.slaves.SlaveComputer tryReconnect
INFO: Attempting to reconnect RS_build_test_hpia64_repqahpia5
Aug 25, 2015 11:14:55 AM hudson.slaves.SlaveComputer tryReconnect
INFO: Attempting to reconnect RS_build_test_sunsparc64_whitney
Aug 25, 2015 11:22:12 AM hudson.node_monitors.ResponseTimeMonitor$1 monitor
WARNING: Making RS_build_sunx64_augusta offline because it’s not responding
Aug 25, 2015 11:22:12 AM hudson.node_monitors.ResponseTimeMonitor$1 monitor
WARNING: Making RS_build_test_hpia64_repqahpia5 offline because it’s not responding
Aug 25, 2015 11:22:12 AM hudson.node_monitors.ResponseTimeMonitor$1 monitor
WARNING: Making RS_build_sunx64_asekernal6 offline because it’s not responding
Aug 25, 2015 11:22:12 AM hudson.node_monitors.ResponseTimeMonitor$1 monitor
WARNING: Making Installer_ibmplinux64_elevon offline because it’s not responding
Aug 25, 2015 11:22:12 AM hudson.node_monitors.ResponseTimeMonitor$1 monitor
WARNING: Making RS_build_test_hpia64_repqahpia1 offline because it’s not responding
Aug 25, 2015 11:22:12 AM hudson.node_monitors.ResponseTimeMonitor$1 monitor
WARNING: Making RS_build_test_sunsparc64_whitney offline because it’s not responding
Aug 25, 2015 11:23:55 AM hudson.slaves.SlaveComputer tryReconnect
INFO: Attempting to reconnect rs_build_ibmaix_rqavmaix2
Aug 25, 2015 11:32:55 AM hudson.slaves.SlaveComputer tryReconnect
INFO: Attempting to reconnect RS_build_sunx64_augusta
Aug 25, 2015 11:34:55 AM hudson.slaves.SlaveComputer tryReconnect
INFO: Attempting to reconnect Installer_ibmplinux64_elevon
Aug 25, 2015 11:34:55 AM hudson.slaves.SlaveComputer tryReconnect
INFO: Attempting to reconnect RS_build_sunx64_asekernal6
Aug 25, 2015 11:34:55 AM hudson.slaves.SlaveComputer tryReconnect
INFO: Attempting to reconnect RS_build_test_hpia64_repqahpia1
Aug 25, 2015 11:34:55 AM hudson.slaves.SlaveComputer tryReconnect
INFO: Attempting to reconnect RS_build_test_hpia64_repqahpia5
Aug 25, 2015 11:35:55 AM hudson.slaves.SlaveComputer tryReconnect
INFO: Attempting to reconnect RS_build_test_sunsparc64_whitney
Aug 25, 2015 11:39:01 AM hudson.model.Run execute
INFO: SRS_SP300_STAGE_HRAX_PEORIOICALLY #561 main build action completed: SUCCESS
Aug 25, 2015 11:43:55 AM hudson.slaves.SlaveComputer tryReconnect
INFO: Attempting to reconnect rs_build_ibmaix_rqavmaix2
Aug 25, 2015 11:52:55 AM hudson.slaves.SlaveComputer tryReconnect
INFO: Attempting to reconnect RS_build_sunx64_augusta
Aug 25, 2015 11:54:55 AM hudson.slaves.SlaveComputer tryReconnect
INFO: Attempting to reconnect Installer_ibmplinux64_elevon
Aug 25, 2015 11:54:55 AM hudson.slaves.SlaveComputer tryReconnect
INFO: Attempting to reconnect RS_build_sunx64_asekernal6
Aug 25, 2015 11:54:55 AM hudson.slaves.SlaveComputer tryReconnect
INFO: Attempting to reconnect RS_build_test_hpia64_repqahpia1
Aug 25, 2015 11:54:55 AM hudson.slaves.SlaveComputer tryReconnect
INFO: Attempting to reconnect RS_build_test_hpia64_repqahpia5
Aug 25, 2015 11:56:55 AM hudson.slaves.SlaveComputer tryReconnect
INFO: Attempting to reconnect RS_build_test_sunsparc64_whitney
Aug 25, 2015 12:01:04 PM hudson.model.Run execute
INFO: SRS_SP300_STAGE_DA_PEORIOICALLY #47 main build action completed: SUCCESS
Aug 25, 2015 12:05:55 PM hudson.slaves.SlaveComputer tryReconnect
INFO: Attempting to reconnect rs_build_ibmaix_rqavmaix2
Aug 25, 2015 12:09:01 PM hudson.model.Run execute
INFO: SRS_SP300_STAGE_HRAX_PEORIOICALLY #562 main build action completed: SUCCESS
Aug 25, 2015 12:13:55 PM hudson.slaves.SlaveComputer tryReconnect
INFO: Attempting to reconnect RS_build_sunx64_augusta
Aug 25, 2015 12:15:55 PM hudson.slaves.SlaveComputer tryReconnect
INFO: Attempting to reconnect Installer_ibmplinux64_elevon
Aug 25, 2015 12:15:55 PM hudson.slaves.SlaveComputer tryReconnect
INFO: Attempting to reconnect RS_build_sunx64_asekernal6
Aug 25, 2015 12:15:55 PM hudson.slaves.SlaveComputer tryReconnect
INFO: Attempting to reconnect RS_build_test_hpia64_repqahpia1
Aug 25, 2015 12:15:55 PM hudson.slaves.SlaveComputer tryReconnect
INFO: Attempting to reconnect RS_build_test_hpia64_repqahpia5
Aug 25, 2015 12:17:55 PM hudson.slaves.SlaveComputer tryReconnect
INFO: Attempting to reconnect RS_build_test_sunsparc64_whitney
Aug 25, 2015 12:22:12 PM hudson.node_monitors.ResponseTimeMonitor$1 monitor
WARNING: Making RS_build_sunx64_augusta offline because it’s not responding
Aug 25, 2015 12:22:12 PM hudson.node_monitors.ResponseTimeMonitor$1 monitor
WARNING: Making RS_build_test_hpia64_repqahpia5 offline because it’s not responding
Aug 25, 2015 12:22:12 PM hudson.node_monitors.ResponseTimeMonitor$1 monitor
WARNING: Making RS_build_sunx64_asekernal6 offline because it’s not responding
Aug 25, 2015 12:22:12 PM hudson.node_monitors.ResponseTimeMonitor$1 monitor
WARNING: Making Installer_ibmplinux64_elevon offline because it’s not responding
Aug 25, 2015 12:22:12 PM hudson.node_monitors.ResponseTimeMonitor$1 monitor
WARNING: Making RS_build_test_hpia64_repqahpia1 offline because it’s not responding
Aug 25, 2015 12:22:12 PM hudson.node_monitors.ResponseTimeMonitor$1 monitor
WARNING: Making RS_build_test_sunsparc64_whitney offline because it’s not responding
Aug 25, 2015 12:27:55 PM hudson.slaves.SlaveComputer tryReconnect
INFO: Attempting to reconnect rs_build_ibmaix_rqavmaix2
Aug 25, 2015 12:36:55 PM hudson.slaves.SlaveComputer tryReconnect
INFO: Attempting to reconnect RS_build_sunx64_augusta
Aug 25, 2015 12:38:55 PM hudson.slaves.SlaveComputer tryReconnect
INFO: Attempting to reconnect Installer_ibmplinux64_elevon
Aug 25, 2015 12:38:55 PM hudson.slaves.SlaveComputer tryReconnect
INFO: Attempting to reconnect RS_build_sunx64_asekernal6
Aug 25, 2015 12:38:55 PM hudson.slaves.SlaveComputer tryReconnect
INFO: Attempting to reconnect RS_build_test_hpia64_repqahpia1
Aug 25, 2015 12:38:55 PM hudson.slaves.SlaveComputer tryReconnect
INFO: Attempting to reconnect RS_build_test_hpia64_repqahpia5
Aug 25, 2015 12:39:01 PM hudson.model.Run execute
INFO: SRS_SP300_STAGE_HRAX_PEORIOICALLY #563 main build action completed: SUCCESS
Aug 25, 2015 12:40:55 PM hudson.slaves.SlaveComputer tryReconnect
INFO: Attempting to reconnect RS_build_test_sunsparc64_whitney
Aug 25, 2015 12:49:55 PM hudson.slaves.SlaveComputer tryReconnect
INFO: Attempting to reconnect rs_build_ibmaix_rqavmaix2
Aug 25, 2015 12:57:55 PM hudson.slaves.SlaveComputer tryReconnect
INFO: Attempting to reconnect RS_build_sunx64_augusta
Aug 25, 2015 12:59:55 PM hudson.slaves.SlaveComputer tryReconnect
INFO: Attempting to reconnect Installer_ibmplinux64_elevon
Aug 25, 2015 12:59:55 PM hudson.slaves.SlaveComputer tryReconnect
INFO: Attempting to reconnect RS_build_sunx64_asekernal6
Aug 25, 2015 12:59:55 PM hudson.slaves.SlaveComputer tryReconnect
INFO: Attempting to reconnect RS_build_test_hpia64_repqahpia1
Aug 25, 2015 12:59:55 PM hudson.slaves.SlaveComputer tryReconnect
INFO: Attempting to reconnect RS_build_test_hpia64_repqahpia5
Aug 25, 2015 1:01:55 PM hudson.slaves.SlaveComputer tryReconnect
INFO: Attempting to reconnect RS_build_test_sunsparc64_whitney
Aug 25, 2015 1:09:01 PM hudson.model.Run execute
INFO: SRS_SP300_STAGE_HRAX_PEORIOICALLY #564 main build action completed: SUCCESS
Aug 25, 2015 1:09:55 PM hudson.slaves.SlaveComputer tryReconnect
INFO: Attempting to reconnect rs_build_ibmaix_rqavmaix2
Aug 25, 2015 1:17:55 PM hudson.slaves.SlaveComputer tryReconnect
INFO: Attempting to reconnect RS_build_sunx64_augusta
Aug 25, 2015 1:19:55 PM hudson.slaves.SlaveComputer tryReconnect
INFO: Attempting to reconnect Installer_ibmplinux64_elevon
Aug 25, 2015 1:19:55 PM hudson.slaves.SlaveComputer tryReconnect
INFO: Attempting to reconnect RS_build_sunx64_asekernal6
Aug 25, 2015 1:19:55 PM hudson.slaves.SlaveComputer tryReconnect
INFO: Attempting to reconnect RS_build_test_hpia64_repqahpia1
Aug 25, 2015 1:19:55 PM hudson.slaves.SlaveComputer tryReconnect
INFO: Attempting to reconnect RS_build_test_hpia64_repqahpia5
Aug 25, 2015 1:21:55 PM hudson.slaves.SlaveComputer tryReconnect
INFO: Attempting to reconnect RS_build_test_sunsparc64_whitney
Aug 25, 2015 1:22:12 PM hudson.node_monitors.ResponseTimeMonitor$1 monitor
WARNING: Making RS_build_sunx64_augusta offline because it’s not responding
Aug 25, 2015 1:22:12 PM hudson.node_monitors.ResponseTimeMonitor$1 monitor
WARNING: Making RS_build_test_hpia64_repqahpia5 offline because it’s not responding
Aug 25, 2015 1:22:12 PM hudson.node_monitors.ResponseTimeMonitor$1 monitor
WARNING: Making RS_build_sunx64_asekernal6 offline because it’s not responding
Aug 25, 2015 1:22:12 PM hudson.node_monitors.ResponseTimeMonitor$1 monitor
WARNING: Making Installer_ibmplinux64_elevon offline because it’s not responding
Aug 25, 2015 1:22:12 PM hudson.node_monitors.ResponseTimeMonitor$1 monitor
WARNING: Making RS_build_test_hpia64_repqahpia1 offline because it’s not responding
Aug 25, 2015 1:22:12 PM hudson.node_monitors.ResponseTimeMonitor$1 monitor
WARNING: Making RS_build_test_sunsparc64_whitney offline because it’s not responding
Aug 25, 2015 1:29:55 PM hudson.slaves.SlaveComputer tryReconnect
INFO: Attempting to reconnect rs_build_ibmaix_rqavmaix2
Aug 25, 2015 1:37:55 PM hudson.slaves.SlaveComputer tryReconnect
INFO: Attempting to reconnect RS_build_sunx64_augusta
Aug 25, 2015 1:39:01 PM hudson.model.Run execute
INFO: SRS_SP300_STAGE_HRAX_PEORIOICALLY #565 main build action completed: SUCCESS
Aug 25, 2015 1:39:55 PM hudson.slaves.SlaveComputer tryReconnect
INFO: Attempting to reconnect Installer_ibmplinux64_elevon
Aug 25, 2015 1:39:55 PM hudson.slaves.SlaveComputer tryReconnect
INFO: Attempting to reconnect RS_build_sunx64_asekernal6
Aug 25, 2015 1:39:55 PM hudson.slaves.SlaveComputer tryReconnect
INFO: Attempting to reconnect RS_build_test_hpia64_repqahpia1
Aug 25, 2015 1:39:55 PM hudson.slaves.SlaveComputer tryReconnect
INFO: Attempting to reconnect RS_build_test_hpia64_repqahpia5
Aug 25, 2015 1:40:55 PM hudson.slaves.SlaveComputer tryReconnect
INFO: Attempting to reconnect RS_build_test_sunsparc64_whitney
Aug 25, 2015 1:50:55 PM hudson.slaves.SlaveComputer tryReconnect
INFO: Attempting to reconnect rs_build_ibmaix_rqavmaix2
Aug 25, 2015 1:58:55 PM hudson.slaves.SlaveComputer tryReconnect
INFO: Attempting to reconnect RS_build_sunx64_augusta
Aug 25, 2015 2:00:55 PM hudson.slaves.SlaveComputer tryReconnect
INFO: Attempting to reconnect Installer_ibmplinux64_elevon
Aug 25, 2015 2:00:55 PM hudson.slaves.SlaveComputer tryReconnect
INFO: Attempting to reconnect RS_build_sunx64_asekernal6
Aug 25, 2015 2:00:55 PM hudson.slaves.SlaveComputer tryReconnect
INFO: Attempting to reconnect RS_build_test_hpia64_repqahpia1
Aug 25, 2015 2:00:55 PM hudson.slaves.SlaveComputer tryReconnect
INFO: Attempting to reconnect RS_build_test_hpia64_repqahpia5
Aug 25, 2015 2:02:55 PM hudson.slaves.SlaveComputer tryReconnect
INFO: Attempting to reconnect RS_build_test_sunsparc64_whitney
Aug 25, 2015 2:09:01 PM hudson.model.Run execute
INFO: SRS_SP300_STAGE_HRAX_PEORIOICALLY #566 main build action completed: SUCCESS
Aug 25, 2015 2:10:55 PM hudson.slaves.SlaveComputer tryReconnect
INFO: Attempting to reconnect rs_build_ibmaix_rqavmaix2
Aug 25, 2015 2:19:55 PM hudson.slaves.SlaveComputer tryReconnect
INFO: Attempting to reconnect RS_build_sunx64_augusta
Aug 25, 2015 2:21:55 PM hudson.slaves.SlaveComputer tryReconnect
INFO: Attempting to reconnect Installer_ibmplinux64_elevon
Aug 25, 2015 2:21:55 PM hudson.slaves.SlaveComputer tryReconnect
INFO: Attempting to reconnect RS_build_sunx64_asekernal6
Aug 25, 2015 2:21:55 PM hudson.slaves.SlaveComputer tryReconnect
INFO: Attempting to reconnect RS_build_test_hpia64_repqahpia1
Aug 25, 2015 2:21:55 PM hudson.slaves.SlaveComputer tryReconnect
INFO: Attempting to reconnect RS_build_test_hpia64_repqahpia5
Aug 25, 2015 2:22:12 PM hudson.node_monitors.ResponseTimeMonitor$1 monitor
WARNING: Making RS_build_sunx64_augusta offline because it’s not responding
Aug 25, 2015 2:22:12 PM hudson.node_monitors.ResponseTimeMonitor$1 monitor
WARNING: Making RS_build_test_hpia64_repqahpia5 offline because it’s not responding
Aug 25, 2015 2:22:12 PM hudson.node_monitors.ResponseTimeMonitor$1 monitor
WARNING: Making RS_build_sunx64_asekernal6 offline because it’s not responding
Aug 25, 2015 2:22:12 PM hudson.node_monitors.ResponseTimeMonitor$1 monitor
WARNING: Making Installer_ibmplinux64_elevon offline because it’s not responding
Aug 25, 2015 2:22:12 PM hudson.node_monitors.ResponseTimeMonitor$1 monitor
WARNING: Making RS_build_test_hpia64_repqahpia1 offline because it’s not responding
Aug 25, 2015 2:22:12 PM hudson.node_monitors.ResponseTimeMonitor$1 monitor
WARNING: Making RS_build_test_sunsparc64_whitney offline because it’s not responding
Aug 25, 2015 2:23:55 PM hudson.slaves.SlaveComputer tryReconnect
INFO: Attempting to reconnect RS_build_test_sunsparc64_whitney
Aug 25, 2015 2:32:55 PM hudson.slaves.SlaveComputer tryReconnect
INFO: Attempting to reconnect rs_build_ibmaix_rqavmaix2
Aug 25, 2015 2:39:01 PM hudson.model.Run execute
INFO: SRS_SP300_STAGE_HRAX_PEORIOICALLY #567 main build action completed: SUCCESS
Aug 25, 2015 2:39:55 PM hudson.slaves.SlaveComputer tryReconnect
INFO: Attempting to reconnect RS_build_sunx64_augusta
Aug 25, 2015 2:41:55 PM hudson.slaves.SlaveComputer tryReconnect
INFO: Attempting to reconnect Installer_ibmplinux64_elevon
Aug 25, 2015 2:41:55 PM hudson.slaves.SlaveComputer tryReconnect
INFO: Attempting to reconnect RS_build_sunx64_asekernal6
Aug 25, 2015 2:41:55 PM hudson.slaves.SlaveComputer tryReconnect
INFO: Attempting to reconnect RS_build_test_hpia64_repqahpia1
Aug 25, 2015 2:41:55 PM hudson.slaves.SlaveComputer tryReconnect
INFO: Attempting to reconnect RS_build_test_hpia64_repqahpia5
Aug 25, 2015 2:43:55 PM hudson.slaves.SlaveComputer tryReconnect
INFO: Attempting to reconnect RS_build_test_sunsparc64_whitney
Aug 25, 2015 2:52:55 PM hudson.slaves.SlaveComputer tryReconnect
INFO: Attempting to reconnect rs_build_ibmaix_rqavmaix2
Aug 25, 2015 3:01:55 PM hudson.slaves.SlaveComputer tryReconnect
INFO: Attempting to reconnect RS_build_sunx64_augusta
Aug 25, 2015 3:03:55 PM hudson.slaves.SlaveComputer tryReconnect
INFO: Attempting to reconnect Installer_ibmplinux64_elevon
Aug 25, 2015 3:03:55 PM hudson.slaves.SlaveComputer tryReconnect
INFO: Attempting to reconnect RS_build_sunx64_asekernal6
Aug 25, 2015 3:03:55 PM hudson.slaves.SlaveComputer tryReconnect
INFO: Attempting to reconnect RS_build_test_hpia64_repqahpia1
Aug 25, 2015 3:03:55 PM hudson.slaves.SlaveComputer tryReconnect
INFO: Attempting to reconnect RS_build_test_hpia64_repqahpia5
Aug 25, 2015 3:05:55 PM hudson.slaves.SlaveComputer tryReconnect
INFO: Attempting to reconnect RS_build_test_sunsparc64_whitney
Aug 25, 2015 3:09:01 PM hudson.model.Run execute
INFO: SRS_SP300_STAGE_HRAX_PEORIOICALLY #568 main build action completed: SUCCESS
Aug 25, 2015 3:15:55 PM hudson.slaves.SlaveComputer tryReconnect
INFO: Attempting to reconnect rs_build_ibmaix_rqavmaix2
Aug 25, 2015 3:22:12 PM hudson.node_monitors.ResponseTimeMonitor$1 monitor
WARNING: Making RS_build_sunx64_augusta offline because it’s not responding
Aug 25, 2015 3:22:12 PM hudson.node_monitors.ResponseTimeMonitor$1 monitor
WARNING: Making RS_build_test_hpia64_repqahpia5 offline because it’s not responding
Aug 25, 2015 3:22:12 PM hudson.node_monitors.ResponseTimeMonitor$1 monitor
WARNING: Making RS_build_sunx64_asekernal6 offline because it’s not responding
Aug 25, 2015 3:22:12 PM hudson.node_monitors.ResponseTimeMonitor$1 monitor
WARNING: Making Installer_ibmplinux64_elevon offline because it’s not responding
Aug 25, 2015 3:22:12 PM hudson.node_monitors.ResponseTimeMonitor$1 monitor
WARNING: Making RS_build_test_hpia64_repqahpia1 offline because it’s not responding
Aug 25, 2015 3:22:12 PM hudson.node_monitors.ResponseTimeMonitor$1 monitor
WARNING: Making RS_build_test_sunsparc64_whitney offline because it’s not responding
Aug 25, 2015 3:24:55 PM hudson.slaves.SlaveComputer tryReconnect
INFO: Attempting to reconnect RS_build_sunx64_augusta
Aug 25, 2015 3:26:55 PM hudson.slaves.SlaveComputer tryReconnect
INFO: Attempting to reconnect Installer_ibmplinux64_elevon
Aug 25, 2015 3:26:55 PM hudson.slaves.SlaveComputer tryReconnect
INFO: Attempting to reconnect RS_build_sunx64_asekernal6
Aug 25, 2015 3:26:55 PM hudson.slaves.SlaveComputer tryReconnect
INFO: Attempting to reconnect RS_build_test_hpia64_repqahpia1
Aug 25, 2015 3:26:55 PM hudson.slaves.SlaveComputer tryReconnect
INFO: Attempting to reconnect RS_build_test_hpia64_repqahpia5
Aug 25, 2015 3:28:55 PM hudson.slaves.SlaveComputer tryReconnect
INFO: Attempting to reconnect RS_build_test_sunsparc64_whitney
Aug 25, 2015 3:37:55 PM hudson.slaves.SlaveComputer tryReconnect
INFO: Attempting to reconnect rs_build_ibmaix_rqavmaix2
Aug 25, 2015 3:39:01 PM hudson.model.Run execute
INFO: SRS_SP300_STAGE_HRAX_PEORIOICALLY #569 main build action completed: SUCCESS
Aug 25, 2015 3:46:55 PM hudson.slaves.SlaveComputer tryReconnect
INFO: Attempting to reconnect RS_build_sunx64_augusta
Aug 25, 2015 3:48:55 PM hudson.slaves.SlaveComputer tryReconnect
INFO: Attempting to reconnect Installer_ibmplinux64_elevon
Aug 25, 2015 3:48:55 PM hudson.slaves.SlaveComputer tryReconnect
INFO: Attempting to reconnect RS_build_sunx64_asekernal6
Aug 25, 2015 3:48:55 PM hudson.slaves.SlaveComputer tryReconnect
INFO: Attempting to reconnect RS_build_test_hpia64_repqahpia1
Aug 25, 2015 3:48:55 PM hudson.slaves.SlaveComputer tryReconnect
INFO: Attempting to reconnect RS_build_test_hpia64_repqahpia5
Aug 25, 2015 3:50:55 PM hudson.slaves.SlaveComputer tryReconnect
INFO: Attempting to reconnect RS_build_test_sunsparc64_whitney
Aug 25, 2015 3:59:55 PM hudson.slaves.SlaveComputer tryReconnect
INFO: Attempting to reconnect rs_build_ibmaix_rqavmaix2
Aug 25, 2015 4:09:01 PM hudson.model.Run execute
INFO: SRS_SP300_STAGE_HRAX_PEORIOICALLY #570 main build action completed: SUCCESS
Aug 25, 2015 4:09:55 PM hudson.slaves.SlaveComputer tryReconnect
INFO: Attempting to reconnect RS_build_sunx64_augusta
Aug 25, 2015 4:10:55 PM hudson.slaves.SlaveComputer tryReconnect
INFO: Attempting to reconnect Installer_ibmplinux64_elevon
Aug 25, 2015 4:10:55 PM hudson.slaves.SlaveComputer tryReconnect
INFO: Attempting to reconnect RS_build_sunx64_asekernal6
Aug 25, 2015 4:10:55 PM hudson.slaves.SlaveComputer tryReconnect
INFO: Attempting to reconnect RS_build_test_hpia64_repqahpia1
Aug 25, 2015 4:10:55 PM hudson.slaves.SlaveComputer tryReconnect
INFO: Attempting to reconnect RS_build_test_hpia64_repqahpia5
Aug 25, 2015 4:12:55 PM hudson.slaves.SlaveComputer tryReconnect
INFO: Attempting to reconnect RS_build_test_sunsparc64_whitney
Aug 25, 2015 4:22:12 PM hudson.node_monitors.ResponseTimeMonitor$1 monitor
WARNING: Making RS_build_sunx64_augusta offline because it’s not responding
Aug 25, 2015 4:22:12 PM hudson.node_monitors.ResponseTimeMonitor$1 monitor
WARNING: Making RS_build_test_hpia64_repqahpia5 offline because it’s not responding
Aug 25, 2015 4:22:12 PM hudson.node_monitors.ResponseTimeMonitor$1 monitor
WARNING: Making RS_build_sunx64_asekernal6 offline because it’s not responding
Aug 25, 2015 4:22:12 PM hudson.node_monitors.ResponseTimeMonitor$1 monitor
WARNING: Making Installer_ibmplinux64_elevon offline because it’s not responding
Aug 25, 2015 4:22:12 PM hudson.node_monitors.ResponseTimeMonitor$1 monitor
WARNING: Making RS_build_test_hpia64_repqahpia1 offline because it’s not responding
Aug 25, 2015 4:22:12 PM hudson.node_monitors.ResponseTimeMonitor$1 monitor
WARNING: Making RS_build_test_sunsparc64_whitney offline because it’s not responding
Aug 25, 2015 4:22:55 PM hudson.slaves.SlaveComputer tryReconnect
INFO: Attempting to reconnect rs_build_ibmaix_rqavmaix2
Aug 25, 2015 4:31:55 PM hudson.slaves.SlaveComputer tryReconnect
INFO: Attempting to reconnect RS_build_sunx64_augusta
Aug 25, 2015 4:33:55 PM hudson.slaves.SlaveComputer tryReconnect
INFO: Attempting to reconnect Installer_ibmplinux64_elevon
Aug 25, 2015 4:33:55 PM hudson.slaves.SlaveComputer tryReconnect
INFO: Attempting to reconnect RS_build_sunx64_asekernal6
Aug 25, 2015 4:33:55 PM hudson.slaves.SlaveComputer tryReconnect
INFO: Attempting to reconnect RS_build_test_hpia64_repqahpia1
Aug 25, 2015 4:33:55 PM hudson.slaves.SlaveComputer tryReconnect
INFO: Attempting to reconnect RS_build_test_hpia64_repqahpia5
Aug 25, 2015 4:35:55 PM hudson.slaves.SlaveComputer tryReconnect
INFO: Attempting to reconnect RS_build_test_sunsparc64_whitney
Aug 25, 2015 4:39:01 PM hudson.model.Run execute
INFO: SRS_SP300_STAGE_HRAX_PEORIOICALLY #571 main build action completed: SUCCESS
Aug 25, 2015 4:45:55 PM hudson.slaves.SlaveComputer tryReconnect
INFO: Attempting to reconnect rs_build_ibmaix_rqavmaix2
Aug 25, 2015 4:54:55 PM hudson.slaves.SlaveComputer tryReconnect
INFO: Attempting to reconnect RS_build_sunx64_augusta
Aug 25, 2015 4:56:55 PM hudson.slaves.SlaveComputer tryReconnect
INFO: Attempting to reconnect Installer_ibmplinux64_elevon
Aug 25, 2015 4:56:55 PM hudson.slaves.SlaveComputer tryReconnect
INFO: Attempting to reconnect RS_build_sunx64_asekernal6
Aug 25, 2015 4:56:55 PM hudson.slaves.SlaveComputer tryReconnect
INFO: Attempting to reconnect RS_build_test_hpia64_repqahpia1
Aug 25, 2015 4:56:55 PM hudson.slaves.SlaveComputer tryReconnect
INFO: Attempting to reconnect RS_build_test_hpia64_repqahpia5
Aug 25, 2015 4:58:55 PM hudson.slaves.SlaveComputer tryReconnect
INFO: Attempting to reconnect RS_build_test_sunsparc64_whitney
Aug 25, 2015 5:08:55 PM hudson.slaves.SlaveComputer tryReconnect
INFO: Attempting to reconnect rs_build_ibmaix_rqavmaix2
Aug 25, 2015 5:09:01 PM hudson.model.Run execute
INFO: SRS_SP300_STAGE_HRAX_PEORIOICALLY #572 main build action completed: SUCCESS
Aug 25, 2015 5:17:55 PM hudson.slaves.SlaveComputer tryReconnect
INFO: Attempting to reconnect RS_build_sunx64_augusta
Aug 25, 2015 5:19:55 PM hudson.slaves.SlaveComputer tryReconnect
INFO: Attempting to reconnect Installer_ibmplinux64_elevon
Aug 25, 2015 5:19:55 PM hudson.slaves.SlaveComputer tryReconnect
INFO: Attempting to reconnect RS_build_sunx64_asekernal6
Aug 25, 2015 5:19:55 PM hudson.slaves.SlaveComputer tryReconnect
INFO: Attempting to reconnect RS_build_test_hpia64_repqahpia1
Aug 25, 2015 5:19:55 PM hudson.slaves.SlaveComputer tryReconnect
INFO: Attempting to reconnect RS_build_test_hpia64_repqahpia5
Aug 25, 2015 5:21:55 PM hudson.slaves.SlaveComputer tryReconnect
INFO: Attempting to reconnect RS_build_test_sunsparc64_whitney
Aug 25, 2015 5:22:12 PM hudson.node_monitors.ResponseTimeMonitor$1 monitor
WARNING: Making RS_build_sunx64_augusta offline because it’s not responding
Aug 25, 2015 5:22:12 PM hudson.node_monitors.ResponseTimeMonitor$1 monitor
WARNING: Making RS_build_test_hpia64_repqahpia5 offline because it’s not responding
Aug 25, 2015 5:22:12 PM hudson.node_monitors.ResponseTimeMonitor$1 monitor
WARNING: Making RS_build_sunx64_asekernal6 offline because it’s not responding
Aug 25, 2015 5:22:12 PM hudson.node_monitors.ResponseTimeMonitor$1 monitor
WARNING: Making Installer_ibmplinux64_elevon offline because it’s not responding
Aug 25, 2015 5:22:12 PM hudson.node_monitors.ResponseTimeMonitor$1 monitor
WARNING: Making RS_build_test_hpia64_repqahpia1 offline because it’s not responding
Aug 25, 2015 5:22:12 PM hudson.node_monitors.ResponseTimeMonitor$1 monitor
WARNING: Making RS_build_test_sunsparc64_whitney offline because it’s not responding
Aug 25, 2015 5:31:55 PM hudson.slaves.SlaveComputer tryReconnect
INFO: Attempting to reconnect rs_build_ibmaix_rqavmaix2
Aug 25, 2015 5:39:01 PM hudson.model.Run execute
INFO: SRS_SP300_STAGE_HRAX_PEORIOICALLY #573 main build action completed: SUCCESS
Aug 25, 2015 5:39:55 PM hudson.slaves.SlaveComputer tryReconnect
INFO: Attempting to reconnect RS_build_sunx64_augusta
Aug 25, 2015 5:41:55 PM hudson.slaves.SlaveComputer tryReconnect
INFO: Attempting to reconnect Installer_ibmplinux64_elevon
Aug 25, 2015 5:41:55 PM hudson.slaves.SlaveComputer tryReconnect
INFO: Attempting to reconnect RS_build_sunx64_asekernal6
Aug 25, 2015 5:41:55 PM hudson.slaves.SlaveComputer tryReconnect
INFO: Attempting to reconnect RS_build_test_hpia64_repqahpia1
Aug 25, 2015 5:41:55 PM hudson.slaves.SlaveComputer tryReconnect
INFO: Attempting to reconnect RS_build_test_hpia64_repqahpia5
Aug 25, 2015 5:43:55 PM hudson.slaves.SlaveComputer tryReconnect
INFO: Attempting to reconnect RS_build_test_sunsparc64_whitney
Aug 25, 2015 5:51:55 PM hudson.slaves.SlaveComputer tryReconnect
INFO: Attempting to reconnect rs_build_ibmaix_rqavmaix2
Aug 25, 2015 6:00:55 PM hudson.slaves.SlaveComputer tryReconnect
INFO: Attempting to reconnect RS_build_sunx64_augusta
Aug 25, 2015 6:01:04 PM hudson.model.Run execute
INFO: SRS_SP300_STAGE_DA_PEORIOICALLY #48 main build action completed: SUCCESS
Aug 25, 2015 6:02:55 PM hudson.slaves.SlaveComputer tryReconnect
INFO: Attempting to reconnect Installer_ibmplinux64_elevon
Aug 25, 2015 6:02:55 PM hudson.slaves.SlaveComputer tryReconnect
INFO: Attempting to reconnect RS_build_sunx64_asekernal6
Aug 25, 2015 6:02:55 PM hudson.slaves.SlaveComputer tryReconnect
INFO: Attempting to reconnect RS_build_test_hpia64_repqahpia1
Aug 25, 2015 6:02:55 PM hudson.slaves.SlaveComputer tryReconnect
INFO: Attempting to reconnect RS_build_test_hpia64_repqahpia5
Aug 25, 2015 6:04:55 PM hudson.slaves.SlaveComputer tryReconnect
INFO: Attempting to reconnect RS_build_test_sunsparc64_whitney
Aug 25, 2015 6:09:06 PM hudson.model.Run execute
INFO: SRS_SP300_STAGE_HRAX_PEORIOICALLY #574 main build action completed: SUCCESS
Aug 25, 2015 6:13:55 PM hudson.slaves.SlaveComputer tryReconnect
INFO: Attempting to reconnect rs_build_ibmaix_rqavmaix2
Aug 25, 2015 6:22:12 PM hudson.node_monitors.ResponseTimeMonitor$1 monitor
WARNING: Making RS_build_sunx64_augusta offline because it’s not responding
Aug 25, 2015 6:22:12 PM hudson.node_monitors.ResponseTimeMonitor$1 monitor
WARNING: Making RS_build_test_hpia64_repqahpia5 offline because it’s not responding
Aug 25, 2015 6:22:12 PM hudson.node_monitors.ResponseTimeMonitor$1 monitor
WARNING: Making RS_build_sunx64_asekernal6 offline because it’s not responding
Aug 25, 2015 6:22:12 PM hudson.node_monitors.ResponseTimeMonitor$1 monitor
WARNING: Making Installer_ibmplinux64_elevon offline because it’s not responding
Aug 25, 2015 6:22:12 PM hudson.node_monitors.ResponseTimeMonitor$1 monitor
WARNING: Making RS_build_test_hpia64_repqahpia1 offline because it’s not responding
Aug 25, 2015 6:22:12 PM hudson.node_monitors.ResponseTimeMonitor$1 monitor
WARNING: Making RS_build_test_sunsparc64_whitney offline because it’s not responding
Aug 25, 2015 6:23:55 PM hudson.slaves.SlaveComputer tryReconnect
INFO: Attempting to reconnect RS_build_sunx64_augusta
Aug 25, 2015 6:24:55 PM hudson.slaves.SlaveComputer tryReconnect
INFO: Attempting to reconnect Installer_ibmplinux64_elevon
Aug 25, 2015 6:24:55 PM hudson.slaves.SlaveComputer tryReconnect
INFO: Attempting to reconnect RS_build_sunx64_asekernal6
Aug 25, 2015 6:24:55 PM hudson.slaves.SlaveComputer tryReconnect
INFO: Attempting to reconnect RS_build_test_hpia64_repqahpia1
Aug 25, 2015 6:24:55 PM hudson.slaves.SlaveComputer tryReconnect
INFO: Attempting to reconnect RS_build_test_hpia64_repqahpia5
Aug 25, 2015 6:26:55 PM hudson.slaves.SlaveComputer tryReconnect
INFO: Attempting to reconnect RS_build_test_sunsparc64_whitney
Aug 25, 2015 6:36:55 PM hudson.slaves.SlaveComputer tryReconnect
INFO: Attempting to reconnect rs_build_ibmaix_rqavmaix2
Aug 25, 2015 6:39:01 PM hudson.model.Run execute
INFO: SRS_SP300_STAGE_HRAX_PEORIOICALLY #575 main build action completed: SUCCESS
Aug 25, 2015 6:45:55 PM hudson.slaves.SlaveComputer tryReconnect
INFO: Attempting to reconnect RS_build_sunx64_augusta
Aug 25, 2015 6:46:55 PM hudson.slaves.SlaveComputer tryReconnect
INFO: Attempting to reconnect Installer_ibmplinux64_elevon
Aug 25, 2015 6:46:55 PM hudson.slaves.SlaveComputer tryReconnect
INFO: Attempting to reconnect RS_build_sunx64_asekernal6
Aug 25, 2015 6:46:55 PM hudson.slaves.SlaveComputer tryReconnect
INFO: Attempting to reconnect RS_build_test_hpia64_repqahpia1
Aug 25, 2015 6:46:55 PM hudson.slaves.SlaveComputer tryReconnect
INFO: Attempting to reconnect RS_build_test_hpia64_repqahpia5
Aug 25, 2015 6:48:55 PM hudson.slaves.SlaveComputer tryReconnect
INFO: Attempting to reconnect RS_build_test_sunsparc64_whitney
Aug 25, 2015 6:58:55 PM hudson.slaves.SlaveComputer tryReconnect
INFO: Attempting to reconnect rs_build_ibmaix_rqavmaix2
Aug 25, 2015 7:06:55 PM hudson.slaves.SlaveComputer tryReconnect
INFO: Attempting to reconnect RS_build_sunx64_augusta
Aug 25, 2015 7:08:55 PM hudson.slaves.SlaveComputer tryReconnect
INFO: Attempting to reconnect Installer_ibmplinux64_elevon
Aug 25, 2015 7:08:55 PM hudson.slaves.SlaveComputer tryReconnect
INFO: Attempting to reconnect RS_build_sunx64_asekernal6
Aug 25, 2015 7:08:55 PM hudson.slaves.SlaveComputer tryReconnect
INFO: Attempting to reconnect RS_build_test_hpia64_repqahpia1
Aug 25, 2015 7:08:55 PM hudson.slaves.SlaveComputer tryReconnect
INFO: Attempting to reconnect RS_build_test_hpia64_repqahpia5
Aug 25, 2015 7:09:01 PM hudson.model.Run execute
INFO: SRS_SP300_STAGE_HRAX_PEORIOICALLY #576 main build action completed: SUCCESS
Aug 25, 2015 7:10:55 PM hudson.slaves.SlaveComputer tryReconnect
INFO: Attempting to reconnect RS_build_test_sunsparc64_whitney
Aug 25, 2015 7:19:55 PM hudson.slaves.SlaveComputer tryReconnect
INFO: Attempting to reconnect rs_build_ibmaix_rqavmaix2
Aug 25, 2015 7:22:14 PM hudson.node_monitors.ResponseTimeMonitor$1 monitor
WARNING: Making RS_build_sunx64_augusta offline because it’s not responding
Aug 25, 2015 7:22:14 PM hudson.node_monitors.ResponseTimeMonitor$1 monitor
WARNING: Making RS_build_test_hpia64_repqahpia5 offline because it’s not responding
Aug 25, 2015 7:22:14 PM hudson.node_monitors.ResponseTimeMonitor$1 monitor
WARNING: Making RS_build_sunx64_asekernal6 offline because it’s not responding
Aug 25, 2015 7:22:14 PM hudson.node_monitors.ResponseTimeMonitor$1 monitor
WARNING: Making Installer_ibmplinux64_elevon offline because it’s not responding
Aug 25, 2015 7:22:14 PM hudson.node_monitors.ResponseTimeMonitor$1 monitor
WARNING: Making RS_build_test_hpia64_repqahpia1 offline because it’s not responding
Aug 25, 2015 7:22:14 PM hudson.node_monitors.ResponseTimeMonitor$1 monitor
WARNING: Making RS_build_test_sunsparc64_whitney offline because it’s not responding
Aug 25, 2015 7:28:55 PM hudson.slaves.SlaveComputer tryReconnect
INFO: Attempting to reconnect RS_build_sunx64_augusta
Aug 25, 2015 7:30:55 PM hudson.slaves.SlaveComputer tryReconnect
INFO: Attempting to reconnect Installer_ibmplinux64_elevon
Aug 25, 2015 7:30:55 PM hudson.slaves.SlaveComputer tryReconnect
INFO: Attempting to reconnect RS_build_sunx64_asekernal6
Aug 25, 2015 7:30:55 PM hudson.slaves.SlaveComputer tryReconnect
INFO: Attempting to reconnect RS_build_test_hpia64_repqahpia1
Aug 25, 2015 7:30:55 PM hudson.slaves.SlaveComputer tryReconnect
INFO: Attempting to reconnect RS_build_test_hpia64_repqahpia5
Aug 25, 2015 7:32:55 PM hudson.slaves.SlaveComputer tryReconnect
INFO: Attempting to reconnect RS_build_test_sunsparc64_whitney
Aug 25, 2015 7:39:02 PM hudson.model.Run execute
INFO: SRS_SP300_STAGE_HRAX_PEORIOICALLY #577 main build action completed: SUCCESS
Aug 25, 2015 7:42:55 PM hudson.slaves.SlaveComputer tryReconnect
INFO: Attempting to reconnect rs_build_ibmaix_rqavmaix2
Aug 25, 2015 7:52:55 PM hudson.slaves.SlaveComputer tryReconnect
INFO: Attempting to reconnect RS_build_sunx64_augusta
Aug 25, 2015 7:53:55 PM hudson.slaves.SlaveComputer tryReconnect
INFO: Attempting to reconnect Installer_ibmplinux64_elevon
Aug 25, 2015 7:53:55 PM hudson.slaves.SlaveComputer tryReconnect
INFO: Attempting to reconnect RS_build_sunx64_asekernal6
Aug 25, 2015 7:53:55 PM hudson.slaves.SlaveComputer tryReconnect
INFO: Attempting to reconnect RS_build_test_hpia64_repqahpia1
Aug 25, 2015 7:53:55 PM hudson.slaves.SlaveComputer tryReconnect
INFO: Attempting to reconnect RS_build_test_hpia64_repqahpia5
Aug 25, 2015 7:55:55 PM hudson.slaves.SlaveComputer tryReconnect
INFO: Attempting to reconnect RS_build_test_sunsparc64_whitney
Aug 25, 2015 8:04:55 PM hudson.slaves.SlaveComputer tryReconnect
INFO: Attempting to reconnect rs_build_ibmaix_rqavmaix2
Aug 25, 2015 8:09:01 PM hudson.model.Run execute
INFO: SRS_SP300_STAGE_HRAX_PEORIOICALLY #578 main build action completed: SUCCESS
Aug 25, 2015 8:14:55 PM hudson.slaves.SlaveComputer tryReconnect
INFO: Attempting to reconnect RS_build_sunx64_augusta
Aug 25, 2015 8:16:55 PM hudson.slaves.SlaveComputer tryReconnect
INFO: Attempting to reconnect Installer_ibmplinux64_elevon
Aug 25, 2015 8:16:55 PM hudson.slaves.SlaveComputer tryReconnect
INFO: Attempting to reconnect RS_build_sunx64_asekernal6
Aug 25, 2015 8:16:55 PM hudson.slaves.SlaveComputer tryReconnect
INFO: Attempting to reconnect RS_build_test_hpia64_repqahpia1
Aug 25, 2015 8:16:55 PM hudson.slaves.SlaveComputer tryReconnect
INFO: Attempting to reconnect RS_build_test_hpia64_repqahpia5
Aug 25, 2015 8:18:55 PM hudson.slaves.SlaveComputer tryReconnect
INFO: Attempting to reconnect RS_build_test_sunsparc64_whitney
Aug 25, 2015 8:22:12 PM hudson.node_monitors.ResponseTimeMonitor$1 monitor
WARNING: Making RS_build_sunx64_augusta offline because it’s not responding
Aug 25, 2015 8:22:12 PM hudson.node_monitors.ResponseTimeMonitor$1 monitor
WARNING: Making RS_build_test_hpia64_repqahpia5 offline because it’s not responding
Aug 25, 2015 8:22:12 PM hudson.node_monitors.ResponseTimeMonitor$1 monitor
WARNING: Making RS_build_sunx64_asekernal6 offline because it’s not responding
Aug 25, 2015 8:22:12 PM hudson.node_monitors.ResponseTimeMonitor$1 monitor
WARNING: Making Installer_ibmplinux64_elevon offline because it’s not responding
Aug 25, 2015 8:22:12 PM hudson.node_monitors.ResponseTimeMonitor$1 monitor
WARNING: Making RS_build_test_hpia64_repqahpia1 offline because it’s not responding
Aug 25, 2015 8:22:12 PM hudson.node_monitors.ResponseTimeMonitor$1 monitor
WARNING: Making RS_build_test_sunsparc64_whitney offline because it’s not responding
Aug 25, 2015 8:28:55 PM hudson.slaves.SlaveComputer tryReconnect
INFO: Attempting to reconnect rs_build_ibmaix_rqavmaix2
Aug 25, 2015 8:38:55 PM hudson.slaves.SlaveComputer tryReconnect
INFO: Attempting to reconnect RS_build_sunx64_augusta
Aug 25, 2015 8:39:01 PM hudson.model.Run execute
INFO: SRS_SP300_STAGE_HRAX_PEORIOICALLY #579 main build action completed: SUCCESS
Aug 25, 2015 8:40:55 PM hudson.slaves.SlaveComputer tryReconnect
INFO: Attempting to reconnect Installer_ibmplinux64_elevon
Aug 25, 2015 8:40:55 PM hudson.slaves.SlaveComputer tryReconnect
INFO: Attempting to reconnect RS_build_sunx64_asekernal6
Aug 25, 2015 8:40:55 PM hudson.slaves.SlaveComputer tryReconnect
INFO: Attempting to reconnect RS_build_test_hpia64_repqahpia1
Aug 25, 2015 8:40:55 PM hudson.slaves.SlaveComputer tryReconnect
INFO: Attempting to reconnect RS_build_test_hpia64_repqahpia5
Aug 25, 2015 8:42:55 PM hudson.slaves.SlaveComputer tryReconnect
INFO: Attempting to reconnect RS_build_test_sunsparc64_whitney
Aug 25, 2015 8:51:55 PM hudson.slaves.SlaveComputer tryReconnect
INFO: Attempting to reconnect rs_build_ibmaix_rqavmaix2
Aug 25, 2015 9:00:55 PM hudson.slaves.SlaveComputer tryReconnect
INFO: Attempting to reconnect RS_build_sunx64_augusta
Aug 25, 2015 9:02:55 PM hudson.slaves.SlaveComputer tryReconnect
INFO: Attempting to reconnect Installer_ibmplinux64_elevon
Aug 25, 2015 9:02:55 PM hudson.slaves.SlaveComputer tryReconnect
INFO: Attempting to reconnect RS_build_sunx64_asekernal6
Aug 25, 2015 9:02:55 PM hudson.slaves.SlaveComputer tryReconnect
INFO: Attempting to reconnect RS_build_test_hpia64_repqahpia1
Aug 25, 2015 9:02:55 PM hudson.slaves.SlaveComputer tryReconnect
INFO: Attempting to reconnect RS_build_test_hpia64_repqahpia5
Aug 25, 2015 9:04:55 PM hudson.slaves.SlaveComputer tryReconnect
INFO: Attempting to reconnect RS_build_test_sunsparc64_whitney
Aug 25, 2015 9:09:01 PM hudson.model.Run execute
INFO: SRS_SP300_STAGE_HRAX_PEORIOICALLY #580 main build action completed: SUCCESS
Aug 25, 2015 9:13:55 PM hudson.slaves.SlaveComputer tryReconnect
INFO: Attempting to reconnect rs_build_ibmaix_rqavmaix2
Aug 25, 2015 9:22:12 PM hudson.node_monitors.ResponseTimeMonitor$1 monitor
WARNING: Making RS_build_sunx64_augusta offline because it’s not responding
Aug 25, 2015 9:22:12 PM hudson.node_monitors.ResponseTimeMonitor$1 monitor
WARNING: Making RS_build_test_hpia64_repqahpia5 offline because it’s not responding
Aug 25, 2015 9:22:12 PM hudson.node_monitors.ResponseTimeMonitor$1 monitor
WARNING: Making RS_build_sunx64_asekernal6 offline because it’s not responding
Aug 25, 2015 9:22:12 PM hudson.node_monitors.ResponseTimeMonitor$1 monitor
WARNING: Making Installer_ibmplinux64_elevon offline because it’s not responding
Aug 25, 2015 9:22:12 PM hudson.node_monitors.ResponseTimeMonitor$1 monitor
WARNING: Making RS_build_test_hpia64_repqahpia1 offline because it’s not responding
Aug 25, 2015 9:22:12 PM hudson.node_monitors.ResponseTimeMonitor$1 monitor
WARNING: Making RS_build_test_sunsparc64_whitney offline because it’s not responding
Aug 25, 2015 9:23:55 PM hudson.slaves.SlaveComputer tryReconnect
INFO: Attempting to reconnect RS_build_sunx64_augusta
Aug 25, 2015 9:24:55 PM hudson.slaves.SlaveComputer tryReconnect
INFO: Attempting to reconnect Installer_ibmplinux64_elevon
Aug 25, 2015 9:24:55 PM hudson.slaves.SlaveComputer tryReconnect
INFO: Attempting to reconnect RS_build_sunx64_asekernal6
Aug 25, 2015 9:24:55 PM hudson.slaves.SlaveComputer tryReconnect
INFO: Attempting to reconnect RS_build_test_hpia64_repqahpia1
Aug 25, 2015 9:24:55 PM hudson.slaves.SlaveComputer tryReconnect
INFO: Attempting to reconnect RS_build_test_hpia64_repqahpia5
Aug 25, 2015 9:26:55 PM hudson.slaves.SlaveComputer tryReconnect
INFO: Attempting to reconnect RS_build_test_sunsparc64_whitney
Aug 25, 2015 9:36:55 PM hudson.slaves.SlaveComputer tryReconnect
INFO: Attempting to reconnect rs_build_ibmaix_rqavmaix2
Aug 25, 2015 9:39:01 PM hudson.model.Run execute
INFO: SRS_SP300_STAGE_HRAX_PEORIOICALLY #581 main build action completed: SUCCESS
Aug 25, 2015 9:43:55 PM hudson.slaves.SlaveComputer tryReconnect
INFO: Attempting to reconnect RS_build_sunx64_augusta
Aug 25, 2015 9:45:55 PM hudson.slaves.SlaveComputer tryReconnect
INFO: Attempting to reconnect Installer_ibmplinux64_elevon
Aug 25, 2015 9:45:55 PM hudson.slaves.SlaveComputer tryReconnect
INFO: Attempting to reconnect RS_build_sunx64_asekernal6
Aug 25, 2015 9:45:55 PM hudson.slaves.SlaveComputer tryReconnect
INFO: Attempting to reconnect RS_build_test_hpia64_repqahpia1
Aug 25, 2015 9:45:55 PM hudson.slaves.SlaveComputer tryReconnect
INFO: Attempting to reconnect RS_build_test_hpia64_repqahpia5
Aug 25, 2015 9:47:55 PM hudson.slaves.SlaveComputer tryReconnect
INFO: Attempting to reconnect RS_build_test_sunsparc64_whitney
Aug 25, 2015 9:57:55 PM hudson.slaves.SlaveComputer tryReconnect
INFO: Attempting to reconnect rs_build_ibmaix_rqavmaix2
Aug 25, 2015 10:07:55 PM hudson.slaves.SlaveComputer tryReconnect
INFO: Attempting to reconnect RS_build_sunx64_augusta
Aug 25, 2015 10:09:01 PM hudson.model.Run execute
INFO: SRS_SP300_STAGE_HRAX_PEORIOICALLY #582 main build action completed: SUCCESS
Aug 25, 2015 10:09:55 PM hudson.slaves.SlaveComputer tryReconnect
INFO: Attempting to reconnect Installer_ibmplinux64_elevon
Aug 25, 2015 10:09:55 PM hudson.slaves.SlaveComputer tryReconnect
INFO: Attempting to reconnect RS_build_sunx64_asekernal6
Aug 25, 2015 10:09:55 PM hudson.slaves.SlaveComputer tryReconnect
INFO: Attempting to reconnect RS_build_test_hpia64_repqahpia1
Aug 25, 2015 10:09:55 PM hudson.slaves.SlaveComputer tryReconnect
INFO: Attempting to reconnect RS_build_test_hpia64_repqahpia5
Aug 25, 2015 10:10:55 PM hudson.slaves.SlaveComputer tryReconnect
INFO: Attempting to reconnect RS_build_test_sunsparc64_whitney
Aug 25, 2015 10:20:55 PM hudson.slaves.SlaveComputer tryReconnect
INFO: Attempting to reconnect rs_build_ibmaix_rqavmaix2
Aug 25, 2015 10:22:12 PM hudson.node_monitors.ResponseTimeMonitor$1 monitor
WARNING: Making RS_build_sunx64_augusta offline because it’s not responding
Aug 25, 2015 10:22:12 PM hudson.node_monitors.ResponseTimeMonitor$1 monitor
WARNING: Making RS_build_test_hpia64_repqahpia5 offline because it’s not responding
Aug 25, 2015 10:22:12 PM hudson.node_monitors.ResponseTimeMonitor$1 monitor
WARNING: Making RS_build_sunx64_asekernal6 offline because it’s not responding
Aug 25, 2015 10:22:12 PM hudson.node_monitors.ResponseTimeMonitor$1 monitor
WARNING: Making Installer_ibmplinux64_elevon offline because it’s not responding
Aug 25, 2015 10:22:12 PM hudson.node_monitors.ResponseTimeMonitor$1 monitor
WARNING: Making RS_build_test_hpia64_repqahpia1 offline because it’s not responding
Aug 25, 2015 10:22:12 PM hudson.node_monitors.ResponseTimeMonitor$1 monitor
WARNING: Making RS_build_test_sunsparc64_whitney offline because it’s not responding
Aug 25, 2015 10:30:55 PM hudson.slaves.SlaveComputer tryReconnect
INFO: Attempting to reconnect RS_build_sunx64_augusta
Aug 25, 2015 10:32:55 PM hudson.slaves.SlaveComputer tryReconnect
INFO: Attempting to reconnect Installer_ibmplinux64_elevon
Aug 25, 2015 10:32:55 PM hudson.slaves.SlaveComputer tryReconnect
INFO: Attempting to reconnect RS_build_sunx64_asekernal6
Aug 25, 2015 10:32:55 PM hudson.slaves.SlaveComputer tryReconnect
INFO: Attempting to reconnect RS_build_test_hpia64_repqahpia1
Aug 25, 2015 10:32:55 PM hudson.slaves.SlaveComputer tryReconnect
INFO: Attempting to reconnect RS_build_test_hpia64_repqahpia5
Aug 25, 2015 10:34:55 PM hudson.slaves.SlaveComputer tryReconnect
INFO: Attempting to reconnect RS_build_test_sunsparc64_whitney
Aug 25, 2015 10:39:01 PM hudson.model.Run execute
INFO: SRS_SP300_STAGE_HRAX_PEORIOICALLY #583 main build action completed: SUCCESS
Aug 25, 2015 10:43:55 PM hudson.slaves.SlaveComputer tryReconnect
INFO: Attempting to reconnect rs_build_ibmaix_rqavmaix2
Aug 25, 2015 10:52:55 PM hudson.slaves.SlaveComputer tryReconnect
INFO: Attempting to reconnect RS_build_sunx64_augusta
Aug 25, 2015 10:54:55 PM hudson.slaves.SlaveComputer tryReconnect
INFO: Attempting to reconnect Installer_ibmplinux64_elevon
Aug 25, 2015 10:54:55 PM hudson.slaves.SlaveComputer tryReconnect
INFO: Attempting to reconnect RS_build_sunx64_asekernal6
Aug 25, 2015 10:54:55 PM hudson.slaves.SlaveComputer tryReconnect
INFO: Attempting to reconnect RS_build_test_hpia64_repqahpia1
Aug 25, 2015 10:54:55 PM hudson.slaves.SlaveComputer tryReconnect
INFO: Attempting to reconnect RS_build_test_hpia64_repqahpia5
Aug 25, 2015 10:55:55 PM hudson.slaves.SlaveComputer tryReconnect
INFO: Attempting to reconnect RS_build_test_sunsparc64_whitney
Aug 25, 2015 11:03:55 PM hudson.slaves.SlaveComputer tryReconnect
INFO: Attempting to reconnect rs_build_ibmaix_rqavmaix2
Aug 25, 2015 11:09:01 PM hudson.model.Run execute
INFO: SRS_SP300_STAGE_HRAX_PEORIOICALLY #584 main build action completed: SUCCESS
Aug 25, 2015 11:12:55 PM hudson.slaves.SlaveComputer tryReconnect
INFO: Attempting to reconnect RS_build_sunx64_augusta
Aug 25, 2015 11:14:55 PM hudson.slaves.SlaveComputer tryReconnect
INFO: Attempting to reconnect Installer_ibmplinux64_elevon
Aug 25, 2015 11:14:55 PM hudson.slaves.SlaveComputer tryReconnect
INFO: Attempting to reconnect RS_build_sunx64_asekernal6
Aug 25, 2015 11:14:55 PM hudson.slaves.SlaveComputer tryReconnect
INFO: Attempting to reconnect RS_build_test_hpia64_repqahpia1
Aug 25, 2015 11:14:55 PM hudson.slaves.SlaveComputer tryReconnect
INFO: Attempting to reconnect RS_build_test_hpia64_repqahpia5
Aug 25, 2015 11:16:55 PM hudson.slaves.SlaveComputer tryReconnect
INFO: Attempting to reconnect RS_build_test_sunsparc64_whitney
Aug 25, 2015 11:22:12 PM hudson.node_monitors.ResponseTimeMonitor$1 monitor
WARNING: Making RS_build_sunx64_augusta offline because it’s not responding
Aug 25, 2015 11:22:12 PM hudson.node_monitors.ResponseTimeMonitor$1 monitor
WARNING: Making RS_build_test_hpia64_repqahpia5 offline because it’s not responding
Aug 25, 2015 11:22:12 PM hudson.node_monitors.ResponseTimeMonitor$1 monitor
WARNING: Making RS_build_sunx64_asekernal6 offline because it’s not responding
Aug 25, 2015 11:22:12 PM hudson.node_monitors.ResponseTimeMonitor$1 monitor
WARNING: Making Installer_ibmplinux64_elevon offline because it’s not responding
Aug 25, 2015 11:22:12 PM hudson.node_monitors.ResponseTimeMonitor$1 monitor
WARNING: Making RS_build_test_hpia64_repqahpia1 offline because it’s not responding
Aug 25, 2015 11:22:12 PM hudson.node_monitors.ResponseTimeMonitor$1 monitor
WARNING: Making RS_build_test_sunsparc64_whitney offline because it’s not responding
Aug 25, 2015 11:25:55 PM hudson.slaves.SlaveComputer tryReconnect
INFO: Attempting to reconnect rs_build_ibmaix_rqavmaix2
Aug 25, 2015 11:33:55 PM hudson.slaves.SlaveComputer tryReconnect
INFO: Attempting to reconnect RS_build_sunx64_augusta
Aug 25, 2015 11:35:55 PM hudson.slaves.SlaveComputer tryReconnect
INFO: Attempting to reconnect Installer_ibmplinux64_elevon
Aug 25, 2015 11:35:55 PM hudson.slaves.SlaveComputer tryReconnect
INFO: Attempting to reconnect RS_build_sunx64_asekernal6
Aug 25, 2015 11:35:55 PM hudson.slaves.SlaveComputer tryReconnect
INFO: Attempting to reconnect RS_build_test_hpia64_repqahpia1
Aug 25, 2015 11:35:55 PM hudson.slaves.SlaveComputer tryReconnect
INFO: Attempting to reconnect RS_build_test_hpia64_repqahpia5
Aug 25, 2015 11:37:18 PM hudson.model.Run execute
INFO: CHECK_DISK_ON_REMOTE_DIR #10 main build action completed: SUCCESS
Aug 25, 2015 11:37:55 PM hudson.slaves.SlaveComputer tryReconnect
INFO: Attempting to reconnect RS_build_test_sunsparc64_whitney
Aug 25, 2015 11:39:01 PM hudson.model.Run execute
INFO: SRS_SP300_STAGE_HRAX_PEORIOICALLY #585 main build action completed: SUCCESS
Aug 25, 2015 11:45:55 PM hudson.slaves.SlaveComputer tryReconnect
INFO: Attempting to reconnect rs_build_ibmaix_rqavmaix2
Aug 25, 2015 11:54:55 PM hudson.slaves.SlaveComputer tryReconnect
INFO: Attempting to reconnect RS_build_sunx64_augusta
Aug 25, 2015 11:56:55 PM hudson.slaves.SlaveComputer tryReconnect
INFO: Attempting to reconnect Installer_ibmplinux64_elevon
Aug 25, 2015 11:56:55 PM hudson.slaves.SlaveComputer tryReconnect
INFO: Attempting to reconnect RS_build_sunx64_asekernal6
Aug 25, 2015 11:56:55 PM hudson.slaves.SlaveComputer tryReconnect
INFO: Attempting to reconnect RS_build_test_hpia64_repqahpia1
Aug 25, 2015 11:56:55 PM hudson.slaves.SlaveComputer tryReconnect
INFO: Attempting to reconnect RS_build_test_hpia64_repqahpia5
Aug 25, 2015 11:57:55 PM hudson.slaves.SlaveComputer tryReconnect
INFO: Attempting to reconnect RS_build_test_sunsparc64_whitney
