Jun 8, 2016 12:08:24 AM hudson.node_monitors.AbstractAsyncNodeMonitorDescriptor monitor
WARNING: Failed to monitor master for Free Disk Space
java.util.concurrent.TimeoutException
	at java.util.concurrent.FutureTask$Sync.innerGet(FutureTask.java:258)
	at java.util.concurrent.FutureTask.get(FutureTask.java:119)
	at hudson.remoting.LocalChannel$2.get(LocalChannel.java:81)
	at hudson.node_monitors.AbstractAsyncNodeMonitorDescriptor.monitor(AbstractAsyncNodeMonitorDescriptor.java:97)
	at hudson.node_monitors.AbstractNodeMonitorDescriptor$Record.run(AbstractNodeMonitorDescriptor.java:302)
Jun 8, 2016 1:08:24 AM hudson.node_monitors.AbstractAsyncNodeMonitorDescriptor monitor
WARNING: Failed to monitor master for Free Disk Space
java.util.concurrent.TimeoutException
	at java.util.concurrent.FutureTask$Sync.innerGet(FutureTask.java:258)
	at java.util.concurrent.FutureTask.get(FutureTask.java:119)
	at hudson.remoting.LocalChannel$2.get(LocalChannel.java:81)
	at hudson.node_monitors.AbstractAsyncNodeMonitorDescriptor.monitor(AbstractAsyncNodeMonitorDescriptor.java:97)
	at hudson.node_monitors.AbstractNodeMonitorDescriptor$Record.run(AbstractNodeMonitorDescriptor.java:302)
Jun 8, 2016 2:08:24 AM hudson.node_monitors.AbstractAsyncNodeMonitorDescriptor monitor
WARNING: Failed to monitor master for Free Disk Space
java.util.concurrent.TimeoutException
	at java.util.concurrent.FutureTask$Sync.innerGet(FutureTask.java:258)
	at java.util.concurrent.FutureTask.get(FutureTask.java:119)
	at hudson.remoting.LocalChannel$2.get(LocalChannel.java:81)
	at hudson.node_monitors.AbstractAsyncNodeMonitorDescriptor.monitor(AbstractAsyncNodeMonitorDescriptor.java:97)
	at hudson.node_monitors.AbstractNodeMonitorDescriptor$Record.run(AbstractNodeMonitorDescriptor.java:302)
Jun 8, 2016 3:08:24 AM hudson.node_monitors.AbstractAsyncNodeMonitorDescriptor monitor
WARNING: Failed to monitor master for Free Disk Space
java.util.concurrent.TimeoutException
	at java.util.concurrent.FutureTask$Sync.innerGet(FutureTask.java:258)
	at java.util.concurrent.FutureTask.get(FutureTask.java:119)
	at hudson.remoting.LocalChannel$2.get(LocalChannel.java:81)
	at hudson.node_monitors.AbstractAsyncNodeMonitorDescriptor.monitor(AbstractAsyncNodeMonitorDescriptor.java:97)
	at hudson.node_monitors.AbstractNodeMonitorDescriptor$Record.run(AbstractNodeMonitorDescriptor.java:302)
Jun 8, 2016 4:08:24 AM hudson.node_monitors.AbstractAsyncNodeMonitorDescriptor monitor
WARNING: Failed to monitor master for Free Disk Space
java.util.concurrent.TimeoutException
	at java.util.concurrent.FutureTask$Sync.innerGet(FutureTask.java:258)
	at java.util.concurrent.FutureTask.get(FutureTask.java:119)
	at hudson.remoting.LocalChannel$2.get(LocalChannel.java:81)
	at hudson.node_monitors.AbstractAsyncNodeMonitorDescriptor.monitor(AbstractAsyncNodeMonitorDescriptor.java:97)
	at hudson.node_monitors.AbstractNodeMonitorDescriptor$Record.run(AbstractNodeMonitorDescriptor.java:302)
Jun 8, 2016 4:41:50 AM hudson.model.AsyncPeriodicWork$1 run
INFO: Started Fingerprint cleanup
Jun 8, 2016 4:41:50 AM hudson.model.AsyncPeriodicWork$1 run
INFO: Finished Fingerprint cleanup. 2 ms
Jun 8, 2016 5:08:24 AM hudson.node_monitors.AbstractAsyncNodeMonitorDescriptor monitor
WARNING: Failed to monitor master for Free Disk Space
java.util.concurrent.TimeoutException
	at java.util.concurrent.FutureTask$Sync.innerGet(FutureTask.java:258)
	at java.util.concurrent.FutureTask.get(FutureTask.java:119)
	at hudson.remoting.LocalChannel$2.get(LocalChannel.java:81)
	at hudson.node_monitors.AbstractAsyncNodeMonitorDescriptor.monitor(AbstractAsyncNodeMonitorDescriptor.java:97)
	at hudson.node_monitors.AbstractNodeMonitorDescriptor$Record.run(AbstractNodeMonitorDescriptor.java:302)
Jun 8, 2016 6:08:24 AM hudson.node_monitors.AbstractAsyncNodeMonitorDescriptor monitor
WARNING: Failed to monitor master for Free Disk Space
java.util.concurrent.TimeoutException
	at java.util.concurrent.FutureTask$Sync.innerGet(FutureTask.java:258)
	at java.util.concurrent.FutureTask.get(FutureTask.java:119)
	at hudson.remoting.LocalChannel$2.get(LocalChannel.java:81)
	at hudson.node_monitors.AbstractAsyncNodeMonitorDescriptor.monitor(AbstractAsyncNodeMonitorDescriptor.java:97)
	at hudson.node_monitors.AbstractNodeMonitorDescriptor$Record.run(AbstractNodeMonitorDescriptor.java:302)
Jun 8, 2016 6:26:32 AM hudson.model.AsyncPeriodicWork$1 run
INFO: Started Workspace clean-up
Jun 8, 2016 6:26:32 AM hudson.model.AsyncPeriodicWork$1 run
INFO: Finished Workspace clean-up. 179 ms
Jun 8, 2016 7:08:24 AM hudson.node_monitors.AbstractAsyncNodeMonitorDescriptor monitor
WARNING: Failed to monitor master for Free Disk Space
java.util.concurrent.TimeoutException
	at java.util.concurrent.FutureTask$Sync.innerGet(FutureTask.java:258)
	at java.util.concurrent.FutureTask.get(FutureTask.java:119)
	at hudson.remoting.LocalChannel$2.get(LocalChannel.java:81)
	at hudson.node_monitors.AbstractAsyncNodeMonitorDescriptor.monitor(AbstractAsyncNodeMonitorDescriptor.java:97)
	at hudson.node_monitors.AbstractNodeMonitorDescriptor$Record.run(AbstractNodeMonitorDescriptor.java:302)
Jun 8, 2016 8:08:24 AM hudson.node_monitors.AbstractAsyncNodeMonitorDescriptor monitor
WARNING: Failed to monitor master for Free Disk Space
java.util.concurrent.TimeoutException
	at java.util.concurrent.FutureTask$Sync.innerGet(FutureTask.java:258)
	at java.util.concurrent.FutureTask.get(FutureTask.java:119)
	at hudson.remoting.LocalChannel$2.get(LocalChannel.java:81)
	at hudson.node_monitors.AbstractAsyncNodeMonitorDescriptor.monitor(AbstractAsyncNodeMonitorDescriptor.java:97)
	at hudson.node_monitors.AbstractNodeMonitorDescriptor$Record.run(AbstractNodeMonitorDescriptor.java:302)
