Nov 06, 2016 12:26:21 AM hudson.node_monitors.ResponseTimeMonitor$1 monitor
WARNING: Making installer_test_linux2 offline because it?s not responding
Nov 06, 2016 1:26:21 AM hudson.node_monitors.ResponseTimeMonitor$1 monitor
WARNING: Making installer_test_linux2 offline because it?s not responding
Nov 06, 2016 1:26:21 AM hudson.node_monitors.ResponseTimeMonitor$1 monitor
WARNING: Making installer_test_linux2 offline because it?s not responding
Nov 06, 2016 2:26:21 AM hudson.node_monitors.ResponseTimeMonitor$1 monitor
WARNING: Making installer_test_linux2 offline because it?s not responding
Nov 06, 2016 3:26:21 AM hudson.node_monitors.ResponseTimeMonitor$1 monitor
WARNING: Making installer_test_linux2 offline because it?s not responding
Nov 06, 2016 4:26:21 AM hudson.node_monitors.ResponseTimeMonitor$1 monitor
WARNING: Making installer_test_linux2 offline because it?s not responding
Nov 06, 2016 5:26:21 AM hudson.node_monitors.ResponseTimeMonitor$1 monitor
WARNING: Making installer_test_linux2 offline because it?s not responding
Nov 06, 2016 6:26:21 AM hudson.node_monitors.ResponseTimeMonitor$1 monitor
WARNING: Making installer_test_linux2 offline because it?s not responding
Nov 06, 2016 7:26:21 AM hudson.node_monitors.ResponseTimeMonitor$1 monitor
WARNING: Making installer_test_linux2 offline because it?s not responding
Nov 06, 2016 8:26:21 AM hudson.node_monitors.ResponseTimeMonitor$1 monitor
WARNING: Making installer_test_linux2 offline because it?s not responding
Nov 06, 2016 9:26:21 AM hudson.node_monitors.ResponseTimeMonitor$1 monitor
WARNING: Making installer_test_linux2 offline because it?s not responding
Nov 06, 2016 10:26:21 AM hudson.node_monitors.ResponseTimeMonitor$1 monitor
WARNING: Making installer_test_linux2 offline because it?s not responding
Nov 06, 2016 10:48:28 AM hudson.model.AsyncPeriodicWork$1 run
INFO: Started Fingerprint cleanup
Nov 06, 2016 10:48:28 AM hudson.model.AsyncPeriodicWork$1 run
INFO: Finished Fingerprint cleanup. 1 ms
Nov 06, 2016 11:26:21 AM hudson.node_monitors.ResponseTimeMonitor$1 monitor
WARNING: Making installer_test_linux2 offline because it?s not responding
Nov 06, 2016 12:26:21 PM hudson.node_monitors.ResponseTimeMonitor$1 monitor
WARNING: Making installer_test_linux2 offline because it?s not responding
Nov 06, 2016 1:26:21 PM hudson.node_monitors.ResponseTimeMonitor$1 monitor
WARNING: Making installer_test_linux2 offline because it?s not responding
Nov 06, 2016 2:26:21 PM hudson.node_monitors.ResponseTimeMonitor$1 monitor
WARNING: Making installer_test_linux2 offline because it?s not responding
Nov 06, 2016 3:26:21 PM hudson.node_monitors.ResponseTimeMonitor$1 monitor
WARNING: Making installer_test_linux2 offline because it?s not responding
Nov 06, 2016 4:26:21 PM hudson.node_monitors.ResponseTimeMonitor$1 monitor
WARNING: Making installer_test_linux2 offline because it?s not responding
Nov 06, 2016 5:26:21 PM hudson.node_monitors.ResponseTimeMonitor$1 monitor
WARNING: Making installer_test_linux2 offline because it?s not responding
Nov 06, 2016 5:37:03 PM hudson.model.Run execute
INFO: SP305_SRS_DAILY_BUILD_AND_DROP_TO_ASE #8 aborted
java.lang.InterruptedException: sleep interrupted
	at java.lang.Thread.sleep(Native Method)
	at com.tikal.jenkins.plugins.multijob.MultiJobBuilder.perform(MultiJobBuilder.java:237)
	at hudson.tasks.BuildStepMonitor$1.perform(BuildStepMonitor.java:20)
	at hudson.model.AbstractBuild$AbstractBuildExecution.perform(AbstractBuild.java:770)
	at hudson.model.Build$BuildExecution.build(Build.java:199)
	at hudson.model.Build$BuildExecution.doRun(Build.java:160)
	at hudson.model.AbstractBuild$AbstractBuildExecution.run(AbstractBuild.java:533)
	at com.tikal.jenkins.plugins.multijob.MultiJobBuild$MultiJobRunnerImpl.run(MultiJobBuild.java:134)
	at hudson.model.Run.execute(Run.java:1718)
	at com.tikal.jenkins.plugins.multijob.MultiJobBuild.run(MultiJobBuild.java:73)
	at hudson.model.ResourceController.execute(ResourceController.java:89)
	at hudson.model.Executor.run(Executor.java:240)

Nov 06, 2016 5:37:04 PM hudson.model.Run execute
INFO: SP305_SRS_DAILY_BUILD_INTEGRATION #47 aborted
java.lang.InterruptedException
	at java.lang.Object.wait(Native Method)
	at java.lang.Object.wait(Object.java:503)
	at java.lang.UNIXProcess.waitFor(UNIXProcess.java:210)
	at hudson.Proc$LocalProc.join(Proc.java:319)
	at hudson.tasks.CommandInterpreter.join(CommandInterpreter.java:137)
	at hudson.tasks.CommandInterpreter.perform(CommandInterpreter.java:97)
	at hudson.tasks.CommandInterpreter.perform(CommandInterpreter.java:66)
	at hudson.tasks.BuildStepMonitor$1.perform(BuildStepMonitor.java:20)
	at hudson.model.AbstractBuild$AbstractBuildExecution.perform(AbstractBuild.java:770)
	at hudson.model.Build$BuildExecution.build(Build.java:199)
	at hudson.model.Build$BuildExecution.doRun(Build.java:160)
	at hudson.model.AbstractBuild$AbstractBuildExecution.run(AbstractBuild.java:533)
	at hudson.model.Run.execute(Run.java:1718)
	at hudson.model.FreeStyleBuild.run(FreeStyleBuild.java:43)
	at hudson.model.ResourceController.execute(ResourceController.java:89)
	at hudson.model.Executor.run(Executor.java:240)

Nov 06, 2016 5:50:23 PM hudson.model.Run execute
INFO: SRS_RMA_BUILD_TRIGGER_BY_RMADEV_SP305 #96 main build action completed: SUCCESS
Nov 06, 2016 6:02:18 PM hudson.model.Run execute
INFO: SP305_SRS_DAILY_BUILD #112 main build action completed: FAILURE
Nov 06, 2016 6:03:12 PM hudson.model.Run execute
INFO: SRS_RMA_BUILD_TRIGGER_BY_RMADEV_SP305 #97 main build action completed: FAILURE
Nov 06, 2016 6:03:53 PM org.kohsuke.stapler.RequestImpl$TypePair convertJSON
WARNING: 'stapler-class' is deprecated: hudson.tasks.Shell
Nov 06, 2016 6:03:53 PM org.kohsuke.stapler.RequestImpl$TypePair convertJSON
WARNING: 'stapler-class' is deprecated: hudson.plugins.emailext.ExtendedEmailPublisher
Nov 06, 2016 6:03:53 PM org.kohsuke.stapler.RequestImpl$TypePair convertJSON
WARNING: 'stapler-class' is deprecated: hudson.plugins.emailext.plugins.trigger.FailureTrigger
Nov 06, 2016 6:03:53 PM org.kohsuke.stapler.RequestImpl$TypePair convertJSON
WARNING: 'stapler-class' is deprecated: hudson.plugins.emailext.plugins.recipients.ListRecipientProvider
Nov 06, 2016 6:22:22 PM hudson.model.Run execute
INFO: SP305_SRS_DAILY_BUILD #113 aborted
java.lang.InterruptedException
	at java.lang.Object.wait(Native Method)
	at java.lang.Object.wait(Object.java:503)
	at java.lang.UNIXProcess.waitFor(UNIXProcess.java:210)
	at hudson.Proc$LocalProc.join(Proc.java:319)
	at hudson.tasks.CommandInterpreter.join(CommandInterpreter.java:137)
	at hudson.tasks.CommandInterpreter.perform(CommandInterpreter.java:97)
	at hudson.tasks.CommandInterpreter.perform(CommandInterpreter.java:66)
	at hudson.tasks.BuildStepMonitor$1.perform(BuildStepMonitor.java:20)
	at hudson.model.AbstractBuild$AbstractBuildExecution.perform(AbstractBuild.java:770)
	at hudson.model.Build$BuildExecution.build(Build.java:199)
	at hudson.model.Build$BuildExecution.doRun(Build.java:160)
	at hudson.model.AbstractBuild$AbstractBuildExecution.run(AbstractBuild.java:533)
	at hudson.model.Run.execute(Run.java:1718)
	at hudson.model.FreeStyleBuild.run(FreeStyleBuild.java:43)
	at hudson.model.ResourceController.execute(ResourceController.java:89)
	at hudson.model.Executor.run(Executor.java:240)

Nov 06, 2016 6:26:21 PM hudson.node_monitors.ResponseTimeMonitor$1 monitor
WARNING: Making installer_test_linux2 offline because it?s not responding
Nov 06, 2016 6:38:32 PM org.kohsuke.stapler.RequestImpl$TypePair convertJSON
WARNING: 'stapler-class' is deprecated: hudson.tasks.Shell
Nov 06, 2016 6:38:32 PM org.kohsuke.stapler.RequestImpl$TypePair convertJSON
WARNING: 'stapler-class' is deprecated: hudson.plugins.emailext.ExtendedEmailPublisher
Nov 06, 2016 6:38:32 PM org.kohsuke.stapler.RequestImpl$TypePair convertJSON
WARNING: 'stapler-class' is deprecated: hudson.plugins.emailext.plugins.trigger.FailureTrigger
Nov 06, 2016 6:38:32 PM org.kohsuke.stapler.RequestImpl$TypePair convertJSON
WARNING: 'stapler-class' is deprecated: hudson.plugins.emailext.plugins.recipients.ListRecipientProvider
Nov 06, 2016 6:51:37 PM hudson.model.Run execute
INFO: SP305_SRS_DAILY_BUILD #114 main build action completed: SUCCESS
Nov 06, 2016 7:01:23 PM hudson.model.AsyncPeriodicWork$1 run
INFO: Started Download metadata
Nov 06, 2016 7:01:33 PM hudson.model.UpdateSite updateData
INFO: Obtained the latest update center data file for UpdateSource default
Nov 06, 2016 7:01:35 PM hudson.model.AsyncPeriodicWork$1 run
INFO: Finished Download metadata. 12,442 ms
Nov 06, 2016 7:06:22 PM hudson.model.Run execute
INFO: SRS_SP305_TEST #70 main build action completed: FAILURE
Nov 06, 2016 7:06:24 PM hudson.model.Run execute
INFO: SRS_SP305_SERIAL #81 main build action completed: FAILURE
Nov 06, 2016 7:11:51 PM hudson.model.Run execute
INFO: SRS_SP305_SERIAL #82 aborted
java.lang.InterruptedException: sleep interrupted
	at java.lang.Thread.sleep(Native Method)
	at com.tikal.jenkins.plugins.multijob.MultiJobBuilder.perform(MultiJobBuilder.java:237)
	at hudson.tasks.BuildStepMonitor$1.perform(BuildStepMonitor.java:20)
	at hudson.model.AbstractBuild$AbstractBuildExecution.perform(AbstractBuild.java:770)
	at hudson.model.Build$BuildExecution.build(Build.java:199)
	at hudson.model.Build$BuildExecution.doRun(Build.java:160)
	at hudson.model.AbstractBuild$AbstractBuildExecution.run(AbstractBuild.java:533)
	at com.tikal.jenkins.plugins.multijob.MultiJobBuild$MultiJobRunnerImpl.run(MultiJobBuild.java:134)
	at hudson.model.Run.execute(Run.java:1718)
	at com.tikal.jenkins.plugins.multijob.MultiJobBuild.run(MultiJobBuild.java:73)
	at hudson.model.ResourceController.execute(ResourceController.java:89)
	at hudson.model.Executor.run(Executor.java:240)

Nov 06, 2016 7:11:51 PM hudson.model.Run execute
INFO: SP305_SRS_DAILY_BUILD #115 aborted
java.lang.InterruptedException
	at java.lang.Object.wait(Native Method)
	at java.lang.Object.wait(Object.java:503)
	at java.lang.UNIXProcess.waitFor(UNIXProcess.java:210)
	at hudson.Proc$LocalProc.join(Proc.java:319)
	at hudson.tasks.CommandInterpreter.join(CommandInterpreter.java:137)
	at hudson.tasks.CommandInterpreter.perform(CommandInterpreter.java:97)
	at hudson.tasks.CommandInterpreter.perform(CommandInterpreter.java:66)
	at hudson.tasks.BuildStepMonitor$1.perform(BuildStepMonitor.java:20)
	at hudson.model.AbstractBuild$AbstractBuildExecution.perform(AbstractBuild.java:770)
	at hudson.model.Build$BuildExecution.build(Build.java:199)
	at hudson.model.Build$BuildExecution.doRun(Build.java:160)
	at hudson.model.AbstractBuild$AbstractBuildExecution.run(AbstractBuild.java:533)
	at hudson.model.Run.execute(Run.java:1718)
	at hudson.model.FreeStyleBuild.run(FreeStyleBuild.java:43)
	at hudson.model.ResourceController.execute(ResourceController.java:89)
	at hudson.model.Executor.run(Executor.java:240)

Nov 06, 2016 7:26:21 PM hudson.node_monitors.ResponseTimeMonitor$1 monitor
WARNING: Making installer_test_linux2 offline because it?s not responding
Nov 06, 2016 7:27:34 PM hudson.model.AsyncPeriodicWork$1 run
INFO: Started Workspace clean-up
Nov 06, 2016 7:27:35 PM hudson.model.AsyncPeriodicWork$1 run
INFO: Finished Workspace clean-up. 485 ms
Nov 06, 2016 8:26:21 PM hudson.node_monitors.ResponseTimeMonitor$1 monitor
WARNING: Making installer_test_linux2 offline because it?s not responding
Nov 06, 2016 9:26:21 PM hudson.node_monitors.ResponseTimeMonitor$1 monitor
WARNING: Making installer_test_linux2 offline because it?s not responding
Nov 06, 2016 9:43:29 PM hudson.model.Run execute
INFO: SP305_SRS_DAILY_BUILD_AND_DROP_TO_ASE #9 aborted
java.lang.InterruptedException: sleep interrupted
	at java.lang.Thread.sleep(Native Method)
	at com.tikal.jenkins.plugins.multijob.MultiJobBuilder.perform(MultiJobBuilder.java:237)
	at hudson.tasks.BuildStepMonitor$1.perform(BuildStepMonitor.java:20)
	at hudson.model.AbstractBuild$AbstractBuildExecution.perform(AbstractBuild.java:770)
	at hudson.model.Build$BuildExecution.build(Build.java:199)
	at hudson.model.Build$BuildExecution.doRun(Build.java:160)
	at hudson.model.AbstractBuild$AbstractBuildExecution.run(AbstractBuild.java:533)
	at com.tikal.jenkins.plugins.multijob.MultiJobBuild$MultiJobRunnerImpl.run(MultiJobBuild.java:134)
	at hudson.model.Run.execute(Run.java:1718)
	at com.tikal.jenkins.plugins.multijob.MultiJobBuild.run(MultiJobBuild.java:73)
	at hudson.model.ResourceController.execute(ResourceController.java:89)
	at hudson.model.Executor.run(Executor.java:240)

Nov 06, 2016 9:43:29 PM hudson.model.Run execute
INFO: SP305_SRS_DAILY_BUILD_INTEGRATION #48 aborted
java.lang.InterruptedException
	at java.lang.Object.wait(Native Method)
	at java.lang.Object.wait(Object.java:503)
	at java.lang.UNIXProcess.waitFor(UNIXProcess.java:210)
	at hudson.Proc$LocalProc.join(Proc.java:319)
	at hudson.tasks.CommandInterpreter.join(CommandInterpreter.java:137)
	at hudson.tasks.CommandInterpreter.perform(CommandInterpreter.java:97)
	at hudson.tasks.CommandInterpreter.perform(CommandInterpreter.java:66)
	at hudson.tasks.BuildStepMonitor$1.perform(BuildStepMonitor.java:20)
	at hudson.model.AbstractBuild$AbstractBuildExecution.perform(AbstractBuild.java:770)
	at hudson.model.Build$BuildExecution.build(Build.java:199)
	at hudson.model.Build$BuildExecution.doRun(Build.java:160)
	at hudson.model.AbstractBuild$AbstractBuildExecution.run(AbstractBuild.java:533)
	at hudson.model.Run.execute(Run.java:1718)
	at hudson.model.FreeStyleBuild.run(FreeStyleBuild.java:43)
	at hudson.model.ResourceController.execute(ResourceController.java:89)
	at hudson.model.Executor.run(Executor.java:240)

Nov 06, 2016 10:26:21 PM hudson.node_monitors.ResponseTimeMonitor$1 monitor
WARNING: Making installer_test_linux2 offline because it?s not responding
Nov 06, 2016 11:17:57 PM hudson.model.Run execute
INFO: SP305_SRS_DAILY_BUILD_INTEGRATION #49 main build action completed: SUCCESS
Nov 06, 2016 11:26:21 PM hudson.node_monitors.ResponseTimeMonitor$1 monitor
WARNING: Making installer_test_linux2 offline because it?s not responding
Nov 06, 2016 11:46:28 PM hudson.model.Run execute
INFO: SRS_DROP_TEST_FOR_ASE_SP305 #44 main build action completed: SUCCESS
Nov 06, 2016 11:46:29 PM hudson.model.Run execute
INFO: SP305_SRS_DAILY_BUILD_AND_DROP_TO_ASE #10 main build action completed: SUCCESS
