Feb 21, 2017 12:07:51 AM hudson.slaves.SlaveComputer tryReconnect
INFO: Attempting to reconnect ase_test
Feb 21, 2017 12:08:51 AM hudson.slaves.SlaveComputer tryReconnect
INFO: Attempting to reconnect installer_test_linux2
Feb 21, 2017 12:17:51 AM hudson.slaves.SlaveComputer tryReconnect
INFO: Attempting to reconnect installer_test_linux
Feb 21, 2017 12:20:51 AM hudson.slaves.SlaveComputer tryReconnect
INFO: Attempting to reconnect ase_test_txue
Feb 21, 2017 12:27:51 AM hudson.slaves.SlaveComputer tryReconnect
INFO: Attempting to reconnect ase_test
Feb 21, 2017 12:29:51 AM hudson.slaves.SlaveComputer tryReconnect
INFO: Attempting to reconnect installer_test_linux2
Feb 21, 2017 12:37:17 AM hudson.node_monitors.ResponseTimeMonitor$1 monitor
WARNING: Making ase_test_txue offline because it’s not responding
Feb 21, 2017 12:37:17 AM hudson.node_monitors.ResponseTimeMonitor$1 monitor
WARNING: Making ase_test offline because it’s not responding
Feb 21, 2017 12:37:17 AM hudson.node_monitors.ResponseTimeMonitor$1 monitor
WARNING: Making NT_MONSOON offline because it’s not responding
Feb 21, 2017 12:37:17 AM hudson.node_monitors.ResponseTimeMonitor$1 monitor
WARNING: Making installer_test_linux offline because it’s not responding
Feb 21, 2017 12:37:17 AM hudson.node_monitors.ResponseTimeMonitor$1 monitor
WARNING: Making installer_test_linux2 offline because it’s not responding
Feb 21, 2017 12:38:51 AM hudson.slaves.SlaveComputer tryReconnect
INFO: Attempting to reconnect installer_test_linux
Feb 21, 2017 12:42:51 AM hudson.slaves.SlaveComputer tryReconnect
INFO: Attempting to reconnect ase_test_txue
Feb 21, 2017 12:49:51 AM hudson.slaves.SlaveComputer tryReconnect
INFO: Attempting to reconnect ase_test
Feb 21, 2017 12:50:51 AM hudson.slaves.SlaveComputer tryReconnect
INFO: Attempting to reconnect installer_test_linux2
Feb 21, 2017 12:59:51 AM hudson.slaves.SlaveComputer tryReconnect
INFO: Attempting to reconnect installer_test_linux
Feb 21, 2017 1:03:51 AM hudson.slaves.SlaveComputer tryReconnect
INFO: Attempting to reconnect ase_test_txue
Feb 21, 2017 1:10:51 AM hudson.slaves.SlaveComputer tryReconnect
INFO: Attempting to reconnect ase_test
Feb 21, 2017 1:11:51 AM hudson.slaves.SlaveComputer tryReconnect
INFO: Attempting to reconnect installer_test_linux2
Feb 21, 2017 1:18:51 AM hudson.slaves.SlaveComputer tryReconnect
INFO: Attempting to reconnect installer_test_linux
Feb 21, 2017 1:21:51 AM hudson.slaves.SlaveComputer tryReconnect
INFO: Attempting to reconnect ase_test_txue
Feb 21, 2017 1:28:51 AM hudson.slaves.SlaveComputer tryReconnect
INFO: Attempting to reconnect ase_test
Feb 21, 2017 1:30:51 AM hudson.slaves.SlaveComputer tryReconnect
INFO: Attempting to reconnect installer_test_linux2
Feb 21, 2017 1:37:17 AM hudson.node_monitors.ResponseTimeMonitor$1 monitor
WARNING: Making ase_test_txue offline because it’s not responding
Feb 21, 2017 1:37:17 AM hudson.node_monitors.ResponseTimeMonitor$1 monitor
WARNING: Making ase_test offline because it’s not responding
Feb 21, 2017 1:37:17 AM hudson.node_monitors.ResponseTimeMonitor$1 monitor
WARNING: Making NT_MONSOON offline because it’s not responding
Feb 21, 2017 1:37:17 AM hudson.node_monitors.ResponseTimeMonitor$1 monitor
WARNING: Making installer_test_linux offline because it’s not responding
Feb 21, 2017 1:37:17 AM hudson.node_monitors.ResponseTimeMonitor$1 monitor
WARNING: Making installer_test_linux2 offline because it’s not responding
Feb 21, 2017 1:38:51 AM hudson.slaves.SlaveComputer tryReconnect
INFO: Attempting to reconnect installer_test_linux
Feb 21, 2017 1:42:51 AM hudson.slaves.SlaveComputer tryReconnect
INFO: Attempting to reconnect ase_test_txue
Feb 21, 2017 1:50:51 AM hudson.slaves.SlaveComputer tryReconnect
INFO: Attempting to reconnect ase_test
Feb 21, 2017 1:52:51 AM hudson.slaves.SlaveComputer tryReconnect
INFO: Attempting to reconnect installer_test_linux2
Feb 21, 2017 2:01:51 AM hudson.slaves.SlaveComputer tryReconnect
INFO: Attempting to reconnect installer_test_linux
Feb 21, 2017 2:03:51 AM hudson.slaves.SlaveComputer tryReconnect
INFO: Attempting to reconnect ase_test_txue
Feb 21, 2017 2:09:51 AM hudson.slaves.SlaveComputer tryReconnect
INFO: Attempting to reconnect ase_test
Feb 21, 2017 2:10:51 AM hudson.slaves.SlaveComputer tryReconnect
INFO: Attempting to reconnect installer_test_linux2
Feb 21, 2017 2:18:51 AM hudson.slaves.SlaveComputer tryReconnect
INFO: Attempting to reconnect installer_test_linux
Feb 21, 2017 2:22:51 AM hudson.slaves.SlaveComputer tryReconnect
INFO: Attempting to reconnect ase_test_txue
Feb 21, 2017 2:29:51 AM hudson.slaves.SlaveComputer tryReconnect
INFO: Attempting to reconnect ase_test
Feb 21, 2017 2:31:51 AM hudson.slaves.SlaveComputer tryReconnect
INFO: Attempting to reconnect installer_test_linux2
Feb 21, 2017 2:37:17 AM hudson.node_monitors.ResponseTimeMonitor$1 monitor
WARNING: Making ase_test_txue offline because it’s not responding
Feb 21, 2017 2:37:17 AM hudson.node_monitors.ResponseTimeMonitor$1 monitor
WARNING: Making ase_test offline because it’s not responding
Feb 21, 2017 2:37:17 AM hudson.node_monitors.ResponseTimeMonitor$1 monitor
WARNING: Making NT_MONSOON offline because it’s not responding
Feb 21, 2017 2:37:17 AM hudson.node_monitors.ResponseTimeMonitor$1 monitor
WARNING: Making installer_test_linux offline because it’s not responding
Feb 21, 2017 2:37:17 AM hudson.node_monitors.ResponseTimeMonitor$1 monitor
WARNING: Making installer_test_linux2 offline because it’s not responding
Feb 21, 2017 2:39:51 AM hudson.slaves.SlaveComputer tryReconnect
INFO: Attempting to reconnect installer_test_linux
Feb 21, 2017 2:42:51 AM hudson.slaves.SlaveComputer tryReconnect
INFO: Attempting to reconnect ase_test_txue
Feb 21, 2017 2:49:51 AM hudson.slaves.SlaveComputer tryReconnect
INFO: Attempting to reconnect ase_test
Feb 21, 2017 2:51:51 AM hudson.slaves.SlaveComputer tryReconnect
INFO: Attempting to reconnect installer_test_linux2
Feb 21, 2017 2:59:51 AM hudson.slaves.SlaveComputer tryReconnect
INFO: Attempting to reconnect installer_test_linux
Feb 21, 2017 3:02:51 AM hudson.slaves.SlaveComputer tryReconnect
INFO: Attempting to reconnect ase_test_txue
Feb 21, 2017 3:08:51 AM hudson.slaves.SlaveComputer tryReconnect
INFO: Attempting to reconnect ase_test
Feb 21, 2017 3:09:51 AM hudson.slaves.SlaveComputer tryReconnect
INFO: Attempting to reconnect installer_test_linux2
Feb 21, 2017 3:19:51 AM hudson.slaves.SlaveComputer tryReconnect
INFO: Attempting to reconnect installer_test_linux
Feb 21, 2017 3:22:51 AM hudson.slaves.SlaveComputer tryReconnect
INFO: Attempting to reconnect ase_test_txue
Feb 21, 2017 3:28:51 AM hudson.slaves.SlaveComputer tryReconnect
INFO: Attempting to reconnect ase_test
Feb 21, 2017 3:29:51 AM hudson.slaves.SlaveComputer tryReconnect
INFO: Attempting to reconnect installer_test_linux2
Feb 21, 2017 3:37:17 AM hudson.node_monitors.ResponseTimeMonitor$1 monitor
WARNING: Making ase_test_txue offline because it’s not responding
Feb 21, 2017 3:37:17 AM hudson.node_monitors.ResponseTimeMonitor$1 monitor
WARNING: Making ase_test offline because it’s not responding
Feb 21, 2017 3:37:17 AM hudson.node_monitors.ResponseTimeMonitor$1 monitor
WARNING: Making NT_MONSOON offline because it’s not responding
Feb 21, 2017 3:37:17 AM hudson.node_monitors.ResponseTimeMonitor$1 monitor
WARNING: Making installer_test_linux offline because it’s not responding
Feb 21, 2017 3:37:17 AM hudson.node_monitors.ResponseTimeMonitor$1 monitor
WARNING: Making installer_test_linux2 offline because it’s not responding
Feb 21, 2017 3:37:51 AM hudson.slaves.SlaveComputer tryReconnect
INFO: Attempting to reconnect installer_test_linux
Feb 21, 2017 3:40:51 AM hudson.slaves.SlaveComputer tryReconnect
INFO: Attempting to reconnect ase_test_txue
Feb 21, 2017 3:47:51 AM hudson.slaves.SlaveComputer tryReconnect
INFO: Attempting to reconnect ase_test
Feb 21, 2017 3:48:28 AM hudson.model.AsyncPeriodicWork$1 run
INFO: Started Workspace clean-up
Feb 21, 2017 3:48:29 AM hudson.model.AsyncPeriodicWork$1 run
INFO: Finished Workspace clean-up. 107 ms
Feb 21, 2017 3:48:51 AM hudson.slaves.SlaveComputer tryReconnect
INFO: Attempting to reconnect installer_test_linux2
Feb 21, 2017 3:57:51 AM hudson.slaves.SlaveComputer tryReconnect
INFO: Attempting to reconnect installer_test_linux
Feb 21, 2017 4:00:51 AM hudson.slaves.SlaveComputer tryReconnect
INFO: Attempting to reconnect ase_test_txue
Feb 21, 2017 4:06:51 AM hudson.slaves.SlaveComputer tryReconnect
INFO: Attempting to reconnect ase_test
Feb 21, 2017 4:07:51 AM hudson.slaves.SlaveComputer tryReconnect
INFO: Attempting to reconnect installer_test_linux2
Feb 21, 2017 4:14:51 AM hudson.slaves.SlaveComputer tryReconnect
INFO: Attempting to reconnect installer_test_linux
Feb 21, 2017 4:18:51 AM hudson.slaves.SlaveComputer tryReconnect
INFO: Attempting to reconnect ase_test_txue
Feb 21, 2017 4:25:51 AM hudson.slaves.SlaveComputer tryReconnect
INFO: Attempting to reconnect ase_test
Feb 21, 2017 4:26:51 AM hudson.slaves.SlaveComputer tryReconnect
INFO: Attempting to reconnect installer_test_linux2
Feb 21, 2017 4:36:51 AM hudson.slaves.SlaveComputer tryReconnect
INFO: Attempting to reconnect installer_test_linux
Feb 21, 2017 4:37:17 AM hudson.node_monitors.ResponseTimeMonitor$1 monitor
WARNING: Making ase_test_txue offline because it’s not responding
Feb 21, 2017 4:37:17 AM hudson.node_monitors.ResponseTimeMonitor$1 monitor
WARNING: Making ase_test offline because it’s not responding
Feb 21, 2017 4:37:17 AM hudson.node_monitors.ResponseTimeMonitor$1 monitor
WARNING: Making NT_MONSOON offline because it’s not responding
Feb 21, 2017 4:37:17 AM hudson.node_monitors.ResponseTimeMonitor$1 monitor
WARNING: Making installer_test_linux offline because it’s not responding
Feb 21, 2017 4:37:17 AM hudson.node_monitors.ResponseTimeMonitor$1 monitor
WARNING: Making installer_test_linux2 offline because it’s not responding
Feb 21, 2017 4:39:51 AM hudson.slaves.SlaveComputer tryReconnect
INFO: Attempting to reconnect ase_test_txue
Feb 21, 2017 4:45:51 AM hudson.slaves.SlaveComputer tryReconnect
INFO: Attempting to reconnect ase_test
Feb 21, 2017 4:47:51 AM hudson.slaves.SlaveComputer tryReconnect
INFO: Attempting to reconnect installer_test_linux2
Feb 21, 2017 4:55:51 AM hudson.slaves.SlaveComputer tryReconnect
INFO: Attempting to reconnect installer_test_linux
Feb 21, 2017 4:58:51 AM hudson.slaves.SlaveComputer tryReconnect
INFO: Attempting to reconnect ase_test_txue
Feb 21, 2017 5:05:51 AM hudson.slaves.SlaveComputer tryReconnect
INFO: Attempting to reconnect ase_test
Feb 21, 2017 5:07:51 AM hudson.slaves.SlaveComputer tryReconnect
INFO: Attempting to reconnect installer_test_linux2
Feb 21, 2017 5:16:51 AM hudson.slaves.SlaveComputer tryReconnect
INFO: Attempting to reconnect installer_test_linux
Feb 21, 2017 5:19:51 AM hudson.slaves.SlaveComputer tryReconnect
INFO: Attempting to reconnect ase_test_txue
Feb 21, 2017 5:26:51 AM hudson.slaves.SlaveComputer tryReconnect
INFO: Attempting to reconnect ase_test
Feb 21, 2017 5:28:51 AM hudson.slaves.SlaveComputer tryReconnect
INFO: Attempting to reconnect installer_test_linux2
Feb 21, 2017 5:37:17 AM hudson.node_monitors.ResponseTimeMonitor$1 monitor
WARNING: Making ase_test_txue offline because it’s not responding
Feb 21, 2017 5:37:17 AM hudson.node_monitors.ResponseTimeMonitor$1 monitor
WARNING: Making ase_test offline because it’s not responding
Feb 21, 2017 5:37:17 AM hudson.node_monitors.ResponseTimeMonitor$1 monitor
WARNING: Making NT_MONSOON offline because it’s not responding
Feb 21, 2017 5:37:17 AM hudson.node_monitors.ResponseTimeMonitor$1 monitor
WARNING: Making installer_test_linux offline because it’s not responding
Feb 21, 2017 5:37:17 AM hudson.node_monitors.ResponseTimeMonitor$1 monitor
WARNING: Making installer_test_linux2 offline because it’s not responding
Feb 21, 2017 5:38:51 AM hudson.slaves.SlaveComputer tryReconnect
INFO: Attempting to reconnect installer_test_linux
Feb 21, 2017 5:41:51 AM hudson.slaves.SlaveComputer tryReconnect
INFO: Attempting to reconnect ase_test_txue
Feb 21, 2017 5:48:51 AM hudson.slaves.SlaveComputer tryReconnect
INFO: Attempting to reconnect ase_test
Feb 21, 2017 5:50:51 AM hudson.slaves.SlaveComputer tryReconnect
INFO: Attempting to reconnect installer_test_linux2
Feb 21, 2017 6:00:51 AM hudson.slaves.SlaveComputer tryReconnect
INFO: Attempting to reconnect installer_test_linux
Feb 21, 2017 6:04:51 AM hudson.slaves.SlaveComputer tryReconnect
INFO: Attempting to reconnect ase_test_txue
Feb 21, 2017 6:11:51 AM hudson.slaves.SlaveComputer tryReconnect
INFO: Attempting to reconnect ase_test
Feb 21, 2017 6:12:51 AM hudson.slaves.SlaveComputer tryReconnect
INFO: Attempting to reconnect installer_test_linux2
Feb 21, 2017 6:19:51 AM hudson.slaves.SlaveComputer tryReconnect
INFO: Attempting to reconnect installer_test_linux
Feb 21, 2017 6:22:51 AM hudson.slaves.SlaveComputer tryReconnect
INFO: Attempting to reconnect ase_test_txue
Feb 21, 2017 6:29:51 AM hudson.slaves.SlaveComputer tryReconnect
INFO: Attempting to reconnect ase_test
Feb 21, 2017 6:31:51 AM hudson.slaves.SlaveComputer tryReconnect
INFO: Attempting to reconnect installer_test_linux2
Feb 21, 2017 6:37:17 AM hudson.node_monitors.ResponseTimeMonitor$1 monitor
WARNING: Making ase_test_txue offline because it’s not responding
Feb 21, 2017 6:37:17 AM hudson.node_monitors.ResponseTimeMonitor$1 monitor
WARNING: Making ase_test offline because it’s not responding
Feb 21, 2017 6:37:17 AM hudson.node_monitors.ResponseTimeMonitor$1 monitor
WARNING: Making NT_MONSOON offline because it’s not responding
Feb 21, 2017 6:37:17 AM hudson.node_monitors.ResponseTimeMonitor$1 monitor
WARNING: Making installer_test_linux offline because it’s not responding
Feb 21, 2017 6:37:17 AM hudson.node_monitors.ResponseTimeMonitor$1 monitor
WARNING: Making installer_test_linux2 offline because it’s not responding
Feb 21, 2017 6:38:51 AM hudson.slaves.SlaveComputer tryReconnect
INFO: Attempting to reconnect installer_test_linux
Feb 21, 2017 6:42:51 AM hudson.slaves.SlaveComputer tryReconnect
INFO: Attempting to reconnect ase_test_txue
Feb 21, 2017 6:49:51 AM hudson.slaves.SlaveComputer tryReconnect
INFO: Attempting to reconnect ase_test
Feb 21, 2017 6:51:51 AM hudson.slaves.SlaveComputer tryReconnect
INFO: Attempting to reconnect installer_test_linux2
Feb 21, 2017 6:59:51 AM hudson.slaves.SlaveComputer tryReconnect
INFO: Attempting to reconnect installer_test_linux
Feb 21, 2017 7:02:51 AM hudson.slaves.SlaveComputer tryReconnect
INFO: Attempting to reconnect ase_test_txue
Feb 21, 2017 7:08:51 AM hudson.slaves.SlaveComputer tryReconnect
INFO: Attempting to reconnect ase_test
Feb 21, 2017 7:10:51 AM hudson.slaves.SlaveComputer tryReconnect
INFO: Attempting to reconnect installer_test_linux2
Feb 21, 2017 7:19:51 AM hudson.slaves.SlaveComputer tryReconnect
INFO: Attempting to reconnect installer_test_linux
Feb 21, 2017 7:22:51 AM hudson.slaves.SlaveComputer tryReconnect
INFO: Attempting to reconnect ase_test_txue
Feb 21, 2017 7:28:51 AM hudson.slaves.SlaveComputer tryReconnect
INFO: Attempting to reconnect ase_test
Feb 21, 2017 7:30:51 AM hudson.slaves.SlaveComputer tryReconnect
INFO: Attempting to reconnect installer_test_linux2
Feb 21, 2017 7:37:17 AM hudson.node_monitors.ResponseTimeMonitor$1 monitor
WARNING: Making ase_test_txue offline because it’s not responding
Feb 21, 2017 7:37:17 AM hudson.node_monitors.ResponseTimeMonitor$1 monitor
WARNING: Making ase_test offline because it’s not responding
Feb 21, 2017 7:37:17 AM hudson.node_monitors.ResponseTimeMonitor$1 monitor
WARNING: Making NT_MONSOON offline because it’s not responding
Feb 21, 2017 7:37:17 AM hudson.node_monitors.ResponseTimeMonitor$1 monitor
WARNING: Making installer_test_linux offline because it’s not responding
Feb 21, 2017 7:37:17 AM hudson.node_monitors.ResponseTimeMonitor$1 monitor
WARNING: Making installer_test_linux2 offline because it’s not responding
Feb 21, 2017 7:37:51 AM hudson.slaves.SlaveComputer tryReconnect
INFO: Attempting to reconnect installer_test_linux
Feb 21, 2017 7:41:51 AM hudson.slaves.SlaveComputer tryReconnect
INFO: Attempting to reconnect ase_test_txue
Feb 21, 2017 7:47:51 AM hudson.slaves.SlaveComputer tryReconnect
INFO: Attempting to reconnect ase_test
Feb 21, 2017 7:49:51 AM hudson.slaves.SlaveComputer tryReconnect
INFO: Attempting to reconnect installer_test_linux2
Feb 21, 2017 7:56:51 AM hudson.slaves.SlaveComputer tryReconnect
INFO: Attempting to reconnect installer_test_linux
Feb 21, 2017 7:59:51 AM hudson.slaves.SlaveComputer tryReconnect
INFO: Attempting to reconnect ase_test_txue
Feb 21, 2017 8:05:51 AM hudson.slaves.SlaveComputer tryReconnect
INFO: Attempting to reconnect ase_test
Feb 21, 2017 8:06:51 AM hudson.slaves.SlaveComputer tryReconnect
INFO: Attempting to reconnect installer_test_linux2
Feb 21, 2017 8:11:31 AM hudson.model.Run execute
INFO: SRS_RMA_BUILD_TRIGGER_BY_RMADEV_SP306 #118 main build action completed: SUCCESS
Feb 21, 2017 8:12:01 AM hudson.model.Run execute
INFO: SRS_RMA_BUILD_TRIGGER_BY_RMADEV_SP306 #119 main build action completed: SUCCESS
Feb 21, 2017 8:15:51 AM hudson.slaves.SlaveComputer tryReconnect
INFO: Attempting to reconnect installer_test_linux
Feb 21, 2017 8:16:16 AM hudson.model.Run execute
INFO: SRS_RMA_BUILD_TRIGGER_BY_RMADEV_SP305 #205 main build action completed: FAILURE
Feb 21, 2017 8:19:51 AM hudson.slaves.SlaveComputer tryReconnect
INFO: Attempting to reconnect ase_test_txue
Feb 21, 2017 8:26:51 AM hudson.slaves.SlaveComputer tryReconnect
INFO: Attempting to reconnect ase_test
Feb 21, 2017 8:28:51 AM hudson.slaves.SlaveComputer tryReconnect
INFO: Attempting to reconnect installer_test_linux2
Feb 21, 2017 8:37:17 AM hudson.node_monitors.ResponseTimeMonitor$1 monitor
WARNING: Making ase_test_txue offline because it’s not responding
Feb 21, 2017 8:37:17 AM hudson.node_monitors.ResponseTimeMonitor$1 monitor
WARNING: Making ase_test offline because it’s not responding
Feb 21, 2017 8:37:17 AM hudson.node_monitors.ResponseTimeMonitor$1 monitor
WARNING: Making NT_MONSOON offline because it’s not responding
Feb 21, 2017 8:37:17 AM hudson.node_monitors.ResponseTimeMonitor$1 monitor
WARNING: Making installer_test_linux offline because it’s not responding
Feb 21, 2017 8:37:17 AM hudson.node_monitors.ResponseTimeMonitor$1 monitor
WARNING: Making installer_test_linux2 offline because it’s not responding
Feb 21, 2017 8:37:51 AM hudson.slaves.SlaveComputer tryReconnect
INFO: Attempting to reconnect installer_test_linux
Feb 21, 2017 8:40:51 AM hudson.slaves.SlaveComputer tryReconnect
INFO: Attempting to reconnect ase_test_txue
Feb 21, 2017 8:46:51 AM hudson.slaves.SlaveComputer tryReconnect
INFO: Attempting to reconnect ase_test
Feb 21, 2017 8:48:51 AM hudson.slaves.SlaveComputer tryReconnect
INFO: Attempting to reconnect installer_test_linux2
Feb 21, 2017 8:56:51 AM hudson.slaves.SlaveComputer tryReconnect
INFO: Attempting to reconnect installer_test_linux
Feb 21, 2017 8:59:51 AM hudson.slaves.SlaveComputer tryReconnect
INFO: Attempting to reconnect ase_test_txue
Feb 21, 2017 9:05:51 AM hudson.slaves.SlaveComputer tryReconnect
INFO: Attempting to reconnect ase_test
Feb 21, 2017 9:07:51 AM hudson.slaves.SlaveComputer tryReconnect
INFO: Attempting to reconnect installer_test_linux2
Feb 21, 2017 9:14:51 AM hudson.slaves.SlaveComputer tryReconnect
INFO: Attempting to reconnect installer_test_linux
Feb 21, 2017 9:17:51 AM hudson.slaves.SlaveComputer tryReconnect
INFO: Attempting to reconnect ase_test_txue
Feb 21, 2017 9:21:01 AM hudson.model.AsyncPeriodicWork$1 run
INFO: Started Fingerprint cleanup
Feb 21, 2017 9:21:01 AM hudson.model.AsyncPeriodicWork$1 run
INFO: Finished Fingerprint cleanup. 0 ms
Feb 21, 2017 9:24:51 AM hudson.slaves.SlaveComputer tryReconnect
INFO: Attempting to reconnect ase_test
Feb 21, 2017 9:25:23 AM hudson.model.Run execute
INFO: SRS_RMA_BUILD_TRIGGER_BY_RMADEV_SP306 #120 main build action completed: SUCCESS
Feb 21, 2017 9:25:51 AM hudson.slaves.SlaveComputer tryReconnect
INFO: Attempting to reconnect installer_test_linux2
Feb 21, 2017 9:32:51 AM hudson.slaves.SlaveComputer tryReconnect
INFO: Attempting to reconnect installer_test_linux
Feb 21, 2017 9:35:51 AM hudson.slaves.SlaveComputer tryReconnect
INFO: Attempting to reconnect ase_test_txue
Feb 21, 2017 9:37:17 AM hudson.node_monitors.ResponseTimeMonitor$1 monitor
WARNING: Making ase_test_txue offline because it’s not responding
Feb 21, 2017 9:37:17 AM hudson.node_monitors.ResponseTimeMonitor$1 monitor
WARNING: Making ase_test offline because it’s not responding
Feb 21, 2017 9:37:17 AM hudson.node_monitors.ResponseTimeMonitor$1 monitor
WARNING: Making NT_MONSOON offline because it’s not responding
Feb 21, 2017 9:37:17 AM hudson.node_monitors.ResponseTimeMonitor$1 monitor
WARNING: Making installer_test_linux offline because it’s not responding
Feb 21, 2017 9:37:17 AM hudson.node_monitors.ResponseTimeMonitor$1 monitor
WARNING: Making installer_test_linux2 offline because it’s not responding
Feb 21, 2017 9:42:51 AM hudson.slaves.SlaveComputer tryReconnect
INFO: Attempting to reconnect ase_test
Feb 21, 2017 9:44:51 AM hudson.slaves.SlaveComputer tryReconnect
INFO: Attempting to reconnect installer_test_linux2
Feb 21, 2017 9:52:51 AM hudson.slaves.SlaveComputer tryReconnect
INFO: Attempting to reconnect installer_test_linux
Feb 21, 2017 9:56:51 AM hudson.slaves.SlaveComputer tryReconnect
INFO: Attempting to reconnect ase_test_txue
Feb 21, 2017 10:02:51 AM hudson.slaves.SlaveComputer tryReconnect
INFO: Attempting to reconnect ase_test
Feb 21, 2017 10:04:51 AM hudson.slaves.SlaveComputer tryReconnect
INFO: Attempting to reconnect installer_test_linux2
Feb 21, 2017 10:13:51 AM hudson.slaves.SlaveComputer tryReconnect
INFO: Attempting to reconnect installer_test_linux
Feb 21, 2017 10:16:51 AM hudson.slaves.SlaveComputer tryReconnect
INFO: Attempting to reconnect ase_test_txue
Feb 21, 2017 10:23:51 AM hudson.slaves.SlaveComputer tryReconnect
INFO: Attempting to reconnect ase_test
Feb 21, 2017 10:24:51 AM hudson.slaves.SlaveComputer tryReconnect
INFO: Attempting to reconnect installer_test_linux2
Feb 21, 2017 10:33:51 AM hudson.slaves.SlaveComputer tryReconnect
INFO: Attempting to reconnect installer_test_linux
Feb 21, 2017 10:35:51 AM hudson.slaves.SlaveComputer tryReconnect
INFO: Attempting to reconnect ase_test_txue
Feb 21, 2017 10:37:17 AM hudson.node_monitors.ResponseTimeMonitor$1 monitor
WARNING: Making ase_test_txue offline because it’s not responding
Feb 21, 2017 10:37:17 AM hudson.node_monitors.ResponseTimeMonitor$1 monitor
WARNING: Making ase_test offline because it’s not responding
Feb 21, 2017 10:37:17 AM hudson.node_monitors.ResponseTimeMonitor$1 monitor
WARNING: Making NT_MONSOON offline because it’s not responding
Feb 21, 2017 10:37:17 AM hudson.node_monitors.ResponseTimeMonitor$1 monitor
WARNING: Making installer_test_linux offline because it’s not responding
Feb 21, 2017 10:37:17 AM hudson.node_monitors.ResponseTimeMonitor$1 monitor
WARNING: Making installer_test_linux2 offline because it’s not responding
Feb 21, 2017 10:41:51 AM hudson.slaves.SlaveComputer tryReconnect
INFO: Attempting to reconnect ase_test
Feb 21, 2017 10:43:51 AM hudson.slaves.SlaveComputer tryReconnect
INFO: Attempting to reconnect installer_test_linux2
Feb 21, 2017 10:51:51 AM hudson.slaves.SlaveComputer tryReconnect
INFO: Attempting to reconnect installer_test_linux
Feb 21, 2017 10:54:51 AM hudson.slaves.SlaveComputer tryReconnect
INFO: Attempting to reconnect ase_test_txue
Feb 21, 2017 11:00:51 AM hudson.slaves.SlaveComputer tryReconnect
INFO: Attempting to reconnect ase_test
Feb 21, 2017 11:02:51 AM hudson.slaves.SlaveComputer tryReconnect
INFO: Attempting to reconnect installer_test_linux2
Feb 21, 2017 11:10:51 AM hudson.slaves.SlaveComputer tryReconnect
INFO: Attempting to reconnect installer_test_linux
Feb 21, 2017 11:13:51 AM hudson.slaves.SlaveComputer tryReconnect
INFO: Attempting to reconnect ase_test_txue
Feb 21, 2017 11:19:51 AM hudson.slaves.SlaveComputer tryReconnect
INFO: Attempting to reconnect ase_test
Feb 21, 2017 11:20:51 AM hudson.slaves.SlaveComputer tryReconnect
INFO: Attempting to reconnect installer_test_linux2
Feb 21, 2017 11:28:51 AM hudson.slaves.SlaveComputer tryReconnect
INFO: Attempting to reconnect installer_test_linux
Feb 21, 2017 11:32:51 AM hudson.slaves.SlaveComputer tryReconnect
INFO: Attempting to reconnect ase_test_txue
Feb 21, 2017 11:37:17 AM hudson.node_monitors.ResponseTimeMonitor$1 monitor
WARNING: Making ase_test_txue offline because it’s not responding
Feb 21, 2017 11:37:17 AM hudson.node_monitors.ResponseTimeMonitor$1 monitor
WARNING: Making ase_test offline because it’s not responding
Feb 21, 2017 11:37:17 AM hudson.node_monitors.ResponseTimeMonitor$1 monitor
WARNING: Making NT_MONSOON offline because it’s not responding
Feb 21, 2017 11:37:17 AM hudson.node_monitors.ResponseTimeMonitor$1 monitor
WARNING: Making installer_test_linux offline because it’s not responding
Feb 21, 2017 11:37:17 AM hudson.node_monitors.ResponseTimeMonitor$1 monitor
WARNING: Making installer_test_linux2 offline because it’s not responding
Feb 21, 2017 11:38:51 AM hudson.slaves.SlaveComputer tryReconnect
INFO: Attempting to reconnect ase_test
Feb 21, 2017 11:40:51 AM hudson.slaves.SlaveComputer tryReconnect
INFO: Attempting to reconnect installer_test_linux2
Feb 21, 2017 11:49:51 AM hudson.slaves.SlaveComputer tryReconnect
INFO: Attempting to reconnect installer_test_linux
Feb 21, 2017 11:52:51 AM hudson.slaves.SlaveComputer tryReconnect
INFO: Attempting to reconnect ase_test_txue
Feb 21, 2017 11:59:51 AM hudson.slaves.SlaveComputer tryReconnect
INFO: Attempting to reconnect ase_test
Feb 21, 2017 12:01:51 PM hudson.slaves.SlaveComputer tryReconnect
INFO: Attempting to reconnect installer_test_linux2
Feb 21, 2017 12:10:51 PM hudson.slaves.SlaveComputer tryReconnect
INFO: Attempting to reconnect installer_test_linux
Feb 21, 2017 12:14:51 PM hudson.slaves.SlaveComputer tryReconnect
INFO: Attempting to reconnect ase_test_txue
Feb 21, 2017 12:21:51 PM hudson.slaves.SlaveComputer tryReconnect
INFO: Attempting to reconnect ase_test
Feb 21, 2017 12:23:51 PM hudson.slaves.SlaveComputer tryReconnect
INFO: Attempting to reconnect installer_test_linux2
Feb 21, 2017 12:30:51 PM hudson.slaves.SlaveComputer tryReconnect
INFO: Attempting to reconnect installer_test_linux
Feb 21, 2017 12:33:51 PM hudson.slaves.SlaveComputer tryReconnect
INFO: Attempting to reconnect ase_test_txue
Feb 21, 2017 12:37:17 PM hudson.node_monitors.ResponseTimeMonitor$1 monitor
WARNING: Making ase_test_txue offline because it’s not responding
Feb 21, 2017 12:37:17 PM hudson.node_monitors.ResponseTimeMonitor$1 monitor
WARNING: Making ase_test offline because it’s not responding
Feb 21, 2017 12:37:17 PM hudson.node_monitors.ResponseTimeMonitor$1 monitor
WARNING: Making NT_MONSOON offline because it’s not responding
Feb 21, 2017 12:37:17 PM hudson.node_monitors.ResponseTimeMonitor$1 monitor
WARNING: Making installer_test_linux offline because it’s not responding
Feb 21, 2017 12:37:17 PM hudson.node_monitors.ResponseTimeMonitor$1 monitor
WARNING: Making installer_test_linux2 offline because it’s not responding
Feb 21, 2017 12:40:51 PM hudson.slaves.SlaveComputer tryReconnect
INFO: Attempting to reconnect ase_test
Feb 21, 2017 12:41:51 PM hudson.slaves.SlaveComputer tryReconnect
INFO: Attempting to reconnect installer_test_linux2
Feb 21, 2017 12:49:51 PM hudson.slaves.SlaveComputer tryReconnect
INFO: Attempting to reconnect installer_test_linux
Feb 21, 2017 12:53:51 PM hudson.slaves.SlaveComputer tryReconnect
INFO: Attempting to reconnect ase_test_txue
Feb 21, 2017 12:58:51 PM hudson.slaves.SlaveComputer tryReconnect
INFO: Attempting to reconnect ase_test
Feb 21, 2017 1:00:51 PM hudson.slaves.SlaveComputer tryReconnect
INFO: Attempting to reconnect installer_test_linux2
Feb 21, 2017 1:07:51 PM hudson.slaves.SlaveComputer tryReconnect
INFO: Attempting to reconnect installer_test_linux
Feb 21, 2017 1:10:51 PM hudson.slaves.SlaveComputer tryReconnect
INFO: Attempting to reconnect ase_test_txue
Feb 21, 2017 1:17:51 PM hudson.slaves.SlaveComputer tryReconnect
INFO: Attempting to reconnect ase_test
Feb 21, 2017 1:18:51 PM hudson.slaves.SlaveComputer tryReconnect
INFO: Attempting to reconnect installer_test_linux2
Feb 21, 2017 1:26:51 PM hudson.slaves.SlaveComputer tryReconnect
INFO: Attempting to reconnect installer_test_linux
Feb 21, 2017 1:30:51 PM hudson.slaves.SlaveComputer tryReconnect
INFO: Attempting to reconnect ase_test_txue
Feb 21, 2017 1:37:17 PM hudson.node_monitors.ResponseTimeMonitor$1 monitor
WARNING: Making ase_test_txue offline because it’s not responding
Feb 21, 2017 1:37:17 PM hudson.node_monitors.ResponseTimeMonitor$1 monitor
WARNING: Making ase_test offline because it’s not responding
Feb 21, 2017 1:37:17 PM hudson.node_monitors.ResponseTimeMonitor$1 monitor
WARNING: Making NT_MONSOON offline because it’s not responding
Feb 21, 2017 1:37:17 PM hudson.node_monitors.ResponseTimeMonitor$1 monitor
WARNING: Making installer_test_linux offline because it’s not responding
Feb 21, 2017 1:37:17 PM hudson.node_monitors.ResponseTimeMonitor$1 monitor
WARNING: Making installer_test_linux2 offline because it’s not responding
Feb 21, 2017 1:37:51 PM hudson.slaves.SlaveComputer tryReconnect
INFO: Attempting to reconnect ase_test
Feb 21, 2017 1:39:51 PM hudson.slaves.SlaveComputer tryReconnect
INFO: Attempting to reconnect installer_test_linux2
Feb 21, 2017 1:46:51 PM hudson.slaves.SlaveComputer tryReconnect
INFO: Attempting to reconnect installer_test_linux
Feb 21, 2017 1:49:51 PM hudson.slaves.SlaveComputer tryReconnect
INFO: Attempting to reconnect ase_test_txue
Feb 21, 2017 1:56:51 PM hudson.slaves.SlaveComputer tryReconnect
INFO: Attempting to reconnect ase_test
Feb 21, 2017 1:57:51 PM hudson.slaves.SlaveComputer tryReconnect
INFO: Attempting to reconnect installer_test_linux2
Feb 21, 2017 2:07:51 PM hudson.slaves.SlaveComputer tryReconnect
INFO: Attempting to reconnect installer_test_linux
Feb 21, 2017 2:10:51 PM hudson.slaves.SlaveComputer tryReconnect
INFO: Attempting to reconnect ase_test_txue
Feb 21, 2017 2:17:51 PM hudson.slaves.SlaveComputer tryReconnect
INFO: Attempting to reconnect ase_test
Feb 21, 2017 2:19:51 PM hudson.slaves.SlaveComputer tryReconnect
INFO: Attempting to reconnect installer_test_linux2
Feb 21, 2017 2:28:51 PM hudson.slaves.SlaveComputer tryReconnect
INFO: Attempting to reconnect installer_test_linux
Feb 21, 2017 2:30:51 PM hudson.slaves.SlaveComputer tryReconnect
INFO: Attempting to reconnect ase_test_txue
Feb 21, 2017 2:36:51 PM hudson.slaves.SlaveComputer tryReconnect
INFO: Attempting to reconnect ase_test
Feb 21, 2017 2:37:17 PM hudson.node_monitors.ResponseTimeMonitor$1 monitor
WARNING: Making ase_test_txue offline because it’s not responding
Feb 21, 2017 2:37:17 PM hudson.node_monitors.ResponseTimeMonitor$1 monitor
WARNING: Making ase_test offline because it’s not responding
Feb 21, 2017 2:37:17 PM hudson.node_monitors.ResponseTimeMonitor$1 monitor
WARNING: Making NT_MONSOON offline because it’s not responding
Feb 21, 2017 2:37:17 PM hudson.node_monitors.ResponseTimeMonitor$1 monitor
WARNING: Making installer_test_linux offline because it’s not responding
Feb 21, 2017 2:37:17 PM hudson.node_monitors.ResponseTimeMonitor$1 monitor
WARNING: Making installer_test_linux2 offline because it’s not responding
Feb 21, 2017 2:38:51 PM hudson.slaves.SlaveComputer tryReconnect
INFO: Attempting to reconnect installer_test_linux2
Feb 21, 2017 2:47:51 PM hudson.slaves.SlaveComputer tryReconnect
INFO: Attempting to reconnect installer_test_linux
Feb 21, 2017 2:50:51 PM hudson.slaves.SlaveComputer tryReconnect
INFO: Attempting to reconnect ase_test_txue
Feb 21, 2017 2:58:51 PM hudson.slaves.SlaveComputer tryReconnect
INFO: Attempting to reconnect ase_test
Feb 21, 2017 2:59:51 PM hudson.slaves.SlaveComputer tryReconnect
INFO: Attempting to reconnect installer_test_linux2
Feb 21, 2017 3:08:51 PM hudson.slaves.SlaveComputer tryReconnect
INFO: Attempting to reconnect installer_test_linux
Feb 21, 2017 3:11:51 PM hudson.slaves.SlaveComputer tryReconnect
INFO: Attempting to reconnect ase_test_txue
Feb 21, 2017 3:19:51 PM hudson.slaves.SlaveComputer tryReconnect
INFO: Attempting to reconnect ase_test
Feb 21, 2017 3:21:51 PM hudson.slaves.SlaveComputer tryReconnect
INFO: Attempting to reconnect installer_test_linux2
Feb 21, 2017 3:29:51 PM hudson.slaves.SlaveComputer tryReconnect
INFO: Attempting to reconnect installer_test_linux
Feb 21, 2017 3:33:51 PM hudson.slaves.SlaveComputer tryReconnect
INFO: Attempting to reconnect ase_test_txue
Feb 21, 2017 3:37:17 PM hudson.node_monitors.ResponseTimeMonitor$1 monitor
WARNING: Making ase_test_txue offline because it’s not responding
Feb 21, 2017 3:37:17 PM hudson.node_monitors.ResponseTimeMonitor$1 monitor
WARNING: Making ase_test offline because it’s not responding
Feb 21, 2017 3:37:17 PM hudson.node_monitors.ResponseTimeMonitor$1 monitor
WARNING: Making NT_MONSOON offline because it’s not responding
Feb 21, 2017 3:37:17 PM hudson.node_monitors.ResponseTimeMonitor$1 monitor
WARNING: Making installer_test_linux offline because it’s not responding
Feb 21, 2017 3:37:17 PM hudson.node_monitors.ResponseTimeMonitor$1 monitor
WARNING: Making installer_test_linux2 offline because it’s not responding
Feb 21, 2017 3:40:51 PM hudson.slaves.SlaveComputer tryReconnect
INFO: Attempting to reconnect ase_test
Feb 21, 2017 3:42:51 PM hudson.slaves.SlaveComputer tryReconnect
INFO: Attempting to reconnect installer_test_linux2
Feb 21, 2017 3:51:51 PM hudson.slaves.SlaveComputer tryReconnect
INFO: Attempting to reconnect installer_test_linux
Feb 21, 2017 3:55:51 PM hudson.slaves.SlaveComputer tryReconnect
INFO: Attempting to reconnect ase_test_txue
Feb 21, 2017 4:03:51 PM hudson.slaves.SlaveComputer tryReconnect
INFO: Attempting to reconnect ase_test
Feb 21, 2017 4:04:51 PM hudson.slaves.SlaveComputer tryReconnect
INFO: Attempting to reconnect installer_test_linux2
Feb 21, 2017 4:14:51 PM hudson.slaves.SlaveComputer tryReconnect
INFO: Attempting to reconnect installer_test_linux
Feb 21, 2017 4:17:51 PM hudson.slaves.SlaveComputer tryReconnect
INFO: Attempting to reconnect ase_test_txue
Feb 21, 2017 4:25:51 PM hudson.slaves.SlaveComputer tryReconnect
INFO: Attempting to reconnect ase_test
Feb 21, 2017 4:26:51 PM hudson.slaves.SlaveComputer tryReconnect
INFO: Attempting to reconnect installer_test_linux2
Feb 21, 2017 4:30:48 PM hudson.model.Run execute
INFO: SRS_RMA_BUILD_TRIGGER_BY_RMADEV_SP306 #121 main build action completed: SUCCESS
Feb 21, 2017 4:33:51 PM hudson.slaves.SlaveComputer tryReconnect
INFO: Attempting to reconnect installer_test_linux
Feb 21, 2017 4:36:51 PM hudson.slaves.SlaveComputer tryReconnect
INFO: Attempting to reconnect ase_test_txue
Feb 21, 2017 4:37:17 PM hudson.node_monitors.ResponseTimeMonitor$1 monitor
WARNING: Making ase_test_txue offline because it’s not responding
Feb 21, 2017 4:37:17 PM hudson.node_monitors.ResponseTimeMonitor$1 monitor
WARNING: Making ase_test offline because it’s not responding
Feb 21, 2017 4:37:17 PM hudson.node_monitors.ResponseTimeMonitor$1 monitor
WARNING: Making NT_MONSOON offline because it’s not responding
Feb 21, 2017 4:37:17 PM hudson.node_monitors.ResponseTimeMonitor$1 monitor
WARNING: Making installer_test_linux offline because it’s not responding
Feb 21, 2017 4:37:17 PM hudson.node_monitors.ResponseTimeMonitor$1 monitor
WARNING: Making installer_test_linux2 offline because it’s not responding
Feb 21, 2017 4:43:51 PM hudson.slaves.SlaveComputer tryReconnect
INFO: Attempting to reconnect ase_test
Feb 21, 2017 4:44:51 PM hudson.slaves.SlaveComputer tryReconnect
INFO: Attempting to reconnect installer_test_linux2
Feb 21, 2017 4:53:51 PM hudson.slaves.SlaveComputer tryReconnect
INFO: Attempting to reconnect installer_test_linux
Feb 21, 2017 4:57:51 PM hudson.slaves.SlaveComputer tryReconnect
INFO: Attempting to reconnect ase_test_txue
Feb 21, 2017 5:05:51 PM hudson.slaves.SlaveComputer tryReconnect
INFO: Attempting to reconnect ase_test
Feb 21, 2017 5:06:51 PM hudson.slaves.SlaveComputer tryReconnect
INFO: Attempting to reconnect installer_test_linux2
Feb 21, 2017 5:15:51 PM hudson.slaves.SlaveComputer tryReconnect
INFO: Attempting to reconnect installer_test_linux
Feb 21, 2017 5:18:51 PM hudson.slaves.SlaveComputer tryReconnect
INFO: Attempting to reconnect ase_test_txue
Feb 21, 2017 5:25:51 PM hudson.slaves.SlaveComputer tryReconnect
INFO: Attempting to reconnect ase_test
Feb 21, 2017 5:26:51 PM hudson.slaves.SlaveComputer tryReconnect
INFO: Attempting to reconnect installer_test_linux2
Feb 21, 2017 5:35:51 PM hudson.slaves.SlaveComputer tryReconnect
INFO: Attempting to reconnect installer_test_linux
Feb 21, 2017 5:37:17 PM hudson.node_monitors.ResponseTimeMonitor$1 monitor
WARNING: Making ase_test_txue offline because it’s not responding
Feb 21, 2017 5:37:17 PM hudson.node_monitors.ResponseTimeMonitor$1 monitor
WARNING: Making ase_test offline because it’s not responding
Feb 21, 2017 5:37:17 PM hudson.node_monitors.ResponseTimeMonitor$1 monitor
WARNING: Making NT_MONSOON offline because it’s not responding
Feb 21, 2017 5:37:17 PM hudson.node_monitors.ResponseTimeMonitor$1 monitor
WARNING: Making installer_test_linux offline because it’s not responding
Feb 21, 2017 5:37:17 PM hudson.node_monitors.ResponseTimeMonitor$1 monitor
WARNING: Making installer_test_linux2 offline because it’s not responding
Feb 21, 2017 5:38:51 PM hudson.slaves.SlaveComputer tryReconnect
INFO: Attempting to reconnect ase_test_txue
Feb 21, 2017 5:43:51 PM hudson.slaves.SlaveComputer tryReconnect
INFO: Attempting to reconnect ase_test
Feb 21, 2017 5:45:51 PM hudson.slaves.SlaveComputer tryReconnect
INFO: Attempting to reconnect installer_test_linux2
Feb 21, 2017 5:54:51 PM hudson.slaves.SlaveComputer tryReconnect
INFO: Attempting to reconnect installer_test_linux
Feb 21, 2017 5:57:51 PM hudson.slaves.SlaveComputer tryReconnect
INFO: Attempting to reconnect ase_test_txue
Feb 21, 2017 6:05:51 PM hudson.slaves.SlaveComputer tryReconnect
INFO: Attempting to reconnect ase_test
Feb 21, 2017 6:06:51 PM hudson.slaves.SlaveComputer tryReconnect
INFO: Attempting to reconnect installer_test_linux2
Feb 21, 2017 6:16:51 PM hudson.slaves.SlaveComputer tryReconnect
INFO: Attempting to reconnect installer_test_linux
Feb 21, 2017 6:19:51 PM hudson.slaves.SlaveComputer tryReconnect
INFO: Attempting to reconnect ase_test_txue
Feb 21, 2017 6:26:51 PM hudson.slaves.SlaveComputer tryReconnect
INFO: Attempting to reconnect ase_test
Feb 21, 2017 6:28:51 PM hudson.slaves.SlaveComputer tryReconnect
INFO: Attempting to reconnect installer_test_linux2
Feb 21, 2017 6:35:51 PM hudson.slaves.SlaveComputer tryReconnect
INFO: Attempting to reconnect installer_test_linux
Feb 21, 2017 6:37:17 PM hudson.node_monitors.ResponseTimeMonitor$1 monitor
WARNING: Making ase_test_txue offline because it’s not responding
Feb 21, 2017 6:37:17 PM hudson.node_monitors.ResponseTimeMonitor$1 monitor
WARNING: Making ase_test offline because it’s not responding
Feb 21, 2017 6:37:17 PM hudson.node_monitors.ResponseTimeMonitor$1 monitor
WARNING: Making NT_MONSOON offline because it’s not responding
Feb 21, 2017 6:37:17 PM hudson.node_monitors.ResponseTimeMonitor$1 monitor
WARNING: Making installer_test_linux offline because it’s not responding
Feb 21, 2017 6:37:17 PM hudson.node_monitors.ResponseTimeMonitor$1 monitor
WARNING: Making installer_test_linux2 offline because it’s not responding
Feb 21, 2017 6:38:51 PM hudson.slaves.SlaveComputer tryReconnect
INFO: Attempting to reconnect ase_test_txue
Feb 21, 2017 6:44:51 PM hudson.slaves.SlaveComputer tryReconnect
INFO: Attempting to reconnect ase_test
Feb 21, 2017 6:45:51 PM hudson.slaves.SlaveComputer tryReconnect
INFO: Attempting to reconnect installer_test_linux2
Feb 21, 2017 6:53:51 PM hudson.slaves.SlaveComputer tryReconnect
INFO: Attempting to reconnect installer_test_linux
Feb 21, 2017 6:56:51 PM hudson.slaves.SlaveComputer tryReconnect
INFO: Attempting to reconnect ase_test_txue
Feb 21, 2017 7:03:51 PM hudson.slaves.SlaveComputer tryReconnect
INFO: Attempting to reconnect ase_test
Feb 21, 2017 7:04:51 PM hudson.slaves.SlaveComputer tryReconnect
INFO: Attempting to reconnect installer_test_linux2
Feb 21, 2017 7:13:51 PM hudson.slaves.SlaveComputer tryReconnect
INFO: Attempting to reconnect installer_test_linux
Feb 21, 2017 7:16:51 PM hudson.slaves.SlaveComputer tryReconnect
INFO: Attempting to reconnect ase_test_txue
Feb 21, 2017 7:23:51 PM hudson.slaves.SlaveComputer tryReconnect
INFO: Attempting to reconnect ase_test
Feb 21, 2017 7:24:12 PM hudson.model.Run execute
INFO: SRS_RMA_BUILD_TRIGGER_BY_RMADEV_SP306 #122 main build action completed: SUCCESS
Feb 21, 2017 7:24:51 PM hudson.slaves.SlaveComputer tryReconnect
INFO: Attempting to reconnect installer_test_linux2
Feb 21, 2017 7:31:51 PM hudson.slaves.SlaveComputer tryReconnect
INFO: Attempting to reconnect installer_test_linux
Feb 21, 2017 7:34:51 PM hudson.slaves.SlaveComputer tryReconnect
INFO: Attempting to reconnect ase_test_txue
Feb 21, 2017 7:37:17 PM hudson.node_monitors.ResponseTimeMonitor$1 monitor
WARNING: Making ase_test_txue offline because it’s not responding
Feb 21, 2017 7:37:17 PM hudson.node_monitors.ResponseTimeMonitor$1 monitor
WARNING: Making ase_test offline because it’s not responding
Feb 21, 2017 7:37:17 PM hudson.node_monitors.ResponseTimeMonitor$1 monitor
WARNING: Making NT_MONSOON offline because it’s not responding
Feb 21, 2017 7:37:17 PM hudson.node_monitors.ResponseTimeMonitor$1 monitor
WARNING: Making installer_test_linux offline because it’s not responding
Feb 21, 2017 7:37:17 PM hudson.node_monitors.ResponseTimeMonitor$1 monitor
WARNING: Making installer_test_linux2 offline because it’s not responding
Feb 21, 2017 7:40:51 PM hudson.slaves.SlaveComputer tryReconnect
INFO: Attempting to reconnect ase_test
Feb 21, 2017 7:42:51 PM hudson.slaves.SlaveComputer tryReconnect
INFO: Attempting to reconnect installer_test_linux2
Feb 21, 2017 7:49:51 PM hudson.slaves.SlaveComputer tryReconnect
INFO: Attempting to reconnect installer_test_linux
Feb 21, 2017 7:52:51 PM hudson.slaves.SlaveComputer tryReconnect
INFO: Attempting to reconnect ase_test_txue
Feb 21, 2017 7:59:51 PM hudson.slaves.SlaveComputer tryReconnect
INFO: Attempting to reconnect ase_test
Feb 21, 2017 8:01:51 PM hudson.slaves.SlaveComputer tryReconnect
INFO: Attempting to reconnect installer_test_linux2
Feb 21, 2017 8:10:51 PM hudson.slaves.SlaveComputer tryReconnect
INFO: Attempting to reconnect installer_test_linux
Feb 21, 2017 8:14:51 PM hudson.slaves.SlaveComputer tryReconnect
INFO: Attempting to reconnect ase_test_txue
Feb 21, 2017 8:21:51 PM hudson.slaves.SlaveComputer tryReconnect
INFO: Attempting to reconnect ase_test
Feb 21, 2017 8:23:51 PM hudson.slaves.SlaveComputer tryReconnect
INFO: Attempting to reconnect installer_test_linux2
Feb 21, 2017 8:31:51 PM hudson.slaves.SlaveComputer tryReconnect
INFO: Attempting to reconnect installer_test_linux
Feb 21, 2017 8:34:51 PM hudson.slaves.SlaveComputer tryReconnect
INFO: Attempting to reconnect ase_test_txue
Feb 21, 2017 8:37:17 PM hudson.node_monitors.ResponseTimeMonitor$1 monitor
WARNING: Making ase_test_txue offline because it’s not responding
Feb 21, 2017 8:37:17 PM hudson.node_monitors.ResponseTimeMonitor$1 monitor
WARNING: Making ase_test offline because it’s not responding
Feb 21, 2017 8:37:17 PM hudson.node_monitors.ResponseTimeMonitor$1 monitor
WARNING: Making NT_MONSOON offline because it’s not responding
Feb 21, 2017 8:37:17 PM hudson.node_monitors.ResponseTimeMonitor$1 monitor
WARNING: Making installer_test_linux offline because it’s not responding
Feb 21, 2017 8:37:17 PM hudson.node_monitors.ResponseTimeMonitor$1 monitor
WARNING: Making installer_test_linux2 offline because it’s not responding
Feb 21, 2017 8:41:51 PM hudson.slaves.SlaveComputer tryReconnect
INFO: Attempting to reconnect ase_test
Feb 21, 2017 8:43:51 PM hudson.slaves.SlaveComputer tryReconnect
INFO: Attempting to reconnect installer_test_linux2
Feb 21, 2017 8:51:51 PM hudson.slaves.SlaveComputer tryReconnect
INFO: Attempting to reconnect installer_test_linux
Feb 21, 2017 8:55:51 PM hudson.slaves.SlaveComputer tryReconnect
INFO: Attempting to reconnect ase_test_txue
Feb 21, 2017 9:01:51 PM hudson.slaves.SlaveComputer tryReconnect
INFO: Attempting to reconnect ase_test
Feb 21, 2017 9:02:51 PM hudson.slaves.SlaveComputer tryReconnect
INFO: Attempting to reconnect installer_test_linux2
Feb 21, 2017 9:09:51 PM hudson.slaves.SlaveComputer tryReconnect
INFO: Attempting to reconnect installer_test_linux
Feb 21, 2017 9:12:51 PM hudson.slaves.SlaveComputer tryReconnect
INFO: Attempting to reconnect ase_test_txue
Feb 21, 2017 9:18:51 PM hudson.slaves.SlaveComputer tryReconnect
INFO: Attempting to reconnect ase_test
Feb 21, 2017 9:20:51 PM hudson.slaves.SlaveComputer tryReconnect
INFO: Attempting to reconnect installer_test_linux2
Feb 21, 2017 9:28:51 PM hudson.slaves.SlaveComputer tryReconnect
INFO: Attempting to reconnect installer_test_linux
Feb 21, 2017 9:32:51 PM hudson.slaves.SlaveComputer tryReconnect
INFO: Attempting to reconnect ase_test_txue
Feb 21, 2017 9:37:17 PM hudson.node_monitors.ResponseTimeMonitor$1 monitor
WARNING: Making ase_test_txue offline because it’s not responding
Feb 21, 2017 9:37:17 PM hudson.node_monitors.ResponseTimeMonitor$1 monitor
WARNING: Making ase_test offline because it’s not responding
Feb 21, 2017 9:37:17 PM hudson.node_monitors.ResponseTimeMonitor$1 monitor
WARNING: Making NT_MONSOON offline because it’s not responding
Feb 21, 2017 9:37:17 PM hudson.node_monitors.ResponseTimeMonitor$1 monitor
WARNING: Making installer_test_linux offline because it’s not responding
Feb 21, 2017 9:37:17 PM hudson.node_monitors.ResponseTimeMonitor$1 monitor
WARNING: Making installer_test_linux2 offline because it’s not responding
Feb 21, 2017 9:39:51 PM hudson.slaves.SlaveComputer tryReconnect
INFO: Attempting to reconnect ase_test
Feb 21, 2017 9:41:51 PM hudson.slaves.SlaveComputer tryReconnect
INFO: Attempting to reconnect installer_test_linux2
Feb 21, 2017 9:49:51 PM hudson.slaves.SlaveComputer tryReconnect
INFO: Attempting to reconnect installer_test_linux
Feb 21, 2017 9:52:51 PM hudson.slaves.SlaveComputer tryReconnect
INFO: Attempting to reconnect ase_test_txue
Feb 21, 2017 9:58:51 PM hudson.slaves.SlaveComputer tryReconnect
INFO: Attempting to reconnect ase_test
Feb 21, 2017 10:00:51 PM hudson.slaves.SlaveComputer tryReconnect
INFO: Attempting to reconnect installer_test_linux2
Feb 21, 2017 10:08:51 PM hudson.slaves.SlaveComputer tryReconnect
INFO: Attempting to reconnect installer_test_linux
Feb 21, 2017 10:11:51 PM hudson.slaves.SlaveComputer tryReconnect
INFO: Attempting to reconnect ase_test_txue
Feb 21, 2017 10:17:51 PM hudson.slaves.SlaveComputer tryReconnect
INFO: Attempting to reconnect ase_test
Feb 21, 2017 10:19:51 PM hudson.slaves.SlaveComputer tryReconnect
INFO: Attempting to reconnect installer_test_linux2
Feb 21, 2017 10:26:42 PM hudson.model.AsyncPeriodicWork$1 run
INFO: Started Download metadata
Feb 21, 2017 10:26:51 PM hudson.model.UpdateSite updateData
INFO: Obtained the latest update center data file for UpdateSource default
Feb 21, 2017 10:26:53 PM hudson.model.AsyncPeriodicWork$1 run
INFO: Finished Download metadata. 10,392 ms
Feb 21, 2017 10:28:51 PM hudson.slaves.SlaveComputer tryReconnect
INFO: Attempting to reconnect installer_test_linux
Feb 21, 2017 10:32:51 PM hudson.slaves.SlaveComputer tryReconnect
INFO: Attempting to reconnect ase_test_txue
Feb 21, 2017 10:37:17 PM hudson.node_monitors.ResponseTimeMonitor$1 monitor
WARNING: Making ase_test_txue offline because it’s not responding
Feb 21, 2017 10:37:17 PM hudson.node_monitors.ResponseTimeMonitor$1 monitor
WARNING: Making ase_test offline because it’s not responding
Feb 21, 2017 10:37:17 PM hudson.node_monitors.ResponseTimeMonitor$1 monitor
WARNING: Making NT_MONSOON offline because it’s not responding
Feb 21, 2017 10:37:17 PM hudson.node_monitors.ResponseTimeMonitor$1 monitor
WARNING: Making installer_test_linux offline because it’s not responding
Feb 21, 2017 10:37:17 PM hudson.node_monitors.ResponseTimeMonitor$1 monitor
WARNING: Making installer_test_linux2 offline because it’s not responding
Feb 21, 2017 10:39:51 PM hudson.slaves.SlaveComputer tryReconnect
INFO: Attempting to reconnect ase_test
Feb 21, 2017 10:41:51 PM hudson.slaves.SlaveComputer tryReconnect
INFO: Attempting to reconnect installer_test_linux2
Feb 21, 2017 10:50:51 PM hudson.slaves.SlaveComputer tryReconnect
INFO: Attempting to reconnect installer_test_linux
Feb 21, 2017 10:54:51 PM hudson.slaves.SlaveComputer tryReconnect
INFO: Attempting to reconnect ase_test_txue
Feb 21, 2017 11:00:51 PM hudson.slaves.SlaveComputer tryReconnect
INFO: Attempting to reconnect ase_test
Feb 21, 2017 11:02:51 PM hudson.slaves.SlaveComputer tryReconnect
INFO: Attempting to reconnect installer_test_linux2
Feb 21, 2017 11:11:51 PM hudson.slaves.SlaveComputer tryReconnect
INFO: Attempting to reconnect installer_test_linux
Feb 21, 2017 11:15:51 PM hudson.slaves.SlaveComputer tryReconnect
INFO: Attempting to reconnect ase_test_txue
Feb 21, 2017 11:20:51 PM hudson.slaves.SlaveComputer tryReconnect
INFO: Attempting to reconnect ase_test
Feb 21, 2017 11:22:51 PM hudson.slaves.SlaveComputer tryReconnect
INFO: Attempting to reconnect installer_test_linux2
Feb 21, 2017 11:31:51 PM hudson.slaves.SlaveComputer tryReconnect
INFO: Attempting to reconnect installer_test_linux
Feb 21, 2017 11:33:51 PM hudson.slaves.SlaveComputer tryReconnect
INFO: Attempting to reconnect ase_test_txue
Feb 21, 2017 11:37:17 PM hudson.node_monitors.ResponseTimeMonitor$1 monitor
WARNING: Making ase_test_txue offline because it’s not responding
Feb 21, 2017 11:37:17 PM hudson.node_monitors.ResponseTimeMonitor$1 monitor
WARNING: Making ase_test offline because it’s not responding
Feb 21, 2017 11:37:17 PM hudson.node_monitors.ResponseTimeMonitor$1 monitor
WARNING: Making NT_MONSOON offline because it’s not responding
Feb 21, 2017 11:37:17 PM hudson.node_monitors.ResponseTimeMonitor$1 monitor
WARNING: Making installer_test_linux offline because it’s not responding
Feb 21, 2017 11:37:17 PM hudson.node_monitors.ResponseTimeMonitor$1 monitor
WARNING: Making installer_test_linux2 offline because it’s not responding
Feb 21, 2017 11:39:51 PM hudson.slaves.SlaveComputer tryReconnect
INFO: Attempting to reconnect ase_test
Feb 21, 2017 11:41:51 PM hudson.slaves.SlaveComputer tryReconnect
INFO: Attempting to reconnect installer_test_linux2
Feb 21, 2017 11:49:51 PM hudson.slaves.SlaveComputer tryReconnect
INFO: Attempting to reconnect installer_test_linux
Feb 21, 2017 11:53:51 PM hudson.slaves.SlaveComputer tryReconnect
INFO: Attempting to reconnect ase_test_txue
Feb 21, 2017 11:59:51 PM hudson.slaves.SlaveComputer tryReconnect
INFO: Attempting to reconnect ase_test
