Nov 09, 2016 12:07:50 AM hudson.model.Run execute
INFO: SRS_DROP_TEST_FOR_ASE_SP304_UPDATE #32 aborted
java.lang.InterruptedException
	at java.lang.Object.wait(Native Method)
	at hudson.remoting.Request.call(Request.java:146)
	at hudson.remoting.Channel.call(Channel.java:751)
	at hudson.remoting.RemoteInvocationHandler.invoke(RemoteInvocationHandler.java:179)
	at com.sun.proxy.$Proxy55.join(Unknown Source)
	at hudson.Launcher$RemoteLauncher$ProcImpl.join(Launcher.java:979)
	at hudson.tasks.CommandInterpreter.join(CommandInterpreter.java:137)
	at hudson.tasks.CommandInterpreter.perform(CommandInterpreter.java:97)
	at hudson.tasks.CommandInterpreter.perform(CommandInterpreter.java:66)
	at hudson.tasks.BuildStepMonitor$1.perform(BuildStepMonitor.java:20)
	at hudson.model.AbstractBuild$AbstractBuildExecution.perform(AbstractBuild.java:770)
	at hudson.model.Build$BuildExecution.build(Build.java:199)
	at hudson.model.Build$BuildExecution.doRun(Build.java:160)
	at hudson.model.AbstractBuild$AbstractBuildExecution.run(AbstractBuild.java:533)
	at hudson.model.Run.execute(Run.java:1718)
	at hudson.model.FreeStyleBuild.run(FreeStyleBuild.java:43)
	at hudson.model.ResourceController.execute(ResourceController.java:89)
	at hudson.model.Executor.run(Executor.java:240)

Nov 09, 2016 12:26:21 AM hudson.node_monitors.ResponseTimeMonitor$1 monitor
WARNING: Making installer_test_linux2 offline because it?s not responding
Nov 09, 2016 12:52:44 AM hudson.model.Run execute
INFO: SRS_DROP_TEST_FOR_ASE_SP304_UPDATE #33 main build action completed: SUCCESS
Nov 09, 2016 1:26:21 AM hudson.node_monitors.ResponseTimeMonitor$1 monitor
WARNING: Making installer_test_linux2 offline because it?s not responding
Nov 09, 2016 2:26:21 AM hudson.node_monitors.ResponseTimeMonitor$1 monitor
WARNING: Making installer_test_linux2 offline because it?s not responding
Nov 09, 2016 3:26:21 AM hudson.node_monitors.ResponseTimeMonitor$1 monitor
WARNING: Making installer_test_linux2 offline because it?s not responding
Nov 09, 2016 4:26:21 AM hudson.node_monitors.ResponseTimeMonitor$1 monitor
WARNING: Making installer_test_linux2 offline because it?s not responding
Nov 09, 2016 5:26:21 AM hudson.node_monitors.ResponseTimeMonitor$1 monitor
WARNING: Making installer_test_linux2 offline because it?s not responding
Nov 09, 2016 6:26:21 AM hudson.node_monitors.ResponseTimeMonitor$1 monitor
WARNING: Making installer_test_linux2 offline because it?s not responding
Nov 09, 2016 7:26:21 AM hudson.node_monitors.ResponseTimeMonitor$1 monitor
WARNING: Making installer_test_linux2 offline because it?s not responding
Nov 09, 2016 8:26:21 AM hudson.node_monitors.ResponseTimeMonitor$1 monitor
WARNING: Making installer_test_linux2 offline because it?s not responding
Nov 09, 2016 9:26:21 AM hudson.node_monitors.ResponseTimeMonitor$1 monitor
WARNING: Making installer_test_linux2 offline because it?s not responding
Nov 09, 2016 10:26:21 AM hudson.node_monitors.ResponseTimeMonitor$1 monitor
WARNING: Making installer_test_linux2 offline because it?s not responding
Nov 09, 2016 10:48:28 AM hudson.model.AsyncPeriodicWork$1 run
INFO: Started Fingerprint cleanup
Nov 09, 2016 10:48:28 AM hudson.model.AsyncPeriodicWork$1 run
INFO: Finished Fingerprint cleanup. 1 ms
Nov 09, 2016 11:26:21 AM hudson.node_monitors.ResponseTimeMonitor$1 monitor
WARNING: Making installer_test_linux2 offline because it?s not responding
Nov 09, 2016 12:26:21 PM hudson.node_monitors.ResponseTimeMonitor$1 monitor
WARNING: Making installer_test_linux2 offline because it?s not responding
Nov 09, 2016 1:26:21 PM hudson.node_monitors.ResponseTimeMonitor$1 monitor
WARNING: Making installer_test_linux2 offline because it?s not responding
Nov 09, 2016 2:26:21 PM hudson.node_monitors.ResponseTimeMonitor$1 monitor
WARNING: Making installer_test_linux2 offline because it?s not responding
Nov 09, 2016 3:26:21 PM hudson.node_monitors.ResponseTimeMonitor$1 monitor
WARNING: Making installer_test_linux2 offline because it?s not responding
Nov 09, 2016 4:26:21 PM hudson.node_monitors.ResponseTimeMonitor$1 monitor
WARNING: Making installer_test_linux2 offline because it?s not responding
Nov 09, 2016 5:26:21 PM hudson.node_monitors.ResponseTimeMonitor$1 monitor
WARNING: Making installer_test_linux2 offline because it?s not responding
Nov 09, 2016 6:26:21 PM hudson.node_monitors.ResponseTimeMonitor$1 monitor
WARNING: Making installer_test_linux2 offline because it?s not responding
Nov 09, 2016 7:01:23 PM hudson.model.AsyncPeriodicWork$1 run
INFO: Started Download metadata
Nov 09, 2016 7:01:31 PM hudson.model.UpdateSite updateData
INFO: Obtained the latest update center data file for UpdateSource default
Nov 09, 2016 7:01:33 PM hudson.model.AsyncPeriodicWork$1 run
INFO: Finished Download metadata. 10,700 ms
Nov 09, 2016 7:04:21 PM hudson.model.Run execute
INFO: SP305_SRS_DAILY_BUILD_INTEGRATION #52 main build action completed: SUCCESS
Nov 09, 2016 7:14:05 PM hudson.model.Run execute
INFO: SP305_SRS_DAILY_BUILD #129 main build action completed: SUCCESS
Nov 09, 2016 7:14:20 PM hudson.model.Run execute
INFO: SRS_SP305_TEST #74 main build action completed: FAILURE
Nov 09, 2016 7:14:21 PM hudson.model.Run execute
INFO: SRS_SP305_SERIAL #89 main build action completed: FAILURE
Nov 09, 2016 7:26:21 PM hudson.node_monitors.ResponseTimeMonitor$1 monitor
WARNING: Making installer_test_linux2 offline because it?s not responding
Nov 09, 2016 7:27:34 PM hudson.model.AsyncPeriodicWork$1 run
INFO: Started Workspace clean-up
Nov 09, 2016 7:27:35 PM hudson.model.AsyncPeriodicWork$1 run
INFO: Finished Workspace clean-up. 462 ms
Nov 09, 2016 7:38:07 PM hudson.model.Run execute
INFO: SRS_DROP_TEST_FOR_ASE_SP305 #47 main build action completed: SUCCESS
Nov 09, 2016 7:38:08 PM hudson.model.Run execute
INFO: SP305_SRS_DAILY_BUILD_AND_DROP_TO_ASE #13 main build action completed: SUCCESS
Nov 09, 2016 8:26:21 PM hudson.node_monitors.ResponseTimeMonitor$1 monitor
WARNING: Making installer_test_linux2 offline because it?s not responding
Nov 09, 2016 9:26:21 PM hudson.node_monitors.ResponseTimeMonitor$1 monitor
WARNING: Making installer_test_linux2 offline because it?s not responding
Nov 09, 2016 10:26:21 PM hudson.node_monitors.ResponseTimeMonitor$1 monitor
WARNING: Making installer_test_linux2 offline because it?s not responding
Nov 09, 2016 11:00:31 PM hudson.model.Run execute
INFO: SRS_RMA_BUILD_TRIGGER_BY_RMADEV_SP305 #98 aborted
java.lang.InterruptedException
	at java.lang.Object.wait(Native Method)
	at java.lang.Object.wait(Object.java:503)
	at java.lang.UNIXProcess.waitFor(UNIXProcess.java:210)
	at hudson.Proc$LocalProc.join(Proc.java:319)
	at hudson.tasks.CommandInterpreter.join(CommandInterpreter.java:137)
	at hudson.tasks.CommandInterpreter.perform(CommandInterpreter.java:97)
	at hudson.tasks.CommandInterpreter.perform(CommandInterpreter.java:66)
	at hudson.tasks.BuildStepMonitor$1.perform(BuildStepMonitor.java:20)
	at hudson.model.AbstractBuild$AbstractBuildExecution.perform(AbstractBuild.java:770)
	at hudson.model.Build$BuildExecution.build(Build.java:199)
	at hudson.model.Build$BuildExecution.doRun(Build.java:160)
	at hudson.model.AbstractBuild$AbstractBuildExecution.run(AbstractBuild.java:533)
	at hudson.model.Run.execute(Run.java:1718)
	at hudson.model.FreeStyleBuild.run(FreeStyleBuild.java:43)
	at hudson.model.ResourceController.execute(ResourceController.java:89)
	at hudson.model.Executor.run(Executor.java:240)

Nov 09, 2016 11:09:26 PM hudson.model.Run execute
INFO: SRS_RMA_BUILD_TRIGGER_BY_RMADEV_SP305 #99 main build action completed: SUCCESS
Nov 09, 2016 11:24:19 PM hudson.model.Run execute
INFO: SP305_SRS_DAILY_BUILD_INTEGRATION #53 main build action completed: SUCCESS
Nov 09, 2016 11:26:21 PM hudson.node_monitors.ResponseTimeMonitor$1 monitor
WARNING: Making installer_test_linux2 offline because it?s not responding
Nov 09, 2016 11:50:52 PM hudson.model.Run execute
INFO: SRS_DROP_TEST_FOR_ASE_SP305 #48 main build action completed: SUCCESS
Nov 09, 2016 11:50:54 PM hudson.model.Run execute
INFO: SP305_SRS_DAILY_BUILD_AND_DROP_TO_ASE #14 main build action completed: SUCCESS
