Aug 8, 2016 12:04:26 AM hudson.slaves.SlaveComputer tryReconnect
INFO: Attempting to reconnect ase_test_linux_lisa
Aug 8, 2016 12:04:26 AM hudson.slaves.SlaveComputer tryReconnect
INFO: Attempting to reconnect installer_test_linux
Aug 8, 2016 12:26:26 AM hudson.slaves.SlaveComputer tryReconnect
INFO: Attempting to reconnect ase_test_linux_lisa
Aug 8, 2016 12:26:26 AM hudson.slaves.SlaveComputer tryReconnect
INFO: Attempting to reconnect installer_test_linux
Aug 8, 2016 12:49:26 AM hudson.slaves.SlaveComputer tryReconnect
INFO: Attempting to reconnect ase_test_linux_lisa
Aug 8, 2016 12:49:26 AM hudson.slaves.SlaveComputer tryReconnect
INFO: Attempting to reconnect installer_test_linux
Aug 8, 2016 12:49:46 AM hudson.node_monitors.ResponseTimeMonitor$1 monitor
WARNING: Making installer_test_linux offline because it’s not responding
Aug 8, 2016 12:49:46 AM hudson.node_monitors.ResponseTimeMonitor$1 monitor
WARNING: Making ase_test_linux_lisa offline because it’s not responding
Aug 8, 2016 1:11:26 AM hudson.slaves.SlaveComputer tryReconnect
INFO: Attempting to reconnect ase_test_linux_lisa
Aug 8, 2016 1:11:26 AM hudson.slaves.SlaveComputer tryReconnect
INFO: Attempting to reconnect installer_test_linux
Aug 8, 2016 1:34:26 AM hudson.slaves.SlaveComputer tryReconnect
INFO: Attempting to reconnect ase_test_linux_lisa
Aug 8, 2016 1:34:26 AM hudson.slaves.SlaveComputer tryReconnect
INFO: Attempting to reconnect installer_test_linux
Aug 8, 2016 1:49:46 AM hudson.node_monitors.ResponseTimeMonitor$1 monitor
WARNING: Making installer_test_linux offline because it’s not responding
Aug 8, 2016 1:49:46 AM hudson.node_monitors.ResponseTimeMonitor$1 monitor
WARNING: Making ase_test_linux_lisa offline because it’s not responding
Aug 8, 2016 1:56:26 AM hudson.slaves.SlaveComputer tryReconnect
INFO: Attempting to reconnect ase_test_linux_lisa
Aug 8, 2016 1:56:26 AM hudson.slaves.SlaveComputer tryReconnect
INFO: Attempting to reconnect installer_test_linux
Aug 8, 2016 2:17:26 AM hudson.slaves.SlaveComputer tryReconnect
INFO: Attempting to reconnect ase_test_linux_lisa
Aug 8, 2016 2:17:26 AM hudson.slaves.SlaveComputer tryReconnect
INFO: Attempting to reconnect installer_test_linux
Aug 8, 2016 2:40:26 AM hudson.slaves.SlaveComputer tryReconnect
INFO: Attempting to reconnect ase_test_linux_lisa
Aug 8, 2016 2:40:26 AM hudson.slaves.SlaveComputer tryReconnect
INFO: Attempting to reconnect installer_test_linux
Aug 8, 2016 2:49:46 AM hudson.node_monitors.ResponseTimeMonitor$1 monitor
WARNING: Making installer_test_linux offline because it’s not responding
Aug 8, 2016 2:49:46 AM hudson.node_monitors.ResponseTimeMonitor$1 monitor
WARNING: Making ase_test_linux_lisa offline because it’s not responding
Aug 8, 2016 3:02:26 AM hudson.slaves.SlaveComputer tryReconnect
INFO: Attempting to reconnect ase_test_linux_lisa
Aug 8, 2016 3:02:26 AM hudson.slaves.SlaveComputer tryReconnect
INFO: Attempting to reconnect installer_test_linux
Aug 8, 2016 3:25:26 AM hudson.slaves.SlaveComputer tryReconnect
INFO: Attempting to reconnect ase_test_linux_lisa
Aug 8, 2016 3:25:26 AM hudson.slaves.SlaveComputer tryReconnect
INFO: Attempting to reconnect installer_test_linux
Aug 8, 2016 3:47:26 AM hudson.slaves.SlaveComputer tryReconnect
INFO: Attempting to reconnect ase_test_linux_lisa
Aug 8, 2016 3:47:26 AM hudson.slaves.SlaveComputer tryReconnect
INFO: Attempting to reconnect installer_test_linux
Aug 8, 2016 3:49:46 AM hudson.node_monitors.ResponseTimeMonitor$1 monitor
WARNING: Making installer_test_linux offline because it’s not responding
Aug 8, 2016 3:49:46 AM hudson.node_monitors.ResponseTimeMonitor$1 monitor
WARNING: Making ase_test_linux_lisa offline because it’s not responding
Aug 8, 2016 4:10:26 AM hudson.slaves.SlaveComputer tryReconnect
INFO: Attempting to reconnect ase_test_linux_lisa
Aug 8, 2016 4:10:26 AM hudson.slaves.SlaveComputer tryReconnect
INFO: Attempting to reconnect installer_test_linux
Aug 8, 2016 4:30:26 AM hudson.slaves.SlaveComputer tryReconnect
INFO: Attempting to reconnect ase_test_linux_lisa
Aug 8, 2016 4:30:26 AM hudson.slaves.SlaveComputer tryReconnect
INFO: Attempting to reconnect installer_test_linux
Aug 8, 2016 4:49:46 AM hudson.node_monitors.ResponseTimeMonitor$1 monitor
WARNING: Making installer_test_linux offline because it’s not responding
Aug 8, 2016 4:49:46 AM hudson.node_monitors.ResponseTimeMonitor$1 monitor
WARNING: Making ase_test_linux_lisa offline because it’s not responding
Aug 8, 2016 4:53:26 AM hudson.slaves.SlaveComputer tryReconnect
INFO: Attempting to reconnect ase_test_linux_lisa
Aug 8, 2016 4:53:26 AM hudson.slaves.SlaveComputer tryReconnect
INFO: Attempting to reconnect installer_test_linux
Aug 8, 2016 5:15:26 AM hudson.slaves.SlaveComputer tryReconnect
INFO: Attempting to reconnect ase_test_linux_lisa
Aug 8, 2016 5:15:26 AM hudson.slaves.SlaveComputer tryReconnect
INFO: Attempting to reconnect installer_test_linux
Aug 8, 2016 5:34:22 AM hudson.model.AsyncPeriodicWork$1 run
INFO: Started Download metadata
Aug 8, 2016 5:34:33 AM hudson.model.UpdateSite updateData
INFO: Obtained the latest update center data file for UpdateSource default
Aug 8, 2016 5:34:37 AM hudson.model.AsyncPeriodicWork$1 run
INFO: Finished Download metadata. 14,633 ms
Aug 8, 2016 5:37:26 AM hudson.slaves.SlaveComputer tryReconnect
INFO: Attempting to reconnect ase_test_linux_lisa
Aug 8, 2016 5:37:26 AM hudson.slaves.SlaveComputer tryReconnect
INFO: Attempting to reconnect installer_test_linux
Aug 8, 2016 5:49:46 AM hudson.node_monitors.ResponseTimeMonitor$1 monitor
WARNING: Making installer_test_linux offline because it’s not responding
Aug 8, 2016 5:49:46 AM hudson.node_monitors.ResponseTimeMonitor$1 monitor
WARNING: Making ase_test_linux_lisa offline because it’s not responding
Aug 8, 2016 6:00:26 AM hudson.slaves.SlaveComputer tryReconnect
INFO: Attempting to reconnect ase_test_linux_lisa
Aug 8, 2016 6:00:26 AM hudson.slaves.SlaveComputer tryReconnect
INFO: Attempting to reconnect installer_test_linux
Aug 8, 2016 6:22:26 AM hudson.slaves.SlaveComputer tryReconnect
INFO: Attempting to reconnect ase_test_linux_lisa
Aug 8, 2016 6:22:26 AM hudson.slaves.SlaveComputer tryReconnect
INFO: Attempting to reconnect installer_test_linux
Aug 8, 2016 6:43:26 AM hudson.slaves.SlaveComputer tryReconnect
INFO: Attempting to reconnect ase_test_linux_lisa
Aug 8, 2016 6:43:26 AM hudson.slaves.SlaveComputer tryReconnect
INFO: Attempting to reconnect installer_test_linux
Aug 8, 2016 6:49:46 AM hudson.node_monitors.ResponseTimeMonitor$1 monitor
WARNING: Making installer_test_linux offline because it’s not responding
Aug 8, 2016 6:49:46 AM hudson.node_monitors.ResponseTimeMonitor$1 monitor
WARNING: Making ase_test_linux_lisa offline because it’s not responding
Aug 8, 2016 7:06:26 AM hudson.slaves.SlaveComputer tryReconnect
INFO: Attempting to reconnect ase_test_linux_lisa
Aug 8, 2016 7:06:26 AM hudson.slaves.SlaveComputer tryReconnect
INFO: Attempting to reconnect installer_test_linux
Aug 8, 2016 7:28:26 AM hudson.slaves.SlaveComputer tryReconnect
INFO: Attempting to reconnect ase_test_linux_lisa
Aug 8, 2016 7:28:26 AM hudson.slaves.SlaveComputer tryReconnect
INFO: Attempting to reconnect installer_test_linux
Aug 8, 2016 7:49:26 AM hudson.slaves.SlaveComputer tryReconnect
INFO: Attempting to reconnect ase_test_linux_lisa
Aug 8, 2016 7:49:26 AM hudson.slaves.SlaveComputer tryReconnect
INFO: Attempting to reconnect installer_test_linux
Aug 8, 2016 7:49:46 AM hudson.node_monitors.ResponseTimeMonitor$1 monitor
WARNING: Making installer_test_linux offline because it’s not responding
Aug 8, 2016 7:49:46 AM hudson.node_monitors.ResponseTimeMonitor$1 monitor
WARNING: Making ase_test_linux_lisa offline because it’s not responding
Aug 8, 2016 8:11:26 AM hudson.slaves.SlaveComputer tryReconnect
INFO: Attempting to reconnect ase_test_linux_lisa
Aug 8, 2016 8:11:26 AM hudson.slaves.SlaveComputer tryReconnect
INFO: Attempting to reconnect installer_test_linux
Aug 8, 2016 8:32:26 AM hudson.slaves.SlaveComputer tryReconnect
INFO: Attempting to reconnect ase_test_linux_lisa
Aug 8, 2016 8:32:26 AM hudson.slaves.SlaveComputer tryReconnect
INFO: Attempting to reconnect installer_test_linux
Aug 8, 2016 8:49:46 AM hudson.node_monitors.ResponseTimeMonitor$1 monitor
WARNING: Making installer_test_linux offline because it’s not responding
Aug 8, 2016 8:49:46 AM hudson.node_monitors.ResponseTimeMonitor$1 monitor
WARNING: Making ase_test_linux_lisa offline because it’s not responding
Aug 8, 2016 8:55:26 AM hudson.slaves.SlaveComputer tryReconnect
INFO: Attempting to reconnect ase_test_linux_lisa
Aug 8, 2016 8:55:26 AM hudson.slaves.SlaveComputer tryReconnect
INFO: Attempting to reconnect installer_test_linux
Aug 8, 2016 9:17:26 AM hudson.slaves.SlaveComputer tryReconnect
INFO: Attempting to reconnect ase_test_linux_lisa
Aug 8, 2016 9:17:26 AM hudson.slaves.SlaveComputer tryReconnect
INFO: Attempting to reconnect installer_test_linux
Aug 8, 2016 9:39:26 AM hudson.slaves.SlaveComputer tryReconnect
INFO: Attempting to reconnect ase_test_linux_lisa
Aug 8, 2016 9:39:26 AM hudson.slaves.SlaveComputer tryReconnect
INFO: Attempting to reconnect installer_test_linux
Aug 8, 2016 9:49:46 AM hudson.node_monitors.ResponseTimeMonitor$1 monitor
WARNING: Making installer_test_linux offline because it’s not responding
Aug 8, 2016 9:49:46 AM hudson.node_monitors.ResponseTimeMonitor$1 monitor
WARNING: Making ase_test_linux_lisa offline because it’s not responding
Aug 8, 2016 10:02:26 AM hudson.slaves.SlaveComputer tryReconnect
INFO: Attempting to reconnect ase_test_linux_lisa
Aug 8, 2016 10:02:26 AM hudson.slaves.SlaveComputer tryReconnect
INFO: Attempting to reconnect installer_test_linux
Aug 8, 2016 10:23:26 AM hudson.slaves.SlaveComputer tryReconnect
INFO: Attempting to reconnect ase_test_linux_lisa
Aug 8, 2016 10:23:26 AM hudson.slaves.SlaveComputer tryReconnect
INFO: Attempting to reconnect installer_test_linux
Aug 8, 2016 10:46:26 AM hudson.slaves.SlaveComputer tryReconnect
INFO: Attempting to reconnect ase_test_linux_lisa
Aug 8, 2016 10:46:26 AM hudson.slaves.SlaveComputer tryReconnect
INFO: Attempting to reconnect installer_test_linux
Aug 8, 2016 10:49:46 AM hudson.node_monitors.ResponseTimeMonitor$1 monitor
WARNING: Making installer_test_linux offline because it’s not responding
Aug 8, 2016 10:49:46 AM hudson.node_monitors.ResponseTimeMonitor$1 monitor
WARNING: Making ase_test_linux_lisa offline because it’s not responding
Aug 8, 2016 11:08:26 AM hudson.slaves.SlaveComputer tryReconnect
INFO: Attempting to reconnect ase_test_linux_lisa
Aug 8, 2016 11:08:26 AM hudson.slaves.SlaveComputer tryReconnect
INFO: Attempting to reconnect installer_test_linux
Aug 8, 2016 11:30:26 AM hudson.slaves.SlaveComputer tryReconnect
INFO: Attempting to reconnect ase_test_linux_lisa
Aug 8, 2016 11:30:26 AM hudson.slaves.SlaveComputer tryReconnect
INFO: Attempting to reconnect installer_test_linux
Aug 8, 2016 11:49:46 AM hudson.node_monitors.ResponseTimeMonitor$1 monitor
WARNING: Making installer_test_linux offline because it’s not responding
Aug 8, 2016 11:49:46 AM hudson.node_monitors.ResponseTimeMonitor$1 monitor
WARNING: Making ase_test_linux_lisa offline because it’s not responding
Aug 8, 2016 11:51:26 AM hudson.slaves.SlaveComputer tryReconnect
INFO: Attempting to reconnect ase_test_linux_lisa
Aug 8, 2016 11:51:26 AM hudson.slaves.SlaveComputer tryReconnect
INFO: Attempting to reconnect installer_test_linux
Aug 8, 2016 12:13:26 PM hudson.slaves.SlaveComputer tryReconnect
INFO: Attempting to reconnect ase_test_linux_lisa
Aug 8, 2016 12:13:26 PM hudson.slaves.SlaveComputer tryReconnect
INFO: Attempting to reconnect installer_test_linux
Aug 8, 2016 12:34:26 PM hudson.slaves.SlaveComputer tryReconnect
INFO: Attempting to reconnect ase_test_linux_lisa
Aug 8, 2016 12:34:26 PM hudson.slaves.SlaveComputer tryReconnect
INFO: Attempting to reconnect installer_test_linux
Aug 8, 2016 12:49:46 PM hudson.node_monitors.ResponseTimeMonitor$1 monitor
WARNING: Making installer_test_linux offline because it’s not responding
Aug 8, 2016 12:49:46 PM hudson.node_monitors.ResponseTimeMonitor$1 monitor
WARNING: Making ase_test_linux_lisa offline because it’s not responding
Aug 8, 2016 12:52:26 PM hudson.slaves.SlaveComputer tryReconnect
INFO: Attempting to reconnect ase_test_linux_lisa
Aug 8, 2016 12:52:26 PM hudson.slaves.SlaveComputer tryReconnect
INFO: Attempting to reconnect installer_test_linux
Aug 8, 2016 1:15:26 PM hudson.slaves.SlaveComputer tryReconnect
INFO: Attempting to reconnect ase_test_linux_lisa
Aug 8, 2016 1:15:26 PM hudson.slaves.SlaveComputer tryReconnect
INFO: Attempting to reconnect installer_test_linux
Aug 8, 2016 1:37:26 PM hudson.slaves.SlaveComputer tryReconnect
INFO: Attempting to reconnect ase_test_linux_lisa
Aug 8, 2016 1:37:26 PM hudson.slaves.SlaveComputer tryReconnect
INFO: Attempting to reconnect installer_test_linux
Aug 8, 2016 1:49:46 PM hudson.node_monitors.ResponseTimeMonitor$1 monitor
WARNING: Making installer_test_linux offline because it’s not responding
Aug 8, 2016 1:49:46 PM hudson.node_monitors.ResponseTimeMonitor$1 monitor
WARNING: Making ase_test_linux_lisa offline because it’s not responding
Aug 8, 2016 1:59:26 PM hudson.slaves.SlaveComputer tryReconnect
INFO: Attempting to reconnect ase_test_linux_lisa
Aug 8, 2016 1:59:26 PM hudson.slaves.SlaveComputer tryReconnect
INFO: Attempting to reconnect installer_test_linux
Aug 8, 2016 2:22:26 PM hudson.slaves.SlaveComputer tryReconnect
INFO: Attempting to reconnect ase_test_linux_lisa
Aug 8, 2016 2:22:26 PM hudson.slaves.SlaveComputer tryReconnect
INFO: Attempting to reconnect installer_test_linux
Aug 8, 2016 2:42:26 PM hudson.slaves.SlaveComputer tryReconnect
INFO: Attempting to reconnect ase_test_linux_lisa
Aug 8, 2016 2:42:26 PM hudson.slaves.SlaveComputer tryReconnect
INFO: Attempting to reconnect installer_test_linux
Aug 8, 2016 2:49:46 PM hudson.node_monitors.ResponseTimeMonitor$1 monitor
WARNING: Making installer_test_linux offline because it’s not responding
Aug 8, 2016 2:49:46 PM hudson.node_monitors.ResponseTimeMonitor$1 monitor
WARNING: Making ase_test_linux_lisa offline because it’s not responding
Aug 8, 2016 3:04:26 PM hudson.slaves.SlaveComputer tryReconnect
INFO: Attempting to reconnect ase_test_linux_lisa
Aug 8, 2016 3:04:26 PM hudson.slaves.SlaveComputer tryReconnect
INFO: Attempting to reconnect installer_test_linux
Aug 8, 2016 3:26:26 PM hudson.slaves.SlaveComputer tryReconnect
INFO: Attempting to reconnect ase_test_linux_lisa
Aug 8, 2016 3:26:26 PM hudson.slaves.SlaveComputer tryReconnect
INFO: Attempting to reconnect installer_test_linux
Aug 8, 2016 3:33:04 PM hudson.model.AsyncPeriodicWork$1 run
INFO: Started Fingerprint cleanup
Aug 8, 2016 3:33:04 PM hudson.model.AsyncPeriodicWork$1 run
INFO: Finished Fingerprint cleanup. 17 ms
Aug 8, 2016 3:48:26 PM hudson.slaves.SlaveComputer tryReconnect
INFO: Attempting to reconnect ase_test_linux_lisa
Aug 8, 2016 3:48:26 PM hudson.slaves.SlaveComputer tryReconnect
INFO: Attempting to reconnect installer_test_linux
Aug 8, 2016 3:49:46 PM hudson.node_monitors.ResponseTimeMonitor$1 monitor
WARNING: Making installer_test_linux offline because it’s not responding
Aug 8, 2016 3:49:46 PM hudson.node_monitors.ResponseTimeMonitor$1 monitor
WARNING: Making ase_test_linux_lisa offline because it’s not responding
Aug 8, 2016 4:04:53 PM hudson.model.AsyncPeriodicWork$1 run
INFO: Started Workspace clean-up
Aug 8, 2016 4:04:54 PM hudson.model.AsyncPeriodicWork$1 run
INFO: Finished Workspace clean-up. 112 ms
Aug 8, 2016 4:11:26 PM hudson.slaves.SlaveComputer tryReconnect
INFO: Attempting to reconnect ase_test_linux_lisa
Aug 8, 2016 4:11:26 PM hudson.slaves.SlaveComputer tryReconnect
INFO: Attempting to reconnect installer_test_linux
Aug 8, 2016 4:33:26 PM hudson.slaves.SlaveComputer tryReconnect
INFO: Attempting to reconnect ase_test_linux_lisa
Aug 8, 2016 4:33:26 PM hudson.slaves.SlaveComputer tryReconnect
INFO: Attempting to reconnect installer_test_linux
Aug 8, 2016 4:49:46 PM hudson.node_monitors.ResponseTimeMonitor$1 monitor
WARNING: Making installer_test_linux offline because it’s not responding
Aug 8, 2016 4:49:46 PM hudson.node_monitors.ResponseTimeMonitor$1 monitor
WARNING: Making ase_test_linux_lisa offline because it’s not responding
Aug 8, 2016 4:55:26 PM hudson.slaves.SlaveComputer tryReconnect
INFO: Attempting to reconnect ase_test_linux_lisa
Aug 8, 2016 4:55:26 PM hudson.slaves.SlaveComputer tryReconnect
INFO: Attempting to reconnect installer_test_linux
Aug 8, 2016 5:16:26 PM hudson.slaves.SlaveComputer tryReconnect
INFO: Attempting to reconnect ase_test_linux_lisa
Aug 8, 2016 5:16:26 PM hudson.slaves.SlaveComputer tryReconnect
INFO: Attempting to reconnect installer_test_linux
Aug 8, 2016 5:38:26 PM hudson.slaves.SlaveComputer tryReconnect
INFO: Attempting to reconnect ase_test_linux_lisa
Aug 8, 2016 5:38:26 PM hudson.slaves.SlaveComputer tryReconnect
INFO: Attempting to reconnect installer_test_linux
Aug 8, 2016 5:49:46 PM hudson.node_monitors.ResponseTimeMonitor$1 monitor
WARNING: Making installer_test_linux offline because it’s not responding
Aug 8, 2016 5:49:46 PM hudson.node_monitors.ResponseTimeMonitor$1 monitor
WARNING: Making ase_test_linux_lisa offline because it’s not responding
Aug 8, 2016 5:58:26 PM hudson.slaves.SlaveComputer tryReconnect
INFO: Attempting to reconnect ase_test_linux_lisa
Aug 8, 2016 5:58:26 PM hudson.slaves.SlaveComputer tryReconnect
INFO: Attempting to reconnect installer_test_linux
Aug 8, 2016 6:19:26 PM hudson.slaves.SlaveComputer tryReconnect
INFO: Attempting to reconnect ase_test_linux_lisa
Aug 8, 2016 6:19:26 PM hudson.slaves.SlaveComputer tryReconnect
INFO: Attempting to reconnect installer_test_linux
Aug 8, 2016 6:42:26 PM hudson.slaves.SlaveComputer tryReconnect
INFO: Attempting to reconnect ase_test_linux_lisa
Aug 8, 2016 6:42:26 PM hudson.slaves.SlaveComputer tryReconnect
INFO: Attempting to reconnect installer_test_linux
Aug 8, 2016 6:49:46 PM hudson.node_monitors.ResponseTimeMonitor$1 monitor
WARNING: Making installer_test_linux offline because it’s not responding
Aug 8, 2016 6:49:46 PM hudson.node_monitors.ResponseTimeMonitor$1 monitor
WARNING: Making ase_test_linux_lisa offline because it’s not responding
Aug 8, 2016 7:04:26 PM hudson.slaves.SlaveComputer tryReconnect
INFO: Attempting to reconnect ase_test_linux_lisa
Aug 8, 2016 7:04:26 PM hudson.slaves.SlaveComputer tryReconnect
INFO: Attempting to reconnect installer_test_linux
Aug 8, 2016 7:26:26 PM hudson.slaves.SlaveComputer tryReconnect
INFO: Attempting to reconnect ase_test_linux_lisa
Aug 8, 2016 7:26:26 PM hudson.slaves.SlaveComputer tryReconnect
INFO: Attempting to reconnect installer_test_linux
Aug 8, 2016 7:47:26 PM hudson.slaves.SlaveComputer tryReconnect
INFO: Attempting to reconnect ase_test_linux_lisa
Aug 8, 2016 7:47:26 PM hudson.slaves.SlaveComputer tryReconnect
INFO: Attempting to reconnect installer_test_linux
Aug 8, 2016 7:49:46 PM hudson.node_monitors.ResponseTimeMonitor$1 monitor
WARNING: Making installer_test_linux offline because it’s not responding
Aug 8, 2016 7:49:46 PM hudson.node_monitors.ResponseTimeMonitor$1 monitor
WARNING: Making ase_test_linux_lisa offline because it’s not responding
Aug 8, 2016 8:10:26 PM hudson.slaves.SlaveComputer tryReconnect
INFO: Attempting to reconnect ase_test_linux_lisa
Aug 8, 2016 8:10:26 PM hudson.slaves.SlaveComputer tryReconnect
INFO: Attempting to reconnect installer_test_linux
Aug 8, 2016 8:33:26 PM hudson.slaves.SlaveComputer tryReconnect
INFO: Attempting to reconnect ase_test_linux_lisa
Aug 8, 2016 8:33:26 PM hudson.slaves.SlaveComputer tryReconnect
INFO: Attempting to reconnect installer_test_linux
Aug 8, 2016 8:49:46 PM hudson.node_monitors.ResponseTimeMonitor$1 monitor
WARNING: Making installer_test_linux offline because it’s not responding
Aug 8, 2016 8:49:46 PM hudson.node_monitors.ResponseTimeMonitor$1 monitor
WARNING: Making ase_test_linux_lisa offline because it’s not responding
Aug 8, 2016 8:54:26 PM hudson.slaves.SlaveComputer tryReconnect
INFO: Attempting to reconnect ase_test_linux_lisa
Aug 8, 2016 8:54:26 PM hudson.slaves.SlaveComputer tryReconnect
INFO: Attempting to reconnect installer_test_linux
Aug 8, 2016 9:16:26 PM hudson.slaves.SlaveComputer tryReconnect
INFO: Attempting to reconnect ase_test_linux_lisa
Aug 8, 2016 9:16:26 PM hudson.slaves.SlaveComputer tryReconnect
INFO: Attempting to reconnect installer_test_linux
Aug 8, 2016 9:39:26 PM hudson.slaves.SlaveComputer tryReconnect
INFO: Attempting to reconnect ase_test_linux_lisa
Aug 8, 2016 9:39:26 PM hudson.slaves.SlaveComputer tryReconnect
INFO: Attempting to reconnect installer_test_linux
Aug 8, 2016 9:49:46 PM hudson.node_monitors.ResponseTimeMonitor$1 monitor
WARNING: Making installer_test_linux offline because it’s not responding
Aug 8, 2016 9:49:46 PM hudson.node_monitors.ResponseTimeMonitor$1 monitor
WARNING: Making ase_test_linux_lisa offline because it’s not responding
Aug 8, 2016 10:01:26 PM hudson.slaves.SlaveComputer tryReconnect
INFO: Attempting to reconnect ase_test_linux_lisa
Aug 8, 2016 10:01:26 PM hudson.slaves.SlaveComputer tryReconnect
INFO: Attempting to reconnect installer_test_linux
Aug 8, 2016 10:23:26 PM hudson.slaves.SlaveComputer tryReconnect
INFO: Attempting to reconnect ase_test_linux_lisa
Aug 8, 2016 10:23:26 PM hudson.slaves.SlaveComputer tryReconnect
INFO: Attempting to reconnect installer_test_linux
Aug 8, 2016 10:46:26 PM hudson.slaves.SlaveComputer tryReconnect
INFO: Attempting to reconnect ase_test_linux_lisa
Aug 8, 2016 10:46:26 PM hudson.slaves.SlaveComputer tryReconnect
INFO: Attempting to reconnect installer_test_linux
Aug 8, 2016 10:49:46 PM hudson.node_monitors.ResponseTimeMonitor$1 monitor
WARNING: Making installer_test_linux offline because it’s not responding
Aug 8, 2016 10:49:46 PM hudson.node_monitors.ResponseTimeMonitor$1 monitor
WARNING: Making ase_test_linux_lisa offline because it’s not responding
Aug 8, 2016 11:08:26 PM hudson.slaves.SlaveComputer tryReconnect
INFO: Attempting to reconnect ase_test_linux_lisa
Aug 8, 2016 11:08:26 PM hudson.slaves.SlaveComputer tryReconnect
INFO: Attempting to reconnect installer_test_linux
Aug 8, 2016 11:30:26 PM hudson.slaves.SlaveComputer tryReconnect
INFO: Attempting to reconnect ase_test_linux_lisa
Aug 8, 2016 11:30:26 PM hudson.slaves.SlaveComputer tryReconnect
INFO: Attempting to reconnect installer_test_linux
Aug 8, 2016 11:49:46 PM hudson.node_monitors.ResponseTimeMonitor$1 monitor
WARNING: Making installer_test_linux offline because it’s not responding
Aug 8, 2016 11:49:46 PM hudson.node_monitors.ResponseTimeMonitor$1 monitor
WARNING: Making ase_test_linux_lisa offline because it’s not responding
Aug 8, 2016 11:52:26 PM hudson.slaves.SlaveComputer tryReconnect
INFO: Attempting to reconnect ase_test_linux_lisa
Aug 8, 2016 11:52:26 PM hudson.slaves.SlaveComputer tryReconnect
INFO: Attempting to reconnect installer_test_linux
