Sep 18, 2015 12:01:04 AM hudson.model.Run execute
INFO: SRS_SP300_STAGE_DA_PEORIOICALLY #141 main build action completed: SUCCESS
Sep 18, 2015 12:01:31 AM hudson.slaves.SlaveComputer tryReconnect
INFO: Attempting to reconnect RS_build_hpia64_hsdub0001_official
Sep 18, 2015 12:01:31 AM hudson.slaves.SlaveComputer tryReconnect
INFO: Attempting to reconnect RS_build_test_hpia64_repqahpia5
Sep 18, 2015 12:09:04 AM hudson.model.Run execute
INFO: SRS_SP300_STAGE_HRAX_PEORIOICALLY #1690 main build action completed: SUCCESS
Sep 18, 2015 12:20:31 AM hudson.slaves.SlaveComputer tryReconnect
INFO: Attempting to reconnect RS_build_sunx64_asekernal6
Sep 18, 2015 12:20:31 AM hudson.slaves.SlaveComputer tryReconnect
INFO: Attempting to reconnect RS_build_sunx64_augusta
Sep 18, 2015 12:20:31 AM hudson.slaves.SlaveComputer tryReconnect
INFO: Attempting to reconnect RS_build_test_hpia64_repqahpia1
Sep 18, 2015 12:22:31 AM hudson.slaves.SlaveComputer tryReconnect
INFO: Attempting to reconnect RS_build_hpia64_hsdub0001_official
Sep 18, 2015 12:22:31 AM hudson.slaves.SlaveComputer tryReconnect
INFO: Attempting to reconnect RS_build_test_hpia64_repqahpia5
Sep 18, 2015 12:33:30 AM hudson.model.Run execute
INFO: CHECK_DISK_ON_REMOTE_DIR #33 main build action completed: SUCCESS
Sep 18, 2015 12:39:00 AM hudson.model.Run execute
INFO: SRS_SP300_STAGE_HRAX_PEORIOICALLY #1691 main build action completed: SUCCESS
Sep 18, 2015 12:40:31 AM hudson.slaves.SlaveComputer tryReconnect
INFO: Attempting to reconnect RS_build_sunx64_asekernal6
Sep 18, 2015 12:40:31 AM hudson.slaves.SlaveComputer tryReconnect
INFO: Attempting to reconnect RS_build_sunx64_augusta
Sep 18, 2015 12:40:31 AM hudson.slaves.SlaveComputer tryReconnect
INFO: Attempting to reconnect RS_build_test_hpia64_repqahpia1
Sep 18, 2015 12:41:31 AM hudson.slaves.SlaveComputer tryReconnect
INFO: Attempting to reconnect RS_build_hpia64_hsdub0001_official
Sep 18, 2015 12:41:31 AM hudson.slaves.SlaveComputer tryReconnect
INFO: Attempting to reconnect RS_build_test_hpia64_repqahpia5
Sep 18, 2015 12:56:23 AM hudson.node_monitors.ResponseTimeMonitor$1 monitor
WARNING: Making RS_build_test_hpia64_repqahpia5 offline because it’s not responding
Sep 18, 2015 12:56:23 AM hudson.node_monitors.ResponseTimeMonitor$1 monitor
WARNING: Making RS_build_sunx64_asekernal6 offline because it’s not responding
Sep 18, 2015 12:56:23 AM hudson.node_monitors.ResponseTimeMonitor$1 monitor
WARNING: Making RS_build_test_hpia64_repqahpia1 offline because it’s not responding
Sep 18, 2015 12:56:23 AM hudson.node_monitors.ResponseTimeMonitor$1 monitor
WARNING: Making RS_build_sunx64_augusta offline because it’s not responding
Sep 18, 2015 12:56:23 AM hudson.node_monitors.ResponseTimeMonitor$1 monitor
WARNING: Making RS_build_hpia64_hsdub0001_official offline because it’s not responding
Sep 18, 2015 12:59:31 AM hudson.slaves.SlaveComputer tryReconnect
INFO: Attempting to reconnect RS_build_sunx64_asekernal6
Sep 18, 2015 12:59:31 AM hudson.slaves.SlaveComputer tryReconnect
INFO: Attempting to reconnect RS_build_sunx64_augusta
Sep 18, 2015 12:59:31 AM hudson.slaves.SlaveComputer tryReconnect
INFO: Attempting to reconnect RS_build_test_hpia64_repqahpia1
Sep 18, 2015 1:01:31 AM hudson.slaves.SlaveComputer tryReconnect
INFO: Attempting to reconnect RS_build_hpia64_hsdub0001_official
Sep 18, 2015 1:01:31 AM hudson.slaves.SlaveComputer tryReconnect
INFO: Attempting to reconnect RS_build_test_hpia64_repqahpia5
Sep 18, 2015 1:09:01 AM hudson.model.Run execute
INFO: SRS_SP300_STAGE_HRAX_PEORIOICALLY #1692 main build action completed: SUCCESS
Sep 18, 2015 1:20:31 AM hudson.slaves.SlaveComputer tryReconnect
INFO: Attempting to reconnect RS_build_sunx64_asekernal6
Sep 18, 2015 1:20:31 AM hudson.slaves.SlaveComputer tryReconnect
INFO: Attempting to reconnect RS_build_sunx64_augusta
Sep 18, 2015 1:20:31 AM hudson.slaves.SlaveComputer tryReconnect
INFO: Attempting to reconnect RS_build_test_hpia64_repqahpia1
Sep 18, 2015 1:22:31 AM hudson.slaves.SlaveComputer tryReconnect
INFO: Attempting to reconnect RS_build_hpia64_hsdub0001_official
Sep 18, 2015 1:22:31 AM hudson.slaves.SlaveComputer tryReconnect
INFO: Attempting to reconnect RS_build_test_hpia64_repqahpia5
Sep 18, 2015 1:39:01 AM hudson.model.Run execute
INFO: SRS_SP300_STAGE_HRAX_PEORIOICALLY #1693 main build action completed: SUCCESS
Sep 18, 2015 1:43:31 AM hudson.slaves.SlaveComputer tryReconnect
INFO: Attempting to reconnect RS_build_sunx64_asekernal6
Sep 18, 2015 1:43:31 AM hudson.slaves.SlaveComputer tryReconnect
INFO: Attempting to reconnect RS_build_sunx64_augusta
Sep 18, 2015 1:43:31 AM hudson.slaves.SlaveComputer tryReconnect
INFO: Attempting to reconnect RS_build_test_hpia64_repqahpia1
Sep 18, 2015 1:44:31 AM hudson.slaves.SlaveComputer tryReconnect
INFO: Attempting to reconnect RS_build_hpia64_hsdub0001_official
Sep 18, 2015 1:44:31 AM hudson.slaves.SlaveComputer tryReconnect
INFO: Attempting to reconnect RS_build_test_hpia64_repqahpia5
Sep 18, 2015 1:56:23 AM hudson.node_monitors.ResponseTimeMonitor$1 monitor
WARNING: Making RS_build_test_hpia64_repqahpia5 offline because it’s not responding
Sep 18, 2015 1:56:23 AM hudson.node_monitors.ResponseTimeMonitor$1 monitor
WARNING: Making RS_build_sunx64_asekernal6 offline because it’s not responding
Sep 18, 2015 1:56:23 AM hudson.node_monitors.ResponseTimeMonitor$1 monitor
WARNING: Making RS_build_test_hpia64_repqahpia1 offline because it’s not responding
Sep 18, 2015 1:56:23 AM hudson.node_monitors.ResponseTimeMonitor$1 monitor
WARNING: Making RS_build_sunx64_augusta offline because it’s not responding
Sep 18, 2015 1:56:23 AM hudson.node_monitors.ResponseTimeMonitor$1 monitor
WARNING: Making RS_build_hpia64_hsdub0001_official offline because it’s not responding
Sep 18, 2015 2:03:31 AM hudson.slaves.SlaveComputer tryReconnect
INFO: Attempting to reconnect RS_build_sunx64_asekernal6
Sep 18, 2015 2:03:31 AM hudson.slaves.SlaveComputer tryReconnect
INFO: Attempting to reconnect RS_build_sunx64_augusta
Sep 18, 2015 2:03:31 AM hudson.slaves.SlaveComputer tryReconnect
INFO: Attempting to reconnect RS_build_test_hpia64_repqahpia1
Sep 18, 2015 2:05:31 AM hudson.slaves.SlaveComputer tryReconnect
INFO: Attempting to reconnect RS_build_hpia64_hsdub0001_official
Sep 18, 2015 2:05:31 AM hudson.slaves.SlaveComputer tryReconnect
INFO: Attempting to reconnect RS_build_test_hpia64_repqahpia5
Sep 18, 2015 2:09:01 AM hudson.model.Run execute
INFO: SRS_SP300_STAGE_HRAX_PEORIOICALLY #1694 main build action completed: SUCCESS
Sep 18, 2015 2:25:31 AM hudson.slaves.SlaveComputer tryReconnect
INFO: Attempting to reconnect RS_build_sunx64_asekernal6
Sep 18, 2015 2:25:31 AM hudson.slaves.SlaveComputer tryReconnect
INFO: Attempting to reconnect RS_build_sunx64_augusta
Sep 18, 2015 2:25:31 AM hudson.slaves.SlaveComputer tryReconnect
INFO: Attempting to reconnect RS_build_test_hpia64_repqahpia1
Sep 18, 2015 2:26:31 AM hudson.slaves.SlaveComputer tryReconnect
INFO: Attempting to reconnect RS_build_hpia64_hsdub0001_official
Sep 18, 2015 2:26:31 AM hudson.slaves.SlaveComputer tryReconnect
INFO: Attempting to reconnect RS_build_test_hpia64_repqahpia5
Sep 18, 2015 2:39:01 AM hudson.model.Run execute
INFO: SRS_SP300_STAGE_HRAX_PEORIOICALLY #1695 main build action completed: SUCCESS
Sep 18, 2015 2:45:31 AM hudson.slaves.SlaveComputer tryReconnect
INFO: Attempting to reconnect RS_build_sunx64_asekernal6
Sep 18, 2015 2:45:31 AM hudson.slaves.SlaveComputer tryReconnect
INFO: Attempting to reconnect RS_build_sunx64_augusta
Sep 18, 2015 2:45:31 AM hudson.slaves.SlaveComputer tryReconnect
INFO: Attempting to reconnect RS_build_test_hpia64_repqahpia1
Sep 18, 2015 2:47:31 AM hudson.slaves.SlaveComputer tryReconnect
INFO: Attempting to reconnect RS_build_hpia64_hsdub0001_official
Sep 18, 2015 2:47:31 AM hudson.slaves.SlaveComputer tryReconnect
INFO: Attempting to reconnect RS_build_test_hpia64_repqahpia5
Sep 18, 2015 2:56:23 AM hudson.node_monitors.ResponseTimeMonitor$1 monitor
WARNING: Making RS_build_test_hpia64_repqahpia5 offline because it’s not responding
Sep 18, 2015 2:56:23 AM hudson.node_monitors.ResponseTimeMonitor$1 monitor
WARNING: Making RS_build_sunx64_asekernal6 offline because it’s not responding
Sep 18, 2015 2:56:23 AM hudson.node_monitors.ResponseTimeMonitor$1 monitor
WARNING: Making RS_build_test_hpia64_repqahpia1 offline because it’s not responding
Sep 18, 2015 2:56:23 AM hudson.node_monitors.ResponseTimeMonitor$1 monitor
WARNING: Making RS_build_sunx64_augusta offline because it’s not responding
Sep 18, 2015 2:56:23 AM hudson.node_monitors.ResponseTimeMonitor$1 monitor
WARNING: Making RS_build_hpia64_hsdub0001_official offline because it’s not responding
Sep 18, 2015 3:05:31 AM hudson.slaves.SlaveComputer tryReconnect
INFO: Attempting to reconnect RS_build_sunx64_asekernal6
Sep 18, 2015 3:05:31 AM hudson.slaves.SlaveComputer tryReconnect
INFO: Attempting to reconnect RS_build_sunx64_augusta
Sep 18, 2015 3:05:31 AM hudson.slaves.SlaveComputer tryReconnect
INFO: Attempting to reconnect RS_build_test_hpia64_repqahpia1
Sep 18, 2015 3:07:31 AM hudson.slaves.SlaveComputer tryReconnect
INFO: Attempting to reconnect RS_build_hpia64_hsdub0001_official
Sep 18, 2015 3:07:31 AM hudson.slaves.SlaveComputer tryReconnect
INFO: Attempting to reconnect RS_build_test_hpia64_repqahpia5
Sep 18, 2015 3:09:01 AM hudson.model.Run execute
INFO: SRS_SP300_STAGE_HRAX_PEORIOICALLY #1696 main build action completed: SUCCESS
Sep 18, 2015 3:26:31 AM hudson.slaves.SlaveComputer tryReconnect
INFO: Attempting to reconnect RS_build_sunx64_asekernal6
Sep 18, 2015 3:26:31 AM hudson.slaves.SlaveComputer tryReconnect
INFO: Attempting to reconnect RS_build_sunx64_augusta
Sep 18, 2015 3:26:31 AM hudson.slaves.SlaveComputer tryReconnect
INFO: Attempting to reconnect RS_build_test_hpia64_repqahpia1
Sep 18, 2015 3:28:31 AM hudson.slaves.SlaveComputer tryReconnect
INFO: Attempting to reconnect RS_build_hpia64_hsdub0001_official
Sep 18, 2015 3:28:31 AM hudson.slaves.SlaveComputer tryReconnect
INFO: Attempting to reconnect RS_build_test_hpia64_repqahpia5
Sep 18, 2015 3:39:01 AM hudson.model.Run execute
INFO: SRS_SP300_STAGE_HRAX_PEORIOICALLY #1697 main build action completed: SUCCESS
Sep 18, 2015 3:47:31 AM hudson.slaves.SlaveComputer tryReconnect
INFO: Attempting to reconnect RS_build_sunx64_asekernal6
Sep 18, 2015 3:47:31 AM hudson.slaves.SlaveComputer tryReconnect
INFO: Attempting to reconnect RS_build_sunx64_augusta
Sep 18, 2015 3:47:31 AM hudson.slaves.SlaveComputer tryReconnect
INFO: Attempting to reconnect RS_build_test_hpia64_repqahpia1
Sep 18, 2015 3:49:31 AM hudson.slaves.SlaveComputer tryReconnect
INFO: Attempting to reconnect RS_build_hpia64_hsdub0001_official
Sep 18, 2015 3:49:31 AM hudson.slaves.SlaveComputer tryReconnect
INFO: Attempting to reconnect RS_build_test_hpia64_repqahpia5
Sep 18, 2015 3:56:23 AM hudson.node_monitors.ResponseTimeMonitor$1 monitor
WARNING: Making RS_build_test_hpia64_repqahpia5 offline because it’s not responding
Sep 18, 2015 3:56:23 AM hudson.node_monitors.ResponseTimeMonitor$1 monitor
WARNING: Making RS_build_sunx64_asekernal6 offline because it’s not responding
Sep 18, 2015 3:56:23 AM hudson.node_monitors.ResponseTimeMonitor$1 monitor
WARNING: Making RS_build_test_hpia64_repqahpia1 offline because it’s not responding
Sep 18, 2015 3:56:23 AM hudson.node_monitors.ResponseTimeMonitor$1 monitor
WARNING: Making RS_build_sunx64_augusta offline because it’s not responding
Sep 18, 2015 3:56:23 AM hudson.node_monitors.ResponseTimeMonitor$1 monitor
WARNING: Making RS_build_hpia64_hsdub0001_official offline because it’s not responding
Sep 18, 2015 4:08:31 AM hudson.slaves.SlaveComputer tryReconnect
INFO: Attempting to reconnect RS_build_sunx64_asekernal6
Sep 18, 2015 4:08:31 AM hudson.slaves.SlaveComputer tryReconnect
INFO: Attempting to reconnect RS_build_sunx64_augusta
Sep 18, 2015 4:08:31 AM hudson.slaves.SlaveComputer tryReconnect
INFO: Attempting to reconnect RS_build_test_hpia64_repqahpia1
Sep 18, 2015 4:09:03 AM hudson.model.Run execute
INFO: SRS_SP300_STAGE_HRAX_PEORIOICALLY #1698 main build action completed: SUCCESS
Sep 18, 2015 4:09:31 AM hudson.slaves.SlaveComputer tryReconnect
INFO: Attempting to reconnect RS_build_hpia64_hsdub0001_official
Sep 18, 2015 4:09:31 AM hudson.slaves.SlaveComputer tryReconnect
INFO: Attempting to reconnect RS_build_test_hpia64_repqahpia5
Sep 18, 2015 4:28:31 AM hudson.slaves.SlaveComputer tryReconnect
INFO: Attempting to reconnect RS_build_sunx64_asekernal6
Sep 18, 2015 4:28:31 AM hudson.slaves.SlaveComputer tryReconnect
INFO: Attempting to reconnect RS_build_sunx64_augusta
Sep 18, 2015 4:28:31 AM hudson.slaves.SlaveComputer tryReconnect
INFO: Attempting to reconnect RS_build_test_hpia64_repqahpia1
Sep 18, 2015 4:29:44 AM hudson.model.AsyncPeriodicWork$1 run
INFO: Started Workspace clean-up
Sep 18, 2015 4:30:31 AM hudson.slaves.SlaveComputer tryReconnect
INFO: Attempting to reconnect RS_build_hpia64_hsdub0001_official
Sep 18, 2015 4:30:31 AM hudson.slaves.SlaveComputer tryReconnect
INFO: Attempting to reconnect RS_build_test_hpia64_repqahpia5
Sep 18, 2015 4:31:02 AM hudson.model.AsyncPeriodicWork$1 run
INFO: Finished Workspace clean-up. 77,487 ms
Sep 18, 2015 4:39:02 AM hudson.model.Run execute
INFO: SRS_SP300_STAGE_HRAX_PEORIOICALLY #1699 main build action completed: SUCCESS
Sep 18, 2015 4:50:31 AM hudson.slaves.SlaveComputer tryReconnect
INFO: Attempting to reconnect RS_build_sunx64_asekernal6
Sep 18, 2015 4:50:31 AM hudson.slaves.SlaveComputer tryReconnect
INFO: Attempting to reconnect RS_build_sunx64_augusta
Sep 18, 2015 4:50:31 AM hudson.slaves.SlaveComputer tryReconnect
INFO: Attempting to reconnect RS_build_test_hpia64_repqahpia1
Sep 18, 2015 4:52:31 AM hudson.slaves.SlaveComputer tryReconnect
INFO: Attempting to reconnect RS_build_hpia64_hsdub0001_official
Sep 18, 2015 4:52:31 AM hudson.slaves.SlaveComputer tryReconnect
INFO: Attempting to reconnect RS_build_test_hpia64_repqahpia5
Sep 18, 2015 4:56:23 AM hudson.node_monitors.ResponseTimeMonitor$1 monitor
WARNING: Making RS_build_test_hpia64_repqahpia5 offline because it’s not responding
Sep 18, 2015 4:56:23 AM hudson.node_monitors.ResponseTimeMonitor$1 monitor
WARNING: Making RS_build_sunx64_asekernal6 offline because it’s not responding
Sep 18, 2015 4:56:23 AM hudson.node_monitors.ResponseTimeMonitor$1 monitor
WARNING: Making RS_build_test_hpia64_repqahpia1 offline because it’s not responding
Sep 18, 2015 4:56:23 AM hudson.node_monitors.ResponseTimeMonitor$1 monitor
WARNING: Making RS_build_sunx64_augusta offline because it’s not responding
Sep 18, 2015 4:56:23 AM hudson.node_monitors.ResponseTimeMonitor$1 monitor
WARNING: Making RS_build_hpia64_hsdub0001_official offline because it’s not responding
Sep 18, 2015 5:09:02 AM hudson.model.Run execute
INFO: SRS_SP300_STAGE_HRAX_PEORIOICALLY #1700 main build action completed: SUCCESS
Sep 18, 2015 5:09:31 AM hudson.slaves.SlaveComputer tryReconnect
INFO: Attempting to reconnect RS_build_sunx64_asekernal6
Sep 18, 2015 5:09:31 AM hudson.slaves.SlaveComputer tryReconnect
INFO: Attempting to reconnect RS_build_sunx64_augusta
Sep 18, 2015 5:09:31 AM hudson.slaves.SlaveComputer tryReconnect
INFO: Attempting to reconnect RS_build_test_hpia64_repqahpia1
Sep 18, 2015 5:11:31 AM hudson.slaves.SlaveComputer tryReconnect
INFO: Attempting to reconnect RS_build_hpia64_hsdub0001_official
Sep 18, 2015 5:11:31 AM hudson.slaves.SlaveComputer tryReconnect
INFO: Attempting to reconnect RS_build_test_hpia64_repqahpia5
Sep 18, 2015 5:31:31 AM hudson.slaves.SlaveComputer tryReconnect
INFO: Attempting to reconnect RS_build_sunx64_asekernal6
Sep 18, 2015 5:31:31 AM hudson.slaves.SlaveComputer tryReconnect
INFO: Attempting to reconnect RS_build_sunx64_augusta
Sep 18, 2015 5:31:31 AM hudson.slaves.SlaveComputer tryReconnect
INFO: Attempting to reconnect RS_build_test_hpia64_repqahpia1
Sep 18, 2015 5:33:31 AM hudson.slaves.SlaveComputer tryReconnect
INFO: Attempting to reconnect RS_build_hpia64_hsdub0001_official
Sep 18, 2015 5:33:31 AM hudson.slaves.SlaveComputer tryReconnect
INFO: Attempting to reconnect RS_build_test_hpia64_repqahpia5
Sep 18, 2015 5:39:03 AM hudson.model.Run execute
INFO: SRS_SP300_STAGE_HRAX_PEORIOICALLY #1701 main build action completed: SUCCESS
Sep 18, 2015 5:52:31 AM hudson.slaves.SlaveComputer tryReconnect
INFO: Attempting to reconnect RS_build_sunx64_asekernal6
Sep 18, 2015 5:52:31 AM hudson.slaves.SlaveComputer tryReconnect
INFO: Attempting to reconnect RS_build_sunx64_augusta
Sep 18, 2015 5:52:31 AM hudson.slaves.SlaveComputer tryReconnect
INFO: Attempting to reconnect RS_build_test_hpia64_repqahpia1
Sep 18, 2015 5:54:31 AM hudson.slaves.SlaveComputer tryReconnect
INFO: Attempting to reconnect RS_build_hpia64_hsdub0001_official
Sep 18, 2015 5:54:31 AM hudson.slaves.SlaveComputer tryReconnect
INFO: Attempting to reconnect RS_build_test_hpia64_repqahpia5
Sep 18, 2015 5:56:23 AM hudson.node_monitors.ResponseTimeMonitor$1 monitor
WARNING: Making RS_build_test_hpia64_repqahpia5 offline because it’s not responding
Sep 18, 2015 5:56:23 AM hudson.node_monitors.ResponseTimeMonitor$1 monitor
WARNING: Making RS_build_sunx64_asekernal6 offline because it’s not responding
Sep 18, 2015 5:56:23 AM hudson.node_monitors.ResponseTimeMonitor$1 monitor
WARNING: Making RS_build_test_hpia64_repqahpia1 offline because it’s not responding
Sep 18, 2015 5:56:23 AM hudson.node_monitors.ResponseTimeMonitor$1 monitor
WARNING: Making RS_build_sunx64_augusta offline because it’s not responding
Sep 18, 2015 5:56:23 AM hudson.node_monitors.ResponseTimeMonitor$1 monitor
WARNING: Making RS_build_hpia64_hsdub0001_official offline because it’s not responding
Sep 18, 2015 6:01:03 AM hudson.model.Run execute
INFO: SRS_SP300_STAGE_DA_PEORIOICALLY #142 main build action completed: SUCCESS
Sep 18, 2015 6:09:01 AM hudson.model.Run execute
INFO: SRS_SP300_STAGE_HRAX_PEORIOICALLY #1702 main build action completed: SUCCESS
Sep 18, 2015 6:15:31 AM hudson.slaves.SlaveComputer tryReconnect
INFO: Attempting to reconnect RS_build_sunx64_asekernal6
Sep 18, 2015 6:15:31 AM hudson.slaves.SlaveComputer tryReconnect
INFO: Attempting to reconnect RS_build_sunx64_augusta
Sep 18, 2015 6:15:31 AM hudson.slaves.SlaveComputer tryReconnect
INFO: Attempting to reconnect RS_build_test_hpia64_repqahpia1
Sep 18, 2015 6:17:31 AM hudson.slaves.SlaveComputer tryReconnect
INFO: Attempting to reconnect RS_build_hpia64_hsdub0001_official
Sep 18, 2015 6:17:31 AM hudson.slaves.SlaveComputer tryReconnect
INFO: Attempting to reconnect RS_build_test_hpia64_repqahpia5
Sep 18, 2015 6:37:31 AM hudson.slaves.SlaveComputer tryReconnect
INFO: Attempting to reconnect RS_build_sunx64_asekernal6
Sep 18, 2015 6:37:31 AM hudson.slaves.SlaveComputer tryReconnect
INFO: Attempting to reconnect RS_build_sunx64_augusta
Sep 18, 2015 6:37:31 AM hudson.slaves.SlaveComputer tryReconnect
INFO: Attempting to reconnect RS_build_test_hpia64_repqahpia1
Sep 18, 2015 6:39:01 AM hudson.model.Run execute
INFO: SRS_SP300_STAGE_HRAX_PEORIOICALLY #1703 main build action completed: SUCCESS
Sep 18, 2015 6:39:31 AM hudson.slaves.SlaveComputer tryReconnect
INFO: Attempting to reconnect RS_build_hpia64_hsdub0001_official
Sep 18, 2015 6:39:31 AM hudson.slaves.SlaveComputer tryReconnect
INFO: Attempting to reconnect RS_build_test_hpia64_repqahpia5
Sep 18, 2015 6:56:23 AM hudson.node_monitors.ResponseTimeMonitor$1 monitor
WARNING: Making RS_build_test_hpia64_repqahpia5 offline because it’s not responding
Sep 18, 2015 6:56:23 AM hudson.node_monitors.ResponseTimeMonitor$1 monitor
WARNING: Making RS_build_sunx64_asekernal6 offline because it’s not responding
Sep 18, 2015 6:56:23 AM hudson.node_monitors.ResponseTimeMonitor$1 monitor
WARNING: Making RS_build_test_hpia64_repqahpia1 offline because it’s not responding
Sep 18, 2015 6:56:23 AM hudson.node_monitors.ResponseTimeMonitor$1 monitor
WARNING: Making RS_build_sunx64_augusta offline because it’s not responding
Sep 18, 2015 6:56:23 AM hudson.node_monitors.ResponseTimeMonitor$1 monitor
WARNING: Making RS_build_hpia64_hsdub0001_official offline because it’s not responding
Sep 18, 2015 6:59:31 AM hudson.slaves.SlaveComputer tryReconnect
INFO: Attempting to reconnect RS_build_sunx64_asekernal6
Sep 18, 2015 6:59:31 AM hudson.slaves.SlaveComputer tryReconnect
INFO: Attempting to reconnect RS_build_sunx64_augusta
Sep 18, 2015 6:59:31 AM hudson.slaves.SlaveComputer tryReconnect
INFO: Attempting to reconnect RS_build_test_hpia64_repqahpia1
Sep 18, 2015 7:01:31 AM hudson.slaves.SlaveComputer tryReconnect
INFO: Attempting to reconnect RS_build_hpia64_hsdub0001_official
Sep 18, 2015 7:01:31 AM hudson.slaves.SlaveComputer tryReconnect
INFO: Attempting to reconnect RS_build_test_hpia64_repqahpia5
Sep 18, 2015 7:09:01 AM hudson.model.Run execute
INFO: SRS_SP300_STAGE_HRAX_PEORIOICALLY #1704 main build action completed: SUCCESS
Sep 18, 2015 7:19:31 AM hudson.slaves.SlaveComputer tryReconnect
INFO: Attempting to reconnect RS_build_sunx64_asekernal6
Sep 18, 2015 7:19:31 AM hudson.slaves.SlaveComputer tryReconnect
INFO: Attempting to reconnect RS_build_sunx64_augusta
Sep 18, 2015 7:19:31 AM hudson.slaves.SlaveComputer tryReconnect
INFO: Attempting to reconnect RS_build_test_hpia64_repqahpia1
Sep 18, 2015 7:21:31 AM hudson.slaves.SlaveComputer tryReconnect
INFO: Attempting to reconnect RS_build_hpia64_hsdub0001_official
Sep 18, 2015 7:21:31 AM hudson.slaves.SlaveComputer tryReconnect
INFO: Attempting to reconnect RS_build_test_hpia64_repqahpia5
Sep 18, 2015 7:39:01 AM hudson.model.Run execute
INFO: SRS_SP300_STAGE_HRAX_PEORIOICALLY #1705 main build action completed: SUCCESS
Sep 18, 2015 7:41:31 AM hudson.slaves.SlaveComputer tryReconnect
INFO: Attempting to reconnect RS_build_sunx64_asekernal6
Sep 18, 2015 7:41:31 AM hudson.slaves.SlaveComputer tryReconnect
INFO: Attempting to reconnect RS_build_sunx64_augusta
Sep 18, 2015 7:41:31 AM hudson.slaves.SlaveComputer tryReconnect
INFO: Attempting to reconnect RS_build_test_hpia64_repqahpia1
Sep 18, 2015 7:43:31 AM hudson.slaves.SlaveComputer tryReconnect
INFO: Attempting to reconnect RS_build_hpia64_hsdub0001_official
Sep 18, 2015 7:43:31 AM hudson.slaves.SlaveComputer tryReconnect
INFO: Attempting to reconnect RS_build_test_hpia64_repqahpia5
Sep 18, 2015 7:56:23 AM hudson.node_monitors.ResponseTimeMonitor$1 monitor
WARNING: Making RS_build_test_hpia64_repqahpia5 offline because it’s not responding
Sep 18, 2015 7:56:23 AM hudson.node_monitors.ResponseTimeMonitor$1 monitor
WARNING: Making RS_build_sunx64_asekernal6 offline because it’s not responding
Sep 18, 2015 7:56:23 AM hudson.node_monitors.ResponseTimeMonitor$1 monitor
WARNING: Making RS_build_test_hpia64_repqahpia1 offline because it’s not responding
Sep 18, 2015 7:56:23 AM hudson.node_monitors.ResponseTimeMonitor$1 monitor
WARNING: Making RS_build_sunx64_augusta offline because it’s not responding
Sep 18, 2015 7:56:23 AM hudson.node_monitors.ResponseTimeMonitor$1 monitor
WARNING: Making RS_build_hpia64_hsdub0001_official offline because it’s not responding
Sep 18, 2015 8:03:31 AM hudson.slaves.SlaveComputer tryReconnect
INFO: Attempting to reconnect RS_build_sunx64_asekernal6
Sep 18, 2015 8:03:31 AM hudson.slaves.SlaveComputer tryReconnect
INFO: Attempting to reconnect RS_build_sunx64_augusta
Sep 18, 2015 8:03:31 AM hudson.slaves.SlaveComputer tryReconnect
INFO: Attempting to reconnect RS_build_test_hpia64_repqahpia1
Sep 18, 2015 8:05:31 AM hudson.slaves.SlaveComputer tryReconnect
INFO: Attempting to reconnect RS_build_hpia64_hsdub0001_official
Sep 18, 2015 8:05:31 AM hudson.slaves.SlaveComputer tryReconnect
INFO: Attempting to reconnect RS_build_test_hpia64_repqahpia5
Sep 18, 2015 8:09:01 AM hudson.model.Run execute
INFO: SRS_SP300_STAGE_HRAX_PEORIOICALLY #1706 main build action completed: SUCCESS
Sep 18, 2015 8:24:31 AM hudson.slaves.SlaveComputer tryReconnect
INFO: Attempting to reconnect RS_build_sunx64_asekernal6
Sep 18, 2015 8:24:31 AM hudson.slaves.SlaveComputer tryReconnect
INFO: Attempting to reconnect RS_build_sunx64_augusta
Sep 18, 2015 8:24:31 AM hudson.slaves.SlaveComputer tryReconnect
INFO: Attempting to reconnect RS_build_test_hpia64_repqahpia1
Sep 18, 2015 8:26:31 AM hudson.slaves.SlaveComputer tryReconnect
INFO: Attempting to reconnect RS_build_hpia64_hsdub0001_official
Sep 18, 2015 8:26:31 AM hudson.slaves.SlaveComputer tryReconnect
INFO: Attempting to reconnect RS_build_test_hpia64_repqahpia5
Sep 18, 2015 8:39:01 AM hudson.model.Run execute
INFO: SRS_SP300_STAGE_HRAX_PEORIOICALLY #1707 main build action completed: SUCCESS
Sep 18, 2015 8:46:31 AM hudson.slaves.SlaveComputer tryReconnect
INFO: Attempting to reconnect RS_build_sunx64_asekernal6
Sep 18, 2015 8:46:31 AM hudson.slaves.SlaveComputer tryReconnect
INFO: Attempting to reconnect RS_build_sunx64_augusta
Sep 18, 2015 8:46:31 AM hudson.slaves.SlaveComputer tryReconnect
INFO: Attempting to reconnect RS_build_test_hpia64_repqahpia1
Sep 18, 2015 8:48:31 AM hudson.slaves.SlaveComputer tryReconnect
INFO: Attempting to reconnect RS_build_hpia64_hsdub0001_official
Sep 18, 2015 8:48:31 AM hudson.slaves.SlaveComputer tryReconnect
INFO: Attempting to reconnect RS_build_test_hpia64_repqahpia5
Sep 18, 2015 8:56:23 AM hudson.node_monitors.ResponseTimeMonitor$1 monitor
WARNING: Making RS_build_test_hpia64_repqahpia5 offline because it’s not responding
Sep 18, 2015 8:56:23 AM hudson.node_monitors.ResponseTimeMonitor$1 monitor
WARNING: Making RS_build_sunx64_asekernal6 offline because it’s not responding
Sep 18, 2015 8:56:23 AM hudson.node_monitors.ResponseTimeMonitor$1 monitor
WARNING: Making RS_build_test_hpia64_repqahpia1 offline because it’s not responding
Sep 18, 2015 8:56:23 AM hudson.node_monitors.ResponseTimeMonitor$1 monitor
WARNING: Making RS_build_sunx64_augusta offline because it’s not responding
Sep 18, 2015 8:56:23 AM hudson.node_monitors.ResponseTimeMonitor$1 monitor
WARNING: Making RS_build_hpia64_hsdub0001_official offline because it’s not responding
Sep 18, 2015 9:09:01 AM hudson.model.Run execute
INFO: SRS_SP300_STAGE_HRAX_PEORIOICALLY #1708 main build action completed: SUCCESS
Sep 18, 2015 9:10:31 AM hudson.slaves.SlaveComputer tryReconnect
INFO: Attempting to reconnect RS_build_sunx64_asekernal6
Sep 18, 2015 9:10:31 AM hudson.slaves.SlaveComputer tryReconnect
INFO: Attempting to reconnect RS_build_sunx64_augusta
Sep 18, 2015 9:10:31 AM hudson.slaves.SlaveComputer tryReconnect
INFO: Attempting to reconnect RS_build_test_hpia64_repqahpia1
Sep 18, 2015 9:12:31 AM hudson.slaves.SlaveComputer tryReconnect
INFO: Attempting to reconnect RS_build_hpia64_hsdub0001_official
Sep 18, 2015 9:12:31 AM hudson.slaves.SlaveComputer tryReconnect
INFO: Attempting to reconnect RS_build_test_hpia64_repqahpia5
Sep 18, 2015 9:33:31 AM hudson.slaves.SlaveComputer tryReconnect
INFO: Attempting to reconnect RS_build_sunx64_asekernal6
Sep 18, 2015 9:33:31 AM hudson.slaves.SlaveComputer tryReconnect
INFO: Attempting to reconnect RS_build_sunx64_augusta
Sep 18, 2015 9:33:31 AM hudson.slaves.SlaveComputer tryReconnect
INFO: Attempting to reconnect RS_build_test_hpia64_repqahpia1
Sep 18, 2015 9:35:31 AM hudson.slaves.SlaveComputer tryReconnect
INFO: Attempting to reconnect RS_build_hpia64_hsdub0001_official
Sep 18, 2015 9:35:31 AM hudson.slaves.SlaveComputer tryReconnect
INFO: Attempting to reconnect RS_build_test_hpia64_repqahpia5
Sep 18, 2015 9:39:01 AM hudson.model.Run execute
INFO: SRS_SP300_STAGE_HRAX_PEORIOICALLY #1709 main build action completed: SUCCESS
Sep 18, 2015 9:55:31 AM hudson.slaves.SlaveComputer tryReconnect
INFO: Attempting to reconnect RS_build_sunx64_asekernal6
Sep 18, 2015 9:55:31 AM hudson.slaves.SlaveComputer tryReconnect
INFO: Attempting to reconnect RS_build_sunx64_augusta
Sep 18, 2015 9:55:31 AM hudson.slaves.SlaveComputer tryReconnect
INFO: Attempting to reconnect RS_build_test_hpia64_repqahpia1
Sep 18, 2015 9:56:23 AM hudson.node_monitors.ResponseTimeMonitor$1 monitor
WARNING: Making RS_build_test_hpia64_repqahpia5 offline because it’s not responding
Sep 18, 2015 9:56:23 AM hudson.node_monitors.ResponseTimeMonitor$1 monitor
WARNING: Making RS_build_sunx64_asekernal6 offline because it’s not responding
Sep 18, 2015 9:56:23 AM hudson.node_monitors.ResponseTimeMonitor$1 monitor
WARNING: Making RS_build_test_hpia64_repqahpia1 offline because it’s not responding
Sep 18, 2015 9:56:23 AM hudson.node_monitors.ResponseTimeMonitor$1 monitor
WARNING: Making RS_build_sunx64_augusta offline because it’s not responding
Sep 18, 2015 9:56:23 AM hudson.node_monitors.ResponseTimeMonitor$1 monitor
WARNING: Making RS_build_hpia64_hsdub0001_official offline because it’s not responding
Sep 18, 2015 9:56:31 AM hudson.slaves.SlaveComputer tryReconnect
INFO: Attempting to reconnect RS_build_hpia64_hsdub0001_official
Sep 18, 2015 9:56:31 AM hudson.slaves.SlaveComputer tryReconnect
INFO: Attempting to reconnect RS_build_test_hpia64_repqahpia5
Sep 18, 2015 10:09:01 AM hudson.model.Run execute
INFO: SRS_SP300_STAGE_HRAX_PEORIOICALLY #1710 main build action completed: SUCCESS
Sep 18, 2015 10:16:31 AM hudson.slaves.SlaveComputer tryReconnect
INFO: Attempting to reconnect RS_build_sunx64_asekernal6
Sep 18, 2015 10:16:31 AM hudson.slaves.SlaveComputer tryReconnect
INFO: Attempting to reconnect RS_build_sunx64_augusta
Sep 18, 2015 10:16:31 AM hudson.slaves.SlaveComputer tryReconnect
INFO: Attempting to reconnect RS_build_test_hpia64_repqahpia1
Sep 18, 2015 10:17:31 AM hudson.slaves.SlaveComputer tryReconnect
INFO: Attempting to reconnect RS_build_hpia64_hsdub0001_official
Sep 18, 2015 10:17:31 AM hudson.slaves.SlaveComputer tryReconnect
INFO: Attempting to reconnect RS_build_test_hpia64_repqahpia5
Sep 18, 2015 10:36:31 AM hudson.slaves.SlaveComputer tryReconnect
INFO: Attempting to reconnect RS_build_sunx64_asekernal6
Sep 18, 2015 10:36:31 AM hudson.slaves.SlaveComputer tryReconnect
INFO: Attempting to reconnect RS_build_sunx64_augusta
Sep 18, 2015 10:36:31 AM hudson.slaves.SlaveComputer tryReconnect
INFO: Attempting to reconnect RS_build_test_hpia64_repqahpia1
Sep 18, 2015 10:38:31 AM hudson.slaves.SlaveComputer tryReconnect
INFO: Attempting to reconnect RS_build_hpia64_hsdub0001_official
Sep 18, 2015 10:38:31 AM hudson.slaves.SlaveComputer tryReconnect
INFO: Attempting to reconnect RS_build_test_hpia64_repqahpia5
Sep 18, 2015 10:39:01 AM hudson.model.Run execute
INFO: SRS_SP300_STAGE_HRAX_PEORIOICALLY #1711 main build action completed: SUCCESS
Sep 18, 2015 10:56:23 AM hudson.node_monitors.ResponseTimeMonitor$1 monitor
WARNING: Making RS_build_test_hpia64_repqahpia5 offline because it’s not responding
Sep 18, 2015 10:56:23 AM hudson.node_monitors.ResponseTimeMonitor$1 monitor
WARNING: Making RS_build_sunx64_asekernal6 offline because it’s not responding
Sep 18, 2015 10:56:23 AM hudson.node_monitors.ResponseTimeMonitor$1 monitor
WARNING: Making RS_build_test_hpia64_repqahpia1 offline because it’s not responding
Sep 18, 2015 10:56:23 AM hudson.node_monitors.ResponseTimeMonitor$1 monitor
WARNING: Making RS_build_sunx64_augusta offline because it’s not responding
Sep 18, 2015 10:56:23 AM hudson.node_monitors.ResponseTimeMonitor$1 monitor
WARNING: Making RS_build_hpia64_hsdub0001_official offline because it’s not responding
Sep 18, 2015 10:58:31 AM hudson.slaves.SlaveComputer tryReconnect
INFO: Attempting to reconnect RS_build_sunx64_asekernal6
Sep 18, 2015 10:58:31 AM hudson.slaves.SlaveComputer tryReconnect
INFO: Attempting to reconnect RS_build_sunx64_augusta
Sep 18, 2015 10:58:31 AM hudson.slaves.SlaveComputer tryReconnect
INFO: Attempting to reconnect RS_build_test_hpia64_repqahpia1
Sep 18, 2015 11:00:31 AM hudson.slaves.SlaveComputer tryReconnect
INFO: Attempting to reconnect RS_build_hpia64_hsdub0001_official
Sep 18, 2015 11:00:31 AM hudson.slaves.SlaveComputer tryReconnect
INFO: Attempting to reconnect RS_build_test_hpia64_repqahpia5
Sep 18, 2015 11:09:01 AM hudson.model.Run execute
INFO: SRS_SP300_STAGE_HRAX_PEORIOICALLY #1712 main build action completed: SUCCESS
Sep 18, 2015 11:20:31 AM hudson.slaves.SlaveComputer tryReconnect
INFO: Attempting to reconnect RS_build_sunx64_asekernal6
Sep 18, 2015 11:20:31 AM hudson.slaves.SlaveComputer tryReconnect
INFO: Attempting to reconnect RS_build_sunx64_augusta
Sep 18, 2015 11:20:31 AM hudson.slaves.SlaveComputer tryReconnect
INFO: Attempting to reconnect RS_build_test_hpia64_repqahpia1
Sep 18, 2015 11:22:31 AM hudson.slaves.SlaveComputer tryReconnect
INFO: Attempting to reconnect RS_build_hpia64_hsdub0001_official
Sep 18, 2015 11:22:31 AM hudson.slaves.SlaveComputer tryReconnect
INFO: Attempting to reconnect RS_build_test_hpia64_repqahpia5
Sep 18, 2015 11:39:01 AM hudson.model.Run execute
INFO: SRS_SP300_STAGE_HRAX_PEORIOICALLY #1713 main build action completed: SUCCESS
Sep 18, 2015 11:41:31 AM hudson.slaves.SlaveComputer tryReconnect
INFO: Attempting to reconnect RS_build_sunx64_asekernal6
Sep 18, 2015 11:41:31 AM hudson.slaves.SlaveComputer tryReconnect
INFO: Attempting to reconnect RS_build_sunx64_augusta
Sep 18, 2015 11:41:31 AM hudson.slaves.SlaveComputer tryReconnect
INFO: Attempting to reconnect RS_build_test_hpia64_repqahpia1
Sep 18, 2015 11:43:31 AM hudson.slaves.SlaveComputer tryReconnect
INFO: Attempting to reconnect RS_build_hpia64_hsdub0001_official
Sep 18, 2015 11:43:31 AM hudson.slaves.SlaveComputer tryReconnect
INFO: Attempting to reconnect RS_build_test_hpia64_repqahpia5
Sep 18, 2015 11:56:23 AM hudson.node_monitors.ResponseTimeMonitor$1 monitor
WARNING: Making RS_build_test_hpia64_repqahpia5 offline because it’s not responding
Sep 18, 2015 11:56:23 AM hudson.node_monitors.ResponseTimeMonitor$1 monitor
WARNING: Making RS_build_sunx64_asekernal6 offline because it’s not responding
Sep 18, 2015 11:56:23 AM hudson.node_monitors.ResponseTimeMonitor$1 monitor
WARNING: Making RS_build_test_hpia64_repqahpia1 offline because it’s not responding
Sep 18, 2015 11:56:23 AM hudson.node_monitors.ResponseTimeMonitor$1 monitor
WARNING: Making RS_build_sunx64_augusta offline because it’s not responding
Sep 18, 2015 11:56:23 AM hudson.node_monitors.ResponseTimeMonitor$1 monitor
WARNING: Making RS_build_hpia64_hsdub0001_official offline because it’s not responding
Sep 18, 2015 11:57:50 AM hudson.model.AsyncPeriodicWork$1 run
INFO: Started Fingerprint cleanup
Sep 18, 2015 11:57:50 AM hudson.model.AsyncPeriodicWork$1 run
INFO: Finished Fingerprint cleanup. 20 ms
Sep 18, 2015 12:01:02 PM hudson.model.Run execute
INFO: SRS_SP300_STAGE_DA_PEORIOICALLY #143 main build action completed: SUCCESS
Sep 18, 2015 12:04:31 PM hudson.slaves.SlaveComputer tryReconnect
INFO: Attempting to reconnect RS_build_sunx64_asekernal6
Sep 18, 2015 12:04:31 PM hudson.slaves.SlaveComputer tryReconnect
INFO: Attempting to reconnect RS_build_sunx64_augusta
Sep 18, 2015 12:04:31 PM hudson.slaves.SlaveComputer tryReconnect
INFO: Attempting to reconnect RS_build_test_hpia64_repqahpia1
Sep 18, 2015 12:06:31 PM hudson.slaves.SlaveComputer tryReconnect
INFO: Attempting to reconnect RS_build_hpia64_hsdub0001_official
Sep 18, 2015 12:06:31 PM hudson.slaves.SlaveComputer tryReconnect
INFO: Attempting to reconnect RS_build_test_hpia64_repqahpia5
Sep 18, 2015 12:09:03 PM hudson.model.Run execute
INFO: SRS_SP300_STAGE_HRAX_PEORIOICALLY #1714 main build action completed: SUCCESS
Sep 18, 2015 12:26:31 PM hudson.slaves.SlaveComputer tryReconnect
INFO: Attempting to reconnect RS_build_sunx64_asekernal6
Sep 18, 2015 12:26:31 PM hudson.slaves.SlaveComputer tryReconnect
INFO: Attempting to reconnect RS_build_sunx64_augusta
Sep 18, 2015 12:26:31 PM hudson.slaves.SlaveComputer tryReconnect
INFO: Attempting to reconnect RS_build_test_hpia64_repqahpia1
Sep 18, 2015 12:27:31 PM hudson.slaves.SlaveComputer tryReconnect
INFO: Attempting to reconnect RS_build_hpia64_hsdub0001_official
Sep 18, 2015 12:27:31 PM hudson.slaves.SlaveComputer tryReconnect
INFO: Attempting to reconnect RS_build_test_hpia64_repqahpia5
Sep 18, 2015 12:39:00 PM hudson.model.Run execute
INFO: SRS_SP300_STAGE_HRAX_PEORIOICALLY #1715 main build action completed: SUCCESS
Sep 18, 2015 12:46:31 PM hudson.slaves.SlaveComputer tryReconnect
INFO: Attempting to reconnect RS_build_sunx64_asekernal6
Sep 18, 2015 12:46:31 PM hudson.slaves.SlaveComputer tryReconnect
INFO: Attempting to reconnect RS_build_sunx64_augusta
Sep 18, 2015 12:46:31 PM hudson.slaves.SlaveComputer tryReconnect
INFO: Attempting to reconnect RS_build_test_hpia64_repqahpia1
Sep 18, 2015 12:48:31 PM hudson.slaves.SlaveComputer tryReconnect
INFO: Attempting to reconnect RS_build_hpia64_hsdub0001_official
Sep 18, 2015 12:48:31 PM hudson.slaves.SlaveComputer tryReconnect
INFO: Attempting to reconnect RS_build_test_hpia64_repqahpia5
Sep 18, 2015 12:50:03 PM hudson.model.AsyncPeriodicWork$1 run
INFO: Started Out of order build detection
Sep 18, 2015 12:50:33 PM jenkins.diagnostics.ooom.Problem$Inspector scan
WARNING: Failed to inspect /remote/repeng10/.jenkins/jobs/1_Nightly_RS_Binary_Build_Linuxamd64/builds/1: /remote/repeng10/.jenkins/jobs/1_Nightly_RS_Binary_Build_Linuxamd64/builds/1/build.xml doesn't exist
Sep 18, 2015 12:53:46 PM jenkins.diagnostics.ooom.Problem$Inspector scan
WARNING: Failed to inspect /remote/repeng10/.jenkins/jobs/3_Nightly_Trigger_QA_Barrier_Test_Linuxamd64_Update/builds/2015-04-21_06-01-32: /remote/repeng10/.jenkins/jobs/3_Nightly_Trigger_QA_Barrier_Test_Linuxamd64_Update/builds/2015-04-21_06-01-32/build.xml doesn't exist
Sep 18, 2015 12:53:46 PM jenkins.diagnostics.ooom.Problem$Inspector scan
WARNING: Failed to inspect /remote/repeng10/.jenkins/jobs/3_Nightly_Trigger_QA_Barrier_Test_Linuxamd64_Update/builds/10: /remote/repeng10/.jenkins/jobs/3_Nightly_Trigger_QA_Barrier_Test_Linuxamd64_Update/builds/10/build.xml doesn't exist
Sep 18, 2015 12:53:47 PM jenkins.diagnostics.ooom.Problem$Inspector scan
WARNING: Failed to inspect /remote/repeng10/.jenkins/jobs/3_Nightly_Trigger_QA_Barrier_Test_Linuxamd64_Update/builds/2015-08-12_02-36-48: /remote/repeng10/.jenkins/jobs/3_Nightly_Trigger_QA_Barrier_Test_Linuxamd64_Update/builds/2015-08-12_02-36-48/build.xml doesn't exist
Sep 18, 2015 12:53:47 PM jenkins.diagnostics.ooom.Problem$Inspector scan
WARNING: Failed to inspect /remote/repeng10/.jenkins/jobs/3_Nightly_Trigger_QA_Barrier_Test_Linuxamd64_Update/builds/115: /remote/repeng10/.jenkins/jobs/3_Nightly_Trigger_QA_Barrier_Test_Linuxamd64_Update/builds/115/build.xml doesn't exist
Sep 18, 2015 12:56:23 PM hudson.node_monitors.ResponseTimeMonitor$1 monitor
WARNING: Making RS_build_test_hpia64_repqahpia5 offline because it’s not responding
Sep 18, 2015 12:56:23 PM hudson.node_monitors.ResponseTimeMonitor$1 monitor
WARNING: Making RS_build_sunx64_asekernal6 offline because it’s not responding
Sep 18, 2015 12:56:23 PM hudson.node_monitors.ResponseTimeMonitor$1 monitor
WARNING: Making RS_build_test_hpia64_repqahpia1 offline because it’s not responding
Sep 18, 2015 12:56:23 PM hudson.node_monitors.ResponseTimeMonitor$1 monitor
WARNING: Making RS_build_sunx64_augusta offline because it’s not responding
Sep 18, 2015 12:56:23 PM hudson.node_monitors.ResponseTimeMonitor$1 monitor
WARNING: Making RS_build_hpia64_hsdub0001_official offline because it’s not responding
Sep 18, 2015 12:57:33 PM jenkins.diagnostics.ooom.Problem$Inspector scan
WARNING: Failed to inspect /remote/repeng10/.jenkins/jobs/3_Sub_Nightly_QA_Test_RS_NORMAL_SHORT/builds/2015-04-21_06-01-52: /remote/repeng10/.jenkins/jobs/3_Sub_Nightly_QA_Test_RS_NORMAL_SHORT/builds/2015-04-21_06-01-52/build.xml doesn't exist
Sep 18, 2015 12:57:33 PM jenkins.diagnostics.ooom.Problem$Inspector scan
WARNING: Failed to inspect /remote/repeng10/.jenkins/jobs/3_Sub_Nightly_QA_Test_RS_NORMAL_SHORT/builds/12: /remote/repeng10/.jenkins/jobs/3_Sub_Nightly_QA_Test_RS_NORMAL_SHORT/builds/12/build.xml doesn't exist
Sep 18, 2015 12:58:35 PM jenkins.diagnostics.ooom.Problem$Inspector scan
WARNING: Failed to inspect /remote/repeng10/.jenkins/jobs/3_Sub_Nightly_QA_Test_RS_STANDBY/builds/2015-04-21_06-01-52: /remote/repeng10/.jenkins/jobs/3_Sub_Nightly_QA_Test_RS_STANDBY/builds/2015-04-21_06-01-52/build.xml doesn't exist
Sep 18, 2015 12:58:35 PM jenkins.diagnostics.ooom.Problem$Inspector scan
WARNING: Failed to inspect /remote/repeng10/.jenkins/jobs/3_Sub_Nightly_QA_Test_RS_STANDBY/builds/11: /remote/repeng10/.jenkins/jobs/3_Sub_Nightly_QA_Test_RS_STANDBY/builds/11/build.xml doesn't exist
Sep 18, 2015 1:01:37 PM jenkins.diagnostics.ooom.Problem$Inspector scan
WARNING: Failed to inspect /remote/repeng10/.jenkins/jobs/MyTest/builds/2015-04-22_00-55-20: /remote/repeng10/.jenkins/jobs/MyTest/builds/2015-04-22_00-55-20/build.xml doesn't exist
Sep 18, 2015 1:01:37 PM jenkins.diagnostics.ooom.Problem$Inspector scan
WARNING: Failed to inspect /remote/repeng10/.jenkins/jobs/MyTest/builds/4: /remote/repeng10/.jenkins/jobs/MyTest/builds/4/build.xml doesn't exist
Sep 18, 2015 1:07:31 PM hudson.slaves.SlaveComputer tryReconnect
INFO: Attempting to reconnect RS_build_sunx64_asekernal6
Sep 18, 2015 1:07:31 PM hudson.slaves.SlaveComputer tryReconnect
INFO: Attempting to reconnect RS_build_sunx64_augusta
Sep 18, 2015 1:07:31 PM hudson.slaves.SlaveComputer tryReconnect
INFO: Attempting to reconnect RS_build_test_hpia64_repqahpia1
Sep 18, 2015 1:08:16 PM hudson.model.AsyncPeriodicWork$1 run
INFO: Finished Out of order build detection. 1,093,820 ms
Sep 18, 2015 1:09:01 PM hudson.model.Run execute
INFO: SRS_SP300_STAGE_HRAX_PEORIOICALLY #1716 main build action completed: SUCCESS
Sep 18, 2015 1:09:31 PM hudson.slaves.SlaveComputer tryReconnect
INFO: Attempting to reconnect RS_build_hpia64_hsdub0001_official
Sep 18, 2015 1:09:31 PM hudson.slaves.SlaveComputer tryReconnect
INFO: Attempting to reconnect RS_build_test_hpia64_repqahpia5
Sep 18, 2015 1:29:31 PM hudson.slaves.SlaveComputer tryReconnect
INFO: Attempting to reconnect RS_build_sunx64_asekernal6
Sep 18, 2015 1:29:31 PM hudson.slaves.SlaveComputer tryReconnect
INFO: Attempting to reconnect RS_build_sunx64_augusta
Sep 18, 2015 1:29:31 PM hudson.slaves.SlaveComputer tryReconnect
INFO: Attempting to reconnect RS_build_test_hpia64_repqahpia1
Sep 18, 2015 1:30:31 PM hudson.slaves.SlaveComputer tryReconnect
INFO: Attempting to reconnect RS_build_hpia64_hsdub0001_official
Sep 18, 2015 1:30:31 PM hudson.slaves.SlaveComputer tryReconnect
INFO: Attempting to reconnect RS_build_test_hpia64_repqahpia5
Sep 18, 2015 1:39:03 PM hudson.model.Run execute
INFO: SRS_SP300_STAGE_HRAX_PEORIOICALLY #1717 main build action completed: SUCCESS
Sep 18, 2015 1:52:31 PM hudson.slaves.SlaveComputer tryReconnect
INFO: Attempting to reconnect RS_build_sunx64_asekernal6
Sep 18, 2015 1:52:31 PM hudson.slaves.SlaveComputer tryReconnect
INFO: Attempting to reconnect RS_build_sunx64_augusta
Sep 18, 2015 1:52:31 PM hudson.slaves.SlaveComputer tryReconnect
INFO: Attempting to reconnect RS_build_test_hpia64_repqahpia1
Sep 18, 2015 1:53:31 PM hudson.slaves.SlaveComputer tryReconnect
INFO: Attempting to reconnect RS_build_hpia64_hsdub0001_official
Sep 18, 2015 1:53:31 PM hudson.slaves.SlaveComputer tryReconnect
INFO: Attempting to reconnect RS_build_test_hpia64_repqahpia5
Sep 18, 2015 1:56:23 PM hudson.node_monitors.ResponseTimeMonitor$1 monitor
WARNING: Making RS_build_test_hpia64_repqahpia5 offline because it’s not responding
Sep 18, 2015 1:56:23 PM hudson.node_monitors.ResponseTimeMonitor$1 monitor
WARNING: Making RS_build_sunx64_asekernal6 offline because it’s not responding
Sep 18, 2015 1:56:23 PM hudson.node_monitors.ResponseTimeMonitor$1 monitor
WARNING: Making RS_build_test_hpia64_repqahpia1 offline because it’s not responding
Sep 18, 2015 1:56:23 PM hudson.node_monitors.ResponseTimeMonitor$1 monitor
WARNING: Making RS_build_sunx64_augusta offline because it’s not responding
Sep 18, 2015 1:56:23 PM hudson.node_monitors.ResponseTimeMonitor$1 monitor
WARNING: Making RS_build_hpia64_hsdub0001_official offline because it’s not responding
Sep 18, 2015 2:09:01 PM hudson.model.Run execute
INFO: SRS_SP300_STAGE_HRAX_PEORIOICALLY #1718 main build action completed: SUCCESS
Sep 18, 2015 2:13:31 PM hudson.slaves.SlaveComputer tryReconnect
INFO: Attempting to reconnect RS_build_sunx64_asekernal6
Sep 18, 2015 2:13:31 PM hudson.slaves.SlaveComputer tryReconnect
INFO: Attempting to reconnect RS_build_sunx64_augusta
Sep 18, 2015 2:13:31 PM hudson.slaves.SlaveComputer tryReconnect
INFO: Attempting to reconnect RS_build_test_hpia64_repqahpia1
Sep 18, 2015 2:15:31 PM hudson.slaves.SlaveComputer tryReconnect
INFO: Attempting to reconnect RS_build_hpia64_hsdub0001_official
Sep 18, 2015 2:15:31 PM hudson.slaves.SlaveComputer tryReconnect
INFO: Attempting to reconnect RS_build_test_hpia64_repqahpia5
Sep 18, 2015 2:34:31 PM hudson.slaves.SlaveComputer tryReconnect
INFO: Attempting to reconnect RS_build_sunx64_asekernal6
Sep 18, 2015 2:34:31 PM hudson.slaves.SlaveComputer tryReconnect
INFO: Attempting to reconnect RS_build_sunx64_augusta
Sep 18, 2015 2:34:31 PM hudson.slaves.SlaveComputer tryReconnect
INFO: Attempting to reconnect RS_build_test_hpia64_repqahpia1
Sep 18, 2015 2:35:31 PM hudson.slaves.SlaveComputer tryReconnect
INFO: Attempting to reconnect RS_build_hpia64_hsdub0001_official
Sep 18, 2015 2:35:31 PM hudson.slaves.SlaveComputer tryReconnect
INFO: Attempting to reconnect RS_build_test_hpia64_repqahpia5
Sep 18, 2015 2:39:01 PM hudson.model.Run execute
INFO: SRS_SP300_STAGE_HRAX_PEORIOICALLY #1719 main build action completed: SUCCESS
Sep 18, 2015 2:56:23 PM hudson.node_monitors.ResponseTimeMonitor$1 monitor
WARNING: Making RS_build_test_hpia64_repqahpia5 offline because it’s not responding
Sep 18, 2015 2:56:23 PM hudson.node_monitors.ResponseTimeMonitor$1 monitor
WARNING: Making RS_build_sunx64_asekernal6 offline because it’s not responding
Sep 18, 2015 2:56:23 PM hudson.node_monitors.ResponseTimeMonitor$1 monitor
WARNING: Making RS_build_test_hpia64_repqahpia1 offline because it’s not responding
Sep 18, 2015 2:56:23 PM hudson.node_monitors.ResponseTimeMonitor$1 monitor
WARNING: Making RS_build_sunx64_augusta offline because it’s not responding
Sep 18, 2015 2:56:23 PM hudson.node_monitors.ResponseTimeMonitor$1 monitor
WARNING: Making RS_build_hpia64_hsdub0001_official offline because it’s not responding
Sep 18, 2015 2:56:31 PM hudson.slaves.SlaveComputer tryReconnect
INFO: Attempting to reconnect RS_build_sunx64_asekernal6
Sep 18, 2015 2:56:31 PM hudson.slaves.SlaveComputer tryReconnect
INFO: Attempting to reconnect RS_build_sunx64_augusta
Sep 18, 2015 2:56:31 PM hudson.slaves.SlaveComputer tryReconnect
INFO: Attempting to reconnect RS_build_test_hpia64_repqahpia1
Sep 18, 2015 2:58:31 PM hudson.slaves.SlaveComputer tryReconnect
INFO: Attempting to reconnect RS_build_hpia64_hsdub0001_official
Sep 18, 2015 2:58:31 PM hudson.slaves.SlaveComputer tryReconnect
INFO: Attempting to reconnect RS_build_test_hpia64_repqahpia5
Sep 18, 2015 3:09:01 PM hudson.model.Run execute
INFO: SRS_SP300_STAGE_HRAX_PEORIOICALLY #1720 main build action completed: SUCCESS
Sep 18, 2015 3:18:31 PM hudson.slaves.SlaveComputer tryReconnect
INFO: Attempting to reconnect RS_build_sunx64_asekernal6
Sep 18, 2015 3:18:31 PM hudson.slaves.SlaveComputer tryReconnect
INFO: Attempting to reconnect RS_build_sunx64_augusta
Sep 18, 2015 3:18:31 PM hudson.slaves.SlaveComputer tryReconnect
INFO: Attempting to reconnect RS_build_test_hpia64_repqahpia1
Sep 18, 2015 3:20:31 PM hudson.slaves.SlaveComputer tryReconnect
INFO: Attempting to reconnect RS_build_hpia64_hsdub0001_official
Sep 18, 2015 3:20:31 PM hudson.slaves.SlaveComputer tryReconnect
INFO: Attempting to reconnect RS_build_test_hpia64_repqahpia5
Sep 18, 2015 3:39:01 PM hudson.model.Run execute
INFO: SRS_SP300_STAGE_HRAX_PEORIOICALLY #1721 main build action completed: SUCCESS
Sep 18, 2015 3:40:31 PM hudson.slaves.SlaveComputer tryReconnect
INFO: Attempting to reconnect RS_build_sunx64_asekernal6
Sep 18, 2015 3:40:31 PM hudson.slaves.SlaveComputer tryReconnect
INFO: Attempting to reconnect RS_build_sunx64_augusta
Sep 18, 2015 3:40:31 PM hudson.slaves.SlaveComputer tryReconnect
INFO: Attempting to reconnect RS_build_test_hpia64_repqahpia1
Sep 18, 2015 3:42:31 PM hudson.slaves.SlaveComputer tryReconnect
INFO: Attempting to reconnect RS_build_hpia64_hsdub0001_official
Sep 18, 2015 3:42:31 PM hudson.slaves.SlaveComputer tryReconnect
INFO: Attempting to reconnect RS_build_test_hpia64_repqahpia5
Sep 18, 2015 3:56:23 PM hudson.node_monitors.ResponseTimeMonitor$1 monitor
WARNING: Making RS_build_test_hpia64_repqahpia5 offline because it’s not responding
Sep 18, 2015 3:56:23 PM hudson.node_monitors.ResponseTimeMonitor$1 monitor
WARNING: Making RS_build_sunx64_asekernal6 offline because it’s not responding
Sep 18, 2015 3:56:23 PM hudson.node_monitors.ResponseTimeMonitor$1 monitor
WARNING: Making RS_build_test_hpia64_repqahpia1 offline because it’s not responding
Sep 18, 2015 3:56:23 PM hudson.node_monitors.ResponseTimeMonitor$1 monitor
WARNING: Making RS_build_sunx64_augusta offline because it’s not responding
Sep 18, 2015 3:56:23 PM hudson.node_monitors.ResponseTimeMonitor$1 monitor
WARNING: Making RS_build_hpia64_hsdub0001_official offline because it’s not responding
Sep 18, 2015 4:02:31 PM hudson.slaves.SlaveComputer tryReconnect
INFO: Attempting to reconnect RS_build_sunx64_asekernal6
Sep 18, 2015 4:02:31 PM hudson.slaves.SlaveComputer tryReconnect
INFO: Attempting to reconnect RS_build_sunx64_augusta
Sep 18, 2015 4:02:31 PM hudson.slaves.SlaveComputer tryReconnect
INFO: Attempting to reconnect RS_build_test_hpia64_repqahpia1
Sep 18, 2015 4:04:31 PM hudson.slaves.SlaveComputer tryReconnect
INFO: Attempting to reconnect RS_build_hpia64_hsdub0001_official
Sep 18, 2015 4:04:31 PM hudson.slaves.SlaveComputer tryReconnect
INFO: Attempting to reconnect RS_build_test_hpia64_repqahpia5
Sep 18, 2015 4:09:01 PM hudson.model.Run execute
INFO: SRS_SP300_STAGE_HRAX_PEORIOICALLY #1722 main build action completed: SUCCESS
Sep 18, 2015 4:24:31 PM hudson.slaves.SlaveComputer tryReconnect
INFO: Attempting to reconnect RS_build_sunx64_asekernal6
Sep 18, 2015 4:24:31 PM hudson.slaves.SlaveComputer tryReconnect
INFO: Attempting to reconnect RS_build_sunx64_augusta
Sep 18, 2015 4:24:31 PM hudson.slaves.SlaveComputer tryReconnect
INFO: Attempting to reconnect RS_build_test_hpia64_repqahpia1
Sep 18, 2015 4:26:31 PM hudson.slaves.SlaveComputer tryReconnect
INFO: Attempting to reconnect RS_build_hpia64_hsdub0001_official
Sep 18, 2015 4:26:31 PM hudson.slaves.SlaveComputer tryReconnect
INFO: Attempting to reconnect RS_build_test_hpia64_repqahpia5
Sep 18, 2015 4:39:00 PM hudson.model.Run execute
INFO: SRS_SP300_STAGE_HRAX_PEORIOICALLY #1723 main build action completed: SUCCESS
Sep 18, 2015 4:45:31 PM hudson.slaves.SlaveComputer tryReconnect
INFO: Attempting to reconnect RS_build_sunx64_asekernal6
Sep 18, 2015 4:45:31 PM hudson.slaves.SlaveComputer tryReconnect
INFO: Attempting to reconnect RS_build_sunx64_augusta
Sep 18, 2015 4:45:31 PM hudson.slaves.SlaveComputer tryReconnect
INFO: Attempting to reconnect RS_build_test_hpia64_repqahpia1
Sep 18, 2015 4:47:31 PM hudson.slaves.SlaveComputer tryReconnect
INFO: Attempting to reconnect RS_build_hpia64_hsdub0001_official
Sep 18, 2015 4:47:31 PM hudson.slaves.SlaveComputer tryReconnect
INFO: Attempting to reconnect RS_build_test_hpia64_repqahpia5
Sep 18, 2015 4:56:24 PM hudson.node_monitors.ResponseTimeMonitor$1 monitor
WARNING: Making RS_build_test_hpia64_repqahpia5 offline because it’s not responding
Sep 18, 2015 4:56:24 PM hudson.node_monitors.ResponseTimeMonitor$1 monitor
WARNING: Making RS_build_sunx64_asekernal6 offline because it’s not responding
Sep 18, 2015 4:56:24 PM hudson.node_monitors.ResponseTimeMonitor$1 monitor
WARNING: Making RS_build_test_hpia64_repqahpia1 offline because it’s not responding
Sep 18, 2015 4:56:24 PM hudson.node_monitors.ResponseTimeMonitor$1 monitor
WARNING: Making RS_build_sunx64_augusta offline because it’s not responding
Sep 18, 2015 4:56:24 PM hudson.node_monitors.ResponseTimeMonitor$1 monitor
WARNING: Making RS_build_hpia64_hsdub0001_official offline because it’s not responding
Sep 18, 2015 5:06:31 PM hudson.slaves.SlaveComputer tryReconnect
INFO: Attempting to reconnect RS_build_sunx64_asekernal6
Sep 18, 2015 5:06:31 PM hudson.slaves.SlaveComputer tryReconnect
INFO: Attempting to reconnect RS_build_sunx64_augusta
Sep 18, 2015 5:06:31 PM hudson.slaves.SlaveComputer tryReconnect
INFO: Attempting to reconnect RS_build_test_hpia64_repqahpia1
Sep 18, 2015 5:08:31 PM hudson.slaves.SlaveComputer tryReconnect
INFO: Attempting to reconnect RS_build_hpia64_hsdub0001_official
Sep 18, 2015 5:08:31 PM hudson.slaves.SlaveComputer tryReconnect
INFO: Attempting to reconnect RS_build_test_hpia64_repqahpia5
Sep 18, 2015 5:09:00 PM hudson.model.Run execute
INFO: SRS_SP300_STAGE_HRAX_PEORIOICALLY #1724 main build action completed: SUCCESS
Sep 18, 2015 5:28:31 PM hudson.model.AsyncPeriodicWork$1 run
INFO: Started Download metadata
Sep 18, 2015 5:28:31 PM hudson.model.AsyncPeriodicWork$1 run
INFO: Finished Download metadata. 17 ms
Sep 18, 2015 5:29:31 PM hudson.slaves.SlaveComputer tryReconnect
INFO: Attempting to reconnect RS_build_sunx64_asekernal6
Sep 18, 2015 5:29:31 PM hudson.slaves.SlaveComputer tryReconnect
INFO: Attempting to reconnect RS_build_sunx64_augusta
Sep 18, 2015 5:29:31 PM hudson.slaves.SlaveComputer tryReconnect
INFO: Attempting to reconnect RS_build_test_hpia64_repqahpia1
Sep 18, 2015 5:31:31 PM hudson.slaves.SlaveComputer tryReconnect
INFO: Attempting to reconnect RS_build_hpia64_hsdub0001_official
Sep 18, 2015 5:31:31 PM hudson.slaves.SlaveComputer tryReconnect
INFO: Attempting to reconnect RS_build_test_hpia64_repqahpia5
Sep 18, 2015 5:39:00 PM hudson.model.Run execute
INFO: SRS_SP300_STAGE_HRAX_PEORIOICALLY #1725 main build action completed: SUCCESS
Sep 18, 2015 5:51:31 PM hudson.slaves.SlaveComputer tryReconnect
INFO: Attempting to reconnect RS_build_sunx64_asekernal6
Sep 18, 2015 5:51:31 PM hudson.slaves.SlaveComputer tryReconnect
INFO: Attempting to reconnect RS_build_sunx64_augusta
Sep 18, 2015 5:51:31 PM hudson.slaves.SlaveComputer tryReconnect
INFO: Attempting to reconnect RS_build_test_hpia64_repqahpia1
Sep 18, 2015 5:52:31 PM hudson.slaves.SlaveComputer tryReconnect
INFO: Attempting to reconnect RS_build_hpia64_hsdub0001_official
Sep 18, 2015 5:52:31 PM hudson.slaves.SlaveComputer tryReconnect
INFO: Attempting to reconnect RS_build_test_hpia64_repqahpia5
Sep 18, 2015 5:56:23 PM hudson.node_monitors.ResponseTimeMonitor$1 monitor
WARNING: Making RS_build_test_hpia64_repqahpia5 offline because it’s not responding
Sep 18, 2015 5:56:23 PM hudson.node_monitors.ResponseTimeMonitor$1 monitor
WARNING: Making RS_build_sunx64_asekernal6 offline because it’s not responding
Sep 18, 2015 5:56:23 PM hudson.node_monitors.ResponseTimeMonitor$1 monitor
WARNING: Making RS_build_test_hpia64_repqahpia1 offline because it’s not responding
Sep 18, 2015 5:56:23 PM hudson.node_monitors.ResponseTimeMonitor$1 monitor
WARNING: Making RS_build_sunx64_augusta offline because it’s not responding
Sep 18, 2015 5:56:23 PM hudson.node_monitors.ResponseTimeMonitor$1 monitor
WARNING: Making RS_build_hpia64_hsdub0001_official offline because it’s not responding
Sep 18, 2015 6:01:02 PM hudson.model.Run execute
INFO: SRS_SP300_STAGE_DA_PEORIOICALLY #144 main build action completed: SUCCESS
Sep 18, 2015 6:09:01 PM hudson.model.Run execute
INFO: SRS_SP300_STAGE_HRAX_PEORIOICALLY #1726 main build action completed: SUCCESS
Sep 18, 2015 6:11:31 PM hudson.slaves.SlaveComputer tryReconnect
INFO: Attempting to reconnect RS_build_sunx64_asekernal6
Sep 18, 2015 6:11:31 PM hudson.slaves.SlaveComputer tryReconnect
INFO: Attempting to reconnect RS_build_sunx64_augusta
Sep 18, 2015 6:11:31 PM hudson.slaves.SlaveComputer tryReconnect
INFO: Attempting to reconnect RS_build_test_hpia64_repqahpia1
Sep 18, 2015 6:13:31 PM hudson.slaves.SlaveComputer tryReconnect
INFO: Attempting to reconnect RS_build_hpia64_hsdub0001_official
Sep 18, 2015 6:13:31 PM hudson.slaves.SlaveComputer tryReconnect
INFO: Attempting to reconnect RS_build_test_hpia64_repqahpia5
Sep 18, 2015 6:34:31 PM hudson.slaves.SlaveComputer tryReconnect
INFO: Attempting to reconnect RS_build_sunx64_asekernal6
Sep 18, 2015 6:34:31 PM hudson.slaves.SlaveComputer tryReconnect
INFO: Attempting to reconnect RS_build_sunx64_augusta
Sep 18, 2015 6:34:31 PM hudson.slaves.SlaveComputer tryReconnect
INFO: Attempting to reconnect RS_build_test_hpia64_repqahpia1
Sep 18, 2015 6:35:31 PM hudson.slaves.SlaveComputer tryReconnect
INFO: Attempting to reconnect RS_build_hpia64_hsdub0001_official
Sep 18, 2015 6:35:31 PM hudson.slaves.SlaveComputer tryReconnect
INFO: Attempting to reconnect RS_build_test_hpia64_repqahpia5
Sep 18, 2015 6:39:00 PM hudson.model.Run execute
INFO: SRS_SP300_STAGE_HRAX_PEORIOICALLY #1727 main build action completed: SUCCESS
Sep 18, 2015 6:56:23 PM hudson.node_monitors.ResponseTimeMonitor$1 monitor
WARNING: Making RS_build_test_hpia64_repqahpia5 offline because it’s not responding
Sep 18, 2015 6:56:23 PM hudson.node_monitors.ResponseTimeMonitor$1 monitor
WARNING: Making RS_build_sunx64_asekernal6 offline because it’s not responding
Sep 18, 2015 6:56:23 PM hudson.node_monitors.ResponseTimeMonitor$1 monitor
WARNING: Making RS_build_test_hpia64_repqahpia1 offline because it’s not responding
Sep 18, 2015 6:56:23 PM hudson.node_monitors.ResponseTimeMonitor$1 monitor
WARNING: Making RS_build_sunx64_augusta offline because it’s not responding
Sep 18, 2015 6:56:23 PM hudson.node_monitors.ResponseTimeMonitor$1 monitor
WARNING: Making RS_build_hpia64_hsdub0001_official offline because it’s not responding
Sep 18, 2015 6:56:31 PM hudson.slaves.SlaveComputer tryReconnect
INFO: Attempting to reconnect RS_build_sunx64_asekernal6
Sep 18, 2015 6:56:31 PM hudson.slaves.SlaveComputer tryReconnect
INFO: Attempting to reconnect RS_build_sunx64_augusta
Sep 18, 2015 6:56:31 PM hudson.slaves.SlaveComputer tryReconnect
INFO: Attempting to reconnect RS_build_test_hpia64_repqahpia1
Sep 18, 2015 6:58:31 PM hudson.slaves.SlaveComputer tryReconnect
INFO: Attempting to reconnect RS_build_hpia64_hsdub0001_official
Sep 18, 2015 6:58:31 PM hudson.slaves.SlaveComputer tryReconnect
INFO: Attempting to reconnect RS_build_test_hpia64_repqahpia5
Sep 18, 2015 7:09:01 PM hudson.model.Run execute
INFO: SRS_SP300_STAGE_HRAX_PEORIOICALLY #1728 main build action completed: SUCCESS
Sep 18, 2015 7:18:31 PM hudson.slaves.SlaveComputer tryReconnect
INFO: Attempting to reconnect RS_build_sunx64_asekernal6
Sep 18, 2015 7:18:31 PM hudson.slaves.SlaveComputer tryReconnect
INFO: Attempting to reconnect RS_build_sunx64_augusta
Sep 18, 2015 7:18:31 PM hudson.slaves.SlaveComputer tryReconnect
INFO: Attempting to reconnect RS_build_test_hpia64_repqahpia1
Sep 18, 2015 7:20:31 PM hudson.slaves.SlaveComputer tryReconnect
INFO: Attempting to reconnect RS_build_hpia64_hsdub0001_official
Sep 18, 2015 7:20:31 PM hudson.slaves.SlaveComputer tryReconnect
INFO: Attempting to reconnect RS_build_test_hpia64_repqahpia5
Sep 18, 2015 7:39:01 PM hudson.model.Run execute
INFO: SRS_SP300_STAGE_HRAX_PEORIOICALLY #1729 main build action completed: SUCCESS
Sep 18, 2015 7:39:31 PM hudson.slaves.SlaveComputer tryReconnect
INFO: Attempting to reconnect RS_build_sunx64_asekernal6
Sep 18, 2015 7:39:31 PM hudson.slaves.SlaveComputer tryReconnect
INFO: Attempting to reconnect RS_build_sunx64_augusta
Sep 18, 2015 7:39:31 PM hudson.slaves.SlaveComputer tryReconnect
INFO: Attempting to reconnect RS_build_test_hpia64_repqahpia1
Sep 18, 2015 7:41:31 PM hudson.slaves.SlaveComputer tryReconnect
INFO: Attempting to reconnect RS_build_hpia64_hsdub0001_official
Sep 18, 2015 7:41:31 PM hudson.slaves.SlaveComputer tryReconnect
INFO: Attempting to reconnect RS_build_test_hpia64_repqahpia5
Sep 18, 2015 7:56:23 PM hudson.node_monitors.ResponseTimeMonitor$1 monitor
WARNING: Making RS_build_test_hpia64_repqahpia5 offline because it’s not responding
Sep 18, 2015 7:56:23 PM hudson.node_monitors.ResponseTimeMonitor$1 monitor
WARNING: Making RS_build_sunx64_asekernal6 offline because it’s not responding
Sep 18, 2015 7:56:23 PM hudson.node_monitors.ResponseTimeMonitor$1 monitor
WARNING: Making RS_build_test_hpia64_repqahpia1 offline because it’s not responding
Sep 18, 2015 7:56:23 PM hudson.node_monitors.ResponseTimeMonitor$1 monitor
WARNING: Making RS_build_sunx64_augusta offline because it’s not responding
Sep 18, 2015 7:56:23 PM hudson.node_monitors.ResponseTimeMonitor$1 monitor
WARNING: Making RS_build_hpia64_hsdub0001_official offline because it’s not responding
Sep 18, 2015 8:00:31 PM hudson.slaves.SlaveComputer tryReconnect
INFO: Attempting to reconnect RS_build_sunx64_asekernal6
Sep 18, 2015 8:00:31 PM hudson.slaves.SlaveComputer tryReconnect
INFO: Attempting to reconnect RS_build_sunx64_augusta
Sep 18, 2015 8:00:31 PM hudson.slaves.SlaveComputer tryReconnect
INFO: Attempting to reconnect RS_build_test_hpia64_repqahpia1
Sep 18, 2015 8:02:31 PM hudson.slaves.SlaveComputer tryReconnect
INFO: Attempting to reconnect RS_build_hpia64_hsdub0001_official
Sep 18, 2015 8:02:31 PM hudson.slaves.SlaveComputer tryReconnect
INFO: Attempting to reconnect RS_build_test_hpia64_repqahpia5
Sep 18, 2015 8:09:01 PM hudson.model.Run execute
INFO: SRS_SP300_STAGE_HRAX_PEORIOICALLY #1730 main build action completed: SUCCESS
Sep 18, 2015 8:20:31 PM hudson.slaves.SlaveComputer tryReconnect
INFO: Attempting to reconnect RS_build_sunx64_asekernal6
Sep 18, 2015 8:20:31 PM hudson.slaves.SlaveComputer tryReconnect
INFO: Attempting to reconnect RS_build_sunx64_augusta
Sep 18, 2015 8:20:31 PM hudson.slaves.SlaveComputer tryReconnect
INFO: Attempting to reconnect RS_build_test_hpia64_repqahpia1
Sep 18, 2015 8:22:31 PM hudson.slaves.SlaveComputer tryReconnect
INFO: Attempting to reconnect RS_build_hpia64_hsdub0001_official
Sep 18, 2015 8:22:31 PM hudson.slaves.SlaveComputer tryReconnect
INFO: Attempting to reconnect RS_build_test_hpia64_repqahpia5
Sep 18, 2015 8:39:01 PM hudson.model.Run execute
INFO: SRS_SP300_STAGE_HRAX_PEORIOICALLY #1731 main build action completed: SUCCESS
Sep 18, 2015 8:43:31 PM hudson.slaves.SlaveComputer tryReconnect
INFO: Attempting to reconnect RS_build_sunx64_asekernal6
Sep 18, 2015 8:43:31 PM hudson.slaves.SlaveComputer tryReconnect
INFO: Attempting to reconnect RS_build_sunx64_augusta
Sep 18, 2015 8:43:31 PM hudson.slaves.SlaveComputer tryReconnect
INFO: Attempting to reconnect RS_build_test_hpia64_repqahpia1
Sep 18, 2015 8:45:31 PM hudson.slaves.SlaveComputer tryReconnect
INFO: Attempting to reconnect RS_build_hpia64_hsdub0001_official
Sep 18, 2015 8:45:31 PM hudson.slaves.SlaveComputer tryReconnect
INFO: Attempting to reconnect RS_build_test_hpia64_repqahpia5
Sep 18, 2015 8:56:23 PM hudson.node_monitors.ResponseTimeMonitor$1 monitor
WARNING: Making RS_build_test_hpia64_repqahpia5 offline because it’s not responding
Sep 18, 2015 8:56:23 PM hudson.node_monitors.ResponseTimeMonitor$1 monitor
WARNING: Making RS_build_sunx64_asekernal6 offline because it’s not responding
Sep 18, 2015 8:56:23 PM hudson.node_monitors.ResponseTimeMonitor$1 monitor
WARNING: Making RS_build_test_hpia64_repqahpia1 offline because it’s not responding
Sep 18, 2015 8:56:23 PM hudson.node_monitors.ResponseTimeMonitor$1 monitor
WARNING: Making RS_build_sunx64_augusta offline because it’s not responding
Sep 18, 2015 8:56:23 PM hudson.node_monitors.ResponseTimeMonitor$1 monitor
WARNING: Making RS_build_hpia64_hsdub0001_official offline because it’s not responding
Sep 18, 2015 9:04:31 PM hudson.slaves.SlaveComputer tryReconnect
INFO: Attempting to reconnect RS_build_sunx64_asekernal6
Sep 18, 2015 9:04:31 PM hudson.slaves.SlaveComputer tryReconnect
INFO: Attempting to reconnect RS_build_sunx64_augusta
Sep 18, 2015 9:04:31 PM hudson.slaves.SlaveComputer tryReconnect
INFO: Attempting to reconnect RS_build_test_hpia64_repqahpia1
Sep 18, 2015 9:06:31 PM hudson.slaves.SlaveComputer tryReconnect
INFO: Attempting to reconnect RS_build_hpia64_hsdub0001_official
Sep 18, 2015 9:06:31 PM hudson.slaves.SlaveComputer tryReconnect
INFO: Attempting to reconnect RS_build_test_hpia64_repqahpia5
Sep 18, 2015 9:09:01 PM hudson.model.Run execute
INFO: SRS_SP300_STAGE_HRAX_PEORIOICALLY #1732 main build action completed: SUCCESS
Sep 18, 2015 9:24:31 PM hudson.slaves.SlaveComputer tryReconnect
INFO: Attempting to reconnect RS_build_sunx64_asekernal6
Sep 18, 2015 9:24:31 PM hudson.slaves.SlaveComputer tryReconnect
INFO: Attempting to reconnect RS_build_sunx64_augusta
Sep 18, 2015 9:24:31 PM hudson.slaves.SlaveComputer tryReconnect
INFO: Attempting to reconnect RS_build_test_hpia64_repqahpia1
Sep 18, 2015 9:25:31 PM hudson.slaves.SlaveComputer tryReconnect
INFO: Attempting to reconnect RS_build_hpia64_hsdub0001_official
Sep 18, 2015 9:25:31 PM hudson.slaves.SlaveComputer tryReconnect
INFO: Attempting to reconnect RS_build_test_hpia64_repqahpia5
Sep 18, 2015 9:39:00 PM hudson.model.Run execute
INFO: SRS_SP300_STAGE_HRAX_PEORIOICALLY #1733 main build action completed: SUCCESS
Sep 18, 2015 9:46:31 PM hudson.slaves.SlaveComputer tryReconnect
INFO: Attempting to reconnect RS_build_sunx64_asekernal6
Sep 18, 2015 9:46:31 PM hudson.slaves.SlaveComputer tryReconnect
INFO: Attempting to reconnect RS_build_sunx64_augusta
Sep 18, 2015 9:46:31 PM hudson.slaves.SlaveComputer tryReconnect
INFO: Attempting to reconnect RS_build_test_hpia64_repqahpia1
Sep 18, 2015 9:47:31 PM hudson.slaves.SlaveComputer tryReconnect
INFO: Attempting to reconnect RS_build_hpia64_hsdub0001_official
Sep 18, 2015 9:47:31 PM hudson.slaves.SlaveComputer tryReconnect
INFO: Attempting to reconnect RS_build_test_hpia64_repqahpia5
Sep 18, 2015 9:56:23 PM hudson.node_monitors.ResponseTimeMonitor$1 monitor
WARNING: Making RS_build_test_hpia64_repqahpia5 offline because it’s not responding
Sep 18, 2015 9:56:23 PM hudson.node_monitors.ResponseTimeMonitor$1 monitor
WARNING: Making RS_build_sunx64_asekernal6 offline because it’s not responding
Sep 18, 2015 9:56:23 PM hudson.node_monitors.ResponseTimeMonitor$1 monitor
WARNING: Making RS_build_test_hpia64_repqahpia1 offline because it’s not responding
Sep 18, 2015 9:56:23 PM hudson.node_monitors.ResponseTimeMonitor$1 monitor
WARNING: Making RS_build_sunx64_augusta offline because it’s not responding
Sep 18, 2015 9:56:23 PM hudson.node_monitors.ResponseTimeMonitor$1 monitor
WARNING: Making RS_build_hpia64_hsdub0001_official offline because it’s not responding
Sep 18, 2015 10:07:31 PM hudson.slaves.SlaveComputer tryReconnect
INFO: Attempting to reconnect RS_build_sunx64_asekernal6
Sep 18, 2015 10:07:31 PM hudson.slaves.SlaveComputer tryReconnect
INFO: Attempting to reconnect RS_build_sunx64_augusta
Sep 18, 2015 10:07:31 PM hudson.slaves.SlaveComputer tryReconnect
INFO: Attempting to reconnect RS_build_test_hpia64_repqahpia1
Sep 18, 2015 10:09:01 PM hudson.model.Run execute
INFO: SRS_SP300_STAGE_HRAX_PEORIOICALLY #1734 main build action completed: SUCCESS
Sep 18, 2015 10:09:31 PM hudson.slaves.SlaveComputer tryReconnect
INFO: Attempting to reconnect RS_build_hpia64_hsdub0001_official
Sep 18, 2015 10:09:31 PM hudson.slaves.SlaveComputer tryReconnect
INFO: Attempting to reconnect RS_build_test_hpia64_repqahpia5
Sep 18, 2015 10:29:31 PM hudson.slaves.SlaveComputer tryReconnect
INFO: Attempting to reconnect RS_build_sunx64_asekernal6
Sep 18, 2015 10:29:31 PM hudson.slaves.SlaveComputer tryReconnect
INFO: Attempting to reconnect RS_build_sunx64_augusta
Sep 18, 2015 10:29:31 PM hudson.slaves.SlaveComputer tryReconnect
INFO: Attempting to reconnect RS_build_test_hpia64_repqahpia1
Sep 18, 2015 10:31:31 PM hudson.slaves.SlaveComputer tryReconnect
INFO: Attempting to reconnect RS_build_hpia64_hsdub0001_official
Sep 18, 2015 10:31:31 PM hudson.slaves.SlaveComputer tryReconnect
INFO: Attempting to reconnect RS_build_test_hpia64_repqahpia5
Sep 18, 2015 10:39:01 PM hudson.model.Run execute
INFO: SRS_SP300_STAGE_HRAX_PEORIOICALLY #1735 main build action completed: SUCCESS
Sep 18, 2015 10:50:31 PM hudson.slaves.SlaveComputer tryReconnect
INFO: Attempting to reconnect RS_build_sunx64_asekernal6
Sep 18, 2015 10:50:31 PM hudson.slaves.SlaveComputer tryReconnect
INFO: Attempting to reconnect RS_build_sunx64_augusta
Sep 18, 2015 10:50:31 PM hudson.slaves.SlaveComputer tryReconnect
INFO: Attempting to reconnect RS_build_test_hpia64_repqahpia1
Sep 18, 2015 10:52:31 PM hudson.slaves.SlaveComputer tryReconnect
INFO: Attempting to reconnect RS_build_hpia64_hsdub0001_official
Sep 18, 2015 10:52:31 PM hudson.slaves.SlaveComputer tryReconnect
INFO: Attempting to reconnect RS_build_test_hpia64_repqahpia5
Sep 18, 2015 10:56:23 PM hudson.node_monitors.ResponseTimeMonitor$1 monitor
WARNING: Making RS_build_test_hpia64_repqahpia5 offline because it’s not responding
Sep 18, 2015 10:56:23 PM hudson.node_monitors.ResponseTimeMonitor$1 monitor
WARNING: Making RS_build_sunx64_asekernal6 offline because it’s not responding
Sep 18, 2015 10:56:23 PM hudson.node_monitors.ResponseTimeMonitor$1 monitor
WARNING: Making RS_build_test_hpia64_repqahpia1 offline because it’s not responding
Sep 18, 2015 10:56:23 PM hudson.node_monitors.ResponseTimeMonitor$1 monitor
WARNING: Making RS_build_sunx64_augusta offline because it’s not responding
Sep 18, 2015 10:56:23 PM hudson.node_monitors.ResponseTimeMonitor$1 monitor
WARNING: Making RS_build_hpia64_hsdub0001_official offline because it’s not responding
Sep 18, 2015 11:09:01 PM hudson.model.Run execute
INFO: SRS_SP300_STAGE_HRAX_PEORIOICALLY #1736 main build action completed: SUCCESS
Sep 18, 2015 11:12:31 PM hudson.slaves.SlaveComputer tryReconnect
INFO: Attempting to reconnect RS_build_sunx64_asekernal6
Sep 18, 2015 11:12:31 PM hudson.slaves.SlaveComputer tryReconnect
INFO: Attempting to reconnect RS_build_sunx64_augusta
Sep 18, 2015 11:12:31 PM hudson.slaves.SlaveComputer tryReconnect
INFO: Attempting to reconnect RS_build_test_hpia64_repqahpia1
Sep 18, 2015 11:13:31 PM hudson.slaves.SlaveComputer tryReconnect
INFO: Attempting to reconnect RS_build_hpia64_hsdub0001_official
Sep 18, 2015 11:13:31 PM hudson.slaves.SlaveComputer tryReconnect
INFO: Attempting to reconnect RS_build_test_hpia64_repqahpia5
Sep 18, 2015 11:33:31 PM hudson.slaves.SlaveComputer tryReconnect
INFO: Attempting to reconnect RS_build_sunx64_asekernal6
Sep 18, 2015 11:33:31 PM hudson.slaves.SlaveComputer tryReconnect
INFO: Attempting to reconnect RS_build_sunx64_augusta
Sep 18, 2015 11:33:31 PM hudson.slaves.SlaveComputer tryReconnect
INFO: Attempting to reconnect RS_build_test_hpia64_repqahpia1
Sep 18, 2015 11:35:31 PM hudson.slaves.SlaveComputer tryReconnect
INFO: Attempting to reconnect RS_build_hpia64_hsdub0001_official
Sep 18, 2015 11:35:31 PM hudson.slaves.SlaveComputer tryReconnect
INFO: Attempting to reconnect RS_build_test_hpia64_repqahpia5
Sep 18, 2015 11:39:01 PM hudson.model.Run execute
INFO: SRS_SP300_STAGE_HRAX_PEORIOICALLY #1737 main build action completed: SUCCESS
Sep 18, 2015 11:55:31 PM hudson.slaves.SlaveComputer tryReconnect
INFO: Attempting to reconnect RS_build_sunx64_asekernal6
Sep 18, 2015 11:55:31 PM hudson.slaves.SlaveComputer tryReconnect
INFO: Attempting to reconnect RS_build_sunx64_augusta
Sep 18, 2015 11:55:31 PM hudson.slaves.SlaveComputer tryReconnect
INFO: Attempting to reconnect RS_build_test_hpia64_repqahpia1
Sep 18, 2015 11:56:23 PM hudson.node_monitors.ResponseTimeMonitor$1 monitor
WARNING: Making RS_build_test_hpia64_repqahpia5 offline because it’s not responding
Sep 18, 2015 11:56:23 PM hudson.node_monitors.ResponseTimeMonitor$1 monitor
WARNING: Making RS_build_sunx64_asekernal6 offline because it’s not responding
Sep 18, 2015 11:56:23 PM hudson.node_monitors.ResponseTimeMonitor$1 monitor
WARNING: Making RS_build_test_hpia64_repqahpia1 offline because it’s not responding
Sep 18, 2015 11:56:23 PM hudson.node_monitors.ResponseTimeMonitor$1 monitor
WARNING: Making RS_build_sunx64_augusta offline because it’s not responding
Sep 18, 2015 11:56:23 PM hudson.node_monitors.ResponseTimeMonitor$1 monitor
WARNING: Making RS_build_hpia64_hsdub0001_official offline because it’s not responding
Sep 18, 2015 11:57:31 PM hudson.slaves.SlaveComputer tryReconnect
INFO: Attempting to reconnect RS_build_hpia64_hsdub0001_official
Sep 18, 2015 11:57:31 PM hudson.slaves.SlaveComputer tryReconnect
INFO: Attempting to reconnect RS_build_test_hpia64_repqahpia5
