Oct 25, 2016 12:26:21 AM hudson.node_monitors.ResponseTimeMonitor$1 monitor
WARNING: Making installer_test_linux2 offline because it?s not responding
Oct 25, 2016 1:26:21 AM hudson.node_monitors.ResponseTimeMonitor$1 monitor
WARNING: Making installer_test_linux2 offline because it?s not responding
Oct 25, 2016 2:26:21 AM hudson.node_monitors.ResponseTimeMonitor$1 monitor
WARNING: Making installer_test_linux2 offline because it?s not responding
Oct 25, 2016 3:26:21 AM hudson.node_monitors.ResponseTimeMonitor$1 monitor
WARNING: Making installer_test_linux2 offline because it?s not responding
Oct 25, 2016 4:26:21 AM hudson.node_monitors.ResponseTimeMonitor$1 monitor
WARNING: Making installer_test_linux2 offline because it?s not responding
Oct 25, 2016 5:26:21 AM hudson.node_monitors.ResponseTimeMonitor$1 monitor
WARNING: Making installer_test_linux2 offline because it?s not responding
Oct 25, 2016 6:26:21 AM hudson.node_monitors.ResponseTimeMonitor$1 monitor
WARNING: Making installer_test_linux2 offline because it?s not responding
Oct 25, 2016 7:26:21 AM hudson.node_monitors.ResponseTimeMonitor$1 monitor
WARNING: Making installer_test_linux2 offline because it?s not responding
Oct 25, 2016 8:11:24 AM hudson.model.Run execute
INFO: SRS_RMA_BUILD_TRIGGER_BY_RMADEV_SP305 #84 main build action completed: SUCCESS
Oct 25, 2016 8:26:21 AM hudson.node_monitors.ResponseTimeMonitor$1 monitor
WARNING: Making installer_test_linux2 offline because it?s not responding
Oct 25, 2016 9:26:21 AM hudson.node_monitors.ResponseTimeMonitor$1 monitor
WARNING: Making installer_test_linux2 offline because it?s not responding
Oct 25, 2016 10:26:21 AM hudson.node_monitors.ResponseTimeMonitor$1 monitor
WARNING: Making installer_test_linux2 offline because it?s not responding
Oct 25, 2016 11:26:21 AM hudson.node_monitors.ResponseTimeMonitor$1 monitor
WARNING: Making installer_test_linux2 offline because it?s not responding
Oct 25, 2016 11:48:28 AM hudson.model.AsyncPeriodicWork$1 run
INFO: Started Fingerprint cleanup
Oct 25, 2016 11:48:31 AM hudson.model.AsyncPeriodicWork$1 run
INFO: Finished Fingerprint cleanup. 2 ms
Oct 25, 2016 12:26:21 PM hudson.node_monitors.ResponseTimeMonitor$1 monitor
WARNING: Making installer_test_linux2 offline because it?s not responding
Oct 25, 2016 1:26:21 PM hudson.node_monitors.ResponseTimeMonitor$1 monitor
WARNING: Making installer_test_linux2 offline because it?s not responding
Oct 25, 2016 2:26:21 PM hudson.node_monitors.ResponseTimeMonitor$1 monitor
WARNING: Making installer_test_linux2 offline because it?s not responding
Oct 25, 2016 3:26:21 PM hudson.node_monitors.ResponseTimeMonitor$1 monitor
WARNING: Making installer_test_linux2 offline because it?s not responding
Oct 25, 2016 4:26:21 PM hudson.node_monitors.ResponseTimeMonitor$1 monitor
WARNING: Making installer_test_linux2 offline because it?s not responding
Oct 25, 2016 5:26:21 PM hudson.node_monitors.ResponseTimeMonitor$1 monitor
WARNING: Making installer_test_linux2 offline because it?s not responding
Oct 25, 2016 6:26:21 PM hudson.node_monitors.ResponseTimeMonitor$1 monitor
WARNING: Making installer_test_linux2 offline because it?s not responding
Oct 25, 2016 7:02:30 PM hudson.model.Run execute
INFO: SP305_SRS_DAILY_BUILD #89 main build action completed: SUCCESS
Oct 25, 2016 7:16:49 PM hudson.model.Run execute
INFO: SRS_SP305_TEST #61 main build action completed: SUCCESS
Oct 25, 2016 7:16:51 PM hudson.model.Run execute
INFO: SRS_SP305_SERIAL #67 main build action completed: SUCCESS
Oct 25, 2016 7:26:21 PM hudson.node_monitors.ResponseTimeMonitor$1 monitor
WARNING: Making installer_test_linux2 offline because it?s not responding
Oct 25, 2016 8:01:23 PM hudson.model.AsyncPeriodicWork$1 run
INFO: Started Download metadata
Oct 25, 2016 8:02:01 PM hudson.model.UpdateSite updateData
INFO: Obtained the latest update center data file for UpdateSource default
Oct 25, 2016 8:02:05 PM hudson.model.AsyncPeriodicWork$1 run
INFO: Finished Download metadata. 42,081 ms
Oct 25, 2016 8:26:21 PM hudson.node_monitors.ResponseTimeMonitor$1 monitor
WARNING: Making installer_test_linux2 offline because it?s not responding
Oct 25, 2016 8:27:34 PM hudson.model.AsyncPeriodicWork$1 run
INFO: Started Workspace clean-up
Oct 25, 2016 8:27:35 PM hudson.model.AsyncPeriodicWork$1 run
INFO: Finished Workspace clean-up. 439 ms
Oct 25, 2016 8:49:50 PM org.kohsuke.stapler.RequestImpl$TypePair convertJSON
WARNING: 'stapler-class' is deprecated: hudson.tasks.Shell
Oct 25, 2016 8:49:50 PM org.kohsuke.stapler.RequestImpl$TypePair convertJSON
WARNING: 'stapler-class' is deprecated: hudson.plugins.emailext.ExtendedEmailPublisher
Oct 25, 2016 8:49:50 PM org.kohsuke.stapler.RequestImpl$TypePair convertJSON
WARNING: 'stapler-class' is deprecated: hudson.plugins.emailext.plugins.trigger.FailureTrigger
Oct 25, 2016 8:49:50 PM org.kohsuke.stapler.RequestImpl$TypePair convertJSON
WARNING: 'stapler-class' is deprecated: hudson.plugins.emailext.plugins.recipients.ListRecipientProvider
Oct 25, 2016 9:02:02 PM hudson.model.Run execute
INFO: SP305_SRS_DAILY_BUILD #90 main build action completed: SUCCESS
Oct 25, 2016 9:26:21 PM hudson.node_monitors.ResponseTimeMonitor$1 monitor
WARNING: Making installer_test_linux2 offline because it?s not responding
Oct 25, 2016 10:26:21 PM hudson.node_monitors.ResponseTimeMonitor$1 monitor
WARNING: Making installer_test_linux2 offline because it?s not responding
Oct 25, 2016 11:26:21 PM hudson.node_monitors.ResponseTimeMonitor$1 monitor
WARNING: Making installer_test_linux2 offline because it?s not responding
