Aug 11, 2016 12:05:26 AM hudson.slaves.SlaveComputer tryReconnect
INFO: Attempting to reconnect ase_test_linux_lisa
Aug 11, 2016 12:05:26 AM hudson.slaves.SlaveComputer tryReconnect
INFO: Attempting to reconnect installer_test_linux
Aug 11, 2016 12:26:26 AM hudson.slaves.SlaveComputer tryReconnect
INFO: Attempting to reconnect ase_test_linux_lisa
Aug 11, 2016 12:26:26 AM hudson.slaves.SlaveComputer tryReconnect
INFO: Attempting to reconnect installer_test_linux
Aug 11, 2016 12:47:26 AM hudson.slaves.SlaveComputer tryReconnect
INFO: Attempting to reconnect ase_test_linux_lisa
Aug 11, 2016 12:47:26 AM hudson.slaves.SlaveComputer tryReconnect
INFO: Attempting to reconnect installer_test_linux
Aug 11, 2016 12:49:46 AM hudson.node_monitors.ResponseTimeMonitor$1 monitor
WARNING: Making installer_test_linux offline because it’s not responding
Aug 11, 2016 12:49:46 AM hudson.node_monitors.ResponseTimeMonitor$1 monitor
WARNING: Making ase_test_linux_lisa offline because it’s not responding
Aug 11, 2016 1:08:26 AM hudson.slaves.SlaveComputer tryReconnect
INFO: Attempting to reconnect ase_test_linux_lisa
Aug 11, 2016 1:08:26 AM hudson.slaves.SlaveComputer tryReconnect
INFO: Attempting to reconnect installer_test_linux
Aug 11, 2016 1:29:26 AM hudson.slaves.SlaveComputer tryReconnect
INFO: Attempting to reconnect ase_test_linux_lisa
Aug 11, 2016 1:29:26 AM hudson.slaves.SlaveComputer tryReconnect
INFO: Attempting to reconnect installer_test_linux
Aug 11, 2016 1:49:26 AM hudson.slaves.SlaveComputer tryReconnect
INFO: Attempting to reconnect ase_test_linux_lisa
Aug 11, 2016 1:49:26 AM hudson.slaves.SlaveComputer tryReconnect
INFO: Attempting to reconnect installer_test_linux
Aug 11, 2016 1:49:46 AM hudson.node_monitors.ResponseTimeMonitor$1 monitor
WARNING: Making installer_test_linux offline because it’s not responding
Aug 11, 2016 1:49:46 AM hudson.node_monitors.ResponseTimeMonitor$1 monitor
WARNING: Making ase_test_linux_lisa offline because it’s not responding
Aug 11, 2016 2:11:26 AM hudson.slaves.SlaveComputer tryReconnect
INFO: Attempting to reconnect ase_test_linux_lisa
Aug 11, 2016 2:11:26 AM hudson.slaves.SlaveComputer tryReconnect
INFO: Attempting to reconnect installer_test_linux
Aug 11, 2016 2:33:26 AM hudson.slaves.SlaveComputer tryReconnect
INFO: Attempting to reconnect ase_test_linux_lisa
Aug 11, 2016 2:33:26 AM hudson.slaves.SlaveComputer tryReconnect
INFO: Attempting to reconnect installer_test_linux
Aug 11, 2016 2:49:46 AM hudson.node_monitors.ResponseTimeMonitor$1 monitor
WARNING: Making installer_test_linux offline because it’s not responding
Aug 11, 2016 2:49:46 AM hudson.node_monitors.ResponseTimeMonitor$1 monitor
WARNING: Making ase_test_linux_lisa offline because it’s not responding
Aug 11, 2016 2:55:26 AM hudson.slaves.SlaveComputer tryReconnect
INFO: Attempting to reconnect ase_test_linux_lisa
Aug 11, 2016 2:55:26 AM hudson.slaves.SlaveComputer tryReconnect
INFO: Attempting to reconnect installer_test_linux
Aug 11, 2016 3:17:26 AM hudson.slaves.SlaveComputer tryReconnect
INFO: Attempting to reconnect ase_test_linux_lisa
Aug 11, 2016 3:17:26 AM hudson.slaves.SlaveComputer tryReconnect
INFO: Attempting to reconnect installer_test_linux
Aug 11, 2016 3:40:26 AM hudson.slaves.SlaveComputer tryReconnect
INFO: Attempting to reconnect ase_test_linux_lisa
Aug 11, 2016 3:40:26 AM hudson.slaves.SlaveComputer tryReconnect
INFO: Attempting to reconnect installer_test_linux
Aug 11, 2016 3:49:46 AM hudson.node_monitors.ResponseTimeMonitor$1 monitor
WARNING: Making installer_test_linux offline because it’s not responding
Aug 11, 2016 3:49:46 AM hudson.node_monitors.ResponseTimeMonitor$1 monitor
WARNING: Making ase_test_linux_lisa offline because it’s not responding
Aug 11, 2016 4:02:26 AM hudson.slaves.SlaveComputer tryReconnect
INFO: Attempting to reconnect ase_test_linux_lisa
Aug 11, 2016 4:02:26 AM hudson.slaves.SlaveComputer tryReconnect
INFO: Attempting to reconnect installer_test_linux
Aug 11, 2016 4:23:26 AM hudson.slaves.SlaveComputer tryReconnect
INFO: Attempting to reconnect ase_test_linux_lisa
Aug 11, 2016 4:23:26 AM hudson.slaves.SlaveComputer tryReconnect
INFO: Attempting to reconnect installer_test_linux
Aug 11, 2016 4:46:26 AM hudson.slaves.SlaveComputer tryReconnect
INFO: Attempting to reconnect ase_test_linux_lisa
Aug 11, 2016 4:46:26 AM hudson.slaves.SlaveComputer tryReconnect
INFO: Attempting to reconnect installer_test_linux
Aug 11, 2016 4:49:46 AM hudson.node_monitors.ResponseTimeMonitor$1 monitor
WARNING: Making installer_test_linux offline because it’s not responding
Aug 11, 2016 4:49:46 AM hudson.node_monitors.ResponseTimeMonitor$1 monitor
WARNING: Making ase_test_linux_lisa offline because it’s not responding
Aug 11, 2016 5:10:26 AM hudson.slaves.SlaveComputer tryReconnect
INFO: Attempting to reconnect ase_test_linux_lisa
Aug 11, 2016 5:10:26 AM hudson.slaves.SlaveComputer tryReconnect
INFO: Attempting to reconnect installer_test_linux
Aug 11, 2016 5:32:26 AM hudson.slaves.SlaveComputer tryReconnect
INFO: Attempting to reconnect ase_test_linux_lisa
Aug 11, 2016 5:32:26 AM hudson.slaves.SlaveComputer tryReconnect
INFO: Attempting to reconnect installer_test_linux
Aug 11, 2016 5:34:22 AM hudson.model.AsyncPeriodicWork$1 run
INFO: Started Download metadata
Aug 11, 2016 5:34:30 AM hudson.model.UpdateSite updateData
INFO: Obtained the latest update center data file for UpdateSource default
Aug 11, 2016 5:34:31 AM hudson.model.AsyncPeriodicWork$1 run
INFO: Finished Download metadata. 8,934 ms
Aug 11, 2016 5:49:46 AM hudson.node_monitors.ResponseTimeMonitor$1 monitor
WARNING: Making installer_test_linux offline because it’s not responding
Aug 11, 2016 5:49:46 AM hudson.node_monitors.ResponseTimeMonitor$1 monitor
WARNING: Making ase_test_linux_lisa offline because it’s not responding
Aug 11, 2016 5:55:26 AM hudson.slaves.SlaveComputer tryReconnect
INFO: Attempting to reconnect ase_test_linux_lisa
Aug 11, 2016 5:55:26 AM hudson.slaves.SlaveComputer tryReconnect
INFO: Attempting to reconnect installer_test_linux
Aug 11, 2016 6:16:26 AM hudson.slaves.SlaveComputer tryReconnect
INFO: Attempting to reconnect ase_test_linux_lisa
Aug 11, 2016 6:16:26 AM hudson.slaves.SlaveComputer tryReconnect
INFO: Attempting to reconnect installer_test_linux
Aug 11, 2016 6:39:26 AM hudson.slaves.SlaveComputer tryReconnect
INFO: Attempting to reconnect ase_test_linux_lisa
Aug 11, 2016 6:39:26 AM hudson.slaves.SlaveComputer tryReconnect
INFO: Attempting to reconnect installer_test_linux
Aug 11, 2016 6:49:46 AM hudson.node_monitors.ResponseTimeMonitor$1 monitor
WARNING: Making installer_test_linux offline because it’s not responding
Aug 11, 2016 6:49:46 AM hudson.node_monitors.ResponseTimeMonitor$1 monitor
WARNING: Making ase_test_linux_lisa offline because it’s not responding
Aug 11, 2016 7:00:26 AM hudson.slaves.SlaveComputer tryReconnect
INFO: Attempting to reconnect ase_test_linux_lisa
Aug 11, 2016 7:00:26 AM hudson.slaves.SlaveComputer tryReconnect
INFO: Attempting to reconnect installer_test_linux
Aug 11, 2016 7:23:26 AM hudson.slaves.SlaveComputer tryReconnect
INFO: Attempting to reconnect ase_test_linux_lisa
Aug 11, 2016 7:23:26 AM hudson.slaves.SlaveComputer tryReconnect
INFO: Attempting to reconnect installer_test_linux
Aug 11, 2016 7:45:26 AM hudson.slaves.SlaveComputer tryReconnect
INFO: Attempting to reconnect ase_test_linux_lisa
Aug 11, 2016 7:45:26 AM hudson.slaves.SlaveComputer tryReconnect
INFO: Attempting to reconnect installer_test_linux
Aug 11, 2016 7:49:46 AM hudson.node_monitors.ResponseTimeMonitor$1 monitor
WARNING: Making installer_test_linux offline because it’s not responding
Aug 11, 2016 7:49:46 AM hudson.node_monitors.ResponseTimeMonitor$1 monitor
WARNING: Making ase_test_linux_lisa offline because it’s not responding
Aug 11, 2016 8:06:26 AM hudson.slaves.SlaveComputer tryReconnect
INFO: Attempting to reconnect ase_test_linux_lisa
Aug 11, 2016 8:06:26 AM hudson.slaves.SlaveComputer tryReconnect
INFO: Attempting to reconnect installer_test_linux
Aug 11, 2016 8:13:37 AM hudson.model.Run execute
INFO: SRS_RMA_BUILD_TRIGGER_BY_RMADEV_SP305 #15 main build action completed: SUCCESS
Aug 11, 2016 8:27:26 AM hudson.slaves.SlaveComputer tryReconnect
INFO: Attempting to reconnect ase_test_linux_lisa
Aug 11, 2016 8:27:26 AM hudson.slaves.SlaveComputer tryReconnect
INFO: Attempting to reconnect installer_test_linux
Aug 11, 2016 8:49:46 AM hudson.node_monitors.ResponseTimeMonitor$1 monitor
WARNING: Making installer_test_linux offline because it’s not responding
Aug 11, 2016 8:49:46 AM hudson.node_monitors.ResponseTimeMonitor$1 monitor
WARNING: Making ase_test_linux_lisa offline because it’s not responding
Aug 11, 2016 8:50:26 AM hudson.slaves.SlaveComputer tryReconnect
INFO: Attempting to reconnect ase_test_linux_lisa
Aug 11, 2016 8:50:26 AM hudson.slaves.SlaveComputer tryReconnect
INFO: Attempting to reconnect installer_test_linux
Aug 11, 2016 9:12:26 AM hudson.slaves.SlaveComputer tryReconnect
INFO: Attempting to reconnect ase_test_linux_lisa
Aug 11, 2016 9:12:26 AM hudson.slaves.SlaveComputer tryReconnect
INFO: Attempting to reconnect installer_test_linux
Aug 11, 2016 9:34:26 AM hudson.slaves.SlaveComputer tryReconnect
INFO: Attempting to reconnect ase_test_linux_lisa
Aug 11, 2016 9:34:26 AM hudson.slaves.SlaveComputer tryReconnect
INFO: Attempting to reconnect installer_test_linux
Aug 11, 2016 9:49:46 AM hudson.node_monitors.ResponseTimeMonitor$1 monitor
WARNING: Making installer_test_linux offline because it’s not responding
Aug 11, 2016 9:49:46 AM hudson.node_monitors.ResponseTimeMonitor$1 monitor
WARNING: Making ase_test_linux_lisa offline because it’s not responding
Aug 11, 2016 9:56:26 AM hudson.slaves.SlaveComputer tryReconnect
INFO: Attempting to reconnect ase_test_linux_lisa
Aug 11, 2016 9:56:26 AM hudson.slaves.SlaveComputer tryReconnect
INFO: Attempting to reconnect installer_test_linux
Aug 11, 2016 10:18:26 AM hudson.slaves.SlaveComputer tryReconnect
INFO: Attempting to reconnect ase_test_linux_lisa
Aug 11, 2016 10:18:26 AM hudson.slaves.SlaveComputer tryReconnect
INFO: Attempting to reconnect installer_test_linux
Aug 11, 2016 10:42:26 AM hudson.slaves.SlaveComputer tryReconnect
INFO: Attempting to reconnect ase_test_linux_lisa
Aug 11, 2016 10:42:26 AM hudson.slaves.SlaveComputer tryReconnect
INFO: Attempting to reconnect installer_test_linux
Aug 11, 2016 10:49:46 AM hudson.node_monitors.ResponseTimeMonitor$1 monitor
WARNING: Making installer_test_linux offline because it’s not responding
Aug 11, 2016 10:49:46 AM hudson.node_monitors.ResponseTimeMonitor$1 monitor
WARNING: Making ase_test_linux_lisa offline because it’s not responding
Aug 11, 2016 11:04:26 AM hudson.slaves.SlaveComputer tryReconnect
INFO: Attempting to reconnect ase_test_linux_lisa
Aug 11, 2016 11:04:26 AM hudson.slaves.SlaveComputer tryReconnect
INFO: Attempting to reconnect installer_test_linux
Aug 11, 2016 11:27:26 AM hudson.slaves.SlaveComputer tryReconnect
INFO: Attempting to reconnect ase_test_linux_lisa
Aug 11, 2016 11:27:26 AM hudson.slaves.SlaveComputer tryReconnect
INFO: Attempting to reconnect installer_test_linux
Aug 11, 2016 11:48:26 AM hudson.slaves.SlaveComputer tryReconnect
INFO: Attempting to reconnect ase_test_linux_lisa
Aug 11, 2016 11:48:26 AM hudson.slaves.SlaveComputer tryReconnect
INFO: Attempting to reconnect installer_test_linux
Aug 11, 2016 11:49:46 AM hudson.node_monitors.ResponseTimeMonitor$1 monitor
WARNING: Making installer_test_linux offline because it’s not responding
Aug 11, 2016 11:49:46 AM hudson.node_monitors.ResponseTimeMonitor$1 monitor
WARNING: Making ase_test_linux_lisa offline because it’s not responding
Aug 11, 2016 12:11:26 PM hudson.slaves.SlaveComputer tryReconnect
INFO: Attempting to reconnect ase_test_linux_lisa
Aug 11, 2016 12:11:26 PM hudson.slaves.SlaveComputer tryReconnect
INFO: Attempting to reconnect installer_test_linux
Aug 11, 2016 12:32:26 PM hudson.slaves.SlaveComputer tryReconnect
INFO: Attempting to reconnect ase_test_linux_lisa
Aug 11, 2016 12:32:26 PM hudson.slaves.SlaveComputer tryReconnect
INFO: Attempting to reconnect installer_test_linux
Aug 11, 2016 12:49:46 PM hudson.node_monitors.ResponseTimeMonitor$1 monitor
WARNING: Making installer_test_linux offline because it’s not responding
Aug 11, 2016 12:49:46 PM hudson.node_monitors.ResponseTimeMonitor$1 monitor
WARNING: Making ase_test_linux_lisa offline because it’s not responding
Aug 11, 2016 12:55:26 PM hudson.slaves.SlaveComputer tryReconnect
INFO: Attempting to reconnect ase_test_linux_lisa
Aug 11, 2016 12:55:26 PM hudson.slaves.SlaveComputer tryReconnect
INFO: Attempting to reconnect installer_test_linux
Aug 11, 2016 1:16:26 PM hudson.slaves.SlaveComputer tryReconnect
INFO: Attempting to reconnect ase_test_linux_lisa
Aug 11, 2016 1:16:26 PM hudson.slaves.SlaveComputer tryReconnect
INFO: Attempting to reconnect installer_test_linux
Aug 11, 2016 1:39:26 PM hudson.slaves.SlaveComputer tryReconnect
INFO: Attempting to reconnect ase_test_linux_lisa
Aug 11, 2016 1:39:26 PM hudson.slaves.SlaveComputer tryReconnect
INFO: Attempting to reconnect installer_test_linux
Aug 11, 2016 1:49:46 PM hudson.node_monitors.ResponseTimeMonitor$1 monitor
WARNING: Making installer_test_linux offline because it’s not responding
Aug 11, 2016 1:49:46 PM hudson.node_monitors.ResponseTimeMonitor$1 monitor
WARNING: Making ase_test_linux_lisa offline because it’s not responding
Aug 11, 2016 2:03:26 PM hudson.slaves.SlaveComputer tryReconnect
INFO: Attempting to reconnect ase_test_linux_lisa
Aug 11, 2016 2:03:26 PM hudson.slaves.SlaveComputer tryReconnect
INFO: Attempting to reconnect installer_test_linux
Aug 11, 2016 2:26:26 PM hudson.slaves.SlaveComputer tryReconnect
INFO: Attempting to reconnect ase_test_linux_lisa
Aug 11, 2016 2:26:26 PM hudson.slaves.SlaveComputer tryReconnect
INFO: Attempting to reconnect installer_test_linux
Aug 11, 2016 2:46:26 PM hudson.slaves.SlaveComputer tryReconnect
INFO: Attempting to reconnect ase_test_linux_lisa
Aug 11, 2016 2:46:26 PM hudson.slaves.SlaveComputer tryReconnect
INFO: Attempting to reconnect installer_test_linux
Aug 11, 2016 2:49:46 PM hudson.node_monitors.ResponseTimeMonitor$1 monitor
WARNING: Making installer_test_linux offline because it’s not responding
Aug 11, 2016 2:49:46 PM hudson.node_monitors.ResponseTimeMonitor$1 monitor
WARNING: Making ase_test_linux_lisa offline because it’s not responding
Aug 11, 2016 3:08:26 PM hudson.slaves.SlaveComputer tryReconnect
INFO: Attempting to reconnect ase_test_linux_lisa
Aug 11, 2016 3:08:26 PM hudson.slaves.SlaveComputer tryReconnect
INFO: Attempting to reconnect installer_test_linux
Aug 11, 2016 3:31:26 PM hudson.slaves.SlaveComputer tryReconnect
INFO: Attempting to reconnect ase_test_linux_lisa
Aug 11, 2016 3:31:26 PM hudson.slaves.SlaveComputer tryReconnect
INFO: Attempting to reconnect installer_test_linux
Aug 11, 2016 3:33:04 PM hudson.model.AsyncPeriodicWork$1 run
INFO: Started Fingerprint cleanup
Aug 11, 2016 3:33:04 PM hudson.model.AsyncPeriodicWork$1 run
INFO: Finished Fingerprint cleanup. 17 ms
Aug 11, 2016 3:49:46 PM hudson.node_monitors.ResponseTimeMonitor$1 monitor
WARNING: Making installer_test_linux offline because it’s not responding
Aug 11, 2016 3:49:48 PM hudson.node_monitors.ResponseTimeMonitor$1 monitor
WARNING: Making ase_test_linux_lisa offline because it’s not responding
Aug 11, 2016 3:51:00 PM hudson.model.AsyncPeriodicWork$1 run
INFO: Started Connection Activity monitoring to slaves
Aug 11, 2016 3:51:00 PM hudson.model.AsyncPeriodicWork$1 run
INFO: Finished Connection Activity monitoring to slaves. 15 ms
Aug 11, 2016 3:52:26 PM hudson.slaves.SlaveComputer tryReconnect
INFO: Attempting to reconnect ase_test_linux_lisa
Aug 11, 2016 3:52:26 PM hudson.slaves.SlaveComputer tryReconnect
INFO: Attempting to reconnect installer_test_linux
Aug 11, 2016 4:04:53 PM hudson.model.AsyncPeriodicWork$1 run
INFO: Started Workspace clean-up
Aug 11, 2016 4:04:54 PM hudson.model.AsyncPeriodicWork$1 run
INFO: Finished Workspace clean-up. 119 ms
Aug 11, 2016 4:12:26 PM hudson.slaves.SlaveComputer tryReconnect
INFO: Attempting to reconnect ase_test_linux_lisa
Aug 11, 2016 4:12:26 PM hudson.slaves.SlaveComputer tryReconnect
INFO: Attempting to reconnect installer_test_linux
Aug 11, 2016 4:35:26 PM hudson.slaves.SlaveComputer tryReconnect
INFO: Attempting to reconnect ase_test_linux_lisa
Aug 11, 2016 4:35:26 PM hudson.slaves.SlaveComputer tryReconnect
INFO: Attempting to reconnect installer_test_linux
Aug 11, 2016 4:49:46 PM hudson.node_monitors.ResponseTimeMonitor$1 monitor
WARNING: Making installer_test_linux offline because it’s not responding
Aug 11, 2016 4:49:46 PM hudson.node_monitors.ResponseTimeMonitor$1 monitor
WARNING: Making ase_test_linux_lisa offline because it’s not responding
Aug 11, 2016 4:56:26 PM hudson.slaves.SlaveComputer tryReconnect
INFO: Attempting to reconnect ase_test_linux_lisa
Aug 11, 2016 4:56:26 PM hudson.slaves.SlaveComputer tryReconnect
INFO: Attempting to reconnect installer_test_linux
Aug 11, 2016 5:19:26 PM hudson.slaves.SlaveComputer tryReconnect
INFO: Attempting to reconnect ase_test_linux_lisa
Aug 11, 2016 5:19:26 PM hudson.slaves.SlaveComputer tryReconnect
INFO: Attempting to reconnect installer_test_linux
Aug 11, 2016 5:41:26 PM hudson.slaves.SlaveComputer tryReconnect
INFO: Attempting to reconnect ase_test_linux_lisa
Aug 11, 2016 5:41:26 PM hudson.slaves.SlaveComputer tryReconnect
INFO: Attempting to reconnect installer_test_linux
Aug 11, 2016 5:49:46 PM hudson.node_monitors.ResponseTimeMonitor$1 monitor
WARNING: Making installer_test_linux offline because it’s not responding
Aug 11, 2016 5:49:46 PM hudson.node_monitors.ResponseTimeMonitor$1 monitor
WARNING: Making ase_test_linux_lisa offline because it’s not responding
Aug 11, 2016 6:02:26 PM hudson.slaves.SlaveComputer tryReconnect
INFO: Attempting to reconnect ase_test_linux_lisa
Aug 11, 2016 6:02:26 PM hudson.slaves.SlaveComputer tryReconnect
INFO: Attempting to reconnect installer_test_linux
Aug 11, 2016 6:23:26 PM hudson.slaves.SlaveComputer tryReconnect
INFO: Attempting to reconnect ase_test_linux_lisa
Aug 11, 2016 6:23:26 PM hudson.slaves.SlaveComputer tryReconnect
INFO: Attempting to reconnect installer_test_linux
Aug 11, 2016 6:45:26 PM hudson.slaves.SlaveComputer tryReconnect
INFO: Attempting to reconnect ase_test_linux_lisa
Aug 11, 2016 6:45:26 PM hudson.slaves.SlaveComputer tryReconnect
INFO: Attempting to reconnect installer_test_linux
Aug 11, 2016 6:49:46 PM hudson.node_monitors.ResponseTimeMonitor$1 monitor
WARNING: Making installer_test_linux offline because it’s not responding
Aug 11, 2016 6:49:46 PM hudson.node_monitors.ResponseTimeMonitor$1 monitor
WARNING: Making ase_test_linux_lisa offline because it’s not responding
Aug 11, 2016 7:07:26 PM hudson.slaves.SlaveComputer tryReconnect
INFO: Attempting to reconnect ase_test_linux_lisa
Aug 11, 2016 7:07:26 PM hudson.slaves.SlaveComputer tryReconnect
INFO: Attempting to reconnect installer_test_linux
Aug 11, 2016 7:30:26 PM hudson.slaves.SlaveComputer tryReconnect
INFO: Attempting to reconnect ase_test_linux_lisa
Aug 11, 2016 7:30:26 PM hudson.slaves.SlaveComputer tryReconnect
INFO: Attempting to reconnect installer_test_linux
Aug 11, 2016 7:49:46 PM hudson.node_monitors.ResponseTimeMonitor$1 monitor
WARNING: Making installer_test_linux offline because it’s not responding
Aug 11, 2016 7:49:46 PM hudson.node_monitors.ResponseTimeMonitor$1 monitor
WARNING: Making ase_test_linux_lisa offline because it’s not responding
Aug 11, 2016 7:53:26 PM hudson.slaves.SlaveComputer tryReconnect
INFO: Attempting to reconnect ase_test_linux_lisa
Aug 11, 2016 7:53:26 PM hudson.slaves.SlaveComputer tryReconnect
INFO: Attempting to reconnect installer_test_linux
Aug 11, 2016 8:17:26 PM hudson.slaves.SlaveComputer tryReconnect
INFO: Attempting to reconnect ase_test_linux_lisa
Aug 11, 2016 8:17:26 PM hudson.slaves.SlaveComputer tryReconnect
INFO: Attempting to reconnect installer_test_linux
Aug 11, 2016 8:40:26 PM hudson.slaves.SlaveComputer tryReconnect
INFO: Attempting to reconnect ase_test_linux_lisa
Aug 11, 2016 8:40:26 PM hudson.slaves.SlaveComputer tryReconnect
INFO: Attempting to reconnect installer_test_linux
Aug 11, 2016 8:49:46 PM hudson.node_monitors.ResponseTimeMonitor$1 monitor
WARNING: Making installer_test_linux offline because it’s not responding
Aug 11, 2016 8:49:46 PM hudson.node_monitors.ResponseTimeMonitor$1 monitor
WARNING: Making ase_test_linux_lisa offline because it’s not responding
Aug 11, 2016 9:02:26 PM hudson.slaves.SlaveComputer tryReconnect
INFO: Attempting to reconnect ase_test_linux_lisa
Aug 11, 2016 9:02:26 PM hudson.slaves.SlaveComputer tryReconnect
INFO: Attempting to reconnect installer_test_linux
Aug 11, 2016 9:25:26 PM hudson.slaves.SlaveComputer tryReconnect
INFO: Attempting to reconnect ase_test_linux_lisa
Aug 11, 2016 9:25:26 PM hudson.slaves.SlaveComputer tryReconnect
INFO: Attempting to reconnect installer_test_linux
Aug 11, 2016 9:47:26 PM hudson.slaves.SlaveComputer tryReconnect
INFO: Attempting to reconnect ase_test_linux_lisa
Aug 11, 2016 9:47:26 PM hudson.slaves.SlaveComputer tryReconnect
INFO: Attempting to reconnect installer_test_linux
Aug 11, 2016 9:49:46 PM hudson.node_monitors.ResponseTimeMonitor$1 monitor
WARNING: Making installer_test_linux offline because it’s not responding
Aug 11, 2016 9:49:46 PM hudson.node_monitors.ResponseTimeMonitor$1 monitor
WARNING: Making ase_test_linux_lisa offline because it’s not responding
Aug 11, 2016 10:11:26 PM hudson.slaves.SlaveComputer tryReconnect
INFO: Attempting to reconnect ase_test_linux_lisa
Aug 11, 2016 10:11:26 PM hudson.slaves.SlaveComputer tryReconnect
INFO: Attempting to reconnect installer_test_linux
Aug 11, 2016 10:33:26 PM hudson.slaves.SlaveComputer tryReconnect
INFO: Attempting to reconnect ase_test_linux_lisa
Aug 11, 2016 10:33:26 PM hudson.slaves.SlaveComputer tryReconnect
INFO: Attempting to reconnect installer_test_linux
Aug 11, 2016 10:49:46 PM hudson.node_monitors.ResponseTimeMonitor$1 monitor
WARNING: Making installer_test_linux offline because it’s not responding
Aug 11, 2016 10:49:46 PM hudson.node_monitors.ResponseTimeMonitor$1 monitor
WARNING: Making ase_test_linux_lisa offline because it’s not responding
Aug 11, 2016 10:55:26 PM hudson.slaves.SlaveComputer tryReconnect
INFO: Attempting to reconnect ase_test_linux_lisa
Aug 11, 2016 10:55:26 PM hudson.slaves.SlaveComputer tryReconnect
INFO: Attempting to reconnect installer_test_linux
Aug 11, 2016 11:17:26 PM hudson.slaves.SlaveComputer tryReconnect
INFO: Attempting to reconnect ase_test_linux_lisa
Aug 11, 2016 11:17:26 PM hudson.slaves.SlaveComputer tryReconnect
INFO: Attempting to reconnect installer_test_linux
Aug 11, 2016 11:38:26 PM hudson.slaves.SlaveComputer tryReconnect
INFO: Attempting to reconnect ase_test_linux_lisa
Aug 11, 2016 11:38:26 PM hudson.slaves.SlaveComputer tryReconnect
INFO: Attempting to reconnect installer_test_linux
Aug 11, 2016 11:49:46 PM hudson.node_monitors.ResponseTimeMonitor$1 monitor
WARNING: Making installer_test_linux offline because it’s not responding
Aug 11, 2016 11:49:46 PM hudson.node_monitors.ResponseTimeMonitor$1 monitor
WARNING: Making ase_test_linux_lisa offline because it’s not responding
