Aug 06, 2017 12:38:55 AM hudson.node_monitors.ResponseTimeMonitor$1 monitor
WARNING: Making NT_MONSOON offline because it?s not responding
Aug 06, 2017 1:38:55 AM hudson.node_monitors.ResponseTimeMonitor$1 monitor
WARNING: Making NT_MONSOON offline because it?s not responding
Aug 06, 2017 2:38:55 AM hudson.node_monitors.ResponseTimeMonitor$1 monitor
WARNING: Making NT_MONSOON offline because it?s not responding
Aug 06, 2017 3:38:55 AM hudson.node_monitors.ResponseTimeMonitor$1 monitor
WARNING: Making NT_MONSOON offline because it?s not responding
Aug 06, 2017 4:38:55 AM hudson.node_monitors.ResponseTimeMonitor$1 monitor
WARNING: Making NT_MONSOON offline because it?s not responding
Aug 06, 2017 5:14:14 AM hudson.model.Run execute
INFO: SP307_SRS_DAILY_BUILD_INTEGRATION #148 main build action completed: SUCCESS
Aug 06, 2017 5:38:55 AM hudson.node_monitors.ResponseTimeMonitor$1 monitor
WARNING: Making NT_MONSOON offline because it?s not responding
Aug 06, 2017 5:42:27 AM hudson.model.Run execute
INFO: SRS_DROP_TEST_FOR_ASE_SP307 #149 main build action completed: SUCCESS
Aug 06, 2017 5:42:29 AM hudson.model.Run execute
INFO: SP307_SRS_DAILY_BUILD_AND_DROP_TO_ASE #100 main build action completed: SUCCESS
Aug 06, 2017 6:38:55 AM hudson.node_monitors.ResponseTimeMonitor$1 monitor
WARNING: Making NT_MONSOON offline because it?s not responding
Aug 06, 2017 7:38:55 AM hudson.node_monitors.ResponseTimeMonitor$1 monitor
WARNING: Making NT_MONSOON offline because it?s not responding
Aug 06, 2017 8:38:55 AM hudson.node_monitors.ResponseTimeMonitor$1 monitor
WARNING: Making NT_MONSOON offline because it?s not responding
Aug 06, 2017 9:16:37 AM hudson.model.Run execute
INFO: SRS_RMA_BUILD_TRIGGER_BY_RMADEV_160SP03 #232 main build action completed: FAILURE
Aug 06, 2017 9:22:46 AM hudson.model.Run execute
INFO: SRS_RMA_BUILD_TRIGGER_BY_RMADEV_160SP03PL02 #22 main build action completed: SUCCESS
Aug 06, 2017 9:29:51 AM hudson.model.Run execute
INFO: SRS_RMA_BUILD_TRIGGER_BY_RMADEV_160SP03PL02 #23 main build action completed: SUCCESS
Aug 06, 2017 9:38:55 AM hudson.node_monitors.ResponseTimeMonitor$1 monitor
WARNING: Making NT_MONSOON offline because it?s not responding
Aug 06, 2017 10:38:55 AM hudson.node_monitors.ResponseTimeMonitor$1 monitor
WARNING: Making NT_MONSOON offline because it?s not responding
Aug 06, 2017 11:38:55 AM hudson.node_monitors.ResponseTimeMonitor$1 monitor
WARNING: Making NT_MONSOON offline because it?s not responding
Aug 06, 2017 12:22:08 PM hudson.model.Run execute
INFO: GET_RMA_CHECKIN_SP03PL01 #36 main build action completed: SUCCESS
Aug 06, 2017 12:38:55 PM hudson.node_monitors.ResponseTimeMonitor$1 monitor
WARNING: Making NT_MONSOON offline because it?s not responding
Aug 06, 2017 1:32:40 PM hudson.model.Run execute
INFO: 160SP03_SRS_DAILY_BUILD #136 main build action completed: SUCCESS
Aug 06, 2017 1:38:55 PM hudson.node_monitors.ResponseTimeMonitor$1 monitor
WARNING: Making NT_MONSOON offline because it?s not responding
Aug 06, 2017 1:44:34 PM hudson.model.Run execute
INFO: SRS_SP03_TEST #122 main build action completed: SUCCESS
Aug 06, 2017 1:44:48 PM hudson.model.Run execute
INFO: CREATE_LINK_SP03 #118 main build action completed: SUCCESS
Aug 06, 2017 1:44:50 PM hudson.model.Run execute
INFO: SRS_160SP03_SERIAL #124 main build action completed: SUCCESS
Aug 06, 2017 2:24:00 PM hudson.model.AsyncPeriodicWork$1 run
INFO: Started Workspace clean-up
Aug 06, 2017 2:24:02 PM hudson.model.AsyncPeriodicWork$1 run
INFO: Finished Workspace clean-up. 1,267 ms
Aug 06, 2017 2:38:55 PM hudson.node_monitors.ResponseTimeMonitor$1 monitor
WARNING: Making NT_MONSOON offline because it?s not responding
Aug 06, 2017 3:20:58 PM hudson.model.AsyncPeriodicWork$1 run
INFO: Started Fingerprint cleanup
Aug 06, 2017 3:20:58 PM hudson.model.AsyncPeriodicWork$1 run
INFO: Finished Fingerprint cleanup. 0 ms
Aug 06, 2017 3:38:55 PM hudson.node_monitors.ResponseTimeMonitor$1 monitor
WARNING: Making NT_MONSOON offline because it?s not responding
Aug 06, 2017 4:12:51 PM hudson.model.AsyncPeriodicWork$1 run
INFO: Started Download metadata
Aug 06, 2017 4:13:01 PM hudson.model.UpdateSite updateData
INFO: Obtained the latest update center data file for UpdateSource default
Aug 06, 2017 4:13:03 PM hudson.model.AsyncPeriodicWork$1 run
INFO: Finished Download metadata. 11,576 ms
Aug 06, 2017 4:38:55 PM hudson.node_monitors.ResponseTimeMonitor$1 monitor
WARNING: Making NT_MONSOON offline because it?s not responding
Aug 06, 2017 4:46:10 PM hudson.model.Run execute
INFO: GET_RMA_CHECKIN_SP03PL02 #13 main build action completed: SUCCESS
Aug 06, 2017 4:50:50 PM hudson.model.Run execute
INFO: 160SP03PL02_SRS_DAILY_BUILD_INTEGRATION #23 main build action completed: SUCCESS
Aug 06, 2017 5:04:49 PM hudson.model.Run execute
INFO: SRS_DROP_TEST_FOR_ASE_SP03PL02 #21 main build action completed: SUCCESS
Aug 06, 2017 5:04:51 PM hudson.model.Run execute
INFO: 160SP03PL02_SRS_DAILY_BUILD_AND_DROP_TO_ASE #23 main build action completed: SUCCESS
Aug 06, 2017 5:38:55 PM hudson.node_monitors.ResponseTimeMonitor$1 monitor
WARNING: Making NT_MONSOON offline because it?s not responding
Aug 06, 2017 6:38:55 PM hudson.node_monitors.ResponseTimeMonitor$1 monitor
WARNING: Making NT_MONSOON offline because it?s not responding
Aug 06, 2017 7:38:55 PM hudson.node_monitors.ResponseTimeMonitor$1 monitor
WARNING: Making NT_MONSOON offline because it?s not responding
Aug 06, 2017 8:38:55 PM hudson.node_monitors.ResponseTimeMonitor$1 monitor
WARNING: Making NT_MONSOON offline because it?s not responding
Aug 06, 2017 9:38:55 PM hudson.node_monitors.ResponseTimeMonitor$1 monitor
WARNING: Making NT_MONSOON offline because it?s not responding
Aug 06, 2017 10:30:23 PM hudson.model.Run execute
INFO: GET_RMA_CHECKIN_SP03PL02 #14 main build action completed: SUCCESS
Aug 06, 2017 10:34:21 PM hudson.model.Run execute
INFO: 160SP03PL02_SRS_DAILY_BUILD_INTEGRATION #24 main build action completed: SUCCESS
Aug 06, 2017 10:34:32 PM hudson.model.Run execute
INFO: 160SP03PL02_SRS_DAILY_BUILD_AND_DROP_TO_ASE #24 aborted
java.lang.InterruptedException: sleep interrupted
	at java.lang.Thread.sleep(Native Method)
	at com.tikal.jenkins.plugins.multijob.MultiJobBuilder.perform(MultiJobBuilder.java:237)
	at hudson.tasks.BuildStepMonitor$1.perform(BuildStepMonitor.java:20)
	at hudson.model.AbstractBuild$AbstractBuildExecution.perform(AbstractBuild.java:770)
	at hudson.model.Build$BuildExecution.build(Build.java:199)
	at hudson.model.Build$BuildExecution.doRun(Build.java:160)
	at hudson.model.AbstractBuild$AbstractBuildExecution.run(AbstractBuild.java:533)
	at com.tikal.jenkins.plugins.multijob.MultiJobBuild$MultiJobRunnerImpl.run(MultiJobBuild.java:134)
	at hudson.model.Run.execute(Run.java:1718)
	at com.tikal.jenkins.plugins.multijob.MultiJobBuild.run(MultiJobBuild.java:73)
	at hudson.model.ResourceController.execute(ResourceController.java:89)
	at hudson.model.Executor.run(Executor.java:240)

Aug 06, 2017 10:34:35 PM hudson.model.Run execute
INFO: SRS_DROP_TEST_FOR_ASE_SP03PL02 #22 aborted
java.lang.InterruptedException
	at java.lang.Object.wait(Native Method)
	at hudson.remoting.Request.call(Request.java:146)
	at hudson.remoting.Channel.call(Channel.java:751)
	at hudson.remoting.RemoteInvocationHandler.invoke(RemoteInvocationHandler.java:179)
	at com.sun.proxy.$Proxy48.join(Unknown Source)
	at hudson.Launcher$RemoteLauncher$ProcImpl.join(Launcher.java:979)
	at hudson.tasks.CommandInterpreter.join(CommandInterpreter.java:137)
	at hudson.tasks.CommandInterpreter.perform(CommandInterpreter.java:97)
	at hudson.tasks.CommandInterpreter.perform(CommandInterpreter.java:66)
	at hudson.tasks.BuildStepMonitor$1.perform(BuildStepMonitor.java:20)
	at hudson.model.AbstractBuild$AbstractBuildExecution.perform(AbstractBuild.java:770)
	at hudson.model.Build$BuildExecution.build(Build.java:199)
	at hudson.model.Build$BuildExecution.doRun(Build.java:160)
	at hudson.model.AbstractBuild$AbstractBuildExecution.run(AbstractBuild.java:533)
	at hudson.model.Run.execute(Run.java:1718)
	at hudson.model.FreeStyleBuild.run(FreeStyleBuild.java:43)
	at hudson.model.ResourceController.execute(ResourceController.java:89)
	at hudson.model.Executor.run(Executor.java:240)

Aug 06, 2017 10:36:43 PM hudson.model.Run execute
INFO: GET_RMA_CHECKIN_SP03PL02 #15 main build action completed: SUCCESS
Aug 06, 2017 10:38:55 PM hudson.node_monitors.ResponseTimeMonitor$1 monitor
WARNING: Making NT_MONSOON offline because it?s not responding
Aug 06, 2017 10:47:19 PM hudson.model.Run execute
INFO: 160SP03PL02_SRS_DAILY_BUILD_INTEGRATION #25 main build action completed: SUCCESS
Aug 06, 2017 11:03:38 PM hudson.model.Run execute
INFO: SRS_DROP_TEST_FOR_ASE_SP03PL02 #23 main build action completed: SUCCESS
Aug 06, 2017 11:03:39 PM hudson.model.Run execute
INFO: 160SP03PL02_SRS_DAILY_BUILD_AND_DROP_TO_ASE #25 main build action completed: SUCCESS
Aug 06, 2017 11:38:55 PM hudson.node_monitors.ResponseTimeMonitor$1 monitor
WARNING: Making NT_MONSOON offline because it?s not responding
