Mar 05, 2017 12:14:12 AM hudson.node_monitors.ResponseTimeMonitor$1 monitor
WARNING: Making NT_MONSOON offline because it’s not responding
Mar 05, 2017 12:14:12 AM hudson.node_monitors.ResponseTimeMonitor$1 monitor
WARNING: Making ase_test_txue offline because it’s not responding
Mar 05, 2017 12:14:12 AM hudson.node_monitors.ResponseTimeMonitor$1 monitor
WARNING: Making installer_test_linux offline because it’s not responding
Mar 05, 2017 12:14:12 AM hudson.node_monitors.ResponseTimeMonitor$1 monitor
WARNING: Making installer_test_linux1 offline because it’s not responding
Mar 05, 2017 12:14:12 AM hudson.node_monitors.ResponseTimeMonitor$1 monitor
WARNING: Making ase_test offline because it’s not responding
Mar 05, 2017 12:14:12 AM hudson.node_monitors.ResponseTimeMonitor$1 monitor
WARNING: Making installer_test_linux2 offline because it’s not responding
Mar 05, 2017 12:14:46 AM hudson.slaves.SlaveComputer tryReconnect
INFO: Attempting to reconnect ase_test
Mar 05, 2017 12:14:46 AM hudson.slaves.SlaveComputer tryReconnect
INFO: Attempting to reconnect ase_test_txue
Mar 05, 2017 12:14:46 AM hudson.slaves.SlaveComputer tryReconnect
INFO: Attempting to reconnect installer_test_linux
Mar 05, 2017 12:14:46 AM hudson.slaves.SlaveComputer tryReconnect
INFO: Attempting to reconnect installer_test_linux1
Mar 05, 2017 12:14:46 AM hudson.slaves.SlaveComputer tryReconnect
INFO: Attempting to reconnect installer_test_linux2
Mar 05, 2017 12:37:46 AM hudson.slaves.SlaveComputer tryReconnect
INFO: Attempting to reconnect ase_test
Mar 05, 2017 12:37:46 AM hudson.slaves.SlaveComputer tryReconnect
INFO: Attempting to reconnect ase_test_txue
Mar 05, 2017 12:37:46 AM hudson.slaves.SlaveComputer tryReconnect
INFO: Attempting to reconnect installer_test_linux
Mar 05, 2017 12:37:46 AM hudson.slaves.SlaveComputer tryReconnect
INFO: Attempting to reconnect installer_test_linux1
Mar 05, 2017 12:37:46 AM hudson.slaves.SlaveComputer tryReconnect
INFO: Attempting to reconnect installer_test_linux2
Mar 05, 2017 12:58:46 AM hudson.slaves.SlaveComputer tryReconnect
INFO: Attempting to reconnect ase_test
Mar 05, 2017 12:58:46 AM hudson.slaves.SlaveComputer tryReconnect
INFO: Attempting to reconnect ase_test_txue
Mar 05, 2017 12:58:46 AM hudson.slaves.SlaveComputer tryReconnect
INFO: Attempting to reconnect installer_test_linux
Mar 05, 2017 12:58:46 AM hudson.slaves.SlaveComputer tryReconnect
INFO: Attempting to reconnect installer_test_linux1
Mar 05, 2017 12:58:46 AM hudson.slaves.SlaveComputer tryReconnect
INFO: Attempting to reconnect installer_test_linux2
Mar 05, 2017 1:14:12 AM hudson.node_monitors.ResponseTimeMonitor$1 monitor
WARNING: Making NT_MONSOON offline because it’s not responding
Mar 05, 2017 1:14:12 AM hudson.node_monitors.ResponseTimeMonitor$1 monitor
WARNING: Making ase_test_txue offline because it’s not responding
Mar 05, 2017 1:14:12 AM hudson.node_monitors.ResponseTimeMonitor$1 monitor
WARNING: Making installer_test_linux offline because it’s not responding
Mar 05, 2017 1:14:12 AM hudson.node_monitors.ResponseTimeMonitor$1 monitor
WARNING: Making installer_test_linux1 offline because it’s not responding
Mar 05, 2017 1:14:12 AM hudson.node_monitors.ResponseTimeMonitor$1 monitor
WARNING: Making ase_test offline because it’s not responding
Mar 05, 2017 1:14:12 AM hudson.node_monitors.ResponseTimeMonitor$1 monitor
WARNING: Making installer_test_linux2 offline because it’s not responding
Mar 05, 2017 1:20:46 AM hudson.slaves.SlaveComputer tryReconnect
INFO: Attempting to reconnect ase_test
Mar 05, 2017 1:20:46 AM hudson.slaves.SlaveComputer tryReconnect
INFO: Attempting to reconnect ase_test_txue
Mar 05, 2017 1:20:46 AM hudson.slaves.SlaveComputer tryReconnect
INFO: Attempting to reconnect installer_test_linux
Mar 05, 2017 1:20:46 AM hudson.slaves.SlaveComputer tryReconnect
INFO: Attempting to reconnect installer_test_linux1
Mar 05, 2017 1:20:46 AM hudson.slaves.SlaveComputer tryReconnect
INFO: Attempting to reconnect installer_test_linux2
Mar 05, 2017 1:43:46 AM hudson.slaves.SlaveComputer tryReconnect
INFO: Attempting to reconnect ase_test
Mar 05, 2017 1:43:46 AM hudson.slaves.SlaveComputer tryReconnect
INFO: Attempting to reconnect ase_test_txue
Mar 05, 2017 1:43:46 AM hudson.slaves.SlaveComputer tryReconnect
INFO: Attempting to reconnect installer_test_linux
Mar 05, 2017 1:43:46 AM hudson.slaves.SlaveComputer tryReconnect
INFO: Attempting to reconnect installer_test_linux1
Mar 05, 2017 1:43:46 AM hudson.slaves.SlaveComputer tryReconnect
INFO: Attempting to reconnect installer_test_linux2
Mar 05, 2017 2:05:46 AM hudson.slaves.SlaveComputer tryReconnect
INFO: Attempting to reconnect ase_test
Mar 05, 2017 2:05:46 AM hudson.slaves.SlaveComputer tryReconnect
INFO: Attempting to reconnect ase_test_txue
Mar 05, 2017 2:05:46 AM hudson.slaves.SlaveComputer tryReconnect
INFO: Attempting to reconnect installer_test_linux
Mar 05, 2017 2:05:46 AM hudson.slaves.SlaveComputer tryReconnect
INFO: Attempting to reconnect installer_test_linux1
Mar 05, 2017 2:05:46 AM hudson.slaves.SlaveComputer tryReconnect
INFO: Attempting to reconnect installer_test_linux2
Mar 05, 2017 2:14:12 AM hudson.node_monitors.ResponseTimeMonitor$1 monitor
WARNING: Making NT_MONSOON offline because it’s not responding
Mar 05, 2017 2:14:12 AM hudson.node_monitors.ResponseTimeMonitor$1 monitor
WARNING: Making ase_test_txue offline because it’s not responding
Mar 05, 2017 2:14:12 AM hudson.node_monitors.ResponseTimeMonitor$1 monitor
WARNING: Making installer_test_linux offline because it’s not responding
Mar 05, 2017 2:14:12 AM hudson.node_monitors.ResponseTimeMonitor$1 monitor
WARNING: Making installer_test_linux1 offline because it’s not responding
Mar 05, 2017 2:14:12 AM hudson.node_monitors.ResponseTimeMonitor$1 monitor
WARNING: Making ase_test offline because it’s not responding
Mar 05, 2017 2:14:12 AM hudson.node_monitors.ResponseTimeMonitor$1 monitor
WARNING: Making installer_test_linux2 offline because it’s not responding
Mar 05, 2017 2:27:46 AM hudson.slaves.SlaveComputer tryReconnect
INFO: Attempting to reconnect ase_test
Mar 05, 2017 2:27:46 AM hudson.slaves.SlaveComputer tryReconnect
INFO: Attempting to reconnect ase_test_txue
Mar 05, 2017 2:27:46 AM hudson.slaves.SlaveComputer tryReconnect
INFO: Attempting to reconnect installer_test_linux
Mar 05, 2017 2:27:46 AM hudson.slaves.SlaveComputer tryReconnect
INFO: Attempting to reconnect installer_test_linux1
Mar 05, 2017 2:27:46 AM hudson.slaves.SlaveComputer tryReconnect
INFO: Attempting to reconnect installer_test_linux2
Mar 05, 2017 2:48:46 AM hudson.slaves.SlaveComputer tryReconnect
INFO: Attempting to reconnect ase_test
Mar 05, 2017 2:48:46 AM hudson.slaves.SlaveComputer tryReconnect
INFO: Attempting to reconnect ase_test_txue
Mar 05, 2017 2:48:46 AM hudson.slaves.SlaveComputer tryReconnect
INFO: Attempting to reconnect installer_test_linux
Mar 05, 2017 2:48:46 AM hudson.slaves.SlaveComputer tryReconnect
INFO: Attempting to reconnect installer_test_linux1
Mar 05, 2017 2:48:46 AM hudson.slaves.SlaveComputer tryReconnect
INFO: Attempting to reconnect installer_test_linux2
Mar 05, 2017 3:10:46 AM hudson.slaves.SlaveComputer tryReconnect
INFO: Attempting to reconnect ase_test
Mar 05, 2017 3:10:46 AM hudson.slaves.SlaveComputer tryReconnect
INFO: Attempting to reconnect ase_test_txue
Mar 05, 2017 3:10:46 AM hudson.slaves.SlaveComputer tryReconnect
INFO: Attempting to reconnect installer_test_linux
Mar 05, 2017 3:10:46 AM hudson.slaves.SlaveComputer tryReconnect
INFO: Attempting to reconnect installer_test_linux1
Mar 05, 2017 3:10:46 AM hudson.slaves.SlaveComputer tryReconnect
INFO: Attempting to reconnect installer_test_linux2
Mar 05, 2017 3:14:12 AM hudson.node_monitors.ResponseTimeMonitor$1 monitor
WARNING: Making NT_MONSOON offline because it’s not responding
Mar 05, 2017 3:14:12 AM hudson.node_monitors.ResponseTimeMonitor$1 monitor
WARNING: Making ase_test_txue offline because it’s not responding
Mar 05, 2017 3:14:12 AM hudson.node_monitors.ResponseTimeMonitor$1 monitor
WARNING: Making installer_test_linux offline because it’s not responding
Mar 05, 2017 3:14:12 AM hudson.node_monitors.ResponseTimeMonitor$1 monitor
WARNING: Making installer_test_linux1 offline because it’s not responding
Mar 05, 2017 3:14:12 AM hudson.node_monitors.ResponseTimeMonitor$1 monitor
WARNING: Making ase_test offline because it’s not responding
Mar 05, 2017 3:14:12 AM hudson.node_monitors.ResponseTimeMonitor$1 monitor
WARNING: Making installer_test_linux2 offline because it’s not responding
Mar 05, 2017 3:32:46 AM hudson.slaves.SlaveComputer tryReconnect
INFO: Attempting to reconnect ase_test
Mar 05, 2017 3:32:46 AM hudson.slaves.SlaveComputer tryReconnect
INFO: Attempting to reconnect ase_test_txue
Mar 05, 2017 3:32:46 AM hudson.slaves.SlaveComputer tryReconnect
INFO: Attempting to reconnect installer_test_linux
Mar 05, 2017 3:32:46 AM hudson.slaves.SlaveComputer tryReconnect
INFO: Attempting to reconnect installer_test_linux1
Mar 05, 2017 3:32:46 AM hudson.slaves.SlaveComputer tryReconnect
INFO: Attempting to reconnect installer_test_linux2
Mar 05, 2017 3:54:46 AM hudson.slaves.SlaveComputer tryReconnect
INFO: Attempting to reconnect ase_test
Mar 05, 2017 3:54:46 AM hudson.slaves.SlaveComputer tryReconnect
INFO: Attempting to reconnect ase_test_txue
Mar 05, 2017 3:54:46 AM hudson.slaves.SlaveComputer tryReconnect
INFO: Attempting to reconnect installer_test_linux
Mar 05, 2017 3:54:46 AM hudson.slaves.SlaveComputer tryReconnect
INFO: Attempting to reconnect installer_test_linux1
Mar 05, 2017 3:54:46 AM hudson.slaves.SlaveComputer tryReconnect
INFO: Attempting to reconnect installer_test_linux2
Mar 05, 2017 3:57:01 AM hudson.model.AsyncPeriodicWork$1 run
INFO: Started Fingerprint cleanup
Mar 05, 2017 3:57:01 AM hudson.model.AsyncPeriodicWork$1 run
INFO: Finished Fingerprint cleanup. 1 ms
Mar 05, 2017 4:14:12 AM hudson.node_monitors.ResponseTimeMonitor$1 monitor
WARNING: Making NT_MONSOON offline because it’s not responding
Mar 05, 2017 4:14:12 AM hudson.node_monitors.ResponseTimeMonitor$1 monitor
WARNING: Making ase_test_txue offline because it’s not responding
Mar 05, 2017 4:14:12 AM hudson.node_monitors.ResponseTimeMonitor$1 monitor
WARNING: Making installer_test_linux offline because it’s not responding
Mar 05, 2017 4:14:12 AM hudson.node_monitors.ResponseTimeMonitor$1 monitor
WARNING: Making installer_test_linux1 offline because it’s not responding
Mar 05, 2017 4:14:12 AM hudson.node_monitors.ResponseTimeMonitor$1 monitor
WARNING: Making ase_test offline because it’s not responding
Mar 05, 2017 4:14:12 AM hudson.node_monitors.ResponseTimeMonitor$1 monitor
WARNING: Making installer_test_linux2 offline because it’s not responding
Mar 05, 2017 4:16:46 AM hudson.slaves.SlaveComputer tryReconnect
INFO: Attempting to reconnect ase_test
Mar 05, 2017 4:16:46 AM hudson.slaves.SlaveComputer tryReconnect
INFO: Attempting to reconnect ase_test_txue
Mar 05, 2017 4:16:46 AM hudson.slaves.SlaveComputer tryReconnect
INFO: Attempting to reconnect installer_test_linux
Mar 05, 2017 4:16:46 AM hudson.slaves.SlaveComputer tryReconnect
INFO: Attempting to reconnect installer_test_linux1
Mar 05, 2017 4:16:46 AM hudson.slaves.SlaveComputer tryReconnect
INFO: Attempting to reconnect installer_test_linux2
Mar 05, 2017 4:39:46 AM hudson.slaves.SlaveComputer tryReconnect
INFO: Attempting to reconnect ase_test
Mar 05, 2017 4:39:46 AM hudson.slaves.SlaveComputer tryReconnect
INFO: Attempting to reconnect ase_test_txue
Mar 05, 2017 4:39:46 AM hudson.slaves.SlaveComputer tryReconnect
INFO: Attempting to reconnect installer_test_linux
Mar 05, 2017 4:39:46 AM hudson.slaves.SlaveComputer tryReconnect
INFO: Attempting to reconnect installer_test_linux1
Mar 05, 2017 4:39:46 AM hudson.slaves.SlaveComputer tryReconnect
INFO: Attempting to reconnect installer_test_linux2
Mar 05, 2017 5:00:46 AM hudson.slaves.SlaveComputer tryReconnect
INFO: Attempting to reconnect ase_test
Mar 05, 2017 5:00:46 AM hudson.slaves.SlaveComputer tryReconnect
INFO: Attempting to reconnect ase_test_txue
Mar 05, 2017 5:00:46 AM hudson.slaves.SlaveComputer tryReconnect
INFO: Attempting to reconnect installer_test_linux
Mar 05, 2017 5:00:46 AM hudson.slaves.SlaveComputer tryReconnect
INFO: Attempting to reconnect installer_test_linux1
Mar 05, 2017 5:00:46 AM hudson.slaves.SlaveComputer tryReconnect
INFO: Attempting to reconnect installer_test_linux2
Mar 05, 2017 5:14:12 AM hudson.node_monitors.ResponseTimeMonitor$1 monitor
WARNING: Making NT_MONSOON offline because it’s not responding
Mar 05, 2017 5:14:12 AM hudson.node_monitors.ResponseTimeMonitor$1 monitor
WARNING: Making ase_test_txue offline because it’s not responding
Mar 05, 2017 5:14:12 AM hudson.node_monitors.ResponseTimeMonitor$1 monitor
WARNING: Making installer_test_linux offline because it’s not responding
Mar 05, 2017 5:14:12 AM hudson.node_monitors.ResponseTimeMonitor$1 monitor
WARNING: Making installer_test_linux1 offline because it’s not responding
Mar 05, 2017 5:14:12 AM hudson.node_monitors.ResponseTimeMonitor$1 monitor
WARNING: Making ase_test offline because it’s not responding
Mar 05, 2017 5:14:12 AM hudson.node_monitors.ResponseTimeMonitor$1 monitor
WARNING: Making installer_test_linux2 offline because it’s not responding
Mar 05, 2017 5:22:46 AM hudson.slaves.SlaveComputer tryReconnect
INFO: Attempting to reconnect ase_test
Mar 05, 2017 5:22:46 AM hudson.slaves.SlaveComputer tryReconnect
INFO: Attempting to reconnect ase_test_txue
Mar 05, 2017 5:22:46 AM hudson.slaves.SlaveComputer tryReconnect
INFO: Attempting to reconnect installer_test_linux
Mar 05, 2017 5:22:46 AM hudson.slaves.SlaveComputer tryReconnect
INFO: Attempting to reconnect installer_test_linux1
Mar 05, 2017 5:22:46 AM hudson.slaves.SlaveComputer tryReconnect
INFO: Attempting to reconnect installer_test_linux2
Mar 05, 2017 5:45:46 AM hudson.slaves.SlaveComputer tryReconnect
INFO: Attempting to reconnect ase_test
Mar 05, 2017 5:45:46 AM hudson.slaves.SlaveComputer tryReconnect
INFO: Attempting to reconnect ase_test_txue
Mar 05, 2017 5:45:46 AM hudson.slaves.SlaveComputer tryReconnect
INFO: Attempting to reconnect installer_test_linux
Mar 05, 2017 5:45:46 AM hudson.slaves.SlaveComputer tryReconnect
INFO: Attempting to reconnect installer_test_linux1
Mar 05, 2017 5:45:46 AM hudson.slaves.SlaveComputer tryReconnect
INFO: Attempting to reconnect installer_test_linux2
Mar 05, 2017 6:06:46 AM hudson.slaves.SlaveComputer tryReconnect
INFO: Attempting to reconnect ase_test
Mar 05, 2017 6:06:46 AM hudson.slaves.SlaveComputer tryReconnect
INFO: Attempting to reconnect ase_test_txue
Mar 05, 2017 6:06:46 AM hudson.slaves.SlaveComputer tryReconnect
INFO: Attempting to reconnect installer_test_linux
Mar 05, 2017 6:06:46 AM hudson.slaves.SlaveComputer tryReconnect
INFO: Attempting to reconnect installer_test_linux1
Mar 05, 2017 6:06:46 AM hudson.slaves.SlaveComputer tryReconnect
INFO: Attempting to reconnect installer_test_linux2
Mar 05, 2017 6:14:12 AM hudson.node_monitors.ResponseTimeMonitor$1 monitor
WARNING: Making NT_MONSOON offline because it’s not responding
Mar 05, 2017 6:14:12 AM hudson.node_monitors.ResponseTimeMonitor$1 monitor
WARNING: Making ase_test_txue offline because it’s not responding
Mar 05, 2017 6:14:12 AM hudson.node_monitors.ResponseTimeMonitor$1 monitor
WARNING: Making installer_test_linux offline because it’s not responding
Mar 05, 2017 6:14:12 AM hudson.node_monitors.ResponseTimeMonitor$1 monitor
WARNING: Making installer_test_linux1 offline because it’s not responding
Mar 05, 2017 6:14:12 AM hudson.node_monitors.ResponseTimeMonitor$1 monitor
WARNING: Making ase_test offline because it’s not responding
Mar 05, 2017 6:14:12 AM hudson.node_monitors.ResponseTimeMonitor$1 monitor
WARNING: Making installer_test_linux2 offline because it’s not responding
Mar 05, 2017 6:27:46 AM hudson.slaves.SlaveComputer tryReconnect
INFO: Attempting to reconnect ase_test
Mar 05, 2017 6:27:46 AM hudson.slaves.SlaveComputer tryReconnect
INFO: Attempting to reconnect ase_test_txue
Mar 05, 2017 6:27:46 AM hudson.slaves.SlaveComputer tryReconnect
INFO: Attempting to reconnect installer_test_linux
Mar 05, 2017 6:27:46 AM hudson.slaves.SlaveComputer tryReconnect
INFO: Attempting to reconnect installer_test_linux1
Mar 05, 2017 6:27:46 AM hudson.slaves.SlaveComputer tryReconnect
INFO: Attempting to reconnect installer_test_linux2
Mar 05, 2017 6:50:46 AM hudson.slaves.SlaveComputer tryReconnect
INFO: Attempting to reconnect ase_test
Mar 05, 2017 6:50:46 AM hudson.slaves.SlaveComputer tryReconnect
INFO: Attempting to reconnect ase_test_txue
Mar 05, 2017 6:50:46 AM hudson.slaves.SlaveComputer tryReconnect
INFO: Attempting to reconnect installer_test_linux
Mar 05, 2017 6:50:46 AM hudson.slaves.SlaveComputer tryReconnect
INFO: Attempting to reconnect installer_test_linux1
Mar 05, 2017 6:50:46 AM hudson.slaves.SlaveComputer tryReconnect
INFO: Attempting to reconnect installer_test_linux2
Mar 05, 2017 7:11:46 AM hudson.slaves.SlaveComputer tryReconnect
INFO: Attempting to reconnect ase_test
Mar 05, 2017 7:11:46 AM hudson.slaves.SlaveComputer tryReconnect
INFO: Attempting to reconnect ase_test_txue
Mar 05, 2017 7:11:46 AM hudson.slaves.SlaveComputer tryReconnect
INFO: Attempting to reconnect installer_test_linux
Mar 05, 2017 7:11:46 AM hudson.slaves.SlaveComputer tryReconnect
INFO: Attempting to reconnect installer_test_linux1
Mar 05, 2017 7:11:46 AM hudson.slaves.SlaveComputer tryReconnect
INFO: Attempting to reconnect installer_test_linux2
Mar 05, 2017 7:14:12 AM hudson.node_monitors.ResponseTimeMonitor$1 monitor
WARNING: Making NT_MONSOON offline because it’s not responding
Mar 05, 2017 7:14:12 AM hudson.node_monitors.ResponseTimeMonitor$1 monitor
WARNING: Making ase_test_txue offline because it’s not responding
Mar 05, 2017 7:14:12 AM hudson.node_monitors.ResponseTimeMonitor$1 monitor
WARNING: Making installer_test_linux offline because it’s not responding
Mar 05, 2017 7:14:12 AM hudson.node_monitors.ResponseTimeMonitor$1 monitor
WARNING: Making installer_test_linux1 offline because it’s not responding
Mar 05, 2017 7:14:12 AM hudson.node_monitors.ResponseTimeMonitor$1 monitor
WARNING: Making ase_test offline because it’s not responding
Mar 05, 2017 7:14:12 AM hudson.node_monitors.ResponseTimeMonitor$1 monitor
WARNING: Making installer_test_linux2 offline because it’s not responding
Mar 05, 2017 7:34:46 AM hudson.slaves.SlaveComputer tryReconnect
INFO: Attempting to reconnect ase_test
Mar 05, 2017 7:34:46 AM hudson.slaves.SlaveComputer tryReconnect
INFO: Attempting to reconnect ase_test_txue
Mar 05, 2017 7:34:46 AM hudson.slaves.SlaveComputer tryReconnect
INFO: Attempting to reconnect installer_test_linux
Mar 05, 2017 7:34:46 AM hudson.slaves.SlaveComputer tryReconnect
INFO: Attempting to reconnect installer_test_linux1
Mar 05, 2017 7:34:46 AM hudson.slaves.SlaveComputer tryReconnect
INFO: Attempting to reconnect installer_test_linux2
Mar 05, 2017 7:54:46 AM hudson.slaves.SlaveComputer tryReconnect
INFO: Attempting to reconnect ase_test
Mar 05, 2017 7:54:46 AM hudson.slaves.SlaveComputer tryReconnect
INFO: Attempting to reconnect ase_test_txue
Mar 05, 2017 7:54:46 AM hudson.slaves.SlaveComputer tryReconnect
INFO: Attempting to reconnect installer_test_linux
Mar 05, 2017 7:54:46 AM hudson.slaves.SlaveComputer tryReconnect
INFO: Attempting to reconnect installer_test_linux1
Mar 05, 2017 7:54:46 AM hudson.slaves.SlaveComputer tryReconnect
INFO: Attempting to reconnect installer_test_linux2
Mar 05, 2017 8:06:14 AM hudson.model.Run execute
INFO: SRS_RMA_BUILD_TRIGGER_BY_RMADEV_SP305 #217 main build action completed: FAILURE
Mar 05, 2017 8:06:15 AM hudson.model.Run execute
INFO: SRS_RMA_BUILD_TRIGGER_BY_RMADEV_SP306 #134 main build action completed: FAILURE
Mar 05, 2017 8:14:12 AM hudson.node_monitors.ResponseTimeMonitor$1 monitor
WARNING: Making NT_MONSOON offline because it’s not responding
Mar 05, 2017 8:14:12 AM hudson.node_monitors.ResponseTimeMonitor$1 monitor
WARNING: Making ase_test_txue offline because it’s not responding
Mar 05, 2017 8:14:12 AM hudson.node_monitors.ResponseTimeMonitor$1 monitor
WARNING: Making installer_test_linux offline because it’s not responding
Mar 05, 2017 8:14:12 AM hudson.node_monitors.ResponseTimeMonitor$1 monitor
WARNING: Making installer_test_linux1 offline because it’s not responding
Mar 05, 2017 8:14:12 AM hudson.node_monitors.ResponseTimeMonitor$1 monitor
WARNING: Making ase_test offline because it’s not responding
Mar 05, 2017 8:14:12 AM hudson.node_monitors.ResponseTimeMonitor$1 monitor
WARNING: Making installer_test_linux2 offline because it’s not responding
Mar 05, 2017 8:16:46 AM hudson.slaves.SlaveComputer tryReconnect
INFO: Attempting to reconnect ase_test
Mar 05, 2017 8:16:46 AM hudson.slaves.SlaveComputer tryReconnect
INFO: Attempting to reconnect ase_test_txue
Mar 05, 2017 8:16:46 AM hudson.slaves.SlaveComputer tryReconnect
INFO: Attempting to reconnect installer_test_linux
Mar 05, 2017 8:16:46 AM hudson.slaves.SlaveComputer tryReconnect
INFO: Attempting to reconnect installer_test_linux1
Mar 05, 2017 8:16:46 AM hudson.slaves.SlaveComputer tryReconnect
INFO: Attempting to reconnect installer_test_linux2
Mar 05, 2017 8:38:46 AM hudson.slaves.SlaveComputer tryReconnect
INFO: Attempting to reconnect ase_test
Mar 05, 2017 8:38:46 AM hudson.slaves.SlaveComputer tryReconnect
INFO: Attempting to reconnect ase_test_txue
Mar 05, 2017 8:38:46 AM hudson.slaves.SlaveComputer tryReconnect
INFO: Attempting to reconnect installer_test_linux
Mar 05, 2017 8:38:46 AM hudson.slaves.SlaveComputer tryReconnect
INFO: Attempting to reconnect installer_test_linux1
Mar 05, 2017 8:38:46 AM hudson.slaves.SlaveComputer tryReconnect
INFO: Attempting to reconnect installer_test_linux2
Mar 05, 2017 9:00:46 AM hudson.slaves.SlaveComputer tryReconnect
INFO: Attempting to reconnect ase_test
Mar 05, 2017 9:00:46 AM hudson.slaves.SlaveComputer tryReconnect
INFO: Attempting to reconnect ase_test_txue
Mar 05, 2017 9:00:46 AM hudson.slaves.SlaveComputer tryReconnect
INFO: Attempting to reconnect installer_test_linux
Mar 05, 2017 9:00:46 AM hudson.slaves.SlaveComputer tryReconnect
INFO: Attempting to reconnect installer_test_linux1
Mar 05, 2017 9:00:46 AM hudson.slaves.SlaveComputer tryReconnect
INFO: Attempting to reconnect installer_test_linux2
Mar 05, 2017 9:14:12 AM hudson.node_monitors.ResponseTimeMonitor$1 monitor
WARNING: Making NT_MONSOON offline because it’s not responding
Mar 05, 2017 9:14:12 AM hudson.node_monitors.ResponseTimeMonitor$1 monitor
WARNING: Making ase_test_txue offline because it’s not responding
Mar 05, 2017 9:14:12 AM hudson.node_monitors.ResponseTimeMonitor$1 monitor
WARNING: Making installer_test_linux offline because it’s not responding
Mar 05, 2017 9:14:12 AM hudson.node_monitors.ResponseTimeMonitor$1 monitor
WARNING: Making installer_test_linux1 offline because it’s not responding
Mar 05, 2017 9:14:12 AM hudson.node_monitors.ResponseTimeMonitor$1 monitor
WARNING: Making ase_test offline because it’s not responding
Mar 05, 2017 9:14:12 AM hudson.node_monitors.ResponseTimeMonitor$1 monitor
WARNING: Making installer_test_linux2 offline because it’s not responding
Mar 05, 2017 9:22:46 AM hudson.slaves.SlaveComputer tryReconnect
INFO: Attempting to reconnect ase_test
Mar 05, 2017 9:22:46 AM hudson.slaves.SlaveComputer tryReconnect
INFO: Attempting to reconnect ase_test_txue
Mar 05, 2017 9:22:46 AM hudson.slaves.SlaveComputer tryReconnect
INFO: Attempting to reconnect installer_test_linux
Mar 05, 2017 9:22:46 AM hudson.slaves.SlaveComputer tryReconnect
INFO: Attempting to reconnect installer_test_linux1
Mar 05, 2017 9:22:46 AM hudson.slaves.SlaveComputer tryReconnect
INFO: Attempting to reconnect installer_test_linux2
Mar 05, 2017 9:45:46 AM hudson.slaves.SlaveComputer tryReconnect
INFO: Attempting to reconnect ase_test
Mar 05, 2017 9:45:46 AM hudson.slaves.SlaveComputer tryReconnect
INFO: Attempting to reconnect ase_test_txue
Mar 05, 2017 9:45:46 AM hudson.slaves.SlaveComputer tryReconnect
INFO: Attempting to reconnect installer_test_linux
Mar 05, 2017 9:45:46 AM hudson.slaves.SlaveComputer tryReconnect
INFO: Attempting to reconnect installer_test_linux1
Mar 05, 2017 9:45:46 AM hudson.slaves.SlaveComputer tryReconnect
INFO: Attempting to reconnect installer_test_linux2
Mar 05, 2017 10:07:46 AM hudson.slaves.SlaveComputer tryReconnect
INFO: Attempting to reconnect ase_test
Mar 05, 2017 10:07:46 AM hudson.slaves.SlaveComputer tryReconnect
INFO: Attempting to reconnect ase_test_txue
Mar 05, 2017 10:07:46 AM hudson.slaves.SlaveComputer tryReconnect
INFO: Attempting to reconnect installer_test_linux
Mar 05, 2017 10:07:46 AM hudson.slaves.SlaveComputer tryReconnect
INFO: Attempting to reconnect installer_test_linux1
Mar 05, 2017 10:07:46 AM hudson.slaves.SlaveComputer tryReconnect
INFO: Attempting to reconnect installer_test_linux2
Mar 05, 2017 10:14:12 AM hudson.node_monitors.ResponseTimeMonitor$1 monitor
WARNING: Making NT_MONSOON offline because it’s not responding
Mar 05, 2017 10:14:12 AM hudson.node_monitors.ResponseTimeMonitor$1 monitor
WARNING: Making ase_test_txue offline because it’s not responding
Mar 05, 2017 10:14:12 AM hudson.node_monitors.ResponseTimeMonitor$1 monitor
WARNING: Making installer_test_linux offline because it’s not responding
Mar 05, 2017 10:14:12 AM hudson.node_monitors.ResponseTimeMonitor$1 monitor
WARNING: Making installer_test_linux1 offline because it’s not responding
Mar 05, 2017 10:14:12 AM hudson.node_monitors.ResponseTimeMonitor$1 monitor
WARNING: Making ase_test offline because it’s not responding
Mar 05, 2017 10:14:12 AM hudson.node_monitors.ResponseTimeMonitor$1 monitor
WARNING: Making installer_test_linux2 offline because it’s not responding
Mar 05, 2017 10:29:46 AM hudson.slaves.SlaveComputer tryReconnect
INFO: Attempting to reconnect ase_test
Mar 05, 2017 10:29:46 AM hudson.slaves.SlaveComputer tryReconnect
INFO: Attempting to reconnect ase_test_txue
Mar 05, 2017 10:29:46 AM hudson.slaves.SlaveComputer tryReconnect
INFO: Attempting to reconnect installer_test_linux
Mar 05, 2017 10:29:46 AM hudson.slaves.SlaveComputer tryReconnect
INFO: Attempting to reconnect installer_test_linux1
Mar 05, 2017 10:29:46 AM hudson.slaves.SlaveComputer tryReconnect
INFO: Attempting to reconnect installer_test_linux2
Mar 05, 2017 10:52:46 AM hudson.slaves.SlaveComputer tryReconnect
INFO: Attempting to reconnect ase_test
Mar 05, 2017 10:52:46 AM hudson.slaves.SlaveComputer tryReconnect
INFO: Attempting to reconnect ase_test_txue
Mar 05, 2017 10:52:46 AM hudson.slaves.SlaveComputer tryReconnect
INFO: Attempting to reconnect installer_test_linux
Mar 05, 2017 10:52:46 AM hudson.slaves.SlaveComputer tryReconnect
INFO: Attempting to reconnect installer_test_linux1
Mar 05, 2017 10:52:46 AM hudson.slaves.SlaveComputer tryReconnect
INFO: Attempting to reconnect installer_test_linux2
Mar 05, 2017 11:13:46 AM hudson.slaves.SlaveComputer tryReconnect
INFO: Attempting to reconnect ase_test
Mar 05, 2017 11:13:46 AM hudson.slaves.SlaveComputer tryReconnect
INFO: Attempting to reconnect ase_test_txue
Mar 05, 2017 11:13:46 AM hudson.slaves.SlaveComputer tryReconnect
INFO: Attempting to reconnect installer_test_linux
Mar 05, 2017 11:13:46 AM hudson.slaves.SlaveComputer tryReconnect
INFO: Attempting to reconnect installer_test_linux1
Mar 05, 2017 11:13:46 AM hudson.slaves.SlaveComputer tryReconnect
INFO: Attempting to reconnect installer_test_linux2
Mar 05, 2017 11:14:12 AM hudson.node_monitors.ResponseTimeMonitor$1 monitor
WARNING: Making NT_MONSOON offline because it’s not responding
Mar 05, 2017 11:14:12 AM hudson.node_monitors.ResponseTimeMonitor$1 monitor
WARNING: Making ase_test_txue offline because it’s not responding
Mar 05, 2017 11:14:12 AM hudson.node_monitors.ResponseTimeMonitor$1 monitor
WARNING: Making installer_test_linux offline because it’s not responding
Mar 05, 2017 11:14:12 AM hudson.node_monitors.ResponseTimeMonitor$1 monitor
WARNING: Making installer_test_linux1 offline because it’s not responding
Mar 05, 2017 11:14:12 AM hudson.node_monitors.ResponseTimeMonitor$1 monitor
WARNING: Making ase_test offline because it’s not responding
Mar 05, 2017 11:14:12 AM hudson.node_monitors.ResponseTimeMonitor$1 monitor
WARNING: Making installer_test_linux2 offline because it’s not responding
Mar 05, 2017 11:37:46 AM hudson.slaves.SlaveComputer tryReconnect
INFO: Attempting to reconnect ase_test
Mar 05, 2017 11:37:46 AM hudson.slaves.SlaveComputer tryReconnect
INFO: Attempting to reconnect ase_test_txue
Mar 05, 2017 11:37:46 AM hudson.slaves.SlaveComputer tryReconnect
INFO: Attempting to reconnect installer_test_linux
Mar 05, 2017 11:37:46 AM hudson.slaves.SlaveComputer tryReconnect
INFO: Attempting to reconnect installer_test_linux1
Mar 05, 2017 11:37:46 AM hudson.slaves.SlaveComputer tryReconnect
INFO: Attempting to reconnect installer_test_linux2
Mar 05, 2017 11:59:46 AM hudson.slaves.SlaveComputer tryReconnect
INFO: Attempting to reconnect ase_test
Mar 05, 2017 11:59:46 AM hudson.slaves.SlaveComputer tryReconnect
INFO: Attempting to reconnect ase_test_txue
Mar 05, 2017 11:59:46 AM hudson.slaves.SlaveComputer tryReconnect
INFO: Attempting to reconnect installer_test_linux
Mar 05, 2017 11:59:46 AM hudson.slaves.SlaveComputer tryReconnect
INFO: Attempting to reconnect installer_test_linux1
Mar 05, 2017 11:59:46 AM hudson.slaves.SlaveComputer tryReconnect
INFO: Attempting to reconnect installer_test_linux2
Mar 05, 2017 12:14:12 PM hudson.node_monitors.ResponseTimeMonitor$1 monitor
WARNING: Making NT_MONSOON offline because it’s not responding
Mar 05, 2017 12:14:12 PM hudson.node_monitors.ResponseTimeMonitor$1 monitor
WARNING: Making ase_test_txue offline because it’s not responding
Mar 05, 2017 12:14:12 PM hudson.node_monitors.ResponseTimeMonitor$1 monitor
WARNING: Making installer_test_linux offline because it’s not responding
Mar 05, 2017 12:14:12 PM hudson.node_monitors.ResponseTimeMonitor$1 monitor
WARNING: Making installer_test_linux1 offline because it’s not responding
Mar 05, 2017 12:14:12 PM hudson.node_monitors.ResponseTimeMonitor$1 monitor
WARNING: Making ase_test offline because it’s not responding
Mar 05, 2017 12:14:12 PM hudson.node_monitors.ResponseTimeMonitor$1 monitor
WARNING: Making installer_test_linux2 offline because it’s not responding
Mar 05, 2017 12:22:46 PM hudson.slaves.SlaveComputer tryReconnect
INFO: Attempting to reconnect ase_test
Mar 05, 2017 12:22:46 PM hudson.slaves.SlaveComputer tryReconnect
INFO: Attempting to reconnect ase_test_txue
Mar 05, 2017 12:22:46 PM hudson.slaves.SlaveComputer tryReconnect
INFO: Attempting to reconnect installer_test_linux
Mar 05, 2017 12:22:46 PM hudson.slaves.SlaveComputer tryReconnect
INFO: Attempting to reconnect installer_test_linux1
Mar 05, 2017 12:22:46 PM hudson.slaves.SlaveComputer tryReconnect
INFO: Attempting to reconnect installer_test_linux2
Mar 05, 2017 12:45:46 PM hudson.slaves.SlaveComputer tryReconnect
INFO: Attempting to reconnect ase_test
Mar 05, 2017 12:45:46 PM hudson.slaves.SlaveComputer tryReconnect
INFO: Attempting to reconnect ase_test_txue
Mar 05, 2017 12:45:46 PM hudson.slaves.SlaveComputer tryReconnect
INFO: Attempting to reconnect installer_test_linux
Mar 05, 2017 12:45:46 PM hudson.slaves.SlaveComputer tryReconnect
INFO: Attempting to reconnect installer_test_linux1
Mar 05, 2017 12:45:46 PM hudson.slaves.SlaveComputer tryReconnect
INFO: Attempting to reconnect installer_test_linux2
Mar 05, 2017 1:07:46 PM hudson.slaves.SlaveComputer tryReconnect
INFO: Attempting to reconnect ase_test
Mar 05, 2017 1:07:46 PM hudson.slaves.SlaveComputer tryReconnect
INFO: Attempting to reconnect ase_test_txue
Mar 05, 2017 1:07:46 PM hudson.slaves.SlaveComputer tryReconnect
INFO: Attempting to reconnect installer_test_linux
Mar 05, 2017 1:07:46 PM hudson.slaves.SlaveComputer tryReconnect
INFO: Attempting to reconnect installer_test_linux1
Mar 05, 2017 1:07:46 PM hudson.slaves.SlaveComputer tryReconnect
INFO: Attempting to reconnect installer_test_linux2
Mar 05, 2017 1:14:12 PM hudson.node_monitors.ResponseTimeMonitor$1 monitor
WARNING: Making NT_MONSOON offline because it’s not responding
Mar 05, 2017 1:14:12 PM hudson.node_monitors.ResponseTimeMonitor$1 monitor
WARNING: Making ase_test_txue offline because it’s not responding
Mar 05, 2017 1:14:12 PM hudson.node_monitors.ResponseTimeMonitor$1 monitor
WARNING: Making installer_test_linux offline because it’s not responding
Mar 05, 2017 1:14:12 PM hudson.node_monitors.ResponseTimeMonitor$1 monitor
WARNING: Making installer_test_linux1 offline because it’s not responding
Mar 05, 2017 1:14:12 PM hudson.node_monitors.ResponseTimeMonitor$1 monitor
WARNING: Making ase_test offline because it’s not responding
Mar 05, 2017 1:14:12 PM hudson.node_monitors.ResponseTimeMonitor$1 monitor
WARNING: Making installer_test_linux2 offline because it’s not responding
Mar 05, 2017 1:24:51 PM hudson.model.AsyncPeriodicWork$1 run
INFO: Started Download metadata
Mar 05, 2017 1:25:01 PM hudson.model.UpdateSite updateData
INFO: Obtained the latest update center data file for UpdateSource default
Mar 05, 2017 1:25:03 PM hudson.model.AsyncPeriodicWork$1 run
INFO: Finished Download metadata. 11,619 ms
Mar 05, 2017 1:30:46 PM hudson.slaves.SlaveComputer tryReconnect
INFO: Attempting to reconnect ase_test
Mar 05, 2017 1:30:46 PM hudson.slaves.SlaveComputer tryReconnect
INFO: Attempting to reconnect ase_test_txue
Mar 05, 2017 1:30:46 PM hudson.slaves.SlaveComputer tryReconnect
INFO: Attempting to reconnect installer_test_linux
Mar 05, 2017 1:30:46 PM hudson.slaves.SlaveComputer tryReconnect
INFO: Attempting to reconnect installer_test_linux1
Mar 05, 2017 1:30:46 PM hudson.slaves.SlaveComputer tryReconnect
INFO: Attempting to reconnect installer_test_linux2
Mar 05, 2017 1:51:46 PM hudson.slaves.SlaveComputer tryReconnect
INFO: Attempting to reconnect ase_test
Mar 05, 2017 1:51:46 PM hudson.slaves.SlaveComputer tryReconnect
INFO: Attempting to reconnect ase_test_txue
Mar 05, 2017 1:51:46 PM hudson.slaves.SlaveComputer tryReconnect
INFO: Attempting to reconnect installer_test_linux
Mar 05, 2017 1:51:46 PM hudson.slaves.SlaveComputer tryReconnect
INFO: Attempting to reconnect installer_test_linux1
Mar 05, 2017 1:51:46 PM hudson.slaves.SlaveComputer tryReconnect
INFO: Attempting to reconnect installer_test_linux2
Mar 05, 2017 2:14:12 PM hudson.node_monitors.ResponseTimeMonitor$1 monitor
WARNING: Making NT_MONSOON offline because it’s not responding
Mar 05, 2017 2:14:12 PM hudson.node_monitors.ResponseTimeMonitor$1 monitor
WARNING: Making ase_test_txue offline because it’s not responding
Mar 05, 2017 2:14:12 PM hudson.node_monitors.ResponseTimeMonitor$1 monitor
WARNING: Making installer_test_linux offline because it’s not responding
Mar 05, 2017 2:14:12 PM hudson.node_monitors.ResponseTimeMonitor$1 monitor
WARNING: Making installer_test_linux1 offline because it’s not responding
Mar 05, 2017 2:14:12 PM hudson.node_monitors.ResponseTimeMonitor$1 monitor
WARNING: Making ase_test offline because it’s not responding
Mar 05, 2017 2:14:12 PM hudson.node_monitors.ResponseTimeMonitor$1 monitor
WARNING: Making installer_test_linux2 offline because it’s not responding
Mar 05, 2017 2:14:46 PM hudson.slaves.SlaveComputer tryReconnect
INFO: Attempting to reconnect ase_test
Mar 05, 2017 2:14:46 PM hudson.slaves.SlaveComputer tryReconnect
INFO: Attempting to reconnect ase_test_txue
Mar 05, 2017 2:14:46 PM hudson.slaves.SlaveComputer tryReconnect
INFO: Attempting to reconnect installer_test_linux
Mar 05, 2017 2:14:46 PM hudson.slaves.SlaveComputer tryReconnect
INFO: Attempting to reconnect installer_test_linux1
Mar 05, 2017 2:14:46 PM hudson.slaves.SlaveComputer tryReconnect
INFO: Attempting to reconnect installer_test_linux2
Mar 05, 2017 2:36:46 PM hudson.slaves.SlaveComputer tryReconnect
INFO: Attempting to reconnect ase_test
Mar 05, 2017 2:36:46 PM hudson.slaves.SlaveComputer tryReconnect
INFO: Attempting to reconnect ase_test_txue
Mar 05, 2017 2:36:46 PM hudson.slaves.SlaveComputer tryReconnect
INFO: Attempting to reconnect installer_test_linux
Mar 05, 2017 2:36:46 PM hudson.slaves.SlaveComputer tryReconnect
INFO: Attempting to reconnect installer_test_linux1
Mar 05, 2017 2:36:46 PM hudson.slaves.SlaveComputer tryReconnect
INFO: Attempting to reconnect installer_test_linux2
Mar 05, 2017 2:58:46 PM hudson.slaves.SlaveComputer tryReconnect
INFO: Attempting to reconnect ase_test
Mar 05, 2017 2:58:46 PM hudson.slaves.SlaveComputer tryReconnect
INFO: Attempting to reconnect ase_test_txue
Mar 05, 2017 2:58:46 PM hudson.slaves.SlaveComputer tryReconnect
INFO: Attempting to reconnect installer_test_linux
Mar 05, 2017 2:58:46 PM hudson.slaves.SlaveComputer tryReconnect
INFO: Attempting to reconnect installer_test_linux1
Mar 05, 2017 2:58:46 PM hudson.slaves.SlaveComputer tryReconnect
INFO: Attempting to reconnect installer_test_linux2
Mar 05, 2017 3:14:12 PM hudson.node_monitors.ResponseTimeMonitor$1 monitor
WARNING: Making NT_MONSOON offline because it’s not responding
Mar 05, 2017 3:14:12 PM hudson.node_monitors.ResponseTimeMonitor$1 monitor
WARNING: Making ase_test_txue offline because it’s not responding
Mar 05, 2017 3:14:12 PM hudson.node_monitors.ResponseTimeMonitor$1 monitor
WARNING: Making installer_test_linux offline because it’s not responding
Mar 05, 2017 3:14:12 PM hudson.node_monitors.ResponseTimeMonitor$1 monitor
WARNING: Making installer_test_linux1 offline because it’s not responding
Mar 05, 2017 3:14:12 PM hudson.node_monitors.ResponseTimeMonitor$1 monitor
WARNING: Making ase_test offline because it’s not responding
Mar 05, 2017 3:14:12 PM hudson.node_monitors.ResponseTimeMonitor$1 monitor
WARNING: Making installer_test_linux2 offline because it’s not responding
Mar 05, 2017 3:20:46 PM hudson.slaves.SlaveComputer tryReconnect
INFO: Attempting to reconnect ase_test
Mar 05, 2017 3:20:46 PM hudson.slaves.SlaveComputer tryReconnect
INFO: Attempting to reconnect ase_test_txue
Mar 05, 2017 3:20:46 PM hudson.slaves.SlaveComputer tryReconnect
INFO: Attempting to reconnect installer_test_linux
Mar 05, 2017 3:20:46 PM hudson.slaves.SlaveComputer tryReconnect
INFO: Attempting to reconnect installer_test_linux1
Mar 05, 2017 3:20:46 PM hudson.slaves.SlaveComputer tryReconnect
INFO: Attempting to reconnect installer_test_linux2
Mar 05, 2017 3:42:46 PM hudson.slaves.SlaveComputer tryReconnect
INFO: Attempting to reconnect ase_test
Mar 05, 2017 3:42:46 PM hudson.slaves.SlaveComputer tryReconnect
INFO: Attempting to reconnect ase_test_txue
Mar 05, 2017 3:42:46 PM hudson.slaves.SlaveComputer tryReconnect
INFO: Attempting to reconnect installer_test_linux
Mar 05, 2017 3:42:46 PM hudson.slaves.SlaveComputer tryReconnect
INFO: Attempting to reconnect installer_test_linux1
Mar 05, 2017 3:42:46 PM hudson.slaves.SlaveComputer tryReconnect
INFO: Attempting to reconnect installer_test_linux2
Mar 05, 2017 4:03:46 PM hudson.slaves.SlaveComputer tryReconnect
INFO: Attempting to reconnect ase_test
Mar 05, 2017 4:03:46 PM hudson.slaves.SlaveComputer tryReconnect
INFO: Attempting to reconnect ase_test_txue
Mar 05, 2017 4:03:46 PM hudson.slaves.SlaveComputer tryReconnect
INFO: Attempting to reconnect installer_test_linux
Mar 05, 2017 4:03:46 PM hudson.slaves.SlaveComputer tryReconnect
INFO: Attempting to reconnect installer_test_linux1
Mar 05, 2017 4:03:46 PM hudson.slaves.SlaveComputer tryReconnect
INFO: Attempting to reconnect installer_test_linux2
Mar 05, 2017 4:14:12 PM hudson.node_monitors.ResponseTimeMonitor$1 monitor
WARNING: Making NT_MONSOON offline because it’s not responding
Mar 05, 2017 4:14:12 PM hudson.node_monitors.ResponseTimeMonitor$1 monitor
WARNING: Making ase_test_txue offline because it’s not responding
Mar 05, 2017 4:14:12 PM hudson.node_monitors.ResponseTimeMonitor$1 monitor
WARNING: Making installer_test_linux offline because it’s not responding
Mar 05, 2017 4:14:12 PM hudson.node_monitors.ResponseTimeMonitor$1 monitor
WARNING: Making installer_test_linux1 offline because it’s not responding
Mar 05, 2017 4:14:12 PM hudson.node_monitors.ResponseTimeMonitor$1 monitor
WARNING: Making ase_test offline because it’s not responding
Mar 05, 2017 4:14:12 PM hudson.node_monitors.ResponseTimeMonitor$1 monitor
WARNING: Making installer_test_linux2 offline because it’s not responding
Mar 05, 2017 4:25:46 PM hudson.slaves.SlaveComputer tryReconnect
INFO: Attempting to reconnect ase_test
Mar 05, 2017 4:25:46 PM hudson.slaves.SlaveComputer tryReconnect
INFO: Attempting to reconnect ase_test_txue
Mar 05, 2017 4:25:46 PM hudson.slaves.SlaveComputer tryReconnect
INFO: Attempting to reconnect installer_test_linux
Mar 05, 2017 4:25:46 PM hudson.slaves.SlaveComputer tryReconnect
INFO: Attempting to reconnect installer_test_linux1
Mar 05, 2017 4:25:46 PM hudson.slaves.SlaveComputer tryReconnect
INFO: Attempting to reconnect installer_test_linux2
Mar 05, 2017 4:45:46 PM hudson.slaves.SlaveComputer tryReconnect
INFO: Attempting to reconnect ase_test
Mar 05, 2017 4:45:46 PM hudson.slaves.SlaveComputer tryReconnect
INFO: Attempting to reconnect ase_test_txue
Mar 05, 2017 4:45:46 PM hudson.slaves.SlaveComputer tryReconnect
INFO: Attempting to reconnect installer_test_linux
Mar 05, 2017 4:45:46 PM hudson.slaves.SlaveComputer tryReconnect
INFO: Attempting to reconnect installer_test_linux1
Mar 05, 2017 4:45:46 PM hudson.slaves.SlaveComputer tryReconnect
INFO: Attempting to reconnect installer_test_linux2
Mar 05, 2017 5:08:46 PM hudson.slaves.SlaveComputer tryReconnect
INFO: Attempting to reconnect ase_test
Mar 05, 2017 5:08:46 PM hudson.slaves.SlaveComputer tryReconnect
INFO: Attempting to reconnect ase_test_txue
Mar 05, 2017 5:08:46 PM hudson.slaves.SlaveComputer tryReconnect
INFO: Attempting to reconnect installer_test_linux
Mar 05, 2017 5:08:46 PM hudson.slaves.SlaveComputer tryReconnect
INFO: Attempting to reconnect installer_test_linux1
Mar 05, 2017 5:08:46 PM hudson.slaves.SlaveComputer tryReconnect
INFO: Attempting to reconnect installer_test_linux2
Mar 05, 2017 5:14:12 PM hudson.node_monitors.ResponseTimeMonitor$1 monitor
WARNING: Making NT_MONSOON offline because it’s not responding
Mar 05, 2017 5:14:12 PM hudson.node_monitors.ResponseTimeMonitor$1 monitor
WARNING: Making ase_test_txue offline because it’s not responding
Mar 05, 2017 5:14:12 PM hudson.node_monitors.ResponseTimeMonitor$1 monitor
WARNING: Making installer_test_linux offline because it’s not responding
Mar 05, 2017 5:14:12 PM hudson.node_monitors.ResponseTimeMonitor$1 monitor
WARNING: Making installer_test_linux1 offline because it’s not responding
Mar 05, 2017 5:14:12 PM hudson.node_monitors.ResponseTimeMonitor$1 monitor
WARNING: Making ase_test offline because it’s not responding
Mar 05, 2017 5:14:12 PM hudson.node_monitors.ResponseTimeMonitor$1 monitor
WARNING: Making installer_test_linux2 offline because it’s not responding
Mar 05, 2017 5:29:46 PM hudson.slaves.SlaveComputer tryReconnect
INFO: Attempting to reconnect ase_test
Mar 05, 2017 5:29:46 PM hudson.slaves.SlaveComputer tryReconnect
INFO: Attempting to reconnect ase_test_txue
Mar 05, 2017 5:29:46 PM hudson.slaves.SlaveComputer tryReconnect
INFO: Attempting to reconnect installer_test_linux
Mar 05, 2017 5:29:46 PM hudson.slaves.SlaveComputer tryReconnect
INFO: Attempting to reconnect installer_test_linux1
Mar 05, 2017 5:29:46 PM hudson.slaves.SlaveComputer tryReconnect
INFO: Attempting to reconnect installer_test_linux2
Mar 05, 2017 5:49:46 PM hudson.slaves.SlaveComputer tryReconnect
INFO: Attempting to reconnect ase_test
Mar 05, 2017 5:49:46 PM hudson.slaves.SlaveComputer tryReconnect
INFO: Attempting to reconnect ase_test_txue
Mar 05, 2017 5:49:46 PM hudson.slaves.SlaveComputer tryReconnect
INFO: Attempting to reconnect installer_test_linux
Mar 05, 2017 5:49:46 PM hudson.slaves.SlaveComputer tryReconnect
INFO: Attempting to reconnect installer_test_linux1
Mar 05, 2017 5:49:46 PM hudson.slaves.SlaveComputer tryReconnect
INFO: Attempting to reconnect installer_test_linux2
Mar 05, 2017 6:12:46 PM hudson.slaves.SlaveComputer tryReconnect
INFO: Attempting to reconnect ase_test
Mar 05, 2017 6:12:46 PM hudson.slaves.SlaveComputer tryReconnect
INFO: Attempting to reconnect ase_test_txue
Mar 05, 2017 6:12:46 PM hudson.slaves.SlaveComputer tryReconnect
INFO: Attempting to reconnect installer_test_linux
Mar 05, 2017 6:12:46 PM hudson.slaves.SlaveComputer tryReconnect
INFO: Attempting to reconnect installer_test_linux1
Mar 05, 2017 6:12:46 PM hudson.slaves.SlaveComputer tryReconnect
INFO: Attempting to reconnect installer_test_linux2
Mar 05, 2017 6:14:12 PM hudson.node_monitors.ResponseTimeMonitor$1 monitor
WARNING: Making NT_MONSOON offline because it’s not responding
Mar 05, 2017 6:14:12 PM hudson.node_monitors.ResponseTimeMonitor$1 monitor
WARNING: Making ase_test_txue offline because it’s not responding
Mar 05, 2017 6:14:12 PM hudson.node_monitors.ResponseTimeMonitor$1 monitor
WARNING: Making installer_test_linux offline because it’s not responding
Mar 05, 2017 6:14:12 PM hudson.node_monitors.ResponseTimeMonitor$1 monitor
WARNING: Making installer_test_linux1 offline because it’s not responding
Mar 05, 2017 6:14:12 PM hudson.node_monitors.ResponseTimeMonitor$1 monitor
WARNING: Making ase_test offline because it’s not responding
Mar 05, 2017 6:14:12 PM hudson.node_monitors.ResponseTimeMonitor$1 monitor
WARNING: Making installer_test_linux2 offline because it’s not responding
Mar 05, 2017 6:35:46 PM hudson.slaves.SlaveComputer tryReconnect
INFO: Attempting to reconnect ase_test
Mar 05, 2017 6:35:46 PM hudson.slaves.SlaveComputer tryReconnect
INFO: Attempting to reconnect ase_test_txue
Mar 05, 2017 6:35:46 PM hudson.slaves.SlaveComputer tryReconnect
INFO: Attempting to reconnect installer_test_linux
Mar 05, 2017 6:35:46 PM hudson.slaves.SlaveComputer tryReconnect
INFO: Attempting to reconnect installer_test_linux1
Mar 05, 2017 6:35:46 PM hudson.slaves.SlaveComputer tryReconnect
INFO: Attempting to reconnect installer_test_linux2
Mar 05, 2017 6:56:46 PM hudson.slaves.SlaveComputer tryReconnect
INFO: Attempting to reconnect ase_test
Mar 05, 2017 6:56:46 PM hudson.slaves.SlaveComputer tryReconnect
INFO: Attempting to reconnect ase_test_txue
Mar 05, 2017 6:56:46 PM hudson.slaves.SlaveComputer tryReconnect
INFO: Attempting to reconnect installer_test_linux
Mar 05, 2017 6:56:46 PM hudson.slaves.SlaveComputer tryReconnect
INFO: Attempting to reconnect installer_test_linux1
Mar 05, 2017 6:56:46 PM hudson.slaves.SlaveComputer tryReconnect
INFO: Attempting to reconnect installer_test_linux2
Mar 05, 2017 7:14:12 PM hudson.node_monitors.ResponseTimeMonitor$1 monitor
WARNING: Making NT_MONSOON offline because it’s not responding
Mar 05, 2017 7:14:12 PM hudson.node_monitors.ResponseTimeMonitor$1 monitor
WARNING: Making ase_test_txue offline because it’s not responding
Mar 05, 2017 7:14:12 PM hudson.node_monitors.ResponseTimeMonitor$1 monitor
WARNING: Making installer_test_linux offline because it’s not responding
Mar 05, 2017 7:14:12 PM hudson.node_monitors.ResponseTimeMonitor$1 monitor
WARNING: Making installer_test_linux1 offline because it’s not responding
Mar 05, 2017 7:14:12 PM hudson.node_monitors.ResponseTimeMonitor$1 monitor
WARNING: Making ase_test offline because it’s not responding
Mar 05, 2017 7:14:12 PM hudson.node_monitors.ResponseTimeMonitor$1 monitor
WARNING: Making installer_test_linux2 offline because it’s not responding
Mar 05, 2017 7:18:46 PM hudson.slaves.SlaveComputer tryReconnect
INFO: Attempting to reconnect ase_test
Mar 05, 2017 7:18:46 PM hudson.slaves.SlaveComputer tryReconnect
INFO: Attempting to reconnect ase_test_txue
Mar 05, 2017 7:18:46 PM hudson.slaves.SlaveComputer tryReconnect
INFO: Attempting to reconnect installer_test_linux
Mar 05, 2017 7:18:46 PM hudson.slaves.SlaveComputer tryReconnect
INFO: Attempting to reconnect installer_test_linux1
Mar 05, 2017 7:18:46 PM hudson.slaves.SlaveComputer tryReconnect
INFO: Attempting to reconnect installer_test_linux2
Mar 05, 2017 7:41:46 PM hudson.slaves.SlaveComputer tryReconnect
INFO: Attempting to reconnect ase_test
Mar 05, 2017 7:41:46 PM hudson.slaves.SlaveComputer tryReconnect
INFO: Attempting to reconnect ase_test_txue
Mar 05, 2017 7:41:46 PM hudson.slaves.SlaveComputer tryReconnect
INFO: Attempting to reconnect installer_test_linux
Mar 05, 2017 7:41:46 PM hudson.slaves.SlaveComputer tryReconnect
INFO: Attempting to reconnect installer_test_linux1
Mar 05, 2017 7:41:46 PM hudson.slaves.SlaveComputer tryReconnect
INFO: Attempting to reconnect installer_test_linux2
Mar 05, 2017 7:57:49 PM hudson.model.AsyncPeriodicWork$1 run
INFO: Started Workspace clean-up
Mar 05, 2017 7:57:49 PM hudson.model.AsyncPeriodicWork$1 run
INFO: Finished Workspace clean-up. 11 ms
Mar 05, 2017 8:03:46 PM hudson.slaves.SlaveComputer tryReconnect
INFO: Attempting to reconnect ase_test
Mar 05, 2017 8:03:46 PM hudson.slaves.SlaveComputer tryReconnect
INFO: Attempting to reconnect ase_test_txue
Mar 05, 2017 8:03:46 PM hudson.slaves.SlaveComputer tryReconnect
INFO: Attempting to reconnect installer_test_linux
Mar 05, 2017 8:03:46 PM hudson.slaves.SlaveComputer tryReconnect
INFO: Attempting to reconnect installer_test_linux1
Mar 05, 2017 8:03:46 PM hudson.slaves.SlaveComputer tryReconnect
INFO: Attempting to reconnect installer_test_linux2
Mar 05, 2017 8:14:12 PM hudson.node_monitors.ResponseTimeMonitor$1 monitor
WARNING: Making NT_MONSOON offline because it’s not responding
Mar 05, 2017 8:14:12 PM hudson.node_monitors.ResponseTimeMonitor$1 monitor
WARNING: Making ase_test_txue offline because it’s not responding
Mar 05, 2017 8:14:12 PM hudson.node_monitors.ResponseTimeMonitor$1 monitor
WARNING: Making installer_test_linux offline because it’s not responding
Mar 05, 2017 8:14:12 PM hudson.node_monitors.ResponseTimeMonitor$1 monitor
WARNING: Making installer_test_linux1 offline because it’s not responding
Mar 05, 2017 8:14:12 PM hudson.node_monitors.ResponseTimeMonitor$1 monitor
WARNING: Making ase_test offline because it’s not responding
Mar 05, 2017 8:14:12 PM hudson.node_monitors.ResponseTimeMonitor$1 monitor
WARNING: Making installer_test_linux2 offline because it’s not responding
Mar 05, 2017 8:25:46 PM hudson.slaves.SlaveComputer tryReconnect
INFO: Attempting to reconnect ase_test
Mar 05, 2017 8:25:46 PM hudson.slaves.SlaveComputer tryReconnect
INFO: Attempting to reconnect ase_test_txue
Mar 05, 2017 8:25:46 PM hudson.slaves.SlaveComputer tryReconnect
INFO: Attempting to reconnect installer_test_linux
Mar 05, 2017 8:25:46 PM hudson.slaves.SlaveComputer tryReconnect
INFO: Attempting to reconnect installer_test_linux1
Mar 05, 2017 8:25:46 PM hudson.slaves.SlaveComputer tryReconnect
INFO: Attempting to reconnect installer_test_linux2
Mar 05, 2017 8:47:46 PM hudson.slaves.SlaveComputer tryReconnect
INFO: Attempting to reconnect ase_test
Mar 05, 2017 8:47:46 PM hudson.slaves.SlaveComputer tryReconnect
INFO: Attempting to reconnect ase_test_txue
Mar 05, 2017 8:47:46 PM hudson.slaves.SlaveComputer tryReconnect
INFO: Attempting to reconnect installer_test_linux
Mar 05, 2017 8:47:46 PM hudson.slaves.SlaveComputer tryReconnect
INFO: Attempting to reconnect installer_test_linux1
Mar 05, 2017 8:47:46 PM hudson.slaves.SlaveComputer tryReconnect
INFO: Attempting to reconnect installer_test_linux2
Mar 05, 2017 9:09:46 PM hudson.slaves.SlaveComputer tryReconnect
INFO: Attempting to reconnect ase_test
Mar 05, 2017 9:09:46 PM hudson.slaves.SlaveComputer tryReconnect
INFO: Attempting to reconnect ase_test_txue
Mar 05, 2017 9:09:46 PM hudson.slaves.SlaveComputer tryReconnect
INFO: Attempting to reconnect installer_test_linux
Mar 05, 2017 9:09:46 PM hudson.slaves.SlaveComputer tryReconnect
INFO: Attempting to reconnect installer_test_linux1
Mar 05, 2017 9:09:46 PM hudson.slaves.SlaveComputer tryReconnect
INFO: Attempting to reconnect installer_test_linux2
Mar 05, 2017 9:14:12 PM hudson.node_monitors.ResponseTimeMonitor$1 monitor
WARNING: Making NT_MONSOON offline because it’s not responding
Mar 05, 2017 9:14:12 PM hudson.node_monitors.ResponseTimeMonitor$1 monitor
WARNING: Making ase_test_txue offline because it’s not responding
Mar 05, 2017 9:14:12 PM hudson.node_monitors.ResponseTimeMonitor$1 monitor
WARNING: Making installer_test_linux offline because it’s not responding
Mar 05, 2017 9:14:12 PM hudson.node_monitors.ResponseTimeMonitor$1 monitor
WARNING: Making installer_test_linux1 offline because it’s not responding
Mar 05, 2017 9:14:12 PM hudson.node_monitors.ResponseTimeMonitor$1 monitor
WARNING: Making ase_test offline because it’s not responding
Mar 05, 2017 9:14:12 PM hudson.node_monitors.ResponseTimeMonitor$1 monitor
WARNING: Making installer_test_linux2 offline because it’s not responding
Mar 05, 2017 9:31:46 PM hudson.slaves.SlaveComputer tryReconnect
INFO: Attempting to reconnect ase_test
Mar 05, 2017 9:31:46 PM hudson.slaves.SlaveComputer tryReconnect
INFO: Attempting to reconnect ase_test_txue
Mar 05, 2017 9:31:46 PM hudson.slaves.SlaveComputer tryReconnect
INFO: Attempting to reconnect installer_test_linux
Mar 05, 2017 9:31:46 PM hudson.slaves.SlaveComputer tryReconnect
INFO: Attempting to reconnect installer_test_linux1
Mar 05, 2017 9:31:46 PM hudson.slaves.SlaveComputer tryReconnect
INFO: Attempting to reconnect installer_test_linux2
Mar 05, 2017 9:54:46 PM hudson.slaves.SlaveComputer tryReconnect
INFO: Attempting to reconnect ase_test
Mar 05, 2017 9:54:46 PM hudson.slaves.SlaveComputer tryReconnect
INFO: Attempting to reconnect ase_test_txue
Mar 05, 2017 9:54:46 PM hudson.slaves.SlaveComputer tryReconnect
INFO: Attempting to reconnect installer_test_linux
Mar 05, 2017 9:54:46 PM hudson.slaves.SlaveComputer tryReconnect
INFO: Attempting to reconnect installer_test_linux1
Mar 05, 2017 9:54:46 PM hudson.slaves.SlaveComputer tryReconnect
INFO: Attempting to reconnect installer_test_linux2
Mar 05, 2017 10:14:12 PM hudson.node_monitors.ResponseTimeMonitor$1 monitor
WARNING: Making NT_MONSOON offline because it’s not responding
Mar 05, 2017 10:14:12 PM hudson.node_monitors.ResponseTimeMonitor$1 monitor
WARNING: Making ase_test_txue offline because it’s not responding
Mar 05, 2017 10:14:12 PM hudson.node_monitors.ResponseTimeMonitor$1 monitor
WARNING: Making installer_test_linux offline because it’s not responding
Mar 05, 2017 10:14:12 PM hudson.node_monitors.ResponseTimeMonitor$1 monitor
WARNING: Making installer_test_linux1 offline because it’s not responding
Mar 05, 2017 10:14:12 PM hudson.node_monitors.ResponseTimeMonitor$1 monitor
WARNING: Making ase_test offline because it’s not responding
Mar 05, 2017 10:14:12 PM hudson.node_monitors.ResponseTimeMonitor$1 monitor
WARNING: Making installer_test_linux2 offline because it’s not responding
Mar 05, 2017 10:16:46 PM hudson.slaves.SlaveComputer tryReconnect
INFO: Attempting to reconnect ase_test
Mar 05, 2017 10:16:46 PM hudson.slaves.SlaveComputer tryReconnect
INFO: Attempting to reconnect ase_test_txue
Mar 05, 2017 10:16:46 PM hudson.slaves.SlaveComputer tryReconnect
INFO: Attempting to reconnect installer_test_linux
Mar 05, 2017 10:16:46 PM hudson.slaves.SlaveComputer tryReconnect
INFO: Attempting to reconnect installer_test_linux1
Mar 05, 2017 10:16:46 PM hudson.slaves.SlaveComputer tryReconnect
INFO: Attempting to reconnect installer_test_linux2
Mar 05, 2017 10:38:46 PM hudson.slaves.SlaveComputer tryReconnect
INFO: Attempting to reconnect ase_test
Mar 05, 2017 10:38:46 PM hudson.slaves.SlaveComputer tryReconnect
INFO: Attempting to reconnect ase_test_txue
Mar 05, 2017 10:38:46 PM hudson.slaves.SlaveComputer tryReconnect
INFO: Attempting to reconnect installer_test_linux
Mar 05, 2017 10:38:46 PM hudson.slaves.SlaveComputer tryReconnect
INFO: Attempting to reconnect installer_test_linux1
Mar 05, 2017 10:38:46 PM hudson.slaves.SlaveComputer tryReconnect
INFO: Attempting to reconnect installer_test_linux2
Mar 05, 2017 11:00:46 PM hudson.slaves.SlaveComputer tryReconnect
INFO: Attempting to reconnect ase_test
Mar 05, 2017 11:00:46 PM hudson.slaves.SlaveComputer tryReconnect
INFO: Attempting to reconnect ase_test_txue
Mar 05, 2017 11:00:46 PM hudson.slaves.SlaveComputer tryReconnect
INFO: Attempting to reconnect installer_test_linux
Mar 05, 2017 11:00:46 PM hudson.slaves.SlaveComputer tryReconnect
INFO: Attempting to reconnect installer_test_linux1
Mar 05, 2017 11:00:46 PM hudson.slaves.SlaveComputer tryReconnect
INFO: Attempting to reconnect installer_test_linux2
Mar 05, 2017 11:14:12 PM hudson.node_monitors.ResponseTimeMonitor$1 monitor
WARNING: Making NT_MONSOON offline because it’s not responding
Mar 05, 2017 11:14:12 PM hudson.node_monitors.ResponseTimeMonitor$1 monitor
WARNING: Making ase_test_txue offline because it’s not responding
Mar 05, 2017 11:14:12 PM hudson.node_monitors.ResponseTimeMonitor$1 monitor
WARNING: Making installer_test_linux offline because it’s not responding
Mar 05, 2017 11:14:12 PM hudson.node_monitors.ResponseTimeMonitor$1 monitor
WARNING: Making installer_test_linux1 offline because it’s not responding
Mar 05, 2017 11:14:12 PM hudson.node_monitors.ResponseTimeMonitor$1 monitor
WARNING: Making ase_test offline because it’s not responding
Mar 05, 2017 11:14:12 PM hudson.node_monitors.ResponseTimeMonitor$1 monitor
WARNING: Making installer_test_linux2 offline because it’s not responding
Mar 05, 2017 11:22:46 PM hudson.slaves.SlaveComputer tryReconnect
INFO: Attempting to reconnect ase_test
Mar 05, 2017 11:22:46 PM hudson.slaves.SlaveComputer tryReconnect
INFO: Attempting to reconnect ase_test_txue
Mar 05, 2017 11:22:46 PM hudson.slaves.SlaveComputer tryReconnect
INFO: Attempting to reconnect installer_test_linux
Mar 05, 2017 11:22:46 PM hudson.slaves.SlaveComputer tryReconnect
INFO: Attempting to reconnect installer_test_linux1
Mar 05, 2017 11:22:46 PM hudson.slaves.SlaveComputer tryReconnect
INFO: Attempting to reconnect installer_test_linux2
Mar 05, 2017 11:44:46 PM hudson.slaves.SlaveComputer tryReconnect
INFO: Attempting to reconnect ase_test
Mar 05, 2017 11:44:46 PM hudson.slaves.SlaveComputer tryReconnect
INFO: Attempting to reconnect ase_test_txue
Mar 05, 2017 11:44:46 PM hudson.slaves.SlaveComputer tryReconnect
INFO: Attempting to reconnect installer_test_linux
Mar 05, 2017 11:44:46 PM hudson.slaves.SlaveComputer tryReconnect
INFO: Attempting to reconnect installer_test_linux1
Mar 05, 2017 11:44:46 PM hudson.slaves.SlaveComputer tryReconnect
INFO: Attempting to reconnect installer_test_linux2
