Aug 9, 2015 12:07:10 AM hudson.node_monitors.ResponseTimeMonitor$1 monitor
WARNING: Making RS_build_sunx64_augusta offline because it’s not responding
Aug 9, 2015 12:07:10 AM hudson.node_monitors.ResponseTimeMonitor$1 monitor
WARNING: Making RS_build_test_sunsparc64_whitney offline because it’s not responding
Aug 9, 2015 12:07:10 AM hudson.node_monitors.ResponseTimeMonitor$1 monitor
WARNING: Making RS_build_test_hpia64_repqahpia1 offline because it’s not responding
Aug 9, 2015 12:07:10 AM hudson.node_monitors.ResponseTimeMonitor$1 monitor
WARNING: Making RS_build_test_hpia64_repqahpia5 offline because it’s not responding
Aug 9, 2015 12:07:10 AM hudson.node_monitors.ResponseTimeMonitor$1 monitor
WARNING: Making RS_build_sunx64_asekernal6 offline because it’s not responding
Aug 9, 2015 12:07:10 AM hudson.node_monitors.ResponseTimeMonitor$1 monitor
WARNING: Making Installer_ibmplinux64_elevon offline because it’s not responding
Aug 9, 2015 12:12:08 AM hudson.slaves.SlaveComputer tryReconnect
INFO: Attempting to reconnect RS_build_test_sunsparc64_whitney
Aug 9, 2015 12:19:08 AM hudson.slaves.SlaveComputer tryReconnect
INFO: Attempting to reconnect Installer_ibmplinux64_elevon
Aug 9, 2015 12:19:08 AM hudson.slaves.SlaveComputer tryReconnect
INFO: Attempting to reconnect RS_build_test_hpia64_repqahpia1
Aug 9, 2015 12:19:08 AM hudson.slaves.SlaveComputer tryReconnect
INFO: Attempting to reconnect RS_build_test_hpia64_repqahpia5
Aug 9, 2015 12:20:08 AM hudson.slaves.SlaveComputer tryReconnect
INFO: Attempting to reconnect RS_build_sunx64_asekernal6
Aug 9, 2015 12:20:08 AM hudson.slaves.SlaveComputer tryReconnect
INFO: Attempting to reconnect RS_build_sunx64_augusta
Aug 9, 2015 12:32:08 AM hudson.slaves.SlaveComputer tryReconnect
INFO: Attempting to reconnect RS_build_test_sunsparc64_whitney
Aug 9, 2015 12:40:08 AM hudson.slaves.SlaveComputer tryReconnect
INFO: Attempting to reconnect Installer_ibmplinux64_elevon
Aug 9, 2015 12:40:08 AM hudson.slaves.SlaveComputer tryReconnect
INFO: Attempting to reconnect RS_build_test_hpia64_repqahpia1
Aug 9, 2015 12:40:08 AM hudson.slaves.SlaveComputer tryReconnect
INFO: Attempting to reconnect RS_build_test_hpia64_repqahpia5
Aug 9, 2015 12:42:08 AM hudson.slaves.SlaveComputer tryReconnect
INFO: Attempting to reconnect RS_build_sunx64_asekernal6
Aug 9, 2015 12:42:08 AM hudson.slaves.SlaveComputer tryReconnect
INFO: Attempting to reconnect RS_build_sunx64_augusta
Aug 9, 2015 12:56:08 AM hudson.slaves.SlaveComputer tryReconnect
INFO: Attempting to reconnect RS_build_test_sunsparc64_whitney
Aug 9, 2015 1:04:08 AM hudson.slaves.SlaveComputer tryReconnect
INFO: Attempting to reconnect Installer_ibmplinux64_elevon
Aug 9, 2015 1:04:08 AM hudson.slaves.SlaveComputer tryReconnect
INFO: Attempting to reconnect RS_build_test_hpia64_repqahpia1
Aug 9, 2015 1:04:08 AM hudson.slaves.SlaveComputer tryReconnect
INFO: Attempting to reconnect RS_build_test_hpia64_repqahpia5
Aug 9, 2015 1:05:08 AM hudson.slaves.SlaveComputer tryReconnect
INFO: Attempting to reconnect RS_build_sunx64_asekernal6
Aug 9, 2015 1:05:08 AM hudson.slaves.SlaveComputer tryReconnect
INFO: Attempting to reconnect RS_build_sunx64_augusta
Aug 9, 2015 1:07:10 AM hudson.node_monitors.ResponseTimeMonitor$1 monitor
WARNING: Making RS_build_sunx64_augusta offline because it’s not responding
Aug 9, 2015 1:07:10 AM hudson.node_monitors.ResponseTimeMonitor$1 monitor
WARNING: Making RS_build_test_sunsparc64_whitney offline because it’s not responding
Aug 9, 2015 1:07:10 AM hudson.node_monitors.ResponseTimeMonitor$1 monitor
WARNING: Making RS_build_test_hpia64_repqahpia1 offline because it’s not responding
Aug 9, 2015 1:07:10 AM hudson.node_monitors.ResponseTimeMonitor$1 monitor
WARNING: Making RS_build_test_hpia64_repqahpia5 offline because it’s not responding
Aug 9, 2015 1:07:10 AM hudson.node_monitors.ResponseTimeMonitor$1 monitor
WARNING: Making RS_build_sunx64_asekernal6 offline because it’s not responding
Aug 9, 2015 1:07:10 AM hudson.node_monitors.ResponseTimeMonitor$1 monitor
WARNING: Making Installer_ibmplinux64_elevon offline because it’s not responding
Aug 9, 2015 1:18:08 AM hudson.slaves.SlaveComputer tryReconnect
INFO: Attempting to reconnect RS_build_test_sunsparc64_whitney
Aug 9, 2015 1:24:08 AM hudson.slaves.SlaveComputer tryReconnect
INFO: Attempting to reconnect Installer_ibmplinux64_elevon
Aug 9, 2015 1:24:08 AM hudson.slaves.SlaveComputer tryReconnect
INFO: Attempting to reconnect RS_build_test_hpia64_repqahpia1
Aug 9, 2015 1:24:08 AM hudson.slaves.SlaveComputer tryReconnect
INFO: Attempting to reconnect RS_build_test_hpia64_repqahpia5
Aug 9, 2015 1:26:08 AM hudson.slaves.SlaveComputer tryReconnect
INFO: Attempting to reconnect RS_build_sunx64_asekernal6
Aug 9, 2015 1:26:08 AM hudson.slaves.SlaveComputer tryReconnect
INFO: Attempting to reconnect RS_build_sunx64_augusta
Aug 9, 2015 1:40:08 AM hudson.slaves.SlaveComputer tryReconnect
INFO: Attempting to reconnect RS_build_test_sunsparc64_whitney
Aug 9, 2015 1:48:08 AM hudson.slaves.SlaveComputer tryReconnect
INFO: Attempting to reconnect Installer_ibmplinux64_elevon
Aug 9, 2015 1:48:08 AM hudson.slaves.SlaveComputer tryReconnect
INFO: Attempting to reconnect RS_build_test_hpia64_repqahpia1
Aug 9, 2015 1:48:08 AM hudson.slaves.SlaveComputer tryReconnect
INFO: Attempting to reconnect RS_build_test_hpia64_repqahpia5
Aug 9, 2015 1:50:08 AM hudson.slaves.SlaveComputer tryReconnect
INFO: Attempting to reconnect RS_build_sunx64_asekernal6
Aug 9, 2015 1:50:08 AM hudson.slaves.SlaveComputer tryReconnect
INFO: Attempting to reconnect RS_build_sunx64_augusta
Aug 9, 2015 2:04:08 AM hudson.slaves.SlaveComputer tryReconnect
INFO: Attempting to reconnect RS_build_test_sunsparc64_whitney
Aug 9, 2015 2:07:10 AM hudson.node_monitors.ResponseTimeMonitor$1 monitor
WARNING: Making RS_build_sunx64_augusta offline because it’s not responding
Aug 9, 2015 2:07:10 AM hudson.node_monitors.ResponseTimeMonitor$1 monitor
WARNING: Making RS_build_test_sunsparc64_whitney offline because it’s not responding
Aug 9, 2015 2:07:10 AM hudson.node_monitors.ResponseTimeMonitor$1 monitor
WARNING: Making RS_build_test_hpia64_repqahpia1 offline because it’s not responding
Aug 9, 2015 2:07:10 AM hudson.node_monitors.ResponseTimeMonitor$1 monitor
WARNING: Making RS_build_test_hpia64_repqahpia5 offline because it’s not responding
Aug 9, 2015 2:07:10 AM hudson.node_monitors.ResponseTimeMonitor$1 monitor
WARNING: Making RS_build_sunx64_asekernal6 offline because it’s not responding
Aug 9, 2015 2:07:10 AM hudson.node_monitors.ResponseTimeMonitor$1 monitor
WARNING: Making Installer_ibmplinux64_elevon offline because it’s not responding
Aug 9, 2015 2:11:08 AM hudson.slaves.SlaveComputer tryReconnect
INFO: Attempting to reconnect Installer_ibmplinux64_elevon
Aug 9, 2015 2:11:08 AM hudson.slaves.SlaveComputer tryReconnect
INFO: Attempting to reconnect RS_build_test_hpia64_repqahpia1
Aug 9, 2015 2:11:08 AM hudson.slaves.SlaveComputer tryReconnect
INFO: Attempting to reconnect RS_build_test_hpia64_repqahpia5
Aug 9, 2015 2:13:08 AM hudson.slaves.SlaveComputer tryReconnect
INFO: Attempting to reconnect RS_build_sunx64_asekernal6
Aug 9, 2015 2:13:08 AM hudson.slaves.SlaveComputer tryReconnect
INFO: Attempting to reconnect RS_build_sunx64_augusta
Aug 9, 2015 2:26:08 AM hudson.slaves.SlaveComputer tryReconnect
INFO: Attempting to reconnect RS_build_test_sunsparc64_whitney
Aug 9, 2015 2:26:19 AM hudson.model.Run execute
INFO: 1_Sub_Nightly_RS_Binary_Build_Linuxamd64 #116 main build action completed: SUCCESS
Aug 9, 2015 2:34:08 AM hudson.slaves.SlaveComputer tryReconnect
INFO: Attempting to reconnect Installer_ibmplinux64_elevon
Aug 9, 2015 2:34:08 AM hudson.slaves.SlaveComputer tryReconnect
INFO: Attempting to reconnect RS_build_test_hpia64_repqahpia1
Aug 9, 2015 2:34:08 AM hudson.slaves.SlaveComputer tryReconnect
INFO: Attempting to reconnect RS_build_test_hpia64_repqahpia5
Aug 9, 2015 2:35:51 AM hudson.model.Run execute
INFO: 1_Sub_Nightly_RMA_Binary_Build_Linuxamd64 #132 main build action completed: SUCCESS
Aug 9, 2015 2:35:53 AM hudson.model.Run execute
INFO: 1_Nightly_RS_Binary_Build_Parallel_Linuxamd64 #114 main build action completed: SUCCESS
Aug 9, 2015 2:36:08 AM hudson.slaves.SlaveComputer tryReconnect
INFO: Attempting to reconnect RS_build_sunx64_asekernal6
Aug 9, 2015 2:36:08 AM hudson.slaves.SlaveComputer tryReconnect
INFO: Attempting to reconnect RS_build_sunx64_augusta
Aug 9, 2015 2:43:04 AM hudson.model.AsyncPeriodicWork$1 run
INFO: Started Out of order build detection
Aug 9, 2015 2:43:35 AM jenkins.diagnostics.ooom.Problem$Inspector scan
WARNING: Failed to inspect /remote/repeng10/.jenkins/jobs/1_Nightly_RS_Binary_Build_Linuxamd64/builds/1: /remote/repeng10/.jenkins/jobs/1_Nightly_RS_Binary_Build_Linuxamd64/builds/1/build.xml doesn't exist
Aug 9, 2015 2:44:13 AM hudson.model.Run execute
INFO: 2_Nightly_RS_Installer_Build_Test_Linuxamd64 #141 main build action completed: SUCCESS
Aug 9, 2015 2:45:38 AM jenkins.diagnostics.ooom.Problem$Inspector scan
WARNING: Failed to inspect /remote/repeng10/.jenkins/jobs/3_Nightly_Trigger_QA_Barrier_Test_Linuxamd64_Update/builds/2015-04-21_06-01-32: /remote/repeng10/.jenkins/jobs/3_Nightly_Trigger_QA_Barrier_Test_Linuxamd64_Update/builds/2015-04-21_06-01-32/build.xml doesn't exist
Aug 9, 2015 2:45:38 AM jenkins.diagnostics.ooom.Problem$Inspector scan
WARNING: Failed to inspect /remote/repeng10/.jenkins/jobs/3_Nightly_Trigger_QA_Barrier_Test_Linuxamd64_Update/builds/10: /remote/repeng10/.jenkins/jobs/3_Nightly_Trigger_QA_Barrier_Test_Linuxamd64_Update/builds/10/build.xml doesn't exist
Aug 9, 2015 2:45:38 AM jenkins.diagnostics.ooom.Problem$Inspector scan
WARNING: Failed to inspect /remote/repeng10/.jenkins/jobs/3_Nightly_Trigger_QA_Barrier_Test_Linuxamd64_Update/builds/2015-08-09_02-44-20: /remote/repeng10/.jenkins/jobs/3_Nightly_Trigger_QA_Barrier_Test_Linuxamd64_Update/builds/2015-08-09_02-44-20/build.xml doesn't exist
Aug 9, 2015 2:45:38 AM jenkins.diagnostics.ooom.Problem$Inspector scan
WARNING: Failed to inspect /remote/repeng10/.jenkins/jobs/3_Nightly_Trigger_QA_Barrier_Test_Linuxamd64_Update/builds/112: /remote/repeng10/.jenkins/jobs/3_Nightly_Trigger_QA_Barrier_Test_Linuxamd64_Update/builds/112/build.xml doesn't exist
Aug 9, 2015 2:46:59 AM jenkins.diagnostics.ooom.Problem$Inspector scan
WARNING: Failed to inspect /remote/repeng10/.jenkins/jobs/3_Sub_Nightly_QA_auto_install/builds/2015-08-09_02-44-30: /remote/repeng10/.jenkins/jobs/3_Sub_Nightly_QA_auto_install/builds/2015-08-09_02-44-30/build.xml doesn't exist
Aug 9, 2015 2:46:59 AM jenkins.diagnostics.ooom.Problem$Inspector scan
WARNING: Failed to inspect /remote/repeng10/.jenkins/jobs/3_Sub_Nightly_QA_auto_install/builds/116: /remote/repeng10/.jenkins/jobs/3_Sub_Nightly_QA_auto_install/builds/116/build.xml doesn't exist
Aug 9, 2015 2:48:08 AM hudson.slaves.SlaveComputer tryReconnect
INFO: Attempting to reconnect RS_build_test_sunsparc64_whitney
Aug 9, 2015 2:48:08 AM hudson.model.Run execute
INFO: 3_Sub_Nightly_QA_auto_install #116 main build action completed: FAILURE
Aug 9, 2015 2:48:11 AM hudson.model.Run execute
INFO: 3_Nightly_Trigger_QA_Barrier_Test_Linuxamd64_Update #112 main build action completed: FAILURE
Aug 9, 2015 2:49:22 AM jenkins.diagnostics.ooom.Problem$Inspector scan
WARNING: Failed to inspect /remote/repeng10/.jenkins/jobs/3_Sub_Nightly_QA_Test_RS_NORMAL_SHORT/builds/2015-04-21_06-01-52: /remote/repeng10/.jenkins/jobs/3_Sub_Nightly_QA_Test_RS_NORMAL_SHORT/builds/2015-04-21_06-01-52/build.xml doesn't exist
Aug 9, 2015 2:49:22 AM jenkins.diagnostics.ooom.Problem$Inspector scan
WARNING: Failed to inspect /remote/repeng10/.jenkins/jobs/3_Sub_Nightly_QA_Test_RS_NORMAL_SHORT/builds/12: /remote/repeng10/.jenkins/jobs/3_Sub_Nightly_QA_Test_RS_NORMAL_SHORT/builds/12/build.xml doesn't exist
Aug 9, 2015 2:50:23 AM jenkins.diagnostics.ooom.Problem$Inspector scan
WARNING: Failed to inspect /remote/repeng10/.jenkins/jobs/3_Sub_Nightly_QA_Test_RS_STANDBY/builds/2015-04-21_06-01-52: /remote/repeng10/.jenkins/jobs/3_Sub_Nightly_QA_Test_RS_STANDBY/builds/2015-04-21_06-01-52/build.xml doesn't exist
Aug 9, 2015 2:50:23 AM jenkins.diagnostics.ooom.Problem$Inspector scan
WARNING: Failed to inspect /remote/repeng10/.jenkins/jobs/3_Sub_Nightly_QA_Test_RS_STANDBY/builds/11: /remote/repeng10/.jenkins/jobs/3_Sub_Nightly_QA_Test_RS_STANDBY/builds/11/build.xml doesn't exist
Aug 9, 2015 2:56:08 AM hudson.slaves.SlaveComputer tryReconnect
INFO: Attempting to reconnect Installer_ibmplinux64_elevon
Aug 9, 2015 2:56:08 AM hudson.slaves.SlaveComputer tryReconnect
INFO: Attempting to reconnect RS_build_test_hpia64_repqahpia1
Aug 9, 2015 2:56:08 AM hudson.slaves.SlaveComputer tryReconnect
INFO: Attempting to reconnect RS_build_test_hpia64_repqahpia5
Aug 9, 2015 2:57:08 AM hudson.slaves.SlaveComputer tryReconnect
INFO: Attempting to reconnect RS_build_sunx64_asekernal6
Aug 9, 2015 2:57:08 AM hudson.slaves.SlaveComputer tryReconnect
INFO: Attempting to reconnect RS_build_sunx64_augusta
Aug 9, 2015 2:59:05 AM jenkins.diagnostics.ooom.Problem$Inspector scan
WARNING: Failed to inspect /remote/repeng10/.jenkins/jobs/huiji-rscorona_huiji_vu-serial-build-with-test/builds/17: /remote/repeng10/.jenkins/jobs/huiji-rscorona_huiji_vu-serial-build-with-test/builds/17/build.xml doesn't exist
Aug 9, 2015 2:59:05 AM jenkins.diagnostics.ooom.Problem$Inspector scan
WARNING: Failed to inspect /remote/repeng10/.jenkins/jobs/huiji-rscorona_huiji_vu-serial-build-with-test/builds/2015-08-04_21-25-17: /remote/repeng10/.jenkins/jobs/huiji-rscorona_huiji_vu-serial-build-with-test/builds/2015-08-04_21-25-17/build.xml doesn't exist
Aug 9, 2015 2:59:25 AM jenkins.diagnostics.ooom.Problem$Inspector scan
WARNING: Failed to inspect /remote/repeng10/.jenkins/jobs/MyTest/builds/2015-04-22_00-55-20: /remote/repeng10/.jenkins/jobs/MyTest/builds/2015-04-22_00-55-20/build.xml doesn't exist
Aug 9, 2015 2:59:25 AM jenkins.diagnostics.ooom.Problem$Inspector scan
WARNING: Failed to inspect /remote/repeng10/.jenkins/jobs/MyTest/builds/4: /remote/repeng10/.jenkins/jobs/MyTest/builds/4/build.xml doesn't exist
Aug 9, 2015 3:00:35 AM jenkins.diagnostics.ooom.Problem$Inspector scan
WARNING: Failed to inspect /remote/repeng10/.jenkins/jobs/pwang4-rscorona_pwang4_vu-serial-build-only/builds/2015-06-19_03-39-30: /remote/repeng10/.jenkins/jobs/pwang4-rscorona_pwang4_vu-serial-build-only/builds/2015-06-19_03-39-30/build.xml doesn't exist
Aug 9, 2015 3:00:35 AM jenkins.diagnostics.ooom.Problem$Inspector scan
WARNING: Failed to inspect /remote/repeng10/.jenkins/jobs/pwang4-rscorona_pwang4_vu-serial-build-only/builds/1: /remote/repeng10/.jenkins/jobs/pwang4-rscorona_pwang4_vu-serial-build-only/builds/1/build.xml doesn't exist
Aug 9, 2015 3:07:10 AM hudson.node_monitors.ResponseTimeMonitor$1 monitor
WARNING: Making RS_build_sunx64_augusta offline because it’s not responding
Aug 9, 2015 3:07:10 AM hudson.node_monitors.ResponseTimeMonitor$1 monitor
WARNING: Making RS_build_test_sunsparc64_whitney offline because it’s not responding
Aug 9, 2015 3:07:10 AM hudson.node_monitors.ResponseTimeMonitor$1 monitor
WARNING: Making RS_build_test_hpia64_repqahpia1 offline because it’s not responding
Aug 9, 2015 3:07:10 AM hudson.node_monitors.ResponseTimeMonitor$1 monitor
WARNING: Making RS_build_test_hpia64_repqahpia5 offline because it’s not responding
Aug 9, 2015 3:07:10 AM hudson.node_monitors.ResponseTimeMonitor$1 monitor
WARNING: Making RS_build_sunx64_asekernal6 offline because it’s not responding
Aug 9, 2015 3:07:10 AM hudson.node_monitors.ResponseTimeMonitor$1 monitor
WARNING: Making Installer_ibmplinux64_elevon offline because it’s not responding
Aug 9, 2015 3:09:08 AM hudson.slaves.SlaveComputer tryReconnect
INFO: Attempting to reconnect RS_build_test_sunsparc64_whitney
Aug 9, 2015 3:11:57 AM jenkins.diagnostics.ooom.Problem$Inspector scan
WARNING: Failed to inspect /remote/repeng10/.jenkins/jobs/RS_MATS-rscorona_huiji_vu-huiji/builds/2015-08-04_21-30-27: /remote/repeng10/.jenkins/jobs/RS_MATS-rscorona_huiji_vu-huiji/builds/2015-08-04_21-30-27/build.xml doesn't exist
Aug 9, 2015 3:11:57 AM jenkins.diagnostics.ooom.Problem$Inspector scan
WARNING: Failed to inspect /remote/repeng10/.jenkins/jobs/RS_MATS-rscorona_huiji_vu-huiji/builds/1: /remote/repeng10/.jenkins/jobs/RS_MATS-rscorona_huiji_vu-huiji/builds/1/build.xml doesn't exist
Aug 9, 2015 3:17:08 AM hudson.slaves.SlaveComputer tryReconnect
INFO: Attempting to reconnect Installer_ibmplinux64_elevon
Aug 9, 2015 3:17:08 AM hudson.slaves.SlaveComputer tryReconnect
INFO: Attempting to reconnect RS_build_test_hpia64_repqahpia1
Aug 9, 2015 3:17:08 AM hudson.slaves.SlaveComputer tryReconnect
INFO: Attempting to reconnect RS_build_test_hpia64_repqahpia5
Aug 9, 2015 3:19:08 AM hudson.slaves.SlaveComputer tryReconnect
INFO: Attempting to reconnect RS_build_sunx64_asekernal6
Aug 9, 2015 3:19:08 AM hudson.slaves.SlaveComputer tryReconnect
INFO: Attempting to reconnect RS_build_sunx64_augusta
Aug 9, 2015 3:19:57 AM hudson.model.AsyncPeriodicWork$1 run
INFO: Finished Out of order build detection. 2,213,011 ms
Aug 9, 2015 3:33:08 AM hudson.slaves.SlaveComputer tryReconnect
INFO: Attempting to reconnect RS_build_test_sunsparc64_whitney
Aug 9, 2015 3:40:08 AM hudson.slaves.SlaveComputer tryReconnect
INFO: Attempting to reconnect Installer_ibmplinux64_elevon
Aug 9, 2015 3:40:08 AM hudson.slaves.SlaveComputer tryReconnect
INFO: Attempting to reconnect RS_build_test_hpia64_repqahpia1
Aug 9, 2015 3:40:08 AM hudson.slaves.SlaveComputer tryReconnect
INFO: Attempting to reconnect RS_build_test_hpia64_repqahpia5
Aug 9, 2015 3:42:08 AM hudson.slaves.SlaveComputer tryReconnect
INFO: Attempting to reconnect RS_build_sunx64_asekernal6
Aug 9, 2015 3:42:08 AM hudson.slaves.SlaveComputer tryReconnect
INFO: Attempting to reconnect RS_build_sunx64_augusta
Aug 9, 2015 3:55:08 AM hudson.slaves.SlaveComputer tryReconnect
INFO: Attempting to reconnect RS_build_test_sunsparc64_whitney
Aug 9, 2015 4:02:08 AM hudson.slaves.SlaveComputer tryReconnect
INFO: Attempting to reconnect Installer_ibmplinux64_elevon
Aug 9, 2015 4:02:08 AM hudson.slaves.SlaveComputer tryReconnect
INFO: Attempting to reconnect RS_build_test_hpia64_repqahpia1
Aug 9, 2015 4:02:08 AM hudson.slaves.SlaveComputer tryReconnect
INFO: Attempting to reconnect RS_build_test_hpia64_repqahpia5
Aug 9, 2015 4:04:08 AM hudson.slaves.SlaveComputer tryReconnect
INFO: Attempting to reconnect RS_build_sunx64_asekernal6
Aug 9, 2015 4:04:08 AM hudson.slaves.SlaveComputer tryReconnect
INFO: Attempting to reconnect RS_build_sunx64_augusta
Aug 9, 2015 4:07:10 AM hudson.node_monitors.ResponseTimeMonitor$1 monitor
WARNING: Making RS_build_sunx64_augusta offline because it’s not responding
Aug 9, 2015 4:07:10 AM hudson.node_monitors.ResponseTimeMonitor$1 monitor
WARNING: Making RS_build_test_sunsparc64_whitney offline because it’s not responding
Aug 9, 2015 4:07:10 AM hudson.node_monitors.ResponseTimeMonitor$1 monitor
WARNING: Making RS_build_test_hpia64_repqahpia1 offline because it’s not responding
Aug 9, 2015 4:07:10 AM hudson.node_monitors.ResponseTimeMonitor$1 monitor
WARNING: Making RS_build_test_hpia64_repqahpia5 offline because it’s not responding
Aug 9, 2015 4:07:10 AM hudson.node_monitors.ResponseTimeMonitor$1 monitor
WARNING: Making RS_build_sunx64_asekernal6 offline because it’s not responding
Aug 9, 2015 4:07:10 AM hudson.node_monitors.ResponseTimeMonitor$1 monitor
WARNING: Making Installer_ibmplinux64_elevon offline because it’s not responding
Aug 9, 2015 4:17:08 AM hudson.slaves.SlaveComputer tryReconnect
INFO: Attempting to reconnect RS_build_test_sunsparc64_whitney
Aug 9, 2015 4:24:08 AM hudson.slaves.SlaveComputer tryReconnect
INFO: Attempting to reconnect Installer_ibmplinux64_elevon
Aug 9, 2015 4:24:08 AM hudson.slaves.SlaveComputer tryReconnect
INFO: Attempting to reconnect RS_build_test_hpia64_repqahpia1
Aug 9, 2015 4:24:08 AM hudson.slaves.SlaveComputer tryReconnect
INFO: Attempting to reconnect RS_build_test_hpia64_repqahpia5
Aug 9, 2015 4:26:08 AM hudson.slaves.SlaveComputer tryReconnect
INFO: Attempting to reconnect RS_build_sunx64_asekernal6
Aug 9, 2015 4:26:08 AM hudson.slaves.SlaveComputer tryReconnect
INFO: Attempting to reconnect RS_build_sunx64_augusta
Aug 9, 2015 4:38:08 AM hudson.slaves.SlaveComputer tryReconnect
INFO: Attempting to reconnect RS_build_test_sunsparc64_whitney
Aug 9, 2015 4:46:08 AM hudson.slaves.SlaveComputer tryReconnect
INFO: Attempting to reconnect Installer_ibmplinux64_elevon
Aug 9, 2015 4:46:08 AM hudson.slaves.SlaveComputer tryReconnect
INFO: Attempting to reconnect RS_build_test_hpia64_repqahpia1
Aug 9, 2015 4:46:08 AM hudson.slaves.SlaveComputer tryReconnect
INFO: Attempting to reconnect RS_build_test_hpia64_repqahpia5
Aug 9, 2015 4:46:17 AM hudson.remoting.SynchronousCommandTransport$ReaderThread run
SEVERE: I/O error in channel Installer_ibmplinux64_elevon
java.io.IOException: Unexpected termination of the channel
	at hudson.remoting.SynchronousCommandTransport$ReaderThread.run(SynchronousCommandTransport.java:50)
Caused by: java.io.EOFException
	at java.io.ObjectInputStream$PeekInputStream.readFully(ObjectInputStream.java:2297)
	at java.io.ObjectInputStream$BlockDataInputStream.readShort(ObjectInputStream.java:2766)
	at java.io.ObjectInputStream.readStreamHeader(ObjectInputStream.java:797)
	at java.io.ObjectInputStream.<init>(ObjectInputStream.java:297)
	at hudson.remoting.ObjectInputStreamEx.<init>(ObjectInputStreamEx.java:40)
	at hudson.remoting.AbstractSynchronousByteArrayCommandTransport.read(AbstractSynchronousByteArrayCommandTransport.java:34)
	at hudson.remoting.SynchronousCommandTransport$ReaderThread.run(SynchronousCommandTransport.java:48)
Aug 9, 2015 4:48:08 AM hudson.slaves.SlaveComputer tryReconnect
INFO: Attempting to reconnect RS_build_sunx64_asekernal6
Aug 9, 2015 4:48:08 AM hudson.slaves.SlaveComputer tryReconnect
INFO: Attempting to reconnect RS_build_sunx64_augusta
Aug 9, 2015 5:01:08 AM hudson.slaves.SlaveComputer tryReconnect
INFO: Attempting to reconnect RS_build_test_sunsparc64_whitney
Aug 9, 2015 5:07:10 AM hudson.node_monitors.ResponseTimeMonitor$1 monitor
WARNING: Making RS_build_sunx64_augusta offline because it’s not responding
Aug 9, 2015 5:07:10 AM hudson.node_monitors.ResponseTimeMonitor$1 monitor
WARNING: Making RS_build_test_sunsparc64_whitney offline because it’s not responding
Aug 9, 2015 5:07:10 AM hudson.node_monitors.ResponseTimeMonitor$1 monitor
WARNING: Making RS_build_test_hpia64_repqahpia1 offline because it’s not responding
Aug 9, 2015 5:07:10 AM hudson.node_monitors.ResponseTimeMonitor$1 monitor
WARNING: Making RS_build_test_hpia64_repqahpia5 offline because it’s not responding
Aug 9, 2015 5:07:10 AM hudson.node_monitors.ResponseTimeMonitor$1 monitor
WARNING: Making RS_build_sunx64_asekernal6 offline because it’s not responding
Aug 9, 2015 5:07:10 AM hudson.node_monitors.ResponseTimeMonitor$1 monitor
WARNING: Making Installer_ibmplinux64_elevon offline because it’s not responding
Aug 9, 2015 5:09:08 AM hudson.slaves.SlaveComputer tryReconnect
INFO: Attempting to reconnect Installer_ibmplinux64_elevon
Aug 9, 2015 5:09:08 AM hudson.slaves.SlaveComputer tryReconnect
INFO: Attempting to reconnect RS_build_test_hpia64_repqahpia1
Aug 9, 2015 5:09:08 AM hudson.slaves.SlaveComputer tryReconnect
INFO: Attempting to reconnect RS_build_test_hpia64_repqahpia5
Aug 9, 2015 5:11:08 AM hudson.slaves.SlaveComputer tryReconnect
INFO: Attempting to reconnect RS_build_sunx64_asekernal6
Aug 9, 2015 5:11:08 AM hudson.slaves.SlaveComputer tryReconnect
INFO: Attempting to reconnect RS_build_sunx64_augusta
Aug 9, 2015 5:23:08 AM hudson.slaves.SlaveComputer tryReconnect
INFO: Attempting to reconnect RS_build_test_sunsparc64_whitney
Aug 9, 2015 5:31:08 AM hudson.slaves.SlaveComputer tryReconnect
INFO: Attempting to reconnect Installer_ibmplinux64_elevon
Aug 9, 2015 5:31:08 AM hudson.slaves.SlaveComputer tryReconnect
INFO: Attempting to reconnect RS_build_test_hpia64_repqahpia1
Aug 9, 2015 5:31:08 AM hudson.slaves.SlaveComputer tryReconnect
INFO: Attempting to reconnect RS_build_test_hpia64_repqahpia5
Aug 9, 2015 5:33:08 AM hudson.slaves.SlaveComputer tryReconnect
INFO: Attempting to reconnect RS_build_sunx64_asekernal6
Aug 9, 2015 5:33:08 AM hudson.slaves.SlaveComputer tryReconnect
INFO: Attempting to reconnect RS_build_sunx64_augusta
Aug 9, 2015 5:45:08 AM hudson.slaves.SlaveComputer tryReconnect
INFO: Attempting to reconnect RS_build_test_sunsparc64_whitney
Aug 9, 2015 5:53:08 AM hudson.slaves.SlaveComputer tryReconnect
INFO: Attempting to reconnect Installer_ibmplinux64_elevon
Aug 9, 2015 5:53:08 AM hudson.slaves.SlaveComputer tryReconnect
INFO: Attempting to reconnect RS_build_test_hpia64_repqahpia1
Aug 9, 2015 5:53:08 AM hudson.slaves.SlaveComputer tryReconnect
INFO: Attempting to reconnect RS_build_test_hpia64_repqahpia5
Aug 9, 2015 5:54:08 AM hudson.slaves.SlaveComputer tryReconnect
INFO: Attempting to reconnect RS_build_sunx64_asekernal6
Aug 9, 2015 5:54:08 AM hudson.slaves.SlaveComputer tryReconnect
INFO: Attempting to reconnect RS_build_sunx64_augusta
Aug 9, 2015 6:07:08 AM hudson.slaves.SlaveComputer tryReconnect
INFO: Attempting to reconnect RS_build_test_sunsparc64_whitney
Aug 9, 2015 6:07:10 AM hudson.node_monitors.ResponseTimeMonitor$1 monitor
WARNING: Making RS_build_sunx64_augusta offline because it’s not responding
Aug 9, 2015 6:07:10 AM hudson.node_monitors.ResponseTimeMonitor$1 monitor
WARNING: Making RS_build_test_sunsparc64_whitney offline because it’s not responding
Aug 9, 2015 6:07:10 AM hudson.node_monitors.ResponseTimeMonitor$1 monitor
WARNING: Making RS_build_test_hpia64_repqahpia1 offline because it’s not responding
Aug 9, 2015 6:07:10 AM hudson.node_monitors.ResponseTimeMonitor$1 monitor
WARNING: Making RS_build_test_hpia64_repqahpia5 offline because it’s not responding
Aug 9, 2015 6:07:10 AM hudson.node_monitors.ResponseTimeMonitor$1 monitor
WARNING: Making RS_build_sunx64_asekernal6 offline because it’s not responding
Aug 9, 2015 6:07:10 AM hudson.node_monitors.ResponseTimeMonitor$1 monitor
WARNING: Making Installer_ibmplinux64_elevon offline because it’s not responding
Aug 9, 2015 6:15:08 AM hudson.slaves.SlaveComputer tryReconnect
INFO: Attempting to reconnect Installer_ibmplinux64_elevon
Aug 9, 2015 6:15:08 AM hudson.slaves.SlaveComputer tryReconnect
INFO: Attempting to reconnect RS_build_test_hpia64_repqahpia1
Aug 9, 2015 6:15:08 AM hudson.slaves.SlaveComputer tryReconnect
INFO: Attempting to reconnect RS_build_test_hpia64_repqahpia5
Aug 9, 2015 6:17:08 AM hudson.slaves.SlaveComputer tryReconnect
INFO: Attempting to reconnect RS_build_sunx64_asekernal6
Aug 9, 2015 6:17:08 AM hudson.slaves.SlaveComputer tryReconnect
INFO: Attempting to reconnect RS_build_sunx64_augusta
Aug 9, 2015 6:30:08 AM hudson.slaves.SlaveComputer tryReconnect
INFO: Attempting to reconnect RS_build_test_sunsparc64_whitney
Aug 9, 2015 6:36:08 AM hudson.slaves.SlaveComputer tryReconnect
INFO: Attempting to reconnect Installer_ibmplinux64_elevon
Aug 9, 2015 6:36:08 AM hudson.slaves.SlaveComputer tryReconnect
INFO: Attempting to reconnect RS_build_test_hpia64_repqahpia1
Aug 9, 2015 6:36:08 AM hudson.slaves.SlaveComputer tryReconnect
INFO: Attempting to reconnect RS_build_test_hpia64_repqahpia5
Aug 9, 2015 6:38:08 AM hudson.slaves.SlaveComputer tryReconnect
INFO: Attempting to reconnect RS_build_sunx64_asekernal6
Aug 9, 2015 6:38:08 AM hudson.slaves.SlaveComputer tryReconnect
INFO: Attempting to reconnect RS_build_sunx64_augusta
Aug 9, 2015 6:51:08 AM hudson.slaves.SlaveComputer tryReconnect
INFO: Attempting to reconnect RS_build_test_sunsparc64_whitney
Aug 9, 2015 6:59:08 AM hudson.slaves.SlaveComputer tryReconnect
INFO: Attempting to reconnect Installer_ibmplinux64_elevon
Aug 9, 2015 6:59:08 AM hudson.slaves.SlaveComputer tryReconnect
INFO: Attempting to reconnect RS_build_test_hpia64_repqahpia1
Aug 9, 2015 6:59:08 AM hudson.slaves.SlaveComputer tryReconnect
INFO: Attempting to reconnect RS_build_test_hpia64_repqahpia5
Aug 9, 2015 7:01:08 AM hudson.slaves.SlaveComputer tryReconnect
INFO: Attempting to reconnect RS_build_sunx64_asekernal6
Aug 9, 2015 7:01:08 AM hudson.slaves.SlaveComputer tryReconnect
INFO: Attempting to reconnect RS_build_sunx64_augusta
Aug 9, 2015 7:07:10 AM hudson.node_monitors.ResponseTimeMonitor$1 monitor
WARNING: Making RS_build_sunx64_augusta offline because it’s not responding
Aug 9, 2015 7:07:10 AM hudson.node_monitors.ResponseTimeMonitor$1 monitor
WARNING: Making RS_build_test_sunsparc64_whitney offline because it’s not responding
Aug 9, 2015 7:07:10 AM hudson.node_monitors.ResponseTimeMonitor$1 monitor
WARNING: Making RS_build_test_hpia64_repqahpia1 offline because it’s not responding
Aug 9, 2015 7:07:10 AM hudson.node_monitors.ResponseTimeMonitor$1 monitor
WARNING: Making RS_build_test_hpia64_repqahpia5 offline because it’s not responding
Aug 9, 2015 7:07:10 AM hudson.node_monitors.ResponseTimeMonitor$1 monitor
WARNING: Making RS_build_sunx64_asekernal6 offline because it’s not responding
Aug 9, 2015 7:07:10 AM hudson.node_monitors.ResponseTimeMonitor$1 monitor
WARNING: Making Installer_ibmplinux64_elevon offline because it’s not responding
Aug 9, 2015 7:14:08 AM hudson.slaves.SlaveComputer tryReconnect
INFO: Attempting to reconnect RS_build_test_sunsparc64_whitney
Aug 9, 2015 7:21:08 AM hudson.slaves.SlaveComputer tryReconnect
INFO: Attempting to reconnect Installer_ibmplinux64_elevon
Aug 9, 2015 7:21:08 AM hudson.slaves.SlaveComputer tryReconnect
INFO: Attempting to reconnect RS_build_test_hpia64_repqahpia1
Aug 9, 2015 7:21:08 AM hudson.slaves.SlaveComputer tryReconnect
INFO: Attempting to reconnect RS_build_test_hpia64_repqahpia5
Aug 9, 2015 7:22:08 AM hudson.slaves.SlaveComputer tryReconnect
INFO: Attempting to reconnect RS_build_sunx64_asekernal6
Aug 9, 2015 7:22:08 AM hudson.slaves.SlaveComputer tryReconnect
INFO: Attempting to reconnect RS_build_sunx64_augusta
Aug 9, 2015 7:35:08 AM hudson.slaves.SlaveComputer tryReconnect
INFO: Attempting to reconnect RS_build_test_sunsparc64_whitney
Aug 9, 2015 7:43:08 AM hudson.slaves.SlaveComputer tryReconnect
INFO: Attempting to reconnect Installer_ibmplinux64_elevon
Aug 9, 2015 7:43:08 AM hudson.slaves.SlaveComputer tryReconnect
INFO: Attempting to reconnect RS_build_test_hpia64_repqahpia1
Aug 9, 2015 7:43:08 AM hudson.slaves.SlaveComputer tryReconnect
INFO: Attempting to reconnect RS_build_test_hpia64_repqahpia5
Aug 9, 2015 7:44:08 AM hudson.slaves.SlaveComputer tryReconnect
INFO: Attempting to reconnect RS_build_sunx64_asekernal6
Aug 9, 2015 7:44:08 AM hudson.slaves.SlaveComputer tryReconnect
INFO: Attempting to reconnect RS_build_sunx64_augusta
Aug 9, 2015 7:57:08 AM hudson.slaves.SlaveComputer tryReconnect
INFO: Attempting to reconnect RS_build_test_sunsparc64_whitney
Aug 9, 2015 8:05:08 AM hudson.slaves.SlaveComputer tryReconnect
INFO: Attempting to reconnect Installer_ibmplinux64_elevon
Aug 9, 2015 8:05:08 AM hudson.slaves.SlaveComputer tryReconnect
INFO: Attempting to reconnect RS_build_test_hpia64_repqahpia1
Aug 9, 2015 8:05:08 AM hudson.slaves.SlaveComputer tryReconnect
INFO: Attempting to reconnect RS_build_test_hpia64_repqahpia5
Aug 9, 2015 8:07:08 AM hudson.slaves.SlaveComputer tryReconnect
INFO: Attempting to reconnect RS_build_sunx64_asekernal6
Aug 9, 2015 8:07:08 AM hudson.slaves.SlaveComputer tryReconnect
INFO: Attempting to reconnect RS_build_sunx64_augusta
Aug 9, 2015 8:07:10 AM hudson.node_monitors.ResponseTimeMonitor$1 monitor
WARNING: Making RS_build_sunx64_augusta offline because it’s not responding
Aug 9, 2015 8:07:10 AM hudson.node_monitors.ResponseTimeMonitor$1 monitor
WARNING: Making RS_build_test_sunsparc64_whitney offline because it’s not responding
Aug 9, 2015 8:07:10 AM hudson.node_monitors.ResponseTimeMonitor$1 monitor
WARNING: Making RS_build_test_hpia64_repqahpia1 offline because it’s not responding
Aug 9, 2015 8:07:10 AM hudson.node_monitors.ResponseTimeMonitor$1 monitor
WARNING: Making RS_build_test_hpia64_repqahpia5 offline because it’s not responding
Aug 9, 2015 8:07:10 AM hudson.node_monitors.ResponseTimeMonitor$1 monitor
WARNING: Making RS_build_sunx64_asekernal6 offline because it’s not responding
Aug 9, 2015 8:07:10 AM hudson.node_monitors.ResponseTimeMonitor$1 monitor
WARNING: Making Installer_ibmplinux64_elevon offline because it’s not responding
Aug 9, 2015 8:20:08 AM hudson.slaves.SlaveComputer tryReconnect
INFO: Attempting to reconnect RS_build_test_sunsparc64_whitney
Aug 9, 2015 8:28:08 AM hudson.slaves.SlaveComputer tryReconnect
INFO: Attempting to reconnect Installer_ibmplinux64_elevon
Aug 9, 2015 8:28:08 AM hudson.slaves.SlaveComputer tryReconnect
INFO: Attempting to reconnect RS_build_test_hpia64_repqahpia1
Aug 9, 2015 8:28:08 AM hudson.slaves.SlaveComputer tryReconnect
INFO: Attempting to reconnect RS_build_test_hpia64_repqahpia5
Aug 9, 2015 8:30:08 AM hudson.slaves.SlaveComputer tryReconnect
INFO: Attempting to reconnect RS_build_sunx64_asekernal6
Aug 9, 2015 8:30:08 AM hudson.slaves.SlaveComputer tryReconnect
INFO: Attempting to reconnect RS_build_sunx64_augusta
Aug 9, 2015 8:42:08 AM hudson.slaves.SlaveComputer tryReconnect
INFO: Attempting to reconnect RS_build_test_sunsparc64_whitney
Aug 9, 2015 8:50:08 AM hudson.slaves.SlaveComputer tryReconnect
INFO: Attempting to reconnect Installer_ibmplinux64_elevon
Aug 9, 2015 8:50:08 AM hudson.slaves.SlaveComputer tryReconnect
INFO: Attempting to reconnect RS_build_test_hpia64_repqahpia1
Aug 9, 2015 8:50:08 AM hudson.slaves.SlaveComputer tryReconnect
INFO: Attempting to reconnect RS_build_test_hpia64_repqahpia5
Aug 9, 2015 8:52:08 AM hudson.slaves.SlaveComputer tryReconnect
INFO: Attempting to reconnect RS_build_sunx64_asekernal6
Aug 9, 2015 8:52:08 AM hudson.slaves.SlaveComputer tryReconnect
INFO: Attempting to reconnect RS_build_sunx64_augusta
Aug 9, 2015 9:01:50 AM hudson.model.AsyncPeriodicWork$1 run
INFO: Started Fingerprint cleanup
Aug 9, 2015 9:01:50 AM hudson.model.AsyncPeriodicWork$1 run
INFO: Finished Fingerprint cleanup. 43 ms
Aug 9, 2015 9:05:08 AM hudson.slaves.SlaveComputer tryReconnect
INFO: Attempting to reconnect RS_build_test_sunsparc64_whitney
Aug 9, 2015 9:07:10 AM hudson.node_monitors.ResponseTimeMonitor$1 monitor
WARNING: Making RS_build_sunx64_augusta offline because it’s not responding
Aug 9, 2015 9:07:10 AM hudson.node_monitors.ResponseTimeMonitor$1 monitor
WARNING: Making RS_build_test_sunsparc64_whitney offline because it’s not responding
Aug 9, 2015 9:07:10 AM hudson.node_monitors.ResponseTimeMonitor$1 monitor
WARNING: Making RS_build_test_hpia64_repqahpia1 offline because it’s not responding
Aug 9, 2015 9:07:10 AM hudson.node_monitors.ResponseTimeMonitor$1 monitor
WARNING: Making RS_build_test_hpia64_repqahpia5 offline because it’s not responding
Aug 9, 2015 9:07:10 AM hudson.node_monitors.ResponseTimeMonitor$1 monitor
WARNING: Making RS_build_sunx64_asekernal6 offline because it’s not responding
Aug 9, 2015 9:07:10 AM hudson.node_monitors.ResponseTimeMonitor$1 monitor
WARNING: Making Installer_ibmplinux64_elevon offline because it’s not responding
Aug 9, 2015 9:12:08 AM hudson.slaves.SlaveComputer tryReconnect
INFO: Attempting to reconnect Installer_ibmplinux64_elevon
Aug 9, 2015 9:12:08 AM hudson.slaves.SlaveComputer tryReconnect
INFO: Attempting to reconnect RS_build_test_hpia64_repqahpia1
Aug 9, 2015 9:12:08 AM hudson.slaves.SlaveComputer tryReconnect
INFO: Attempting to reconnect RS_build_test_hpia64_repqahpia5
Aug 9, 2015 9:14:08 AM hudson.slaves.SlaveComputer tryReconnect
INFO: Attempting to reconnect RS_build_sunx64_asekernal6
Aug 9, 2015 9:14:08 AM hudson.slaves.SlaveComputer tryReconnect
INFO: Attempting to reconnect RS_build_sunx64_augusta
Aug 9, 2015 9:27:08 AM hudson.slaves.SlaveComputer tryReconnect
INFO: Attempting to reconnect RS_build_test_sunsparc64_whitney
Aug 9, 2015 9:35:08 AM hudson.slaves.SlaveComputer tryReconnect
INFO: Attempting to reconnect Installer_ibmplinux64_elevon
Aug 9, 2015 9:35:08 AM hudson.slaves.SlaveComputer tryReconnect
INFO: Attempting to reconnect RS_build_test_hpia64_repqahpia1
Aug 9, 2015 9:35:08 AM hudson.slaves.SlaveComputer tryReconnect
INFO: Attempting to reconnect RS_build_test_hpia64_repqahpia5
Aug 9, 2015 9:36:08 AM hudson.slaves.SlaveComputer tryReconnect
INFO: Attempting to reconnect RS_build_sunx64_asekernal6
Aug 9, 2015 9:36:08 AM hudson.slaves.SlaveComputer tryReconnect
INFO: Attempting to reconnect RS_build_sunx64_augusta
Aug 9, 2015 9:49:08 AM hudson.slaves.SlaveComputer tryReconnect
INFO: Attempting to reconnect RS_build_test_sunsparc64_whitney
Aug 9, 2015 9:57:08 AM hudson.slaves.SlaveComputer tryReconnect
INFO: Attempting to reconnect Installer_ibmplinux64_elevon
Aug 9, 2015 9:57:08 AM hudson.slaves.SlaveComputer tryReconnect
INFO: Attempting to reconnect RS_build_test_hpia64_repqahpia1
Aug 9, 2015 9:57:08 AM hudson.slaves.SlaveComputer tryReconnect
INFO: Attempting to reconnect RS_build_test_hpia64_repqahpia5
Aug 9, 2015 9:59:08 AM hudson.slaves.SlaveComputer tryReconnect
INFO: Attempting to reconnect RS_build_sunx64_asekernal6
Aug 9, 2015 9:59:08 AM hudson.slaves.SlaveComputer tryReconnect
INFO: Attempting to reconnect RS_build_sunx64_augusta
Aug 9, 2015 10:07:10 AM hudson.node_monitors.ResponseTimeMonitor$1 monitor
WARNING: Making RS_build_sunx64_augusta offline because it’s not responding
Aug 9, 2015 10:07:10 AM hudson.node_monitors.ResponseTimeMonitor$1 monitor
WARNING: Making RS_build_test_sunsparc64_whitney offline because it’s not responding
Aug 9, 2015 10:07:10 AM hudson.node_monitors.ResponseTimeMonitor$1 monitor
WARNING: Making RS_build_test_hpia64_repqahpia1 offline because it’s not responding
Aug 9, 2015 10:07:10 AM hudson.node_monitors.ResponseTimeMonitor$1 monitor
WARNING: Making RS_build_test_hpia64_repqahpia5 offline because it’s not responding
Aug 9, 2015 10:07:10 AM hudson.node_monitors.ResponseTimeMonitor$1 monitor
WARNING: Making RS_build_sunx64_asekernal6 offline because it’s not responding
Aug 9, 2015 10:07:10 AM hudson.node_monitors.ResponseTimeMonitor$1 monitor
WARNING: Making Installer_ibmplinux64_elevon offline because it’s not responding
Aug 9, 2015 10:13:08 AM hudson.slaves.SlaveComputer tryReconnect
INFO: Attempting to reconnect RS_build_test_sunsparc64_whitney
Aug 9, 2015 10:21:08 AM hudson.slaves.SlaveComputer tryReconnect
INFO: Attempting to reconnect Installer_ibmplinux64_elevon
Aug 9, 2015 10:21:08 AM hudson.slaves.SlaveComputer tryReconnect
INFO: Attempting to reconnect RS_build_test_hpia64_repqahpia1
Aug 9, 2015 10:21:08 AM hudson.slaves.SlaveComputer tryReconnect
INFO: Attempting to reconnect RS_build_test_hpia64_repqahpia5
Aug 9, 2015 10:22:08 AM hudson.slaves.SlaveComputer tryReconnect
INFO: Attempting to reconnect RS_build_sunx64_asekernal6
Aug 9, 2015 10:22:08 AM hudson.slaves.SlaveComputer tryReconnect
INFO: Attempting to reconnect RS_build_sunx64_augusta
Aug 9, 2015 10:35:08 AM hudson.slaves.SlaveComputer tryReconnect
INFO: Attempting to reconnect RS_build_test_sunsparc64_whitney
Aug 9, 2015 10:42:08 AM hudson.slaves.SlaveComputer tryReconnect
INFO: Attempting to reconnect Installer_ibmplinux64_elevon
Aug 9, 2015 10:42:08 AM hudson.slaves.SlaveComputer tryReconnect
INFO: Attempting to reconnect RS_build_test_hpia64_repqahpia1
Aug 9, 2015 10:42:08 AM hudson.slaves.SlaveComputer tryReconnect
INFO: Attempting to reconnect RS_build_test_hpia64_repqahpia5
Aug 9, 2015 10:42:16 AM hudson.remoting.SynchronousCommandTransport$ReaderThread run
SEVERE: I/O error in channel Installer_ibmplinux64_elevon
java.io.IOException: Unexpected termination of the channel
	at hudson.remoting.SynchronousCommandTransport$ReaderThread.run(SynchronousCommandTransport.java:50)
Caused by: java.io.EOFException
	at java.io.ObjectInputStream$PeekInputStream.readFully(ObjectInputStream.java:2297)
	at java.io.ObjectInputStream$BlockDataInputStream.readShort(ObjectInputStream.java:2766)
	at java.io.ObjectInputStream.readStreamHeader(ObjectInputStream.java:797)
	at java.io.ObjectInputStream.<init>(ObjectInputStream.java:297)
	at hudson.remoting.ObjectInputStreamEx.<init>(ObjectInputStreamEx.java:40)
	at hudson.remoting.AbstractSynchronousByteArrayCommandTransport.read(AbstractSynchronousByteArrayCommandTransport.java:34)
	at hudson.remoting.SynchronousCommandTransport$ReaderThread.run(SynchronousCommandTransport.java:48)
Aug 9, 2015 10:44:08 AM hudson.slaves.SlaveComputer tryReconnect
INFO: Attempting to reconnect RS_build_sunx64_asekernal6
Aug 9, 2015 10:44:08 AM hudson.slaves.SlaveComputer tryReconnect
INFO: Attempting to reconnect RS_build_sunx64_augusta
Aug 9, 2015 10:57:08 AM hudson.slaves.SlaveComputer tryReconnect
INFO: Attempting to reconnect RS_build_test_sunsparc64_whitney
Aug 9, 2015 11:05:08 AM hudson.slaves.SlaveComputer tryReconnect
INFO: Attempting to reconnect Installer_ibmplinux64_elevon
Aug 9, 2015 11:05:08 AM hudson.slaves.SlaveComputer tryReconnect
INFO: Attempting to reconnect RS_build_test_hpia64_repqahpia1
Aug 9, 2015 11:05:08 AM hudson.slaves.SlaveComputer tryReconnect
INFO: Attempting to reconnect RS_build_test_hpia64_repqahpia5
Aug 9, 2015 11:06:08 AM hudson.slaves.SlaveComputer tryReconnect
INFO: Attempting to reconnect RS_build_sunx64_asekernal6
Aug 9, 2015 11:06:08 AM hudson.slaves.SlaveComputer tryReconnect
INFO: Attempting to reconnect RS_build_sunx64_augusta
Aug 9, 2015 11:07:10 AM hudson.node_monitors.ResponseTimeMonitor$1 monitor
WARNING: Making RS_build_sunx64_augusta offline because it’s not responding
Aug 9, 2015 11:07:10 AM hudson.node_monitors.ResponseTimeMonitor$1 monitor
WARNING: Making RS_build_test_sunsparc64_whitney offline because it’s not responding
Aug 9, 2015 11:07:10 AM hudson.node_monitors.ResponseTimeMonitor$1 monitor
WARNING: Making RS_build_test_hpia64_repqahpia1 offline because it’s not responding
Aug 9, 2015 11:07:10 AM hudson.node_monitors.ResponseTimeMonitor$1 monitor
WARNING: Making RS_build_test_hpia64_repqahpia5 offline because it’s not responding
Aug 9, 2015 11:07:10 AM hudson.node_monitors.ResponseTimeMonitor$1 monitor
WARNING: Making RS_build_sunx64_asekernal6 offline because it’s not responding
Aug 9, 2015 11:07:10 AM hudson.node_monitors.ResponseTimeMonitor$1 monitor
WARNING: Making Installer_ibmplinux64_elevon offline because it’s not responding
Aug 9, 2015 11:19:08 AM hudson.slaves.SlaveComputer tryReconnect
INFO: Attempting to reconnect RS_build_test_sunsparc64_whitney
Aug 9, 2015 11:26:08 AM hudson.slaves.SlaveComputer tryReconnect
INFO: Attempting to reconnect Installer_ibmplinux64_elevon
Aug 9, 2015 11:26:08 AM hudson.slaves.SlaveComputer tryReconnect
INFO: Attempting to reconnect RS_build_test_hpia64_repqahpia1
Aug 9, 2015 11:26:08 AM hudson.slaves.SlaveComputer tryReconnect
INFO: Attempting to reconnect RS_build_test_hpia64_repqahpia5
Aug 9, 2015 11:28:08 AM hudson.slaves.SlaveComputer tryReconnect
INFO: Attempting to reconnect RS_build_sunx64_asekernal6
Aug 9, 2015 11:28:08 AM hudson.slaves.SlaveComputer tryReconnect
INFO: Attempting to reconnect RS_build_sunx64_augusta
Aug 9, 2015 11:41:08 AM hudson.slaves.SlaveComputer tryReconnect
INFO: Attempting to reconnect RS_build_test_sunsparc64_whitney
Aug 9, 2015 11:48:08 AM hudson.slaves.SlaveComputer tryReconnect
INFO: Attempting to reconnect Installer_ibmplinux64_elevon
Aug 9, 2015 11:48:08 AM hudson.slaves.SlaveComputer tryReconnect
INFO: Attempting to reconnect RS_build_test_hpia64_repqahpia1
Aug 9, 2015 11:48:08 AM hudson.slaves.SlaveComputer tryReconnect
INFO: Attempting to reconnect RS_build_test_hpia64_repqahpia5
Aug 9, 2015 11:50:08 AM hudson.slaves.SlaveComputer tryReconnect
INFO: Attempting to reconnect RS_build_sunx64_asekernal6
Aug 9, 2015 11:50:08 AM hudson.slaves.SlaveComputer tryReconnect
INFO: Attempting to reconnect RS_build_sunx64_augusta
Aug 9, 2015 12:02:08 PM hudson.slaves.SlaveComputer tryReconnect
INFO: Attempting to reconnect RS_build_test_sunsparc64_whitney
Aug 9, 2015 12:07:12 PM hudson.node_monitors.ResponseTimeMonitor$1 monitor
WARNING: Making RS_build_sunx64_augusta offline because it’s not responding
Aug 9, 2015 12:07:12 PM hudson.node_monitors.ResponseTimeMonitor$1 monitor
WARNING: Making RS_build_test_sunsparc64_whitney offline because it’s not responding
Aug 9, 2015 12:07:12 PM hudson.node_monitors.ResponseTimeMonitor$1 monitor
WARNING: Making RS_build_test_hpia64_repqahpia1 offline because it’s not responding
Aug 9, 2015 12:07:12 PM hudson.node_monitors.ResponseTimeMonitor$1 monitor
WARNING: Making RS_build_test_hpia64_repqahpia5 offline because it’s not responding
Aug 9, 2015 12:07:12 PM hudson.node_monitors.ResponseTimeMonitor$1 monitor
WARNING: Making RS_build_sunx64_asekernal6 offline because it’s not responding
Aug 9, 2015 12:07:12 PM hudson.node_monitors.ResponseTimeMonitor$1 monitor
WARNING: Making Installer_ibmplinux64_elevon offline because it’s not responding
Aug 9, 2015 12:09:08 PM hudson.slaves.SlaveComputer tryReconnect
INFO: Attempting to reconnect Installer_ibmplinux64_elevon
Aug 9, 2015 12:09:08 PM hudson.slaves.SlaveComputer tryReconnect
INFO: Attempting to reconnect RS_build_test_hpia64_repqahpia1
Aug 9, 2015 12:09:08 PM hudson.slaves.SlaveComputer tryReconnect
INFO: Attempting to reconnect RS_build_test_hpia64_repqahpia5
Aug 9, 2015 12:11:08 PM hudson.slaves.SlaveComputer tryReconnect
INFO: Attempting to reconnect RS_build_sunx64_asekernal6
Aug 9, 2015 12:11:08 PM hudson.slaves.SlaveComputer tryReconnect
INFO: Attempting to reconnect RS_build_sunx64_augusta
Aug 9, 2015 12:24:08 PM hudson.slaves.SlaveComputer tryReconnect
INFO: Attempting to reconnect RS_build_test_sunsparc64_whitney
Aug 9, 2015 12:31:08 PM hudson.slaves.SlaveComputer tryReconnect
INFO: Attempting to reconnect Installer_ibmplinux64_elevon
Aug 9, 2015 12:31:08 PM hudson.slaves.SlaveComputer tryReconnect
INFO: Attempting to reconnect RS_build_test_hpia64_repqahpia1
Aug 9, 2015 12:31:08 PM hudson.slaves.SlaveComputer tryReconnect
INFO: Attempting to reconnect RS_build_test_hpia64_repqahpia5
Aug 9, 2015 12:33:08 PM hudson.slaves.SlaveComputer tryReconnect
INFO: Attempting to reconnect RS_build_sunx64_asekernal6
Aug 9, 2015 12:33:08 PM hudson.slaves.SlaveComputer tryReconnect
INFO: Attempting to reconnect RS_build_sunx64_augusta
Aug 9, 2015 12:46:08 PM hudson.slaves.SlaveComputer tryReconnect
INFO: Attempting to reconnect RS_build_test_sunsparc64_whitney
Aug 9, 2015 12:53:08 PM hudson.slaves.SlaveComputer tryReconnect
INFO: Attempting to reconnect Installer_ibmplinux64_elevon
Aug 9, 2015 12:53:08 PM hudson.slaves.SlaveComputer tryReconnect
INFO: Attempting to reconnect RS_build_test_hpia64_repqahpia1
Aug 9, 2015 12:53:08 PM hudson.slaves.SlaveComputer tryReconnect
INFO: Attempting to reconnect RS_build_test_hpia64_repqahpia5
Aug 9, 2015 12:55:08 PM hudson.slaves.SlaveComputer tryReconnect
INFO: Attempting to reconnect RS_build_sunx64_asekernal6
Aug 9, 2015 12:55:08 PM hudson.slaves.SlaveComputer tryReconnect
INFO: Attempting to reconnect RS_build_sunx64_augusta
Aug 9, 2015 1:07:11 PM hudson.node_monitors.ResponseTimeMonitor$1 monitor
WARNING: Making RS_build_sunx64_augusta offline because it’s not responding
Aug 9, 2015 1:07:11 PM hudson.node_monitors.ResponseTimeMonitor$1 monitor
WARNING: Making RS_build_test_sunsparc64_whitney offline because it’s not responding
Aug 9, 2015 1:07:11 PM hudson.node_monitors.ResponseTimeMonitor$1 monitor
WARNING: Making RS_build_test_hpia64_repqahpia1 offline because it’s not responding
Aug 9, 2015 1:07:11 PM hudson.node_monitors.ResponseTimeMonitor$1 monitor
WARNING: Making RS_build_test_hpia64_repqahpia5 offline because it’s not responding
Aug 9, 2015 1:07:11 PM hudson.node_monitors.ResponseTimeMonitor$1 monitor
WARNING: Making RS_build_sunx64_asekernal6 offline because it’s not responding
Aug 9, 2015 1:07:11 PM hudson.node_monitors.ResponseTimeMonitor$1 monitor
WARNING: Making Installer_ibmplinux64_elevon offline because it’s not responding
Aug 9, 2015 1:08:08 PM hudson.slaves.SlaveComputer tryReconnect
INFO: Attempting to reconnect RS_build_test_sunsparc64_whitney
Aug 9, 2015 1:15:08 PM hudson.slaves.SlaveComputer tryReconnect
INFO: Attempting to reconnect Installer_ibmplinux64_elevon
Aug 9, 2015 1:15:08 PM hudson.slaves.SlaveComputer tryReconnect
INFO: Attempting to reconnect RS_build_test_hpia64_repqahpia1
Aug 9, 2015 1:15:08 PM hudson.slaves.SlaveComputer tryReconnect
INFO: Attempting to reconnect RS_build_test_hpia64_repqahpia5
Aug 9, 2015 1:17:08 PM hudson.slaves.SlaveComputer tryReconnect
INFO: Attempting to reconnect RS_build_sunx64_asekernal6
Aug 9, 2015 1:17:08 PM hudson.slaves.SlaveComputer tryReconnect
INFO: Attempting to reconnect RS_build_sunx64_augusta
Aug 9, 2015 1:30:08 PM hudson.slaves.SlaveComputer tryReconnect
INFO: Attempting to reconnect RS_build_test_sunsparc64_whitney
Aug 9, 2015 1:37:08 PM hudson.slaves.SlaveComputer tryReconnect
INFO: Attempting to reconnect Installer_ibmplinux64_elevon
Aug 9, 2015 1:37:08 PM hudson.slaves.SlaveComputer tryReconnect
INFO: Attempting to reconnect RS_build_test_hpia64_repqahpia1
Aug 9, 2015 1:37:08 PM hudson.slaves.SlaveComputer tryReconnect
INFO: Attempting to reconnect RS_build_test_hpia64_repqahpia5
Aug 9, 2015 1:39:08 PM hudson.slaves.SlaveComputer tryReconnect
INFO: Attempting to reconnect RS_build_sunx64_asekernal6
Aug 9, 2015 1:39:08 PM hudson.slaves.SlaveComputer tryReconnect
INFO: Attempting to reconnect RS_build_sunx64_augusta
Aug 9, 2015 1:53:08 PM hudson.slaves.SlaveComputer tryReconnect
INFO: Attempting to reconnect RS_build_test_sunsparc64_whitney
Aug 9, 2015 2:01:08 PM hudson.slaves.SlaveComputer tryReconnect
INFO: Attempting to reconnect Installer_ibmplinux64_elevon
Aug 9, 2015 2:01:08 PM hudson.slaves.SlaveComputer tryReconnect
INFO: Attempting to reconnect RS_build_test_hpia64_repqahpia1
Aug 9, 2015 2:01:08 PM hudson.slaves.SlaveComputer tryReconnect
INFO: Attempting to reconnect RS_build_test_hpia64_repqahpia5
Aug 9, 2015 2:03:08 PM hudson.slaves.SlaveComputer tryReconnect
INFO: Attempting to reconnect RS_build_sunx64_asekernal6
Aug 9, 2015 2:03:08 PM hudson.slaves.SlaveComputer tryReconnect
INFO: Attempting to reconnect RS_build_sunx64_augusta
Aug 9, 2015 2:07:12 PM hudson.node_monitors.ResponseTimeMonitor$1 monitor
WARNING: Making RS_build_sunx64_augusta offline because it’s not responding
Aug 9, 2015 2:07:12 PM hudson.node_monitors.ResponseTimeMonitor$1 monitor
WARNING: Making RS_build_test_sunsparc64_whitney offline because it’s not responding
Aug 9, 2015 2:07:12 PM hudson.node_monitors.ResponseTimeMonitor$1 monitor
WARNING: Making RS_build_test_hpia64_repqahpia1 offline because it’s not responding
Aug 9, 2015 2:07:12 PM hudson.node_monitors.ResponseTimeMonitor$1 monitor
WARNING: Making RS_build_test_hpia64_repqahpia5 offline because it’s not responding
Aug 9, 2015 2:07:12 PM hudson.node_monitors.ResponseTimeMonitor$1 monitor
WARNING: Making RS_build_sunx64_asekernal6 offline because it’s not responding
Aug 9, 2015 2:07:12 PM hudson.node_monitors.ResponseTimeMonitor$1 monitor
WARNING: Making Installer_ibmplinux64_elevon offline because it’s not responding
Aug 9, 2015 2:16:08 PM hudson.slaves.SlaveComputer tryReconnect
INFO: Attempting to reconnect RS_build_test_sunsparc64_whitney
Aug 9, 2015 2:23:08 PM hudson.slaves.SlaveComputer tryReconnect
INFO: Attempting to reconnect Installer_ibmplinux64_elevon
Aug 9, 2015 2:23:08 PM hudson.slaves.SlaveComputer tryReconnect
INFO: Attempting to reconnect RS_build_test_hpia64_repqahpia1
Aug 9, 2015 2:23:08 PM hudson.slaves.SlaveComputer tryReconnect
INFO: Attempting to reconnect RS_build_test_hpia64_repqahpia5
Aug 9, 2015 2:24:08 PM hudson.slaves.SlaveComputer tryReconnect
INFO: Attempting to reconnect RS_build_sunx64_asekernal6
Aug 9, 2015 2:24:08 PM hudson.slaves.SlaveComputer tryReconnect
INFO: Attempting to reconnect RS_build_sunx64_augusta
Aug 9, 2015 2:38:08 PM hudson.slaves.SlaveComputer tryReconnect
INFO: Attempting to reconnect RS_build_test_sunsparc64_whitney
Aug 9, 2015 2:44:08 PM hudson.slaves.SlaveComputer tryReconnect
INFO: Attempting to reconnect Installer_ibmplinux64_elevon
Aug 9, 2015 2:44:08 PM hudson.slaves.SlaveComputer tryReconnect
INFO: Attempting to reconnect RS_build_test_hpia64_repqahpia1
Aug 9, 2015 2:44:08 PM hudson.slaves.SlaveComputer tryReconnect
INFO: Attempting to reconnect RS_build_test_hpia64_repqahpia5
Aug 9, 2015 2:46:08 PM hudson.slaves.SlaveComputer tryReconnect
INFO: Attempting to reconnect RS_build_sunx64_asekernal6
Aug 9, 2015 2:46:08 PM hudson.slaves.SlaveComputer tryReconnect
INFO: Attempting to reconnect RS_build_sunx64_augusta
Aug 9, 2015 2:59:08 PM hudson.slaves.SlaveComputer tryReconnect
INFO: Attempting to reconnect RS_build_test_sunsparc64_whitney
Aug 9, 2015 3:06:08 PM hudson.slaves.SlaveComputer tryReconnect
INFO: Attempting to reconnect Installer_ibmplinux64_elevon
Aug 9, 2015 3:06:08 PM hudson.slaves.SlaveComputer tryReconnect
INFO: Attempting to reconnect RS_build_test_hpia64_repqahpia1
Aug 9, 2015 3:06:08 PM hudson.slaves.SlaveComputer tryReconnect
INFO: Attempting to reconnect RS_build_test_hpia64_repqahpia5
Aug 9, 2015 3:07:23 PM hudson.node_monitors.ResponseTimeMonitor$1 monitor
WARNING: Making RS_build_sunx64_augusta offline because it’s not responding
Aug 9, 2015 3:07:23 PM hudson.node_monitors.ResponseTimeMonitor$1 monitor
WARNING: Making RS_build_test_sunsparc64_whitney offline because it’s not responding
Aug 9, 2015 3:07:23 PM hudson.node_monitors.ResponseTimeMonitor$1 monitor
WARNING: Making RS_build_test_hpia64_repqahpia1 offline because it’s not responding
Aug 9, 2015 3:07:23 PM hudson.node_monitors.ResponseTimeMonitor$1 monitor
WARNING: Making RS_build_test_hpia64_repqahpia5 offline because it’s not responding
Aug 9, 2015 3:07:23 PM hudson.node_monitors.ResponseTimeMonitor$1 monitor
WARNING: Making RS_build_sunx64_asekernal6 offline because it’s not responding
Aug 9, 2015 3:07:23 PM hudson.node_monitors.ResponseTimeMonitor$1 monitor
WARNING: Making Installer_ibmplinux64_elevon offline because it’s not responding
Aug 9, 2015 3:08:08 PM hudson.slaves.SlaveComputer tryReconnect
INFO: Attempting to reconnect RS_build_sunx64_asekernal6
Aug 9, 2015 3:08:08 PM hudson.slaves.SlaveComputer tryReconnect
INFO: Attempting to reconnect RS_build_sunx64_augusta
Aug 9, 2015 3:21:08 PM hudson.slaves.SlaveComputer tryReconnect
INFO: Attempting to reconnect RS_build_test_sunsparc64_whitney
Aug 9, 2015 3:28:08 PM hudson.slaves.SlaveComputer tryReconnect
INFO: Attempting to reconnect Installer_ibmplinux64_elevon
Aug 9, 2015 3:28:08 PM hudson.slaves.SlaveComputer tryReconnect
INFO: Attempting to reconnect RS_build_test_hpia64_repqahpia1
Aug 9, 2015 3:28:08 PM hudson.slaves.SlaveComputer tryReconnect
INFO: Attempting to reconnect RS_build_test_hpia64_repqahpia5
Aug 9, 2015 3:28:14 PM hudson.remoting.SynchronousCommandTransport$ReaderThread run
SEVERE: I/O error in channel Installer_ibmplinux64_elevon
java.io.IOException: Unexpected termination of the channel
	at hudson.remoting.SynchronousCommandTransport$ReaderThread.run(SynchronousCommandTransport.java:50)
Caused by: java.io.EOFException
	at java.io.ObjectInputStream$PeekInputStream.readFully(ObjectInputStream.java:2297)
	at java.io.ObjectInputStream$BlockDataInputStream.readShort(ObjectInputStream.java:2766)
	at java.io.ObjectInputStream.readStreamHeader(ObjectInputStream.java:797)
	at java.io.ObjectInputStream.<init>(ObjectInputStream.java:297)
	at hudson.remoting.ObjectInputStreamEx.<init>(ObjectInputStreamEx.java:40)
	at hudson.remoting.AbstractSynchronousByteArrayCommandTransport.read(AbstractSynchronousByteArrayCommandTransport.java:34)
	at hudson.remoting.SynchronousCommandTransport$ReaderThread.run(SynchronousCommandTransport.java:48)
Aug 9, 2015 3:30:08 PM hudson.slaves.SlaveComputer tryReconnect
INFO: Attempting to reconnect RS_build_sunx64_asekernal6
Aug 9, 2015 3:30:08 PM hudson.slaves.SlaveComputer tryReconnect
INFO: Attempting to reconnect RS_build_sunx64_augusta
Aug 9, 2015 3:42:08 PM hudson.slaves.SlaveComputer tryReconnect
INFO: Attempting to reconnect RS_build_test_sunsparc64_whitney
Aug 9, 2015 3:49:08 PM hudson.slaves.SlaveComputer tryReconnect
INFO: Attempting to reconnect Installer_ibmplinux64_elevon
Aug 9, 2015 3:49:08 PM hudson.slaves.SlaveComputer tryReconnect
INFO: Attempting to reconnect RS_build_test_hpia64_repqahpia1
Aug 9, 2015 3:49:08 PM hudson.slaves.SlaveComputer tryReconnect
INFO: Attempting to reconnect RS_build_test_hpia64_repqahpia5
Aug 9, 2015 3:51:08 PM hudson.slaves.SlaveComputer tryReconnect
INFO: Attempting to reconnect RS_build_sunx64_asekernal6
Aug 9, 2015 3:51:08 PM hudson.slaves.SlaveComputer tryReconnect
INFO: Attempting to reconnect RS_build_sunx64_augusta
Aug 9, 2015 4:05:08 PM hudson.slaves.SlaveComputer tryReconnect
INFO: Attempting to reconnect RS_build_test_sunsparc64_whitney
Aug 9, 2015 4:07:10 PM hudson.node_monitors.ResponseTimeMonitor$1 monitor
WARNING: Making RS_build_sunx64_augusta offline because it’s not responding
Aug 9, 2015 4:07:10 PM hudson.node_monitors.ResponseTimeMonitor$1 monitor
WARNING: Making RS_build_test_sunsparc64_whitney offline because it’s not responding
Aug 9, 2015 4:07:10 PM hudson.node_monitors.ResponseTimeMonitor$1 monitor
WARNING: Making RS_build_test_hpia64_repqahpia1 offline because it’s not responding
Aug 9, 2015 4:07:10 PM hudson.node_monitors.ResponseTimeMonitor$1 monitor
WARNING: Making RS_build_test_hpia64_repqahpia5 offline because it’s not responding
Aug 9, 2015 4:07:10 PM hudson.node_monitors.ResponseTimeMonitor$1 monitor
WARNING: Making RS_build_sunx64_asekernal6 offline because it’s not responding
Aug 9, 2015 4:07:10 PM hudson.node_monitors.ResponseTimeMonitor$1 monitor
WARNING: Making Installer_ibmplinux64_elevon offline because it’s not responding
Aug 9, 2015 4:13:08 PM hudson.slaves.SlaveComputer tryReconnect
INFO: Attempting to reconnect Installer_ibmplinux64_elevon
Aug 9, 2015 4:13:08 PM hudson.slaves.SlaveComputer tryReconnect
INFO: Attempting to reconnect RS_build_test_hpia64_repqahpia1
Aug 9, 2015 4:13:08 PM hudson.slaves.SlaveComputer tryReconnect
INFO: Attempting to reconnect RS_build_test_hpia64_repqahpia5
Aug 9, 2015 4:15:08 PM hudson.slaves.SlaveComputer tryReconnect
INFO: Attempting to reconnect RS_build_sunx64_asekernal6
Aug 9, 2015 4:15:08 PM hudson.slaves.SlaveComputer tryReconnect
INFO: Attempting to reconnect RS_build_sunx64_augusta
Aug 9, 2015 4:27:08 PM hudson.slaves.SlaveComputer tryReconnect
INFO: Attempting to reconnect RS_build_test_sunsparc64_whitney
Aug 9, 2015 4:35:08 PM hudson.slaves.SlaveComputer tryReconnect
INFO: Attempting to reconnect Installer_ibmplinux64_elevon
Aug 9, 2015 4:35:08 PM hudson.slaves.SlaveComputer tryReconnect
INFO: Attempting to reconnect RS_build_test_hpia64_repqahpia1
Aug 9, 2015 4:35:08 PM hudson.slaves.SlaveComputer tryReconnect
INFO: Attempting to reconnect RS_build_test_hpia64_repqahpia5
Aug 9, 2015 4:37:08 PM hudson.slaves.SlaveComputer tryReconnect
INFO: Attempting to reconnect RS_build_sunx64_asekernal6
Aug 9, 2015 4:37:08 PM hudson.slaves.SlaveComputer tryReconnect
INFO: Attempting to reconnect RS_build_sunx64_augusta
Aug 9, 2015 4:51:08 PM hudson.slaves.SlaveComputer tryReconnect
INFO: Attempting to reconnect RS_build_test_sunsparc64_whitney
Aug 9, 2015 4:57:08 PM hudson.slaves.SlaveComputer tryReconnect
INFO: Attempting to reconnect Installer_ibmplinux64_elevon
Aug 9, 2015 4:57:08 PM hudson.slaves.SlaveComputer tryReconnect
INFO: Attempting to reconnect RS_build_test_hpia64_repqahpia1
Aug 9, 2015 4:57:08 PM hudson.slaves.SlaveComputer tryReconnect
INFO: Attempting to reconnect RS_build_test_hpia64_repqahpia5
Aug 9, 2015 4:59:08 PM hudson.slaves.SlaveComputer tryReconnect
INFO: Attempting to reconnect RS_build_sunx64_asekernal6
Aug 9, 2015 4:59:08 PM hudson.slaves.SlaveComputer tryReconnect
INFO: Attempting to reconnect RS_build_sunx64_augusta
Aug 9, 2015 5:07:10 PM hudson.node_monitors.ResponseTimeMonitor$1 monitor
WARNING: Making RS_build_sunx64_augusta offline because it’s not responding
Aug 9, 2015 5:07:10 PM hudson.node_monitors.ResponseTimeMonitor$1 monitor
WARNING: Making RS_build_test_sunsparc64_whitney offline because it’s not responding
Aug 9, 2015 5:07:10 PM hudson.node_monitors.ResponseTimeMonitor$1 monitor
WARNING: Making RS_build_test_hpia64_repqahpia1 offline because it’s not responding
Aug 9, 2015 5:07:10 PM hudson.node_monitors.ResponseTimeMonitor$1 monitor
WARNING: Making RS_build_test_hpia64_repqahpia5 offline because it’s not responding
Aug 9, 2015 5:07:10 PM hudson.node_monitors.ResponseTimeMonitor$1 monitor
WARNING: Making RS_build_sunx64_asekernal6 offline because it’s not responding
Aug 9, 2015 5:07:10 PM hudson.node_monitors.ResponseTimeMonitor$1 monitor
WARNING: Making Installer_ibmplinux64_elevon offline because it’s not responding
Aug 9, 2015 5:12:08 PM hudson.slaves.SlaveComputer tryReconnect
INFO: Attempting to reconnect RS_build_test_sunsparc64_whitney
Aug 9, 2015 5:19:08 PM hudson.slaves.SlaveComputer tryReconnect
INFO: Attempting to reconnect Installer_ibmplinux64_elevon
Aug 9, 2015 5:19:08 PM hudson.slaves.SlaveComputer tryReconnect
INFO: Attempting to reconnect RS_build_test_hpia64_repqahpia1
Aug 9, 2015 5:19:08 PM hudson.slaves.SlaveComputer tryReconnect
INFO: Attempting to reconnect RS_build_test_hpia64_repqahpia5
Aug 9, 2015 5:21:08 PM hudson.slaves.SlaveComputer tryReconnect
INFO: Attempting to reconnect RS_build_sunx64_asekernal6
Aug 9, 2015 5:21:08 PM hudson.slaves.SlaveComputer tryReconnect
INFO: Attempting to reconnect RS_build_sunx64_augusta
Aug 9, 2015 5:34:08 PM hudson.slaves.SlaveComputer tryReconnect
INFO: Attempting to reconnect RS_build_test_sunsparc64_whitney
Aug 9, 2015 5:41:08 PM hudson.slaves.SlaveComputer tryReconnect
INFO: Attempting to reconnect Installer_ibmplinux64_elevon
Aug 9, 2015 5:41:08 PM hudson.slaves.SlaveComputer tryReconnect
INFO: Attempting to reconnect RS_build_test_hpia64_repqahpia1
Aug 9, 2015 5:41:08 PM hudson.slaves.SlaveComputer tryReconnect
INFO: Attempting to reconnect RS_build_test_hpia64_repqahpia5
Aug 9, 2015 5:43:08 PM hudson.slaves.SlaveComputer tryReconnect
INFO: Attempting to reconnect RS_build_sunx64_asekernal6
Aug 9, 2015 5:43:08 PM hudson.slaves.SlaveComputer tryReconnect
INFO: Attempting to reconnect RS_build_sunx64_augusta
Aug 9, 2015 5:55:08 PM hudson.slaves.SlaveComputer tryReconnect
INFO: Attempting to reconnect RS_build_test_sunsparc64_whitney
Aug 9, 2015 6:03:08 PM hudson.slaves.SlaveComputer tryReconnect
INFO: Attempting to reconnect Installer_ibmplinux64_elevon
Aug 9, 2015 6:03:08 PM hudson.slaves.SlaveComputer tryReconnect
INFO: Attempting to reconnect RS_build_test_hpia64_repqahpia1
Aug 9, 2015 6:03:08 PM hudson.slaves.SlaveComputer tryReconnect
INFO: Attempting to reconnect RS_build_test_hpia64_repqahpia5
Aug 9, 2015 6:05:08 PM hudson.slaves.SlaveComputer tryReconnect
INFO: Attempting to reconnect RS_build_sunx64_asekernal6
Aug 9, 2015 6:05:08 PM hudson.slaves.SlaveComputer tryReconnect
INFO: Attempting to reconnect RS_build_sunx64_augusta
Aug 9, 2015 6:07:11 PM hudson.node_monitors.ResponseTimeMonitor$1 monitor
WARNING: Making RS_build_sunx64_augusta offline because it’s not responding
Aug 9, 2015 6:07:11 PM hudson.node_monitors.ResponseTimeMonitor$1 monitor
WARNING: Making RS_build_test_sunsparc64_whitney offline because it’s not responding
Aug 9, 2015 6:07:11 PM hudson.node_monitors.ResponseTimeMonitor$1 monitor
WARNING: Making RS_build_test_hpia64_repqahpia1 offline because it’s not responding
Aug 9, 2015 6:07:11 PM hudson.node_monitors.ResponseTimeMonitor$1 monitor
WARNING: Making RS_build_test_hpia64_repqahpia5 offline because it’s not responding
Aug 9, 2015 6:07:11 PM hudson.node_monitors.ResponseTimeMonitor$1 monitor
WARNING: Making RS_build_sunx64_asekernal6 offline because it’s not responding
Aug 9, 2015 6:07:11 PM hudson.node_monitors.ResponseTimeMonitor$1 monitor
WARNING: Making Installer_ibmplinux64_elevon offline because it’s not responding
Aug 9, 2015 6:18:08 PM hudson.slaves.SlaveComputer tryReconnect
INFO: Attempting to reconnect RS_build_test_sunsparc64_whitney
Aug 9, 2015 6:26:08 PM hudson.slaves.SlaveComputer tryReconnect
INFO: Attempting to reconnect Installer_ibmplinux64_elevon
Aug 9, 2015 6:26:08 PM hudson.slaves.SlaveComputer tryReconnect
INFO: Attempting to reconnect RS_build_test_hpia64_repqahpia1
Aug 9, 2015 6:26:08 PM hudson.slaves.SlaveComputer tryReconnect
INFO: Attempting to reconnect RS_build_test_hpia64_repqahpia5
Aug 9, 2015 6:28:08 PM hudson.slaves.SlaveComputer tryReconnect
INFO: Attempting to reconnect RS_build_sunx64_asekernal6
Aug 9, 2015 6:28:08 PM hudson.slaves.SlaveComputer tryReconnect
INFO: Attempting to reconnect RS_build_sunx64_augusta
Aug 9, 2015 6:41:08 PM hudson.slaves.SlaveComputer tryReconnect
INFO: Attempting to reconnect RS_build_test_sunsparc64_whitney
Aug 9, 2015 6:48:08 PM hudson.slaves.SlaveComputer tryReconnect
INFO: Attempting to reconnect Installer_ibmplinux64_elevon
Aug 9, 2015 6:48:09 PM hudson.slaves.SlaveComputer tryReconnect
INFO: Attempting to reconnect RS_build_test_hpia64_repqahpia1
Aug 9, 2015 6:48:09 PM hudson.slaves.SlaveComputer tryReconnect
INFO: Attempting to reconnect RS_build_test_hpia64_repqahpia5
Aug 9, 2015 6:50:08 PM hudson.slaves.SlaveComputer tryReconnect
INFO: Attempting to reconnect RS_build_sunx64_asekernal6
Aug 9, 2015 6:50:09 PM hudson.slaves.SlaveComputer tryReconnect
INFO: Attempting to reconnect RS_build_sunx64_augusta
Aug 9, 2015 7:03:08 PM hudson.slaves.SlaveComputer tryReconnect
INFO: Attempting to reconnect RS_build_test_sunsparc64_whitney
Aug 9, 2015 7:07:10 PM hudson.node_monitors.ResponseTimeMonitor$1 monitor
WARNING: Making RS_build_sunx64_augusta offline because it’s not responding
Aug 9, 2015 7:07:10 PM hudson.node_monitors.ResponseTimeMonitor$1 monitor
WARNING: Making RS_build_test_sunsparc64_whitney offline because it’s not responding
Aug 9, 2015 7:07:10 PM hudson.node_monitors.ResponseTimeMonitor$1 monitor
WARNING: Making RS_build_test_hpia64_repqahpia1 offline because it’s not responding
Aug 9, 2015 7:07:10 PM hudson.node_monitors.ResponseTimeMonitor$1 monitor
WARNING: Making RS_build_test_hpia64_repqahpia5 offline because it’s not responding
Aug 9, 2015 7:07:10 PM hudson.node_monitors.ResponseTimeMonitor$1 monitor
WARNING: Making RS_build_sunx64_asekernal6 offline because it’s not responding
Aug 9, 2015 7:07:10 PM hudson.node_monitors.ResponseTimeMonitor$1 monitor
WARNING: Making Installer_ibmplinux64_elevon offline because it’s not responding
Aug 9, 2015 7:10:08 PM hudson.slaves.SlaveComputer tryReconnect
INFO: Attempting to reconnect Installer_ibmplinux64_elevon
Aug 9, 2015 7:10:09 PM hudson.slaves.SlaveComputer tryReconnect
INFO: Attempting to reconnect RS_build_test_hpia64_repqahpia1
Aug 9, 2015 7:10:09 PM hudson.slaves.SlaveComputer tryReconnect
INFO: Attempting to reconnect RS_build_test_hpia64_repqahpia5
Aug 9, 2015 7:12:08 PM hudson.slaves.SlaveComputer tryReconnect
INFO: Attempting to reconnect RS_build_sunx64_asekernal6
Aug 9, 2015 7:12:09 PM hudson.slaves.SlaveComputer tryReconnect
INFO: Attempting to reconnect RS_build_sunx64_augusta
Aug 9, 2015 7:25:08 PM hudson.slaves.SlaveComputer tryReconnect
INFO: Attempting to reconnect RS_build_test_sunsparc64_whitney
Aug 9, 2015 7:32:08 PM hudson.slaves.SlaveComputer tryReconnect
INFO: Attempting to reconnect Installer_ibmplinux64_elevon
Aug 9, 2015 7:32:09 PM hudson.slaves.SlaveComputer tryReconnect
INFO: Attempting to reconnect RS_build_test_hpia64_repqahpia1
Aug 9, 2015 7:32:09 PM hudson.slaves.SlaveComputer tryReconnect
INFO: Attempting to reconnect RS_build_test_hpia64_repqahpia5
Aug 9, 2015 7:34:08 PM hudson.slaves.SlaveComputer tryReconnect
INFO: Attempting to reconnect RS_build_sunx64_asekernal6
Aug 9, 2015 7:34:09 PM hudson.slaves.SlaveComputer tryReconnect
INFO: Attempting to reconnect RS_build_sunx64_augusta
Aug 9, 2015 7:47:08 PM hudson.slaves.SlaveComputer tryReconnect
INFO: Attempting to reconnect RS_build_test_sunsparc64_whitney
Aug 9, 2015 7:54:08 PM hudson.slaves.SlaveComputer tryReconnect
INFO: Attempting to reconnect Installer_ibmplinux64_elevon
Aug 9, 2015 7:54:08 PM hudson.slaves.SlaveComputer tryReconnect
INFO: Attempting to reconnect RS_build_test_hpia64_repqahpia1
Aug 9, 2015 7:54:08 PM hudson.slaves.SlaveComputer tryReconnect
INFO: Attempting to reconnect RS_build_test_hpia64_repqahpia5
Aug 9, 2015 7:56:08 PM hudson.slaves.SlaveComputer tryReconnect
INFO: Attempting to reconnect RS_build_sunx64_asekernal6
Aug 9, 2015 7:56:08 PM hudson.slaves.SlaveComputer tryReconnect
INFO: Attempting to reconnect RS_build_sunx64_augusta
Aug 9, 2015 8:07:10 PM hudson.node_monitors.ResponseTimeMonitor$1 monitor
WARNING: Making RS_build_sunx64_augusta offline because it’s not responding
Aug 9, 2015 8:07:11 PM hudson.node_monitors.ResponseTimeMonitor$1 monitor
WARNING: Making RS_build_test_sunsparc64_whitney offline because it’s not responding
Aug 9, 2015 8:07:11 PM hudson.node_monitors.ResponseTimeMonitor$1 monitor
WARNING: Making RS_build_test_hpia64_repqahpia1 offline because it’s not responding
Aug 9, 2015 8:07:11 PM hudson.node_monitors.ResponseTimeMonitor$1 monitor
WARNING: Making RS_build_test_hpia64_repqahpia5 offline because it’s not responding
Aug 9, 2015 8:07:11 PM hudson.node_monitors.ResponseTimeMonitor$1 monitor
WARNING: Making RS_build_sunx64_asekernal6 offline because it’s not responding
Aug 9, 2015 8:07:11 PM hudson.node_monitors.ResponseTimeMonitor$1 monitor
WARNING: Making Installer_ibmplinux64_elevon offline because it’s not responding
Aug 9, 2015 8:09:08 PM hudson.slaves.SlaveComputer tryReconnect
INFO: Attempting to reconnect RS_build_test_sunsparc64_whitney
Aug 9, 2015 8:17:08 PM hudson.slaves.SlaveComputer tryReconnect
INFO: Attempting to reconnect Installer_ibmplinux64_elevon
Aug 9, 2015 8:17:08 PM hudson.slaves.SlaveComputer tryReconnect
INFO: Attempting to reconnect RS_build_test_hpia64_repqahpia1
Aug 9, 2015 8:17:08 PM hudson.slaves.SlaveComputer tryReconnect
INFO: Attempting to reconnect RS_build_test_hpia64_repqahpia5
Aug 9, 2015 8:19:08 PM hudson.slaves.SlaveComputer tryReconnect
INFO: Attempting to reconnect RS_build_sunx64_asekernal6
Aug 9, 2015 8:19:08 PM hudson.slaves.SlaveComputer tryReconnect
INFO: Attempting to reconnect RS_build_sunx64_augusta
Aug 9, 2015 8:33:08 PM hudson.slaves.SlaveComputer tryReconnect
INFO: Attempting to reconnect RS_build_test_sunsparc64_whitney
Aug 9, 2015 8:41:08 PM hudson.slaves.SlaveComputer tryReconnect
INFO: Attempting to reconnect Installer_ibmplinux64_elevon
Aug 9, 2015 8:41:08 PM hudson.slaves.SlaveComputer tryReconnect
INFO: Attempting to reconnect RS_build_test_hpia64_repqahpia1
Aug 9, 2015 8:41:08 PM hudson.slaves.SlaveComputer tryReconnect
INFO: Attempting to reconnect RS_build_test_hpia64_repqahpia5
Aug 9, 2015 8:43:08 PM hudson.slaves.SlaveComputer tryReconnect
INFO: Attempting to reconnect RS_build_sunx64_asekernal6
Aug 9, 2015 8:43:08 PM hudson.slaves.SlaveComputer tryReconnect
INFO: Attempting to reconnect RS_build_sunx64_augusta
Aug 9, 2015 8:56:08 PM hudson.slaves.SlaveComputer tryReconnect
INFO: Attempting to reconnect RS_build_test_sunsparc64_whitney
Aug 9, 2015 9:04:08 PM hudson.slaves.SlaveComputer tryReconnect
INFO: Attempting to reconnect Installer_ibmplinux64_elevon
Aug 9, 2015 9:04:08 PM hudson.slaves.SlaveComputer tryReconnect
INFO: Attempting to reconnect RS_build_test_hpia64_repqahpia1
Aug 9, 2015 9:04:08 PM hudson.slaves.SlaveComputer tryReconnect
INFO: Attempting to reconnect RS_build_test_hpia64_repqahpia5
Aug 9, 2015 9:06:08 PM hudson.slaves.SlaveComputer tryReconnect
INFO: Attempting to reconnect RS_build_sunx64_asekernal6
Aug 9, 2015 9:06:08 PM hudson.slaves.SlaveComputer tryReconnect
INFO: Attempting to reconnect RS_build_sunx64_augusta
Aug 9, 2015 9:07:10 PM hudson.node_monitors.ResponseTimeMonitor$1 monitor
WARNING: Making RS_build_sunx64_augusta offline because it’s not responding
Aug 9, 2015 9:07:10 PM hudson.node_monitors.ResponseTimeMonitor$1 monitor
WARNING: Making RS_build_test_sunsparc64_whitney offline because it’s not responding
Aug 9, 2015 9:07:10 PM hudson.node_monitors.ResponseTimeMonitor$1 monitor
WARNING: Making RS_build_test_hpia64_repqahpia1 offline because it’s not responding
Aug 9, 2015 9:07:10 PM hudson.node_monitors.ResponseTimeMonitor$1 monitor
WARNING: Making RS_build_test_hpia64_repqahpia5 offline because it’s not responding
Aug 9, 2015 9:07:10 PM hudson.node_monitors.ResponseTimeMonitor$1 monitor
WARNING: Making RS_build_sunx64_asekernal6 offline because it’s not responding
Aug 9, 2015 9:07:10 PM hudson.node_monitors.ResponseTimeMonitor$1 monitor
WARNING: Making Installer_ibmplinux64_elevon offline because it’s not responding
Aug 9, 2015 9:19:08 PM hudson.slaves.SlaveComputer tryReconnect
INFO: Attempting to reconnect RS_build_test_sunsparc64_whitney
Aug 9, 2015 9:27:08 PM hudson.slaves.SlaveComputer tryReconnect
INFO: Attempting to reconnect Installer_ibmplinux64_elevon
Aug 9, 2015 9:27:08 PM hudson.slaves.SlaveComputer tryReconnect
INFO: Attempting to reconnect RS_build_test_hpia64_repqahpia1
Aug 9, 2015 9:27:08 PM hudson.slaves.SlaveComputer tryReconnect
INFO: Attempting to reconnect RS_build_test_hpia64_repqahpia5
Aug 9, 2015 9:29:08 PM hudson.slaves.SlaveComputer tryReconnect
INFO: Attempting to reconnect RS_build_sunx64_asekernal6
Aug 9, 2015 9:29:08 PM hudson.slaves.SlaveComputer tryReconnect
INFO: Attempting to reconnect RS_build_sunx64_augusta
Aug 9, 2015 9:42:08 PM hudson.slaves.SlaveComputer tryReconnect
INFO: Attempting to reconnect RS_build_test_sunsparc64_whitney
Aug 9, 2015 9:49:08 PM hudson.slaves.SlaveComputer tryReconnect
INFO: Attempting to reconnect Installer_ibmplinux64_elevon
Aug 9, 2015 9:49:08 PM hudson.slaves.SlaveComputer tryReconnect
INFO: Attempting to reconnect RS_build_test_hpia64_repqahpia1
Aug 9, 2015 9:49:08 PM hudson.slaves.SlaveComputer tryReconnect
INFO: Attempting to reconnect RS_build_test_hpia64_repqahpia5
Aug 9, 2015 9:51:08 PM hudson.slaves.SlaveComputer tryReconnect
INFO: Attempting to reconnect RS_build_sunx64_asekernal6
Aug 9, 2015 9:51:08 PM hudson.slaves.SlaveComputer tryReconnect
INFO: Attempting to reconnect RS_build_sunx64_augusta
Aug 9, 2015 10:04:08 PM hudson.slaves.SlaveComputer tryReconnect
INFO: Attempting to reconnect RS_build_test_sunsparc64_whitney
Aug 9, 2015 10:07:10 PM hudson.node_monitors.ResponseTimeMonitor$1 monitor
WARNING: Making RS_build_sunx64_augusta offline because it’s not responding
Aug 9, 2015 10:07:10 PM hudson.node_monitors.ResponseTimeMonitor$1 monitor
WARNING: Making RS_build_test_sunsparc64_whitney offline because it’s not responding
Aug 9, 2015 10:07:10 PM hudson.node_monitors.ResponseTimeMonitor$1 monitor
WARNING: Making RS_build_test_hpia64_repqahpia1 offline because it’s not responding
Aug 9, 2015 10:07:10 PM hudson.node_monitors.ResponseTimeMonitor$1 monitor
WARNING: Making RS_build_test_hpia64_repqahpia5 offline because it’s not responding
Aug 9, 2015 10:07:10 PM hudson.node_monitors.ResponseTimeMonitor$1 monitor
WARNING: Making RS_build_sunx64_asekernal6 offline because it’s not responding
Aug 9, 2015 10:07:10 PM hudson.node_monitors.ResponseTimeMonitor$1 monitor
WARNING: Making Installer_ibmplinux64_elevon offline because it’s not responding
Aug 9, 2015 10:12:08 PM hudson.slaves.SlaveComputer tryReconnect
INFO: Attempting to reconnect Installer_ibmplinux64_elevon
Aug 9, 2015 10:12:08 PM hudson.slaves.SlaveComputer tryReconnect
INFO: Attempting to reconnect RS_build_test_hpia64_repqahpia1
Aug 9, 2015 10:12:08 PM hudson.slaves.SlaveComputer tryReconnect
INFO: Attempting to reconnect RS_build_test_hpia64_repqahpia5
Aug 9, 2015 10:12:14 PM hudson.remoting.SynchronousCommandTransport$ReaderThread run
SEVERE: I/O error in channel Installer_ibmplinux64_elevon
java.io.IOException: Unexpected termination of the channel
	at hudson.remoting.SynchronousCommandTransport$ReaderThread.run(SynchronousCommandTransport.java:50)
Caused by: java.io.EOFException
	at java.io.ObjectInputStream$PeekInputStream.readFully(ObjectInputStream.java:2297)
	at java.io.ObjectInputStream$BlockDataInputStream.readShort(ObjectInputStream.java:2766)
	at java.io.ObjectInputStream.readStreamHeader(ObjectInputStream.java:797)
	at java.io.ObjectInputStream.<init>(ObjectInputStream.java:297)
	at hudson.remoting.ObjectInputStreamEx.<init>(ObjectInputStreamEx.java:40)
	at hudson.remoting.AbstractSynchronousByteArrayCommandTransport.read(AbstractSynchronousByteArrayCommandTransport.java:34)
	at hudson.remoting.SynchronousCommandTransport$ReaderThread.run(SynchronousCommandTransport.java:48)
Aug 9, 2015 10:14:08 PM hudson.slaves.SlaveComputer tryReconnect
INFO: Attempting to reconnect RS_build_sunx64_asekernal6
Aug 9, 2015 10:14:08 PM hudson.slaves.SlaveComputer tryReconnect
INFO: Attempting to reconnect RS_build_sunx64_augusta
Aug 9, 2015 10:26:08 PM hudson.slaves.SlaveComputer tryReconnect
INFO: Attempting to reconnect RS_build_test_sunsparc64_whitney
Aug 9, 2015 10:34:08 PM hudson.slaves.SlaveComputer tryReconnect
INFO: Attempting to reconnect Installer_ibmplinux64_elevon
Aug 9, 2015 10:34:08 PM hudson.slaves.SlaveComputer tryReconnect
INFO: Attempting to reconnect RS_build_test_hpia64_repqahpia1
Aug 9, 2015 10:34:08 PM hudson.slaves.SlaveComputer tryReconnect
INFO: Attempting to reconnect RS_build_test_hpia64_repqahpia5
Aug 9, 2015 10:36:08 PM hudson.slaves.SlaveComputer tryReconnect
INFO: Attempting to reconnect RS_build_sunx64_asekernal6
Aug 9, 2015 10:36:08 PM hudson.slaves.SlaveComputer tryReconnect
INFO: Attempting to reconnect RS_build_sunx64_augusta
Aug 9, 2015 10:43:55 PM hudson.model.AsyncPeriodicWork$1 run
INFO: Started Workspace clean-up
Aug 9, 2015 10:44:53 PM hudson.model.AsyncPeriodicWork$1 run
INFO: Finished Workspace clean-up. 58,690 ms
Aug 9, 2015 10:49:08 PM hudson.slaves.SlaveComputer tryReconnect
INFO: Attempting to reconnect RS_build_test_sunsparc64_whitney
Aug 9, 2015 10:54:54 PM hudson.model.AsyncPeriodicWork$1 run
INFO: Started Download metadata
Aug 9, 2015 10:54:54 PM hudson.model.AsyncPeriodicWork$1 run
INFO: Finished Download metadata. 15 ms
Aug 9, 2015 10:57:08 PM hudson.slaves.SlaveComputer tryReconnect
INFO: Attempting to reconnect Installer_ibmplinux64_elevon
Aug 9, 2015 10:57:08 PM hudson.slaves.SlaveComputer tryReconnect
INFO: Attempting to reconnect RS_build_test_hpia64_repqahpia1
Aug 9, 2015 10:57:08 PM hudson.slaves.SlaveComputer tryReconnect
INFO: Attempting to reconnect RS_build_test_hpia64_repqahpia5
Aug 9, 2015 10:59:08 PM hudson.slaves.SlaveComputer tryReconnect
INFO: Attempting to reconnect RS_build_sunx64_asekernal6
Aug 9, 2015 10:59:08 PM hudson.slaves.SlaveComputer tryReconnect
INFO: Attempting to reconnect RS_build_sunx64_augusta
Aug 9, 2015 11:07:10 PM hudson.node_monitors.ResponseTimeMonitor$1 monitor
WARNING: Making RS_build_sunx64_augusta offline because it’s not responding
Aug 9, 2015 11:07:10 PM hudson.node_monitors.ResponseTimeMonitor$1 monitor
WARNING: Making RS_build_test_sunsparc64_whitney offline because it’s not responding
Aug 9, 2015 11:07:10 PM hudson.node_monitors.ResponseTimeMonitor$1 monitor
WARNING: Making RS_build_test_hpia64_repqahpia1 offline because it’s not responding
Aug 9, 2015 11:07:10 PM hudson.node_monitors.ResponseTimeMonitor$1 monitor
WARNING: Making RS_build_test_hpia64_repqahpia5 offline because it’s not responding
Aug 9, 2015 11:07:10 PM hudson.node_monitors.ResponseTimeMonitor$1 monitor
WARNING: Making RS_build_sunx64_asekernal6 offline because it’s not responding
Aug 9, 2015 11:07:10 PM hudson.node_monitors.ResponseTimeMonitor$1 monitor
WARNING: Making Installer_ibmplinux64_elevon offline because it’s not responding
Aug 9, 2015 11:12:08 PM hudson.slaves.SlaveComputer tryReconnect
INFO: Attempting to reconnect RS_build_test_sunsparc64_whitney
Aug 9, 2015 11:19:08 PM hudson.slaves.SlaveComputer tryReconnect
INFO: Attempting to reconnect Installer_ibmplinux64_elevon
Aug 9, 2015 11:19:08 PM hudson.slaves.SlaveComputer tryReconnect
INFO: Attempting to reconnect RS_build_test_hpia64_repqahpia1
Aug 9, 2015 11:19:08 PM hudson.slaves.SlaveComputer tryReconnect
INFO: Attempting to reconnect RS_build_test_hpia64_repqahpia5
Aug 9, 2015 11:21:08 PM hudson.slaves.SlaveComputer tryReconnect
INFO: Attempting to reconnect RS_build_sunx64_asekernal6
Aug 9, 2015 11:21:08 PM hudson.slaves.SlaveComputer tryReconnect
INFO: Attempting to reconnect RS_build_sunx64_augusta
Aug 9, 2015 11:33:08 PM hudson.slaves.SlaveComputer tryReconnect
INFO: Attempting to reconnect RS_build_test_sunsparc64_whitney
Aug 9, 2015 11:40:08 PM hudson.slaves.SlaveComputer tryReconnect
INFO: Attempting to reconnect Installer_ibmplinux64_elevon
Aug 9, 2015 11:40:08 PM hudson.slaves.SlaveComputer tryReconnect
INFO: Attempting to reconnect RS_build_test_hpia64_repqahpia1
Aug 9, 2015 11:40:08 PM hudson.slaves.SlaveComputer tryReconnect
INFO: Attempting to reconnect RS_build_test_hpia64_repqahpia5
Aug 9, 2015 11:42:08 PM hudson.slaves.SlaveComputer tryReconnect
INFO: Attempting to reconnect RS_build_sunx64_asekernal6
Aug 9, 2015 11:45:08 PM hudson.slaves.SlaveComputer tryReconnect
INFO: Attempting to reconnect RS_build_sunx64_augusta
Aug 9, 2015 11:54:08 PM hudson.slaves.SlaveComputer tryReconnect
INFO: Attempting to reconnect RS_build_test_sunsparc64_whitney
