Aug 21, 2017 12:09:34 AM hudson.slaves.SlaveComputer tryReconnect
INFO: Attempting to reconnect ase_test_txue
Aug 21, 2017 12:09:51 AM hudson.node_monitors.ResponseTimeMonitor$1 monitor
WARNING: Making NT_MONSOON offline because it?s not responding
Aug 21, 2017 12:09:51 AM hudson.node_monitors.ResponseTimeMonitor$1 monitor
WARNING: Making ase_test_txue offline because it?s not responding
Aug 21, 2017 12:31:34 AM hudson.slaves.SlaveComputer tryReconnect
INFO: Attempting to reconnect ase_test_txue
Aug 21, 2017 12:54:34 AM hudson.slaves.SlaveComputer tryReconnect
INFO: Attempting to reconnect ase_test_txue
Aug 21, 2017 1:09:51 AM hudson.node_monitors.ResponseTimeMonitor$1 monitor
WARNING: Making NT_MONSOON offline because it?s not responding
Aug 21, 2017 1:09:51 AM hudson.node_monitors.ResponseTimeMonitor$1 monitor
WARNING: Making ase_test_txue offline because it?s not responding
Aug 21, 2017 1:14:34 AM hudson.slaves.SlaveComputer tryReconnect
INFO: Attempting to reconnect ase_test_txue
Aug 21, 2017 1:36:34 AM hudson.slaves.SlaveComputer tryReconnect
INFO: Attempting to reconnect ase_test_txue
Aug 21, 2017 1:58:34 AM hudson.slaves.SlaveComputer tryReconnect
INFO: Attempting to reconnect ase_test_txue
Aug 21, 2017 2:09:51 AM hudson.node_monitors.ResponseTimeMonitor$1 monitor
WARNING: Making NT_MONSOON offline because it?s not responding
Aug 21, 2017 2:09:51 AM hudson.node_monitors.ResponseTimeMonitor$1 monitor
WARNING: Making ase_test_txue offline because it?s not responding
Aug 21, 2017 2:21:34 AM hudson.slaves.SlaveComputer tryReconnect
INFO: Attempting to reconnect ase_test_txue
Aug 21, 2017 2:43:34 AM hudson.slaves.SlaveComputer tryReconnect
INFO: Attempting to reconnect ase_test_txue
Aug 21, 2017 3:05:34 AM hudson.slaves.SlaveComputer tryReconnect
INFO: Attempting to reconnect ase_test_txue
Aug 21, 2017 3:09:51 AM hudson.node_monitors.ResponseTimeMonitor$1 monitor
WARNING: Making NT_MONSOON offline because it?s not responding
Aug 21, 2017 3:09:51 AM hudson.node_monitors.ResponseTimeMonitor$1 monitor
WARNING: Making ase_test_txue offline because it?s not responding
Aug 21, 2017 3:27:34 AM hudson.slaves.SlaveComputer tryReconnect
INFO: Attempting to reconnect ase_test_txue
Aug 21, 2017 3:49:34 AM hudson.slaves.SlaveComputer tryReconnect
INFO: Attempting to reconnect ase_test_txue
Aug 21, 2017 4:09:51 AM hudson.node_monitors.ResponseTimeMonitor$1 monitor
WARNING: Making NT_MONSOON offline because it?s not responding
Aug 21, 2017 4:09:51 AM hudson.node_monitors.ResponseTimeMonitor$1 monitor
WARNING: Making ase_test_txue offline because it?s not responding
Aug 21, 2017 4:12:34 AM hudson.model.Run execute
INFO: SP307_SRS_DAILY_BUILD_INTEGRATION #162 main build action completed: SUCCESS
Aug 21, 2017 4:12:34 AM hudson.slaves.SlaveComputer tryReconnect
INFO: Attempting to reconnect ase_test_txue
Aug 21, 2017 4:24:39 AM hudson.model.Run execute
INFO: SRS_DROP_TEST_FOR_ASE_SP307 #164 main build action completed: SUCCESS
Aug 21, 2017 4:24:40 AM hudson.model.Run execute
INFO: SP307_SRS_DAILY_BUILD_AND_DROP_TO_ASE #114 main build action completed: SUCCESS
Aug 21, 2017 4:35:34 AM hudson.slaves.SlaveComputer tryReconnect
INFO: Attempting to reconnect ase_test_txue
Aug 21, 2017 4:57:34 AM hudson.slaves.SlaveComputer tryReconnect
INFO: Attempting to reconnect ase_test_txue
Aug 21, 2017 5:09:51 AM hudson.node_monitors.ResponseTimeMonitor$1 monitor
WARNING: Making NT_MONSOON offline because it?s not responding
Aug 21, 2017 5:09:51 AM hudson.node_monitors.ResponseTimeMonitor$1 monitor
WARNING: Making ase_test_txue offline because it?s not responding
Aug 21, 2017 5:19:34 AM hudson.slaves.SlaveComputer tryReconnect
INFO: Attempting to reconnect ase_test_txue
Aug 21, 2017 5:41:34 AM hudson.slaves.SlaveComputer tryReconnect
INFO: Attempting to reconnect ase_test_txue
Aug 21, 2017 6:04:34 AM hudson.slaves.SlaveComputer tryReconnect
INFO: Attempting to reconnect ase_test_txue
Aug 21, 2017 6:09:51 AM hudson.node_monitors.ResponseTimeMonitor$1 monitor
WARNING: Making NT_MONSOON offline because it?s not responding
Aug 21, 2017 6:09:51 AM hudson.node_monitors.ResponseTimeMonitor$1 monitor
WARNING: Making ase_test_txue offline because it?s not responding
Aug 21, 2017 6:26:34 AM hudson.slaves.SlaveComputer tryReconnect
INFO: Attempting to reconnect ase_test_txue
Aug 21, 2017 6:49:34 AM hudson.slaves.SlaveComputer tryReconnect
INFO: Attempting to reconnect ase_test_txue
Aug 21, 2017 7:09:51 AM hudson.node_monitors.ResponseTimeMonitor$1 monitor
WARNING: Making NT_MONSOON offline because it?s not responding
Aug 21, 2017 7:09:51 AM hudson.node_monitors.ResponseTimeMonitor$1 monitor
WARNING: Making ase_test_txue offline because it?s not responding
Aug 21, 2017 7:12:34 AM hudson.slaves.SlaveComputer tryReconnect
INFO: Attempting to reconnect ase_test_txue
Aug 21, 2017 7:34:34 AM hudson.slaves.SlaveComputer tryReconnect
INFO: Attempting to reconnect ase_test_txue
Aug 21, 2017 7:56:34 AM hudson.slaves.SlaveComputer tryReconnect
INFO: Attempting to reconnect ase_test_txue
Aug 21, 2017 8:02:45 AM hudson.model.AsyncPeriodicWork$1 run
INFO: Started Download metadata
Aug 21, 2017 8:02:55 AM hudson.model.UpdateSite updateData
INFO: Obtained the latest update center data file for UpdateSource default
Aug 21, 2017 8:02:57 AM hudson.model.AsyncPeriodicWork$1 run
INFO: Finished Download metadata. 12,089 ms
Aug 21, 2017 8:09:51 AM hudson.node_monitors.ResponseTimeMonitor$1 monitor
WARNING: Making NT_MONSOON offline because it?s not responding
Aug 21, 2017 8:09:51 AM hudson.node_monitors.ResponseTimeMonitor$1 monitor
WARNING: Making ase_test_txue offline because it?s not responding
Aug 21, 2017 8:18:34 AM hudson.slaves.SlaveComputer tryReconnect
INFO: Attempting to reconnect ase_test_txue
Aug 21, 2017 8:41:34 AM hudson.slaves.SlaveComputer tryReconnect
INFO: Attempting to reconnect ase_test_txue
Aug 21, 2017 9:03:34 AM hudson.slaves.SlaveComputer tryReconnect
INFO: Attempting to reconnect ase_test_txue
Aug 21, 2017 9:09:52 AM hudson.node_monitors.ResponseTimeMonitor$1 monitor
WARNING: Making NT_MONSOON offline because it?s not responding
Aug 21, 2017 9:09:52 AM hudson.node_monitors.ResponseTimeMonitor$1 monitor
WARNING: Making ase_test_txue offline because it?s not responding
Aug 21, 2017 9:11:39 AM hudson.model.Run execute
INFO: SRS_RMA_BUILD_TRIGGER_BY_RMADEV_160SP03 #246 main build action completed: FAILURE
Aug 21, 2017 9:25:34 AM hudson.slaves.SlaveComputer tryReconnect
INFO: Attempting to reconnect ase_test_txue
Aug 21, 2017 9:25:56 AM hudson.model.Run execute
INFO: SRS_RMA_BUILD_TRIGGER_BY_RMADEV_160SP03PL02 #40 main build action completed: SUCCESS
Aug 21, 2017 9:47:34 AM hudson.slaves.SlaveComputer tryReconnect
INFO: Attempting to reconnect ase_test_txue
Aug 21, 2017 10:08:34 AM hudson.slaves.SlaveComputer tryReconnect
INFO: Attempting to reconnect ase_test_txue
Aug 21, 2017 10:09:51 AM hudson.node_monitors.ResponseTimeMonitor$1 monitor
WARNING: Making NT_MONSOON offline because it?s not responding
Aug 21, 2017 10:09:51 AM hudson.node_monitors.ResponseTimeMonitor$1 monitor
WARNING: Making ase_test_txue offline because it?s not responding
Aug 21, 2017 10:30:34 AM hudson.slaves.SlaveComputer tryReconnect
INFO: Attempting to reconnect ase_test_txue
Aug 21, 2017 10:52:34 AM hudson.slaves.SlaveComputer tryReconnect
INFO: Attempting to reconnect ase_test_txue
Aug 21, 2017 11:09:51 AM hudson.node_monitors.ResponseTimeMonitor$1 monitor
WARNING: Making NT_MONSOON offline because it?s not responding
Aug 21, 2017 11:09:51 AM hudson.node_monitors.ResponseTimeMonitor$1 monitor
WARNING: Making ase_test_txue offline because it?s not responding
Aug 21, 2017 11:14:34 AM hudson.slaves.SlaveComputer tryReconnect
INFO: Attempting to reconnect ase_test_txue
Aug 21, 2017 11:31:15 AM hudson.model.AsyncPeriodicWork$1 run
INFO: Started Fingerprint cleanup
Aug 21, 2017 11:31:15 AM hudson.model.AsyncPeriodicWork$1 run
INFO: Finished Fingerprint cleanup. 0 ms
Aug 21, 2017 11:36:34 AM hudson.slaves.SlaveComputer tryReconnect
INFO: Attempting to reconnect ase_test_txue
Aug 21, 2017 11:58:34 AM hudson.slaves.SlaveComputer tryReconnect
INFO: Attempting to reconnect ase_test_txue
Aug 21, 2017 12:09:51 PM hudson.node_monitors.ResponseTimeMonitor$1 monitor
WARNING: Making NT_MONSOON offline because it?s not responding
Aug 21, 2017 12:09:51 PM hudson.node_monitors.ResponseTimeMonitor$1 monitor
WARNING: Making ase_test_txue offline because it?s not responding
Aug 21, 2017 12:22:34 PM hudson.slaves.SlaveComputer tryReconnect
INFO: Attempting to reconnect ase_test_txue
Aug 21, 2017 12:44:34 PM hudson.slaves.SlaveComputer tryReconnect
INFO: Attempting to reconnect ase_test_txue
Aug 21, 2017 1:06:34 PM hudson.slaves.SlaveComputer tryReconnect
INFO: Attempting to reconnect ase_test_txue
Aug 21, 2017 1:09:51 PM hudson.node_monitors.ResponseTimeMonitor$1 monitor
WARNING: Making NT_MONSOON offline because it?s not responding
Aug 21, 2017 1:09:51 PM hudson.node_monitors.ResponseTimeMonitor$1 monitor
WARNING: Making ase_test_txue offline because it?s not responding
Aug 21, 2017 1:29:34 PM hudson.slaves.SlaveComputer tryReconnect
INFO: Attempting to reconnect ase_test_txue
Aug 21, 2017 1:51:34 PM hudson.slaves.SlaveComputer tryReconnect
INFO: Attempting to reconnect ase_test_txue
Aug 21, 2017 2:09:51 PM hudson.node_monitors.ResponseTimeMonitor$1 monitor
WARNING: Making NT_MONSOON offline because it?s not responding
Aug 21, 2017 2:09:51 PM hudson.node_monitors.ResponseTimeMonitor$1 monitor
WARNING: Making ase_test_txue offline because it?s not responding
Aug 21, 2017 2:13:34 PM hudson.slaves.SlaveComputer tryReconnect
INFO: Attempting to reconnect ase_test_txue
Aug 21, 2017 2:16:37 PM hudson.model.Run execute
INFO: 160SP03PL02_SRS_DAILY_BUILD_INTEGRATION #59 main build action completed: SUCCESS
Aug 21, 2017 2:29:06 PM hudson.model.Run execute
INFO: SRS_DROP_TEST_FOR_ASE_SP03PL02 #50 main build action completed: SUCCESS
Aug 21, 2017 2:29:07 PM hudson.model.Run execute
INFO: 160SP03PL02_SRS_DAILY_BUILD_AND_DROP_TO_ASE #58 main build action completed: SUCCESS
Aug 21, 2017 2:35:34 PM hudson.slaves.SlaveComputer tryReconnect
INFO: Attempting to reconnect ase_test_txue
Aug 21, 2017 2:57:34 PM hudson.slaves.SlaveComputer tryReconnect
INFO: Attempting to reconnect ase_test_txue
Aug 21, 2017 3:09:51 PM hudson.node_monitors.ResponseTimeMonitor$1 monitor
WARNING: Making NT_MONSOON offline because it?s not responding
Aug 21, 2017 3:09:51 PM hudson.node_monitors.ResponseTimeMonitor$1 monitor
WARNING: Making ase_test_txue offline because it?s not responding
Aug 21, 2017 3:19:34 PM hudson.slaves.SlaveComputer tryReconnect
INFO: Attempting to reconnect ase_test_txue
Aug 21, 2017 3:42:34 PM hudson.slaves.SlaveComputer tryReconnect
INFO: Attempting to reconnect ase_test_txue
Aug 21, 2017 4:04:34 PM hudson.slaves.SlaveComputer tryReconnect
INFO: Attempting to reconnect ase_test_txue
Aug 21, 2017 4:08:11 PM hudson.model.AsyncPeriodicWork$1 run
INFO: Started Workspace clean-up
Aug 21, 2017 4:08:18 PM hudson.model.AsyncPeriodicWork$1 run
INFO: Finished Workspace clean-up. 6,353 ms
Aug 21, 2017 4:09:51 PM hudson.node_monitors.ResponseTimeMonitor$1 monitor
WARNING: Making NT_MONSOON offline because it?s not responding
Aug 21, 2017 4:09:51 PM hudson.node_monitors.ResponseTimeMonitor$1 monitor
WARNING: Making ase_test_txue offline because it?s not responding
Aug 21, 2017 4:28:34 PM hudson.slaves.SlaveComputer tryReconnect
INFO: Attempting to reconnect ase_test_txue
Aug 21, 2017 4:50:34 PM hudson.slaves.SlaveComputer tryReconnect
INFO: Attempting to reconnect ase_test_txue
Aug 21, 2017 5:09:51 PM hudson.node_monitors.ResponseTimeMonitor$1 monitor
WARNING: Making NT_MONSOON offline because it?s not responding
Aug 21, 2017 5:09:51 PM hudson.node_monitors.ResponseTimeMonitor$1 monitor
WARNING: Making ase_test_txue offline because it?s not responding
Aug 21, 2017 5:12:34 PM hudson.slaves.SlaveComputer tryReconnect
INFO: Attempting to reconnect ase_test_txue
Aug 21, 2017 5:34:34 PM hudson.slaves.SlaveComputer tryReconnect
INFO: Attempting to reconnect ase_test_txue
Aug 21, 2017 5:56:34 PM hudson.slaves.SlaveComputer tryReconnect
INFO: Attempting to reconnect ase_test_txue
Aug 21, 2017 5:56:45 PM hudson.model.Run execute
INFO: 160SP03PL02_SRS_DAILY_BUILD_INTEGRATION #60 main build action completed: SUCCESS
Aug 21, 2017 6:08:27 PM hudson.model.Run execute
INFO: SRS_DROP_TEST_FOR_ASE_SP03PL02 #51 main build action completed: SUCCESS
Aug 21, 2017 6:08:27 PM hudson.model.Run execute
INFO: 160SP03PL02_SRS_DAILY_BUILD_AND_DROP_TO_ASE #59 main build action completed: SUCCESS
Aug 21, 2017 6:09:51 PM hudson.node_monitors.ResponseTimeMonitor$1 monitor
WARNING: Making NT_MONSOON offline because it?s not responding
Aug 21, 2017 6:09:51 PM hudson.node_monitors.ResponseTimeMonitor$1 monitor
WARNING: Making ase_test_txue offline because it?s not responding
Aug 21, 2017 6:18:34 PM hudson.slaves.SlaveComputer tryReconnect
INFO: Attempting to reconnect ase_test_txue
Aug 21, 2017 6:41:34 PM hudson.slaves.SlaveComputer tryReconnect
INFO: Attempting to reconnect ase_test_txue
Aug 21, 2017 7:03:34 PM hudson.slaves.SlaveComputer tryReconnect
INFO: Attempting to reconnect ase_test_txue
Aug 21, 2017 7:06:38 PM hudson.model.Run execute
INFO: SRS_DROP_TEST_FOR_ASE_SP307 #165 main build action completed: SUCCESS
Aug 21, 2017 7:09:51 PM hudson.node_monitors.ResponseTimeMonitor$1 monitor
WARNING: Making NT_MONSOON offline because it?s not responding
Aug 21, 2017 7:09:51 PM hudson.node_monitors.ResponseTimeMonitor$1 monitor
WARNING: Making ase_test_txue offline because it?s not responding
Aug 21, 2017 7:09:53 PM org.kohsuke.stapler.RequestImpl$TypePair convertJSON
WARNING: 'stapler-class' is deprecated: hudson.tasks.Shell
Aug 21, 2017 7:10:21 PM hudson.model.Run execute
INFO: SRS_DROP_TEST_FOR_ASE_SP307 #166 main build action completed: SUCCESS
Aug 21, 2017 7:14:33 PM hudson.model.Run execute
INFO: SRS_DROP_TEST_FOR_ASE_SP307 #167 main build action completed: SUCCESS
Aug 21, 2017 7:15:16 PM org.kohsuke.stapler.RequestImpl$TypePair convertJSON
WARNING: 'stapler-class' is deprecated: hudson.tasks.Shell
Aug 21, 2017 7:25:34 PM hudson.slaves.SlaveComputer tryReconnect
INFO: Attempting to reconnect ase_test_txue
Aug 21, 2017 7:29:57 PM hudson.model.Run execute
INFO: SRS_DROP_TEST_FOR_ASE_SP307 #168 main build action completed: SUCCESS
Aug 21, 2017 7:47:34 PM hudson.slaves.SlaveComputer tryReconnect
INFO: Attempting to reconnect ase_test_txue
Aug 21, 2017 8:08:34 PM hudson.slaves.SlaveComputer tryReconnect
INFO: Attempting to reconnect ase_test_txue
Aug 21, 2017 8:09:51 PM hudson.node_monitors.ResponseTimeMonitor$1 monitor
WARNING: Making NT_MONSOON offline because it?s not responding
Aug 21, 2017 8:09:51 PM hudson.node_monitors.ResponseTimeMonitor$1 monitor
WARNING: Making ase_test_txue offline because it?s not responding
Aug 21, 2017 8:30:34 PM hudson.slaves.SlaveComputer tryReconnect
INFO: Attempting to reconnect ase_test_txue
Aug 21, 2017 8:51:34 PM hudson.slaves.SlaveComputer tryReconnect
INFO: Attempting to reconnect ase_test_txue
Aug 21, 2017 9:09:51 PM hudson.node_monitors.ResponseTimeMonitor$1 monitor
WARNING: Making NT_MONSOON offline because it?s not responding
Aug 21, 2017 9:09:51 PM hudson.node_monitors.ResponseTimeMonitor$1 monitor
WARNING: Making ase_test_txue offline because it?s not responding
Aug 21, 2017 9:11:34 PM hudson.slaves.SlaveComputer tryReconnect
INFO: Attempting to reconnect ase_test_txue
Aug 21, 2017 9:34:34 PM hudson.slaves.SlaveComputer tryReconnect
INFO: Attempting to reconnect ase_test_txue
Aug 21, 2017 9:55:34 PM hudson.slaves.SlaveComputer tryReconnect
INFO: Attempting to reconnect ase_test_txue
Aug 21, 2017 10:09:51 PM hudson.node_monitors.ResponseTimeMonitor$1 monitor
WARNING: Making NT_MONSOON offline because it?s not responding
Aug 21, 2017 10:09:51 PM hudson.node_monitors.ResponseTimeMonitor$1 monitor
WARNING: Making ase_test_txue offline because it?s not responding
Aug 21, 2017 10:18:34 PM hudson.slaves.SlaveComputer tryReconnect
INFO: Attempting to reconnect ase_test_txue
Aug 21, 2017 10:41:34 PM hudson.slaves.SlaveComputer tryReconnect
INFO: Attempting to reconnect ase_test_txue
Aug 21, 2017 11:02:34 PM hudson.slaves.SlaveComputer tryReconnect
INFO: Attempting to reconnect ase_test_txue
Aug 21, 2017 11:09:51 PM hudson.node_monitors.ResponseTimeMonitor$1 monitor
WARNING: Making NT_MONSOON offline because it?s not responding
Aug 21, 2017 11:09:51 PM hudson.node_monitors.ResponseTimeMonitor$1 monitor
WARNING: Making ase_test_txue offline because it?s not responding
Aug 21, 2017 11:23:34 PM hudson.slaves.SlaveComputer tryReconnect
INFO: Attempting to reconnect ase_test_txue
Aug 21, 2017 11:45:34 PM hudson.slaves.SlaveComputer tryReconnect
INFO: Attempting to reconnect ase_test_txue
