Nov 24, 2016 12:49:20 AM hudson.model.AsyncPeriodicWork$1 run
INFO: Started Fingerprint cleanup
Nov 24, 2016 12:49:20 AM hudson.model.AsyncPeriodicWork$1 run
INFO: Finished Fingerprint cleanup. 2 ms
Nov 24, 2016 4:41:14 AM hudson.model.AsyncPeriodicWork$1 run
INFO: Started Download metadata
Nov 24, 2016 4:41:24 AM hudson.model.UpdateSite updateData
INFO: Obtained the latest update center data file for UpdateSource default
Nov 24, 2016 4:41:26 AM hudson.model.AsyncPeriodicWork$1 run
INFO: Finished Download metadata. 12,167 ms
Nov 24, 2016 8:10:57 AM hudson.model.Run execute
INFO: SRS_RMA_BUILD_TRIGGER_BY_RMADEV_SP305 #118 main build action completed: SUCCESS
Nov 24, 2016 8:11:00 AM hudson.model.Run execute
INFO: SP305_SRS_DAILY_BUILD_INTEGRATION #72 main build action completed: SUCCESS
Nov 24, 2016 8:37:11 AM hudson.model.Run execute
INFO: SRS_DROP_TEST_FOR_ASE_SP305 #69 main build action completed: SUCCESS
Nov 24, 2016 8:37:13 AM hudson.model.Run execute
INFO: SP305_SRS_DAILY_BUILD_AND_DROP_TO_ASE #33 main build action completed: SUCCESS
Nov 24, 2016 7:01:46 PM hudson.model.Run execute
INFO: SP305_SRS_DAILY_BUILD #146 main build action completed: SUCCESS
Nov 24, 2016 7:16:34 PM hudson.model.Run execute
INFO: SRS_SP305_TEST #88 main build action completed: FAILURE
Nov 24, 2016 7:16:36 PM hudson.model.Run execute
INFO: SRS_SP305_SERIAL #104 main build action completed: FAILURE
Nov 24, 2016 7:20:22 PM hudson.model.AsyncPeriodicWork$1 run
INFO: Started Workspace clean-up
Nov 24, 2016 7:20:23 PM hudson.model.AsyncPeriodicWork$1 run
INFO: Finished Workspace clean-up. 668 ms
Nov 24, 2016 8:10:59 PM hudson.model.Run execute
INFO: SP305_SRS_DAILY_BUILD_INTEGRATION #73 main build action completed: SUCCESS
Nov 24, 2016 8:37:08 PM hudson.model.Run execute
INFO: SRS_DROP_TEST_FOR_ASE_SP305 #70 main build action completed: SUCCESS
Nov 24, 2016 8:37:08 PM hudson.model.Run execute
INFO: SP305_SRS_DAILY_BUILD_AND_DROP_TO_ASE #34 main build action completed: SUCCESS
Nov 24, 2016 9:28:43 PM hudson.model.Run execute
INFO: SRS_RMA_BUILD_TRIGGER_BY_RMADEV_SP305 #119 main build action completed: SUCCESS
Nov 24, 2016 9:37:42 PM org.kohsuke.stapler.RequestImpl$TypePair convertJSON
WARNING: 'stapler-class' is deprecated: hudson.tasks.Shell
Nov 24, 2016 9:38:35 PM hudson.model.Run execute
INFO: SRS_RMA_BUILD_TRIGGER_BY_RMADEV_SP306 #1 aborted
java.lang.InterruptedException
	at java.lang.Object.wait(Native Method)
	at java.lang.Object.wait(Object.java:503)
	at java.lang.UNIXProcess.waitFor(UNIXProcess.java:210)
	at hudson.Proc$LocalProc.join(Proc.java:319)
	at hudson.tasks.CommandInterpreter.join(CommandInterpreter.java:137)
	at hudson.tasks.CommandInterpreter.perform(CommandInterpreter.java:97)
	at hudson.tasks.CommandInterpreter.perform(CommandInterpreter.java:66)
	at hudson.tasks.BuildStepMonitor$1.perform(BuildStepMonitor.java:20)
	at hudson.model.AbstractBuild$AbstractBuildExecution.perform(AbstractBuild.java:770)
	at hudson.model.Build$BuildExecution.build(Build.java:199)
	at hudson.model.Build$BuildExecution.doRun(Build.java:160)
	at hudson.model.AbstractBuild$AbstractBuildExecution.run(AbstractBuild.java:533)
	at hudson.model.Run.execute(Run.java:1718)
	at hudson.model.FreeStyleBuild.run(FreeStyleBuild.java:43)
	at hudson.model.ResourceController.execute(ResourceController.java:89)
	at hudson.model.Executor.run(Executor.java:240)

Nov 24, 2016 9:45:05 PM hudson.model.Run execute
INFO: SRS_RMA_BUILD_TRIGGER_BY_RMADEV_SP306 #2 main build action completed: FAILURE
Nov 24, 2016 9:58:57 PM hudson.model.Run execute
INFO: SRS_RMA_BUILD_TRIGGER_BY_RMADEV_SP306 #3 main build action completed: SUCCESS
