Sep 8, 2016 12:01:21 AM hudson.slaves.SlaveComputer tryReconnect
INFO: Attempting to reconnect installer_test_linux
Sep 8, 2016 12:24:21 AM hudson.slaves.SlaveComputer tryReconnect
INFO: Attempting to reconnect installer_test_linux
Sep 8, 2016 12:26:52 AM hudson.node_monitors.ResponseTimeMonitor$1 monitor
WARNING: Making installer_test_linux offline because it’s not responding
Sep 8, 2016 12:31:16 AM hudson.model.Run execute
INFO: SRS_SP305_TEST #21 main build action completed: SUCCESS
Sep 8, 2016 12:31:18 AM hudson.model.Run execute
INFO: SRS_SP305_SERIAL #20 main build action completed: SUCCESS
Sep 8, 2016 12:45:21 AM hudson.slaves.SlaveComputer tryReconnect
INFO: Attempting to reconnect installer_test_linux
Sep 8, 2016 1:09:21 AM hudson.slaves.SlaveComputer tryReconnect
INFO: Attempting to reconnect installer_test_linux
Sep 8, 2016 1:26:52 AM hudson.node_monitors.ResponseTimeMonitor$1 monitor
WARNING: Making installer_test_linux offline because it’s not responding
Sep 8, 2016 1:31:21 AM hudson.slaves.SlaveComputer tryReconnect
INFO: Attempting to reconnect installer_test_linux
Sep 8, 2016 1:54:21 AM hudson.slaves.SlaveComputer tryReconnect
INFO: Attempting to reconnect installer_test_linux
Sep 8, 2016 2:16:21 AM hudson.slaves.SlaveComputer tryReconnect
INFO: Attempting to reconnect installer_test_linux
Sep 8, 2016 2:26:52 AM hudson.node_monitors.ResponseTimeMonitor$1 monitor
WARNING: Making installer_test_linux offline because it’s not responding
Sep 8, 2016 2:38:21 AM hudson.slaves.SlaveComputer tryReconnect
INFO: Attempting to reconnect installer_test_linux
Sep 8, 2016 3:01:21 AM hudson.slaves.SlaveComputer tryReconnect
INFO: Attempting to reconnect installer_test_linux
Sep 8, 2016 3:22:21 AM hudson.slaves.SlaveComputer tryReconnect
INFO: Attempting to reconnect installer_test_linux
Sep 8, 2016 3:26:52 AM hudson.node_monitors.ResponseTimeMonitor$1 monitor
WARNING: Making installer_test_linux offline because it’s not responding
Sep 8, 2016 3:44:21 AM hudson.slaves.SlaveComputer tryReconnect
INFO: Attempting to reconnect installer_test_linux
Sep 8, 2016 4:07:21 AM hudson.slaves.SlaveComputer tryReconnect
INFO: Attempting to reconnect installer_test_linux
Sep 8, 2016 4:22:12 AM hudson.remoting.SynchronousCommandTransport$ReaderThread run
SEVERE: I/O error in channel ase_test
java.io.IOException: Unexpected termination of the channel
	at hudson.remoting.SynchronousCommandTransport$ReaderThread.run(SynchronousCommandTransport.java:50)
Caused by: java.io.EOFException
	at java.io.ObjectInputStream$PeekInputStream.readFully(ObjectInputStream.java:2297)
	at java.io.ObjectInputStream$BlockDataInputStream.readShort(ObjectInputStream.java:2766)
	at java.io.ObjectInputStream.readStreamHeader(ObjectInputStream.java:797)
	at java.io.ObjectInputStream.<init>(ObjectInputStream.java:297)
	at hudson.remoting.ObjectInputStreamEx.<init>(ObjectInputStreamEx.java:40)
	at hudson.remoting.AbstractSynchronousByteArrayCommandTransport.read(AbstractSynchronousByteArrayCommandTransport.java:34)
	at hudson.remoting.SynchronousCommandTransport$ReaderThread.run(SynchronousCommandTransport.java:48)
Sep 8, 2016 4:23:21 AM hudson.slaves.SlaveComputer tryReconnect
INFO: Attempting to reconnect ase_test
Sep 8, 2016 4:23:35 AM hudson.node_monitors.ResponseTimeMonitor$1 monitor
WARNING: Making installer_test_linux offline because it’s not responding
Sep 8, 2016 4:26:52 AM hudson.node_monitors.ResponseTimeMonitor$1 monitor
WARNING: Making installer_test_linux offline because it’s not responding
Sep 8, 2016 4:28:21 AM hudson.slaves.SlaveComputer tryReconnect
INFO: Attempting to reconnect installer_test_linux
Sep 8, 2016 4:49:21 AM hudson.slaves.SlaveComputer tryReconnect
INFO: Attempting to reconnect installer_test_linux
Sep 8, 2016 5:11:21 AM hudson.slaves.SlaveComputer tryReconnect
INFO: Attempting to reconnect installer_test_linux
Sep 8, 2016 5:13:43 AM hudson.model.AsyncPeriodicWork$1 run
INFO: Started Download metadata
Sep 8, 2016 5:13:52 AM hudson.model.UpdateSite updateData
INFO: Obtained the latest update center data file for UpdateSource default
Sep 8, 2016 5:13:54 AM hudson.model.AsyncPeriodicWork$1 run
INFO: Finished Download metadata. 10,668 ms
Sep 8, 2016 5:26:52 AM hudson.node_monitors.ResponseTimeMonitor$1 monitor
WARNING: Making installer_test_linux offline because it’s not responding
Sep 8, 2016 5:35:21 AM hudson.slaves.SlaveComputer tryReconnect
INFO: Attempting to reconnect installer_test_linux
Sep 8, 2016 5:44:41 AM hudson.model.AsyncPeriodicWork$1 run
INFO: Started Workspace clean-up
Sep 8, 2016 5:44:42 AM hudson.model.AsyncPeriodicWork$1 run
INFO: Finished Workspace clean-up. 930 ms
Sep 8, 2016 5:57:21 AM hudson.slaves.SlaveComputer tryReconnect
INFO: Attempting to reconnect installer_test_linux
Sep 8, 2016 6:21:21 AM hudson.slaves.SlaveComputer tryReconnect
INFO: Attempting to reconnect installer_test_linux
Sep 8, 2016 6:26:52 AM hudson.node_monitors.ResponseTimeMonitor$1 monitor
WARNING: Making installer_test_linux offline because it’s not responding
Sep 8, 2016 6:45:21 AM hudson.slaves.SlaveComputer tryReconnect
INFO: Attempting to reconnect installer_test_linux
Sep 8, 2016 7:09:21 AM hudson.slaves.SlaveComputer tryReconnect
INFO: Attempting to reconnect installer_test_linux
Sep 8, 2016 7:26:52 AM hudson.node_monitors.ResponseTimeMonitor$1 monitor
WARNING: Making installer_test_linux offline because it’s not responding
Sep 8, 2016 7:31:21 AM hudson.slaves.SlaveComputer tryReconnect
INFO: Attempting to reconnect installer_test_linux
Sep 8, 2016 7:54:21 AM hudson.slaves.SlaveComputer tryReconnect
INFO: Attempting to reconnect installer_test_linux
Sep 8, 2016 8:14:07 AM hudson.model.Run execute
INFO: SRS_RMA_BUILD_TRIGGER_BY_RMADEV_SP305 #37 main build action completed: SUCCESS
Sep 8, 2016 8:15:21 AM hudson.slaves.SlaveComputer tryReconnect
INFO: Attempting to reconnect installer_test_linux
Sep 8, 2016 8:26:52 AM hudson.node_monitors.ResponseTimeMonitor$1 monitor
WARNING: Making installer_test_linux offline because it’s not responding
Sep 8, 2016 8:38:21 AM hudson.slaves.SlaveComputer tryReconnect
INFO: Attempting to reconnect installer_test_linux
Sep 8, 2016 9:00:21 AM hudson.slaves.SlaveComputer tryReconnect
INFO: Attempting to reconnect installer_test_linux
Sep 8, 2016 9:21:21 AM hudson.slaves.SlaveComputer tryReconnect
INFO: Attempting to reconnect installer_test_linux
Sep 8, 2016 9:26:52 AM hudson.node_monitors.ResponseTimeMonitor$1 monitor
WARNING: Making installer_test_linux offline because it’s not responding
Sep 8, 2016 9:44:21 AM hudson.slaves.SlaveComputer tryReconnect
INFO: Attempting to reconnect installer_test_linux
Sep 8, 2016 10:06:21 AM hudson.slaves.SlaveComputer tryReconnect
INFO: Attempting to reconnect installer_test_linux
Sep 8, 2016 10:26:52 AM hudson.node_monitors.ResponseTimeMonitor$1 monitor
WARNING: Making installer_test_linux offline because it’s not responding
Sep 8, 2016 10:30:21 AM hudson.slaves.SlaveComputer tryReconnect
INFO: Attempting to reconnect installer_test_linux
Sep 8, 2016 10:51:21 AM hudson.slaves.SlaveComputer tryReconnect
INFO: Attempting to reconnect installer_test_linux
Sep 8, 2016 11:13:21 AM hudson.slaves.SlaveComputer tryReconnect
INFO: Attempting to reconnect installer_test_linux
Sep 8, 2016 11:26:52 AM hudson.node_monitors.ResponseTimeMonitor$1 monitor
WARNING: Making installer_test_linux offline because it’s not responding
Sep 8, 2016 11:37:21 AM hudson.slaves.SlaveComputer tryReconnect
INFO: Attempting to reconnect installer_test_linux
Sep 8, 2016 11:59:21 AM hudson.slaves.SlaveComputer tryReconnect
INFO: Attempting to reconnect installer_test_linux
Sep 8, 2016 12:22:21 PM hudson.slaves.SlaveComputer tryReconnect
INFO: Attempting to reconnect installer_test_linux
Sep 8, 2016 12:26:52 PM hudson.node_monitors.ResponseTimeMonitor$1 monitor
WARNING: Making installer_test_linux offline because it’s not responding
Sep 8, 2016 12:44:21 PM hudson.slaves.SlaveComputer tryReconnect
INFO: Attempting to reconnect installer_test_linux
Sep 8, 2016 1:06:21 PM hudson.slaves.SlaveComputer tryReconnect
INFO: Attempting to reconnect installer_test_linux
Sep 8, 2016 1:14:07 PM hudson.remoting.SynchronousCommandTransport$ReaderThread run
SEVERE: I/O error in channel installer_test_linux1
java.io.IOException: Unexpected termination of the channel
	at hudson.remoting.SynchronousCommandTransport$ReaderThread.run(SynchronousCommandTransport.java:50)
Caused by: java.io.EOFException
	at java.io.ObjectInputStream$PeekInputStream.readFully(ObjectInputStream.java:2297)
	at java.io.ObjectInputStream$BlockDataInputStream.readShort(ObjectInputStream.java:2766)
	at java.io.ObjectInputStream.readStreamHeader(ObjectInputStream.java:797)
	at java.io.ObjectInputStream.<init>(ObjectInputStream.java:297)
	at hudson.remoting.ObjectInputStreamEx.<init>(ObjectInputStreamEx.java:40)
	at hudson.remoting.AbstractSynchronousByteArrayCommandTransport.read(AbstractSynchronousByteArrayCommandTransport.java:34)
	at hudson.remoting.SynchronousCommandTransport$ReaderThread.run(SynchronousCommandTransport.java:48)
Sep 8, 2016 1:14:21 PM hudson.slaves.SlaveComputer tryReconnect
INFO: Attempting to reconnect installer_test_linux1
Sep 8, 2016 1:16:21 PM hudson.slaves.SlaveComputer tryReconnect
INFO: Attempting to reconnect installer_test_linux1
Sep 8, 2016 1:18:21 PM hudson.slaves.SlaveComputer tryReconnect
INFO: Attempting to reconnect installer_test_linux1
Sep 8, 2016 1:20:21 PM hudson.slaves.SlaveComputer tryReconnect
INFO: Attempting to reconnect installer_test_linux1
Sep 8, 2016 1:22:21 PM hudson.slaves.SlaveComputer tryReconnect
INFO: Attempting to reconnect installer_test_linux1
Sep 8, 2016 1:26:52 PM hudson.node_monitors.ResponseTimeMonitor$1 monitor
WARNING: Making installer_test_linux offline because it’s not responding
Sep 8, 2016 1:29:21 PM hudson.slaves.SlaveComputer tryReconnect
INFO: Attempting to reconnect installer_test_linux
Sep 8, 2016 1:34:21 PM hudson.slaves.SlaveComputer tryReconnect
INFO: Attempting to reconnect installer_test_linux1
Sep 8, 2016 1:52:21 PM hudson.slaves.SlaveComputer tryReconnect
INFO: Attempting to reconnect installer_test_linux
Sep 8, 2016 1:58:21 PM hudson.slaves.SlaveComputer tryReconnect
INFO: Attempting to reconnect installer_test_linux1
Sep 8, 2016 2:14:21 PM hudson.slaves.SlaveComputer tryReconnect
INFO: Attempting to reconnect installer_test_linux
Sep 8, 2016 2:19:21 PM hudson.slaves.SlaveComputer tryReconnect
INFO: Attempting to reconnect installer_test_linux1
Sep 8, 2016 2:26:52 PM hudson.node_monitors.ResponseTimeMonitor$1 monitor
WARNING: Making installer_test_linux offline because it’s not responding
Sep 8, 2016 2:32:03 PM hudson.model.AsyncPeriodicWork$1 run
INFO: Started Fingerprint cleanup
Sep 8, 2016 2:32:03 PM hudson.model.AsyncPeriodicWork$1 run
INFO: Finished Fingerprint cleanup. 17 ms
Sep 8, 2016 2:36:21 PM hudson.slaves.SlaveComputer tryReconnect
INFO: Attempting to reconnect installer_test_linux
Sep 8, 2016 2:42:21 PM hudson.slaves.SlaveComputer tryReconnect
INFO: Attempting to reconnect installer_test_linux1
Sep 8, 2016 2:58:21 PM hudson.slaves.SlaveComputer tryReconnect
INFO: Attempting to reconnect installer_test_linux
Sep 8, 2016 3:04:21 PM hudson.slaves.SlaveComputer tryReconnect
INFO: Attempting to reconnect installer_test_linux1
Sep 8, 2016 3:20:21 PM hudson.slaves.SlaveComputer tryReconnect
INFO: Attempting to reconnect installer_test_linux
Sep 8, 2016 3:26:21 PM hudson.slaves.SlaveComputer tryReconnect
INFO: Attempting to reconnect installer_test_linux1
Sep 8, 2016 3:26:52 PM hudson.node_monitors.ResponseTimeMonitor$1 monitor
WARNING: Making installer_test_linux offline because it’s not responding
Sep 8, 2016 3:43:21 PM hudson.slaves.SlaveComputer tryReconnect
INFO: Attempting to reconnect installer_test_linux
Sep 8, 2016 3:48:21 PM hudson.slaves.SlaveComputer tryReconnect
INFO: Attempting to reconnect installer_test_linux1
Sep 8, 2016 4:04:21 PM hudson.slaves.SlaveComputer tryReconnect
INFO: Attempting to reconnect installer_test_linux
Sep 8, 2016 4:09:21 PM hudson.slaves.SlaveComputer tryReconnect
INFO: Attempting to reconnect installer_test_linux1
Sep 8, 2016 4:25:21 PM hudson.slaves.SlaveComputer tryReconnect
INFO: Attempting to reconnect installer_test_linux
Sep 8, 2016 4:26:52 PM hudson.node_monitors.ResponseTimeMonitor$1 monitor
WARNING: Making installer_test_linux offline because it’s not responding
Sep 8, 2016 4:29:21 PM hudson.slaves.SlaveComputer tryReconnect
INFO: Attempting to reconnect installer_test_linux1
Sep 8, 2016 4:46:21 PM hudson.slaves.SlaveComputer tryReconnect
INFO: Attempting to reconnect installer_test_linux
Sep 8, 2016 4:51:21 PM hudson.slaves.SlaveComputer tryReconnect
INFO: Attempting to reconnect installer_test_linux1
Sep 8, 2016 5:08:21 PM hudson.slaves.SlaveComputer tryReconnect
INFO: Attempting to reconnect installer_test_linux
Sep 8, 2016 5:13:21 PM hudson.slaves.SlaveComputer tryReconnect
INFO: Attempting to reconnect installer_test_linux1
Sep 8, 2016 5:13:41 PM hudson.node_monitors.ResponseTimeMonitor$1 monitor
WARNING: Making installer_test_linux offline because it’s not responding
Sep 8, 2016 5:26:52 PM hudson.node_monitors.ResponseTimeMonitor$1 monitor
WARNING: Making installer_test_linux offline because it’s not responding
Sep 8, 2016 5:29:21 PM hudson.slaves.SlaveComputer tryReconnect
INFO: Attempting to reconnect installer_test_linux
Sep 8, 2016 5:31:49 PM hudson.model.Run execute
INFO: SRS_RMA_BUILD_TRIGGER_BY_RMADEV_SP305 #38 main build action completed: SUCCESS
Sep 8, 2016 5:52:21 PM hudson.slaves.SlaveComputer tryReconnect
INFO: Attempting to reconnect installer_test_linux
Sep 8, 2016 6:15:21 PM hudson.slaves.SlaveComputer tryReconnect
INFO: Attempting to reconnect installer_test_linux
Sep 8, 2016 6:26:52 PM hudson.node_monitors.ResponseTimeMonitor$1 monitor
WARNING: Making installer_test_linux offline because it’s not responding
Sep 8, 2016 6:37:21 PM hudson.slaves.SlaveComputer tryReconnect
INFO: Attempting to reconnect installer_test_linux
Sep 8, 2016 6:55:50 PM org.kohsuke.stapler.RequestImpl$TypePair convertJSON
WARNING: 'stapler-class' is deprecated: hudson.tasks.Shell
Sep 8, 2016 6:59:21 PM hudson.slaves.SlaveComputer tryReconnect
INFO: Attempting to reconnect installer_test_linux
Sep 8, 2016 7:21:21 PM hudson.slaves.SlaveComputer tryReconnect
INFO: Attempting to reconnect installer_test_linux
Sep 8, 2016 7:26:52 PM hudson.node_monitors.ResponseTimeMonitor$1 monitor
WARNING: Making installer_test_linux offline because it’s not responding
Sep 8, 2016 7:43:21 PM hudson.slaves.SlaveComputer tryReconnect
INFO: Attempting to reconnect installer_test_linux
Sep 8, 2016 8:04:21 PM hudson.slaves.SlaveComputer tryReconnect
INFO: Attempting to reconnect installer_test_linux
Sep 8, 2016 8:26:52 PM hudson.node_monitors.ResponseTimeMonitor$1 monitor
WARNING: Making installer_test_linux offline because it’s not responding
Sep 8, 2016 8:27:21 PM hudson.slaves.SlaveComputer tryReconnect
INFO: Attempting to reconnect installer_test_linux
Sep 8, 2016 8:50:21 PM hudson.slaves.SlaveComputer tryReconnect
INFO: Attempting to reconnect installer_test_linux
Sep 8, 2016 9:10:21 PM hudson.slaves.SlaveComputer tryReconnect
INFO: Attempting to reconnect installer_test_linux
Sep 8, 2016 9:26:52 PM hudson.node_monitors.ResponseTimeMonitor$1 monitor
WARNING: Making installer_test_linux offline because it’s not responding
Sep 8, 2016 9:31:21 PM hudson.slaves.SlaveComputer tryReconnect
INFO: Attempting to reconnect installer_test_linux
Sep 8, 2016 9:54:21 PM hudson.slaves.SlaveComputer tryReconnect
INFO: Attempting to reconnect installer_test_linux
Sep 8, 2016 10:15:21 PM hudson.slaves.SlaveComputer tryReconnect
INFO: Attempting to reconnect installer_test_linux
Sep 8, 2016 10:26:52 PM hudson.node_monitors.ResponseTimeMonitor$1 monitor
WARNING: Making installer_test_linux offline because it’s not responding
Sep 8, 2016 10:39:21 PM hudson.slaves.SlaveComputer tryReconnect
INFO: Attempting to reconnect installer_test_linux
Sep 8, 2016 10:40:30 PM hudson.model.Run execute
INFO: SP305_SRS_DAILY_BUILD #41 main build action completed: SUCCESS
Sep 8, 2016 11:02:21 PM hudson.slaves.SlaveComputer tryReconnect
INFO: Attempting to reconnect installer_test_linux
Sep 8, 2016 11:19:16 PM hudson.model.Run execute
INFO: SRS_SP305_TEST #22 main build action completed: SUCCESS
Sep 8, 2016 11:19:17 PM hudson.model.Run execute
INFO: SRS_SP305_SERIAL #21 main build action completed: SUCCESS
Sep 8, 2016 11:25:21 PM hudson.slaves.SlaveComputer tryReconnect
INFO: Attempting to reconnect installer_test_linux
Sep 8, 2016 11:26:52 PM hudson.node_monitors.ResponseTimeMonitor$1 monitor
WARNING: Making installer_test_linux offline because it’s not responding
Sep 8, 2016 11:48:21 PM hudson.slaves.SlaveComputer tryReconnect
INFO: Attempting to reconnect installer_test_linux
