Nov 19, 2016 12:26:21 AM hudson.node_monitors.ResponseTimeMonitor$1 monitor
WARNING: Making installer_test_linux2 offline because it?s not responding
Nov 19, 2016 1:26:21 AM hudson.node_monitors.ResponseTimeMonitor$1 monitor
WARNING: Making installer_test_linux2 offline because it?s not responding
Nov 19, 2016 2:26:21 AM hudson.node_monitors.ResponseTimeMonitor$1 monitor
WARNING: Making installer_test_linux2 offline because it?s not responding
Nov 19, 2016 3:26:21 AM hudson.node_monitors.ResponseTimeMonitor$1 monitor
WARNING: Making installer_test_linux2 offline because it?s not responding
Nov 19, 2016 4:26:21 AM hudson.node_monitors.ResponseTimeMonitor$1 monitor
WARNING: Making installer_test_linux2 offline because it?s not responding
Nov 19, 2016 5:26:21 AM hudson.node_monitors.ResponseTimeMonitor$1 monitor
WARNING: Making installer_test_linux2 offline because it?s not responding
Nov 19, 2016 6:26:21 AM hudson.node_monitors.ResponseTimeMonitor$1 monitor
WARNING: Making installer_test_linux2 offline because it?s not responding
Nov 19, 2016 7:26:21 AM hudson.node_monitors.ResponseTimeMonitor$1 monitor
WARNING: Making installer_test_linux2 offline because it?s not responding
Nov 19, 2016 8:03:07 AM hudson.model.Run execute
INFO: SRS_RMA_BUILD_TRIGGER_BY_RMADEV_SP305 #112 main build action completed: FAILURE
Nov 19, 2016 8:26:21 AM hudson.node_monitors.ResponseTimeMonitor$1 monitor
WARNING: Making installer_test_linux2 offline because it?s not responding
Nov 19, 2016 9:26:21 AM hudson.node_monitors.ResponseTimeMonitor$1 monitor
WARNING: Making installer_test_linux2 offline because it?s not responding
Nov 19, 2016 10:26:21 AM hudson.node_monitors.ResponseTimeMonitor$1 monitor
WARNING: Making installer_test_linux2 offline because it?s not responding
Nov 19, 2016 10:48:28 AM hudson.model.AsyncPeriodicWork$1 run
INFO: Started Fingerprint cleanup
Nov 19, 2016 10:48:28 AM hudson.model.AsyncPeriodicWork$1 run
INFO: Finished Fingerprint cleanup. 1 ms
Nov 19, 2016 11:26:21 AM hudson.node_monitors.ResponseTimeMonitor$1 monitor
WARNING: Making installer_test_linux2 offline because it?s not responding
Nov 19, 2016 12:26:21 PM hudson.node_monitors.ResponseTimeMonitor$1 monitor
WARNING: Making installer_test_linux2 offline because it?s not responding
Nov 19, 2016 1:26:21 PM hudson.node_monitors.ResponseTimeMonitor$1 monitor
WARNING: Making installer_test_linux2 offline because it?s not responding
Nov 19, 2016 2:26:21 PM hudson.node_monitors.ResponseTimeMonitor$1 monitor
WARNING: Making installer_test_linux2 offline because it?s not responding
Nov 19, 2016 3:26:21 PM hudson.node_monitors.ResponseTimeMonitor$1 monitor
WARNING: Making installer_test_linux2 offline because it?s not responding
Nov 19, 2016 4:26:21 PM hudson.node_monitors.ResponseTimeMonitor$1 monitor
WARNING: Making installer_test_linux2 offline because it?s not responding
Nov 19, 2016 5:26:21 PM hudson.node_monitors.ResponseTimeMonitor$1 monitor
WARNING: Making installer_test_linux2 offline because it?s not responding
Nov 19, 2016 6:26:21 PM hudson.node_monitors.ResponseTimeMonitor$1 monitor
WARNING: Making installer_test_linux2 offline because it?s not responding
Nov 19, 2016 7:00:50 PM hudson.model.Run execute
INFO: SP305_SRS_DAILY_BUILD #142 main build action completed: SUCCESS
Nov 19, 2016 7:01:23 PM hudson.model.AsyncPeriodicWork$1 run
INFO: Started Download metadata
Nov 19, 2016 7:01:35 PM hudson.model.UpdateSite updateData
INFO: Obtained the latest update center data file for UpdateSource default
Nov 19, 2016 7:01:37 PM hudson.model.AsyncPeriodicWork$1 run
INFO: Finished Download metadata. 14,232 ms
Nov 19, 2016 7:15:34 PM hudson.model.Run execute
INFO: SRS_SP305_TEST #84 main build action completed: FAILURE
Nov 19, 2016 7:15:34 PM hudson.model.Run execute
INFO: SRS_SP305_SERIAL #100 main build action completed: FAILURE
Nov 19, 2016 7:26:21 PM hudson.node_monitors.ResponseTimeMonitor$1 monitor
WARNING: Making installer_test_linux2 offline because it?s not responding
Nov 19, 2016 7:27:34 PM hudson.model.AsyncPeriodicWork$1 run
INFO: Started Workspace clean-up
Nov 19, 2016 7:27:35 PM hudson.model.AsyncPeriodicWork$1 run
INFO: Finished Workspace clean-up. 568 ms
Nov 19, 2016 8:09:18 PM hudson.model.Run execute
INFO: SP305_SRS_DAILY_BUILD_INTEGRATION #68 main build action completed: SUCCESS
Nov 19, 2016 8:26:21 PM hudson.node_monitors.ResponseTimeMonitor$1 monitor
WARNING: Making installer_test_linux2 offline because it?s not responding
Nov 19, 2016 8:35:45 PM hudson.model.Run execute
INFO: SRS_DROP_TEST_FOR_ASE_SP305 #63 main build action completed: SUCCESS
Nov 19, 2016 8:35:47 PM hudson.model.Run execute
INFO: SP305_SRS_DAILY_BUILD_AND_DROP_TO_ASE #29 main build action completed: SUCCESS
Nov 19, 2016 9:26:21 PM hudson.node_monitors.ResponseTimeMonitor$1 monitor
WARNING: Making installer_test_linux2 offline because it?s not responding
Nov 19, 2016 10:26:21 PM hudson.node_monitors.ResponseTimeMonitor$1 monitor
WARNING: Making installer_test_linux2 offline because it?s not responding
Nov 19, 2016 11:26:21 PM hudson.node_monitors.ResponseTimeMonitor$1 monitor
WARNING: Making installer_test_linux2 offline because it?s not responding
