Apr 30, 2016 4:25:02 AM hudson.diagnosis.HudsonHomeDiskUsageChecker doRun
INFO: JENKINS_HOME disk usage information isn't available. aborting to monitor
Apr 30, 2016 4:41:50 AM hudson.model.AsyncPeriodicWork$1 run
INFO: Started Fingerprint cleanup
Apr 30, 2016 4:41:50 AM hudson.model.AsyncPeriodicWork$1 run
INFO: Finished Fingerprint cleanup. 10 ms
Apr 30, 2016 5:25:02 AM hudson.diagnosis.HudsonHomeDiskUsageChecker doRun
INFO: JENKINS_HOME disk usage information isn't available. aborting to monitor
Apr 30, 2016 6:25:02 AM hudson.diagnosis.HudsonHomeDiskUsageChecker doRun
INFO: JENKINS_HOME disk usage information isn't available. aborting to monitor
Apr 30, 2016 6:26:32 AM hudson.model.AsyncPeriodicWork$1 run
INFO: Started Workspace clean-up
Apr 30, 2016 6:26:33 AM hudson.model.AsyncPeriodicWork$1 run
INFO: Finished Workspace clean-up. 213 ms
Apr 30, 2016 7:25:02 AM hudson.diagnosis.HudsonHomeDiskUsageChecker doRun
INFO: JENKINS_HOME disk usage information isn't available. aborting to monitor
Apr 30, 2016 8:25:02 AM hudson.diagnosis.HudsonHomeDiskUsageChecker doRun
INFO: JENKINS_HOME disk usage information isn't available. aborting to monitor
Apr 30, 2016 9:25:02 AM hudson.diagnosis.HudsonHomeDiskUsageChecker doRun
INFO: JENKINS_HOME disk usage information isn't available. aborting to monitor
Apr 30, 2016 10:25:02 AM hudson.diagnosis.HudsonHomeDiskUsageChecker doRun
INFO: JENKINS_HOME disk usage information isn't available. aborting to monitor
Apr 30, 2016 11:25:02 AM hudson.diagnosis.HudsonHomeDiskUsageChecker doRun
INFO: JENKINS_HOME disk usage information isn't available. aborting to monitor
Apr 30, 2016 12:25:02 PM hudson.diagnosis.HudsonHomeDiskUsageChecker doRun
INFO: JENKINS_HOME disk usage information isn't available. aborting to monitor
Apr 30, 2016 1:25:02 PM hudson.diagnosis.HudsonHomeDiskUsageChecker doRun
INFO: JENKINS_HOME disk usage information isn't available. aborting to monitor
Apr 30, 2016 1:59:36 PM hudson.model.AsyncPeriodicWork$1 run
INFO: Started Download metadata
Apr 30, 2016 1:59:44 PM hudson.model.UpdateSite updateData
INFO: Obtained the latest update center data file for UpdateSource default
Apr 30, 2016 1:59:44 PM hudson.model.AsyncPeriodicWork$1 run
INFO: Finished Download metadata. 7,430 ms
Apr 30, 2016 2:25:02 PM hudson.diagnosis.HudsonHomeDiskUsageChecker doRun
INFO: JENKINS_HOME disk usage information isn't available. aborting to monitor
Apr 30, 2016 3:25:02 PM hudson.diagnosis.HudsonHomeDiskUsageChecker doRun
INFO: JENKINS_HOME disk usage information isn't available. aborting to monitor
Apr 30, 2016 4:25:02 PM hudson.diagnosis.HudsonHomeDiskUsageChecker doRun
INFO: JENKINS_HOME disk usage information isn't available. aborting to monitor
Apr 30, 2016 5:25:02 PM hudson.diagnosis.HudsonHomeDiskUsageChecker doRun
INFO: JENKINS_HOME disk usage information isn't available. aborting to monitor
Apr 30, 2016 6:25:02 PM hudson.diagnosis.HudsonHomeDiskUsageChecker doRun
INFO: JENKINS_HOME disk usage information isn't available. aborting to monitor
Apr 30, 2016 7:25:02 PM hudson.diagnosis.HudsonHomeDiskUsageChecker doRun
INFO: JENKINS_HOME disk usage information isn't available. aborting to monitor
Apr 30, 2016 8:25:02 PM hudson.diagnosis.HudsonHomeDiskUsageChecker doRun
INFO: JENKINS_HOME disk usage information isn't available. aborting to monitor
Apr 30, 2016 9:25:02 PM hudson.diagnosis.HudsonHomeDiskUsageChecker doRun
INFO: JENKINS_HOME disk usage information isn't available. aborting to monitor
Apr 30, 2016 10:25:02 PM hudson.diagnosis.HudsonHomeDiskUsageChecker doRun
INFO: JENKINS_HOME disk usage information isn't available. aborting to monitor
Apr 30, 2016 11:25:02 PM hudson.diagnosis.HudsonHomeDiskUsageChecker doRun
INFO: JENKINS_HOME disk usage information isn't available. aborting to monitor
