Sep 12, 2015 12:01:04 AM hudson.model.Run execute
INFO: SRS_SP300_STAGE_DA_PEORIOICALLY #117 main build action completed: SUCCESS
Sep 12, 2015 12:09:01 AM hudson.model.Run execute
INFO: SRS_SP300_STAGE_HRAX_PEORIOICALLY #1402 main build action completed: SUCCESS
Sep 12, 2015 12:15:55 AM hudson.slaves.SlaveComputer tryReconnect
INFO: Attempting to reconnect RS_build_hpia64_hsdub0001_official
Sep 12, 2015 12:17:55 AM hudson.slaves.SlaveComputer tryReconnect
INFO: Attempting to reconnect RS_build_sunx64_augusta
Sep 12, 2015 12:17:55 AM hudson.slaves.SlaveComputer tryReconnect
INFO: Attempting to reconnect RS_build_test_ibmaix64_p6vm1qb
Sep 12, 2015 12:18:55 AM hudson.slaves.SlaveComputer tryReconnect
INFO: Attempting to reconnect RS_build_sunx64_asekernal6
Sep 12, 2015 12:18:55 AM hudson.slaves.SlaveComputer tryReconnect
INFO: Attempting to reconnect RS_build_test_hpia64_repqahpia1
Sep 12, 2015 12:18:55 AM hudson.slaves.SlaveComputer tryReconnect
INFO: Attempting to reconnect RS_build_test_hpia64_repqahpia5
Sep 12, 2015 12:22:12 AM hudson.node_monitors.ResponseTimeMonitor$1 monitor
WARNING: Making RS_build_test_ibmaix64_p6vm1qb offline because it’s not responding
Sep 12, 2015 12:22:12 AM hudson.node_monitors.ResponseTimeMonitor$1 monitor
WARNING: Making RS_build_sunx64_augusta offline because it’s not responding
Sep 12, 2015 12:22:12 AM hudson.node_monitors.ResponseTimeMonitor$1 monitor
WARNING: Making RS_build_test_hpia64_repqahpia5 offline because it’s not responding
Sep 12, 2015 12:22:12 AM hudson.node_monitors.ResponseTimeMonitor$1 monitor
WARNING: Making RS_build_sunx64_asekernal6 offline because it’s not responding
Sep 12, 2015 12:22:12 AM hudson.node_monitors.ResponseTimeMonitor$1 monitor
WARNING: Making RS_build_test_hpia64_repqahpia1 offline because it’s not responding
Sep 12, 2015 12:22:12 AM hudson.node_monitors.ResponseTimeMonitor$1 monitor
WARNING: Making RS_build_hpia64_hsdub0001_official offline because it’s not responding
Sep 12, 2015 12:36:55 AM hudson.slaves.SlaveComputer tryReconnect
INFO: Attempting to reconnect RS_build_hpia64_hsdub0001_official
Sep 12, 2015 12:38:55 AM hudson.slaves.SlaveComputer tryReconnect
INFO: Attempting to reconnect RS_build_sunx64_augusta
Sep 12, 2015 12:38:55 AM hudson.slaves.SlaveComputer tryReconnect
INFO: Attempting to reconnect RS_build_test_ibmaix64_p6vm1qb
Sep 12, 2015 12:39:01 AM hudson.model.Run execute
INFO: SRS_SP300_STAGE_HRAX_PEORIOICALLY #1403 main build action completed: SUCCESS
Sep 12, 2015 12:40:55 AM hudson.slaves.SlaveComputer tryReconnect
INFO: Attempting to reconnect RS_build_sunx64_asekernal6
Sep 12, 2015 12:40:55 AM hudson.slaves.SlaveComputer tryReconnect
INFO: Attempting to reconnect RS_build_test_hpia64_repqahpia1
Sep 12, 2015 12:40:55 AM hudson.slaves.SlaveComputer tryReconnect
INFO: Attempting to reconnect RS_build_test_hpia64_repqahpia5
Sep 12, 2015 12:58:55 AM hudson.slaves.SlaveComputer tryReconnect
INFO: Attempting to reconnect RS_build_hpia64_hsdub0001_official
Sep 12, 2015 1:00:55 AM hudson.slaves.SlaveComputer tryReconnect
INFO: Attempting to reconnect RS_build_sunx64_augusta
Sep 12, 2015 1:00:55 AM hudson.slaves.SlaveComputer tryReconnect
INFO: Attempting to reconnect RS_build_test_ibmaix64_p6vm1qb
Sep 12, 2015 1:02:55 AM hudson.slaves.SlaveComputer tryReconnect
INFO: Attempting to reconnect RS_build_sunx64_asekernal6
Sep 12, 2015 1:02:55 AM hudson.slaves.SlaveComputer tryReconnect
INFO: Attempting to reconnect RS_build_test_hpia64_repqahpia1
Sep 12, 2015 1:02:55 AM hudson.slaves.SlaveComputer tryReconnect
INFO: Attempting to reconnect RS_build_test_hpia64_repqahpia5
Sep 12, 2015 1:09:01 AM hudson.model.Run execute
INFO: SRS_SP300_STAGE_HRAX_PEORIOICALLY #1404 main build action completed: SUCCESS
Sep 12, 2015 1:20:55 AM hudson.slaves.SlaveComputer tryReconnect
INFO: Attempting to reconnect RS_build_hpia64_hsdub0001_official
Sep 12, 2015 1:22:12 AM hudson.node_monitors.ResponseTimeMonitor$1 monitor
WARNING: Making RS_build_test_ibmaix64_p6vm1qb offline because it’s not responding
Sep 12, 2015 1:22:12 AM hudson.node_monitors.ResponseTimeMonitor$1 monitor
WARNING: Making RS_build_sunx64_augusta offline because it’s not responding
Sep 12, 2015 1:22:12 AM hudson.node_monitors.ResponseTimeMonitor$1 monitor
WARNING: Making RS_build_test_hpia64_repqahpia5 offline because it’s not responding
Sep 12, 2015 1:22:12 AM hudson.node_monitors.ResponseTimeMonitor$1 monitor
WARNING: Making RS_build_sunx64_asekernal6 offline because it’s not responding
Sep 12, 2015 1:22:12 AM hudson.node_monitors.ResponseTimeMonitor$1 monitor
WARNING: Making RS_build_test_hpia64_repqahpia1 offline because it’s not responding
Sep 12, 2015 1:22:12 AM hudson.node_monitors.ResponseTimeMonitor$1 monitor
WARNING: Making RS_build_hpia64_hsdub0001_official offline because it’s not responding
Sep 12, 2015 1:22:55 AM hudson.slaves.SlaveComputer tryReconnect
INFO: Attempting to reconnect RS_build_sunx64_augusta
Sep 12, 2015 1:22:55 AM hudson.slaves.SlaveComputer tryReconnect
INFO: Attempting to reconnect RS_build_test_ibmaix64_p6vm1qb
Sep 12, 2015 1:24:55 AM hudson.slaves.SlaveComputer tryReconnect
INFO: Attempting to reconnect RS_build_sunx64_asekernal6
Sep 12, 2015 1:24:55 AM hudson.slaves.SlaveComputer tryReconnect
INFO: Attempting to reconnect RS_build_test_hpia64_repqahpia1
Sep 12, 2015 1:24:55 AM hudson.slaves.SlaveComputer tryReconnect
INFO: Attempting to reconnect RS_build_test_hpia64_repqahpia5
Sep 12, 2015 1:39:01 AM hudson.model.Run execute
INFO: SRS_SP300_STAGE_HRAX_PEORIOICALLY #1405 main build action completed: SUCCESS
Sep 12, 2015 1:42:55 AM hudson.slaves.SlaveComputer tryReconnect
INFO: Attempting to reconnect RS_build_hpia64_hsdub0001_official
Sep 12, 2015 1:44:55 AM hudson.slaves.SlaveComputer tryReconnect
INFO: Attempting to reconnect RS_build_sunx64_augusta
Sep 12, 2015 1:44:55 AM hudson.slaves.SlaveComputer tryReconnect
INFO: Attempting to reconnect RS_build_test_ibmaix64_p6vm1qb
Sep 12, 2015 1:46:55 AM hudson.slaves.SlaveComputer tryReconnect
INFO: Attempting to reconnect RS_build_sunx64_asekernal6
Sep 12, 2015 1:46:55 AM hudson.slaves.SlaveComputer tryReconnect
INFO: Attempting to reconnect RS_build_test_hpia64_repqahpia1
Sep 12, 2015 1:46:55 AM hudson.slaves.SlaveComputer tryReconnect
INFO: Attempting to reconnect RS_build_test_hpia64_repqahpia5
Sep 12, 2015 2:05:55 AM hudson.slaves.SlaveComputer tryReconnect
INFO: Attempting to reconnect RS_build_hpia64_hsdub0001_official
Sep 12, 2015 2:06:55 AM hudson.slaves.SlaveComputer tryReconnect
INFO: Attempting to reconnect RS_build_sunx64_augusta
Sep 12, 2015 2:06:55 AM hudson.slaves.SlaveComputer tryReconnect
INFO: Attempting to reconnect RS_build_test_ibmaix64_p6vm1qb
Sep 12, 2015 2:08:55 AM hudson.slaves.SlaveComputer tryReconnect
INFO: Attempting to reconnect RS_build_sunx64_asekernal6
Sep 12, 2015 2:08:55 AM hudson.slaves.SlaveComputer tryReconnect
INFO: Attempting to reconnect RS_build_test_hpia64_repqahpia1
Sep 12, 2015 2:08:55 AM hudson.slaves.SlaveComputer tryReconnect
INFO: Attempting to reconnect RS_build_test_hpia64_repqahpia5
Sep 12, 2015 2:09:01 AM hudson.model.Run execute
INFO: SRS_SP300_STAGE_HRAX_PEORIOICALLY #1406 main build action completed: SUCCESS
Sep 12, 2015 2:22:12 AM hudson.node_monitors.ResponseTimeMonitor$1 monitor
WARNING: Making RS_build_test_ibmaix64_p6vm1qb offline because it’s not responding
Sep 12, 2015 2:22:12 AM hudson.node_monitors.ResponseTimeMonitor$1 monitor
WARNING: Making RS_build_sunx64_augusta offline because it’s not responding
Sep 12, 2015 2:22:12 AM hudson.node_monitors.ResponseTimeMonitor$1 monitor
WARNING: Making RS_build_test_hpia64_repqahpia5 offline because it’s not responding
Sep 12, 2015 2:22:12 AM hudson.node_monitors.ResponseTimeMonitor$1 monitor
WARNING: Making RS_build_sunx64_asekernal6 offline because it’s not responding
Sep 12, 2015 2:22:12 AM hudson.node_monitors.ResponseTimeMonitor$1 monitor
WARNING: Making RS_build_test_hpia64_repqahpia1 offline because it’s not responding
Sep 12, 2015 2:22:12 AM hudson.node_monitors.ResponseTimeMonitor$1 monitor
WARNING: Making RS_build_hpia64_hsdub0001_official offline because it’s not responding
Sep 12, 2015 2:24:57 AM hudson.model.AsyncPeriodicWork$1 run
INFO: Started Out of order build detection
Sep 12, 2015 2:25:27 AM jenkins.diagnostics.ooom.Problem$Inspector scan
WARNING: Failed to inspect /remote/repeng10/.jenkins/jobs/1_Nightly_RS_Binary_Build_Linuxamd64/builds/1: /remote/repeng10/.jenkins/jobs/1_Nightly_RS_Binary_Build_Linuxamd64/builds/1/build.xml doesn't exist
Sep 12, 2015 2:27:55 AM hudson.slaves.SlaveComputer tryReconnect
INFO: Attempting to reconnect RS_build_hpia64_hsdub0001_official
Sep 12, 2015 2:28:41 AM jenkins.diagnostics.ooom.Problem$Inspector scan
WARNING: Failed to inspect /remote/repeng10/.jenkins/jobs/3_Nightly_Trigger_QA_Barrier_Test_Linuxamd64_Update/builds/2015-04-21_06-01-32: /remote/repeng10/.jenkins/jobs/3_Nightly_Trigger_QA_Barrier_Test_Linuxamd64_Update/builds/2015-04-21_06-01-32/build.xml doesn't exist
Sep 12, 2015 2:28:41 AM jenkins.diagnostics.ooom.Problem$Inspector scan
WARNING: Failed to inspect /remote/repeng10/.jenkins/jobs/3_Nightly_Trigger_QA_Barrier_Test_Linuxamd64_Update/builds/10: /remote/repeng10/.jenkins/jobs/3_Nightly_Trigger_QA_Barrier_Test_Linuxamd64_Update/builds/10/build.xml doesn't exist
Sep 12, 2015 2:28:41 AM jenkins.diagnostics.ooom.Problem$Inspector scan
WARNING: Failed to inspect /remote/repeng10/.jenkins/jobs/3_Nightly_Trigger_QA_Barrier_Test_Linuxamd64_Update/builds/2015-08-12_02-36-48: /remote/repeng10/.jenkins/jobs/3_Nightly_Trigger_QA_Barrier_Test_Linuxamd64_Update/builds/2015-08-12_02-36-48/build.xml doesn't exist
Sep 12, 2015 2:28:41 AM jenkins.diagnostics.ooom.Problem$Inspector scan
WARNING: Failed to inspect /remote/repeng10/.jenkins/jobs/3_Nightly_Trigger_QA_Barrier_Test_Linuxamd64_Update/builds/115: /remote/repeng10/.jenkins/jobs/3_Nightly_Trigger_QA_Barrier_Test_Linuxamd64_Update/builds/115/build.xml doesn't exist
Sep 12, 2015 2:29:55 AM hudson.slaves.SlaveComputer tryReconnect
INFO: Attempting to reconnect RS_build_sunx64_augusta
Sep 12, 2015 2:29:55 AM hudson.slaves.SlaveComputer tryReconnect
INFO: Attempting to reconnect RS_build_test_ibmaix64_p6vm1qb
Sep 12, 2015 2:31:55 AM hudson.slaves.SlaveComputer tryReconnect
INFO: Attempting to reconnect RS_build_sunx64_asekernal6
Sep 12, 2015 2:31:55 AM hudson.slaves.SlaveComputer tryReconnect
INFO: Attempting to reconnect RS_build_test_hpia64_repqahpia1
Sep 12, 2015 2:31:55 AM hudson.slaves.SlaveComputer tryReconnect
INFO: Attempting to reconnect RS_build_test_hpia64_repqahpia5
Sep 12, 2015 2:32:28 AM jenkins.diagnostics.ooom.Problem$Inspector scan
WARNING: Failed to inspect /remote/repeng10/.jenkins/jobs/3_Sub_Nightly_QA_Test_RS_NORMAL_SHORT/builds/2015-04-21_06-01-52: /remote/repeng10/.jenkins/jobs/3_Sub_Nightly_QA_Test_RS_NORMAL_SHORT/builds/2015-04-21_06-01-52/build.xml doesn't exist
Sep 12, 2015 2:32:28 AM jenkins.diagnostics.ooom.Problem$Inspector scan
WARNING: Failed to inspect /remote/repeng10/.jenkins/jobs/3_Sub_Nightly_QA_Test_RS_NORMAL_SHORT/builds/12: /remote/repeng10/.jenkins/jobs/3_Sub_Nightly_QA_Test_RS_NORMAL_SHORT/builds/12/build.xml doesn't exist
Sep 12, 2015 2:33:30 AM jenkins.diagnostics.ooom.Problem$Inspector scan
WARNING: Failed to inspect /remote/repeng10/.jenkins/jobs/3_Sub_Nightly_QA_Test_RS_STANDBY/builds/2015-04-21_06-01-52: /remote/repeng10/.jenkins/jobs/3_Sub_Nightly_QA_Test_RS_STANDBY/builds/2015-04-21_06-01-52/build.xml doesn't exist
Sep 12, 2015 2:33:30 AM jenkins.diagnostics.ooom.Problem$Inspector scan
WARNING: Failed to inspect /remote/repeng10/.jenkins/jobs/3_Sub_Nightly_QA_Test_RS_STANDBY/builds/11: /remote/repeng10/.jenkins/jobs/3_Sub_Nightly_QA_Test_RS_STANDBY/builds/11/build.xml doesn't exist
Sep 12, 2015 2:39:01 AM hudson.model.Run execute
INFO: SRS_SP300_STAGE_HRAX_PEORIOICALLY #1407 main build action completed: SUCCESS
Sep 12, 2015 2:48:32 AM jenkins.diagnostics.ooom.Problem$Inspector scan
WARNING: Failed to inspect /remote/repeng10/.jenkins/jobs/MyTest/builds/2015-04-22_00-55-20: /remote/repeng10/.jenkins/jobs/MyTest/builds/2015-04-22_00-55-20/build.xml doesn't exist
Sep 12, 2015 2:48:32 AM jenkins.diagnostics.ooom.Problem$Inspector scan
WARNING: Failed to inspect /remote/repeng10/.jenkins/jobs/MyTest/builds/4: /remote/repeng10/.jenkins/jobs/MyTest/builds/4/build.xml doesn't exist
Sep 12, 2015 2:49:55 AM hudson.slaves.SlaveComputer tryReconnect
INFO: Attempting to reconnect RS_build_hpia64_hsdub0001_official
Sep 12, 2015 2:51:55 AM hudson.slaves.SlaveComputer tryReconnect
INFO: Attempting to reconnect RS_build_sunx64_augusta
Sep 12, 2015 2:51:55 AM hudson.slaves.SlaveComputer tryReconnect
INFO: Attempting to reconnect RS_build_test_ibmaix64_p6vm1qb
Sep 12, 2015 2:52:55 AM hudson.slaves.SlaveComputer tryReconnect
INFO: Attempting to reconnect RS_build_sunx64_asekernal6
Sep 12, 2015 2:52:55 AM hudson.slaves.SlaveComputer tryReconnect
INFO: Attempting to reconnect RS_build_test_hpia64_repqahpia1
Sep 12, 2015 2:52:55 AM hudson.slaves.SlaveComputer tryReconnect
INFO: Attempting to reconnect RS_build_test_hpia64_repqahpia5
Sep 12, 2015 3:07:01 AM hudson.model.AsyncPeriodicWork$1 run
INFO: Finished Out of order build detection. 2,523,641 ms
Sep 12, 2015 3:09:01 AM hudson.model.Run execute
INFO: SRS_SP300_STAGE_HRAX_PEORIOICALLY #1408 main build action completed: SUCCESS
Sep 12, 2015 3:10:55 AM hudson.slaves.SlaveComputer tryReconnect
INFO: Attempting to reconnect RS_build_hpia64_hsdub0001_official
Sep 12, 2015 3:11:55 AM hudson.slaves.SlaveComputer tryReconnect
INFO: Attempting to reconnect RS_build_sunx64_augusta
Sep 12, 2015 3:11:55 AM hudson.slaves.SlaveComputer tryReconnect
INFO: Attempting to reconnect RS_build_test_ibmaix64_p6vm1qb
Sep 12, 2015 3:13:55 AM hudson.slaves.SlaveComputer tryReconnect
INFO: Attempting to reconnect RS_build_sunx64_asekernal6
Sep 12, 2015 3:13:55 AM hudson.slaves.SlaveComputer tryReconnect
INFO: Attempting to reconnect RS_build_test_hpia64_repqahpia1
Sep 12, 2015 3:13:55 AM hudson.slaves.SlaveComputer tryReconnect
INFO: Attempting to reconnect RS_build_test_hpia64_repqahpia5
Sep 12, 2015 3:22:12 AM hudson.node_monitors.ResponseTimeMonitor$1 monitor
WARNING: Making RS_build_test_ibmaix64_p6vm1qb offline because it’s not responding
Sep 12, 2015 3:22:12 AM hudson.node_monitors.ResponseTimeMonitor$1 monitor
WARNING: Making RS_build_sunx64_augusta offline because it’s not responding
Sep 12, 2015 3:22:12 AM hudson.node_monitors.ResponseTimeMonitor$1 monitor
WARNING: Making RS_build_test_hpia64_repqahpia5 offline because it’s not responding
Sep 12, 2015 3:22:12 AM hudson.node_monitors.ResponseTimeMonitor$1 monitor
WARNING: Making RS_build_sunx64_asekernal6 offline because it’s not responding
Sep 12, 2015 3:22:12 AM hudson.node_monitors.ResponseTimeMonitor$1 monitor
WARNING: Making RS_build_test_hpia64_repqahpia1 offline because it’s not responding
Sep 12, 2015 3:22:12 AM hudson.node_monitors.ResponseTimeMonitor$1 monitor
WARNING: Making RS_build_hpia64_hsdub0001_official offline because it’s not responding
Sep 12, 2015 3:31:55 AM hudson.slaves.SlaveComputer tryReconnect
INFO: Attempting to reconnect RS_build_hpia64_hsdub0001_official
Sep 12, 2015 3:33:55 AM hudson.slaves.SlaveComputer tryReconnect
INFO: Attempting to reconnect RS_build_sunx64_augusta
Sep 12, 2015 3:33:55 AM hudson.slaves.SlaveComputer tryReconnect
INFO: Attempting to reconnect RS_build_test_ibmaix64_p6vm1qb
Sep 12, 2015 3:35:55 AM hudson.slaves.SlaveComputer tryReconnect
INFO: Attempting to reconnect RS_build_sunx64_asekernal6
Sep 12, 2015 3:35:55 AM hudson.slaves.SlaveComputer tryReconnect
INFO: Attempting to reconnect RS_build_test_hpia64_repqahpia1
Sep 12, 2015 3:35:55 AM hudson.slaves.SlaveComputer tryReconnect
INFO: Attempting to reconnect RS_build_test_hpia64_repqahpia5
Sep 12, 2015 3:39:01 AM hudson.model.Run execute
INFO: SRS_SP300_STAGE_HRAX_PEORIOICALLY #1409 main build action completed: SUCCESS
Sep 12, 2015 3:46:22 AM hudson.model.AsyncPeriodicWork$1 run
INFO: Started Workspace clean-up
Sep 12, 2015 3:47:05 AM hudson.model.AsyncPeriodicWork$1 run
INFO: Finished Workspace clean-up. 42,775 ms
Sep 12, 2015 3:53:55 AM hudson.slaves.SlaveComputer tryReconnect
INFO: Attempting to reconnect RS_build_hpia64_hsdub0001_official
Sep 12, 2015 3:54:55 AM hudson.slaves.SlaveComputer tryReconnect
INFO: Attempting to reconnect RS_build_sunx64_augusta
Sep 12, 2015 3:54:55 AM hudson.slaves.SlaveComputer tryReconnect
INFO: Attempting to reconnect RS_build_test_ibmaix64_p6vm1qb
Sep 12, 2015 3:55:55 AM hudson.slaves.SlaveComputer tryReconnect
INFO: Attempting to reconnect RS_build_sunx64_asekernal6
Sep 12, 2015 3:55:55 AM hudson.slaves.SlaveComputer tryReconnect
INFO: Attempting to reconnect RS_build_test_hpia64_repqahpia1
Sep 12, 2015 3:55:55 AM hudson.slaves.SlaveComputer tryReconnect
INFO: Attempting to reconnect RS_build_test_hpia64_repqahpia5
Sep 12, 2015 4:09:01 AM hudson.model.Run execute
INFO: SRS_SP300_STAGE_HRAX_PEORIOICALLY #1410 main build action completed: SUCCESS
Sep 12, 2015 4:12:55 AM hudson.slaves.SlaveComputer tryReconnect
INFO: Attempting to reconnect RS_build_hpia64_hsdub0001_official
Sep 12, 2015 4:14:55 AM hudson.slaves.SlaveComputer tryReconnect
INFO: Attempting to reconnect RS_build_sunx64_augusta
Sep 12, 2015 4:14:55 AM hudson.slaves.SlaveComputer tryReconnect
INFO: Attempting to reconnect RS_build_test_ibmaix64_p6vm1qb
Sep 12, 2015 4:15:55 AM hudson.slaves.SlaveComputer tryReconnect
INFO: Attempting to reconnect RS_build_sunx64_asekernal6
Sep 12, 2015 4:15:55 AM hudson.slaves.SlaveComputer tryReconnect
INFO: Attempting to reconnect RS_build_test_hpia64_repqahpia1
Sep 12, 2015 4:15:55 AM hudson.slaves.SlaveComputer tryReconnect
INFO: Attempting to reconnect RS_build_test_hpia64_repqahpia5
Sep 12, 2015 4:22:12 AM hudson.node_monitors.ResponseTimeMonitor$1 monitor
WARNING: Making RS_build_test_ibmaix64_p6vm1qb offline because it’s not responding
Sep 12, 2015 4:22:12 AM hudson.node_monitors.ResponseTimeMonitor$1 monitor
WARNING: Making RS_build_sunx64_augusta offline because it’s not responding
Sep 12, 2015 4:22:12 AM hudson.node_monitors.ResponseTimeMonitor$1 monitor
WARNING: Making RS_build_test_hpia64_repqahpia5 offline because it’s not responding
Sep 12, 2015 4:22:12 AM hudson.node_monitors.ResponseTimeMonitor$1 monitor
WARNING: Making RS_build_sunx64_asekernal6 offline because it’s not responding
Sep 12, 2015 4:22:12 AM hudson.node_monitors.ResponseTimeMonitor$1 monitor
WARNING: Making RS_build_test_hpia64_repqahpia1 offline because it’s not responding
Sep 12, 2015 4:22:12 AM hudson.node_monitors.ResponseTimeMonitor$1 monitor
WARNING: Making RS_build_hpia64_hsdub0001_official offline because it’s not responding
Sep 12, 2015 4:34:55 AM hudson.slaves.SlaveComputer tryReconnect
INFO: Attempting to reconnect RS_build_hpia64_hsdub0001_official
Sep 12, 2015 4:36:55 AM hudson.slaves.SlaveComputer tryReconnect
INFO: Attempting to reconnect RS_build_sunx64_augusta
Sep 12, 2015 4:36:55 AM hudson.slaves.SlaveComputer tryReconnect
INFO: Attempting to reconnect RS_build_test_ibmaix64_p6vm1qb
Sep 12, 2015 4:37:51 AM hudson.model.Run execute
INFO: 1_Sub_Nightly_RMA_Binary_Build_Linuxamd64 #159 main build action completed: SUCCESS
Sep 12, 2015 4:37:55 AM hudson.slaves.SlaveComputer tryReconnect
INFO: Attempting to reconnect RS_build_sunx64_asekernal6
Sep 12, 2015 4:37:55 AM hudson.slaves.SlaveComputer tryReconnect
INFO: Attempting to reconnect RS_build_test_hpia64_repqahpia1
Sep 12, 2015 4:37:55 AM hudson.slaves.SlaveComputer tryReconnect
INFO: Attempting to reconnect RS_build_test_hpia64_repqahpia5
Sep 12, 2015 4:39:01 AM hudson.model.Run execute
INFO: SRS_SP300_STAGE_HRAX_PEORIOICALLY #1411 main build action completed: SUCCESS
Sep 12, 2015 4:56:55 AM hudson.slaves.SlaveComputer tryReconnect
INFO: Attempting to reconnect RS_build_hpia64_hsdub0001_official
Sep 12, 2015 4:57:34 AM hudson.model.Run execute
INFO: 1_Sub_Nightly_SRS_Build_Linuxamd64 #6 main build action completed: SUCCESS
Sep 12, 2015 4:57:37 AM hudson.model.Run execute
INFO: 1_Nightly_RS_Binary_Build_Parallel_Linuxamd64 #141 main build action completed: SUCCESS
Sep 12, 2015 4:58:55 AM hudson.slaves.SlaveComputer tryReconnect
INFO: Attempting to reconnect RS_build_sunx64_augusta
Sep 12, 2015 4:58:55 AM hudson.slaves.SlaveComputer tryReconnect
INFO: Attempting to reconnect RS_build_test_ibmaix64_p6vm1qb
Sep 12, 2015 5:00:55 AM hudson.slaves.SlaveComputer tryReconnect
INFO: Attempting to reconnect RS_build_sunx64_asekernal6
Sep 12, 2015 5:00:55 AM hudson.slaves.SlaveComputer tryReconnect
INFO: Attempting to reconnect RS_build_test_hpia64_repqahpia1
Sep 12, 2015 5:00:55 AM hudson.slaves.SlaveComputer tryReconnect
INFO: Attempting to reconnect RS_build_test_hpia64_repqahpia5
Sep 12, 2015 5:09:01 AM hudson.model.Run execute
INFO: SRS_SP300_STAGE_HRAX_PEORIOICALLY #1412 main build action completed: SUCCESS
Sep 12, 2015 5:09:03 AM hudson.model.Run execute
INFO: 2_Nightly_RS_Installer_Test_Linuxamd64 #171 main build action completed: SUCCESS
Sep 12, 2015 5:18:55 AM hudson.slaves.SlaveComputer tryReconnect
INFO: Attempting to reconnect RS_build_hpia64_hsdub0001_official
Sep 12, 2015 5:20:55 AM hudson.slaves.SlaveComputer tryReconnect
INFO: Attempting to reconnect RS_build_sunx64_augusta
Sep 12, 2015 5:20:55 AM hudson.slaves.SlaveComputer tryReconnect
INFO: Attempting to reconnect RS_build_test_ibmaix64_p6vm1qb
Sep 12, 2015 5:22:12 AM hudson.node_monitors.ResponseTimeMonitor$1 monitor
WARNING: Making RS_build_test_ibmaix64_p6vm1qb offline because it’s not responding
Sep 12, 2015 5:22:12 AM hudson.node_monitors.ResponseTimeMonitor$1 monitor
WARNING: Making RS_build_sunx64_augusta offline because it’s not responding
Sep 12, 2015 5:22:12 AM hudson.node_monitors.ResponseTimeMonitor$1 monitor
WARNING: Making RS_build_test_hpia64_repqahpia5 offline because it’s not responding
Sep 12, 2015 5:22:12 AM hudson.node_monitors.ResponseTimeMonitor$1 monitor
WARNING: Making RS_build_sunx64_asekernal6 offline because it’s not responding
Sep 12, 2015 5:22:12 AM hudson.node_monitors.ResponseTimeMonitor$1 monitor
WARNING: Making RS_build_test_hpia64_repqahpia1 offline because it’s not responding
Sep 12, 2015 5:22:12 AM hudson.node_monitors.ResponseTimeMonitor$1 monitor
WARNING: Making RS_build_hpia64_hsdub0001_official offline because it’s not responding
Sep 12, 2015 5:22:55 AM hudson.slaves.SlaveComputer tryReconnect
INFO: Attempting to reconnect RS_build_sunx64_asekernal6
Sep 12, 2015 5:22:55 AM hudson.slaves.SlaveComputer tryReconnect
INFO: Attempting to reconnect RS_build_test_hpia64_repqahpia1
Sep 12, 2015 5:22:55 AM hudson.slaves.SlaveComputer tryReconnect
INFO: Attempting to reconnect RS_build_test_hpia64_repqahpia5
Sep 12, 2015 5:39:01 AM hudson.model.Run execute
INFO: SRS_SP300_STAGE_HRAX_PEORIOICALLY #1413 main build action completed: SUCCESS
Sep 12, 2015 5:39:38 AM hudson.model.Run execute
INFO: 3_Sub_Nightly_QA_auto_install #141 main build action completed: SUCCESS
Sep 12, 2015 5:40:55 AM hudson.slaves.SlaveComputer tryReconnect
INFO: Attempting to reconnect RS_build_hpia64_hsdub0001_official
Sep 12, 2015 5:41:17 AM hudson.model.Run execute
INFO: 3_Sub_Nightly_QA_Test_RS_MATS_2 #60 main build action completed: SUCCESS
Sep 12, 2015 5:42:55 AM hudson.slaves.SlaveComputer tryReconnect
INFO: Attempting to reconnect RS_build_sunx64_augusta
Sep 12, 2015 5:42:55 AM hudson.slaves.SlaveComputer tryReconnect
INFO: Attempting to reconnect RS_build_test_ibmaix64_p6vm1qb
Sep 12, 2015 5:44:55 AM hudson.slaves.SlaveComputer tryReconnect
INFO: Attempting to reconnect RS_build_sunx64_asekernal6
Sep 12, 2015 5:44:55 AM hudson.slaves.SlaveComputer tryReconnect
INFO: Attempting to reconnect RS_build_test_hpia64_repqahpia1
Sep 12, 2015 5:44:55 AM hudson.slaves.SlaveComputer tryReconnect
INFO: Attempting to reconnect RS_build_test_hpia64_repqahpia5
Sep 12, 2015 5:48:06 AM hudson.model.Run execute
INFO: 3_Sub_Nightly_QA_Test_RS_NORMAL_SHORT_3 #58 main build action completed: SUCCESS
Sep 12, 2015 6:01:04 AM hudson.model.Run execute
INFO: SRS_SP300_STAGE_DA_PEORIOICALLY #118 main build action completed: SUCCESS
Sep 12, 2015 6:03:55 AM hudson.slaves.SlaveComputer tryReconnect
INFO: Attempting to reconnect RS_build_hpia64_hsdub0001_official
Sep 12, 2015 6:04:55 AM hudson.slaves.SlaveComputer tryReconnect
INFO: Attempting to reconnect RS_build_sunx64_augusta
Sep 12, 2015 6:04:55 AM hudson.slaves.SlaveComputer tryReconnect
INFO: Attempting to reconnect RS_build_test_ibmaix64_p6vm1qb
Sep 12, 2015 6:06:55 AM hudson.slaves.SlaveComputer tryReconnect
INFO: Attempting to reconnect RS_build_sunx64_asekernal6
Sep 12, 2015 6:06:55 AM hudson.slaves.SlaveComputer tryReconnect
INFO: Attempting to reconnect RS_build_test_hpia64_repqahpia1
Sep 12, 2015 6:06:55 AM hudson.slaves.SlaveComputer tryReconnect
INFO: Attempting to reconnect RS_build_test_hpia64_repqahpia5
Sep 12, 2015 6:09:03 AM hudson.model.Run execute
INFO: SRS_SP300_STAGE_HRAX_PEORIOICALLY #1414 main build action completed: SUCCESS
Sep 12, 2015 6:13:53 AM hudson.model.AsyncPeriodicWork$1 run
INFO: Started Download metadata
Sep 12, 2015 6:13:53 AM hudson.model.AsyncPeriodicWork$1 run
INFO: Finished Download metadata. 7 ms
Sep 12, 2015 6:20:56 AM hudson.model.Run execute
INFO: 3_Sub_Nightly_QA_Test_RS_NORMAL_SHORT_5 #58 main build action completed: SUCCESS
Sep 12, 2015 6:22:12 AM hudson.node_monitors.ResponseTimeMonitor$1 monitor
WARNING: Making RS_build_test_ibmaix64_p6vm1qb offline because it’s not responding
Sep 12, 2015 6:22:12 AM hudson.node_monitors.ResponseTimeMonitor$1 monitor
WARNING: Making RS_build_sunx64_augusta offline because it’s not responding
Sep 12, 2015 6:22:12 AM hudson.node_monitors.ResponseTimeMonitor$1 monitor
WARNING: Making RS_build_test_hpia64_repqahpia5 offline because it’s not responding
Sep 12, 2015 6:22:12 AM hudson.node_monitors.ResponseTimeMonitor$1 monitor
WARNING: Making RS_build_sunx64_asekernal6 offline because it’s not responding
Sep 12, 2015 6:22:12 AM hudson.node_monitors.ResponseTimeMonitor$1 monitor
WARNING: Making RS_build_test_hpia64_repqahpia1 offline because it’s not responding
Sep 12, 2015 6:22:12 AM hudson.node_monitors.ResponseTimeMonitor$1 monitor
WARNING: Making RS_build_hpia64_hsdub0001_official offline because it’s not responding
Sep 12, 2015 6:23:43 AM hudson.model.Run execute
INFO: 3_Sub_Nightly_QA_Test_RS_MATS_RS3_3 #60 main build action completed: SUCCESS
Sep 12, 2015 6:24:55 AM hudson.slaves.SlaveComputer tryReconnect
INFO: Attempting to reconnect RS_build_hpia64_hsdub0001_official
Sep 12, 2015 6:26:55 AM hudson.slaves.SlaveComputer tryReconnect
INFO: Attempting to reconnect RS_build_sunx64_augusta
Sep 12, 2015 6:26:55 AM hudson.slaves.SlaveComputer tryReconnect
INFO: Attempting to reconnect RS_build_test_ibmaix64_p6vm1qb
Sep 12, 2015 6:28:34 AM hudson.model.Run execute
INFO: 3_Sub_Nightly_QA_Test_RS_STANDBY_SHORT_2 #14 main build action completed: SUCCESS
Sep 12, 2015 6:28:55 AM hudson.slaves.SlaveComputer tryReconnect
INFO: Attempting to reconnect RS_build_sunx64_asekernal6
Sep 12, 2015 6:28:55 AM hudson.slaves.SlaveComputer tryReconnect
INFO: Attempting to reconnect RS_build_test_hpia64_repqahpia1
Sep 12, 2015 6:28:55 AM hudson.slaves.SlaveComputer tryReconnect
INFO: Attempting to reconnect RS_build_test_hpia64_repqahpia5
Sep 12, 2015 6:30:23 AM hudson.model.Run execute
INFO: 3_Sub_Nightly_QA_Test_SYNCREP_CI #45 main build action completed: SUCCESS
Sep 12, 2015 6:30:45 AM hudson.model.Run execute
INFO: 3_Sub_Nightly_QA_Test_RS_STANDBY_SHORT_1 #14 main build action completed: SUCCESS
Sep 12, 2015 6:35:44 AM hudson.model.Run execute
INFO: 3_Sub_Nightly_QA_Test_RS_STANDBY_3 #15 main build action completed: SUCCESS
Sep 12, 2015 6:38:05 AM hudson.model.Run execute
INFO: 3_Sub_Nightly_QA_Test_RS_NORMAL_SHORT_1 #86 main build action completed: SUCCESS
Sep 12, 2015 6:39:01 AM hudson.model.Run execute
INFO: SRS_SP300_STAGE_HRAX_PEORIOICALLY #1415 main build action completed: SUCCESS
Sep 12, 2015 6:44:11 AM hudson.model.Run execute
INFO: 3_Sub_Nightly_QA_Test_RS_MATS_RS3_4 #86 main build action completed: SUCCESS
Sep 12, 2015 6:45:03 AM hudson.model.Run execute
INFO: 3_Sub_Nightly_QA_Test_RS_NORMAL_SHORT_2 #58 main build action completed: SUCCESS
Sep 12, 2015 6:45:57 AM hudson.model.Run execute
INFO: 3_Sub_Nightly_QA_Test_RS_STANDBY_SHORT_3 #14 main build action completed: SUCCESS
Sep 12, 2015 6:46:55 AM hudson.slaves.SlaveComputer tryReconnect
INFO: Attempting to reconnect RS_build_hpia64_hsdub0001_official
Sep 12, 2015 6:48:55 AM hudson.slaves.SlaveComputer tryReconnect
INFO: Attempting to reconnect RS_build_sunx64_augusta
Sep 12, 2015 6:48:55 AM hudson.slaves.SlaveComputer tryReconnect
INFO: Attempting to reconnect RS_build_test_ibmaix64_p6vm1qb
Sep 12, 2015 6:49:55 AM hudson.slaves.SlaveComputer tryReconnect
INFO: Attempting to reconnect RS_build_sunx64_asekernal6
Sep 12, 2015 6:49:55 AM hudson.slaves.SlaveComputer tryReconnect
INFO: Attempting to reconnect RS_build_test_hpia64_repqahpia1
Sep 12, 2015 6:49:55 AM hudson.slaves.SlaveComputer tryReconnect
INFO: Attempting to reconnect RS_build_test_hpia64_repqahpia5
Sep 12, 2015 6:58:30 AM hudson.model.Run execute
INFO: 3_Sub_Nightly_QA_Test_RS_STANDBY_1 #15 main build action completed: SUCCESS
Sep 12, 2015 6:59:53 AM hudson.model.Run execute
INFO: 3_Sub_Nightly_QA_Test_RS_MATS_RS3_5 #59 main build action completed: SUCCESS
Sep 12, 2015 7:05:26 AM hudson.model.Run execute
INFO: 3_Sub_Nightly_QA_Test_RS_MATS_RS3_2 #59 main build action completed: SUCCESS
Sep 12, 2015 7:08:55 AM hudson.slaves.SlaveComputer tryReconnect
INFO: Attempting to reconnect RS_build_hpia64_hsdub0001_official
Sep 12, 2015 7:09:02 AM hudson.model.Run execute
INFO: SRS_SP300_STAGE_HRAX_PEORIOICALLY #1416 main build action completed: SUCCESS
Sep 12, 2015 7:09:55 AM hudson.slaves.SlaveComputer tryReconnect
INFO: Attempting to reconnect RS_build_sunx64_augusta
Sep 12, 2015 7:09:55 AM hudson.slaves.SlaveComputer tryReconnect
INFO: Attempting to reconnect RS_build_test_ibmaix64_p6vm1qb
Sep 12, 2015 7:11:55 AM hudson.slaves.SlaveComputer tryReconnect
INFO: Attempting to reconnect RS_build_sunx64_asekernal6
Sep 12, 2015 7:11:55 AM hudson.slaves.SlaveComputer tryReconnect
INFO: Attempting to reconnect RS_build_test_hpia64_repqahpia1
Sep 12, 2015 7:11:55 AM hudson.slaves.SlaveComputer tryReconnect
INFO: Attempting to reconnect RS_build_test_hpia64_repqahpia5
Sep 12, 2015 7:15:49 AM hudson.model.Run execute
INFO: 3_Sub_Nightly_QA_Test_RS_NORMAL_SHORT_4 #86 main build action completed: SUCCESS
Sep 12, 2015 7:22:12 AM hudson.node_monitors.ResponseTimeMonitor$1 monitor
WARNING: Making RS_build_test_ibmaix64_p6vm1qb offline because it’s not responding
Sep 12, 2015 7:22:12 AM hudson.node_monitors.ResponseTimeMonitor$1 monitor
WARNING: Making RS_build_sunx64_augusta offline because it’s not responding
Sep 12, 2015 7:22:12 AM hudson.node_monitors.ResponseTimeMonitor$1 monitor
WARNING: Making RS_build_test_hpia64_repqahpia5 offline because it’s not responding
Sep 12, 2015 7:22:12 AM hudson.node_monitors.ResponseTimeMonitor$1 monitor
WARNING: Making RS_build_sunx64_asekernal6 offline because it’s not responding
Sep 12, 2015 7:22:12 AM hudson.node_monitors.ResponseTimeMonitor$1 monitor
WARNING: Making RS_build_test_hpia64_repqahpia1 offline because it’s not responding
Sep 12, 2015 7:22:12 AM hudson.node_monitors.ResponseTimeMonitor$1 monitor
WARNING: Making RS_build_hpia64_hsdub0001_official offline because it’s not responding
Sep 12, 2015 7:23:34 AM hudson.model.Run execute
INFO: 3_Sub_Nightly_QA_Test_RS_MATS_RS3_1 #86 main build action completed: SUCCESS
Sep 12, 2015 7:27:05 AM hudson.model.Run execute
INFO: 3_Sub_Nightly_QA_Test_RS_STANDBY_4 #15 main build action completed: SUCCESS
Sep 12, 2015 7:30:19 AM hudson.model.Run execute
INFO: 3_Sub_Nightly_QA_Test_RS_MATS_4 #86 main build action completed: SUCCESS
Sep 12, 2015 7:30:55 AM hudson.slaves.SlaveComputer tryReconnect
INFO: Attempting to reconnect RS_build_hpia64_hsdub0001_official
Sep 12, 2015 7:32:55 AM hudson.slaves.SlaveComputer tryReconnect
INFO: Attempting to reconnect RS_build_sunx64_augusta
Sep 12, 2015 7:32:55 AM hudson.slaves.SlaveComputer tryReconnect
INFO: Attempting to reconnect RS_build_test_ibmaix64_p6vm1qb
Sep 12, 2015 7:34:55 AM hudson.slaves.SlaveComputer tryReconnect
INFO: Attempting to reconnect RS_build_sunx64_asekernal6
Sep 12, 2015 7:34:55 AM hudson.slaves.SlaveComputer tryReconnect
INFO: Attempting to reconnect RS_build_test_hpia64_repqahpia1
Sep 12, 2015 7:34:55 AM hudson.slaves.SlaveComputer tryReconnect
INFO: Attempting to reconnect RS_build_test_hpia64_repqahpia5
Sep 12, 2015 7:39:01 AM hudson.model.Run execute
INFO: SRS_SP300_STAGE_HRAX_PEORIOICALLY #1417 main build action completed: SUCCESS
Sep 12, 2015 7:52:55 AM hudson.slaves.SlaveComputer tryReconnect
INFO: Attempting to reconnect RS_build_hpia64_hsdub0001_official
Sep 12, 2015 7:53:46 AM hudson.model.Run execute
INFO: 3_Sub_Nightly_QA_Test_RS_MATS_1 #92 main build action completed: SUCCESS
Sep 12, 2015 7:54:49 AM hudson.model.Run execute
INFO: 3_Sub_Nightly_QA_Test_RS_STANDBY_5 #15 main build action completed: SUCCESS
Sep 12, 2015 7:54:55 AM hudson.slaves.SlaveComputer tryReconnect
INFO: Attempting to reconnect RS_build_sunx64_augusta
Sep 12, 2015 7:54:55 AM hudson.slaves.SlaveComputer tryReconnect
INFO: Attempting to reconnect RS_build_test_ibmaix64_p6vm1qb
Sep 12, 2015 7:55:55 AM hudson.slaves.SlaveComputer tryReconnect
INFO: Attempting to reconnect RS_build_sunx64_asekernal6
Sep 12, 2015 7:55:55 AM hudson.slaves.SlaveComputer tryReconnect
INFO: Attempting to reconnect RS_build_test_hpia64_repqahpia1
Sep 12, 2015 7:55:55 AM hudson.slaves.SlaveComputer tryReconnect
INFO: Attempting to reconnect RS_build_test_hpia64_repqahpia5
Sep 12, 2015 7:59:46 AM hudson.model.Run execute
INFO: 3_Sub_Nightly_QA_Test_RS_MATS_6 #59 main build action completed: SUCCESS
Sep 12, 2015 8:09:01 AM hudson.model.Run execute
INFO: SRS_SP300_STAGE_HRAX_PEORIOICALLY #1418 main build action completed: SUCCESS
Sep 12, 2015 8:14:55 AM hudson.slaves.SlaveComputer tryReconnect
INFO: Attempting to reconnect RS_build_hpia64_hsdub0001_official
Sep 12, 2015 8:15:55 AM hudson.slaves.SlaveComputer tryReconnect
INFO: Attempting to reconnect RS_build_sunx64_augusta
Sep 12, 2015 8:15:55 AM hudson.slaves.SlaveComputer tryReconnect
INFO: Attempting to reconnect RS_build_test_ibmaix64_p6vm1qb
Sep 12, 2015 8:17:55 AM hudson.slaves.SlaveComputer tryReconnect
INFO: Attempting to reconnect RS_build_sunx64_asekernal6
Sep 12, 2015 8:17:55 AM hudson.slaves.SlaveComputer tryReconnect
INFO: Attempting to reconnect RS_build_test_hpia64_repqahpia1
Sep 12, 2015 8:17:55 AM hudson.slaves.SlaveComputer tryReconnect
INFO: Attempting to reconnect RS_build_test_hpia64_repqahpia5
Sep 12, 2015 8:22:12 AM hudson.node_monitors.ResponseTimeMonitor$1 monitor
WARNING: Making RS_build_test_ibmaix64_p6vm1qb offline because it’s not responding
Sep 12, 2015 8:22:12 AM hudson.node_monitors.ResponseTimeMonitor$1 monitor
WARNING: Making RS_build_sunx64_augusta offline because it’s not responding
Sep 12, 2015 8:22:12 AM hudson.node_monitors.ResponseTimeMonitor$1 monitor
WARNING: Making RS_build_test_hpia64_repqahpia5 offline because it’s not responding
Sep 12, 2015 8:22:12 AM hudson.node_monitors.ResponseTimeMonitor$1 monitor
WARNING: Making RS_build_sunx64_asekernal6 offline because it’s not responding
Sep 12, 2015 8:22:12 AM hudson.node_monitors.ResponseTimeMonitor$1 monitor
WARNING: Making RS_build_test_hpia64_repqahpia1 offline because it’s not responding
Sep 12, 2015 8:22:12 AM hudson.node_monitors.ResponseTimeMonitor$1 monitor
WARNING: Making RS_build_hpia64_hsdub0001_official offline because it’s not responding
Sep 12, 2015 8:23:46 AM hudson.model.Run execute
INFO: 3_Sub_Nightly_QA_Test_RS_MATS_5 #59 main build action completed: SUCCESS
Sep 12, 2015 8:33:55 AM hudson.slaves.SlaveComputer tryReconnect
INFO: Attempting to reconnect RS_build_hpia64_hsdub0001_official
Sep 12, 2015 8:35:55 AM hudson.slaves.SlaveComputer tryReconnect
INFO: Attempting to reconnect RS_build_sunx64_augusta
Sep 12, 2015 8:35:55 AM hudson.slaves.SlaveComputer tryReconnect
INFO: Attempting to reconnect RS_build_test_ibmaix64_p6vm1qb
Sep 12, 2015 8:37:55 AM hudson.slaves.SlaveComputer tryReconnect
INFO: Attempting to reconnect RS_build_sunx64_asekernal6
Sep 12, 2015 8:37:55 AM hudson.slaves.SlaveComputer tryReconnect
INFO: Attempting to reconnect RS_build_test_hpia64_repqahpia1
Sep 12, 2015 8:37:55 AM hudson.slaves.SlaveComputer tryReconnect
INFO: Attempting to reconnect RS_build_test_hpia64_repqahpia5
Sep 12, 2015 8:39:01 AM hudson.model.Run execute
INFO: SRS_SP300_STAGE_HRAX_PEORIOICALLY #1419 main build action completed: SUCCESS
Sep 12, 2015 8:55:26 AM hudson.model.Run execute
INFO: 3_Sub_Nightly_QA_Test_RS_MATS_3 #59 main build action completed: SUCCESS
Sep 12, 2015 8:57:55 AM hudson.slaves.SlaveComputer tryReconnect
INFO: Attempting to reconnect RS_build_hpia64_hsdub0001_official
Sep 12, 2015 8:59:55 AM hudson.slaves.SlaveComputer tryReconnect
INFO: Attempting to reconnect RS_build_sunx64_augusta
Sep 12, 2015 8:59:55 AM hudson.slaves.SlaveComputer tryReconnect
INFO: Attempting to reconnect RS_build_test_ibmaix64_p6vm1qb
Sep 12, 2015 9:01:55 AM hudson.slaves.SlaveComputer tryReconnect
INFO: Attempting to reconnect RS_build_sunx64_asekernal6
Sep 12, 2015 9:01:55 AM hudson.slaves.SlaveComputer tryReconnect
INFO: Attempting to reconnect RS_build_test_hpia64_repqahpia1
Sep 12, 2015 9:01:55 AM hudson.slaves.SlaveComputer tryReconnect
INFO: Attempting to reconnect RS_build_test_hpia64_repqahpia5
Sep 12, 2015 9:09:01 AM hudson.model.Run execute
INFO: SRS_SP300_STAGE_HRAX_PEORIOICALLY #1420 main build action completed: SUCCESS
Sep 12, 2015 9:18:55 AM hudson.slaves.SlaveComputer tryReconnect
INFO: Attempting to reconnect RS_build_hpia64_hsdub0001_official
Sep 12, 2015 9:19:55 AM hudson.slaves.SlaveComputer tryReconnect
INFO: Attempting to reconnect RS_build_sunx64_augusta
Sep 12, 2015 9:19:55 AM hudson.slaves.SlaveComputer tryReconnect
INFO: Attempting to reconnect RS_build_test_ibmaix64_p6vm1qb
Sep 12, 2015 9:21:55 AM hudson.slaves.SlaveComputer tryReconnect
INFO: Attempting to reconnect RS_build_sunx64_asekernal6
Sep 12, 2015 9:21:55 AM hudson.slaves.SlaveComputer tryReconnect
INFO: Attempting to reconnect RS_build_test_hpia64_repqahpia1
Sep 12, 2015 9:21:55 AM hudson.slaves.SlaveComputer tryReconnect
INFO: Attempting to reconnect RS_build_test_hpia64_repqahpia5
Sep 12, 2015 9:22:12 AM hudson.node_monitors.ResponseTimeMonitor$1 monitor
WARNING: Making RS_build_test_ibmaix64_p6vm1qb offline because it’s not responding
Sep 12, 2015 9:22:12 AM hudson.node_monitors.ResponseTimeMonitor$1 monitor
WARNING: Making RS_build_sunx64_augusta offline because it’s not responding
Sep 12, 2015 9:22:12 AM hudson.node_monitors.ResponseTimeMonitor$1 monitor
WARNING: Making RS_build_test_hpia64_repqahpia5 offline because it’s not responding
Sep 12, 2015 9:22:12 AM hudson.node_monitors.ResponseTimeMonitor$1 monitor
WARNING: Making RS_build_sunx64_asekernal6 offline because it’s not responding
Sep 12, 2015 9:22:12 AM hudson.node_monitors.ResponseTimeMonitor$1 monitor
WARNING: Making RS_build_test_hpia64_repqahpia1 offline because it’s not responding
Sep 12, 2015 9:22:12 AM hudson.node_monitors.ResponseTimeMonitor$1 monitor
WARNING: Making RS_build_hpia64_hsdub0001_official offline because it’s not responding
Sep 12, 2015 9:39:01 AM hudson.model.Run execute
INFO: SRS_SP300_STAGE_HRAX_PEORIOICALLY #1421 main build action completed: SUCCESS
Sep 12, 2015 9:39:55 AM hudson.slaves.SlaveComputer tryReconnect
INFO: Attempting to reconnect RS_build_hpia64_hsdub0001_official
Sep 12, 2015 9:41:55 AM hudson.slaves.SlaveComputer tryReconnect
INFO: Attempting to reconnect RS_build_sunx64_augusta
Sep 12, 2015 9:41:55 AM hudson.slaves.SlaveComputer tryReconnect
INFO: Attempting to reconnect RS_build_test_ibmaix64_p6vm1qb
Sep 12, 2015 9:42:55 AM hudson.slaves.SlaveComputer tryReconnect
INFO: Attempting to reconnect RS_build_sunx64_asekernal6
Sep 12, 2015 9:42:55 AM hudson.slaves.SlaveComputer tryReconnect
INFO: Attempting to reconnect RS_build_test_hpia64_repqahpia1
Sep 12, 2015 9:42:55 AM hudson.slaves.SlaveComputer tryReconnect
INFO: Attempting to reconnect RS_build_test_hpia64_repqahpia5
Sep 12, 2015 10:01:55 AM hudson.slaves.SlaveComputer tryReconnect
INFO: Attempting to reconnect RS_build_hpia64_hsdub0001_official
Sep 12, 2015 10:03:55 AM hudson.slaves.SlaveComputer tryReconnect
INFO: Attempting to reconnect RS_build_sunx64_augusta
Sep 12, 2015 10:03:55 AM hudson.slaves.SlaveComputer tryReconnect
INFO: Attempting to reconnect RS_build_test_ibmaix64_p6vm1qb
Sep 12, 2015 10:05:55 AM hudson.slaves.SlaveComputer tryReconnect
INFO: Attempting to reconnect RS_build_sunx64_asekernal6
Sep 12, 2015 10:05:55 AM hudson.slaves.SlaveComputer tryReconnect
INFO: Attempting to reconnect RS_build_test_hpia64_repqahpia1
Sep 12, 2015 10:05:55 AM hudson.slaves.SlaveComputer tryReconnect
INFO: Attempting to reconnect RS_build_test_hpia64_repqahpia5
Sep 12, 2015 10:09:01 AM hudson.model.Run execute
INFO: SRS_SP300_STAGE_HRAX_PEORIOICALLY #1422 main build action completed: SUCCESS
Sep 12, 2015 10:22:12 AM hudson.node_monitors.ResponseTimeMonitor$1 monitor
WARNING: Making RS_build_test_ibmaix64_p6vm1qb offline because it’s not responding
Sep 12, 2015 10:22:12 AM hudson.node_monitors.ResponseTimeMonitor$1 monitor
WARNING: Making RS_build_sunx64_augusta offline because it’s not responding
Sep 12, 2015 10:22:12 AM hudson.node_monitors.ResponseTimeMonitor$1 monitor
WARNING: Making RS_build_test_hpia64_repqahpia5 offline because it’s not responding
Sep 12, 2015 10:22:12 AM hudson.node_monitors.ResponseTimeMonitor$1 monitor
WARNING: Making RS_build_sunx64_asekernal6 offline because it’s not responding
Sep 12, 2015 10:22:12 AM hudson.node_monitors.ResponseTimeMonitor$1 monitor
WARNING: Making RS_build_test_hpia64_repqahpia1 offline because it’s not responding
Sep 12, 2015 10:22:12 AM hudson.node_monitors.ResponseTimeMonitor$1 monitor
WARNING: Making RS_build_hpia64_hsdub0001_official offline because it’s not responding
Sep 12, 2015 10:24:55 AM hudson.slaves.SlaveComputer tryReconnect
INFO: Attempting to reconnect RS_build_hpia64_hsdub0001_official
Sep 12, 2015 10:26:55 AM hudson.slaves.SlaveComputer tryReconnect
INFO: Attempting to reconnect RS_build_sunx64_augusta
Sep 12, 2015 10:26:55 AM hudson.slaves.SlaveComputer tryReconnect
INFO: Attempting to reconnect RS_build_test_ibmaix64_p6vm1qb
Sep 12, 2015 10:27:55 AM hudson.slaves.SlaveComputer tryReconnect
INFO: Attempting to reconnect RS_build_sunx64_asekernal6
Sep 12, 2015 10:27:55 AM hudson.slaves.SlaveComputer tryReconnect
INFO: Attempting to reconnect RS_build_test_hpia64_repqahpia1
Sep 12, 2015 10:27:55 AM hudson.slaves.SlaveComputer tryReconnect
INFO: Attempting to reconnect RS_build_test_hpia64_repqahpia5
Sep 12, 2015 10:39:01 AM hudson.model.Run execute
INFO: SRS_SP300_STAGE_HRAX_PEORIOICALLY #1423 main build action completed: SUCCESS
Sep 12, 2015 10:45:55 AM hudson.slaves.SlaveComputer tryReconnect
INFO: Attempting to reconnect RS_build_hpia64_hsdub0001_official
Sep 12, 2015 10:46:02 AM hudson.model.Run execute
INFO: 3_Sub_Nightly_QA_Test_RS_STANDBY_2 #15 main build action completed: SUCCESS
Sep 12, 2015 10:46:25 AM hudson.model.Run execute
INFO: 3_Sub_Nightly_Publish_QA_Test_Report #139 main build action completed: SUCCESS
Sep 12, 2015 10:46:27 AM hudson.model.Run execute
INFO: 3_Nightly_Trigger_QA_Barrier_Test_Linuxamd64_Update #137 main build action completed: SUCCESS
Sep 12, 2015 10:46:55 AM hudson.slaves.SlaveComputer tryReconnect
INFO: Attempting to reconnect RS_build_sunx64_augusta
Sep 12, 2015 10:46:55 AM hudson.slaves.SlaveComputer tryReconnect
INFO: Attempting to reconnect RS_build_test_ibmaix64_p6vm1qb
Sep 12, 2015 10:47:55 AM hudson.slaves.SlaveComputer tryReconnect
INFO: Attempting to reconnect RS_build_sunx64_asekernal6
Sep 12, 2015 10:47:55 AM hudson.slaves.SlaveComputer tryReconnect
INFO: Attempting to reconnect RS_build_test_hpia64_repqahpia1
Sep 12, 2015 10:47:55 AM hudson.slaves.SlaveComputer tryReconnect
INFO: Attempting to reconnect RS_build_test_hpia64_repqahpia5
Sep 12, 2015 10:59:23 AM hudson.model.AsyncPeriodicWork$1 run
INFO: Started Fingerprint cleanup
Sep 12, 2015 10:59:23 AM hudson.model.AsyncPeriodicWork$1 run
INFO: Finished Fingerprint cleanup. 41 ms
Sep 12, 2015 11:06:55 AM hudson.slaves.SlaveComputer tryReconnect
INFO: Attempting to reconnect RS_build_hpia64_hsdub0001_official
Sep 12, 2015 11:07:55 AM hudson.slaves.SlaveComputer tryReconnect
INFO: Attempting to reconnect RS_build_sunx64_augusta
Sep 12, 2015 11:07:55 AM hudson.slaves.SlaveComputer tryReconnect
INFO: Attempting to reconnect RS_build_test_ibmaix64_p6vm1qb
Sep 12, 2015 11:09:02 AM hudson.model.Run execute
INFO: SRS_SP300_STAGE_HRAX_PEORIOICALLY #1424 main build action completed: SUCCESS
Sep 12, 2015 11:09:55 AM hudson.slaves.SlaveComputer tryReconnect
INFO: Attempting to reconnect RS_build_sunx64_asekernal6
Sep 12, 2015 11:09:55 AM hudson.slaves.SlaveComputer tryReconnect
INFO: Attempting to reconnect RS_build_test_hpia64_repqahpia1
Sep 12, 2015 11:09:55 AM hudson.slaves.SlaveComputer tryReconnect
INFO: Attempting to reconnect RS_build_test_hpia64_repqahpia5
Sep 12, 2015 11:22:12 AM hudson.node_monitors.ResponseTimeMonitor$1 monitor
WARNING: Making RS_build_test_ibmaix64_p6vm1qb offline because it’s not responding
Sep 12, 2015 11:22:12 AM hudson.node_monitors.ResponseTimeMonitor$1 monitor
WARNING: Making RS_build_sunx64_augusta offline because it’s not responding
Sep 12, 2015 11:22:12 AM hudson.node_monitors.ResponseTimeMonitor$1 monitor
WARNING: Making RS_build_test_hpia64_repqahpia5 offline because it’s not responding
Sep 12, 2015 11:22:12 AM hudson.node_monitors.ResponseTimeMonitor$1 monitor
WARNING: Making RS_build_sunx64_asekernal6 offline because it’s not responding
Sep 12, 2015 11:22:12 AM hudson.node_monitors.ResponseTimeMonitor$1 monitor
WARNING: Making RS_build_test_hpia64_repqahpia1 offline because it’s not responding
Sep 12, 2015 11:22:12 AM hudson.node_monitors.ResponseTimeMonitor$1 monitor
WARNING: Making RS_build_hpia64_hsdub0001_official offline because it’s not responding
Sep 12, 2015 11:28:55 AM hudson.slaves.SlaveComputer tryReconnect
INFO: Attempting to reconnect RS_build_hpia64_hsdub0001_official
Sep 12, 2015 11:30:55 AM hudson.slaves.SlaveComputer tryReconnect
INFO: Attempting to reconnect RS_build_sunx64_augusta
Sep 12, 2015 11:30:55 AM hudson.slaves.SlaveComputer tryReconnect
INFO: Attempting to reconnect RS_build_test_ibmaix64_p6vm1qb
Sep 12, 2015 11:32:55 AM hudson.slaves.SlaveComputer tryReconnect
INFO: Attempting to reconnect RS_build_sunx64_asekernal6
Sep 12, 2015 11:32:55 AM hudson.slaves.SlaveComputer tryReconnect
INFO: Attempting to reconnect RS_build_test_hpia64_repqahpia1
Sep 12, 2015 11:32:55 AM hudson.slaves.SlaveComputer tryReconnect
INFO: Attempting to reconnect RS_build_test_hpia64_repqahpia5
Sep 12, 2015 11:39:01 AM hudson.model.Run execute
INFO: SRS_SP300_STAGE_HRAX_PEORIOICALLY #1425 main build action completed: SUCCESS
Sep 12, 2015 11:50:55 AM hudson.slaves.SlaveComputer tryReconnect
INFO: Attempting to reconnect RS_build_hpia64_hsdub0001_official
Sep 12, 2015 11:52:55 AM hudson.slaves.SlaveComputer tryReconnect
INFO: Attempting to reconnect RS_build_sunx64_augusta
Sep 12, 2015 11:52:55 AM hudson.slaves.SlaveComputer tryReconnect
INFO: Attempting to reconnect RS_build_test_ibmaix64_p6vm1qb
Sep 12, 2015 11:54:55 AM hudson.slaves.SlaveComputer tryReconnect
INFO: Attempting to reconnect RS_build_sunx64_asekernal6
Sep 12, 2015 11:54:55 AM hudson.slaves.SlaveComputer tryReconnect
INFO: Attempting to reconnect RS_build_test_hpia64_repqahpia1
Sep 12, 2015 11:54:55 AM hudson.slaves.SlaveComputer tryReconnect
INFO: Attempting to reconnect RS_build_test_hpia64_repqahpia5
Sep 12, 2015 12:01:03 PM hudson.model.Run execute
INFO: SRS_SP300_STAGE_DA_PEORIOICALLY #119 main build action completed: SUCCESS
Sep 12, 2015 12:09:01 PM hudson.model.Run execute
INFO: SRS_SP300_STAGE_HRAX_PEORIOICALLY #1426 main build action completed: SUCCESS
Sep 12, 2015 12:12:55 PM hudson.slaves.SlaveComputer tryReconnect
INFO: Attempting to reconnect RS_build_hpia64_hsdub0001_official
Sep 12, 2015 12:14:55 PM hudson.slaves.SlaveComputer tryReconnect
INFO: Attempting to reconnect RS_build_sunx64_augusta
Sep 12, 2015 12:14:55 PM hudson.slaves.SlaveComputer tryReconnect
INFO: Attempting to reconnect RS_build_test_ibmaix64_p6vm1qb
Sep 12, 2015 12:16:55 PM hudson.slaves.SlaveComputer tryReconnect
INFO: Attempting to reconnect RS_build_sunx64_asekernal6
Sep 12, 2015 12:16:55 PM hudson.slaves.SlaveComputer tryReconnect
INFO: Attempting to reconnect RS_build_test_hpia64_repqahpia1
Sep 12, 2015 12:16:55 PM hudson.slaves.SlaveComputer tryReconnect
INFO: Attempting to reconnect RS_build_test_hpia64_repqahpia5
Sep 12, 2015 12:22:12 PM hudson.node_monitors.ResponseTimeMonitor$1 monitor
WARNING: Making RS_build_test_ibmaix64_p6vm1qb offline because it’s not responding
Sep 12, 2015 12:22:12 PM hudson.node_monitors.ResponseTimeMonitor$1 monitor
WARNING: Making RS_build_sunx64_augusta offline because it’s not responding
Sep 12, 2015 12:22:12 PM hudson.node_monitors.ResponseTimeMonitor$1 monitor
WARNING: Making RS_build_test_hpia64_repqahpia5 offline because it’s not responding
Sep 12, 2015 12:22:12 PM hudson.node_monitors.ResponseTimeMonitor$1 monitor
WARNING: Making RS_build_sunx64_asekernal6 offline because it’s not responding
Sep 12, 2015 12:22:12 PM hudson.node_monitors.ResponseTimeMonitor$1 monitor
WARNING: Making RS_build_test_hpia64_repqahpia1 offline because it’s not responding
Sep 12, 2015 12:22:12 PM hudson.node_monitors.ResponseTimeMonitor$1 monitor
WARNING: Making RS_build_hpia64_hsdub0001_official offline because it’s not responding
Sep 12, 2015 12:34:55 PM hudson.slaves.SlaveComputer tryReconnect
INFO: Attempting to reconnect RS_build_hpia64_hsdub0001_official
Sep 12, 2015 12:36:55 PM hudson.slaves.SlaveComputer tryReconnect
INFO: Attempting to reconnect RS_build_sunx64_augusta
Sep 12, 2015 12:36:55 PM hudson.slaves.SlaveComputer tryReconnect
INFO: Attempting to reconnect RS_build_test_ibmaix64_p6vm1qb
Sep 12, 2015 12:37:55 PM hudson.slaves.SlaveComputer tryReconnect
INFO: Attempting to reconnect RS_build_sunx64_asekernal6
Sep 12, 2015 12:37:55 PM hudson.slaves.SlaveComputer tryReconnect
INFO: Attempting to reconnect RS_build_test_hpia64_repqahpia1
Sep 12, 2015 12:37:55 PM hudson.slaves.SlaveComputer tryReconnect
INFO: Attempting to reconnect RS_build_test_hpia64_repqahpia5
Sep 12, 2015 12:39:01 PM hudson.model.Run execute
INFO: SRS_SP300_STAGE_HRAX_PEORIOICALLY #1427 main build action completed: SUCCESS
Sep 12, 2015 12:55:55 PM hudson.slaves.SlaveComputer tryReconnect
INFO: Attempting to reconnect RS_build_hpia64_hsdub0001_official
Sep 12, 2015 12:57:55 PM hudson.slaves.SlaveComputer tryReconnect
INFO: Attempting to reconnect RS_build_sunx64_augusta
Sep 12, 2015 12:57:55 PM hudson.slaves.SlaveComputer tryReconnect
INFO: Attempting to reconnect RS_build_test_ibmaix64_p6vm1qb
Sep 12, 2015 12:59:55 PM hudson.slaves.SlaveComputer tryReconnect
INFO: Attempting to reconnect RS_build_sunx64_asekernal6
Sep 12, 2015 12:59:55 PM hudson.slaves.SlaveComputer tryReconnect
INFO: Attempting to reconnect RS_build_test_hpia64_repqahpia1
Sep 12, 2015 12:59:55 PM hudson.slaves.SlaveComputer tryReconnect
INFO: Attempting to reconnect RS_build_test_hpia64_repqahpia5
Sep 12, 2015 1:09:01 PM hudson.model.Run execute
INFO: SRS_SP300_STAGE_HRAX_PEORIOICALLY #1428 main build action completed: SUCCESS
Sep 12, 2015 1:16:55 PM hudson.slaves.SlaveComputer tryReconnect
INFO: Attempting to reconnect RS_build_hpia64_hsdub0001_official
Sep 12, 2015 1:17:55 PM hudson.slaves.SlaveComputer tryReconnect
INFO: Attempting to reconnect RS_build_sunx64_augusta
Sep 12, 2015 1:17:55 PM hudson.slaves.SlaveComputer tryReconnect
INFO: Attempting to reconnect RS_build_test_ibmaix64_p6vm1qb
Sep 12, 2015 1:19:55 PM hudson.slaves.SlaveComputer tryReconnect
INFO: Attempting to reconnect RS_build_sunx64_asekernal6
Sep 12, 2015 1:19:55 PM hudson.slaves.SlaveComputer tryReconnect
INFO: Attempting to reconnect RS_build_test_hpia64_repqahpia1
Sep 12, 2015 1:19:55 PM hudson.slaves.SlaveComputer tryReconnect
INFO: Attempting to reconnect RS_build_test_hpia64_repqahpia5
Sep 12, 2015 1:22:12 PM hudson.node_monitors.ResponseTimeMonitor$1 monitor
WARNING: Making RS_build_test_ibmaix64_p6vm1qb offline because it’s not responding
Sep 12, 2015 1:22:12 PM hudson.node_monitors.ResponseTimeMonitor$1 monitor
WARNING: Making RS_build_sunx64_augusta offline because it’s not responding
Sep 12, 2015 1:22:12 PM hudson.node_monitors.ResponseTimeMonitor$1 monitor
WARNING: Making RS_build_test_hpia64_repqahpia5 offline because it’s not responding
Sep 12, 2015 1:22:12 PM hudson.node_monitors.ResponseTimeMonitor$1 monitor
WARNING: Making RS_build_sunx64_asekernal6 offline because it’s not responding
Sep 12, 2015 1:22:12 PM hudson.node_monitors.ResponseTimeMonitor$1 monitor
WARNING: Making RS_build_test_hpia64_repqahpia1 offline because it’s not responding
Sep 12, 2015 1:22:12 PM hudson.node_monitors.ResponseTimeMonitor$1 monitor
WARNING: Making RS_build_hpia64_hsdub0001_official offline because it’s not responding
Sep 12, 2015 1:39:01 PM hudson.model.Run execute
INFO: SRS_SP300_STAGE_HRAX_PEORIOICALLY #1429 main build action completed: SUCCESS
Sep 12, 2015 1:39:55 PM hudson.slaves.SlaveComputer tryReconnect
INFO: Attempting to reconnect RS_build_hpia64_hsdub0001_official
Sep 12, 2015 1:41:55 PM hudson.slaves.SlaveComputer tryReconnect
INFO: Attempting to reconnect RS_build_sunx64_augusta
Sep 12, 2015 1:41:55 PM hudson.slaves.SlaveComputer tryReconnect
INFO: Attempting to reconnect RS_build_test_ibmaix64_p6vm1qb
Sep 12, 2015 1:42:55 PM hudson.slaves.SlaveComputer tryReconnect
INFO: Attempting to reconnect RS_build_sunx64_asekernal6
Sep 12, 2015 1:42:55 PM hudson.slaves.SlaveComputer tryReconnect
INFO: Attempting to reconnect RS_build_test_hpia64_repqahpia1
Sep 12, 2015 1:42:55 PM hudson.slaves.SlaveComputer tryReconnect
INFO: Attempting to reconnect RS_build_test_hpia64_repqahpia5
Sep 12, 2015 1:59:55 PM hudson.slaves.SlaveComputer tryReconnect
INFO: Attempting to reconnect RS_build_hpia64_hsdub0001_official
Sep 12, 2015 2:01:55 PM hudson.slaves.SlaveComputer tryReconnect
INFO: Attempting to reconnect RS_build_sunx64_augusta
Sep 12, 2015 2:01:55 PM hudson.slaves.SlaveComputer tryReconnect
INFO: Attempting to reconnect RS_build_test_ibmaix64_p6vm1qb
Sep 12, 2015 2:03:55 PM hudson.slaves.SlaveComputer tryReconnect
INFO: Attempting to reconnect RS_build_sunx64_asekernal6
Sep 12, 2015 2:03:55 PM hudson.slaves.SlaveComputer tryReconnect
INFO: Attempting to reconnect RS_build_test_hpia64_repqahpia1
Sep 12, 2015 2:03:55 PM hudson.slaves.SlaveComputer tryReconnect
INFO: Attempting to reconnect RS_build_test_hpia64_repqahpia5
Sep 12, 2015 2:09:01 PM hudson.model.Run execute
INFO: SRS_SP300_STAGE_HRAX_PEORIOICALLY #1430 main build action completed: SUCCESS
Sep 12, 2015 2:20:55 PM hudson.slaves.SlaveComputer tryReconnect
INFO: Attempting to reconnect RS_build_hpia64_hsdub0001_official
Sep 12, 2015 2:22:12 PM hudson.node_monitors.ResponseTimeMonitor$1 monitor
WARNING: Making RS_build_test_ibmaix64_p6vm1qb offline because it’s not responding
Sep 12, 2015 2:22:12 PM hudson.node_monitors.ResponseTimeMonitor$1 monitor
WARNING: Making RS_build_sunx64_augusta offline because it’s not responding
Sep 12, 2015 2:22:12 PM hudson.node_monitors.ResponseTimeMonitor$1 monitor
WARNING: Making RS_build_test_hpia64_repqahpia5 offline because it’s not responding
Sep 12, 2015 2:22:12 PM hudson.node_monitors.ResponseTimeMonitor$1 monitor
WARNING: Making RS_build_sunx64_asekernal6 offline because it’s not responding
Sep 12, 2015 2:22:12 PM hudson.node_monitors.ResponseTimeMonitor$1 monitor
WARNING: Making RS_build_test_hpia64_repqahpia1 offline because it’s not responding
Sep 12, 2015 2:22:12 PM hudson.node_monitors.ResponseTimeMonitor$1 monitor
WARNING: Making RS_build_hpia64_hsdub0001_official offline because it’s not responding
Sep 12, 2015 2:22:55 PM hudson.slaves.SlaveComputer tryReconnect
INFO: Attempting to reconnect RS_build_sunx64_augusta
Sep 12, 2015 2:22:55 PM hudson.slaves.SlaveComputer tryReconnect
INFO: Attempting to reconnect RS_build_test_ibmaix64_p6vm1qb
Sep 12, 2015 2:24:55 PM hudson.slaves.SlaveComputer tryReconnect
INFO: Attempting to reconnect RS_build_sunx64_asekernal6
Sep 12, 2015 2:24:55 PM hudson.slaves.SlaveComputer tryReconnect
INFO: Attempting to reconnect RS_build_test_hpia64_repqahpia1
Sep 12, 2015 2:24:55 PM hudson.slaves.SlaveComputer tryReconnect
INFO: Attempting to reconnect RS_build_test_hpia64_repqahpia5
Sep 12, 2015 2:39:01 PM hudson.model.Run execute
INFO: SRS_SP300_STAGE_HRAX_PEORIOICALLY #1431 main build action completed: SUCCESS
Sep 12, 2015 2:41:55 PM hudson.slaves.SlaveComputer tryReconnect
INFO: Attempting to reconnect RS_build_hpia64_hsdub0001_official
Sep 12, 2015 2:43:55 PM hudson.slaves.SlaveComputer tryReconnect
INFO: Attempting to reconnect RS_build_sunx64_augusta
Sep 12, 2015 2:43:55 PM hudson.slaves.SlaveComputer tryReconnect
INFO: Attempting to reconnect RS_build_test_ibmaix64_p6vm1qb
Sep 12, 2015 2:45:55 PM hudson.slaves.SlaveComputer tryReconnect
INFO: Attempting to reconnect RS_build_sunx64_asekernal6
Sep 12, 2015 2:45:55 PM hudson.slaves.SlaveComputer tryReconnect
INFO: Attempting to reconnect RS_build_test_hpia64_repqahpia1
Sep 12, 2015 2:45:55 PM hudson.slaves.SlaveComputer tryReconnect
INFO: Attempting to reconnect RS_build_test_hpia64_repqahpia5
Sep 12, 2015 3:02:55 PM hudson.slaves.SlaveComputer tryReconnect
INFO: Attempting to reconnect RS_build_hpia64_hsdub0001_official
Sep 12, 2015 3:03:55 PM hudson.slaves.SlaveComputer tryReconnect
INFO: Attempting to reconnect RS_build_sunx64_augusta
Sep 12, 2015 3:03:55 PM hudson.slaves.SlaveComputer tryReconnect
INFO: Attempting to reconnect RS_build_test_ibmaix64_p6vm1qb
Sep 12, 2015 3:05:55 PM hudson.slaves.SlaveComputer tryReconnect
INFO: Attempting to reconnect RS_build_sunx64_asekernal6
Sep 12, 2015 3:05:55 PM hudson.slaves.SlaveComputer tryReconnect
INFO: Attempting to reconnect RS_build_test_hpia64_repqahpia1
Sep 12, 2015 3:05:55 PM hudson.slaves.SlaveComputer tryReconnect
INFO: Attempting to reconnect RS_build_test_hpia64_repqahpia5
Sep 12, 2015 3:09:01 PM hudson.model.Run execute
INFO: SRS_SP300_STAGE_HRAX_PEORIOICALLY #1432 main build action completed: SUCCESS
Sep 12, 2015 3:22:12 PM hudson.node_monitors.ResponseTimeMonitor$1 monitor
WARNING: Making RS_build_test_ibmaix64_p6vm1qb offline because it’s not responding
Sep 12, 2015 3:22:12 PM hudson.node_monitors.ResponseTimeMonitor$1 monitor
WARNING: Making RS_build_sunx64_augusta offline because it’s not responding
Sep 12, 2015 3:22:12 PM hudson.node_monitors.ResponseTimeMonitor$1 monitor
WARNING: Making RS_build_test_hpia64_repqahpia5 offline because it’s not responding
Sep 12, 2015 3:22:12 PM hudson.node_monitors.ResponseTimeMonitor$1 monitor
WARNING: Making RS_build_sunx64_asekernal6 offline because it’s not responding
Sep 12, 2015 3:22:12 PM hudson.node_monitors.ResponseTimeMonitor$1 monitor
WARNING: Making RS_build_test_hpia64_repqahpia1 offline because it’s not responding
Sep 12, 2015 3:22:12 PM hudson.node_monitors.ResponseTimeMonitor$1 monitor
WARNING: Making RS_build_hpia64_hsdub0001_official offline because it’s not responding
Sep 12, 2015 3:23:55 PM hudson.slaves.SlaveComputer tryReconnect
INFO: Attempting to reconnect RS_build_hpia64_hsdub0001_official
Sep 12, 2015 3:25:55 PM hudson.slaves.SlaveComputer tryReconnect
INFO: Attempting to reconnect RS_build_sunx64_augusta
Sep 12, 2015 3:25:55 PM hudson.slaves.SlaveComputer tryReconnect
INFO: Attempting to reconnect RS_build_test_ibmaix64_p6vm1qb
Sep 12, 2015 3:26:55 PM hudson.slaves.SlaveComputer tryReconnect
INFO: Attempting to reconnect RS_build_sunx64_asekernal6
Sep 12, 2015 3:26:55 PM hudson.slaves.SlaveComputer tryReconnect
INFO: Attempting to reconnect RS_build_test_hpia64_repqahpia1
Sep 12, 2015 3:26:55 PM hudson.slaves.SlaveComputer tryReconnect
INFO: Attempting to reconnect RS_build_test_hpia64_repqahpia5
Sep 12, 2015 3:39:01 PM hudson.model.Run execute
INFO: SRS_SP300_STAGE_HRAX_PEORIOICALLY #1433 main build action completed: SUCCESS
Sep 12, 2015 3:44:55 PM hudson.slaves.SlaveComputer tryReconnect
INFO: Attempting to reconnect RS_build_hpia64_hsdub0001_official
Sep 12, 2015 3:46:55 PM hudson.slaves.SlaveComputer tryReconnect
INFO: Attempting to reconnect RS_build_sunx64_augusta
Sep 12, 2015 3:46:55 PM hudson.slaves.SlaveComputer tryReconnect
INFO: Attempting to reconnect RS_build_test_ibmaix64_p6vm1qb
Sep 12, 2015 3:48:55 PM hudson.slaves.SlaveComputer tryReconnect
INFO: Attempting to reconnect RS_build_sunx64_asekernal6
Sep 12, 2015 3:48:55 PM hudson.slaves.SlaveComputer tryReconnect
INFO: Attempting to reconnect RS_build_test_hpia64_repqahpia1
Sep 12, 2015 3:48:55 PM hudson.slaves.SlaveComputer tryReconnect
INFO: Attempting to reconnect RS_build_test_hpia64_repqahpia5
Sep 12, 2015 4:06:55 PM hudson.slaves.SlaveComputer tryReconnect
INFO: Attempting to reconnect RS_build_hpia64_hsdub0001_official
Sep 12, 2015 4:07:55 PM hudson.slaves.SlaveComputer tryReconnect
INFO: Attempting to reconnect RS_build_sunx64_augusta
Sep 12, 2015 4:07:55 PM hudson.slaves.SlaveComputer tryReconnect
INFO: Attempting to reconnect RS_build_test_ibmaix64_p6vm1qb
Sep 12, 2015 4:08:55 PM hudson.slaves.SlaveComputer tryReconnect
INFO: Attempting to reconnect RS_build_sunx64_asekernal6
Sep 12, 2015 4:08:55 PM hudson.slaves.SlaveComputer tryReconnect
INFO: Attempting to reconnect RS_build_test_hpia64_repqahpia1
Sep 12, 2015 4:08:55 PM hudson.slaves.SlaveComputer tryReconnect
INFO: Attempting to reconnect RS_build_test_hpia64_repqahpia5
Sep 12, 2015 4:09:03 PM hudson.model.Run execute
INFO: SRS_SP300_STAGE_HRAX_PEORIOICALLY #1434 main build action completed: SUCCESS
Sep 12, 2015 4:22:12 PM hudson.node_monitors.ResponseTimeMonitor$1 monitor
WARNING: Making RS_build_test_ibmaix64_p6vm1qb offline because it’s not responding
Sep 12, 2015 4:22:12 PM hudson.node_monitors.ResponseTimeMonitor$1 monitor
WARNING: Making RS_build_sunx64_augusta offline because it’s not responding
Sep 12, 2015 4:22:12 PM hudson.node_monitors.ResponseTimeMonitor$1 monitor
WARNING: Making RS_build_test_hpia64_repqahpia5 offline because it’s not responding
Sep 12, 2015 4:22:12 PM hudson.node_monitors.ResponseTimeMonitor$1 monitor
WARNING: Making RS_build_sunx64_asekernal6 offline because it’s not responding
Sep 12, 2015 4:22:12 PM hudson.node_monitors.ResponseTimeMonitor$1 monitor
WARNING: Making RS_build_test_hpia64_repqahpia1 offline because it’s not responding
Sep 12, 2015 4:22:12 PM hudson.node_monitors.ResponseTimeMonitor$1 monitor
WARNING: Making RS_build_hpia64_hsdub0001_official offline because it’s not responding
Sep 12, 2015 4:27:55 PM hudson.slaves.SlaveComputer tryReconnect
INFO: Attempting to reconnect RS_build_hpia64_hsdub0001_official
Sep 12, 2015 4:29:55 PM hudson.slaves.SlaveComputer tryReconnect
INFO: Attempting to reconnect RS_build_sunx64_augusta
Sep 12, 2015 4:29:55 PM hudson.slaves.SlaveComputer tryReconnect
INFO: Attempting to reconnect RS_build_test_ibmaix64_p6vm1qb
Sep 12, 2015 4:30:55 PM hudson.slaves.SlaveComputer tryReconnect
INFO: Attempting to reconnect RS_build_sunx64_asekernal6
Sep 12, 2015 4:30:55 PM hudson.slaves.SlaveComputer tryReconnect
INFO: Attempting to reconnect RS_build_test_hpia64_repqahpia1
Sep 12, 2015 4:30:55 PM hudson.slaves.SlaveComputer tryReconnect
INFO: Attempting to reconnect RS_build_test_hpia64_repqahpia5
Sep 12, 2015 4:39:01 PM hudson.model.Run execute
INFO: SRS_SP300_STAGE_HRAX_PEORIOICALLY #1435 main build action completed: SUCCESS
Sep 12, 2015 4:48:55 PM hudson.slaves.SlaveComputer tryReconnect
INFO: Attempting to reconnect RS_build_hpia64_hsdub0001_official
Sep 12, 2015 4:50:55 PM hudson.slaves.SlaveComputer tryReconnect
INFO: Attempting to reconnect RS_build_sunx64_augusta
Sep 12, 2015 4:50:55 PM hudson.slaves.SlaveComputer tryReconnect
INFO: Attempting to reconnect RS_build_test_ibmaix64_p6vm1qb
Sep 12, 2015 4:52:55 PM hudson.slaves.SlaveComputer tryReconnect
INFO: Attempting to reconnect RS_build_sunx64_asekernal6
Sep 12, 2015 4:52:55 PM hudson.slaves.SlaveComputer tryReconnect
INFO: Attempting to reconnect RS_build_test_hpia64_repqahpia1
Sep 12, 2015 4:52:55 PM hudson.slaves.SlaveComputer tryReconnect
INFO: Attempting to reconnect RS_build_test_hpia64_repqahpia5
Sep 12, 2015 5:07:55 PM hudson.slaves.SlaveComputer tryReconnect
INFO: Attempting to reconnect RS_build_hpia64_hsdub0001_official
Sep 12, 2015 5:09:01 PM hudson.model.Run execute
INFO: SRS_SP300_STAGE_HRAX_PEORIOICALLY #1436 main build action completed: SUCCESS
Sep 12, 2015 5:09:55 PM hudson.slaves.SlaveComputer tryReconnect
INFO: Attempting to reconnect RS_build_sunx64_augusta
Sep 12, 2015 5:09:55 PM hudson.slaves.SlaveComputer tryReconnect
INFO: Attempting to reconnect RS_build_test_ibmaix64_p6vm1qb
Sep 12, 2015 5:11:55 PM hudson.slaves.SlaveComputer tryReconnect
INFO: Attempting to reconnect RS_build_sunx64_asekernal6
Sep 12, 2015 5:11:55 PM hudson.slaves.SlaveComputer tryReconnect
INFO: Attempting to reconnect RS_build_test_hpia64_repqahpia1
Sep 12, 2015 5:11:55 PM hudson.slaves.SlaveComputer tryReconnect
INFO: Attempting to reconnect RS_build_test_hpia64_repqahpia5
Sep 12, 2015 5:22:12 PM hudson.node_monitors.ResponseTimeMonitor$1 monitor
WARNING: Making RS_build_test_ibmaix64_p6vm1qb offline because it’s not responding
Sep 12, 2015 5:22:12 PM hudson.node_monitors.ResponseTimeMonitor$1 monitor
WARNING: Making RS_build_sunx64_augusta offline because it’s not responding
Sep 12, 2015 5:22:12 PM hudson.node_monitors.ResponseTimeMonitor$1 monitor
WARNING: Making RS_build_test_hpia64_repqahpia5 offline because it’s not responding
Sep 12, 2015 5:22:12 PM hudson.node_monitors.ResponseTimeMonitor$1 monitor
WARNING: Making RS_build_sunx64_asekernal6 offline because it’s not responding
Sep 12, 2015 5:22:12 PM hudson.node_monitors.ResponseTimeMonitor$1 monitor
WARNING: Making RS_build_test_hpia64_repqahpia1 offline because it’s not responding
Sep 12, 2015 5:22:12 PM hudson.node_monitors.ResponseTimeMonitor$1 monitor
WARNING: Making RS_build_hpia64_hsdub0001_official offline because it’s not responding
Sep 12, 2015 5:29:55 PM hudson.slaves.SlaveComputer tryReconnect
INFO: Attempting to reconnect RS_build_hpia64_hsdub0001_official
Sep 12, 2015 5:31:55 PM hudson.slaves.SlaveComputer tryReconnect
INFO: Attempting to reconnect RS_build_sunx64_augusta
Sep 12, 2015 5:31:55 PM hudson.slaves.SlaveComputer tryReconnect
INFO: Attempting to reconnect RS_build_test_ibmaix64_p6vm1qb
Sep 12, 2015 5:33:55 PM hudson.slaves.SlaveComputer tryReconnect
INFO: Attempting to reconnect RS_build_sunx64_asekernal6
Sep 12, 2015 5:33:55 PM hudson.slaves.SlaveComputer tryReconnect
INFO: Attempting to reconnect RS_build_test_hpia64_repqahpia1
Sep 12, 2015 5:33:55 PM hudson.slaves.SlaveComputer tryReconnect
INFO: Attempting to reconnect RS_build_test_hpia64_repqahpia5
Sep 12, 2015 5:39:01 PM hudson.model.Run execute
INFO: SRS_SP300_STAGE_HRAX_PEORIOICALLY #1437 main build action completed: SUCCESS
Sep 12, 2015 5:51:55 PM hudson.slaves.SlaveComputer tryReconnect
INFO: Attempting to reconnect RS_build_hpia64_hsdub0001_official
Sep 12, 2015 5:53:55 PM hudson.slaves.SlaveComputer tryReconnect
INFO: Attempting to reconnect RS_build_sunx64_augusta
Sep 12, 2015 5:53:55 PM hudson.slaves.SlaveComputer tryReconnect
INFO: Attempting to reconnect RS_build_test_ibmaix64_p6vm1qb
Sep 12, 2015 5:55:55 PM hudson.slaves.SlaveComputer tryReconnect
INFO: Attempting to reconnect RS_build_sunx64_asekernal6
Sep 12, 2015 5:55:55 PM hudson.slaves.SlaveComputer tryReconnect
INFO: Attempting to reconnect RS_build_test_hpia64_repqahpia1
Sep 12, 2015 5:55:55 PM hudson.slaves.SlaveComputer tryReconnect
INFO: Attempting to reconnect RS_build_test_hpia64_repqahpia5
Sep 12, 2015 6:01:03 PM hudson.model.Run execute
INFO: SRS_SP300_STAGE_DA_PEORIOICALLY #120 main build action completed: SUCCESS
Sep 12, 2015 6:09:01 PM hudson.model.Run execute
INFO: SRS_SP300_STAGE_HRAX_PEORIOICALLY #1438 main build action completed: SUCCESS
Sep 12, 2015 6:14:55 PM hudson.slaves.SlaveComputer tryReconnect
INFO: Attempting to reconnect RS_build_hpia64_hsdub0001_official
Sep 12, 2015 6:16:55 PM hudson.slaves.SlaveComputer tryReconnect
INFO: Attempting to reconnect RS_build_sunx64_augusta
Sep 12, 2015 6:16:55 PM hudson.slaves.SlaveComputer tryReconnect
INFO: Attempting to reconnect RS_build_test_ibmaix64_p6vm1qb
Sep 12, 2015 6:18:55 PM hudson.slaves.SlaveComputer tryReconnect
INFO: Attempting to reconnect RS_build_sunx64_asekernal6
Sep 12, 2015 6:18:55 PM hudson.slaves.SlaveComputer tryReconnect
INFO: Attempting to reconnect RS_build_test_hpia64_repqahpia1
Sep 12, 2015 6:18:55 PM hudson.slaves.SlaveComputer tryReconnect
INFO: Attempting to reconnect RS_build_test_hpia64_repqahpia5
Sep 12, 2015 6:22:12 PM hudson.node_monitors.ResponseTimeMonitor$1 monitor
WARNING: Making RS_build_test_ibmaix64_p6vm1qb offline because it’s not responding
Sep 12, 2015 6:22:12 PM hudson.node_monitors.ResponseTimeMonitor$1 monitor
WARNING: Making RS_build_sunx64_augusta offline because it’s not responding
Sep 12, 2015 6:22:12 PM hudson.node_monitors.ResponseTimeMonitor$1 monitor
WARNING: Making RS_build_test_hpia64_repqahpia5 offline because it’s not responding
Sep 12, 2015 6:22:12 PM hudson.node_monitors.ResponseTimeMonitor$1 monitor
WARNING: Making RS_build_sunx64_asekernal6 offline because it’s not responding
Sep 12, 2015 6:22:12 PM hudson.node_monitors.ResponseTimeMonitor$1 monitor
WARNING: Making RS_build_test_hpia64_repqahpia1 offline because it’s not responding
Sep 12, 2015 6:22:12 PM hudson.node_monitors.ResponseTimeMonitor$1 monitor
WARNING: Making RS_build_hpia64_hsdub0001_official offline because it’s not responding
Sep 12, 2015 6:36:55 PM hudson.slaves.SlaveComputer tryReconnect
INFO: Attempting to reconnect RS_build_hpia64_hsdub0001_official
Sep 12, 2015 6:38:55 PM hudson.slaves.SlaveComputer tryReconnect
INFO: Attempting to reconnect RS_build_sunx64_augusta
Sep 12, 2015 6:38:55 PM hudson.slaves.SlaveComputer tryReconnect
INFO: Attempting to reconnect RS_build_test_ibmaix64_p6vm1qb
Sep 12, 2015 6:39:01 PM hudson.model.Run execute
INFO: SRS_SP300_STAGE_HRAX_PEORIOICALLY #1439 main build action completed: SUCCESS
Sep 12, 2015 6:40:55 PM hudson.slaves.SlaveComputer tryReconnect
INFO: Attempting to reconnect RS_build_sunx64_asekernal6
Sep 12, 2015 6:40:55 PM hudson.slaves.SlaveComputer tryReconnect
INFO: Attempting to reconnect RS_build_test_hpia64_repqahpia1
Sep 12, 2015 6:40:55 PM hudson.slaves.SlaveComputer tryReconnect
INFO: Attempting to reconnect RS_build_test_hpia64_repqahpia5
Sep 12, 2015 6:58:55 PM hudson.slaves.SlaveComputer tryReconnect
INFO: Attempting to reconnect RS_build_hpia64_hsdub0001_official
Sep 12, 2015 7:00:55 PM hudson.slaves.SlaveComputer tryReconnect
INFO: Attempting to reconnect RS_build_sunx64_augusta
Sep 12, 2015 7:00:55 PM hudson.slaves.SlaveComputer tryReconnect
INFO: Attempting to reconnect RS_build_test_ibmaix64_p6vm1qb
Sep 12, 2015 7:02:55 PM hudson.slaves.SlaveComputer tryReconnect
INFO: Attempting to reconnect RS_build_sunx64_asekernal6
Sep 12, 2015 7:02:55 PM hudson.slaves.SlaveComputer tryReconnect
INFO: Attempting to reconnect RS_build_test_hpia64_repqahpia1
Sep 12, 2015 7:02:55 PM hudson.slaves.SlaveComputer tryReconnect
INFO: Attempting to reconnect RS_build_test_hpia64_repqahpia5
Sep 12, 2015 7:09:01 PM hudson.model.Run execute
INFO: SRS_SP300_STAGE_HRAX_PEORIOICALLY #1440 main build action completed: SUCCESS
Sep 12, 2015 7:18:55 PM hudson.slaves.SlaveComputer tryReconnect
INFO: Attempting to reconnect RS_build_hpia64_hsdub0001_official
Sep 12, 2015 7:20:55 PM hudson.slaves.SlaveComputer tryReconnect
INFO: Attempting to reconnect RS_build_sunx64_augusta
Sep 12, 2015 7:20:55 PM hudson.slaves.SlaveComputer tryReconnect
INFO: Attempting to reconnect RS_build_test_ibmaix64_p6vm1qb
Sep 12, 2015 7:22:12 PM hudson.node_monitors.ResponseTimeMonitor$1 monitor
WARNING: Making RS_build_test_ibmaix64_p6vm1qb offline because it’s not responding
Sep 12, 2015 7:22:12 PM hudson.node_monitors.ResponseTimeMonitor$1 monitor
WARNING: Making RS_build_sunx64_augusta offline because it’s not responding
Sep 12, 2015 7:22:12 PM hudson.node_monitors.ResponseTimeMonitor$1 monitor
WARNING: Making RS_build_test_hpia64_repqahpia5 offline because it’s not responding
Sep 12, 2015 7:22:12 PM hudson.node_monitors.ResponseTimeMonitor$1 monitor
WARNING: Making RS_build_sunx64_asekernal6 offline because it’s not responding
Sep 12, 2015 7:22:12 PM hudson.node_monitors.ResponseTimeMonitor$1 monitor
WARNING: Making RS_build_test_hpia64_repqahpia1 offline because it’s not responding
Sep 12, 2015 7:22:12 PM hudson.node_monitors.ResponseTimeMonitor$1 monitor
WARNING: Making RS_build_hpia64_hsdub0001_official offline because it’s not responding
Sep 12, 2015 7:22:55 PM hudson.slaves.SlaveComputer tryReconnect
INFO: Attempting to reconnect RS_build_sunx64_asekernal6
Sep 12, 2015 7:22:55 PM hudson.slaves.SlaveComputer tryReconnect
INFO: Attempting to reconnect RS_build_test_hpia64_repqahpia1
Sep 12, 2015 7:22:55 PM hudson.slaves.SlaveComputer tryReconnect
INFO: Attempting to reconnect RS_build_test_hpia64_repqahpia5
Sep 12, 2015 7:39:01 PM hudson.model.Run execute
INFO: SRS_SP300_STAGE_HRAX_PEORIOICALLY #1441 main build action completed: SUCCESS
Sep 12, 2015 7:40:55 PM hudson.slaves.SlaveComputer tryReconnect
INFO: Attempting to reconnect RS_build_hpia64_hsdub0001_official
Sep 12, 2015 7:42:55 PM hudson.slaves.SlaveComputer tryReconnect
INFO: Attempting to reconnect RS_build_sunx64_augusta
Sep 12, 2015 7:42:55 PM hudson.slaves.SlaveComputer tryReconnect
INFO: Attempting to reconnect RS_build_test_ibmaix64_p6vm1qb
Sep 12, 2015 7:44:55 PM hudson.slaves.SlaveComputer tryReconnect
INFO: Attempting to reconnect RS_build_sunx64_asekernal6
Sep 12, 2015 7:44:55 PM hudson.slaves.SlaveComputer tryReconnect
INFO: Attempting to reconnect RS_build_test_hpia64_repqahpia1
Sep 12, 2015 7:44:55 PM hudson.slaves.SlaveComputer tryReconnect
INFO: Attempting to reconnect RS_build_test_hpia64_repqahpia5
Sep 12, 2015 8:02:55 PM hudson.slaves.SlaveComputer tryReconnect
INFO: Attempting to reconnect RS_build_hpia64_hsdub0001_official
Sep 12, 2015 8:03:55 PM hudson.slaves.SlaveComputer tryReconnect
INFO: Attempting to reconnect RS_build_sunx64_augusta
Sep 12, 2015 8:03:55 PM hudson.slaves.SlaveComputer tryReconnect
INFO: Attempting to reconnect RS_build_test_ibmaix64_p6vm1qb
Sep 12, 2015 8:05:55 PM hudson.slaves.SlaveComputer tryReconnect
INFO: Attempting to reconnect RS_build_sunx64_asekernal6
Sep 12, 2015 8:05:55 PM hudson.slaves.SlaveComputer tryReconnect
INFO: Attempting to reconnect RS_build_test_hpia64_repqahpia1
Sep 12, 2015 8:05:55 PM hudson.slaves.SlaveComputer tryReconnect
INFO: Attempting to reconnect RS_build_test_hpia64_repqahpia5
Sep 12, 2015 8:09:01 PM hudson.model.Run execute
INFO: SRS_SP300_STAGE_HRAX_PEORIOICALLY #1442 main build action completed: SUCCESS
Sep 12, 2015 8:22:12 PM hudson.node_monitors.ResponseTimeMonitor$1 monitor
WARNING: Making RS_build_test_ibmaix64_p6vm1qb offline because it’s not responding
Sep 12, 2015 8:22:12 PM hudson.node_monitors.ResponseTimeMonitor$1 monitor
WARNING: Making RS_build_sunx64_augusta offline because it’s not responding
Sep 12, 2015 8:22:12 PM hudson.node_monitors.ResponseTimeMonitor$1 monitor
WARNING: Making RS_build_test_hpia64_repqahpia5 offline because it’s not responding
Sep 12, 2015 8:22:12 PM hudson.node_monitors.ResponseTimeMonitor$1 monitor
WARNING: Making RS_build_sunx64_asekernal6 offline because it’s not responding
Sep 12, 2015 8:22:12 PM hudson.node_monitors.ResponseTimeMonitor$1 monitor
WARNING: Making RS_build_test_hpia64_repqahpia1 offline because it’s not responding
Sep 12, 2015 8:22:12 PM hudson.node_monitors.ResponseTimeMonitor$1 monitor
WARNING: Making RS_build_hpia64_hsdub0001_official offline because it’s not responding
Sep 12, 2015 8:23:55 PM hudson.slaves.SlaveComputer tryReconnect
INFO: Attempting to reconnect RS_build_hpia64_hsdub0001_official
Sep 12, 2015 8:25:55 PM hudson.slaves.SlaveComputer tryReconnect
INFO: Attempting to reconnect RS_build_sunx64_augusta
Sep 12, 2015 8:25:55 PM hudson.slaves.SlaveComputer tryReconnect
INFO: Attempting to reconnect RS_build_test_ibmaix64_p6vm1qb
Sep 12, 2015 8:26:55 PM hudson.slaves.SlaveComputer tryReconnect
INFO: Attempting to reconnect RS_build_sunx64_asekernal6
Sep 12, 2015 8:26:55 PM hudson.slaves.SlaveComputer tryReconnect
INFO: Attempting to reconnect RS_build_test_hpia64_repqahpia1
Sep 12, 2015 8:26:55 PM hudson.slaves.SlaveComputer tryReconnect
INFO: Attempting to reconnect RS_build_test_hpia64_repqahpia5
Sep 12, 2015 8:39:01 PM hudson.model.Run execute
INFO: SRS_SP300_STAGE_HRAX_PEORIOICALLY #1443 main build action completed: SUCCESS
Sep 12, 2015 8:43:55 PM hudson.slaves.SlaveComputer tryReconnect
INFO: Attempting to reconnect RS_build_hpia64_hsdub0001_official
Sep 12, 2015 8:45:55 PM hudson.slaves.SlaveComputer tryReconnect
INFO: Attempting to reconnect RS_build_sunx64_augusta
Sep 12, 2015 8:45:55 PM hudson.slaves.SlaveComputer tryReconnect
INFO: Attempting to reconnect RS_build_test_ibmaix64_p6vm1qb
Sep 12, 2015 8:47:55 PM hudson.slaves.SlaveComputer tryReconnect
INFO: Attempting to reconnect RS_build_sunx64_asekernal6
Sep 12, 2015 8:47:55 PM hudson.slaves.SlaveComputer tryReconnect
INFO: Attempting to reconnect RS_build_test_hpia64_repqahpia1
Sep 12, 2015 8:47:55 PM hudson.slaves.SlaveComputer tryReconnect
INFO: Attempting to reconnect RS_build_test_hpia64_repqahpia5
Sep 12, 2015 9:03:55 PM hudson.slaves.SlaveComputer tryReconnect
INFO: Attempting to reconnect RS_build_hpia64_hsdub0001_official
Sep 12, 2015 9:05:55 PM hudson.slaves.SlaveComputer tryReconnect
INFO: Attempting to reconnect RS_build_sunx64_augusta
Sep 12, 2015 9:05:55 PM hudson.slaves.SlaveComputer tryReconnect
INFO: Attempting to reconnect RS_build_test_ibmaix64_p6vm1qb
Sep 12, 2015 9:07:55 PM hudson.slaves.SlaveComputer tryReconnect
INFO: Attempting to reconnect RS_build_sunx64_asekernal6
Sep 12, 2015 9:07:55 PM hudson.slaves.SlaveComputer tryReconnect
INFO: Attempting to reconnect RS_build_test_hpia64_repqahpia1
Sep 12, 2015 9:07:55 PM hudson.slaves.SlaveComputer tryReconnect
INFO: Attempting to reconnect RS_build_test_hpia64_repqahpia5
Sep 12, 2015 9:09:01 PM hudson.model.Run execute
INFO: SRS_SP300_STAGE_HRAX_PEORIOICALLY #1444 main build action completed: SUCCESS
Sep 12, 2015 9:22:12 PM hudson.node_monitors.ResponseTimeMonitor$1 monitor
WARNING: Making RS_build_test_ibmaix64_p6vm1qb offline because it’s not responding
Sep 12, 2015 9:22:12 PM hudson.node_monitors.ResponseTimeMonitor$1 monitor
WARNING: Making RS_build_sunx64_augusta offline because it’s not responding
Sep 12, 2015 9:22:12 PM hudson.node_monitors.ResponseTimeMonitor$1 monitor
WARNING: Making RS_build_test_hpia64_repqahpia5 offline because it’s not responding
Sep 12, 2015 9:22:12 PM hudson.node_monitors.ResponseTimeMonitor$1 monitor
WARNING: Making RS_build_sunx64_asekernal6 offline because it’s not responding
Sep 12, 2015 9:22:12 PM hudson.node_monitors.ResponseTimeMonitor$1 monitor
WARNING: Making RS_build_test_hpia64_repqahpia1 offline because it’s not responding
Sep 12, 2015 9:22:12 PM hudson.node_monitors.ResponseTimeMonitor$1 monitor
WARNING: Making RS_build_hpia64_hsdub0001_official offline because it’s not responding
Sep 12, 2015 9:25:55 PM hudson.slaves.SlaveComputer tryReconnect
INFO: Attempting to reconnect RS_build_hpia64_hsdub0001_official
Sep 12, 2015 9:27:55 PM hudson.slaves.SlaveComputer tryReconnect
INFO: Attempting to reconnect RS_build_sunx64_augusta
Sep 12, 2015 9:27:55 PM hudson.slaves.SlaveComputer tryReconnect
INFO: Attempting to reconnect RS_build_test_ibmaix64_p6vm1qb
Sep 12, 2015 9:29:55 PM hudson.slaves.SlaveComputer tryReconnect
INFO: Attempting to reconnect RS_build_sunx64_asekernal6
Sep 12, 2015 9:29:55 PM hudson.slaves.SlaveComputer tryReconnect
INFO: Attempting to reconnect RS_build_test_hpia64_repqahpia1
Sep 12, 2015 9:29:55 PM hudson.slaves.SlaveComputer tryReconnect
INFO: Attempting to reconnect RS_build_test_hpia64_repqahpia5
Sep 12, 2015 9:39:02 PM hudson.model.Run execute
INFO: SRS_SP300_STAGE_HRAX_PEORIOICALLY #1445 main build action completed: SUCCESS
Sep 12, 2015 9:47:55 PM hudson.slaves.SlaveComputer tryReconnect
INFO: Attempting to reconnect RS_build_hpia64_hsdub0001_official
Sep 12, 2015 9:48:55 PM hudson.slaves.SlaveComputer tryReconnect
INFO: Attempting to reconnect RS_build_sunx64_augusta
Sep 12, 2015 9:48:55 PM hudson.slaves.SlaveComputer tryReconnect
INFO: Attempting to reconnect RS_build_test_ibmaix64_p6vm1qb
Sep 12, 2015 9:50:55 PM hudson.slaves.SlaveComputer tryReconnect
INFO: Attempting to reconnect RS_build_sunx64_asekernal6
Sep 12, 2015 9:50:55 PM hudson.slaves.SlaveComputer tryReconnect
INFO: Attempting to reconnect RS_build_test_hpia64_repqahpia1
Sep 12, 2015 9:50:55 PM hudson.slaves.SlaveComputer tryReconnect
INFO: Attempting to reconnect RS_build_test_hpia64_repqahpia5
Sep 12, 2015 10:08:55 PM hudson.slaves.SlaveComputer tryReconnect
INFO: Attempting to reconnect RS_build_hpia64_hsdub0001_official
Sep 12, 2015 10:09:01 PM hudson.model.Run execute
INFO: SRS_SP300_STAGE_HRAX_PEORIOICALLY #1446 main build action completed: SUCCESS
Sep 12, 2015 10:10:55 PM hudson.slaves.SlaveComputer tryReconnect
INFO: Attempting to reconnect RS_build_sunx64_augusta
Sep 12, 2015 10:10:55 PM hudson.slaves.SlaveComputer tryReconnect
INFO: Attempting to reconnect RS_build_test_ibmaix64_p6vm1qb
Sep 12, 2015 10:11:55 PM hudson.slaves.SlaveComputer tryReconnect
INFO: Attempting to reconnect RS_build_sunx64_asekernal6
Sep 12, 2015 10:11:55 PM hudson.slaves.SlaveComputer tryReconnect
INFO: Attempting to reconnect RS_build_test_hpia64_repqahpia1
Sep 12, 2015 10:11:55 PM hudson.slaves.SlaveComputer tryReconnect
INFO: Attempting to reconnect RS_build_test_hpia64_repqahpia5
Sep 12, 2015 10:22:12 PM hudson.node_monitors.ResponseTimeMonitor$1 monitor
WARNING: Making RS_build_test_ibmaix64_p6vm1qb offline because it’s not responding
Sep 12, 2015 10:22:12 PM hudson.node_monitors.ResponseTimeMonitor$1 monitor
WARNING: Making RS_build_sunx64_augusta offline because it’s not responding
Sep 12, 2015 10:22:12 PM hudson.node_monitors.ResponseTimeMonitor$1 monitor
WARNING: Making RS_build_test_hpia64_repqahpia5 offline because it’s not responding
Sep 12, 2015 10:22:12 PM hudson.node_monitors.ResponseTimeMonitor$1 monitor
WARNING: Making RS_build_sunx64_asekernal6 offline because it’s not responding
Sep 12, 2015 10:22:12 PM hudson.node_monitors.ResponseTimeMonitor$1 monitor
WARNING: Making RS_build_test_hpia64_repqahpia1 offline because it’s not responding
Sep 12, 2015 10:22:12 PM hudson.node_monitors.ResponseTimeMonitor$1 monitor
WARNING: Making RS_build_hpia64_hsdub0001_official offline because it’s not responding
Sep 12, 2015 10:29:55 PM hudson.slaves.SlaveComputer tryReconnect
INFO: Attempting to reconnect RS_build_hpia64_hsdub0001_official
Sep 12, 2015 10:31:55 PM hudson.slaves.SlaveComputer tryReconnect
INFO: Attempting to reconnect RS_build_sunx64_augusta
Sep 12, 2015 10:31:55 PM hudson.slaves.SlaveComputer tryReconnect
INFO: Attempting to reconnect RS_build_test_ibmaix64_p6vm1qb
Sep 12, 2015 10:33:55 PM hudson.slaves.SlaveComputer tryReconnect
INFO: Attempting to reconnect RS_build_sunx64_asekernal6
Sep 12, 2015 10:33:55 PM hudson.slaves.SlaveComputer tryReconnect
INFO: Attempting to reconnect RS_build_test_hpia64_repqahpia1
Sep 12, 2015 10:33:55 PM hudson.slaves.SlaveComputer tryReconnect
INFO: Attempting to reconnect RS_build_test_hpia64_repqahpia5
Sep 12, 2015 10:39:01 PM hudson.model.Run execute
INFO: SRS_SP300_STAGE_HRAX_PEORIOICALLY #1447 main build action completed: SUCCESS
Sep 12, 2015 10:52:55 PM hudson.slaves.SlaveComputer tryReconnect
INFO: Attempting to reconnect RS_build_hpia64_hsdub0001_official
Sep 12, 2015 10:54:55 PM hudson.slaves.SlaveComputer tryReconnect
INFO: Attempting to reconnect RS_build_sunx64_augusta
Sep 12, 2015 10:54:55 PM hudson.slaves.SlaveComputer tryReconnect
INFO: Attempting to reconnect RS_build_test_ibmaix64_p6vm1qb
Sep 12, 2015 10:56:55 PM hudson.slaves.SlaveComputer tryReconnect
INFO: Attempting to reconnect RS_build_sunx64_asekernal6
Sep 12, 2015 10:56:55 PM hudson.slaves.SlaveComputer tryReconnect
INFO: Attempting to reconnect RS_build_test_hpia64_repqahpia1
Sep 12, 2015 10:56:55 PM hudson.slaves.SlaveComputer tryReconnect
INFO: Attempting to reconnect RS_build_test_hpia64_repqahpia5
Sep 12, 2015 11:09:01 PM hudson.model.Run execute
INFO: SRS_SP300_STAGE_HRAX_PEORIOICALLY #1448 main build action completed: SUCCESS
Sep 12, 2015 11:13:55 PM hudson.slaves.SlaveComputer tryReconnect
INFO: Attempting to reconnect RS_build_hpia64_hsdub0001_official
Sep 12, 2015 11:15:55 PM hudson.slaves.SlaveComputer tryReconnect
INFO: Attempting to reconnect RS_build_sunx64_augusta
Sep 12, 2015 11:15:55 PM hudson.slaves.SlaveComputer tryReconnect
INFO: Attempting to reconnect RS_build_test_ibmaix64_p6vm1qb
Sep 12, 2015 11:17:55 PM hudson.slaves.SlaveComputer tryReconnect
INFO: Attempting to reconnect RS_build_sunx64_asekernal6
Sep 12, 2015 11:17:55 PM hudson.slaves.SlaveComputer tryReconnect
INFO: Attempting to reconnect RS_build_test_hpia64_repqahpia1
Sep 12, 2015 11:17:55 PM hudson.slaves.SlaveComputer tryReconnect
INFO: Attempting to reconnect RS_build_test_hpia64_repqahpia5
Sep 12, 2015 11:22:12 PM hudson.node_monitors.ResponseTimeMonitor$1 monitor
WARNING: Making RS_build_test_ibmaix64_p6vm1qb offline because it’s not responding
Sep 12, 2015 11:22:12 PM hudson.node_monitors.ResponseTimeMonitor$1 monitor
WARNING: Making RS_build_sunx64_augusta offline because it’s not responding
Sep 12, 2015 11:22:12 PM hudson.node_monitors.ResponseTimeMonitor$1 monitor
WARNING: Making RS_build_test_hpia64_repqahpia5 offline because it’s not responding
Sep 12, 2015 11:22:12 PM hudson.node_monitors.ResponseTimeMonitor$1 monitor
WARNING: Making RS_build_sunx64_asekernal6 offline because it’s not responding
Sep 12, 2015 11:22:12 PM hudson.node_monitors.ResponseTimeMonitor$1 monitor
WARNING: Making RS_build_test_hpia64_repqahpia1 offline because it’s not responding
Sep 12, 2015 11:22:12 PM hudson.node_monitors.ResponseTimeMonitor$1 monitor
WARNING: Making RS_build_hpia64_hsdub0001_official offline because it’s not responding
Sep 12, 2015 11:34:55 PM hudson.slaves.SlaveComputer tryReconnect
INFO: Attempting to reconnect RS_build_hpia64_hsdub0001_official
Sep 12, 2015 11:36:55 PM hudson.slaves.SlaveComputer tryReconnect
INFO: Attempting to reconnect RS_build_sunx64_augusta
Sep 12, 2015 11:36:55 PM hudson.slaves.SlaveComputer tryReconnect
INFO: Attempting to reconnect RS_build_test_ibmaix64_p6vm1qb
Sep 12, 2015 11:38:55 PM hudson.slaves.SlaveComputer tryReconnect
INFO: Attempting to reconnect RS_build_sunx64_asekernal6
Sep 12, 2015 11:38:55 PM hudson.slaves.SlaveComputer tryReconnect
INFO: Attempting to reconnect RS_build_test_hpia64_repqahpia1
Sep 12, 2015 11:38:55 PM hudson.slaves.SlaveComputer tryReconnect
INFO: Attempting to reconnect RS_build_test_hpia64_repqahpia5
Sep 12, 2015 11:39:01 PM hudson.model.Run execute
INFO: SRS_SP300_STAGE_HRAX_PEORIOICALLY #1449 main build action completed: SUCCESS
Sep 12, 2015 11:53:22 PM hudson.model.Run execute
INFO: CHECK_DISK_ON_REMOTE_DIR #28 main build action completed: SUCCESS
Sep 12, 2015 11:55:55 PM hudson.slaves.SlaveComputer tryReconnect
INFO: Attempting to reconnect RS_build_hpia64_hsdub0001_official
Sep 12, 2015 11:57:55 PM hudson.slaves.SlaveComputer tryReconnect
INFO: Attempting to reconnect RS_build_sunx64_augusta
Sep 12, 2015 11:57:55 PM hudson.slaves.SlaveComputer tryReconnect
INFO: Attempting to reconnect RS_build_test_ibmaix64_p6vm1qb
Sep 12, 2015 11:58:55 PM hudson.slaves.SlaveComputer tryReconnect
INFO: Attempting to reconnect RS_build_sunx64_asekernal6
Sep 12, 2015 11:58:55 PM hudson.slaves.SlaveComputer tryReconnect
INFO: Attempting to reconnect RS_build_test_hpia64_repqahpia1
Sep 12, 2015 11:58:55 PM hudson.slaves.SlaveComputer tryReconnect
INFO: Attempting to reconnect RS_build_test_hpia64_repqahpia5
