Dec 20, 2015 3:41:50 AM hudson.model.AsyncPeriodicWork$1 run
INFO: Started Fingerprint cleanup
Dec 20, 2015 3:41:50 AM hudson.model.AsyncPeriodicWork$1 run
INFO: Finished Fingerprint cleanup. 3 ms
Dec 20, 2015 5:26:32 AM hudson.model.AsyncPeriodicWork$1 run
INFO: Started Workspace clean-up
Dec 20, 2015 5:26:32 AM hudson.model.AsyncPeriodicWork$1 run
INFO: Finished Workspace clean-up. 31 ms
Dec 20, 2015 12:59:36 PM hudson.model.AsyncPeriodicWork$1 run
INFO: Started Download metadata
Dec 20, 2015 12:59:45 PM hudson.model.UpdateSite updateData
INFO: Obtained the latest update center data file for UpdateSource default
Dec 20, 2015 12:59:47 PM hudson.model.AsyncPeriodicWork$1 run
INFO: Finished Download metadata. 10,485 ms
Dec 20, 2015 5:38:48 PM hudson.model.Run execute
INFO: SP303_SRS_WEEKLY_BUILD #40 main build action completed: SUCCESS
Dec 20, 2015 5:50:07 PM hudson.model.Run execute
INFO: SRS_INSTALLER_TEST_LINUX #11 main build action completed: SUCCESS
Dec 20, 2015 9:32:53 PM org.kohsuke.stapler.RequestImpl$TypePair convertJSON
WARNING: 'stapler-class' is deprecated: hudson.tasks.Shell
Dec 20, 2015 9:32:53 PM org.kohsuke.stapler.RequestImpl$TypePair convertJSON
WARNING: 'stapler-class' is deprecated: hudson.plugins.parameterizedtrigger.TriggerBuilder
Dec 20, 2015 9:32:53 PM org.kohsuke.stapler.RequestImpl$TypePair convertJSON
WARNING: 'stapler-class' is deprecated: hudson.plugins.emailext.ExtendedEmailPublisher
Dec 20, 2015 9:32:53 PM org.kohsuke.stapler.RequestImpl$TypePair convertJSON
WARNING: 'stapler-class' is deprecated: hudson.plugins.emailext.plugins.trigger.FailureTrigger
Dec 20, 2015 9:32:53 PM org.kohsuke.stapler.RequestImpl$TypePair convertJSON
WARNING: 'stapler-class' is deprecated: hudson.plugins.emailext.plugins.recipients.ListRecipientProvider
