Nov 21, 2016 12:26:21 AM hudson.node_monitors.ResponseTimeMonitor$1 monitor
WARNING: Making installer_test_linux2 offline because it?s not responding
Nov 21, 2016 1:26:21 AM hudson.node_monitors.ResponseTimeMonitor$1 monitor
WARNING: Making installer_test_linux2 offline because it?s not responding
Nov 21, 2016 2:26:21 AM hudson.node_monitors.ResponseTimeMonitor$1 monitor
WARNING: Making installer_test_linux2 offline because it?s not responding
Nov 21, 2016 3:26:21 AM hudson.node_monitors.ResponseTimeMonitor$1 monitor
WARNING: Making installer_test_linux2 offline because it?s not responding
Nov 21, 2016 4:26:21 AM hudson.node_monitors.ResponseTimeMonitor$1 monitor
WARNING: Making installer_test_linux2 offline because it?s not responding
Nov 21, 2016 5:26:21 AM hudson.node_monitors.ResponseTimeMonitor$1 monitor
WARNING: Making installer_test_linux2 offline because it?s not responding
Nov 21, 2016 6:26:21 AM hudson.node_monitors.ResponseTimeMonitor$1 monitor
WARNING: Making installer_test_linux2 offline because it?s not responding
Nov 21, 2016 9:34:17 PM org.apache.catalina.core.AprLifecycleListener init
INFO: The APR based Apache Tomcat Native library which allows optimal performance in production environments was not found on the java.library.path: /usr/java/packages/lib/amd64:/usr/lib64:/lib64:/lib:/usr/lib
Nov 21, 2016 9:34:18 PM org.apache.coyote.AbstractProtocol init
INFO: Initializing ProtocolHandler ["http-bio-8088"]
Nov 21, 2016 9:34:18 PM org.apache.coyote.AbstractProtocol init
INFO: Initializing ProtocolHandler ["ajp-bio-8109"]
Nov 21, 2016 9:34:18 PM org.apache.catalina.startup.Catalina load
INFO: Initialization processed in 1173 ms
Nov 21, 2016 9:34:18 PM org.apache.catalina.core.StandardService startInternal
INFO: Starting service Catalina
Nov 21, 2016 9:34:18 PM org.apache.catalina.core.StandardEngine startInternal
INFO: Starting Servlet Engine: Apache Tomcat/7.0.56
Nov 21, 2016 9:34:19 PM org.apache.catalina.startup.HostConfig deployWAR
INFO: Deploying web application archive /remote/repeng10/rs_web/tomcat/webapps/jenkins.war
Nov 21, 2016 9:34:25 PM org.apache.catalina.startup.HostConfig deployWAR
INFO: Deployment of web application archive /remote/repeng10/rs_web/tomcat/webapps/jenkins.war has finished in 6,695 ms
Nov 21, 2016 9:34:25 PM org.apache.catalina.startup.HostConfig deployDirectory
INFO: Deploying web application directory /remote/repeng10/rs_web/tomcat/webapps/ROOT
Nov 21, 2016 9:34:25 PM org.apache.catalina.startup.HostConfig deployDirectory
INFO: Deployment of web application directory /remote/repeng10/rs_web/tomcat/webapps/ROOT has finished in 67 ms
Nov 21, 2016 9:34:25 PM org.apache.catalina.startup.HostConfig deployDirectory
INFO: Deploying web application directory /remote/repeng10/rs_web/tomcat/webapps/docs
Nov 21, 2016 9:34:26 PM org.apache.catalina.startup.HostConfig deployDirectory
INFO: Deployment of web application directory /remote/repeng10/rs_web/tomcat/webapps/docs has finished in 62 ms
Nov 21, 2016 9:34:26 PM org.apache.catalina.startup.HostConfig deployDirectory
INFO: Deploying web application directory /remote/repeng10/rs_web/tomcat/webapps/examples
Nov 21, 2016 9:34:26 PM org.apache.catalina.startup.HostConfig deployDirectory
INFO: Deployment of web application directory /remote/repeng10/rs_web/tomcat/webapps/examples has finished in 674 ms
Nov 21, 2016 9:34:26 PM org.apache.catalina.startup.HostConfig deployDirectory
INFO: Deploying web application directory /remote/repeng10/rs_web/tomcat/webapps/host-manager
Nov 21, 2016 9:34:26 PM org.apache.catalina.startup.HostConfig deployDirectory
INFO: Deployment of web application directory /remote/repeng10/rs_web/tomcat/webapps/host-manager has finished in 74 ms
Nov 21, 2016 9:34:26 PM org.apache.catalina.startup.HostConfig deployDirectory
INFO: Deploying web application directory /remote/repeng10/rs_web/tomcat/webapps/manager
Nov 21, 2016 9:34:26 PM org.apache.catalina.startup.HostConfig deployDirectory
INFO: Deployment of web application directory /remote/repeng10/rs_web/tomcat/webapps/manager has finished in 82 ms
Nov 21, 2016 9:34:26 PM org.apache.catalina.startup.HostConfig deployDirectory
INFO: Deploying web application directory /remote/repeng10/rs_web/tomcat/webapps/jenkins_old
Nov 21, 2016 9:34:26 PM org.apache.catalina.startup.HostConfig deployDirectory
INFO: Deployment of web application directory /remote/repeng10/rs_web/tomcat/webapps/jenkins_old has finished in 38 ms
Nov 21, 2016 9:34:26 PM org.apache.coyote.AbstractProtocol start
INFO: Starting ProtocolHandler ["http-bio-8088"]
Nov 21, 2016 9:34:26 PM org.apache.coyote.AbstractProtocol start
INFO: Starting ProtocolHandler ["ajp-bio-8109"]
Nov 21, 2016 9:34:26 PM org.apache.catalina.startup.Catalina start
INFO: Server startup in 8919 ms
Nov 21, 2016 9:34:27 PM jenkins.InitReactorRunner$1 onAttained
INFO: Started initialization
Nov 21, 2016 9:34:28 PM jenkins.InitReactorRunner$1 onAttained
INFO: Listed all plugins
Nov 21, 2016 9:34:29 PM jenkins.InitReactorRunner$1 onAttained
INFO: Prepared all plugins
Nov 21, 2016 9:34:29 PM jenkins.InitReactorRunner$1 onAttained
INFO: Started all plugins
Nov 21, 2016 9:34:29 PM jenkins.InitReactorRunner$1 onAttained
INFO: Augmented all extensions
Nov 21, 2016 9:34:33 PM jenkins.InitReactorRunner$1 onAttained
INFO: Loaded all jobs
Nov 21, 2016 9:34:34 PM org.jenkinsci.main.modules.sshd.SSHD start
INFO: Started SSHD at port 41251
Nov 21, 2016 9:34:34 PM jenkins.InitReactorRunner$1 onAttained
INFO: Completed initialization
Nov 21, 2016 9:34:34 PM org.springframework.web.context.support.StaticWebApplicationContext prepareRefresh
INFO: Refreshing org.springframework.web.context.support.StaticWebApplicationContext@74606cd6: display name [Root WebApplicationContext]; startup date [Mon Nov 21 21:34:34 PST 2016]; root of context hierarchy
Nov 21, 2016 9:34:34 PM org.springframework.web.context.support.StaticWebApplicationContext obtainFreshBeanFactory
INFO: Bean factory for application context [org.springframework.web.context.support.StaticWebApplicationContext@74606cd6]: org.springframework.beans.factory.support.DefaultListableBeanFactory@515334df
Nov 21, 2016 9:34:34 PM org.springframework.beans.factory.support.DefaultListableBeanFactory preInstantiateSingletons
INFO: Pre-instantiating singletons in org.springframework.beans.factory.support.DefaultListableBeanFactory@515334df: defining beans [authenticationManager]; root of factory hierarchy
Nov 21, 2016 9:34:35 PM org.springframework.web.context.support.StaticWebApplicationContext prepareRefresh
INFO: Refreshing org.springframework.web.context.support.StaticWebApplicationContext@e1c7636: display name [Root WebApplicationContext]; startup date [Mon Nov 21 21:34:35 PST 2016]; root of context hierarchy
Nov 21, 2016 9:34:35 PM org.springframework.web.context.support.StaticWebApplicationContext obtainFreshBeanFactory
INFO: Bean factory for application context [org.springframework.web.context.support.StaticWebApplicationContext@e1c7636]: org.springframework.beans.factory.support.DefaultListableBeanFactory@6bd0c7df
Nov 21, 2016 9:34:35 PM org.springframework.beans.factory.support.DefaultListableBeanFactory preInstantiateSingletons
INFO: Pre-instantiating singletons in org.springframework.beans.factory.support.DefaultListableBeanFactory@6bd0c7df: defining beans [filter,legacy]; root of factory hierarchy
Nov 21, 2016 9:34:35 PM hudson.slaves.SlaveComputer tryReconnect
INFO: Attempting to reconnect installer_test_linux
Nov 21, 2016 9:34:35 PM hudson.slaves.SlaveComputer tryReconnect
INFO: Attempting to reconnect ase_test
Nov 21, 2016 9:34:35 PM hudson.slaves.SlaveComputer tryReconnect
INFO: Attempting to reconnect installer_test_linux1
Nov 21, 2016 9:34:35 PM hudson.slaves.SlaveComputer tryReconnect
INFO: Attempting to reconnect installer_test_linux2
Nov 21, 2016 9:34:35 PM hudson.slaves.SlaveComputer tryReconnect
INFO: Attempting to reconnect ase_test_txue
Nov 21, 2016 9:34:35 PM hudson.WebAppMain$3 run
INFO: Jenkins is fully up and running
Nov 21, 2016 9:34:44 PM hudson.remoting.SynchronousCommandTransport$ReaderThread run
SEVERE: I/O error in channel installer_test_linux
java.io.IOException: Unexpected termination of the channel
	at hudson.remoting.SynchronousCommandTransport$ReaderThread.run(SynchronousCommandTransport.java:50)
Caused by: java.io.EOFException
	at java.io.ObjectInputStream$PeekInputStream.readFully(ObjectInputStream.java:2323)
	at java.io.ObjectInputStream$BlockDataInputStream.readShort(ObjectInputStream.java:2792)
	at java.io.ObjectInputStream.readStreamHeader(ObjectInputStream.java:799)
	at java.io.ObjectInputStream.<init>(ObjectInputStream.java:299)
	at hudson.remoting.ObjectInputStreamEx.<init>(ObjectInputStreamEx.java:40)
	at hudson.remoting.AbstractSynchronousByteArrayCommandTransport.read(AbstractSynchronousByteArrayCommandTransport.java:34)
	at hudson.remoting.SynchronousCommandTransport$ReaderThread.run(SynchronousCommandTransport.java:48)

Nov 21, 2016 9:34:49 PM javax.jmdns.impl.DNSStatefulObject$DefaultImplementation waitForAnnounced
WARNING: Wait for announced timed out: DNS: rsng2.local. state: probing 1 task: Prober(rsng2.local.) state: probing 1
Nov 21, 2016 9:34:55 PM javax.jmdns.impl.DNSStatefulObject$DefaultImplementation waitForAnnounced
WARNING: Wait for announced timed out: DNS: rsng2.local. state: probing 1 task: Prober(rsng2.local.) state: probing 1
Nov 21, 2016 9:35:06 PM hudson.slaves.SlaveComputer tryReconnect
INFO: Attempting to reconnect installer_test_linux
