Feb 15, 2017 12:17:51 AM hudson.slaves.SlaveComputer tryReconnect
INFO: Attempting to reconnect ase_test
Feb 15, 2017 12:19:51 AM hudson.slaves.SlaveComputer tryReconnect
INFO: Attempting to reconnect installer_test_linux2
Feb 15, 2017 12:37:17 AM hudson.node_monitors.ResponseTimeMonitor$1 monitor
WARNING: Making ase_test offline because it’s not responding
Feb 15, 2017 12:37:17 AM hudson.node_monitors.ResponseTimeMonitor$1 monitor
WARNING: Making NT_MONSOON offline because it’s not responding
Feb 15, 2017 12:37:17 AM hudson.node_monitors.ResponseTimeMonitor$1 monitor
WARNING: Making installer_test_linux2 offline because it’s not responding
Feb 15, 2017 12:39:51 AM hudson.slaves.SlaveComputer tryReconnect
INFO: Attempting to reconnect ase_test
Feb 15, 2017 12:41:51 AM hudson.slaves.SlaveComputer tryReconnect
INFO: Attempting to reconnect installer_test_linux2
Feb 15, 2017 1:03:51 AM hudson.slaves.SlaveComputer tryReconnect
INFO: Attempting to reconnect ase_test
Feb 15, 2017 1:05:51 AM hudson.slaves.SlaveComputer tryReconnect
INFO: Attempting to reconnect installer_test_linux2
Feb 15, 2017 1:24:51 AM hudson.slaves.SlaveComputer tryReconnect
INFO: Attempting to reconnect ase_test
Feb 15, 2017 1:26:51 AM hudson.slaves.SlaveComputer tryReconnect
INFO: Attempting to reconnect installer_test_linux2
Feb 15, 2017 1:37:17 AM hudson.node_monitors.ResponseTimeMonitor$1 monitor
WARNING: Making ase_test offline because it’s not responding
Feb 15, 2017 1:37:17 AM hudson.node_monitors.ResponseTimeMonitor$1 monitor
WARNING: Making NT_MONSOON offline because it’s not responding
Feb 15, 2017 1:37:17 AM hudson.node_monitors.ResponseTimeMonitor$1 monitor
WARNING: Making installer_test_linux2 offline because it’s not responding
Feb 15, 2017 1:45:51 AM hudson.slaves.SlaveComputer tryReconnect
INFO: Attempting to reconnect ase_test
Feb 15, 2017 1:47:51 AM hudson.slaves.SlaveComputer tryReconnect
INFO: Attempting to reconnect installer_test_linux2
Feb 15, 2017 2:08:51 AM hudson.slaves.SlaveComputer tryReconnect
INFO: Attempting to reconnect ase_test
Feb 15, 2017 2:10:51 AM hudson.slaves.SlaveComputer tryReconnect
INFO: Attempting to reconnect installer_test_linux2
Feb 15, 2017 2:28:51 AM hudson.slaves.SlaveComputer tryReconnect
INFO: Attempting to reconnect ase_test
Feb 15, 2017 2:29:51 AM hudson.slaves.SlaveComputer tryReconnect
INFO: Attempting to reconnect installer_test_linux2
Feb 15, 2017 2:37:17 AM hudson.node_monitors.ResponseTimeMonitor$1 monitor
WARNING: Making ase_test offline because it’s not responding
Feb 15, 2017 2:37:17 AM hudson.node_monitors.ResponseTimeMonitor$1 monitor
WARNING: Making NT_MONSOON offline because it’s not responding
Feb 15, 2017 2:37:17 AM hudson.node_monitors.ResponseTimeMonitor$1 monitor
WARNING: Making installer_test_linux2 offline because it’s not responding
Feb 15, 2017 2:46:51 AM hudson.slaves.SlaveComputer tryReconnect
INFO: Attempting to reconnect ase_test
Feb 15, 2017 2:48:51 AM hudson.slaves.SlaveComputer tryReconnect
INFO: Attempting to reconnect installer_test_linux2
Feb 15, 2017 3:06:51 AM hudson.slaves.SlaveComputer tryReconnect
INFO: Attempting to reconnect ase_test
Feb 15, 2017 3:08:51 AM hudson.slaves.SlaveComputer tryReconnect
INFO: Attempting to reconnect installer_test_linux2
Feb 15, 2017 3:24:51 AM hudson.slaves.SlaveComputer tryReconnect
INFO: Attempting to reconnect ase_test
Feb 15, 2017 3:26:51 AM hudson.slaves.SlaveComputer tryReconnect
INFO: Attempting to reconnect installer_test_linux2
Feb 15, 2017 3:37:17 AM hudson.node_monitors.ResponseTimeMonitor$1 monitor
WARNING: Making ase_test offline because it’s not responding
Feb 15, 2017 3:37:17 AM hudson.node_monitors.ResponseTimeMonitor$1 monitor
WARNING: Making NT_MONSOON offline because it’s not responding
Feb 15, 2017 3:37:17 AM hudson.node_monitors.ResponseTimeMonitor$1 monitor
WARNING: Making installer_test_linux2 offline because it’s not responding
Feb 15, 2017 3:43:51 AM hudson.slaves.SlaveComputer tryReconnect
INFO: Attempting to reconnect ase_test
Feb 15, 2017 3:45:51 AM hudson.slaves.SlaveComputer tryReconnect
INFO: Attempting to reconnect installer_test_linux2
Feb 15, 2017 3:48:28 AM hudson.model.AsyncPeriodicWork$1 run
INFO: Started Workspace clean-up
Feb 15, 2017 3:48:29 AM hudson.model.AsyncPeriodicWork$1 run
INFO: Finished Workspace clean-up. 616 ms
Feb 15, 2017 4:04:51 AM hudson.slaves.SlaveComputer tryReconnect
INFO: Attempting to reconnect ase_test
Feb 15, 2017 4:06:51 AM hudson.slaves.SlaveComputer tryReconnect
INFO: Attempting to reconnect installer_test_linux2
Feb 15, 2017 4:23:51 AM hudson.slaves.SlaveComputer tryReconnect
INFO: Attempting to reconnect ase_test
Feb 15, 2017 4:25:51 AM hudson.slaves.SlaveComputer tryReconnect
INFO: Attempting to reconnect installer_test_linux2
Feb 15, 2017 4:37:17 AM hudson.node_monitors.ResponseTimeMonitor$1 monitor
WARNING: Making ase_test offline because it’s not responding
Feb 15, 2017 4:37:17 AM hudson.node_monitors.ResponseTimeMonitor$1 monitor
WARNING: Making NT_MONSOON offline because it’s not responding
Feb 15, 2017 4:37:17 AM hudson.node_monitors.ResponseTimeMonitor$1 monitor
WARNING: Making installer_test_linux2 offline because it’s not responding
Feb 15, 2017 4:43:51 AM hudson.slaves.SlaveComputer tryReconnect
INFO: Attempting to reconnect ase_test
Feb 15, 2017 4:44:51 AM hudson.slaves.SlaveComputer tryReconnect
INFO: Attempting to reconnect installer_test_linux2
Feb 15, 2017 5:01:51 AM hudson.slaves.SlaveComputer tryReconnect
INFO: Attempting to reconnect ase_test
Feb 15, 2017 5:02:51 AM hudson.slaves.SlaveComputer tryReconnect
INFO: Attempting to reconnect installer_test_linux2
Feb 15, 2017 5:23:51 AM hudson.slaves.SlaveComputer tryReconnect
INFO: Attempting to reconnect ase_test
Feb 15, 2017 5:25:51 AM hudson.slaves.SlaveComputer tryReconnect
INFO: Attempting to reconnect installer_test_linux2
Feb 15, 2017 5:37:17 AM hudson.node_monitors.ResponseTimeMonitor$1 monitor
WARNING: Making ase_test offline because it’s not responding
Feb 15, 2017 5:37:17 AM hudson.node_monitors.ResponseTimeMonitor$1 monitor
WARNING: Making NT_MONSOON offline because it’s not responding
Feb 15, 2017 5:37:17 AM hudson.node_monitors.ResponseTimeMonitor$1 monitor
WARNING: Making installer_test_linux2 offline because it’s not responding
Feb 15, 2017 5:43:51 AM hudson.slaves.SlaveComputer tryReconnect
INFO: Attempting to reconnect ase_test
Feb 15, 2017 5:45:51 AM hudson.slaves.SlaveComputer tryReconnect
INFO: Attempting to reconnect installer_test_linux2
Feb 15, 2017 6:05:51 AM hudson.slaves.SlaveComputer tryReconnect
INFO: Attempting to reconnect ase_test
Feb 15, 2017 6:06:51 AM hudson.slaves.SlaveComputer tryReconnect
INFO: Attempting to reconnect installer_test_linux2
Feb 15, 2017 6:25:51 AM hudson.slaves.SlaveComputer tryReconnect
INFO: Attempting to reconnect ase_test
Feb 15, 2017 6:27:51 AM hudson.slaves.SlaveComputer tryReconnect
INFO: Attempting to reconnect installer_test_linux2
Feb 15, 2017 6:37:17 AM hudson.node_monitors.ResponseTimeMonitor$1 monitor
WARNING: Making ase_test offline because it’s not responding
Feb 15, 2017 6:37:17 AM hudson.node_monitors.ResponseTimeMonitor$1 monitor
WARNING: Making NT_MONSOON offline because it’s not responding
Feb 15, 2017 6:37:17 AM hudson.node_monitors.ResponseTimeMonitor$1 monitor
WARNING: Making installer_test_linux2 offline because it’s not responding
Feb 15, 2017 6:44:51 AM hudson.slaves.SlaveComputer tryReconnect
INFO: Attempting to reconnect ase_test
Feb 15, 2017 6:46:51 AM hudson.slaves.SlaveComputer tryReconnect
INFO: Attempting to reconnect installer_test_linux2
Feb 15, 2017 7:03:51 AM hudson.slaves.SlaveComputer tryReconnect
INFO: Attempting to reconnect ase_test
Feb 15, 2017 7:05:51 AM hudson.slaves.SlaveComputer tryReconnect
INFO: Attempting to reconnect installer_test_linux2
Feb 15, 2017 7:25:51 AM hudson.slaves.SlaveComputer tryReconnect
INFO: Attempting to reconnect ase_test
Feb 15, 2017 7:27:51 AM hudson.slaves.SlaveComputer tryReconnect
INFO: Attempting to reconnect installer_test_linux2
Feb 15, 2017 7:37:17 AM hudson.node_monitors.ResponseTimeMonitor$1 monitor
WARNING: Making ase_test offline because it’s not responding
Feb 15, 2017 7:37:17 AM hudson.node_monitors.ResponseTimeMonitor$1 monitor
WARNING: Making NT_MONSOON offline because it’s not responding
Feb 15, 2017 7:37:17 AM hudson.node_monitors.ResponseTimeMonitor$1 monitor
WARNING: Making installer_test_linux2 offline because it’s not responding
Feb 15, 2017 7:46:51 AM hudson.slaves.SlaveComputer tryReconnect
INFO: Attempting to reconnect ase_test
Feb 15, 2017 7:47:51 AM hudson.slaves.SlaveComputer tryReconnect
INFO: Attempting to reconnect installer_test_linux2
Feb 15, 2017 8:05:51 AM hudson.slaves.SlaveComputer tryReconnect
INFO: Attempting to reconnect ase_test
Feb 15, 2017 8:07:08 AM hudson.model.Run execute
INFO: SRS_RMA_BUILD_TRIGGER_BY_RMADEV_SP306 #108 main build action completed: FAILURE
Feb 15, 2017 8:07:51 AM hudson.slaves.SlaveComputer tryReconnect
INFO: Attempting to reconnect installer_test_linux2
Feb 15, 2017 8:15:01 AM hudson.model.Run execute
INFO: SRS_RMA_BUILD_TRIGGER_BY_RMADEV_SP305 #199 main build action completed: SUCCESS
Feb 15, 2017 8:25:51 AM hudson.slaves.SlaveComputer tryReconnect
INFO: Attempting to reconnect ase_test
Feb 15, 2017 8:26:51 AM hudson.slaves.SlaveComputer tryReconnect
INFO: Attempting to reconnect installer_test_linux2
Feb 15, 2017 8:37:17 AM hudson.node_monitors.ResponseTimeMonitor$1 monitor
WARNING: Making ase_test offline because it’s not responding
Feb 15, 2017 8:37:17 AM hudson.node_monitors.ResponseTimeMonitor$1 monitor
WARNING: Making NT_MONSOON offline because it’s not responding
Feb 15, 2017 8:37:17 AM hudson.node_monitors.ResponseTimeMonitor$1 monitor
WARNING: Making installer_test_linux2 offline because it’s not responding
Feb 15, 2017 8:43:51 AM hudson.slaves.SlaveComputer tryReconnect
INFO: Attempting to reconnect ase_test
Feb 15, 2017 8:45:51 AM hudson.slaves.SlaveComputer tryReconnect
INFO: Attempting to reconnect installer_test_linux2
Feb 15, 2017 9:04:51 AM hudson.slaves.SlaveComputer tryReconnect
INFO: Attempting to reconnect ase_test
Feb 15, 2017 9:06:51 AM hudson.slaves.SlaveComputer tryReconnect
INFO: Attempting to reconnect installer_test_linux2
Feb 15, 2017 9:21:01 AM hudson.model.AsyncPeriodicWork$1 run
INFO: Started Fingerprint cleanup
Feb 15, 2017 9:21:01 AM hudson.model.AsyncPeriodicWork$1 run
INFO: Finished Fingerprint cleanup. 0 ms
Feb 15, 2017 9:27:51 AM hudson.slaves.SlaveComputer tryReconnect
INFO: Attempting to reconnect ase_test
Feb 15, 2017 9:28:51 AM hudson.slaves.SlaveComputer tryReconnect
INFO: Attempting to reconnect installer_test_linux2
Feb 15, 2017 9:37:17 AM hudson.node_monitors.ResponseTimeMonitor$1 monitor
WARNING: Making ase_test offline because it’s not responding
Feb 15, 2017 9:37:17 AM hudson.node_monitors.ResponseTimeMonitor$1 monitor
WARNING: Making NT_MONSOON offline because it’s not responding
Feb 15, 2017 9:37:17 AM hudson.node_monitors.ResponseTimeMonitor$1 monitor
WARNING: Making installer_test_linux2 offline because it’s not responding
Feb 15, 2017 9:46:51 AM hudson.slaves.SlaveComputer tryReconnect
INFO: Attempting to reconnect ase_test
Feb 15, 2017 9:48:51 AM hudson.slaves.SlaveComputer tryReconnect
INFO: Attempting to reconnect installer_test_linux2
Feb 15, 2017 10:06:51 AM hudson.slaves.SlaveComputer tryReconnect
INFO: Attempting to reconnect ase_test
Feb 15, 2017 10:08:51 AM hudson.slaves.SlaveComputer tryReconnect
INFO: Attempting to reconnect installer_test_linux2
Feb 15, 2017 10:28:51 AM hudson.slaves.SlaveComputer tryReconnect
INFO: Attempting to reconnect ase_test
Feb 15, 2017 10:30:51 AM hudson.slaves.SlaveComputer tryReconnect
INFO: Attempting to reconnect installer_test_linux2
Feb 15, 2017 10:37:17 AM hudson.node_monitors.ResponseTimeMonitor$1 monitor
WARNING: Making ase_test offline because it’s not responding
Feb 15, 2017 10:37:17 AM hudson.node_monitors.ResponseTimeMonitor$1 monitor
WARNING: Making NT_MONSOON offline because it’s not responding
Feb 15, 2017 10:37:17 AM hudson.node_monitors.ResponseTimeMonitor$1 monitor
WARNING: Making installer_test_linux2 offline because it’s not responding
Feb 15, 2017 10:50:51 AM hudson.slaves.SlaveComputer tryReconnect
INFO: Attempting to reconnect ase_test
Feb 15, 2017 10:52:51 AM hudson.slaves.SlaveComputer tryReconnect
INFO: Attempting to reconnect installer_test_linux2
Feb 15, 2017 11:10:51 AM hudson.slaves.SlaveComputer tryReconnect
INFO: Attempting to reconnect ase_test
Feb 15, 2017 11:12:51 AM hudson.slaves.SlaveComputer tryReconnect
INFO: Attempting to reconnect installer_test_linux2
Feb 15, 2017 11:34:51 AM hudson.slaves.SlaveComputer tryReconnect
INFO: Attempting to reconnect ase_test
Feb 15, 2017 11:36:51 AM hudson.slaves.SlaveComputer tryReconnect
INFO: Attempting to reconnect installer_test_linux2
Feb 15, 2017 11:37:17 AM hudson.node_monitors.ResponseTimeMonitor$1 monitor
WARNING: Making ase_test offline because it’s not responding
Feb 15, 2017 11:37:17 AM hudson.node_monitors.ResponseTimeMonitor$1 monitor
WARNING: Making NT_MONSOON offline because it’s not responding
Feb 15, 2017 11:37:17 AM hudson.node_monitors.ResponseTimeMonitor$1 monitor
WARNING: Making installer_test_linux2 offline because it’s not responding
Feb 15, 2017 11:54:51 AM hudson.slaves.SlaveComputer tryReconnect
INFO: Attempting to reconnect ase_test
Feb 15, 2017 11:56:51 AM hudson.slaves.SlaveComputer tryReconnect
INFO: Attempting to reconnect installer_test_linux2
Feb 15, 2017 12:14:51 PM hudson.slaves.SlaveComputer tryReconnect
INFO: Attempting to reconnect ase_test
Feb 15, 2017 12:16:51 PM hudson.slaves.SlaveComputer tryReconnect
INFO: Attempting to reconnect installer_test_linux2
Feb 15, 2017 12:33:51 PM hudson.slaves.SlaveComputer tryReconnect
INFO: Attempting to reconnect ase_test
Feb 15, 2017 12:34:51 PM hudson.slaves.SlaveComputer tryReconnect
INFO: Attempting to reconnect installer_test_linux2
Feb 15, 2017 12:37:17 PM hudson.node_monitors.ResponseTimeMonitor$1 monitor
WARNING: Making ase_test offline because it’s not responding
Feb 15, 2017 12:37:17 PM hudson.node_monitors.ResponseTimeMonitor$1 monitor
WARNING: Making NT_MONSOON offline because it’s not responding
Feb 15, 2017 12:37:17 PM hudson.node_monitors.ResponseTimeMonitor$1 monitor
WARNING: Making installer_test_linux2 offline because it’s not responding
Feb 15, 2017 12:52:51 PM hudson.slaves.SlaveComputer tryReconnect
INFO: Attempting to reconnect ase_test
Feb 15, 2017 12:54:51 PM hudson.slaves.SlaveComputer tryReconnect
INFO: Attempting to reconnect installer_test_linux2
Feb 15, 2017 1:11:51 PM hudson.slaves.SlaveComputer tryReconnect
INFO: Attempting to reconnect ase_test
Feb 15, 2017 1:12:51 PM hudson.slaves.SlaveComputer tryReconnect
INFO: Attempting to reconnect installer_test_linux2
Feb 15, 2017 1:30:51 PM hudson.slaves.SlaveComputer tryReconnect
INFO: Attempting to reconnect ase_test
Feb 15, 2017 1:32:51 PM hudson.slaves.SlaveComputer tryReconnect
INFO: Attempting to reconnect installer_test_linux2
Feb 15, 2017 1:37:17 PM hudson.node_monitors.ResponseTimeMonitor$1 monitor
WARNING: Making ase_test offline because it’s not responding
Feb 15, 2017 1:37:17 PM hudson.node_monitors.ResponseTimeMonitor$1 monitor
WARNING: Making NT_MONSOON offline because it’s not responding
Feb 15, 2017 1:37:17 PM hudson.node_monitors.ResponseTimeMonitor$1 monitor
WARNING: Making installer_test_linux2 offline because it’s not responding
Feb 15, 2017 1:47:51 PM hudson.slaves.SlaveComputer tryReconnect
INFO: Attempting to reconnect ase_test
Feb 15, 2017 1:49:51 PM hudson.slaves.SlaveComputer tryReconnect
INFO: Attempting to reconnect installer_test_linux2
Feb 15, 2017 2:06:51 PM hudson.slaves.SlaveComputer tryReconnect
INFO: Attempting to reconnect ase_test
Feb 15, 2017 2:08:51 PM hudson.slaves.SlaveComputer tryReconnect
INFO: Attempting to reconnect installer_test_linux2
Feb 15, 2017 2:26:51 PM hudson.slaves.SlaveComputer tryReconnect
INFO: Attempting to reconnect ase_test
Feb 15, 2017 2:28:51 PM hudson.slaves.SlaveComputer tryReconnect
INFO: Attempting to reconnect installer_test_linux2
Feb 15, 2017 2:37:17 PM hudson.node_monitors.ResponseTimeMonitor$1 monitor
WARNING: Making ase_test offline because it’s not responding
Feb 15, 2017 2:37:17 PM hudson.node_monitors.ResponseTimeMonitor$1 monitor
WARNING: Making NT_MONSOON offline because it’s not responding
Feb 15, 2017 2:37:17 PM hudson.node_monitors.ResponseTimeMonitor$1 monitor
WARNING: Making installer_test_linux2 offline because it’s not responding
Feb 15, 2017 2:47:51 PM hudson.slaves.SlaveComputer tryReconnect
INFO: Attempting to reconnect ase_test
Feb 15, 2017 2:49:51 PM hudson.slaves.SlaveComputer tryReconnect
INFO: Attempting to reconnect installer_test_linux2
Feb 15, 2017 3:08:51 PM hudson.slaves.SlaveComputer tryReconnect
INFO: Attempting to reconnect ase_test
Feb 15, 2017 3:10:51 PM hudson.slaves.SlaveComputer tryReconnect
INFO: Attempting to reconnect installer_test_linux2
Feb 15, 2017 3:28:51 PM hudson.slaves.SlaveComputer tryReconnect
INFO: Attempting to reconnect ase_test
Feb 15, 2017 3:29:51 PM hudson.slaves.SlaveComputer tryReconnect
INFO: Attempting to reconnect installer_test_linux2
Feb 15, 2017 3:37:17 PM hudson.node_monitors.ResponseTimeMonitor$1 monitor
WARNING: Making ase_test offline because it’s not responding
Feb 15, 2017 3:37:17 PM hudson.node_monitors.ResponseTimeMonitor$1 monitor
WARNING: Making NT_MONSOON offline because it’s not responding
Feb 15, 2017 3:37:17 PM hudson.node_monitors.ResponseTimeMonitor$1 monitor
WARNING: Making installer_test_linux2 offline because it’s not responding
Feb 15, 2017 3:46:51 PM hudson.slaves.SlaveComputer tryReconnect
INFO: Attempting to reconnect ase_test
Feb 15, 2017 3:47:51 PM hudson.slaves.SlaveComputer tryReconnect
INFO: Attempting to reconnect installer_test_linux2
Feb 15, 2017 4:07:51 PM hudson.slaves.SlaveComputer tryReconnect
INFO: Attempting to reconnect ase_test
Feb 15, 2017 4:09:51 PM hudson.slaves.SlaveComputer tryReconnect
INFO: Attempting to reconnect installer_test_linux2
Feb 15, 2017 4:27:51 PM hudson.slaves.SlaveComputer tryReconnect
INFO: Attempting to reconnect ase_test
Feb 15, 2017 4:29:51 PM hudson.slaves.SlaveComputer tryReconnect
INFO: Attempting to reconnect installer_test_linux2
Feb 15, 2017 4:37:17 PM hudson.node_monitors.ResponseTimeMonitor$1 monitor
WARNING: Making ase_test offline because it’s not responding
Feb 15, 2017 4:37:17 PM hudson.node_monitors.ResponseTimeMonitor$1 monitor
WARNING: Making NT_MONSOON offline because it’s not responding
Feb 15, 2017 4:37:17 PM hudson.node_monitors.ResponseTimeMonitor$1 monitor
WARNING: Making installer_test_linux2 offline because it’s not responding
Feb 15, 2017 4:46:51 PM hudson.slaves.SlaveComputer tryReconnect
INFO: Attempting to reconnect ase_test
Feb 15, 2017 4:48:51 PM hudson.slaves.SlaveComputer tryReconnect
INFO: Attempting to reconnect installer_test_linux2
Feb 15, 2017 5:08:51 PM hudson.slaves.SlaveComputer tryReconnect
INFO: Attempting to reconnect ase_test
Feb 15, 2017 5:09:51 PM hudson.slaves.SlaveComputer tryReconnect
INFO: Attempting to reconnect installer_test_linux2
Feb 15, 2017 5:27:51 PM hudson.slaves.SlaveComputer tryReconnect
INFO: Attempting to reconnect ase_test
Feb 15, 2017 5:29:51 PM hudson.slaves.SlaveComputer tryReconnect
INFO: Attempting to reconnect installer_test_linux2
Feb 15, 2017 5:37:17 PM hudson.node_monitors.ResponseTimeMonitor$1 monitor
WARNING: Making ase_test offline because it’s not responding
Feb 15, 2017 5:37:17 PM hudson.node_monitors.ResponseTimeMonitor$1 monitor
WARNING: Making NT_MONSOON offline because it’s not responding
Feb 15, 2017 5:37:17 PM hudson.node_monitors.ResponseTimeMonitor$1 monitor
WARNING: Making installer_test_linux2 offline because it’s not responding
Feb 15, 2017 5:46:51 PM hudson.slaves.SlaveComputer tryReconnect
INFO: Attempting to reconnect ase_test
Feb 15, 2017 5:48:51 PM hudson.slaves.SlaveComputer tryReconnect
INFO: Attempting to reconnect installer_test_linux2
Feb 15, 2017 6:07:51 PM hudson.slaves.SlaveComputer tryReconnect
INFO: Attempting to reconnect ase_test
Feb 15, 2017 6:09:51 PM hudson.slaves.SlaveComputer tryReconnect
INFO: Attempting to reconnect installer_test_linux2
Feb 15, 2017 6:26:51 PM hudson.slaves.SlaveComputer tryReconnect
INFO: Attempting to reconnect ase_test
Feb 15, 2017 6:28:51 PM hudson.slaves.SlaveComputer tryReconnect
INFO: Attempting to reconnect installer_test_linux2
Feb 15, 2017 6:37:17 PM hudson.node_monitors.ResponseTimeMonitor$1 monitor
WARNING: Making ase_test offline because it’s not responding
Feb 15, 2017 6:37:17 PM hudson.node_monitors.ResponseTimeMonitor$1 monitor
WARNING: Making NT_MONSOON offline because it’s not responding
Feb 15, 2017 6:37:17 PM hudson.node_monitors.ResponseTimeMonitor$1 monitor
WARNING: Making installer_test_linux2 offline because it’s not responding
Feb 15, 2017 6:46:51 PM hudson.slaves.SlaveComputer tryReconnect
INFO: Attempting to reconnect ase_test
Feb 15, 2017 6:48:51 PM hudson.slaves.SlaveComputer tryReconnect
INFO: Attempting to reconnect installer_test_linux2
Feb 15, 2017 7:08:51 PM hudson.slaves.SlaveComputer tryReconnect
INFO: Attempting to reconnect ase_test
Feb 15, 2017 7:10:51 PM hudson.slaves.SlaveComputer tryReconnect
INFO: Attempting to reconnect installer_test_linux2
Feb 15, 2017 7:29:51 PM hudson.slaves.SlaveComputer tryReconnect
INFO: Attempting to reconnect ase_test
Feb 15, 2017 7:31:51 PM hudson.slaves.SlaveComputer tryReconnect
INFO: Attempting to reconnect installer_test_linux2
Feb 15, 2017 7:37:17 PM hudson.node_monitors.ResponseTimeMonitor$1 monitor
WARNING: Making ase_test offline because it’s not responding
Feb 15, 2017 7:37:17 PM hudson.node_monitors.ResponseTimeMonitor$1 monitor
WARNING: Making NT_MONSOON offline because it’s not responding
Feb 15, 2017 7:37:17 PM hudson.node_monitors.ResponseTimeMonitor$1 monitor
WARNING: Making installer_test_linux2 offline because it’s not responding
Feb 15, 2017 7:50:51 PM hudson.slaves.SlaveComputer tryReconnect
INFO: Attempting to reconnect ase_test
Feb 15, 2017 7:52:51 PM hudson.slaves.SlaveComputer tryReconnect
INFO: Attempting to reconnect installer_test_linux2
Feb 15, 2017 8:10:51 PM hudson.slaves.SlaveComputer tryReconnect
INFO: Attempting to reconnect ase_test
Feb 15, 2017 8:12:51 PM hudson.slaves.SlaveComputer tryReconnect
INFO: Attempting to reconnect installer_test_linux2
Feb 15, 2017 8:30:51 PM hudson.slaves.SlaveComputer tryReconnect
INFO: Attempting to reconnect ase_test
Feb 15, 2017 8:32:51 PM hudson.slaves.SlaveComputer tryReconnect
INFO: Attempting to reconnect installer_test_linux2
Feb 15, 2017 8:37:17 PM hudson.node_monitors.ResponseTimeMonitor$1 monitor
WARNING: Making ase_test offline because it’s not responding
Feb 15, 2017 8:37:17 PM hudson.node_monitors.ResponseTimeMonitor$1 monitor
WARNING: Making NT_MONSOON offline because it’s not responding
Feb 15, 2017 8:37:17 PM hudson.node_monitors.ResponseTimeMonitor$1 monitor
WARNING: Making installer_test_linux2 offline because it’s not responding
Feb 15, 2017 8:50:51 PM hudson.slaves.SlaveComputer tryReconnect
INFO: Attempting to reconnect ase_test
Feb 15, 2017 8:52:51 PM hudson.slaves.SlaveComputer tryReconnect
INFO: Attempting to reconnect installer_test_linux2
Feb 15, 2017 9:10:51 PM hudson.slaves.SlaveComputer tryReconnect
INFO: Attempting to reconnect ase_test
Feb 15, 2017 9:12:51 PM hudson.slaves.SlaveComputer tryReconnect
INFO: Attempting to reconnect installer_test_linux2
Feb 15, 2017 9:30:51 PM hudson.slaves.SlaveComputer tryReconnect
INFO: Attempting to reconnect ase_test
Feb 15, 2017 9:32:51 PM hudson.slaves.SlaveComputer tryReconnect
INFO: Attempting to reconnect installer_test_linux2
Feb 15, 2017 9:37:17 PM hudson.node_monitors.ResponseTimeMonitor$1 monitor
WARNING: Making ase_test offline because it’s not responding
Feb 15, 2017 9:37:17 PM hudson.node_monitors.ResponseTimeMonitor$1 monitor
WARNING: Making NT_MONSOON offline because it’s not responding
Feb 15, 2017 9:37:17 PM hudson.node_monitors.ResponseTimeMonitor$1 monitor
WARNING: Making installer_test_linux2 offline because it’s not responding
Feb 15, 2017 9:50:51 PM hudson.slaves.SlaveComputer tryReconnect
INFO: Attempting to reconnect ase_test
Feb 15, 2017 9:51:51 PM hudson.slaves.SlaveComputer tryReconnect
INFO: Attempting to reconnect installer_test_linux2
Feb 15, 2017 10:11:51 PM hudson.slaves.SlaveComputer tryReconnect
INFO: Attempting to reconnect ase_test
Feb 15, 2017 10:12:51 PM hudson.slaves.SlaveComputer tryReconnect
INFO: Attempting to reconnect installer_test_linux2
Feb 15, 2017 10:26:42 PM hudson.model.AsyncPeriodicWork$1 run
INFO: Started Download metadata
Feb 15, 2017 10:26:51 PM hudson.model.UpdateSite updateData
INFO: Obtained the latest update center data file for UpdateSource default
Feb 15, 2017 10:26:52 PM hudson.model.AsyncPeriodicWork$1 run
INFO: Finished Download metadata. 9,993 ms
Feb 15, 2017 10:31:51 PM hudson.slaves.SlaveComputer tryReconnect
INFO: Attempting to reconnect ase_test
Feb 15, 2017 10:33:51 PM hudson.slaves.SlaveComputer tryReconnect
INFO: Attempting to reconnect installer_test_linux2
Feb 15, 2017 10:37:17 PM hudson.node_monitors.ResponseTimeMonitor$1 monitor
WARNING: Making ase_test offline because it’s not responding
Feb 15, 2017 10:37:17 PM hudson.node_monitors.ResponseTimeMonitor$1 monitor
WARNING: Making NT_MONSOON offline because it’s not responding
Feb 15, 2017 10:37:17 PM hudson.node_monitors.ResponseTimeMonitor$1 monitor
WARNING: Making installer_test_linux2 offline because it’s not responding
Feb 15, 2017 10:52:51 PM hudson.slaves.SlaveComputer tryReconnect
INFO: Attempting to reconnect ase_test
Feb 15, 2017 10:53:51 PM hudson.slaves.SlaveComputer tryReconnect
INFO: Attempting to reconnect installer_test_linux2
Feb 15, 2017 11:10:51 PM hudson.slaves.SlaveComputer tryReconnect
INFO: Attempting to reconnect ase_test
Feb 15, 2017 11:12:51 PM hudson.slaves.SlaveComputer tryReconnect
INFO: Attempting to reconnect installer_test_linux2
Feb 15, 2017 11:31:51 PM hudson.slaves.SlaveComputer tryReconnect
INFO: Attempting to reconnect ase_test
Feb 15, 2017 11:32:51 PM hudson.slaves.SlaveComputer tryReconnect
INFO: Attempting to reconnect installer_test_linux2
Feb 15, 2017 11:37:17 PM hudson.node_monitors.ResponseTimeMonitor$1 monitor
WARNING: Making ase_test offline because it’s not responding
Feb 15, 2017 11:37:17 PM hudson.node_monitors.ResponseTimeMonitor$1 monitor
WARNING: Making NT_MONSOON offline because it’s not responding
Feb 15, 2017 11:37:17 PM hudson.node_monitors.ResponseTimeMonitor$1 monitor
WARNING: Making installer_test_linux2 offline because it’s not responding
Feb 15, 2017 11:48:51 PM hudson.slaves.SlaveComputer tryReconnect
INFO: Attempting to reconnect ase_test
Feb 15, 2017 11:49:51 PM hudson.slaves.SlaveComputer tryReconnect
INFO: Attempting to reconnect installer_test_linux2
