Aug 31, 2016 12:03:10 AM org.kohsuke.stapler.RequestImpl$TypePair convertJSON
WARNING: 'stapler-class' is deprecated: com.cloudbees.plugins.credentials.impl.UsernamePasswordCredentialsImpl
Aug 31, 2016 12:03:10 AM org.kohsuke.stapler.RequestImpl$TypePair convertJSON
WARNING: 'stapler-class' is deprecated: com.cloudbees.plugins.credentials.impl.UsernamePasswordCredentialsImpl
Aug 31, 2016 12:03:10 AM org.kohsuke.stapler.RequestImpl$TypePair convertJSON
WARNING: 'stapler-class' is deprecated: com.cloudbees.jenkins.plugins.sshcredentials.impl.BasicSSHUserPrivateKey
Aug 31, 2016 12:03:10 AM org.kohsuke.stapler.RequestImpl$TypePair convertJSON
WARNING: 'stapler-class' is deprecated: com.cloudbees.jenkins.plugins.sshcredentials.impl.BasicSSHUserPrivateKey$DirectEntryPrivateKeySource
Aug 31, 2016 12:03:10 AM org.kohsuke.stapler.RequestImpl$TypePair convertJSON
WARNING: 'stapler-class' is deprecated: com.cloudbees.jenkins.plugins.sshcredentials.impl.BasicSSHUserPrivateKey
Aug 31, 2016 12:03:10 AM org.kohsuke.stapler.RequestImpl$TypePair convertJSON
WARNING: 'stapler-class' is deprecated: com.cloudbees.jenkins.plugins.sshcredentials.impl.BasicSSHUserPrivateKey$DirectEntryPrivateKeySource
Aug 31, 2016 12:03:10 AM org.kohsuke.stapler.RequestImpl$TypePair convertJSON
WARNING: 'stapler-class' is deprecated: com.cloudbees.jenkins.plugins.sshcredentials.impl.BasicSSHUserPrivateKey
Aug 31, 2016 12:03:10 AM org.kohsuke.stapler.RequestImpl$TypePair convertJSON
WARNING: 'stapler-class' is deprecated: com.cloudbees.jenkins.plugins.sshcredentials.impl.BasicSSHUserPrivateKey$DirectEntryPrivateKeySource
Aug 31, 2016 12:03:10 AM org.kohsuke.stapler.RequestImpl$TypePair convertJSON
WARNING: 'stapler-class' is deprecated: com.cloudbees.jenkins.plugins.sshcredentials.impl.BasicSSHUserPrivateKey
Aug 31, 2016 12:03:10 AM org.kohsuke.stapler.RequestImpl$TypePair convertJSON
WARNING: 'stapler-class' is deprecated: com.cloudbees.jenkins.plugins.sshcredentials.impl.BasicSSHUserPrivateKey$UsersPrivateKeySource
Aug 31, 2016 12:03:10 AM org.kohsuke.stapler.RequestImpl$TypePair convertJSON
WARNING: 'stapler-class' is deprecated: com.cloudbees.jenkins.plugins.sshcredentials.impl.BasicSSHUserPrivateKey
Aug 31, 2016 12:03:10 AM org.kohsuke.stapler.RequestImpl$TypePair convertJSON
WARNING: 'stapler-class' is deprecated: com.cloudbees.jenkins.plugins.sshcredentials.impl.BasicSSHUserPrivateKey$DirectEntryPrivateKeySource
Aug 31, 2016 12:03:10 AM org.kohsuke.stapler.RequestImpl$TypePair convertJSON
WARNING: 'stapler-class' is deprecated: com.cloudbees.plugins.credentials.impl.UsernamePasswordCredentialsImpl
Aug 31, 2016 12:03:10 AM org.kohsuke.stapler.RequestImpl$TypePair convertJSON
WARNING: 'stapler-class' is deprecated: com.cloudbees.plugins.credentials.impl.UsernamePasswordCredentialsImpl
Aug 31, 2016 12:03:10 AM org.kohsuke.stapler.RequestImpl$TypePair convertJSON
WARNING: 'stapler-class' is deprecated: com.cloudbees.plugins.credentials.impl.UsernamePasswordCredentialsImpl
Aug 31, 2016 12:03:10 AM org.kohsuke.stapler.RequestImpl$TypePair convertJSON
WARNING: 'stapler-class' is deprecated: com.cloudbees.plugins.credentials.impl.UsernamePasswordCredentialsImpl
Aug 31, 2016 12:14:18 AM hudson.slaves.SlaveComputer tryReconnect
INFO: Attempting to reconnect installer_test_linux
Aug 31, 2016 12:16:00 AM org.kohsuke.stapler.RequestImpl$TypePair convertJSON
WARNING: 'stapler-class' is deprecated: com.cloudbees.plugins.credentials.impl.UsernamePasswordCredentialsImpl
Aug 31, 2016 12:16:00 AM org.kohsuke.stapler.RequestImpl$TypePair convertJSON
WARNING: 'stapler-class' is deprecated: com.cloudbees.plugins.credentials.impl.UsernamePasswordCredentialsImpl
Aug 31, 2016 12:16:00 AM org.kohsuke.stapler.RequestImpl$TypePair convertJSON
WARNING: 'stapler-class' is deprecated: com.cloudbees.jenkins.plugins.sshcredentials.impl.BasicSSHUserPrivateKey
Aug 31, 2016 12:16:00 AM org.kohsuke.stapler.RequestImpl$TypePair convertJSON
WARNING: 'stapler-class' is deprecated: com.cloudbees.jenkins.plugins.sshcredentials.impl.BasicSSHUserPrivateKey$DirectEntryPrivateKeySource
Aug 31, 2016 12:16:00 AM org.kohsuke.stapler.RequestImpl$TypePair convertJSON
WARNING: 'stapler-class' is deprecated: com.cloudbees.jenkins.plugins.sshcredentials.impl.BasicSSHUserPrivateKey
Aug 31, 2016 12:16:00 AM org.kohsuke.stapler.RequestImpl$TypePair convertJSON
WARNING: 'stapler-class' is deprecated: com.cloudbees.jenkins.plugins.sshcredentials.impl.BasicSSHUserPrivateKey$DirectEntryPrivateKeySource
Aug 31, 2016 12:16:00 AM org.kohsuke.stapler.RequestImpl$TypePair convertJSON
WARNING: 'stapler-class' is deprecated: com.cloudbees.jenkins.plugins.sshcredentials.impl.BasicSSHUserPrivateKey
Aug 31, 2016 12:16:00 AM org.kohsuke.stapler.RequestImpl$TypePair convertJSON
WARNING: 'stapler-class' is deprecated: com.cloudbees.jenkins.plugins.sshcredentials.impl.BasicSSHUserPrivateKey$DirectEntryPrivateKeySource
Aug 31, 2016 12:16:00 AM org.kohsuke.stapler.RequestImpl$TypePair convertJSON
WARNING: 'stapler-class' is deprecated: com.cloudbees.jenkins.plugins.sshcredentials.impl.BasicSSHUserPrivateKey
Aug 31, 2016 12:16:00 AM org.kohsuke.stapler.RequestImpl$TypePair convertJSON
WARNING: 'stapler-class' is deprecated: com.cloudbees.jenkins.plugins.sshcredentials.impl.BasicSSHUserPrivateKey$UsersPrivateKeySource
Aug 31, 2016 12:16:00 AM org.kohsuke.stapler.RequestImpl$TypePair convertJSON
WARNING: 'stapler-class' is deprecated: com.cloudbees.jenkins.plugins.sshcredentials.impl.BasicSSHUserPrivateKey
Aug 31, 2016 12:16:00 AM org.kohsuke.stapler.RequestImpl$TypePair convertJSON
WARNING: 'stapler-class' is deprecated: com.cloudbees.jenkins.plugins.sshcredentials.impl.BasicSSHUserPrivateKey$DirectEntryPrivateKeySource
Aug 31, 2016 12:16:00 AM org.kohsuke.stapler.RequestImpl$TypePair convertJSON
WARNING: 'stapler-class' is deprecated: com.cloudbees.plugins.credentials.impl.UsernamePasswordCredentialsImpl
Aug 31, 2016 12:16:00 AM org.kohsuke.stapler.RequestImpl$TypePair convertJSON
WARNING: 'stapler-class' is deprecated: com.cloudbees.plugins.credentials.impl.UsernamePasswordCredentialsImpl
Aug 31, 2016 12:16:00 AM org.kohsuke.stapler.RequestImpl$TypePair convertJSON
WARNING: 'stapler-class' is deprecated: com.cloudbees.plugins.credentials.impl.UsernamePasswordCredentialsImpl
Aug 31, 2016 12:16:00 AM org.kohsuke.stapler.RequestImpl$TypePair convertJSON
WARNING: 'stapler-class' is deprecated: com.cloudbees.plugins.credentials.impl.UsernamePasswordCredentialsImpl
Aug 31, 2016 12:19:14 AM hudson.node_monitors.ResponseTimeMonitor$1 monitor
WARNING: Making installer_test_linux offline because it’s not responding
Aug 31, 2016 12:35:18 AM hudson.slaves.SlaveComputer tryReconnect
INFO: Attempting to reconnect installer_test_linux
Aug 31, 2016 12:42:25 AM hudson.model.Run execute
INFO: SP305_SRS_DAILY_BUILD_INTEGRATION #3 main build action completed: SUCCESS
Aug 31, 2016 12:57:18 AM hudson.slaves.SlaveComputer tryReconnect
INFO: Attempting to reconnect installer_test_linux
Aug 31, 2016 1:19:14 AM hudson.node_monitors.ResponseTimeMonitor$1 monitor
WARNING: Making installer_test_linux offline because it’s not responding
Aug 31, 2016 1:20:18 AM hudson.slaves.SlaveComputer tryReconnect
INFO: Attempting to reconnect installer_test_linux
Aug 31, 2016 1:44:18 AM hudson.slaves.SlaveComputer tryReconnect
INFO: Attempting to reconnect installer_test_linux
Aug 31, 2016 2:04:18 AM hudson.slaves.SlaveComputer tryReconnect
INFO: Attempting to reconnect installer_test_linux
Aug 31, 2016 2:19:14 AM hudson.node_monitors.ResponseTimeMonitor$1 monitor
WARNING: Making installer_test_linux offline because it’s not responding
Aug 31, 2016 2:25:18 AM hudson.slaves.SlaveComputer tryReconnect
INFO: Attempting to reconnect installer_test_linux
Aug 31, 2016 2:44:18 AM hudson.slaves.SlaveComputer tryReconnect
INFO: Attempting to reconnect installer_test_linux
Aug 31, 2016 3:05:18 AM hudson.slaves.SlaveComputer tryReconnect
INFO: Attempting to reconnect installer_test_linux
Aug 31, 2016 3:19:14 AM hudson.node_monitors.ResponseTimeMonitor$1 monitor
WARNING: Making installer_test_linux offline because it’s not responding
Aug 31, 2016 3:27:18 AM hudson.slaves.SlaveComputer tryReconnect
INFO: Attempting to reconnect installer_test_linux
Aug 31, 2016 3:48:18 AM hudson.slaves.SlaveComputer tryReconnect
INFO: Attempting to reconnect installer_test_linux
Aug 31, 2016 4:10:18 AM hudson.slaves.SlaveComputer tryReconnect
INFO: Attempting to reconnect installer_test_linux
Aug 31, 2016 4:19:14 AM hudson.node_monitors.ResponseTimeMonitor$1 monitor
WARNING: Making installer_test_linux offline because it’s not responding
Aug 31, 2016 4:31:18 AM hudson.slaves.SlaveComputer tryReconnect
INFO: Attempting to reconnect installer_test_linux
Aug 31, 2016 4:47:00 AM hudson.model.AsyncPeriodicWork$1 run
INFO: Started Fingerprint cleanup
Aug 31, 2016 4:47:00 AM hudson.model.AsyncPeriodicWork$1 run
INFO: Finished Fingerprint cleanup. 18 ms
Aug 31, 2016 4:53:18 AM hudson.slaves.SlaveComputer tryReconnect
INFO: Attempting to reconnect installer_test_linux
Aug 31, 2016 5:16:18 AM hudson.slaves.SlaveComputer tryReconnect
INFO: Attempting to reconnect installer_test_linux
Aug 31, 2016 5:19:14 AM hudson.node_monitors.ResponseTimeMonitor$1 monitor
WARNING: Making installer_test_linux offline because it’s not responding
Aug 31, 2016 5:38:18 AM hudson.slaves.SlaveComputer tryReconnect
INFO: Attempting to reconnect installer_test_linux
Aug 31, 2016 6:00:18 AM hudson.slaves.SlaveComputer tryReconnect
INFO: Attempting to reconnect installer_test_linux
Aug 31, 2016 6:19:14 AM hudson.node_monitors.ResponseTimeMonitor$1 monitor
WARNING: Making installer_test_linux offline because it’s not responding
Aug 31, 2016 6:21:18 AM hudson.slaves.SlaveComputer tryReconnect
INFO: Attempting to reconnect installer_test_linux
Aug 31, 2016 6:44:18 AM hudson.slaves.SlaveComputer tryReconnect
INFO: Attempting to reconnect installer_test_linux
Aug 31, 2016 7:07:18 AM hudson.slaves.SlaveComputer tryReconnect
INFO: Attempting to reconnect installer_test_linux
Aug 31, 2016 7:19:14 AM hudson.node_monitors.ResponseTimeMonitor$1 monitor
WARNING: Making installer_test_linux offline because it’s not responding
Aug 31, 2016 7:28:18 AM hudson.slaves.SlaveComputer tryReconnect
INFO: Attempting to reconnect installer_test_linux
Aug 31, 2016 7:48:18 AM hudson.slaves.SlaveComputer tryReconnect
INFO: Attempting to reconnect installer_test_linux
Aug 31, 2016 8:08:18 AM hudson.slaves.SlaveComputer tryReconnect
INFO: Attempting to reconnect installer_test_linux
Aug 31, 2016 8:12:42 AM hudson.model.Run execute
INFO: SRS_RMA_BUILD_TRIGGER_BY_RMADEV_SP305 #33 main build action completed: SUCCESS
Aug 31, 2016 8:19:14 AM hudson.node_monitors.ResponseTimeMonitor$1 monitor
WARNING: Making installer_test_linux offline because it’s not responding
Aug 31, 2016 8:28:18 AM hudson.slaves.SlaveComputer tryReconnect
INFO: Attempting to reconnect installer_test_linux
Aug 31, 2016 8:30:35 AM hudson.model.AsyncPeriodicWork$1 run
INFO: Started Download metadata
Aug 31, 2016 8:30:44 AM hudson.model.UpdateSite updateData
INFO: Obtained the latest update center data file for UpdateSource default
Aug 31, 2016 8:30:46 AM hudson.model.AsyncPeriodicWork$1 run
INFO: Finished Download metadata. 10,326 ms
Aug 31, 2016 8:49:18 AM hudson.slaves.SlaveComputer tryReconnect
INFO: Attempting to reconnect installer_test_linux
Aug 31, 2016 9:13:18 AM hudson.slaves.SlaveComputer tryReconnect
INFO: Attempting to reconnect installer_test_linux
Aug 31, 2016 9:19:14 AM hudson.node_monitors.ResponseTimeMonitor$1 monitor
WARNING: Making installer_test_linux offline because it’s not responding
Aug 31, 2016 9:34:18 AM hudson.slaves.SlaveComputer tryReconnect
INFO: Attempting to reconnect installer_test_linux
Aug 31, 2016 9:58:18 AM hudson.slaves.SlaveComputer tryReconnect
INFO: Attempting to reconnect installer_test_linux
Aug 31, 2016 10:19:14 AM hudson.node_monitors.ResponseTimeMonitor$1 monitor
WARNING: Making installer_test_linux offline because it’s not responding
Aug 31, 2016 10:20:18 AM hudson.slaves.SlaveComputer tryReconnect
INFO: Attempting to reconnect installer_test_linux
Aug 31, 2016 10:42:18 AM hudson.slaves.SlaveComputer tryReconnect
INFO: Attempting to reconnect installer_test_linux
Aug 31, 2016 11:04:18 AM hudson.slaves.SlaveComputer tryReconnect
INFO: Attempting to reconnect installer_test_linux
Aug 31, 2016 11:19:14 AM hudson.node_monitors.ResponseTimeMonitor$1 monitor
WARNING: Making installer_test_linux offline because it’s not responding
Aug 31, 2016 11:26:18 AM hudson.slaves.SlaveComputer tryReconnect
INFO: Attempting to reconnect installer_test_linux
Aug 31, 2016 11:49:18 AM hudson.slaves.SlaveComputer tryReconnect
INFO: Attempting to reconnect installer_test_linux
Aug 31, 2016 12:09:18 PM hudson.slaves.SlaveComputer tryReconnect
INFO: Attempting to reconnect installer_test_linux
Aug 31, 2016 12:19:14 PM hudson.node_monitors.ResponseTimeMonitor$1 monitor
WARNING: Making installer_test_linux offline because it’s not responding
Aug 31, 2016 12:31:18 PM hudson.slaves.SlaveComputer tryReconnect
INFO: Attempting to reconnect installer_test_linux
Aug 31, 2016 12:53:18 PM hudson.slaves.SlaveComputer tryReconnect
INFO: Attempting to reconnect installer_test_linux
Aug 31, 2016 1:15:18 PM hudson.slaves.SlaveComputer tryReconnect
INFO: Attempting to reconnect installer_test_linux
Aug 31, 2016 1:19:14 PM hudson.node_monitors.ResponseTimeMonitor$1 monitor
WARNING: Making installer_test_linux offline because it’s not responding
Aug 31, 2016 1:38:18 PM hudson.slaves.SlaveComputer tryReconnect
INFO: Attempting to reconnect installer_test_linux
Aug 31, 2016 1:48:49 PM hudson.model.AsyncPeriodicWork$1 run
INFO: Started Workspace clean-up
Aug 31, 2016 1:48:50 PM hudson.model.AsyncPeriodicWork$1 run
INFO: Finished Workspace clean-up. 526 ms
Aug 31, 2016 2:00:18 PM hudson.slaves.SlaveComputer tryReconnect
INFO: Attempting to reconnect installer_test_linux
Aug 31, 2016 2:19:14 PM hudson.node_monitors.ResponseTimeMonitor$1 monitor
WARNING: Making installer_test_linux offline because it’s not responding
Aug 31, 2016 2:23:18 PM hudson.slaves.SlaveComputer tryReconnect
INFO: Attempting to reconnect installer_test_linux
Aug 31, 2016 2:46:18 PM hudson.slaves.SlaveComputer tryReconnect
INFO: Attempting to reconnect installer_test_linux
Aug 31, 2016 3:07:18 PM hudson.slaves.SlaveComputer tryReconnect
INFO: Attempting to reconnect installer_test_linux
Aug 31, 2016 3:19:14 PM hudson.node_monitors.ResponseTimeMonitor$1 monitor
WARNING: Making installer_test_linux offline because it’s not responding
Aug 31, 2016 3:30:18 PM hudson.slaves.SlaveComputer tryReconnect
INFO: Attempting to reconnect installer_test_linux
Aug 31, 2016 3:51:18 PM hudson.slaves.SlaveComputer tryReconnect
INFO: Attempting to reconnect installer_test_linux
Aug 31, 2016 4:11:18 PM hudson.slaves.SlaveComputer tryReconnect
INFO: Attempting to reconnect installer_test_linux
Aug 31, 2016 4:19:14 PM hudson.node_monitors.ResponseTimeMonitor$1 monitor
WARNING: Making installer_test_linux offline because it’s not responding
Aug 31, 2016 4:34:18 PM hudson.slaves.SlaveComputer tryReconnect
INFO: Attempting to reconnect installer_test_linux
Aug 31, 2016 4:57:18 PM hudson.slaves.SlaveComputer tryReconnect
INFO: Attempting to reconnect installer_test_linux
Aug 31, 2016 5:18:18 PM hudson.slaves.SlaveComputer tryReconnect
INFO: Attempting to reconnect installer_test_linux
Aug 31, 2016 5:19:14 PM hudson.node_monitors.ResponseTimeMonitor$1 monitor
WARNING: Making installer_test_linux offline because it’s not responding
Aug 31, 2016 5:39:18 PM hudson.slaves.SlaveComputer tryReconnect
INFO: Attempting to reconnect installer_test_linux
Aug 31, 2016 6:01:18 PM hudson.slaves.SlaveComputer tryReconnect
INFO: Attempting to reconnect installer_test_linux
Aug 31, 2016 6:19:14 PM hudson.node_monitors.ResponseTimeMonitor$1 monitor
WARNING: Making installer_test_linux offline because it’s not responding
Aug 31, 2016 6:23:18 PM hudson.slaves.SlaveComputer tryReconnect
INFO: Attempting to reconnect installer_test_linux
Aug 31, 2016 6:46:18 PM hudson.slaves.SlaveComputer tryReconnect
INFO: Attempting to reconnect installer_test_linux
Aug 31, 2016 7:08:18 PM hudson.slaves.SlaveComputer tryReconnect
INFO: Attempting to reconnect installer_test_linux
Aug 31, 2016 7:19:14 PM hudson.node_monitors.ResponseTimeMonitor$1 monitor
WARNING: Making installer_test_linux offline because it’s not responding
Aug 31, 2016 7:30:18 PM hudson.slaves.SlaveComputer tryReconnect
INFO: Attempting to reconnect installer_test_linux
Aug 31, 2016 7:47:10 PM org.kohsuke.stapler.RequestImpl$TypePair convertJSON
WARNING: 'stapler-class' is deprecated: hudson.plugins.sshslaves.SSHLauncher
Aug 31, 2016 7:47:10 PM org.kohsuke.stapler.RequestImpl$TypePair convertJSON
WARNING: 'stapler-class' is deprecated: hudson.slaves.RetentionStrategy$Always
Aug 31, 2016 7:47:10 PM hudson.slaves.SlaveComputer tryReconnect
INFO: Attempting to reconnect installer_test_linux1
Aug 31, 2016 7:47:18 PM hudson.slaves.SlaveComputer tryReconnect
INFO: Attempting to reconnect installer_test_linux
Aug 31, 2016 7:47:22 PM org.apache.commons.httpclient.HttpMethodBase readResponseBody
INFO: Response content length is not known
Aug 31, 2016 7:47:24 PM org.apache.commons.httpclient.HttpMethodBase readResponseBody
INFO: Response content length is not known
Aug 31, 2016 7:47:25 PM org.apache.commons.httpclient.HttpMethodBase readResponseBody
INFO: Response content length is not known
Aug 31, 2016 7:47:36 PM org.apache.commons.httpclient.HttpMethodBase readResponseBody
INFO: Response content length is not known
Aug 31, 2016 7:47:37 PM org.apache.commons.httpclient.HttpMethodBase readResponseBody
INFO: Response content length is not known
Aug 31, 2016 7:47:38 PM org.apache.commons.httpclient.HttpMethodBase readResponseBody
INFO: Response content length is not known
Aug 31, 2016 7:48:05 PM org.kohsuke.stapler.RequestImpl$TypePair convertJSON
WARNING: 'stapler-class' is deprecated: hudson.plugins.sshslaves.SSHLauncher
Aug 31, 2016 7:48:05 PM org.kohsuke.stapler.RequestImpl$TypePair convertJSON
WARNING: 'stapler-class' is deprecated: hudson.slaves.RetentionStrategy$Always
Aug 31, 2016 7:48:05 PM hudson.slaves.SlaveComputer tryReconnect
INFO: Attempting to reconnect installer_test_linux1
Aug 31, 2016 7:48:25 PM hudson.node_monitors.ResponseTimeMonitor$1 monitor
WARNING: Making installer_test_linux offline because it’s not responding
Aug 31, 2016 7:48:32 PM hudson.remoting.SynchronousCommandTransport$ReaderThread run
SEVERE: I/O error in channel installer_test_linux1
java.io.IOException: Unexpected termination of the channel
	at hudson.remoting.SynchronousCommandTransport$ReaderThread.run(SynchronousCommandTransport.java:50)
Caused by: java.io.EOFException
	at java.io.ObjectInputStream$PeekInputStream.readFully(ObjectInputStream.java:2297)
	at java.io.ObjectInputStream$BlockDataInputStream.readShort(ObjectInputStream.java:2766)
	at java.io.ObjectInputStream.readStreamHeader(ObjectInputStream.java:797)
	at java.io.ObjectInputStream.<init>(ObjectInputStream.java:297)
	at hudson.remoting.ObjectInputStreamEx.<init>(ObjectInputStreamEx.java:40)
	at hudson.remoting.AbstractSynchronousByteArrayCommandTransport.read(AbstractSynchronousByteArrayCommandTransport.java:34)
	at hudson.remoting.SynchronousCommandTransport$ReaderThread.run(SynchronousCommandTransport.java:48)
Aug 31, 2016 8:06:18 PM hudson.slaves.SlaveComputer tryReconnect
INFO: Attempting to reconnect installer_test_linux
Aug 31, 2016 8:19:14 PM hudson.node_monitors.ResponseTimeMonitor$1 monitor
WARNING: Making installer_test_linux offline because it’s not responding
Aug 31, 2016 8:29:18 PM hudson.slaves.SlaveComputer tryReconnect
INFO: Attempting to reconnect installer_test_linux
Aug 31, 2016 8:51:18 PM hudson.slaves.SlaveComputer tryReconnect
INFO: Attempting to reconnect installer_test_linux
Aug 31, 2016 9:13:18 PM hudson.slaves.SlaveComputer tryReconnect
INFO: Attempting to reconnect installer_test_linux
Aug 31, 2016 9:19:14 PM hudson.node_monitors.ResponseTimeMonitor$1 monitor
WARNING: Making installer_test_linux offline because it’s not responding
Aug 31, 2016 9:35:18 PM hudson.slaves.SlaveComputer tryReconnect
INFO: Attempting to reconnect installer_test_linux
Aug 31, 2016 9:38:47 PM hudson.model.Run execute
INFO: SP305_SRS_DAILY_BUILD_BAK #4 main build action completed: SUCCESS
Aug 31, 2016 9:58:18 PM hudson.slaves.SlaveComputer tryReconnect
INFO: Attempting to reconnect installer_test_linux
Aug 31, 2016 10:19:14 PM hudson.node_monitors.ResponseTimeMonitor$1 monitor
WARNING: Making installer_test_linux offline because it’s not responding
Aug 31, 2016 10:20:18 PM hudson.slaves.SlaveComputer tryReconnect
INFO: Attempting to reconnect installer_test_linux
Aug 31, 2016 10:40:18 PM hudson.slaves.SlaveComputer tryReconnect
INFO: Attempting to reconnect installer_test_linux
Aug 31, 2016 10:40:51 PM hudson.model.Run execute
INFO: SP305_SRS_DAILY_BUILD #25 main build action completed: SUCCESS
Aug 31, 2016 11:02:18 PM hudson.slaves.SlaveComputer tryReconnect
INFO: Attempting to reconnect installer_test_linux
Aug 31, 2016 11:19:14 PM hudson.node_monitors.ResponseTimeMonitor$1 monitor
WARNING: Making installer_test_linux offline because it’s not responding
Aug 31, 2016 11:23:18 PM hudson.slaves.SlaveComputer tryReconnect
INFO: Attempting to reconnect installer_test_linux
Aug 31, 2016 11:43:18 PM hudson.slaves.SlaveComputer tryReconnect
INFO: Attempting to reconnect installer_test_linux
