Mar 12, 2017 12:14:12 AM hudson.node_monitors.ResponseTimeMonitor$1 monitor
WARNING: Making NT_MONSOON offline because it’s not responding
Mar 12, 2017 12:14:12 AM hudson.node_monitors.ResponseTimeMonitor$1 monitor
WARNING: Making ase_test_txue offline because it’s not responding
Mar 12, 2017 12:14:12 AM hudson.node_monitors.ResponseTimeMonitor$1 monitor
WARNING: Making installer_test_linux offline because it’s not responding
Mar 12, 2017 12:14:12 AM hudson.node_monitors.ResponseTimeMonitor$1 monitor
WARNING: Making installer_test_linux1 offline because it’s not responding
Mar 12, 2017 12:14:12 AM hudson.node_monitors.ResponseTimeMonitor$1 monitor
WARNING: Making ase_test offline because it’s not responding
Mar 12, 2017 12:14:12 AM hudson.node_monitors.ResponseTimeMonitor$1 monitor
WARNING: Making installer_test_linux2 offline because it’s not responding
Mar 12, 2017 12:20:46 AM hudson.slaves.SlaveComputer tryReconnect
INFO: Attempting to reconnect ase_test
Mar 12, 2017 12:20:46 AM hudson.slaves.SlaveComputer tryReconnect
INFO: Attempting to reconnect ase_test_txue
Mar 12, 2017 12:20:46 AM hudson.slaves.SlaveComputer tryReconnect
INFO: Attempting to reconnect installer_test_linux
Mar 12, 2017 12:20:46 AM hudson.slaves.SlaveComputer tryReconnect
INFO: Attempting to reconnect installer_test_linux1
Mar 12, 2017 12:20:46 AM hudson.slaves.SlaveComputer tryReconnect
INFO: Attempting to reconnect installer_test_linux2
Mar 12, 2017 12:42:46 AM hudson.slaves.SlaveComputer tryReconnect
INFO: Attempting to reconnect ase_test
Mar 12, 2017 12:42:46 AM hudson.slaves.SlaveComputer tryReconnect
INFO: Attempting to reconnect ase_test_txue
Mar 12, 2017 12:42:46 AM hudson.slaves.SlaveComputer tryReconnect
INFO: Attempting to reconnect installer_test_linux
Mar 12, 2017 12:42:46 AM hudson.slaves.SlaveComputer tryReconnect
INFO: Attempting to reconnect installer_test_linux1
Mar 12, 2017 12:42:46 AM hudson.slaves.SlaveComputer tryReconnect
INFO: Attempting to reconnect installer_test_linux2
Mar 12, 2017 1:04:46 AM hudson.slaves.SlaveComputer tryReconnect
INFO: Attempting to reconnect ase_test
Mar 12, 2017 1:04:46 AM hudson.slaves.SlaveComputer tryReconnect
INFO: Attempting to reconnect ase_test_txue
Mar 12, 2017 1:04:46 AM hudson.slaves.SlaveComputer tryReconnect
INFO: Attempting to reconnect installer_test_linux
Mar 12, 2017 1:04:46 AM hudson.slaves.SlaveComputer tryReconnect
INFO: Attempting to reconnect installer_test_linux1
Mar 12, 2017 1:04:46 AM hudson.slaves.SlaveComputer tryReconnect
INFO: Attempting to reconnect installer_test_linux2
Mar 12, 2017 1:14:12 AM hudson.node_monitors.ResponseTimeMonitor$1 monitor
WARNING: Making NT_MONSOON offline because it’s not responding
Mar 12, 2017 1:14:12 AM hudson.node_monitors.ResponseTimeMonitor$1 monitor
WARNING: Making ase_test_txue offline because it’s not responding
Mar 12, 2017 1:14:12 AM hudson.node_monitors.ResponseTimeMonitor$1 monitor
WARNING: Making installer_test_linux offline because it’s not responding
Mar 12, 2017 1:14:12 AM hudson.node_monitors.ResponseTimeMonitor$1 monitor
WARNING: Making installer_test_linux1 offline because it’s not responding
Mar 12, 2017 1:14:12 AM hudson.node_monitors.ResponseTimeMonitor$1 monitor
WARNING: Making ase_test offline because it’s not responding
Mar 12, 2017 1:14:12 AM hudson.node_monitors.ResponseTimeMonitor$1 monitor
WARNING: Making installer_test_linux2 offline because it’s not responding
Mar 12, 2017 1:26:46 AM hudson.slaves.SlaveComputer tryReconnect
INFO: Attempting to reconnect ase_test
Mar 12, 2017 1:26:46 AM hudson.slaves.SlaveComputer tryReconnect
INFO: Attempting to reconnect ase_test_txue
Mar 12, 2017 1:26:46 AM hudson.slaves.SlaveComputer tryReconnect
INFO: Attempting to reconnect installer_test_linux
Mar 12, 2017 1:26:46 AM hudson.slaves.SlaveComputer tryReconnect
INFO: Attempting to reconnect installer_test_linux1
Mar 12, 2017 1:26:46 AM hudson.slaves.SlaveComputer tryReconnect
INFO: Attempting to reconnect installer_test_linux2
Mar 12, 2017 1:48:46 AM hudson.slaves.SlaveComputer tryReconnect
INFO: Attempting to reconnect ase_test
Mar 12, 2017 1:48:46 AM hudson.slaves.SlaveComputer tryReconnect
INFO: Attempting to reconnect ase_test_txue
Mar 12, 2017 1:48:46 AM hudson.slaves.SlaveComputer tryReconnect
INFO: Attempting to reconnect installer_test_linux
Mar 12, 2017 1:48:46 AM hudson.slaves.SlaveComputer tryReconnect
INFO: Attempting to reconnect installer_test_linux1
Mar 12, 2017 1:48:46 AM hudson.slaves.SlaveComputer tryReconnect
INFO: Attempting to reconnect installer_test_linux2
Mar 12, 2017 3:11:46 AM hudson.slaves.SlaveComputer tryReconnect
INFO: Attempting to reconnect ase_test
Mar 12, 2017 3:11:46 AM hudson.slaves.SlaveComputer tryReconnect
INFO: Attempting to reconnect ase_test_txue
Mar 12, 2017 3:11:46 AM hudson.slaves.SlaveComputer tryReconnect
INFO: Attempting to reconnect installer_test_linux
Mar 12, 2017 3:11:46 AM hudson.slaves.SlaveComputer tryReconnect
INFO: Attempting to reconnect installer_test_linux1
Mar 12, 2017 3:11:46 AM hudson.slaves.SlaveComputer tryReconnect
INFO: Attempting to reconnect installer_test_linux2
Mar 12, 2017 3:14:12 AM hudson.node_monitors.ResponseTimeMonitor$1 monitor
WARNING: Making NT_MONSOON offline because it’s not responding
Mar 12, 2017 3:14:12 AM hudson.node_monitors.ResponseTimeMonitor$1 monitor
WARNING: Making ase_test_txue offline because it’s not responding
Mar 12, 2017 3:14:12 AM hudson.node_monitors.ResponseTimeMonitor$1 monitor
WARNING: Making installer_test_linux offline because it’s not responding
Mar 12, 2017 3:14:12 AM hudson.node_monitors.ResponseTimeMonitor$1 monitor
WARNING: Making installer_test_linux1 offline because it’s not responding
Mar 12, 2017 3:14:12 AM hudson.node_monitors.ResponseTimeMonitor$1 monitor
WARNING: Making ase_test offline because it’s not responding
Mar 12, 2017 3:14:12 AM hudson.node_monitors.ResponseTimeMonitor$1 monitor
WARNING: Making installer_test_linux2 offline because it’s not responding
Mar 12, 2017 3:33:46 AM hudson.slaves.SlaveComputer tryReconnect
INFO: Attempting to reconnect ase_test
Mar 12, 2017 3:33:46 AM hudson.slaves.SlaveComputer tryReconnect
INFO: Attempting to reconnect ase_test_txue
Mar 12, 2017 3:33:46 AM hudson.slaves.SlaveComputer tryReconnect
INFO: Attempting to reconnect installer_test_linux
Mar 12, 2017 3:33:46 AM hudson.slaves.SlaveComputer tryReconnect
INFO: Attempting to reconnect installer_test_linux1
Mar 12, 2017 3:33:46 AM hudson.slaves.SlaveComputer tryReconnect
INFO: Attempting to reconnect installer_test_linux2
Mar 12, 2017 3:54:46 AM hudson.slaves.SlaveComputer tryReconnect
INFO: Attempting to reconnect ase_test
Mar 12, 2017 3:54:46 AM hudson.slaves.SlaveComputer tryReconnect
INFO: Attempting to reconnect ase_test_txue
Mar 12, 2017 3:54:46 AM hudson.slaves.SlaveComputer tryReconnect
INFO: Attempting to reconnect installer_test_linux
Mar 12, 2017 3:54:46 AM hudson.slaves.SlaveComputer tryReconnect
INFO: Attempting to reconnect installer_test_linux1
Mar 12, 2017 3:54:46 AM hudson.slaves.SlaveComputer tryReconnect
INFO: Attempting to reconnect installer_test_linux2
Mar 12, 2017 4:14:12 AM hudson.node_monitors.ResponseTimeMonitor$1 monitor
WARNING: Making NT_MONSOON offline because it’s not responding
Mar 12, 2017 4:14:12 AM hudson.node_monitors.ResponseTimeMonitor$1 monitor
WARNING: Making ase_test_txue offline because it’s not responding
Mar 12, 2017 4:14:12 AM hudson.node_monitors.ResponseTimeMonitor$1 monitor
WARNING: Making installer_test_linux offline because it’s not responding
Mar 12, 2017 4:14:12 AM hudson.node_monitors.ResponseTimeMonitor$1 monitor
WARNING: Making installer_test_linux1 offline because it’s not responding
Mar 12, 2017 4:14:12 AM hudson.node_monitors.ResponseTimeMonitor$1 monitor
WARNING: Making ase_test offline because it’s not responding
Mar 12, 2017 4:14:12 AM hudson.node_monitors.ResponseTimeMonitor$1 monitor
WARNING: Making installer_test_linux2 offline because it’s not responding
Mar 12, 2017 4:17:46 AM hudson.slaves.SlaveComputer tryReconnect
INFO: Attempting to reconnect ase_test
Mar 12, 2017 4:17:46 AM hudson.slaves.SlaveComputer tryReconnect
INFO: Attempting to reconnect ase_test_txue
Mar 12, 2017 4:17:46 AM hudson.slaves.SlaveComputer tryReconnect
INFO: Attempting to reconnect installer_test_linux
Mar 12, 2017 4:17:46 AM hudson.slaves.SlaveComputer tryReconnect
INFO: Attempting to reconnect installer_test_linux1
Mar 12, 2017 4:17:46 AM hudson.slaves.SlaveComputer tryReconnect
INFO: Attempting to reconnect installer_test_linux2
Mar 12, 2017 4:39:46 AM hudson.slaves.SlaveComputer tryReconnect
INFO: Attempting to reconnect ase_test
Mar 12, 2017 4:39:46 AM hudson.slaves.SlaveComputer tryReconnect
INFO: Attempting to reconnect ase_test_txue
Mar 12, 2017 4:39:46 AM hudson.slaves.SlaveComputer tryReconnect
INFO: Attempting to reconnect installer_test_linux
Mar 12, 2017 4:39:46 AM hudson.slaves.SlaveComputer tryReconnect
INFO: Attempting to reconnect installer_test_linux1
Mar 12, 2017 4:39:46 AM hudson.slaves.SlaveComputer tryReconnect
INFO: Attempting to reconnect installer_test_linux2
Mar 12, 2017 4:57:01 AM hudson.model.AsyncPeriodicWork$1 run
INFO: Started Fingerprint cleanup
Mar 12, 2017 4:57:01 AM hudson.model.AsyncPeriodicWork$1 run
INFO: Finished Fingerprint cleanup. 0 ms
Mar 12, 2017 5:02:46 AM hudson.slaves.SlaveComputer tryReconnect
INFO: Attempting to reconnect ase_test
Mar 12, 2017 5:02:46 AM hudson.slaves.SlaveComputer tryReconnect
INFO: Attempting to reconnect ase_test_txue
Mar 12, 2017 5:02:46 AM hudson.slaves.SlaveComputer tryReconnect
INFO: Attempting to reconnect installer_test_linux
Mar 12, 2017 5:02:46 AM hudson.slaves.SlaveComputer tryReconnect
INFO: Attempting to reconnect installer_test_linux1
Mar 12, 2017 5:02:46 AM hudson.slaves.SlaveComputer tryReconnect
INFO: Attempting to reconnect installer_test_linux2
Mar 12, 2017 5:14:12 AM hudson.node_monitors.ResponseTimeMonitor$1 monitor
WARNING: Making NT_MONSOON offline because it’s not responding
Mar 12, 2017 5:14:12 AM hudson.node_monitors.ResponseTimeMonitor$1 monitor
WARNING: Making ase_test_txue offline because it’s not responding
Mar 12, 2017 5:14:12 AM hudson.node_monitors.ResponseTimeMonitor$1 monitor
WARNING: Making installer_test_linux offline because it’s not responding
Mar 12, 2017 5:14:12 AM hudson.node_monitors.ResponseTimeMonitor$1 monitor
WARNING: Making installer_test_linux1 offline because it’s not responding
Mar 12, 2017 5:14:12 AM hudson.node_monitors.ResponseTimeMonitor$1 monitor
WARNING: Making ase_test offline because it’s not responding
Mar 12, 2017 5:14:12 AM hudson.node_monitors.ResponseTimeMonitor$1 monitor
WARNING: Making installer_test_linux2 offline because it’s not responding
Mar 12, 2017 5:24:46 AM hudson.slaves.SlaveComputer tryReconnect
INFO: Attempting to reconnect ase_test
Mar 12, 2017 5:24:46 AM hudson.slaves.SlaveComputer tryReconnect
INFO: Attempting to reconnect ase_test_txue
Mar 12, 2017 5:24:46 AM hudson.slaves.SlaveComputer tryReconnect
INFO: Attempting to reconnect installer_test_linux
Mar 12, 2017 5:24:46 AM hudson.slaves.SlaveComputer tryReconnect
INFO: Attempting to reconnect installer_test_linux1
Mar 12, 2017 5:24:46 AM hudson.slaves.SlaveComputer tryReconnect
INFO: Attempting to reconnect installer_test_linux2
Mar 12, 2017 5:46:46 AM hudson.slaves.SlaveComputer tryReconnect
INFO: Attempting to reconnect ase_test
Mar 12, 2017 5:46:46 AM hudson.slaves.SlaveComputer tryReconnect
INFO: Attempting to reconnect ase_test_txue
Mar 12, 2017 5:46:46 AM hudson.slaves.SlaveComputer tryReconnect
INFO: Attempting to reconnect installer_test_linux
Mar 12, 2017 5:46:46 AM hudson.slaves.SlaveComputer tryReconnect
INFO: Attempting to reconnect installer_test_linux1
Mar 12, 2017 5:46:46 AM hudson.slaves.SlaveComputer tryReconnect
INFO: Attempting to reconnect installer_test_linux2
Mar 12, 2017 6:08:46 AM hudson.slaves.SlaveComputer tryReconnect
INFO: Attempting to reconnect ase_test
Mar 12, 2017 6:08:46 AM hudson.slaves.SlaveComputer tryReconnect
INFO: Attempting to reconnect ase_test_txue
Mar 12, 2017 6:08:46 AM hudson.slaves.SlaveComputer tryReconnect
INFO: Attempting to reconnect installer_test_linux
Mar 12, 2017 6:08:46 AM hudson.slaves.SlaveComputer tryReconnect
INFO: Attempting to reconnect installer_test_linux1
Mar 12, 2017 6:08:46 AM hudson.slaves.SlaveComputer tryReconnect
INFO: Attempting to reconnect installer_test_linux2
Mar 12, 2017 6:14:12 AM hudson.node_monitors.ResponseTimeMonitor$1 monitor
WARNING: Making NT_MONSOON offline because it’s not responding
Mar 12, 2017 6:14:12 AM hudson.node_monitors.ResponseTimeMonitor$1 monitor
WARNING: Making ase_test_txue offline because it’s not responding
Mar 12, 2017 6:14:12 AM hudson.node_monitors.ResponseTimeMonitor$1 monitor
WARNING: Making installer_test_linux offline because it’s not responding
Mar 12, 2017 6:14:12 AM hudson.node_monitors.ResponseTimeMonitor$1 monitor
WARNING: Making installer_test_linux1 offline because it’s not responding
Mar 12, 2017 6:14:12 AM hudson.node_monitors.ResponseTimeMonitor$1 monitor
WARNING: Making ase_test offline because it’s not responding
Mar 12, 2017 6:14:12 AM hudson.node_monitors.ResponseTimeMonitor$1 monitor
WARNING: Making installer_test_linux2 offline because it’s not responding
Mar 12, 2017 6:30:46 AM hudson.slaves.SlaveComputer tryReconnect
INFO: Attempting to reconnect ase_test
Mar 12, 2017 6:30:46 AM hudson.slaves.SlaveComputer tryReconnect
INFO: Attempting to reconnect ase_test_txue
Mar 12, 2017 6:30:46 AM hudson.slaves.SlaveComputer tryReconnect
INFO: Attempting to reconnect installer_test_linux
Mar 12, 2017 6:30:46 AM hudson.slaves.SlaveComputer tryReconnect
INFO: Attempting to reconnect installer_test_linux1
Mar 12, 2017 6:30:46 AM hudson.slaves.SlaveComputer tryReconnect
INFO: Attempting to reconnect installer_test_linux2
Mar 12, 2017 6:52:46 AM hudson.slaves.SlaveComputer tryReconnect
INFO: Attempting to reconnect ase_test
Mar 12, 2017 6:52:46 AM hudson.slaves.SlaveComputer tryReconnect
INFO: Attempting to reconnect ase_test_txue
Mar 12, 2017 6:52:46 AM hudson.slaves.SlaveComputer tryReconnect
INFO: Attempting to reconnect installer_test_linux
Mar 12, 2017 6:52:46 AM hudson.slaves.SlaveComputer tryReconnect
INFO: Attempting to reconnect installer_test_linux1
Mar 12, 2017 6:52:46 AM hudson.slaves.SlaveComputer tryReconnect
INFO: Attempting to reconnect installer_test_linux2
Mar 12, 2017 7:14:12 AM hudson.node_monitors.ResponseTimeMonitor$1 monitor
WARNING: Making NT_MONSOON offline because it’s not responding
Mar 12, 2017 7:14:12 AM hudson.node_monitors.ResponseTimeMonitor$1 monitor
WARNING: Making ase_test_txue offline because it’s not responding
Mar 12, 2017 7:14:12 AM hudson.node_monitors.ResponseTimeMonitor$1 monitor
WARNING: Making installer_test_linux offline because it’s not responding
Mar 12, 2017 7:14:12 AM hudson.node_monitors.ResponseTimeMonitor$1 monitor
WARNING: Making installer_test_linux1 offline because it’s not responding
Mar 12, 2017 7:14:12 AM hudson.node_monitors.ResponseTimeMonitor$1 monitor
WARNING: Making ase_test offline because it’s not responding
Mar 12, 2017 7:14:12 AM hudson.node_monitors.ResponseTimeMonitor$1 monitor
WARNING: Making installer_test_linux2 offline because it’s not responding
Mar 12, 2017 7:14:46 AM hudson.slaves.SlaveComputer tryReconnect
INFO: Attempting to reconnect ase_test
Mar 12, 2017 7:14:46 AM hudson.slaves.SlaveComputer tryReconnect
INFO: Attempting to reconnect ase_test_txue
Mar 12, 2017 7:14:46 AM hudson.slaves.SlaveComputer tryReconnect
INFO: Attempting to reconnect installer_test_linux
Mar 12, 2017 7:14:46 AM hudson.slaves.SlaveComputer tryReconnect
INFO: Attempting to reconnect installer_test_linux1
Mar 12, 2017 7:14:46 AM hudson.slaves.SlaveComputer tryReconnect
INFO: Attempting to reconnect installer_test_linux2
Mar 12, 2017 7:37:46 AM hudson.slaves.SlaveComputer tryReconnect
INFO: Attempting to reconnect ase_test
Mar 12, 2017 7:37:46 AM hudson.slaves.SlaveComputer tryReconnect
INFO: Attempting to reconnect ase_test_txue
Mar 12, 2017 7:37:46 AM hudson.slaves.SlaveComputer tryReconnect
INFO: Attempting to reconnect installer_test_linux
Mar 12, 2017 7:37:46 AM hudson.slaves.SlaveComputer tryReconnect
INFO: Attempting to reconnect installer_test_linux1
Mar 12, 2017 7:37:46 AM hudson.slaves.SlaveComputer tryReconnect
INFO: Attempting to reconnect installer_test_linux2
Mar 12, 2017 7:59:46 AM hudson.slaves.SlaveComputer tryReconnect
INFO: Attempting to reconnect ase_test
Mar 12, 2017 7:59:46 AM hudson.slaves.SlaveComputer tryReconnect
INFO: Attempting to reconnect ase_test_txue
Mar 12, 2017 7:59:46 AM hudson.slaves.SlaveComputer tryReconnect
INFO: Attempting to reconnect installer_test_linux
Mar 12, 2017 7:59:46 AM hudson.slaves.SlaveComputer tryReconnect
INFO: Attempting to reconnect installer_test_linux1
Mar 12, 2017 7:59:46 AM hudson.slaves.SlaveComputer tryReconnect
INFO: Attempting to reconnect installer_test_linux2
Mar 12, 2017 8:08:22 AM hudson.model.Run execute
INFO: SRS_RMA_BUILD_TRIGGER_BY_RMADEV_SP306 #142 main build action completed: FAILURE
Mar 12, 2017 8:08:22 AM hudson.model.Run execute
INFO: SRS_RMA_BUILD_TRIGGER_BY_RMADEV_SP305 #224 main build action completed: FAILURE
Mar 12, 2017 8:14:12 AM hudson.node_monitors.ResponseTimeMonitor$1 monitor
WARNING: Making NT_MONSOON offline because it’s not responding
Mar 12, 2017 8:14:12 AM hudson.node_monitors.ResponseTimeMonitor$1 monitor
WARNING: Making ase_test_txue offline because it’s not responding
Mar 12, 2017 8:14:12 AM hudson.node_monitors.ResponseTimeMonitor$1 monitor
WARNING: Making installer_test_linux offline because it’s not responding
Mar 12, 2017 8:14:12 AM hudson.node_monitors.ResponseTimeMonitor$1 monitor
WARNING: Making installer_test_linux1 offline because it’s not responding
Mar 12, 2017 8:14:12 AM hudson.node_monitors.ResponseTimeMonitor$1 monitor
WARNING: Making ase_test offline because it’s not responding
Mar 12, 2017 8:14:12 AM hudson.node_monitors.ResponseTimeMonitor$1 monitor
WARNING: Making installer_test_linux2 offline because it’s not responding
Mar 12, 2017 8:21:46 AM hudson.slaves.SlaveComputer tryReconnect
INFO: Attempting to reconnect ase_test
Mar 12, 2017 8:21:46 AM hudson.slaves.SlaveComputer tryReconnect
INFO: Attempting to reconnect ase_test_txue
Mar 12, 2017 8:21:46 AM hudson.slaves.SlaveComputer tryReconnect
INFO: Attempting to reconnect installer_test_linux
Mar 12, 2017 8:21:46 AM hudson.slaves.SlaveComputer tryReconnect
INFO: Attempting to reconnect installer_test_linux1
Mar 12, 2017 8:21:46 AM hudson.slaves.SlaveComputer tryReconnect
INFO: Attempting to reconnect installer_test_linux2
Mar 12, 2017 8:43:46 AM hudson.slaves.SlaveComputer tryReconnect
INFO: Attempting to reconnect ase_test
Mar 12, 2017 8:43:46 AM hudson.slaves.SlaveComputer tryReconnect
INFO: Attempting to reconnect ase_test_txue
Mar 12, 2017 8:43:46 AM hudson.slaves.SlaveComputer tryReconnect
INFO: Attempting to reconnect installer_test_linux
Mar 12, 2017 8:43:46 AM hudson.slaves.SlaveComputer tryReconnect
INFO: Attempting to reconnect installer_test_linux1
Mar 12, 2017 8:43:46 AM hudson.slaves.SlaveComputer tryReconnect
INFO: Attempting to reconnect installer_test_linux2
Mar 12, 2017 9:03:46 AM hudson.slaves.SlaveComputer tryReconnect
INFO: Attempting to reconnect ase_test
Mar 12, 2017 9:03:46 AM hudson.slaves.SlaveComputer tryReconnect
INFO: Attempting to reconnect ase_test_txue
Mar 12, 2017 9:03:46 AM hudson.slaves.SlaveComputer tryReconnect
INFO: Attempting to reconnect installer_test_linux
Mar 12, 2017 9:03:46 AM hudson.slaves.SlaveComputer tryReconnect
INFO: Attempting to reconnect installer_test_linux1
Mar 12, 2017 9:03:46 AM hudson.slaves.SlaveComputer tryReconnect
INFO: Attempting to reconnect installer_test_linux2
Mar 12, 2017 9:14:12 AM hudson.node_monitors.ResponseTimeMonitor$1 monitor
WARNING: Making NT_MONSOON offline because it’s not responding
Mar 12, 2017 9:14:12 AM hudson.node_monitors.ResponseTimeMonitor$1 monitor
WARNING: Making ase_test_txue offline because it’s not responding
Mar 12, 2017 9:14:12 AM hudson.node_monitors.ResponseTimeMonitor$1 monitor
WARNING: Making installer_test_linux offline because it’s not responding
Mar 12, 2017 9:14:12 AM hudson.node_monitors.ResponseTimeMonitor$1 monitor
WARNING: Making installer_test_linux1 offline because it’s not responding
Mar 12, 2017 9:14:12 AM hudson.node_monitors.ResponseTimeMonitor$1 monitor
WARNING: Making ase_test offline because it’s not responding
Mar 12, 2017 9:14:12 AM hudson.node_monitors.ResponseTimeMonitor$1 monitor
WARNING: Making installer_test_linux2 offline because it’s not responding
Mar 12, 2017 9:27:46 AM hudson.slaves.SlaveComputer tryReconnect
INFO: Attempting to reconnect ase_test
Mar 12, 2017 9:27:46 AM hudson.slaves.SlaveComputer tryReconnect
INFO: Attempting to reconnect ase_test_txue
Mar 12, 2017 9:27:46 AM hudson.slaves.SlaveComputer tryReconnect
INFO: Attempting to reconnect installer_test_linux
Mar 12, 2017 9:27:46 AM hudson.slaves.SlaveComputer tryReconnect
INFO: Attempting to reconnect installer_test_linux1
Mar 12, 2017 9:27:46 AM hudson.slaves.SlaveComputer tryReconnect
INFO: Attempting to reconnect installer_test_linux2
Mar 12, 2017 9:51:46 AM hudson.slaves.SlaveComputer tryReconnect
INFO: Attempting to reconnect ase_test
Mar 12, 2017 9:51:46 AM hudson.slaves.SlaveComputer tryReconnect
INFO: Attempting to reconnect ase_test_txue
Mar 12, 2017 9:51:46 AM hudson.slaves.SlaveComputer tryReconnect
INFO: Attempting to reconnect installer_test_linux
Mar 12, 2017 9:51:46 AM hudson.slaves.SlaveComputer tryReconnect
INFO: Attempting to reconnect installer_test_linux1
Mar 12, 2017 9:51:46 AM hudson.slaves.SlaveComputer tryReconnect
INFO: Attempting to reconnect installer_test_linux2
Mar 12, 2017 10:13:46 AM hudson.slaves.SlaveComputer tryReconnect
INFO: Attempting to reconnect ase_test
Mar 12, 2017 10:13:46 AM hudson.slaves.SlaveComputer tryReconnect
INFO: Attempting to reconnect ase_test_txue
Mar 12, 2017 10:13:46 AM hudson.slaves.SlaveComputer tryReconnect
INFO: Attempting to reconnect installer_test_linux
Mar 12, 2017 10:13:46 AM hudson.slaves.SlaveComputer tryReconnect
INFO: Attempting to reconnect installer_test_linux1
Mar 12, 2017 10:13:46 AM hudson.slaves.SlaveComputer tryReconnect
INFO: Attempting to reconnect installer_test_linux2
Mar 12, 2017 10:14:12 AM hudson.node_monitors.ResponseTimeMonitor$1 monitor
WARNING: Making NT_MONSOON offline because it’s not responding
Mar 12, 2017 10:14:12 AM hudson.node_monitors.ResponseTimeMonitor$1 monitor
WARNING: Making ase_test_txue offline because it’s not responding
Mar 12, 2017 10:14:12 AM hudson.node_monitors.ResponseTimeMonitor$1 monitor
WARNING: Making installer_test_linux offline because it’s not responding
Mar 12, 2017 10:14:12 AM hudson.node_monitors.ResponseTimeMonitor$1 monitor
WARNING: Making installer_test_linux1 offline because it’s not responding
Mar 12, 2017 10:14:12 AM hudson.node_monitors.ResponseTimeMonitor$1 monitor
WARNING: Making ase_test offline because it’s not responding
Mar 12, 2017 10:14:12 AM hudson.node_monitors.ResponseTimeMonitor$1 monitor
WARNING: Making installer_test_linux2 offline because it’s not responding
Mar 12, 2017 10:36:46 AM hudson.slaves.SlaveComputer tryReconnect
INFO: Attempting to reconnect ase_test
Mar 12, 2017 10:36:46 AM hudson.slaves.SlaveComputer tryReconnect
INFO: Attempting to reconnect ase_test_txue
Mar 12, 2017 10:36:46 AM hudson.slaves.SlaveComputer tryReconnect
INFO: Attempting to reconnect installer_test_linux
Mar 12, 2017 10:36:46 AM hudson.slaves.SlaveComputer tryReconnect
INFO: Attempting to reconnect installer_test_linux1
Mar 12, 2017 10:36:46 AM hudson.slaves.SlaveComputer tryReconnect
INFO: Attempting to reconnect installer_test_linux2
Mar 12, 2017 10:59:46 AM hudson.slaves.SlaveComputer tryReconnect
INFO: Attempting to reconnect ase_test
Mar 12, 2017 10:59:46 AM hudson.slaves.SlaveComputer tryReconnect
INFO: Attempting to reconnect ase_test_txue
Mar 12, 2017 10:59:46 AM hudson.slaves.SlaveComputer tryReconnect
INFO: Attempting to reconnect installer_test_linux
Mar 12, 2017 10:59:46 AM hudson.slaves.SlaveComputer tryReconnect
INFO: Attempting to reconnect installer_test_linux1
Mar 12, 2017 10:59:46 AM hudson.slaves.SlaveComputer tryReconnect
INFO: Attempting to reconnect installer_test_linux2
Mar 12, 2017 11:14:12 AM hudson.node_monitors.ResponseTimeMonitor$1 monitor
WARNING: Making NT_MONSOON offline because it’s not responding
Mar 12, 2017 11:14:12 AM hudson.node_monitors.ResponseTimeMonitor$1 monitor
WARNING: Making ase_test_txue offline because it’s not responding
Mar 12, 2017 11:14:12 AM hudson.node_monitors.ResponseTimeMonitor$1 monitor
WARNING: Making installer_test_linux offline because it’s not responding
Mar 12, 2017 11:14:12 AM hudson.node_monitors.ResponseTimeMonitor$1 monitor
WARNING: Making installer_test_linux1 offline because it’s not responding
Mar 12, 2017 11:14:12 AM hudson.node_monitors.ResponseTimeMonitor$1 monitor
WARNING: Making ase_test offline because it’s not responding
Mar 12, 2017 11:14:12 AM hudson.node_monitors.ResponseTimeMonitor$1 monitor
WARNING: Making installer_test_linux2 offline because it’s not responding
Mar 12, 2017 11:22:46 AM hudson.slaves.SlaveComputer tryReconnect
INFO: Attempting to reconnect ase_test
Mar 12, 2017 11:22:46 AM hudson.slaves.SlaveComputer tryReconnect
INFO: Attempting to reconnect ase_test_txue
Mar 12, 2017 11:22:46 AM hudson.slaves.SlaveComputer tryReconnect
INFO: Attempting to reconnect installer_test_linux
Mar 12, 2017 11:22:46 AM hudson.slaves.SlaveComputer tryReconnect
INFO: Attempting to reconnect installer_test_linux1
Mar 12, 2017 11:22:46 AM hudson.slaves.SlaveComputer tryReconnect
INFO: Attempting to reconnect installer_test_linux2
Mar 12, 2017 11:44:46 AM hudson.slaves.SlaveComputer tryReconnect
INFO: Attempting to reconnect ase_test
Mar 12, 2017 11:44:46 AM hudson.slaves.SlaveComputer tryReconnect
INFO: Attempting to reconnect ase_test_txue
Mar 12, 2017 11:44:46 AM hudson.slaves.SlaveComputer tryReconnect
INFO: Attempting to reconnect installer_test_linux
Mar 12, 2017 11:44:46 AM hudson.slaves.SlaveComputer tryReconnect
INFO: Attempting to reconnect installer_test_linux1
Mar 12, 2017 11:44:46 AM hudson.slaves.SlaveComputer tryReconnect
INFO: Attempting to reconnect installer_test_linux2
Mar 12, 2017 12:06:46 PM hudson.slaves.SlaveComputer tryReconnect
INFO: Attempting to reconnect ase_test
Mar 12, 2017 12:06:46 PM hudson.slaves.SlaveComputer tryReconnect
INFO: Attempting to reconnect ase_test_txue
Mar 12, 2017 12:06:46 PM hudson.slaves.SlaveComputer tryReconnect
INFO: Attempting to reconnect installer_test_linux
Mar 12, 2017 12:06:46 PM hudson.slaves.SlaveComputer tryReconnect
INFO: Attempting to reconnect installer_test_linux1
Mar 12, 2017 12:06:46 PM hudson.slaves.SlaveComputer tryReconnect
INFO: Attempting to reconnect installer_test_linux2
Mar 12, 2017 12:14:12 PM hudson.node_monitors.ResponseTimeMonitor$1 monitor
WARNING: Making NT_MONSOON offline because it’s not responding
Mar 12, 2017 12:14:12 PM hudson.node_monitors.ResponseTimeMonitor$1 monitor
WARNING: Making ase_test_txue offline because it’s not responding
Mar 12, 2017 12:14:12 PM hudson.node_monitors.ResponseTimeMonitor$1 monitor
WARNING: Making installer_test_linux offline because it’s not responding
Mar 12, 2017 12:14:12 PM hudson.node_monitors.ResponseTimeMonitor$1 monitor
WARNING: Making installer_test_linux1 offline because it’s not responding
Mar 12, 2017 12:14:12 PM hudson.node_monitors.ResponseTimeMonitor$1 monitor
WARNING: Making ase_test offline because it’s not responding
Mar 12, 2017 12:14:12 PM hudson.node_monitors.ResponseTimeMonitor$1 monitor
WARNING: Making installer_test_linux2 offline because it’s not responding
Mar 12, 2017 12:28:46 PM hudson.slaves.SlaveComputer tryReconnect
INFO: Attempting to reconnect ase_test
Mar 12, 2017 12:28:46 PM hudson.slaves.SlaveComputer tryReconnect
INFO: Attempting to reconnect ase_test_txue
Mar 12, 2017 12:28:46 PM hudson.slaves.SlaveComputer tryReconnect
INFO: Attempting to reconnect installer_test_linux
Mar 12, 2017 12:28:46 PM hudson.slaves.SlaveComputer tryReconnect
INFO: Attempting to reconnect installer_test_linux1
Mar 12, 2017 12:28:46 PM hudson.slaves.SlaveComputer tryReconnect
INFO: Attempting to reconnect installer_test_linux2
Mar 12, 2017 12:48:46 PM hudson.slaves.SlaveComputer tryReconnect
INFO: Attempting to reconnect ase_test
Mar 12, 2017 12:48:46 PM hudson.slaves.SlaveComputer tryReconnect
INFO: Attempting to reconnect ase_test_txue
Mar 12, 2017 12:48:46 PM hudson.slaves.SlaveComputer tryReconnect
INFO: Attempting to reconnect installer_test_linux
Mar 12, 2017 12:48:46 PM hudson.slaves.SlaveComputer tryReconnect
INFO: Attempting to reconnect installer_test_linux1
Mar 12, 2017 12:48:46 PM hudson.slaves.SlaveComputer tryReconnect
INFO: Attempting to reconnect installer_test_linux2
Mar 12, 2017 1:10:46 PM hudson.slaves.SlaveComputer tryReconnect
INFO: Attempting to reconnect ase_test
Mar 12, 2017 1:10:46 PM hudson.slaves.SlaveComputer tryReconnect
INFO: Attempting to reconnect ase_test_txue
Mar 12, 2017 1:10:46 PM hudson.slaves.SlaveComputer tryReconnect
INFO: Attempting to reconnect installer_test_linux
Mar 12, 2017 1:10:46 PM hudson.slaves.SlaveComputer tryReconnect
INFO: Attempting to reconnect installer_test_linux1
Mar 12, 2017 1:10:46 PM hudson.slaves.SlaveComputer tryReconnect
INFO: Attempting to reconnect installer_test_linux2
Mar 12, 2017 1:14:12 PM hudson.node_monitors.ResponseTimeMonitor$1 monitor
WARNING: Making NT_MONSOON offline because it’s not responding
Mar 12, 2017 1:14:12 PM hudson.node_monitors.ResponseTimeMonitor$1 monitor
WARNING: Making ase_test_txue offline because it’s not responding
Mar 12, 2017 1:14:12 PM hudson.node_monitors.ResponseTimeMonitor$1 monitor
WARNING: Making installer_test_linux offline because it’s not responding
Mar 12, 2017 1:14:12 PM hudson.node_monitors.ResponseTimeMonitor$1 monitor
WARNING: Making installer_test_linux1 offline because it’s not responding
Mar 12, 2017 1:14:12 PM hudson.node_monitors.ResponseTimeMonitor$1 monitor
WARNING: Making ase_test offline because it’s not responding
Mar 12, 2017 1:14:12 PM hudson.node_monitors.ResponseTimeMonitor$1 monitor
WARNING: Making installer_test_linux2 offline because it’s not responding
Mar 12, 2017 1:33:46 PM hudson.slaves.SlaveComputer tryReconnect
INFO: Attempting to reconnect ase_test
Mar 12, 2017 1:33:46 PM hudson.slaves.SlaveComputer tryReconnect
INFO: Attempting to reconnect ase_test_txue
Mar 12, 2017 1:33:46 PM hudson.slaves.SlaveComputer tryReconnect
INFO: Attempting to reconnect installer_test_linux
Mar 12, 2017 1:33:46 PM hudson.slaves.SlaveComputer tryReconnect
INFO: Attempting to reconnect installer_test_linux1
Mar 12, 2017 1:33:46 PM hudson.slaves.SlaveComputer tryReconnect
INFO: Attempting to reconnect installer_test_linux2
Mar 12, 2017 1:55:46 PM hudson.slaves.SlaveComputer tryReconnect
INFO: Attempting to reconnect ase_test
Mar 12, 2017 1:55:46 PM hudson.slaves.SlaveComputer tryReconnect
INFO: Attempting to reconnect ase_test_txue
Mar 12, 2017 1:55:46 PM hudson.slaves.SlaveComputer tryReconnect
INFO: Attempting to reconnect installer_test_linux
Mar 12, 2017 1:55:46 PM hudson.slaves.SlaveComputer tryReconnect
INFO: Attempting to reconnect installer_test_linux1
Mar 12, 2017 1:55:46 PM hudson.slaves.SlaveComputer tryReconnect
INFO: Attempting to reconnect installer_test_linux2
Mar 12, 2017 2:14:12 PM hudson.node_monitors.ResponseTimeMonitor$1 monitor
WARNING: Making NT_MONSOON offline because it’s not responding
Mar 12, 2017 2:14:12 PM hudson.node_monitors.ResponseTimeMonitor$1 monitor
WARNING: Making ase_test_txue offline because it’s not responding
Mar 12, 2017 2:14:12 PM hudson.node_monitors.ResponseTimeMonitor$1 monitor
WARNING: Making installer_test_linux offline because it’s not responding
Mar 12, 2017 2:14:12 PM hudson.node_monitors.ResponseTimeMonitor$1 monitor
WARNING: Making installer_test_linux1 offline because it’s not responding
Mar 12, 2017 2:14:12 PM hudson.node_monitors.ResponseTimeMonitor$1 monitor
WARNING: Making ase_test offline because it’s not responding
Mar 12, 2017 2:14:12 PM hudson.node_monitors.ResponseTimeMonitor$1 monitor
WARNING: Making installer_test_linux2 offline because it’s not responding
Mar 12, 2017 2:17:46 PM hudson.slaves.SlaveComputer tryReconnect
INFO: Attempting to reconnect ase_test
Mar 12, 2017 2:17:46 PM hudson.slaves.SlaveComputer tryReconnect
INFO: Attempting to reconnect ase_test_txue
Mar 12, 2017 2:17:46 PM hudson.slaves.SlaveComputer tryReconnect
INFO: Attempting to reconnect installer_test_linux
Mar 12, 2017 2:17:46 PM hudson.slaves.SlaveComputer tryReconnect
INFO: Attempting to reconnect installer_test_linux1
Mar 12, 2017 2:17:46 PM hudson.slaves.SlaveComputer tryReconnect
INFO: Attempting to reconnect installer_test_linux2
Mar 12, 2017 2:24:51 PM hudson.model.AsyncPeriodicWork$1 run
INFO: Started Download metadata
Mar 12, 2017 2:25:00 PM hudson.model.UpdateSite updateData
INFO: Obtained the latest update center data file for UpdateSource default
Mar 12, 2017 2:25:02 PM hudson.model.AsyncPeriodicWork$1 run
INFO: Finished Download metadata. 10,688 ms
Mar 12, 2017 2:39:46 PM hudson.slaves.SlaveComputer tryReconnect
INFO: Attempting to reconnect ase_test
Mar 12, 2017 2:39:46 PM hudson.slaves.SlaveComputer tryReconnect
INFO: Attempting to reconnect ase_test_txue
Mar 12, 2017 2:39:46 PM hudson.slaves.SlaveComputer tryReconnect
INFO: Attempting to reconnect installer_test_linux
Mar 12, 2017 2:39:46 PM hudson.slaves.SlaveComputer tryReconnect
INFO: Attempting to reconnect installer_test_linux1
Mar 12, 2017 2:39:46 PM hudson.slaves.SlaveComputer tryReconnect
INFO: Attempting to reconnect installer_test_linux2
Mar 12, 2017 3:03:46 PM hudson.slaves.SlaveComputer tryReconnect
INFO: Attempting to reconnect ase_test
Mar 12, 2017 3:03:46 PM hudson.slaves.SlaveComputer tryReconnect
INFO: Attempting to reconnect ase_test_txue
Mar 12, 2017 3:03:46 PM hudson.slaves.SlaveComputer tryReconnect
INFO: Attempting to reconnect installer_test_linux
Mar 12, 2017 3:03:46 PM hudson.slaves.SlaveComputer tryReconnect
INFO: Attempting to reconnect installer_test_linux1
Mar 12, 2017 3:03:46 PM hudson.slaves.SlaveComputer tryReconnect
INFO: Attempting to reconnect installer_test_linux2
Mar 12, 2017 3:14:12 PM hudson.node_monitors.ResponseTimeMonitor$1 monitor
WARNING: Making NT_MONSOON offline because it’s not responding
Mar 12, 2017 3:14:12 PM hudson.node_monitors.ResponseTimeMonitor$1 monitor
WARNING: Making ase_test_txue offline because it’s not responding
Mar 12, 2017 3:14:12 PM hudson.node_monitors.ResponseTimeMonitor$1 monitor
WARNING: Making installer_test_linux offline because it’s not responding
Mar 12, 2017 3:14:12 PM hudson.node_monitors.ResponseTimeMonitor$1 monitor
WARNING: Making installer_test_linux1 offline because it’s not responding
Mar 12, 2017 3:14:12 PM hudson.node_monitors.ResponseTimeMonitor$1 monitor
WARNING: Making ase_test offline because it’s not responding
Mar 12, 2017 3:14:12 PM hudson.node_monitors.ResponseTimeMonitor$1 monitor
WARNING: Making installer_test_linux2 offline because it’s not responding
Mar 12, 2017 3:25:46 PM hudson.slaves.SlaveComputer tryReconnect
INFO: Attempting to reconnect ase_test
Mar 12, 2017 3:25:46 PM hudson.slaves.SlaveComputer tryReconnect
INFO: Attempting to reconnect ase_test_txue
Mar 12, 2017 3:25:46 PM hudson.slaves.SlaveComputer tryReconnect
INFO: Attempting to reconnect installer_test_linux
Mar 12, 2017 3:25:46 PM hudson.slaves.SlaveComputer tryReconnect
INFO: Attempting to reconnect installer_test_linux1
Mar 12, 2017 3:25:46 PM hudson.slaves.SlaveComputer tryReconnect
INFO: Attempting to reconnect installer_test_linux2
Mar 12, 2017 3:45:46 PM hudson.slaves.SlaveComputer tryReconnect
INFO: Attempting to reconnect ase_test
Mar 12, 2017 3:45:46 PM hudson.slaves.SlaveComputer tryReconnect
INFO: Attempting to reconnect ase_test_txue
Mar 12, 2017 3:45:46 PM hudson.slaves.SlaveComputer tryReconnect
INFO: Attempting to reconnect installer_test_linux
Mar 12, 2017 3:45:46 PM hudson.slaves.SlaveComputer tryReconnect
INFO: Attempting to reconnect installer_test_linux1
Mar 12, 2017 3:45:46 PM hudson.slaves.SlaveComputer tryReconnect
INFO: Attempting to reconnect installer_test_linux2
Mar 12, 2017 4:07:46 PM hudson.slaves.SlaveComputer tryReconnect
INFO: Attempting to reconnect ase_test
Mar 12, 2017 4:07:46 PM hudson.slaves.SlaveComputer tryReconnect
INFO: Attempting to reconnect ase_test_txue
Mar 12, 2017 4:07:46 PM hudson.slaves.SlaveComputer tryReconnect
INFO: Attempting to reconnect installer_test_linux
Mar 12, 2017 4:07:46 PM hudson.slaves.SlaveComputer tryReconnect
INFO: Attempting to reconnect installer_test_linux1
Mar 12, 2017 4:07:46 PM hudson.slaves.SlaveComputer tryReconnect
INFO: Attempting to reconnect installer_test_linux2
Mar 12, 2017 4:14:12 PM hudson.node_monitors.ResponseTimeMonitor$1 monitor
WARNING: Making NT_MONSOON offline because it’s not responding
Mar 12, 2017 4:14:12 PM hudson.node_monitors.ResponseTimeMonitor$1 monitor
WARNING: Making ase_test_txue offline because it’s not responding
Mar 12, 2017 4:14:12 PM hudson.node_monitors.ResponseTimeMonitor$1 monitor
WARNING: Making installer_test_linux offline because it’s not responding
Mar 12, 2017 4:14:12 PM hudson.node_monitors.ResponseTimeMonitor$1 monitor
WARNING: Making installer_test_linux1 offline because it’s not responding
Mar 12, 2017 4:14:12 PM hudson.node_monitors.ResponseTimeMonitor$1 monitor
WARNING: Making ase_test offline because it’s not responding
Mar 12, 2017 4:14:12 PM hudson.node_monitors.ResponseTimeMonitor$1 monitor
WARNING: Making installer_test_linux2 offline because it’s not responding
Mar 12, 2017 4:30:46 PM hudson.slaves.SlaveComputer tryReconnect
INFO: Attempting to reconnect ase_test
Mar 12, 2017 4:30:46 PM hudson.slaves.SlaveComputer tryReconnect
INFO: Attempting to reconnect ase_test_txue
Mar 12, 2017 4:30:46 PM hudson.slaves.SlaveComputer tryReconnect
INFO: Attempting to reconnect installer_test_linux
Mar 12, 2017 4:30:46 PM hudson.slaves.SlaveComputer tryReconnect
INFO: Attempting to reconnect installer_test_linux1
Mar 12, 2017 4:30:46 PM hudson.slaves.SlaveComputer tryReconnect
INFO: Attempting to reconnect installer_test_linux2
Mar 12, 2017 4:52:46 PM hudson.slaves.SlaveComputer tryReconnect
INFO: Attempting to reconnect ase_test
Mar 12, 2017 4:52:46 PM hudson.slaves.SlaveComputer tryReconnect
INFO: Attempting to reconnect ase_test_txue
Mar 12, 2017 4:52:46 PM hudson.slaves.SlaveComputer tryReconnect
INFO: Attempting to reconnect installer_test_linux
Mar 12, 2017 4:52:46 PM hudson.slaves.SlaveComputer tryReconnect
INFO: Attempting to reconnect installer_test_linux1
Mar 12, 2017 4:52:46 PM hudson.slaves.SlaveComputer tryReconnect
INFO: Attempting to reconnect installer_test_linux2
Mar 12, 2017 5:14:12 PM hudson.node_monitors.ResponseTimeMonitor$1 monitor
WARNING: Making NT_MONSOON offline because it’s not responding
Mar 12, 2017 5:14:12 PM hudson.node_monitors.ResponseTimeMonitor$1 monitor
WARNING: Making ase_test_txue offline because it’s not responding
Mar 12, 2017 5:14:12 PM hudson.node_monitors.ResponseTimeMonitor$1 monitor
WARNING: Making installer_test_linux offline because it’s not responding
Mar 12, 2017 5:14:12 PM hudson.node_monitors.ResponseTimeMonitor$1 monitor
WARNING: Making installer_test_linux1 offline because it’s not responding
Mar 12, 2017 5:14:12 PM hudson.node_monitors.ResponseTimeMonitor$1 monitor
WARNING: Making ase_test offline because it’s not responding
Mar 12, 2017 5:14:12 PM hudson.node_monitors.ResponseTimeMonitor$1 monitor
WARNING: Making installer_test_linux2 offline because it’s not responding
Mar 12, 2017 5:14:46 PM hudson.slaves.SlaveComputer tryReconnect
INFO: Attempting to reconnect ase_test
Mar 12, 2017 5:14:46 PM hudson.slaves.SlaveComputer tryReconnect
INFO: Attempting to reconnect ase_test_txue
Mar 12, 2017 5:14:46 PM hudson.slaves.SlaveComputer tryReconnect
INFO: Attempting to reconnect installer_test_linux
Mar 12, 2017 5:14:46 PM hudson.slaves.SlaveComputer tryReconnect
INFO: Attempting to reconnect installer_test_linux1
Mar 12, 2017 5:14:46 PM hudson.slaves.SlaveComputer tryReconnect
INFO: Attempting to reconnect installer_test_linux2
Mar 12, 2017 5:36:46 PM hudson.slaves.SlaveComputer tryReconnect
INFO: Attempting to reconnect ase_test
Mar 12, 2017 5:36:46 PM hudson.slaves.SlaveComputer tryReconnect
INFO: Attempting to reconnect ase_test_txue
Mar 12, 2017 5:36:46 PM hudson.slaves.SlaveComputer tryReconnect
INFO: Attempting to reconnect installer_test_linux
Mar 12, 2017 5:36:46 PM hudson.slaves.SlaveComputer tryReconnect
INFO: Attempting to reconnect installer_test_linux1
Mar 12, 2017 5:36:46 PM hudson.slaves.SlaveComputer tryReconnect
INFO: Attempting to reconnect installer_test_linux2
Mar 12, 2017 5:57:46 PM hudson.slaves.SlaveComputer tryReconnect
INFO: Attempting to reconnect ase_test
Mar 12, 2017 5:57:46 PM hudson.slaves.SlaveComputer tryReconnect
INFO: Attempting to reconnect ase_test_txue
Mar 12, 2017 5:57:46 PM hudson.slaves.SlaveComputer tryReconnect
INFO: Attempting to reconnect installer_test_linux
Mar 12, 2017 5:57:46 PM hudson.slaves.SlaveComputer tryReconnect
INFO: Attempting to reconnect installer_test_linux1
Mar 12, 2017 5:57:46 PM hudson.slaves.SlaveComputer tryReconnect
INFO: Attempting to reconnect installer_test_linux2
Mar 12, 2017 6:14:12 PM hudson.node_monitors.ResponseTimeMonitor$1 monitor
WARNING: Making NT_MONSOON offline because it’s not responding
Mar 12, 2017 6:14:12 PM hudson.node_monitors.ResponseTimeMonitor$1 monitor
WARNING: Making ase_test_txue offline because it’s not responding
Mar 12, 2017 6:14:12 PM hudson.node_monitors.ResponseTimeMonitor$1 monitor
WARNING: Making installer_test_linux offline because it’s not responding
Mar 12, 2017 6:14:12 PM hudson.node_monitors.ResponseTimeMonitor$1 monitor
WARNING: Making installer_test_linux1 offline because it’s not responding
Mar 12, 2017 6:14:12 PM hudson.node_monitors.ResponseTimeMonitor$1 monitor
WARNING: Making ase_test offline because it’s not responding
Mar 12, 2017 6:14:12 PM hudson.node_monitors.ResponseTimeMonitor$1 monitor
WARNING: Making installer_test_linux2 offline because it’s not responding
Mar 12, 2017 6:18:46 PM hudson.slaves.SlaveComputer tryReconnect
INFO: Attempting to reconnect ase_test
Mar 12, 2017 6:18:46 PM hudson.slaves.SlaveComputer tryReconnect
INFO: Attempting to reconnect ase_test_txue
Mar 12, 2017 6:18:46 PM hudson.slaves.SlaveComputer tryReconnect
INFO: Attempting to reconnect installer_test_linux
Mar 12, 2017 6:18:46 PM hudson.slaves.SlaveComputer tryReconnect
INFO: Attempting to reconnect installer_test_linux1
Mar 12, 2017 6:18:46 PM hudson.slaves.SlaveComputer tryReconnect
INFO: Attempting to reconnect installer_test_linux2
Mar 12, 2017 6:39:46 PM hudson.slaves.SlaveComputer tryReconnect
INFO: Attempting to reconnect ase_test
Mar 12, 2017 6:39:46 PM hudson.slaves.SlaveComputer tryReconnect
INFO: Attempting to reconnect ase_test_txue
Mar 12, 2017 6:39:46 PM hudson.slaves.SlaveComputer tryReconnect
INFO: Attempting to reconnect installer_test_linux
Mar 12, 2017 6:39:46 PM hudson.slaves.SlaveComputer tryReconnect
INFO: Attempting to reconnect installer_test_linux1
Mar 12, 2017 6:39:46 PM hudson.slaves.SlaveComputer tryReconnect
INFO: Attempting to reconnect installer_test_linux2
Mar 12, 2017 7:03:46 PM hudson.slaves.SlaveComputer tryReconnect
INFO: Attempting to reconnect ase_test
Mar 12, 2017 7:03:46 PM hudson.slaves.SlaveComputer tryReconnect
INFO: Attempting to reconnect ase_test_txue
Mar 12, 2017 7:03:46 PM hudson.slaves.SlaveComputer tryReconnect
INFO: Attempting to reconnect installer_test_linux
Mar 12, 2017 7:03:46 PM hudson.slaves.SlaveComputer tryReconnect
INFO: Attempting to reconnect installer_test_linux1
Mar 12, 2017 7:03:46 PM hudson.slaves.SlaveComputer tryReconnect
INFO: Attempting to reconnect installer_test_linux2
Mar 12, 2017 7:14:12 PM hudson.node_monitors.ResponseTimeMonitor$1 monitor
WARNING: Making NT_MONSOON offline because it’s not responding
Mar 12, 2017 7:14:12 PM hudson.node_monitors.ResponseTimeMonitor$1 monitor
WARNING: Making ase_test_txue offline because it’s not responding
Mar 12, 2017 7:14:12 PM hudson.node_monitors.ResponseTimeMonitor$1 monitor
WARNING: Making installer_test_linux offline because it’s not responding
Mar 12, 2017 7:14:12 PM hudson.node_monitors.ResponseTimeMonitor$1 monitor
WARNING: Making installer_test_linux1 offline because it’s not responding
Mar 12, 2017 7:14:12 PM hudson.node_monitors.ResponseTimeMonitor$1 monitor
WARNING: Making ase_test offline because it’s not responding
Mar 12, 2017 7:14:12 PM hudson.node_monitors.ResponseTimeMonitor$1 monitor
WARNING: Making installer_test_linux2 offline because it’s not responding
Mar 12, 2017 7:25:46 PM hudson.slaves.SlaveComputer tryReconnect
INFO: Attempting to reconnect ase_test
Mar 12, 2017 7:25:46 PM hudson.slaves.SlaveComputer tryReconnect
INFO: Attempting to reconnect ase_test_txue
Mar 12, 2017 7:25:46 PM hudson.slaves.SlaveComputer tryReconnect
INFO: Attempting to reconnect installer_test_linux
Mar 12, 2017 7:25:46 PM hudson.slaves.SlaveComputer tryReconnect
INFO: Attempting to reconnect installer_test_linux1
Mar 12, 2017 7:25:46 PM hudson.slaves.SlaveComputer tryReconnect
INFO: Attempting to reconnect installer_test_linux2
Mar 12, 2017 7:48:46 PM hudson.slaves.SlaveComputer tryReconnect
INFO: Attempting to reconnect ase_test
Mar 12, 2017 7:48:46 PM hudson.slaves.SlaveComputer tryReconnect
INFO: Attempting to reconnect ase_test_txue
Mar 12, 2017 7:48:46 PM hudson.slaves.SlaveComputer tryReconnect
INFO: Attempting to reconnect installer_test_linux
Mar 12, 2017 7:48:46 PM hudson.slaves.SlaveComputer tryReconnect
INFO: Attempting to reconnect installer_test_linux1
Mar 12, 2017 7:48:46 PM hudson.slaves.SlaveComputer tryReconnect
INFO: Attempting to reconnect installer_test_linux2
Mar 12, 2017 8:11:46 PM hudson.slaves.SlaveComputer tryReconnect
INFO: Attempting to reconnect ase_test
Mar 12, 2017 8:11:46 PM hudson.slaves.SlaveComputer tryReconnect
INFO: Attempting to reconnect ase_test_txue
Mar 12, 2017 8:11:46 PM hudson.slaves.SlaveComputer tryReconnect
INFO: Attempting to reconnect installer_test_linux
Mar 12, 2017 8:11:46 PM hudson.slaves.SlaveComputer tryReconnect
INFO: Attempting to reconnect installer_test_linux1
Mar 12, 2017 8:11:46 PM hudson.slaves.SlaveComputer tryReconnect
INFO: Attempting to reconnect installer_test_linux2
Mar 12, 2017 8:14:12 PM hudson.node_monitors.ResponseTimeMonitor$1 monitor
WARNING: Making NT_MONSOON offline because it’s not responding
Mar 12, 2017 8:14:12 PM hudson.node_monitors.ResponseTimeMonitor$1 monitor
WARNING: Making ase_test_txue offline because it’s not responding
Mar 12, 2017 8:14:12 PM hudson.node_monitors.ResponseTimeMonitor$1 monitor
WARNING: Making installer_test_linux offline because it’s not responding
Mar 12, 2017 8:14:12 PM hudson.node_monitors.ResponseTimeMonitor$1 monitor
WARNING: Making installer_test_linux1 offline because it’s not responding
Mar 12, 2017 8:14:12 PM hudson.node_monitors.ResponseTimeMonitor$1 monitor
WARNING: Making ase_test offline because it’s not responding
Mar 12, 2017 8:14:12 PM hudson.node_monitors.ResponseTimeMonitor$1 monitor
WARNING: Making installer_test_linux2 offline because it’s not responding
Mar 12, 2017 8:35:46 PM hudson.slaves.SlaveComputer tryReconnect
INFO: Attempting to reconnect ase_test
Mar 12, 2017 8:35:46 PM hudson.slaves.SlaveComputer tryReconnect
INFO: Attempting to reconnect ase_test_txue
Mar 12, 2017 8:35:46 PM hudson.slaves.SlaveComputer tryReconnect
INFO: Attempting to reconnect installer_test_linux
Mar 12, 2017 8:35:46 PM hudson.slaves.SlaveComputer tryReconnect
INFO: Attempting to reconnect installer_test_linux1
Mar 12, 2017 8:35:46 PM hudson.slaves.SlaveComputer tryReconnect
INFO: Attempting to reconnect installer_test_linux2
Mar 12, 2017 8:57:46 PM hudson.slaves.SlaveComputer tryReconnect
INFO: Attempting to reconnect ase_test
Mar 12, 2017 8:57:46 PM hudson.slaves.SlaveComputer tryReconnect
INFO: Attempting to reconnect ase_test_txue
Mar 12, 2017 8:57:46 PM hudson.slaves.SlaveComputer tryReconnect
INFO: Attempting to reconnect installer_test_linux
Mar 12, 2017 8:57:46 PM hudson.slaves.SlaveComputer tryReconnect
INFO: Attempting to reconnect installer_test_linux1
Mar 12, 2017 8:57:46 PM hudson.slaves.SlaveComputer tryReconnect
INFO: Attempting to reconnect installer_test_linux2
Mar 12, 2017 8:57:49 PM hudson.model.AsyncPeriodicWork$1 run
INFO: Started Workspace clean-up
Mar 12, 2017 8:57:49 PM hudson.model.AsyncPeriodicWork$1 run
INFO: Finished Workspace clean-up. 4 ms
Mar 12, 2017 9:14:12 PM hudson.node_monitors.ResponseTimeMonitor$1 monitor
WARNING: Making NT_MONSOON offline because it’s not responding
Mar 12, 2017 9:14:12 PM hudson.node_monitors.ResponseTimeMonitor$1 monitor
WARNING: Making ase_test_txue offline because it’s not responding
Mar 12, 2017 9:14:12 PM hudson.node_monitors.ResponseTimeMonitor$1 monitor
WARNING: Making installer_test_linux offline because it’s not responding
Mar 12, 2017 9:14:12 PM hudson.node_monitors.ResponseTimeMonitor$1 monitor
WARNING: Making installer_test_linux1 offline because it’s not responding
Mar 12, 2017 9:14:12 PM hudson.node_monitors.ResponseTimeMonitor$1 monitor
WARNING: Making ase_test offline because it’s not responding
Mar 12, 2017 9:14:12 PM hudson.node_monitors.ResponseTimeMonitor$1 monitor
WARNING: Making installer_test_linux2 offline because it’s not responding
Mar 12, 2017 9:20:46 PM hudson.slaves.SlaveComputer tryReconnect
INFO: Attempting to reconnect ase_test
Mar 12, 2017 9:20:46 PM hudson.slaves.SlaveComputer tryReconnect
INFO: Attempting to reconnect ase_test_txue
Mar 12, 2017 9:20:46 PM hudson.slaves.SlaveComputer tryReconnect
INFO: Attempting to reconnect installer_test_linux
Mar 12, 2017 9:20:46 PM hudson.slaves.SlaveComputer tryReconnect
INFO: Attempting to reconnect installer_test_linux1
Mar 12, 2017 9:20:46 PM hudson.slaves.SlaveComputer tryReconnect
INFO: Attempting to reconnect installer_test_linux2
Mar 12, 2017 9:41:46 PM hudson.slaves.SlaveComputer tryReconnect
INFO: Attempting to reconnect ase_test
Mar 12, 2017 9:41:46 PM hudson.slaves.SlaveComputer tryReconnect
INFO: Attempting to reconnect ase_test_txue
Mar 12, 2017 9:41:46 PM hudson.slaves.SlaveComputer tryReconnect
INFO: Attempting to reconnect installer_test_linux
Mar 12, 2017 9:41:46 PM hudson.slaves.SlaveComputer tryReconnect
INFO: Attempting to reconnect installer_test_linux1
Mar 12, 2017 9:41:46 PM hudson.slaves.SlaveComputer tryReconnect
INFO: Attempting to reconnect installer_test_linux2
Mar 12, 2017 10:04:46 PM hudson.slaves.SlaveComputer tryReconnect
INFO: Attempting to reconnect ase_test
Mar 12, 2017 10:04:46 PM hudson.slaves.SlaveComputer tryReconnect
INFO: Attempting to reconnect ase_test_txue
Mar 12, 2017 10:04:46 PM hudson.slaves.SlaveComputer tryReconnect
INFO: Attempting to reconnect installer_test_linux
Mar 12, 2017 10:04:46 PM hudson.slaves.SlaveComputer tryReconnect
INFO: Attempting to reconnect installer_test_linux1
Mar 12, 2017 10:04:46 PM hudson.slaves.SlaveComputer tryReconnect
INFO: Attempting to reconnect installer_test_linux2
Mar 12, 2017 10:14:12 PM hudson.node_monitors.ResponseTimeMonitor$1 monitor
WARNING: Making NT_MONSOON offline because it’s not responding
Mar 12, 2017 10:14:12 PM hudson.node_monitors.ResponseTimeMonitor$1 monitor
WARNING: Making ase_test_txue offline because it’s not responding
Mar 12, 2017 10:14:12 PM hudson.node_monitors.ResponseTimeMonitor$1 monitor
WARNING: Making installer_test_linux offline because it’s not responding
Mar 12, 2017 10:14:12 PM hudson.node_monitors.ResponseTimeMonitor$1 monitor
WARNING: Making installer_test_linux1 offline because it’s not responding
Mar 12, 2017 10:14:12 PM hudson.node_monitors.ResponseTimeMonitor$1 monitor
WARNING: Making ase_test offline because it’s not responding
Mar 12, 2017 10:14:12 PM hudson.node_monitors.ResponseTimeMonitor$1 monitor
WARNING: Making installer_test_linux2 offline because it’s not responding
Mar 12, 2017 10:27:46 PM hudson.slaves.SlaveComputer tryReconnect
INFO: Attempting to reconnect ase_test
Mar 12, 2017 10:27:46 PM hudson.slaves.SlaveComputer tryReconnect
INFO: Attempting to reconnect ase_test_txue
Mar 12, 2017 10:27:46 PM hudson.slaves.SlaveComputer tryReconnect
INFO: Attempting to reconnect installer_test_linux
Mar 12, 2017 10:27:46 PM hudson.slaves.SlaveComputer tryReconnect
INFO: Attempting to reconnect installer_test_linux1
Mar 12, 2017 10:27:46 PM hudson.slaves.SlaveComputer tryReconnect
INFO: Attempting to reconnect installer_test_linux2
Mar 12, 2017 10:50:46 PM hudson.slaves.SlaveComputer tryReconnect
INFO: Attempting to reconnect ase_test
Mar 12, 2017 10:50:46 PM hudson.slaves.SlaveComputer tryReconnect
INFO: Attempting to reconnect ase_test_txue
Mar 12, 2017 10:50:46 PM hudson.slaves.SlaveComputer tryReconnect
INFO: Attempting to reconnect installer_test_linux
Mar 12, 2017 10:50:46 PM hudson.slaves.SlaveComputer tryReconnect
INFO: Attempting to reconnect installer_test_linux1
Mar 12, 2017 10:50:46 PM hudson.slaves.SlaveComputer tryReconnect
INFO: Attempting to reconnect installer_test_linux2
Mar 12, 2017 11:12:46 PM hudson.slaves.SlaveComputer tryReconnect
INFO: Attempting to reconnect ase_test
Mar 12, 2017 11:12:46 PM hudson.slaves.SlaveComputer tryReconnect
INFO: Attempting to reconnect ase_test_txue
Mar 12, 2017 11:12:46 PM hudson.slaves.SlaveComputer tryReconnect
INFO: Attempting to reconnect installer_test_linux
Mar 12, 2017 11:12:46 PM hudson.slaves.SlaveComputer tryReconnect
INFO: Attempting to reconnect installer_test_linux1
Mar 12, 2017 11:12:46 PM hudson.slaves.SlaveComputer tryReconnect
INFO: Attempting to reconnect installer_test_linux2
Mar 12, 2017 11:14:12 PM hudson.node_monitors.ResponseTimeMonitor$1 monitor
WARNING: Making NT_MONSOON offline because it’s not responding
Mar 12, 2017 11:14:12 PM hudson.node_monitors.ResponseTimeMonitor$1 monitor
WARNING: Making ase_test_txue offline because it’s not responding
Mar 12, 2017 11:14:12 PM hudson.node_monitors.ResponseTimeMonitor$1 monitor
WARNING: Making installer_test_linux offline because it’s not responding
Mar 12, 2017 11:14:12 PM hudson.node_monitors.ResponseTimeMonitor$1 monitor
WARNING: Making installer_test_linux1 offline because it’s not responding
Mar 12, 2017 11:14:12 PM hudson.node_monitors.ResponseTimeMonitor$1 monitor
WARNING: Making ase_test offline because it’s not responding
Mar 12, 2017 11:14:12 PM hudson.node_monitors.ResponseTimeMonitor$1 monitor
WARNING: Making installer_test_linux2 offline because it’s not responding
Mar 12, 2017 11:35:46 PM hudson.slaves.SlaveComputer tryReconnect
INFO: Attempting to reconnect ase_test
Mar 12, 2017 11:35:46 PM hudson.slaves.SlaveComputer tryReconnect
INFO: Attempting to reconnect ase_test_txue
Mar 12, 2017 11:35:46 PM hudson.slaves.SlaveComputer tryReconnect
INFO: Attempting to reconnect installer_test_linux
Mar 12, 2017 11:35:46 PM hudson.slaves.SlaveComputer tryReconnect
INFO: Attempting to reconnect installer_test_linux1
Mar 12, 2017 11:35:46 PM hudson.slaves.SlaveComputer tryReconnect
INFO: Attempting to reconnect installer_test_linux2
Mar 12, 2017 11:57:46 PM hudson.slaves.SlaveComputer tryReconnect
INFO: Attempting to reconnect ase_test
Mar 12, 2017 11:57:46 PM hudson.slaves.SlaveComputer tryReconnect
INFO: Attempting to reconnect ase_test_txue
Mar 12, 2017 11:57:46 PM hudson.slaves.SlaveComputer tryReconnect
INFO: Attempting to reconnect installer_test_linux
Mar 12, 2017 11:57:46 PM hudson.slaves.SlaveComputer tryReconnect
INFO: Attempting to reconnect installer_test_linux1
Mar 12, 2017 11:57:46 PM hudson.slaves.SlaveComputer tryReconnect
INFO: Attempting to reconnect installer_test_linux2
