Aug 26, 2016 2:13:28 AM org.kohsuke.stapler.RequestImpl$TypePair convertJSON
WARNING: 'stapler-class' is deprecated: hudson.tasks.Shell
Aug 26, 2016 2:15:29 AM org.kohsuke.stapler.RequestImpl$TypePair convertJSON
WARNING: 'stapler-class' is deprecated: hudson.plugins.sshslaves.SSHLauncher
Aug 26, 2016 2:15:29 AM org.kohsuke.stapler.RequestImpl$TypePair convertJSON
WARNING: 'stapler-class' is deprecated: hudson.slaves.RetentionStrategy$Always
Aug 26, 2016 2:15:29 AM hudson.slaves.SlaveComputer tryReconnect
INFO: Attempting to reconnect ase_test
Aug 26, 2016 2:15:40 AM hudson.remoting.SynchronousCommandTransport$ReaderThread run
SEVERE: I/O error in channel ase_test
java.io.IOException: Unexpected termination of the channel
	at hudson.remoting.SynchronousCommandTransport$ReaderThread.run(SynchronousCommandTransport.java:50)
Caused by: java.io.EOFException
	at java.io.ObjectInputStream$PeekInputStream.readFully(ObjectInputStream.java:2297)
	at java.io.ObjectInputStream$BlockDataInputStream.readShort(ObjectInputStream.java:2766)
	at java.io.ObjectInputStream.readStreamHeader(ObjectInputStream.java:797)
	at java.io.ObjectInputStream.<init>(ObjectInputStream.java:297)
	at hudson.remoting.ObjectInputStreamEx.<init>(ObjectInputStreamEx.java:40)
	at hudson.remoting.AbstractSynchronousByteArrayCommandTransport.read(AbstractSynchronousByteArrayCommandTransport.java:34)
	at hudson.remoting.SynchronousCommandTransport$ReaderThread.run(SynchronousCommandTransport.java:48)
Aug 26, 2016 2:15:54 AM org.kohsuke.stapler.RequestImpl$TypePair convertJSON
WARNING: 'stapler-class' is deprecated: hudson.tasks.Shell
Aug 26, 2016 3:25:05 AM hudson.model.Run execute
INFO: SRS_DROP_TEST_FOR_ASE_SP304_UPDATE #17 main build action completed: SUCCESS
Aug 26, 2016 5:34:22 AM hudson.model.AsyncPeriodicWork$1 run
INFO: Started Download metadata
Aug 26, 2016 5:34:31 AM hudson.model.UpdateSite updateData
INFO: Obtained the latest update center data file for UpdateSource default
Aug 26, 2016 5:34:33 AM hudson.model.AsyncPeriodicWork$1 run
INFO: Finished Download metadata. 10,804 ms
Aug 26, 2016 8:02:09 AM hudson.model.Run execute
INFO: SRS_RMA_BUILD_TRIGGER_BY_RMADEV_SP305 #30 main build action completed: SUCCESS
