Jan 16, 2018 12:10:08 AM hudson.slaves.SlaveComputer tryReconnect
INFO: Attempting to reconnect ase_test
Jan 16, 2018 12:10:08 AM hudson.slaves.SlaveComputer tryReconnect
INFO: Attempting to reconnect installer_test_linux1
Jan 16, 2018 12:13:08 AM hudson.slaves.SlaveComputer tryReconnect
INFO: Attempting to reconnect ase_test_txue
Jan 16, 2018 12:13:08 AM hudson.slaves.SlaveComputer tryReconnect
INFO: Attempting to reconnect installer_test_linux2
Jan 16, 2018 12:15:08 AM hudson.slaves.SlaveComputer tryReconnect
INFO: Attempting to reconnect installer_test_linux
Jan 16, 2018 12:19:08 AM hudson.slaves.SlaveComputer tryReconnect
INFO: Attempting to reconnect monsoon_installer_build
Jan 16, 2018 12:30:08 AM hudson.slaves.SlaveComputer tryReconnect
INFO: Attempting to reconnect ase_test
Jan 16, 2018 12:30:08 AM hudson.slaves.SlaveComputer tryReconnect
INFO: Attempting to reconnect installer_test_linux1
Jan 16, 2018 12:34:08 AM hudson.slaves.SlaveComputer tryReconnect
INFO: Attempting to reconnect ase_test_txue
Jan 16, 2018 12:34:08 AM hudson.slaves.SlaveComputer tryReconnect
INFO: Attempting to reconnect installer_test_linux2
Jan 16, 2018 12:36:08 AM hudson.slaves.SlaveComputer tryReconnect
INFO: Attempting to reconnect installer_test_linux
Jan 16, 2018 12:37:14 AM hudson.node_monitors.ResponseTimeMonitor$1 monitor
WARNING: Making installer_test_linux offline because it?s not responding
Jan 16, 2018 12:37:14 AM hudson.node_monitors.ResponseTimeMonitor$1 monitor
WARNING: Making monsoon_installer_build offline because it?s not responding
Jan 16, 2018 12:37:14 AM hudson.node_monitors.ResponseTimeMonitor$1 monitor
WARNING: Making NT_MONSOON offline because it?s not responding
Jan 16, 2018 12:37:14 AM hudson.node_monitors.ResponseTimeMonitor$1 monitor
WARNING: Making installer_test_linux1 offline because it?s not responding
Jan 16, 2018 12:37:14 AM hudson.node_monitors.ResponseTimeMonitor$1 monitor
WARNING: Making installer_test_linux2 offline because it?s not responding
Jan 16, 2018 12:37:14 AM hudson.node_monitors.ResponseTimeMonitor$1 monitor
WARNING: Making ase_test offline because it?s not responding
Jan 16, 2018 12:37:14 AM hudson.node_monitors.ResponseTimeMonitor$1 monitor
WARNING: Making ase_test_txue offline because it?s not responding
Jan 16, 2018 12:40:08 AM hudson.slaves.SlaveComputer tryReconnect
INFO: Attempting to reconnect monsoon_installer_build
Jan 16, 2018 12:53:08 AM hudson.slaves.SlaveComputer tryReconnect
INFO: Attempting to reconnect ase_test
Jan 16, 2018 12:53:08 AM hudson.slaves.SlaveComputer tryReconnect
INFO: Attempting to reconnect installer_test_linux1
Jan 16, 2018 12:56:08 AM hudson.slaves.SlaveComputer tryReconnect
INFO: Attempting to reconnect ase_test_txue
Jan 16, 2018 12:56:08 AM hudson.slaves.SlaveComputer tryReconnect
INFO: Attempting to reconnect installer_test_linux2
Jan 16, 2018 12:58:08 AM hudson.slaves.SlaveComputer tryReconnect
INFO: Attempting to reconnect installer_test_linux
Jan 16, 2018 1:01:08 AM hudson.slaves.SlaveComputer tryReconnect
INFO: Attempting to reconnect monsoon_installer_build
Jan 16, 2018 1:15:08 AM hudson.slaves.SlaveComputer tryReconnect
INFO: Attempting to reconnect ase_test
Jan 16, 2018 1:15:08 AM hudson.slaves.SlaveComputer tryReconnect
INFO: Attempting to reconnect installer_test_linux1
Jan 16, 2018 1:18:08 AM hudson.slaves.SlaveComputer tryReconnect
INFO: Attempting to reconnect ase_test_txue
Jan 16, 2018 1:18:08 AM hudson.slaves.SlaveComputer tryReconnect
INFO: Attempting to reconnect installer_test_linux2
Jan 16, 2018 1:19:08 AM hudson.slaves.SlaveComputer tryReconnect
INFO: Attempting to reconnect installer_test_linux
Jan 16, 2018 1:23:08 AM hudson.slaves.SlaveComputer tryReconnect
INFO: Attempting to reconnect monsoon_installer_build
Jan 16, 2018 1:33:08 AM hudson.slaves.SlaveComputer tryReconnect
INFO: Attempting to reconnect ase_test
Jan 16, 2018 1:33:08 AM hudson.slaves.SlaveComputer tryReconnect
INFO: Attempting to reconnect installer_test_linux1
Jan 16, 2018 1:37:08 AM hudson.slaves.SlaveComputer tryReconnect
INFO: Attempting to reconnect ase_test_txue
Jan 16, 2018 1:37:08 AM hudson.slaves.SlaveComputer tryReconnect
INFO: Attempting to reconnect installer_test_linux2
Jan 16, 2018 1:37:14 AM hudson.node_monitors.ResponseTimeMonitor$1 monitor
WARNING: Making installer_test_linux offline because it?s not responding
Jan 16, 2018 1:37:14 AM hudson.node_monitors.ResponseTimeMonitor$1 monitor
WARNING: Making monsoon_installer_build offline because it?s not responding
Jan 16, 2018 1:37:14 AM hudson.node_monitors.ResponseTimeMonitor$1 monitor
WARNING: Making NT_MONSOON offline because it?s not responding
Jan 16, 2018 1:37:14 AM hudson.node_monitors.ResponseTimeMonitor$1 monitor
WARNING: Making installer_test_linux1 offline because it?s not responding
Jan 16, 2018 1:37:14 AM hudson.node_monitors.ResponseTimeMonitor$1 monitor
WARNING: Making installer_test_linux2 offline because it?s not responding
Jan 16, 2018 1:37:14 AM hudson.node_monitors.ResponseTimeMonitor$1 monitor
WARNING: Making ase_test offline because it?s not responding
Jan 16, 2018 1:37:14 AM hudson.node_monitors.ResponseTimeMonitor$1 monitor
WARNING: Making ase_test_txue offline because it?s not responding
Jan 16, 2018 1:39:08 AM hudson.slaves.SlaveComputer tryReconnect
INFO: Attempting to reconnect installer_test_linux
Jan 16, 2018 1:42:08 AM hudson.slaves.SlaveComputer tryReconnect
INFO: Attempting to reconnect monsoon_installer_build
Jan 16, 2018 1:55:08 AM hudson.slaves.SlaveComputer tryReconnect
INFO: Attempting to reconnect ase_test
Jan 16, 2018 1:55:08 AM hudson.slaves.SlaveComputer tryReconnect
INFO: Attempting to reconnect installer_test_linux1
Jan 16, 2018 1:59:08 AM hudson.slaves.SlaveComputer tryReconnect
INFO: Attempting to reconnect ase_test_txue
Jan 16, 2018 1:59:08 AM hudson.slaves.SlaveComputer tryReconnect
INFO: Attempting to reconnect installer_test_linux2
Jan 16, 2018 2:01:08 AM hudson.slaves.SlaveComputer tryReconnect
INFO: Attempting to reconnect installer_test_linux
Jan 16, 2018 2:05:08 AM hudson.slaves.SlaveComputer tryReconnect
INFO: Attempting to reconnect monsoon_installer_build
Jan 16, 2018 2:17:08 AM hudson.slaves.SlaveComputer tryReconnect
INFO: Attempting to reconnect ase_test
Jan 16, 2018 2:17:08 AM hudson.slaves.SlaveComputer tryReconnect
INFO: Attempting to reconnect installer_test_linux1
Jan 16, 2018 2:21:08 AM hudson.slaves.SlaveComputer tryReconnect
INFO: Attempting to reconnect ase_test_txue
Jan 16, 2018 2:21:08 AM hudson.slaves.SlaveComputer tryReconnect
INFO: Attempting to reconnect installer_test_linux2
Jan 16, 2018 2:23:08 AM hudson.slaves.SlaveComputer tryReconnect
INFO: Attempting to reconnect installer_test_linux
Jan 16, 2018 2:26:08 AM hudson.slaves.SlaveComputer tryReconnect
INFO: Attempting to reconnect monsoon_installer_build
Jan 16, 2018 2:37:14 AM hudson.node_monitors.ResponseTimeMonitor$1 monitor
WARNING: Making installer_test_linux offline because it?s not responding
Jan 16, 2018 2:37:14 AM hudson.node_monitors.ResponseTimeMonitor$1 monitor
WARNING: Making monsoon_installer_build offline because it?s not responding
Jan 16, 2018 2:37:14 AM hudson.node_monitors.ResponseTimeMonitor$1 monitor
WARNING: Making NT_MONSOON offline because it?s not responding
Jan 16, 2018 2:37:14 AM hudson.node_monitors.ResponseTimeMonitor$1 monitor
WARNING: Making installer_test_linux1 offline because it?s not responding
Jan 16, 2018 2:37:14 AM hudson.node_monitors.ResponseTimeMonitor$1 monitor
WARNING: Making installer_test_linux2 offline because it?s not responding
Jan 16, 2018 2:37:14 AM hudson.node_monitors.ResponseTimeMonitor$1 monitor
WARNING: Making ase_test offline because it?s not responding
Jan 16, 2018 2:37:14 AM hudson.node_monitors.ResponseTimeMonitor$1 monitor
WARNING: Making ase_test_txue offline because it?s not responding
Jan 16, 2018 2:40:08 AM hudson.slaves.SlaveComputer tryReconnect
INFO: Attempting to reconnect ase_test
Jan 16, 2018 2:40:08 AM hudson.slaves.SlaveComputer tryReconnect
INFO: Attempting to reconnect installer_test_linux1
Jan 16, 2018 2:43:08 AM hudson.slaves.SlaveComputer tryReconnect
INFO: Attempting to reconnect ase_test_txue
Jan 16, 2018 2:43:08 AM hudson.slaves.SlaveComputer tryReconnect
INFO: Attempting to reconnect installer_test_linux2
Jan 16, 2018 2:44:08 AM hudson.slaves.SlaveComputer tryReconnect
INFO: Attempting to reconnect installer_test_linux
Jan 16, 2018 2:47:08 AM hudson.slaves.SlaveComputer tryReconnect
INFO: Attempting to reconnect monsoon_installer_build
Jan 16, 2018 2:58:08 AM hudson.slaves.SlaveComputer tryReconnect
INFO: Attempting to reconnect ase_test
Jan 16, 2018 2:58:08 AM hudson.slaves.SlaveComputer tryReconnect
INFO: Attempting to reconnect installer_test_linux1
Jan 16, 2018 3:02:08 AM hudson.slaves.SlaveComputer tryReconnect
INFO: Attempting to reconnect ase_test_txue
Jan 16, 2018 3:02:08 AM hudson.slaves.SlaveComputer tryReconnect
INFO: Attempting to reconnect installer_test_linux2
Jan 16, 2018 3:04:08 AM hudson.slaves.SlaveComputer tryReconnect
INFO: Attempting to reconnect installer_test_linux
Jan 16, 2018 3:08:08 AM hudson.slaves.SlaveComputer tryReconnect
INFO: Attempting to reconnect monsoon_installer_build
Jan 16, 2018 3:20:08 AM hudson.slaves.SlaveComputer tryReconnect
INFO: Attempting to reconnect ase_test
Jan 16, 2018 3:20:08 AM hudson.slaves.SlaveComputer tryReconnect
INFO: Attempting to reconnect installer_test_linux1
Jan 16, 2018 3:24:08 AM hudson.slaves.SlaveComputer tryReconnect
INFO: Attempting to reconnect ase_test_txue
Jan 16, 2018 3:24:08 AM hudson.slaves.SlaveComputer tryReconnect
INFO: Attempting to reconnect installer_test_linux2
Jan 16, 2018 3:26:08 AM hudson.slaves.SlaveComputer tryReconnect
INFO: Attempting to reconnect installer_test_linux
Jan 16, 2018 3:29:08 AM hudson.slaves.SlaveComputer tryReconnect
INFO: Attempting to reconnect monsoon_installer_build
Jan 16, 2018 3:33:13 AM hudson.model.AsyncPeriodicWork$1 run
INFO: Started Download metadata
Jan 16, 2018 3:33:35 AM hudson.model.UpdateSite updateData
INFO: Obtained the latest update center data file for UpdateSource default
Jan 16, 2018 3:33:38 AM hudson.model.AsyncPeriodicWork$1 run
INFO: Finished Download metadata. 24,928 ms
Jan 16, 2018 3:37:14 AM hudson.node_monitors.ResponseTimeMonitor$1 monitor
WARNING: Making installer_test_linux offline because it?s not responding
Jan 16, 2018 3:37:14 AM hudson.node_monitors.ResponseTimeMonitor$1 monitor
WARNING: Making monsoon_installer_build offline because it?s not responding
Jan 16, 2018 3:37:14 AM hudson.node_monitors.ResponseTimeMonitor$1 monitor
WARNING: Making NT_MONSOON offline because it?s not responding
Jan 16, 2018 3:37:14 AM hudson.node_monitors.ResponseTimeMonitor$1 monitor
WARNING: Making installer_test_linux1 offline because it?s not responding
Jan 16, 2018 3:37:14 AM hudson.node_monitors.ResponseTimeMonitor$1 monitor
WARNING: Making installer_test_linux2 offline because it?s not responding
Jan 16, 2018 3:37:14 AM hudson.node_monitors.ResponseTimeMonitor$1 monitor
WARNING: Making ase_test offline because it?s not responding
Jan 16, 2018 3:37:14 AM hudson.node_monitors.ResponseTimeMonitor$1 monitor
WARNING: Making ase_test_txue offline because it?s not responding
Jan 16, 2018 3:42:08 AM hudson.slaves.SlaveComputer tryReconnect
INFO: Attempting to reconnect ase_test
Jan 16, 2018 3:42:08 AM hudson.slaves.SlaveComputer tryReconnect
INFO: Attempting to reconnect installer_test_linux1
Jan 16, 2018 3:45:08 AM hudson.slaves.SlaveComputer tryReconnect
INFO: Attempting to reconnect ase_test_txue
Jan 16, 2018 3:45:08 AM hudson.slaves.SlaveComputer tryReconnect
INFO: Attempting to reconnect installer_test_linux2
Jan 16, 2018 3:46:08 AM hudson.slaves.SlaveComputer tryReconnect
INFO: Attempting to reconnect installer_test_linux
Jan 16, 2018 3:49:08 AM hudson.slaves.SlaveComputer tryReconnect
INFO: Attempting to reconnect monsoon_installer_build
Jan 16, 2018 4:00:08 AM hudson.slaves.SlaveComputer tryReconnect
INFO: Attempting to reconnect ase_test
Jan 16, 2018 4:00:08 AM hudson.slaves.SlaveComputer tryReconnect
INFO: Attempting to reconnect installer_test_linux1
Jan 16, 2018 4:04:08 AM hudson.slaves.SlaveComputer tryReconnect
INFO: Attempting to reconnect ase_test_txue
Jan 16, 2018 4:04:08 AM hudson.slaves.SlaveComputer tryReconnect
INFO: Attempting to reconnect installer_test_linux2
Jan 16, 2018 4:06:08 AM hudson.slaves.SlaveComputer tryReconnect
INFO: Attempting to reconnect installer_test_linux
Jan 16, 2018 4:10:08 AM hudson.slaves.SlaveComputer tryReconnect
INFO: Attempting to reconnect monsoon_installer_build
Jan 16, 2018 4:23:08 AM hudson.slaves.SlaveComputer tryReconnect
INFO: Attempting to reconnect ase_test
Jan 16, 2018 4:23:08 AM hudson.slaves.SlaveComputer tryReconnect
INFO: Attempting to reconnect installer_test_linux1
Jan 16, 2018 4:27:08 AM hudson.slaves.SlaveComputer tryReconnect
INFO: Attempting to reconnect ase_test_txue
Jan 16, 2018 4:27:08 AM hudson.slaves.SlaveComputer tryReconnect
INFO: Attempting to reconnect installer_test_linux2
Jan 16, 2018 4:29:08 AM hudson.slaves.SlaveComputer tryReconnect
INFO: Attempting to reconnect installer_test_linux
Jan 16, 2018 4:32:08 AM hudson.slaves.SlaveComputer tryReconnect
INFO: Attempting to reconnect monsoon_installer_build
Jan 16, 2018 4:37:14 AM hudson.node_monitors.ResponseTimeMonitor$1 monitor
WARNING: Making installer_test_linux offline because it?s not responding
Jan 16, 2018 4:37:14 AM hudson.node_monitors.ResponseTimeMonitor$1 monitor
WARNING: Making monsoon_installer_build offline because it?s not responding
Jan 16, 2018 4:37:14 AM hudson.node_monitors.ResponseTimeMonitor$1 monitor
WARNING: Making NT_MONSOON offline because it?s not responding
Jan 16, 2018 4:37:14 AM hudson.node_monitors.ResponseTimeMonitor$1 monitor
WARNING: Making installer_test_linux1 offline because it?s not responding
Jan 16, 2018 4:37:14 AM hudson.node_monitors.ResponseTimeMonitor$1 monitor
WARNING: Making installer_test_linux2 offline because it?s not responding
Jan 16, 2018 4:37:14 AM hudson.node_monitors.ResponseTimeMonitor$1 monitor
WARNING: Making ase_test offline because it?s not responding
Jan 16, 2018 4:37:14 AM hudson.node_monitors.ResponseTimeMonitor$1 monitor
WARNING: Making ase_test_txue offline because it?s not responding
Jan 16, 2018 4:44:08 AM hudson.slaves.SlaveComputer tryReconnect
INFO: Attempting to reconnect ase_test
Jan 16, 2018 4:44:08 AM hudson.slaves.SlaveComputer tryReconnect
INFO: Attempting to reconnect installer_test_linux1
Jan 16, 2018 4:47:08 AM hudson.slaves.SlaveComputer tryReconnect
INFO: Attempting to reconnect ase_test_txue
Jan 16, 2018 4:47:08 AM hudson.slaves.SlaveComputer tryReconnect
INFO: Attempting to reconnect installer_test_linux2
Jan 16, 2018 4:48:08 AM hudson.slaves.SlaveComputer tryReconnect
INFO: Attempting to reconnect installer_test_linux
Jan 16, 2018 4:52:08 AM hudson.slaves.SlaveComputer tryReconnect
INFO: Attempting to reconnect monsoon_installer_build
Jan 16, 2018 5:05:08 AM hudson.slaves.SlaveComputer tryReconnect
INFO: Attempting to reconnect ase_test
Jan 16, 2018 5:09:08 AM hudson.slaves.SlaveComputer tryReconnect
INFO: Attempting to reconnect ase_test_txue
Jan 16, 2018 5:09:08 AM hudson.slaves.SlaveComputer tryReconnect
INFO: Attempting to reconnect installer_test_linux2
Jan 16, 2018 5:11:08 AM hudson.slaves.SlaveComputer tryReconnect
INFO: Attempting to reconnect installer_test_linux
Jan 16, 2018 5:14:08 AM hudson.slaves.SlaveComputer tryReconnect
INFO: Attempting to reconnect monsoon_installer_build
Jan 16, 2018 5:28:08 AM hudson.slaves.SlaveComputer tryReconnect
INFO: Attempting to reconnect ase_test
Jan 16, 2018 5:31:08 AM hudson.slaves.SlaveComputer tryReconnect
INFO: Attempting to reconnect ase_test_txue
Jan 16, 2018 5:31:08 AM hudson.slaves.SlaveComputer tryReconnect
INFO: Attempting to reconnect installer_test_linux2
Jan 16, 2018 5:33:08 AM hudson.slaves.SlaveComputer tryReconnect
INFO: Attempting to reconnect installer_test_linux
Jan 16, 2018 5:37:08 AM hudson.slaves.SlaveComputer tryReconnect
INFO: Attempting to reconnect monsoon_installer_build
Jan 16, 2018 5:37:14 AM hudson.node_monitors.ResponseTimeMonitor$1 monitor
WARNING: Making installer_test_linux offline because it?s not responding
Jan 16, 2018 5:37:14 AM hudson.node_monitors.ResponseTimeMonitor$1 monitor
WARNING: Making monsoon_installer_build offline because it?s not responding
Jan 16, 2018 5:37:14 AM hudson.node_monitors.ResponseTimeMonitor$1 monitor
WARNING: Making NT_MONSOON offline because it?s not responding
Jan 16, 2018 5:37:14 AM hudson.node_monitors.ResponseTimeMonitor$1 monitor
WARNING: Making installer_test_linux1 offline because it?s not responding
Jan 16, 2018 5:37:14 AM hudson.node_monitors.ResponseTimeMonitor$1 monitor
WARNING: Making installer_test_linux2 offline because it?s not responding
Jan 16, 2018 5:37:14 AM hudson.node_monitors.ResponseTimeMonitor$1 monitor
WARNING: Making ase_test offline because it?s not responding
Jan 16, 2018 5:37:14 AM hudson.node_monitors.ResponseTimeMonitor$1 monitor
WARNING: Making ase_test_txue offline because it?s not responding
Jan 16, 2018 5:49:08 AM hudson.slaves.SlaveComputer tryReconnect
INFO: Attempting to reconnect ase_test
Jan 16, 2018 5:53:08 AM hudson.slaves.SlaveComputer tryReconnect
INFO: Attempting to reconnect ase_test_txue
Jan 16, 2018 5:53:08 AM hudson.slaves.SlaveComputer tryReconnect
INFO: Attempting to reconnect installer_test_linux2
Jan 16, 2018 5:54:08 AM hudson.slaves.SlaveComputer tryReconnect
INFO: Attempting to reconnect installer_test_linux
Jan 16, 2018 5:57:08 AM hudson.slaves.SlaveComputer tryReconnect
INFO: Attempting to reconnect monsoon_installer_build
Jan 16, 2018 6:07:08 AM hudson.slaves.SlaveComputer tryReconnect
INFO: Attempting to reconnect ase_test
Jan 16, 2018 6:11:08 AM hudson.slaves.SlaveComputer tryReconnect
INFO: Attempting to reconnect ase_test_txue
Jan 16, 2018 6:11:08 AM hudson.slaves.SlaveComputer tryReconnect
INFO: Attempting to reconnect installer_test_linux2
Jan 16, 2018 6:13:08 AM hudson.slaves.SlaveComputer tryReconnect
INFO: Attempting to reconnect installer_test_linux
Jan 16, 2018 6:16:08 AM hudson.slaves.SlaveComputer tryReconnect
INFO: Attempting to reconnect monsoon_installer_build
Jan 16, 2018 6:28:08 AM hudson.slaves.SlaveComputer tryReconnect
INFO: Attempting to reconnect ase_test
Jan 16, 2018 6:32:08 AM hudson.slaves.SlaveComputer tryReconnect
INFO: Attempting to reconnect ase_test_txue
Jan 16, 2018 6:32:08 AM hudson.slaves.SlaveComputer tryReconnect
INFO: Attempting to reconnect installer_test_linux2
Jan 16, 2018 6:34:08 AM hudson.slaves.SlaveComputer tryReconnect
INFO: Attempting to reconnect installer_test_linux
Jan 16, 2018 6:37:14 AM hudson.node_monitors.ResponseTimeMonitor$1 monitor
WARNING: Making installer_test_linux offline because it?s not responding
Jan 16, 2018 6:37:14 AM hudson.node_monitors.ResponseTimeMonitor$1 monitor
WARNING: Making monsoon_installer_build offline because it?s not responding
Jan 16, 2018 6:37:14 AM hudson.node_monitors.ResponseTimeMonitor$1 monitor
WARNING: Making NT_MONSOON offline because it?s not responding
Jan 16, 2018 6:37:14 AM hudson.node_monitors.ResponseTimeMonitor$1 monitor
WARNING: Making installer_test_linux1 offline because it?s not responding
Jan 16, 2018 6:37:14 AM hudson.node_monitors.ResponseTimeMonitor$1 monitor
WARNING: Making installer_test_linux2 offline because it?s not responding
Jan 16, 2018 6:37:14 AM hudson.node_monitors.ResponseTimeMonitor$1 monitor
WARNING: Making ase_test offline because it?s not responding
Jan 16, 2018 6:37:14 AM hudson.node_monitors.ResponseTimeMonitor$1 monitor
WARNING: Making ase_test_txue offline because it?s not responding
Jan 16, 2018 6:38:08 AM hudson.slaves.SlaveComputer tryReconnect
INFO: Attempting to reconnect monsoon_installer_build
Jan 16, 2018 6:49:08 AM hudson.slaves.SlaveComputer tryReconnect
INFO: Attempting to reconnect ase_test
Jan 16, 2018 6:53:08 AM hudson.slaves.SlaveComputer tryReconnect
INFO: Attempting to reconnect ase_test_txue
Jan 16, 2018 6:53:08 AM hudson.slaves.SlaveComputer tryReconnect
INFO: Attempting to reconnect installer_test_linux2
Jan 16, 2018 6:55:08 AM hudson.slaves.SlaveComputer tryReconnect
INFO: Attempting to reconnect installer_test_linux
Jan 16, 2018 6:58:08 AM hudson.slaves.SlaveComputer tryReconnect
INFO: Attempting to reconnect monsoon_installer_build
Jan 16, 2018 7:11:08 AM hudson.slaves.SlaveComputer tryReconnect
INFO: Attempting to reconnect ase_test
Jan 16, 2018 7:15:08 AM hudson.slaves.SlaveComputer tryReconnect
INFO: Attempting to reconnect ase_test_txue
Jan 16, 2018 7:15:08 AM hudson.slaves.SlaveComputer tryReconnect
INFO: Attempting to reconnect installer_test_linux2
Jan 16, 2018 7:16:08 AM hudson.slaves.SlaveComputer tryReconnect
INFO: Attempting to reconnect installer_test_linux
Jan 16, 2018 7:20:08 AM hudson.slaves.SlaveComputer tryReconnect
INFO: Attempting to reconnect monsoon_installer_build
Jan 16, 2018 7:34:08 AM hudson.slaves.SlaveComputer tryReconnect
INFO: Attempting to reconnect ase_test
Jan 16, 2018 7:37:14 AM hudson.node_monitors.ResponseTimeMonitor$1 monitor
WARNING: Making installer_test_linux offline because it?s not responding
Jan 16, 2018 7:37:14 AM hudson.node_monitors.ResponseTimeMonitor$1 monitor
WARNING: Making monsoon_installer_build offline because it?s not responding
Jan 16, 2018 7:37:14 AM hudson.node_monitors.ResponseTimeMonitor$1 monitor
WARNING: Making NT_MONSOON offline because it?s not responding
Jan 16, 2018 7:37:14 AM hudson.node_monitors.ResponseTimeMonitor$1 monitor
WARNING: Making installer_test_linux1 offline because it?s not responding
Jan 16, 2018 7:37:14 AM hudson.node_monitors.ResponseTimeMonitor$1 monitor
WARNING: Making installer_test_linux2 offline because it?s not responding
Jan 16, 2018 7:37:14 AM hudson.node_monitors.ResponseTimeMonitor$1 monitor
WARNING: Making ase_test offline because it?s not responding
Jan 16, 2018 7:37:14 AM hudson.node_monitors.ResponseTimeMonitor$1 monitor
WARNING: Making ase_test_txue offline because it?s not responding
Jan 16, 2018 7:38:08 AM hudson.slaves.SlaveComputer tryReconnect
INFO: Attempting to reconnect ase_test_txue
Jan 16, 2018 7:38:08 AM hudson.slaves.SlaveComputer tryReconnect
INFO: Attempting to reconnect installer_test_linux2
Jan 16, 2018 7:40:08 AM hudson.slaves.SlaveComputer tryReconnect
INFO: Attempting to reconnect installer_test_linux
Jan 16, 2018 7:44:08 AM hudson.slaves.SlaveComputer tryReconnect
INFO: Attempting to reconnect monsoon_installer_build
Jan 16, 2018 7:57:08 AM hudson.slaves.SlaveComputer tryReconnect
INFO: Attempting to reconnect ase_test
Jan 16, 2018 8:01:08 AM hudson.slaves.SlaveComputer tryReconnect
INFO: Attempting to reconnect ase_test_txue
Jan 16, 2018 8:01:08 AM hudson.slaves.SlaveComputer tryReconnect
INFO: Attempting to reconnect installer_test_linux2
Jan 16, 2018 8:03:08 AM hudson.slaves.SlaveComputer tryReconnect
INFO: Attempting to reconnect installer_test_linux
Jan 16, 2018 8:07:08 AM hudson.slaves.SlaveComputer tryReconnect
INFO: Attempting to reconnect monsoon_installer_build
Jan 16, 2018 8:17:08 AM hudson.slaves.SlaveComputer tryReconnect
INFO: Attempting to reconnect ase_test
Jan 16, 2018 8:21:08 AM hudson.slaves.SlaveComputer tryReconnect
INFO: Attempting to reconnect ase_test_txue
Jan 16, 2018 8:21:08 AM hudson.slaves.SlaveComputer tryReconnect
INFO: Attempting to reconnect installer_test_linux2
Jan 16, 2018 8:23:08 AM hudson.slaves.SlaveComputer tryReconnect
INFO: Attempting to reconnect installer_test_linux
Jan 16, 2018 8:26:08 AM hudson.slaves.SlaveComputer tryReconnect
INFO: Attempting to reconnect monsoon_installer_build
Jan 16, 2018 8:37:14 AM hudson.node_monitors.ResponseTimeMonitor$1 monitor
WARNING: Making installer_test_linux offline because it?s not responding
Jan 16, 2018 8:37:14 AM hudson.node_monitors.ResponseTimeMonitor$1 monitor
WARNING: Making monsoon_installer_build offline because it?s not responding
Jan 16, 2018 8:37:14 AM hudson.node_monitors.ResponseTimeMonitor$1 monitor
WARNING: Making NT_MONSOON offline because it?s not responding
Jan 16, 2018 8:37:14 AM hudson.node_monitors.ResponseTimeMonitor$1 monitor
WARNING: Making installer_test_linux1 offline because it?s not responding
Jan 16, 2018 8:37:14 AM hudson.node_monitors.ResponseTimeMonitor$1 monitor
WARNING: Making installer_test_linux2 offline because it?s not responding
Jan 16, 2018 8:37:14 AM hudson.node_monitors.ResponseTimeMonitor$1 monitor
WARNING: Making ase_test offline because it?s not responding
Jan 16, 2018 8:37:14 AM hudson.node_monitors.ResponseTimeMonitor$1 monitor
WARNING: Making ase_test_txue offline because it?s not responding
Jan 16, 2018 8:38:08 AM hudson.slaves.SlaveComputer tryReconnect
INFO: Attempting to reconnect ase_test
Jan 16, 2018 8:41:08 AM hudson.slaves.SlaveComputer tryReconnect
INFO: Attempting to reconnect ase_test_txue
Jan 16, 2018 8:41:08 AM hudson.slaves.SlaveComputer tryReconnect
INFO: Attempting to reconnect installer_test_linux2
Jan 16, 2018 8:43:08 AM hudson.slaves.SlaveComputer tryReconnect
INFO: Attempting to reconnect installer_test_linux
Jan 16, 2018 8:46:08 AM hudson.slaves.SlaveComputer tryReconnect
INFO: Attempting to reconnect monsoon_installer_build
Jan 16, 2018 8:58:08 AM hudson.slaves.SlaveComputer tryReconnect
INFO: Attempting to reconnect ase_test
Jan 16, 2018 9:02:08 AM hudson.slaves.SlaveComputer tryReconnect
INFO: Attempting to reconnect ase_test_txue
Jan 16, 2018 9:02:08 AM hudson.slaves.SlaveComputer tryReconnect
INFO: Attempting to reconnect installer_test_linux2
Jan 16, 2018 9:04:08 AM hudson.slaves.SlaveComputer tryReconnect
INFO: Attempting to reconnect installer_test_linux
Jan 16, 2018 9:08:08 AM hudson.slaves.SlaveComputer tryReconnect
INFO: Attempting to reconnect monsoon_installer_build
Jan 16, 2018 9:12:02 AM hudson.model.Run execute
INFO: SRS_RMA_BUILD_TRIGGER_BY_RMADEV_160SP03 #394 main build action completed: FAILURE
Jan 16, 2018 9:20:08 AM hudson.slaves.SlaveComputer tryReconnect
INFO: Attempting to reconnect ase_test
Jan 16, 2018 9:23:08 AM hudson.slaves.SlaveComputer tryReconnect
INFO: Attempting to reconnect ase_test_txue
Jan 16, 2018 9:23:08 AM hudson.slaves.SlaveComputer tryReconnect
INFO: Attempting to reconnect installer_test_linux2
Jan 16, 2018 9:25:08 AM hudson.slaves.SlaveComputer tryReconnect
INFO: Attempting to reconnect installer_test_linux
Jan 16, 2018 9:26:28 AM hudson.model.Run execute
INFO: SRS_RMA_BUILD_TRIGGER_BY_RMADEV_160SP03PL02 #189 main build action completed: SUCCESS
Jan 16, 2018 9:27:08 AM hudson.slaves.SlaveComputer tryReconnect
INFO: Attempting to reconnect monsoon_installer_build
Jan 16, 2018 9:37:14 AM hudson.node_monitors.ResponseTimeMonitor$1 monitor
WARNING: Making installer_test_linux offline because it?s not responding
Jan 16, 2018 9:37:14 AM hudson.node_monitors.ResponseTimeMonitor$1 monitor
WARNING: Making monsoon_installer_build offline because it?s not responding
Jan 16, 2018 9:37:14 AM hudson.node_monitors.ResponseTimeMonitor$1 monitor
WARNING: Making NT_MONSOON offline because it?s not responding
Jan 16, 2018 9:37:14 AM hudson.node_monitors.ResponseTimeMonitor$1 monitor
WARNING: Making installer_test_linux1 offline because it?s not responding
Jan 16, 2018 9:37:14 AM hudson.node_monitors.ResponseTimeMonitor$1 monitor
WARNING: Making installer_test_linux2 offline because it?s not responding
Jan 16, 2018 9:37:14 AM hudson.node_monitors.ResponseTimeMonitor$1 monitor
WARNING: Making ase_test offline because it?s not responding
Jan 16, 2018 9:37:14 AM hudson.node_monitors.ResponseTimeMonitor$1 monitor
WARNING: Making ase_test_txue offline because it?s not responding
Jan 16, 2018 9:40:08 AM hudson.slaves.SlaveComputer tryReconnect
INFO: Attempting to reconnect ase_test
Jan 16, 2018 9:44:08 AM hudson.slaves.SlaveComputer tryReconnect
INFO: Attempting to reconnect ase_test_txue
Jan 16, 2018 9:44:08 AM hudson.slaves.SlaveComputer tryReconnect
INFO: Attempting to reconnect installer_test_linux2
Jan 16, 2018 9:46:08 AM hudson.slaves.SlaveComputer tryReconnect
INFO: Attempting to reconnect installer_test_linux
Jan 16, 2018 9:50:08 AM hudson.slaves.SlaveComputer tryReconnect
INFO: Attempting to reconnect monsoon_installer_build
Jan 16, 2018 10:02:08 AM hudson.slaves.SlaveComputer tryReconnect
INFO: Attempting to reconnect ase_test
Jan 16, 2018 10:06:08 AM hudson.slaves.SlaveComputer tryReconnect
INFO: Attempting to reconnect ase_test_txue
Jan 16, 2018 10:06:08 AM hudson.slaves.SlaveComputer tryReconnect
INFO: Attempting to reconnect installer_test_linux2
Jan 16, 2018 10:08:08 AM hudson.slaves.SlaveComputer tryReconnect
INFO: Attempting to reconnect installer_test_linux
Jan 16, 2018 10:11:08 AM hudson.slaves.SlaveComputer tryReconnect
INFO: Attempting to reconnect monsoon_installer_build
Jan 16, 2018 10:22:08 AM hudson.slaves.SlaveComputer tryReconnect
INFO: Attempting to reconnect ase_test
Jan 16, 2018 10:26:08 AM hudson.slaves.SlaveComputer tryReconnect
INFO: Attempting to reconnect ase_test_txue
Jan 16, 2018 10:26:08 AM hudson.slaves.SlaveComputer tryReconnect
INFO: Attempting to reconnect installer_test_linux2
Jan 16, 2018 10:28:08 AM hudson.slaves.SlaveComputer tryReconnect
INFO: Attempting to reconnect installer_test_linux
Jan 16, 2018 10:31:08 AM hudson.slaves.SlaveComputer tryReconnect
INFO: Attempting to reconnect monsoon_installer_build
Jan 16, 2018 10:37:14 AM hudson.node_monitors.ResponseTimeMonitor$1 monitor
WARNING: Making installer_test_linux offline because it?s not responding
Jan 16, 2018 10:37:14 AM hudson.node_monitors.ResponseTimeMonitor$1 monitor
WARNING: Making monsoon_installer_build offline because it?s not responding
Jan 16, 2018 10:37:14 AM hudson.node_monitors.ResponseTimeMonitor$1 monitor
WARNING: Making NT_MONSOON offline because it?s not responding
Jan 16, 2018 10:37:14 AM hudson.node_monitors.ResponseTimeMonitor$1 monitor
WARNING: Making installer_test_linux1 offline because it?s not responding
Jan 16, 2018 10:37:14 AM hudson.node_monitors.ResponseTimeMonitor$1 monitor
WARNING: Making installer_test_linux2 offline because it?s not responding
Jan 16, 2018 10:37:14 AM hudson.node_monitors.ResponseTimeMonitor$1 monitor
WARNING: Making ase_test offline because it?s not responding
Jan 16, 2018 10:37:14 AM hudson.node_monitors.ResponseTimeMonitor$1 monitor
WARNING: Making ase_test_txue offline because it?s not responding
Jan 16, 2018 10:43:08 AM hudson.slaves.SlaveComputer tryReconnect
INFO: Attempting to reconnect ase_test
Jan 16, 2018 10:46:08 AM hudson.slaves.SlaveComputer tryReconnect
INFO: Attempting to reconnect ase_test_txue
Jan 16, 2018 10:46:08 AM hudson.slaves.SlaveComputer tryReconnect
INFO: Attempting to reconnect installer_test_linux2
Jan 16, 2018 10:48:08 AM hudson.slaves.SlaveComputer tryReconnect
INFO: Attempting to reconnect installer_test_linux
Jan 16, 2018 10:51:08 AM hudson.slaves.SlaveComputer tryReconnect
INFO: Attempting to reconnect monsoon_installer_build
Jan 16, 2018 11:03:08 AM hudson.slaves.SlaveComputer tryReconnect
INFO: Attempting to reconnect ase_test
Jan 16, 2018 11:07:08 AM hudson.slaves.SlaveComputer tryReconnect
INFO: Attempting to reconnect ase_test_txue
Jan 16, 2018 11:07:08 AM hudson.slaves.SlaveComputer tryReconnect
INFO: Attempting to reconnect installer_test_linux2
Jan 16, 2018 11:09:08 AM hudson.slaves.SlaveComputer tryReconnect
INFO: Attempting to reconnect installer_test_linux
Jan 16, 2018 11:12:08 AM hudson.slaves.SlaveComputer tryReconnect
INFO: Attempting to reconnect monsoon_installer_build
Jan 16, 2018 11:25:08 AM hudson.slaves.SlaveComputer tryReconnect
INFO: Attempting to reconnect ase_test
Jan 16, 2018 11:28:08 AM hudson.slaves.SlaveComputer tryReconnect
INFO: Attempting to reconnect ase_test_txue
Jan 16, 2018 11:28:08 AM hudson.slaves.SlaveComputer tryReconnect
INFO: Attempting to reconnect installer_test_linux2
Jan 16, 2018 11:30:08 AM hudson.slaves.SlaveComputer tryReconnect
INFO: Attempting to reconnect installer_test_linux
Jan 16, 2018 11:32:52 AM hudson.model.Run execute
INFO: 160SP03PL04_SRS_DAILY_BUILD_INTEGRATION #79 main build action completed: SUCCESS
Jan 16, 2018 11:33:08 AM hudson.slaves.SlaveComputer tryReconnect
INFO: Attempting to reconnect monsoon_installer_build
Jan 16, 2018 11:37:14 AM hudson.node_monitors.ResponseTimeMonitor$1 monitor
WARNING: Making installer_test_linux offline because it?s not responding
Jan 16, 2018 11:37:14 AM hudson.node_monitors.ResponseTimeMonitor$1 monitor
WARNING: Making monsoon_installer_build offline because it?s not responding
Jan 16, 2018 11:37:14 AM hudson.node_monitors.ResponseTimeMonitor$1 monitor
WARNING: Making NT_MONSOON offline because it?s not responding
Jan 16, 2018 11:37:14 AM hudson.node_monitors.ResponseTimeMonitor$1 monitor
WARNING: Making installer_test_linux1 offline because it?s not responding
Jan 16, 2018 11:37:14 AM hudson.node_monitors.ResponseTimeMonitor$1 monitor
WARNING: Making installer_test_linux2 offline because it?s not responding
Jan 16, 2018 11:37:14 AM hudson.node_monitors.ResponseTimeMonitor$1 monitor
WARNING: Making ase_test offline because it?s not responding
Jan 16, 2018 11:37:14 AM hudson.node_monitors.ResponseTimeMonitor$1 monitor
WARNING: Making ase_test_txue offline because it?s not responding
Jan 16, 2018 11:43:57 AM hudson.model.Run execute
INFO: SRS_DROP_TEST_FOR_ASE_SP03PL04 #72 main build action completed: SUCCESS
Jan 16, 2018 11:43:58 AM hudson.model.Run execute
INFO: 160SP03PL04_SRS_DAILY_BUILD_AND_DROP_TO_ASE #76 main build action completed: SUCCESS
Jan 16, 2018 11:44:08 AM hudson.slaves.SlaveComputer tryReconnect
INFO: Attempting to reconnect ase_test
Jan 16, 2018 11:47:08 AM hudson.slaves.SlaveComputer tryReconnect
INFO: Attempting to reconnect ase_test_txue
Jan 16, 2018 11:47:08 AM hudson.slaves.SlaveComputer tryReconnect
INFO: Attempting to reconnect installer_test_linux2
Jan 16, 2018 11:49:08 AM hudson.slaves.SlaveComputer tryReconnect
INFO: Attempting to reconnect installer_test_linux
Jan 16, 2018 11:53:08 AM hudson.slaves.SlaveComputer tryReconnect
INFO: Attempting to reconnect monsoon_installer_build
Jan 16, 2018 12:04:08 PM hudson.slaves.SlaveComputer tryReconnect
INFO: Attempting to reconnect ase_test
Jan 16, 2018 12:08:08 PM hudson.slaves.SlaveComputer tryReconnect
INFO: Attempting to reconnect ase_test_txue
Jan 16, 2018 12:08:08 PM hudson.slaves.SlaveComputer tryReconnect
INFO: Attempting to reconnect installer_test_linux2
Jan 16, 2018 12:10:08 PM hudson.slaves.SlaveComputer tryReconnect
INFO: Attempting to reconnect installer_test_linux
Jan 16, 2018 12:11:42 PM hudson.model.Run execute
INFO: SP307_SRS_DAILY_BUILD_INTEGRATION #294 main build action completed: SUCCESS
Jan 16, 2018 12:13:08 PM hudson.slaves.SlaveComputer tryReconnect
INFO: Attempting to reconnect monsoon_installer_build
Jan 16, 2018 12:19:35 PM hudson.model.Run execute
INFO: SRS_DROP_TEST_FOR_ASE_SP307 #293 main build action completed: SUCCESS
Jan 16, 2018 12:19:36 PM hudson.model.Run execute
INFO: SP307_SRS_DAILY_BUILD_AND_DROP_TO_ASE #244 main build action completed: SUCCESS
Jan 16, 2018 12:27:08 PM hudson.slaves.SlaveComputer tryReconnect
INFO: Attempting to reconnect ase_test
Jan 16, 2018 12:31:08 PM hudson.slaves.SlaveComputer tryReconnect
INFO: Attempting to reconnect ase_test_txue
Jan 16, 2018 12:31:08 PM hudson.slaves.SlaveComputer tryReconnect
INFO: Attempting to reconnect installer_test_linux2
Jan 16, 2018 12:33:08 PM hudson.slaves.SlaveComputer tryReconnect
INFO: Attempting to reconnect installer_test_linux
Jan 16, 2018 12:37:08 PM hudson.slaves.SlaveComputer tryReconnect
INFO: Attempting to reconnect monsoon_installer_build
Jan 16, 2018 12:37:14 PM hudson.node_monitors.ResponseTimeMonitor$1 monitor
WARNING: Making installer_test_linux offline because it?s not responding
Jan 16, 2018 12:37:14 PM hudson.node_monitors.ResponseTimeMonitor$1 monitor
WARNING: Making monsoon_installer_build offline because it?s not responding
Jan 16, 2018 12:37:14 PM hudson.node_monitors.ResponseTimeMonitor$1 monitor
WARNING: Making NT_MONSOON offline because it?s not responding
Jan 16, 2018 12:37:14 PM hudson.node_monitors.ResponseTimeMonitor$1 monitor
WARNING: Making installer_test_linux1 offline because it?s not responding
Jan 16, 2018 12:37:14 PM hudson.node_monitors.ResponseTimeMonitor$1 monitor
WARNING: Making installer_test_linux2 offline because it?s not responding
Jan 16, 2018 12:37:14 PM hudson.node_monitors.ResponseTimeMonitor$1 monitor
WARNING: Making ase_test offline because it?s not responding
Jan 16, 2018 12:37:14 PM hudson.node_monitors.ResponseTimeMonitor$1 monitor
WARNING: Making ase_test_txue offline because it?s not responding
Jan 16, 2018 12:50:08 PM hudson.slaves.SlaveComputer tryReconnect
INFO: Attempting to reconnect ase_test
Jan 16, 2018 12:54:08 PM hudson.slaves.SlaveComputer tryReconnect
INFO: Attempting to reconnect ase_test_txue
Jan 16, 2018 12:54:08 PM hudson.slaves.SlaveComputer tryReconnect
INFO: Attempting to reconnect installer_test_linux2
Jan 16, 2018 12:56:08 PM hudson.slaves.SlaveComputer tryReconnect
INFO: Attempting to reconnect installer_test_linux
Jan 16, 2018 1:00:08 PM hudson.slaves.SlaveComputer tryReconnect
INFO: Attempting to reconnect monsoon_installer_build
Jan 16, 2018 1:10:08 PM hudson.slaves.SlaveComputer tryReconnect
INFO: Attempting to reconnect ase_test
Jan 16, 2018 1:14:08 PM hudson.slaves.SlaveComputer tryReconnect
INFO: Attempting to reconnect ase_test_txue
Jan 16, 2018 1:14:08 PM hudson.slaves.SlaveComputer tryReconnect
INFO: Attempting to reconnect installer_test_linux2
Jan 16, 2018 1:16:08 PM hudson.slaves.SlaveComputer tryReconnect
INFO: Attempting to reconnect installer_test_linux
Jan 16, 2018 1:20:08 PM hudson.slaves.SlaveComputer tryReconnect
INFO: Attempting to reconnect monsoon_installer_build
Jan 16, 2018 1:33:08 PM hudson.slaves.SlaveComputer tryReconnect
INFO: Attempting to reconnect ase_test
Jan 16, 2018 1:37:08 PM hudson.slaves.SlaveComputer tryReconnect
INFO: Attempting to reconnect ase_test_txue
Jan 16, 2018 1:37:08 PM hudson.slaves.SlaveComputer tryReconnect
INFO: Attempting to reconnect installer_test_linux2
Jan 16, 2018 1:37:14 PM hudson.node_monitors.ResponseTimeMonitor$1 monitor
WARNING: Making installer_test_linux offline because it?s not responding
Jan 16, 2018 1:37:14 PM hudson.node_monitors.ResponseTimeMonitor$1 monitor
WARNING: Making monsoon_installer_build offline because it?s not responding
Jan 16, 2018 1:37:14 PM hudson.node_monitors.ResponseTimeMonitor$1 monitor
WARNING: Making NT_MONSOON offline because it?s not responding
Jan 16, 2018 1:37:14 PM hudson.node_monitors.ResponseTimeMonitor$1 monitor
WARNING: Making installer_test_linux1 offline because it?s not responding
Jan 16, 2018 1:37:14 PM hudson.node_monitors.ResponseTimeMonitor$1 monitor
WARNING: Making installer_test_linux2 offline because it?s not responding
Jan 16, 2018 1:37:14 PM hudson.node_monitors.ResponseTimeMonitor$1 monitor
WARNING: Making ase_test offline because it?s not responding
Jan 16, 2018 1:37:14 PM hudson.node_monitors.ResponseTimeMonitor$1 monitor
WARNING: Making ase_test_txue offline because it?s not responding
Jan 16, 2018 1:39:08 PM hudson.slaves.SlaveComputer tryReconnect
INFO: Attempting to reconnect installer_test_linux
Jan 16, 2018 1:42:08 PM hudson.slaves.SlaveComputer tryReconnect
INFO: Attempting to reconnect monsoon_installer_build
Jan 16, 2018 1:51:44 PM hudson.model.AsyncPeriodicWork$1 run
INFO: Started Fingerprint cleanup
Jan 16, 2018 1:51:44 PM hudson.model.AsyncPeriodicWork$1 run
INFO: Finished Fingerprint cleanup. 1 ms
Jan 16, 2018 1:54:08 PM hudson.slaves.SlaveComputer tryReconnect
INFO: Attempting to reconnect ase_test
Jan 16, 2018 1:57:08 PM hudson.slaves.SlaveComputer tryReconnect
INFO: Attempting to reconnect ase_test_txue
Jan 16, 2018 1:57:08 PM hudson.slaves.SlaveComputer tryReconnect
INFO: Attempting to reconnect installer_test_linux2
Jan 16, 2018 1:58:08 PM hudson.slaves.SlaveComputer tryReconnect
INFO: Attempting to reconnect installer_test_linux
Jan 16, 2018 1:58:27 PM hudson.model.Run execute
INFO: SRS_RMA_BUILD_TRIGGER_BY_RMADEV_160SP03PL04 #75 main build action completed: SUCCESS
Jan 16, 2018 2:02:08 PM hudson.slaves.SlaveComputer tryReconnect
INFO: Attempting to reconnect monsoon_installer_build
Jan 16, 2018 2:15:08 PM hudson.slaves.SlaveComputer tryReconnect
INFO: Attempting to reconnect ase_test
Jan 16, 2018 2:19:08 PM hudson.slaves.SlaveComputer tryReconnect
INFO: Attempting to reconnect ase_test_txue
Jan 16, 2018 2:19:08 PM hudson.slaves.SlaveComputer tryReconnect
INFO: Attempting to reconnect installer_test_linux2
Jan 16, 2018 2:20:08 PM hudson.slaves.SlaveComputer tryReconnect
INFO: Attempting to reconnect installer_test_linux
Jan 16, 2018 2:23:08 PM hudson.slaves.SlaveComputer tryReconnect
INFO: Attempting to reconnect monsoon_installer_build
Jan 16, 2018 2:35:08 PM hudson.slaves.SlaveComputer tryReconnect
INFO: Attempting to reconnect ase_test
Jan 16, 2018 2:37:14 PM hudson.node_monitors.ResponseTimeMonitor$1 monitor
WARNING: Making installer_test_linux offline because it?s not responding
Jan 16, 2018 2:37:14 PM hudson.node_monitors.ResponseTimeMonitor$1 monitor
WARNING: Making monsoon_installer_build offline because it?s not responding
Jan 16, 2018 2:37:14 PM hudson.node_monitors.ResponseTimeMonitor$1 monitor
WARNING: Making NT_MONSOON offline because it?s not responding
Jan 16, 2018 2:37:14 PM hudson.node_monitors.ResponseTimeMonitor$1 monitor
WARNING: Making installer_test_linux1 offline because it?s not responding
Jan 16, 2018 2:37:14 PM hudson.node_monitors.ResponseTimeMonitor$1 monitor
WARNING: Making installer_test_linux2 offline because it?s not responding
Jan 16, 2018 2:37:14 PM hudson.node_monitors.ResponseTimeMonitor$1 monitor
WARNING: Making ase_test offline because it?s not responding
Jan 16, 2018 2:37:14 PM hudson.node_monitors.ResponseTimeMonitor$1 monitor
WARNING: Making ase_test_txue offline because it?s not responding
Jan 16, 2018 2:38:08 PM hudson.slaves.SlaveComputer tryReconnect
INFO: Attempting to reconnect ase_test_txue
Jan 16, 2018 2:38:08 PM hudson.slaves.SlaveComputer tryReconnect
INFO: Attempting to reconnect installer_test_linux2
Jan 16, 2018 2:40:08 PM hudson.slaves.SlaveComputer tryReconnect
INFO: Attempting to reconnect installer_test_linux
Jan 16, 2018 2:44:08 PM hudson.slaves.SlaveComputer tryReconnect
INFO: Attempting to reconnect monsoon_installer_build
Jan 16, 2018 2:56:08 PM hudson.slaves.SlaveComputer tryReconnect
INFO: Attempting to reconnect ase_test
Jan 16, 2018 3:00:08 PM hudson.slaves.SlaveComputer tryReconnect
INFO: Attempting to reconnect ase_test_txue
Jan 16, 2018 3:00:08 PM hudson.slaves.SlaveComputer tryReconnect
INFO: Attempting to reconnect installer_test_linux2
Jan 16, 2018 3:01:08 PM hudson.slaves.SlaveComputer tryReconnect
INFO: Attempting to reconnect installer_test_linux
Jan 16, 2018 3:05:08 PM hudson.slaves.SlaveComputer tryReconnect
INFO: Attempting to reconnect monsoon_installer_build
Jan 16, 2018 3:17:08 PM hudson.slaves.SlaveComputer tryReconnect
INFO: Attempting to reconnect ase_test
Jan 16, 2018 3:20:08 PM hudson.slaves.SlaveComputer tryReconnect
INFO: Attempting to reconnect ase_test_txue
Jan 16, 2018 3:20:08 PM hudson.slaves.SlaveComputer tryReconnect
INFO: Attempting to reconnect installer_test_linux2
Jan 16, 2018 3:21:08 PM hudson.slaves.SlaveComputer tryReconnect
INFO: Attempting to reconnect installer_test_linux
Jan 16, 2018 3:25:08 PM hudson.slaves.SlaveComputer tryReconnect
INFO: Attempting to reconnect monsoon_installer_build
Jan 16, 2018 3:37:08 PM hudson.slaves.SlaveComputer tryReconnect
INFO: Attempting to reconnect ase_test
Jan 16, 2018 3:37:14 PM hudson.node_monitors.ResponseTimeMonitor$1 monitor
WARNING: Making installer_test_linux offline because it?s not responding
Jan 16, 2018 3:37:14 PM hudson.node_monitors.ResponseTimeMonitor$1 monitor
WARNING: Making monsoon_installer_build offline because it?s not responding
Jan 16, 2018 3:37:14 PM hudson.node_monitors.ResponseTimeMonitor$1 monitor
WARNING: Making NT_MONSOON offline because it?s not responding
Jan 16, 2018 3:37:14 PM hudson.node_monitors.ResponseTimeMonitor$1 monitor
WARNING: Making installer_test_linux1 offline because it?s not responding
Jan 16, 2018 3:37:14 PM hudson.node_monitors.ResponseTimeMonitor$1 monitor
WARNING: Making installer_test_linux2 offline because it?s not responding
Jan 16, 2018 3:37:14 PM hudson.node_monitors.ResponseTimeMonitor$1 monitor
WARNING: Making ase_test offline because it?s not responding
Jan 16, 2018 3:37:14 PM hudson.node_monitors.ResponseTimeMonitor$1 monitor
WARNING: Making ase_test_txue offline because it?s not responding
Jan 16, 2018 3:40:08 PM hudson.slaves.SlaveComputer tryReconnect
INFO: Attempting to reconnect ase_test_txue
Jan 16, 2018 3:40:08 PM hudson.slaves.SlaveComputer tryReconnect
INFO: Attempting to reconnect installer_test_linux2
Jan 16, 2018 3:42:08 PM hudson.slaves.SlaveComputer tryReconnect
INFO: Attempting to reconnect installer_test_linux
Jan 16, 2018 3:46:08 PM hudson.slaves.SlaveComputer tryReconnect
INFO: Attempting to reconnect monsoon_installer_build
Jan 16, 2018 3:58:08 PM hudson.slaves.SlaveComputer tryReconnect
INFO: Attempting to reconnect ase_test
Jan 16, 2018 4:01:08 PM hudson.slaves.SlaveComputer tryReconnect
INFO: Attempting to reconnect ase_test_txue
Jan 16, 2018 4:01:08 PM hudson.slaves.SlaveComputer tryReconnect
INFO: Attempting to reconnect installer_test_linux2
Jan 16, 2018 4:03:08 PM hudson.slaves.SlaveComputer tryReconnect
INFO: Attempting to reconnect installer_test_linux
Jan 16, 2018 4:06:08 PM hudson.slaves.SlaveComputer tryReconnect
INFO: Attempting to reconnect monsoon_installer_build
Jan 16, 2018 4:18:08 PM hudson.slaves.SlaveComputer tryReconnect
INFO: Attempting to reconnect ase_test
Jan 16, 2018 4:21:08 PM hudson.slaves.SlaveComputer tryReconnect
INFO: Attempting to reconnect ase_test_txue
Jan 16, 2018 4:21:08 PM hudson.slaves.SlaveComputer tryReconnect
INFO: Attempting to reconnect installer_test_linux2
Jan 16, 2018 4:23:08 PM hudson.slaves.SlaveComputer tryReconnect
INFO: Attempting to reconnect installer_test_linux
Jan 16, 2018 4:26:08 PM hudson.slaves.SlaveComputer tryReconnect
INFO: Attempting to reconnect monsoon_installer_build
Jan 16, 2018 4:37:14 PM hudson.node_monitors.ResponseTimeMonitor$1 monitor
WARNING: Making installer_test_linux offline because it?s not responding
Jan 16, 2018 4:37:14 PM hudson.node_monitors.ResponseTimeMonitor$1 monitor
WARNING: Making monsoon_installer_build offline because it?s not responding
Jan 16, 2018 4:37:14 PM hudson.node_monitors.ResponseTimeMonitor$1 monitor
WARNING: Making NT_MONSOON offline because it?s not responding
Jan 16, 2018 4:37:14 PM hudson.node_monitors.ResponseTimeMonitor$1 monitor
WARNING: Making installer_test_linux1 offline because it?s not responding
Jan 16, 2018 4:37:14 PM hudson.node_monitors.ResponseTimeMonitor$1 monitor
WARNING: Making installer_test_linux2 offline because it?s not responding
Jan 16, 2018 4:37:14 PM hudson.node_monitors.ResponseTimeMonitor$1 monitor
WARNING: Making ase_test offline because it?s not responding
Jan 16, 2018 4:37:14 PM hudson.node_monitors.ResponseTimeMonitor$1 monitor
WARNING: Making ase_test_txue offline because it?s not responding
Jan 16, 2018 4:38:08 PM hudson.slaves.SlaveComputer tryReconnect
INFO: Attempting to reconnect ase_test
Jan 16, 2018 4:41:08 PM hudson.slaves.SlaveComputer tryReconnect
INFO: Attempting to reconnect ase_test_txue
Jan 16, 2018 4:41:08 PM hudson.slaves.SlaveComputer tryReconnect
INFO: Attempting to reconnect installer_test_linux2
Jan 16, 2018 4:43:08 PM hudson.slaves.SlaveComputer tryReconnect
INFO: Attempting to reconnect installer_test_linux
Jan 16, 2018 4:45:08 PM hudson.slaves.SlaveComputer tryReconnect
INFO: Attempting to reconnect monsoon_installer_build
Jan 16, 2018 4:58:08 PM hudson.slaves.SlaveComputer tryReconnect
INFO: Attempting to reconnect ase_test
Jan 16, 2018 5:02:08 PM hudson.slaves.SlaveComputer tryReconnect
INFO: Attempting to reconnect ase_test_txue
Jan 16, 2018 5:02:08 PM hudson.slaves.SlaveComputer tryReconnect
INFO: Attempting to reconnect installer_test_linux2
Jan 16, 2018 5:04:08 PM hudson.slaves.SlaveComputer tryReconnect
INFO: Attempting to reconnect installer_test_linux
Jan 16, 2018 5:07:08 PM hudson.slaves.SlaveComputer tryReconnect
INFO: Attempting to reconnect monsoon_installer_build
Jan 16, 2018 5:20:08 PM hudson.slaves.SlaveComputer tryReconnect
INFO: Attempting to reconnect ase_test
Jan 16, 2018 5:23:08 PM hudson.slaves.SlaveComputer tryReconnect
INFO: Attempting to reconnect ase_test_txue
Jan 16, 2018 5:23:08 PM hudson.slaves.SlaveComputer tryReconnect
INFO: Attempting to reconnect installer_test_linux2
Jan 16, 2018 5:25:08 PM hudson.slaves.SlaveComputer tryReconnect
INFO: Attempting to reconnect installer_test_linux
Jan 16, 2018 5:29:08 PM hudson.slaves.SlaveComputer tryReconnect
INFO: Attempting to reconnect monsoon_installer_build
Jan 16, 2018 5:37:14 PM hudson.node_monitors.ResponseTimeMonitor$1 monitor
WARNING: Making installer_test_linux offline because it?s not responding
Jan 16, 2018 5:37:14 PM hudson.node_monitors.ResponseTimeMonitor$1 monitor
WARNING: Making monsoon_installer_build offline because it?s not responding
Jan 16, 2018 5:37:14 PM hudson.node_monitors.ResponseTimeMonitor$1 monitor
WARNING: Making NT_MONSOON offline because it?s not responding
Jan 16, 2018 5:37:14 PM hudson.node_monitors.ResponseTimeMonitor$1 monitor
WARNING: Making installer_test_linux1 offline because it?s not responding
Jan 16, 2018 5:37:14 PM hudson.node_monitors.ResponseTimeMonitor$1 monitor
WARNING: Making installer_test_linux2 offline because it?s not responding
Jan 16, 2018 5:37:14 PM hudson.node_monitors.ResponseTimeMonitor$1 monitor
WARNING: Making ase_test offline because it?s not responding
Jan 16, 2018 5:37:14 PM hudson.node_monitors.ResponseTimeMonitor$1 monitor
WARNING: Making ase_test_txue offline because it?s not responding
Jan 16, 2018 5:41:08 PM hudson.slaves.SlaveComputer tryReconnect
INFO: Attempting to reconnect ase_test
Jan 16, 2018 5:44:08 PM hudson.slaves.SlaveComputer tryReconnect
INFO: Attempting to reconnect ase_test_txue
Jan 16, 2018 5:44:08 PM hudson.slaves.SlaveComputer tryReconnect
INFO: Attempting to reconnect installer_test_linux2
Jan 16, 2018 5:45:08 PM hudson.slaves.SlaveComputer tryReconnect
INFO: Attempting to reconnect installer_test_linux
Jan 16, 2018 5:49:08 PM hudson.slaves.SlaveComputer tryReconnect
INFO: Attempting to reconnect monsoon_installer_build
Jan 16, 2018 5:59:08 PM hudson.slaves.SlaveComputer tryReconnect
INFO: Attempting to reconnect ase_test
Jan 16, 2018 6:03:08 PM hudson.slaves.SlaveComputer tryReconnect
INFO: Attempting to reconnect ase_test_txue
Jan 16, 2018 6:03:08 PM hudson.slaves.SlaveComputer tryReconnect
INFO: Attempting to reconnect installer_test_linux2
Jan 16, 2018 6:04:08 PM hudson.slaves.SlaveComputer tryReconnect
INFO: Attempting to reconnect installer_test_linux
Jan 16, 2018 6:07:08 PM hudson.slaves.SlaveComputer tryReconnect
INFO: Attempting to reconnect monsoon_installer_build
Jan 16, 2018 6:19:08 PM hudson.slaves.SlaveComputer tryReconnect
INFO: Attempting to reconnect ase_test
Jan 16, 2018 6:22:08 PM hudson.slaves.SlaveComputer tryReconnect
INFO: Attempting to reconnect ase_test_txue
Jan 16, 2018 6:22:08 PM hudson.slaves.SlaveComputer tryReconnect
INFO: Attempting to reconnect installer_test_linux2
Jan 16, 2018 6:24:08 PM hudson.slaves.SlaveComputer tryReconnect
INFO: Attempting to reconnect installer_test_linux
Jan 16, 2018 6:27:08 PM hudson.slaves.SlaveComputer tryReconnect
INFO: Attempting to reconnect monsoon_installer_build
Jan 16, 2018 6:37:14 PM hudson.node_monitors.ResponseTimeMonitor$1 monitor
WARNING: Making installer_test_linux offline because it?s not responding
Jan 16, 2018 6:37:14 PM hudson.node_monitors.ResponseTimeMonitor$1 monitor
WARNING: Making monsoon_installer_build offline because it?s not responding
Jan 16, 2018 6:37:14 PM hudson.node_monitors.ResponseTimeMonitor$1 monitor
WARNING: Making NT_MONSOON offline because it?s not responding
Jan 16, 2018 6:37:14 PM hudson.node_monitors.ResponseTimeMonitor$1 monitor
WARNING: Making installer_test_linux1 offline because it?s not responding
Jan 16, 2018 6:37:14 PM hudson.node_monitors.ResponseTimeMonitor$1 monitor
WARNING: Making installer_test_linux2 offline because it?s not responding
Jan 16, 2018 6:37:14 PM hudson.node_monitors.ResponseTimeMonitor$1 monitor
WARNING: Making ase_test offline because it?s not responding
Jan 16, 2018 6:37:14 PM hudson.node_monitors.ResponseTimeMonitor$1 monitor
WARNING: Making ase_test_txue offline because it?s not responding
Jan 16, 2018 6:39:08 PM hudson.slaves.SlaveComputer tryReconnect
INFO: Attempting to reconnect ase_test
Jan 16, 2018 6:42:08 PM hudson.slaves.SlaveComputer tryReconnect
INFO: Attempting to reconnect ase_test_txue
Jan 16, 2018 6:42:08 PM hudson.slaves.SlaveComputer tryReconnect
INFO: Attempting to reconnect installer_test_linux2
Jan 16, 2018 6:44:08 PM hudson.slaves.SlaveComputer tryReconnect
INFO: Attempting to reconnect installer_test_linux
Jan 16, 2018 6:47:08 PM hudson.slaves.SlaveComputer tryReconnect
INFO: Attempting to reconnect monsoon_installer_build
Jan 16, 2018 6:59:08 PM hudson.slaves.SlaveComputer tryReconnect
INFO: Attempting to reconnect ase_test
Jan 16, 2018 7:03:08 PM hudson.slaves.SlaveComputer tryReconnect
INFO: Attempting to reconnect ase_test_txue
Jan 16, 2018 7:03:08 PM hudson.slaves.SlaveComputer tryReconnect
INFO: Attempting to reconnect installer_test_linux2
Jan 16, 2018 7:05:08 PM hudson.slaves.SlaveComputer tryReconnect
INFO: Attempting to reconnect installer_test_linux
Jan 16, 2018 7:09:08 PM hudson.slaves.SlaveComputer tryReconnect
INFO: Attempting to reconnect monsoon_installer_build
Jan 16, 2018 7:21:08 PM hudson.slaves.SlaveComputer tryReconnect
INFO: Attempting to reconnect ase_test
Jan 16, 2018 7:25:08 PM hudson.slaves.SlaveComputer tryReconnect
INFO: Attempting to reconnect ase_test_txue
Jan 16, 2018 7:25:08 PM hudson.slaves.SlaveComputer tryReconnect
INFO: Attempting to reconnect installer_test_linux2
Jan 16, 2018 7:27:08 PM hudson.slaves.SlaveComputer tryReconnect
INFO: Attempting to reconnect installer_test_linux
Jan 16, 2018 7:31:08 PM hudson.slaves.SlaveComputer tryReconnect
INFO: Attempting to reconnect monsoon_installer_build
Jan 16, 2018 7:37:14 PM hudson.node_monitors.ResponseTimeMonitor$1 monitor
WARNING: Making installer_test_linux offline because it?s not responding
Jan 16, 2018 7:37:14 PM hudson.node_monitors.ResponseTimeMonitor$1 monitor
WARNING: Making monsoon_installer_build offline because it?s not responding
Jan 16, 2018 7:37:14 PM hudson.node_monitors.ResponseTimeMonitor$1 monitor
WARNING: Making NT_MONSOON offline because it?s not responding
Jan 16, 2018 7:37:14 PM hudson.node_monitors.ResponseTimeMonitor$1 monitor
WARNING: Making installer_test_linux1 offline because it?s not responding
Jan 16, 2018 7:37:14 PM hudson.node_monitors.ResponseTimeMonitor$1 monitor
WARNING: Making installer_test_linux2 offline because it?s not responding
Jan 16, 2018 7:37:14 PM hudson.node_monitors.ResponseTimeMonitor$1 monitor
WARNING: Making ase_test offline because it?s not responding
Jan 16, 2018 7:37:14 PM hudson.node_monitors.ResponseTimeMonitor$1 monitor
WARNING: Making ase_test_txue offline because it?s not responding
Jan 16, 2018 7:43:08 PM hudson.slaves.SlaveComputer tryReconnect
INFO: Attempting to reconnect ase_test
Jan 16, 2018 7:47:08 PM hudson.slaves.SlaveComputer tryReconnect
INFO: Attempting to reconnect ase_test_txue
Jan 16, 2018 7:47:08 PM hudson.slaves.SlaveComputer tryReconnect
INFO: Attempting to reconnect installer_test_linux2
Jan 16, 2018 7:49:08 PM hudson.slaves.SlaveComputer tryReconnect
INFO: Attempting to reconnect installer_test_linux
Jan 16, 2018 7:52:08 PM hudson.slaves.SlaveComputer tryReconnect
INFO: Attempting to reconnect monsoon_installer_build
Jan 16, 2018 8:04:08 PM hudson.slaves.SlaveComputer tryReconnect
INFO: Attempting to reconnect ase_test
Jan 16, 2018 8:08:08 PM hudson.slaves.SlaveComputer tryReconnect
INFO: Attempting to reconnect ase_test_txue
Jan 16, 2018 8:08:08 PM hudson.slaves.SlaveComputer tryReconnect
INFO: Attempting to reconnect installer_test_linux2
Jan 16, 2018 8:10:08 PM hudson.slaves.SlaveComputer tryReconnect
INFO: Attempting to reconnect installer_test_linux
Jan 16, 2018 8:14:08 PM hudson.slaves.SlaveComputer tryReconnect
INFO: Attempting to reconnect monsoon_installer_build
Jan 16, 2018 8:27:08 PM hudson.slaves.SlaveComputer tryReconnect
INFO: Attempting to reconnect ase_test
Jan 16, 2018 8:30:08 PM hudson.slaves.SlaveComputer tryReconnect
INFO: Attempting to reconnect ase_test_txue
Jan 16, 2018 8:30:08 PM hudson.slaves.SlaveComputer tryReconnect
INFO: Attempting to reconnect installer_test_linux2
Jan 16, 2018 8:31:08 PM hudson.slaves.SlaveComputer tryReconnect
INFO: Attempting to reconnect installer_test_linux
Jan 16, 2018 8:34:08 PM hudson.slaves.SlaveComputer tryReconnect
INFO: Attempting to reconnect monsoon_installer_build
Jan 16, 2018 8:37:14 PM hudson.node_monitors.ResponseTimeMonitor$1 monitor
WARNING: Making installer_test_linux offline because it?s not responding
Jan 16, 2018 8:37:14 PM hudson.node_monitors.ResponseTimeMonitor$1 monitor
WARNING: Making monsoon_installer_build offline because it?s not responding
Jan 16, 2018 8:37:14 PM hudson.node_monitors.ResponseTimeMonitor$1 monitor
WARNING: Making NT_MONSOON offline because it?s not responding
Jan 16, 2018 8:37:14 PM hudson.node_monitors.ResponseTimeMonitor$1 monitor
WARNING: Making installer_test_linux1 offline because it?s not responding
Jan 16, 2018 8:37:14 PM hudson.node_monitors.ResponseTimeMonitor$1 monitor
WARNING: Making installer_test_linux2 offline because it?s not responding
Jan 16, 2018 8:37:14 PM hudson.node_monitors.ResponseTimeMonitor$1 monitor
WARNING: Making ase_test offline because it?s not responding
Jan 16, 2018 8:37:14 PM hudson.node_monitors.ResponseTimeMonitor$1 monitor
WARNING: Making ase_test_txue offline because it?s not responding
Jan 16, 2018 8:47:08 PM hudson.slaves.SlaveComputer tryReconnect
INFO: Attempting to reconnect ase_test
Jan 16, 2018 8:50:08 PM hudson.slaves.SlaveComputer tryReconnect
INFO: Attempting to reconnect ase_test_txue
Jan 16, 2018 8:50:08 PM hudson.slaves.SlaveComputer tryReconnect
INFO: Attempting to reconnect installer_test_linux2
Jan 16, 2018 8:52:08 PM hudson.slaves.SlaveComputer tryReconnect
INFO: Attempting to reconnect installer_test_linux
Jan 16, 2018 8:56:08 PM hudson.slaves.SlaveComputer tryReconnect
INFO: Attempting to reconnect monsoon_installer_build
Jan 16, 2018 9:07:08 PM hudson.slaves.SlaveComputer tryReconnect
INFO: Attempting to reconnect ase_test
Jan 16, 2018 9:11:08 PM hudson.slaves.SlaveComputer tryReconnect
INFO: Attempting to reconnect ase_test_txue
Jan 16, 2018 9:11:08 PM hudson.slaves.SlaveComputer tryReconnect
INFO: Attempting to reconnect installer_test_linux2
Jan 16, 2018 9:13:08 PM hudson.slaves.SlaveComputer tryReconnect
INFO: Attempting to reconnect installer_test_linux
Jan 16, 2018 9:16:08 PM hudson.slaves.SlaveComputer tryReconnect
INFO: Attempting to reconnect monsoon_installer_build
Jan 16, 2018 9:29:08 PM hudson.slaves.SlaveComputer tryReconnect
INFO: Attempting to reconnect ase_test
Jan 16, 2018 9:33:08 PM hudson.slaves.SlaveComputer tryReconnect
INFO: Attempting to reconnect ase_test_txue
Jan 16, 2018 9:33:08 PM hudson.slaves.SlaveComputer tryReconnect
INFO: Attempting to reconnect installer_test_linux2
Jan 16, 2018 9:34:08 PM hudson.slaves.SlaveComputer tryReconnect
INFO: Attempting to reconnect installer_test_linux
Jan 16, 2018 9:37:14 PM hudson.node_monitors.ResponseTimeMonitor$1 monitor
WARNING: Making installer_test_linux offline because it?s not responding
Jan 16, 2018 9:37:14 PM hudson.node_monitors.ResponseTimeMonitor$1 monitor
WARNING: Making monsoon_installer_build offline because it?s not responding
Jan 16, 2018 9:37:14 PM hudson.node_monitors.ResponseTimeMonitor$1 monitor
WARNING: Making NT_MONSOON offline because it?s not responding
Jan 16, 2018 9:37:14 PM hudson.node_monitors.ResponseTimeMonitor$1 monitor
WARNING: Making installer_test_linux1 offline because it?s not responding
Jan 16, 2018 9:37:14 PM hudson.node_monitors.ResponseTimeMonitor$1 monitor
WARNING: Making installer_test_linux2 offline because it?s not responding
Jan 16, 2018 9:37:14 PM hudson.node_monitors.ResponseTimeMonitor$1 monitor
WARNING: Making ase_test offline because it?s not responding
Jan 16, 2018 9:37:14 PM hudson.node_monitors.ResponseTimeMonitor$1 monitor
WARNING: Making ase_test_txue offline because it?s not responding
Jan 16, 2018 9:38:08 PM hudson.slaves.SlaveComputer tryReconnect
INFO: Attempting to reconnect monsoon_installer_build
Jan 16, 2018 9:51:08 PM hudson.slaves.SlaveComputer tryReconnect
INFO: Attempting to reconnect ase_test
Jan 16, 2018 9:53:08 PM hudson.slaves.SlaveComputer tryReconnect
INFO: Attempting to reconnect ase_test_txue
Jan 16, 2018 9:53:08 PM hudson.slaves.SlaveComputer tryReconnect
INFO: Attempting to reconnect installer_test_linux2
Jan 16, 2018 9:55:08 PM hudson.slaves.SlaveComputer tryReconnect
INFO: Attempting to reconnect installer_test_linux
Jan 16, 2018 9:59:08 PM hudson.slaves.SlaveComputer tryReconnect
INFO: Attempting to reconnect monsoon_installer_build
Jan 16, 2018 10:11:08 PM hudson.slaves.SlaveComputer tryReconnect
INFO: Attempting to reconnect ase_test
Jan 16, 2018 10:14:45 PM hudson.model.AsyncPeriodicWork$1 run
INFO: Started Workspace clean-up
Jan 16, 2018 10:14:45 PM hudson.model.AsyncPeriodicWork$1 run
INFO: Finished Workspace clean-up. 383 ms
Jan 16, 2018 10:15:08 PM hudson.slaves.SlaveComputer tryReconnect
INFO: Attempting to reconnect ase_test_txue
Jan 16, 2018 10:15:08 PM hudson.slaves.SlaveComputer tryReconnect
INFO: Attempting to reconnect installer_test_linux2
Jan 16, 2018 10:16:08 PM hudson.slaves.SlaveComputer tryReconnect
INFO: Attempting to reconnect installer_test_linux
Jan 16, 2018 10:20:08 PM hudson.slaves.SlaveComputer tryReconnect
INFO: Attempting to reconnect monsoon_installer_build
Jan 16, 2018 10:32:08 PM hudson.slaves.SlaveComputer tryReconnect
INFO: Attempting to reconnect ase_test
Jan 16, 2018 10:36:08 PM hudson.slaves.SlaveComputer tryReconnect
INFO: Attempting to reconnect ase_test_txue
Jan 16, 2018 10:36:08 PM hudson.slaves.SlaveComputer tryReconnect
INFO: Attempting to reconnect installer_test_linux2
Jan 16, 2018 10:37:14 PM hudson.node_monitors.ResponseTimeMonitor$1 monitor
WARNING: Making installer_test_linux offline because it?s not responding
Jan 16, 2018 10:37:14 PM hudson.node_monitors.ResponseTimeMonitor$1 monitor
WARNING: Making monsoon_installer_build offline because it?s not responding
Jan 16, 2018 10:37:14 PM hudson.node_monitors.ResponseTimeMonitor$1 monitor
WARNING: Making NT_MONSOON offline because it?s not responding
Jan 16, 2018 10:37:14 PM hudson.node_monitors.ResponseTimeMonitor$1 monitor
WARNING: Making installer_test_linux1 offline because it?s not responding
Jan 16, 2018 10:37:14 PM hudson.node_monitors.ResponseTimeMonitor$1 monitor
WARNING: Making installer_test_linux2 offline because it?s not responding
Jan 16, 2018 10:37:14 PM hudson.node_monitors.ResponseTimeMonitor$1 monitor
WARNING: Making ase_test offline because it?s not responding
Jan 16, 2018 10:37:14 PM hudson.node_monitors.ResponseTimeMonitor$1 monitor
WARNING: Making ase_test_txue offline because it?s not responding
Jan 16, 2018 10:38:08 PM hudson.slaves.SlaveComputer tryReconnect
INFO: Attempting to reconnect installer_test_linux
Jan 16, 2018 10:42:08 PM hudson.slaves.SlaveComputer tryReconnect
INFO: Attempting to reconnect monsoon_installer_build
Jan 16, 2018 10:53:08 PM hudson.slaves.SlaveComputer tryReconnect
INFO: Attempting to reconnect ase_test
Jan 16, 2018 10:57:08 PM hudson.slaves.SlaveComputer tryReconnect
INFO: Attempting to reconnect ase_test_txue
Jan 16, 2018 10:57:08 PM hudson.slaves.SlaveComputer tryReconnect
INFO: Attempting to reconnect installer_test_linux2
Jan 16, 2018 10:58:08 PM hudson.slaves.SlaveComputer tryReconnect
INFO: Attempting to reconnect installer_test_linux
Jan 16, 2018 11:01:08 PM hudson.slaves.SlaveComputer tryReconnect
INFO: Attempting to reconnect monsoon_installer_build
Jan 16, 2018 11:14:08 PM hudson.slaves.SlaveComputer tryReconnect
INFO: Attempting to reconnect ase_test
Jan 16, 2018 11:17:08 PM hudson.slaves.SlaveComputer tryReconnect
INFO: Attempting to reconnect ase_test_txue
Jan 16, 2018 11:17:08 PM hudson.slaves.SlaveComputer tryReconnect
INFO: Attempting to reconnect installer_test_linux2
Jan 16, 2018 11:19:08 PM hudson.slaves.SlaveComputer tryReconnect
INFO: Attempting to reconnect installer_test_linux
Jan 16, 2018 11:23:08 PM hudson.slaves.SlaveComputer tryReconnect
INFO: Attempting to reconnect monsoon_installer_build
Jan 16, 2018 11:35:08 PM hudson.slaves.SlaveComputer tryReconnect
INFO: Attempting to reconnect ase_test
Jan 16, 2018 11:37:14 PM hudson.node_monitors.ResponseTimeMonitor$1 monitor
WARNING: Making installer_test_linux offline because it?s not responding
Jan 16, 2018 11:37:14 PM hudson.node_monitors.ResponseTimeMonitor$1 monitor
WARNING: Making monsoon_installer_build offline because it?s not responding
Jan 16, 2018 11:37:14 PM hudson.node_monitors.ResponseTimeMonitor$1 monitor
WARNING: Making NT_MONSOON offline because it?s not responding
Jan 16, 2018 11:37:14 PM hudson.node_monitors.ResponseTimeMonitor$1 monitor
WARNING: Making installer_test_linux1 offline because it?s not responding
Jan 16, 2018 11:37:14 PM hudson.node_monitors.ResponseTimeMonitor$1 monitor
WARNING: Making installer_test_linux2 offline because it?s not responding
Jan 16, 2018 11:37:14 PM hudson.node_monitors.ResponseTimeMonitor$1 monitor
WARNING: Making ase_test offline because it?s not responding
Jan 16, 2018 11:37:14 PM hudson.node_monitors.ResponseTimeMonitor$1 monitor
WARNING: Making ase_test_txue offline because it?s not responding
Jan 16, 2018 11:38:08 PM hudson.slaves.SlaveComputer tryReconnect
INFO: Attempting to reconnect ase_test_txue
Jan 16, 2018 11:38:08 PM hudson.slaves.SlaveComputer tryReconnect
INFO: Attempting to reconnect installer_test_linux2
Jan 16, 2018 11:40:08 PM hudson.slaves.SlaveComputer tryReconnect
INFO: Attempting to reconnect installer_test_linux
Jan 16, 2018 11:44:08 PM hudson.slaves.SlaveComputer tryReconnect
INFO: Attempting to reconnect monsoon_installer_build
Jan 16, 2018 11:56:08 PM hudson.slaves.SlaveComputer tryReconnect
INFO: Attempting to reconnect ase_test
