Jan 12, 2018 12:08:08 AM hudson.slaves.SlaveComputer tryReconnect
INFO: Attempting to reconnect ase_test
Jan 12, 2018 12:08:08 AM hudson.slaves.SlaveComputer tryReconnect
INFO: Attempting to reconnect installer_test_linux1
Jan 12, 2018 12:11:08 AM hudson.slaves.SlaveComputer tryReconnect
INFO: Attempting to reconnect ase_test_txue
Jan 12, 2018 12:11:08 AM hudson.slaves.SlaveComputer tryReconnect
INFO: Attempting to reconnect installer_test_linux2
Jan 12, 2018 12:13:08 AM hudson.slaves.SlaveComputer tryReconnect
INFO: Attempting to reconnect installer_test_linux
Jan 12, 2018 12:26:08 AM hudson.slaves.SlaveComputer tryReconnect
INFO: Attempting to reconnect ase_test
Jan 12, 2018 12:26:08 AM hudson.slaves.SlaveComputer tryReconnect
INFO: Attempting to reconnect installer_test_linux1
Jan 12, 2018 12:30:08 AM hudson.slaves.SlaveComputer tryReconnect
INFO: Attempting to reconnect ase_test_txue
Jan 12, 2018 12:30:08 AM hudson.slaves.SlaveComputer tryReconnect
INFO: Attempting to reconnect installer_test_linux2
Jan 12, 2018 12:32:08 AM hudson.slaves.SlaveComputer tryReconnect
INFO: Attempting to reconnect installer_test_linux
Jan 12, 2018 12:37:14 AM hudson.node_monitors.ResponseTimeMonitor$1 monitor
WARNING: Making installer_test_linux offline because it?s not responding
Jan 12, 2018 12:37:14 AM hudson.node_monitors.ResponseTimeMonitor$1 monitor
WARNING: Making NT_MONSOON offline because it?s not responding
Jan 12, 2018 12:37:14 AM hudson.node_monitors.ResponseTimeMonitor$1 monitor
WARNING: Making installer_test_linux1 offline because it?s not responding
Jan 12, 2018 12:37:14 AM hudson.node_monitors.ResponseTimeMonitor$1 monitor
WARNING: Making installer_test_linux2 offline because it?s not responding
Jan 12, 2018 12:37:14 AM hudson.node_monitors.ResponseTimeMonitor$1 monitor
WARNING: Making ase_test offline because it?s not responding
Jan 12, 2018 12:37:14 AM hudson.node_monitors.ResponseTimeMonitor$1 monitor
WARNING: Making ase_test_txue offline because it?s not responding
Jan 12, 2018 12:46:08 AM hudson.slaves.SlaveComputer tryReconnect
INFO: Attempting to reconnect ase_test
Jan 12, 2018 12:46:08 AM hudson.slaves.SlaveComputer tryReconnect
INFO: Attempting to reconnect installer_test_linux1
Jan 12, 2018 12:49:08 AM hudson.slaves.SlaveComputer tryReconnect
INFO: Attempting to reconnect ase_test_txue
Jan 12, 2018 12:49:08 AM hudson.slaves.SlaveComputer tryReconnect
INFO: Attempting to reconnect installer_test_linux2
Jan 12, 2018 12:51:08 AM hudson.slaves.SlaveComputer tryReconnect
INFO: Attempting to reconnect installer_test_linux
Jan 12, 2018 1:07:08 AM hudson.slaves.SlaveComputer tryReconnect
INFO: Attempting to reconnect ase_test
Jan 12, 2018 1:07:08 AM hudson.slaves.SlaveComputer tryReconnect
INFO: Attempting to reconnect installer_test_linux1
Jan 12, 2018 1:10:08 AM hudson.slaves.SlaveComputer tryReconnect
INFO: Attempting to reconnect ase_test_txue
Jan 12, 2018 1:10:08 AM hudson.slaves.SlaveComputer tryReconnect
INFO: Attempting to reconnect installer_test_linux2
Jan 12, 2018 1:12:08 AM hudson.slaves.SlaveComputer tryReconnect
INFO: Attempting to reconnect installer_test_linux
Jan 12, 2018 1:28:08 AM hudson.slaves.SlaveComputer tryReconnect
INFO: Attempting to reconnect ase_test
Jan 12, 2018 1:28:08 AM hudson.slaves.SlaveComputer tryReconnect
INFO: Attempting to reconnect installer_test_linux1
Jan 12, 2018 1:32:08 AM hudson.slaves.SlaveComputer tryReconnect
INFO: Attempting to reconnect ase_test_txue
Jan 12, 2018 1:32:08 AM hudson.slaves.SlaveComputer tryReconnect
INFO: Attempting to reconnect installer_test_linux2
Jan 12, 2018 1:33:08 AM hudson.slaves.SlaveComputer tryReconnect
INFO: Attempting to reconnect installer_test_linux
Jan 12, 2018 1:37:14 AM hudson.node_monitors.ResponseTimeMonitor$1 monitor
WARNING: Making installer_test_linux offline because it?s not responding
Jan 12, 2018 1:37:14 AM hudson.node_monitors.ResponseTimeMonitor$1 monitor
WARNING: Making NT_MONSOON offline because it?s not responding
Jan 12, 2018 1:37:14 AM hudson.node_monitors.ResponseTimeMonitor$1 monitor
WARNING: Making installer_test_linux1 offline because it?s not responding
Jan 12, 2018 1:37:14 AM hudson.node_monitors.ResponseTimeMonitor$1 monitor
WARNING: Making installer_test_linux2 offline because it?s not responding
Jan 12, 2018 1:37:14 AM hudson.node_monitors.ResponseTimeMonitor$1 monitor
WARNING: Making ase_test offline because it?s not responding
Jan 12, 2018 1:37:14 AM hudson.node_monitors.ResponseTimeMonitor$1 monitor
WARNING: Making ase_test_txue offline because it?s not responding
Jan 12, 2018 1:50:08 AM hudson.slaves.SlaveComputer tryReconnect
INFO: Attempting to reconnect ase_test
Jan 12, 2018 1:50:08 AM hudson.slaves.SlaveComputer tryReconnect
INFO: Attempting to reconnect installer_test_linux1
Jan 12, 2018 1:53:08 AM hudson.slaves.SlaveComputer tryReconnect
INFO: Attempting to reconnect ase_test_txue
Jan 12, 2018 1:53:08 AM hudson.slaves.SlaveComputer tryReconnect
INFO: Attempting to reconnect installer_test_linux2
Jan 12, 2018 1:55:08 AM hudson.slaves.SlaveComputer tryReconnect
INFO: Attempting to reconnect installer_test_linux
Jan 12, 2018 2:10:08 AM hudson.slaves.SlaveComputer tryReconnect
INFO: Attempting to reconnect ase_test
Jan 12, 2018 2:10:08 AM hudson.slaves.SlaveComputer tryReconnect
INFO: Attempting to reconnect installer_test_linux1
Jan 12, 2018 2:12:08 AM hudson.slaves.SlaveComputer tryReconnect
INFO: Attempting to reconnect ase_test_txue
Jan 12, 2018 2:12:08 AM hudson.slaves.SlaveComputer tryReconnect
INFO: Attempting to reconnect installer_test_linux2
Jan 12, 2018 2:14:08 AM hudson.slaves.SlaveComputer tryReconnect
INFO: Attempting to reconnect installer_test_linux
Jan 12, 2018 2:29:08 AM hudson.slaves.SlaveComputer tryReconnect
INFO: Attempting to reconnect ase_test
Jan 12, 2018 2:29:08 AM hudson.slaves.SlaveComputer tryReconnect
INFO: Attempting to reconnect installer_test_linux1
Jan 12, 2018 2:32:08 AM hudson.slaves.SlaveComputer tryReconnect
INFO: Attempting to reconnect ase_test_txue
Jan 12, 2018 2:32:08 AM hudson.slaves.SlaveComputer tryReconnect
INFO: Attempting to reconnect installer_test_linux2
Jan 12, 2018 2:34:08 AM hudson.slaves.SlaveComputer tryReconnect
INFO: Attempting to reconnect installer_test_linux
Jan 12, 2018 2:37:14 AM hudson.node_monitors.ResponseTimeMonitor$1 monitor
WARNING: Making installer_test_linux offline because it?s not responding
Jan 12, 2018 2:37:14 AM hudson.node_monitors.ResponseTimeMonitor$1 monitor
WARNING: Making NT_MONSOON offline because it?s not responding
Jan 12, 2018 2:37:14 AM hudson.node_monitors.ResponseTimeMonitor$1 monitor
WARNING: Making installer_test_linux1 offline because it?s not responding
Jan 12, 2018 2:37:14 AM hudson.node_monitors.ResponseTimeMonitor$1 monitor
WARNING: Making installer_test_linux2 offline because it?s not responding
Jan 12, 2018 2:37:14 AM hudson.node_monitors.ResponseTimeMonitor$1 monitor
WARNING: Making ase_test offline because it?s not responding
Jan 12, 2018 2:37:14 AM hudson.node_monitors.ResponseTimeMonitor$1 monitor
WARNING: Making ase_test_txue offline because it?s not responding
Jan 12, 2018 2:50:08 AM hudson.slaves.SlaveComputer tryReconnect
INFO: Attempting to reconnect ase_test
Jan 12, 2018 2:50:08 AM hudson.slaves.SlaveComputer tryReconnect
INFO: Attempting to reconnect installer_test_linux1
Jan 12, 2018 2:53:08 AM hudson.slaves.SlaveComputer tryReconnect
INFO: Attempting to reconnect ase_test_txue
Jan 12, 2018 2:53:08 AM hudson.slaves.SlaveComputer tryReconnect
INFO: Attempting to reconnect installer_test_linux2
Jan 12, 2018 2:55:08 AM hudson.slaves.SlaveComputer tryReconnect
INFO: Attempting to reconnect installer_test_linux
Jan 12, 2018 3:11:08 AM hudson.slaves.SlaveComputer tryReconnect
INFO: Attempting to reconnect ase_test
Jan 12, 2018 3:11:08 AM hudson.slaves.SlaveComputer tryReconnect
INFO: Attempting to reconnect installer_test_linux1
Jan 12, 2018 3:14:08 AM hudson.slaves.SlaveComputer tryReconnect
INFO: Attempting to reconnect ase_test_txue
Jan 12, 2018 3:14:08 AM hudson.slaves.SlaveComputer tryReconnect
INFO: Attempting to reconnect installer_test_linux2
Jan 12, 2018 3:16:08 AM hudson.slaves.SlaveComputer tryReconnect
INFO: Attempting to reconnect installer_test_linux
Jan 12, 2018 3:29:08 AM hudson.slaves.SlaveComputer tryReconnect
INFO: Attempting to reconnect ase_test
Jan 12, 2018 3:29:08 AM hudson.slaves.SlaveComputer tryReconnect
INFO: Attempting to reconnect installer_test_linux1
Jan 12, 2018 3:31:08 AM hudson.slaves.SlaveComputer tryReconnect
INFO: Attempting to reconnect ase_test_txue
Jan 12, 2018 3:31:08 AM hudson.slaves.SlaveComputer tryReconnect
INFO: Attempting to reconnect installer_test_linux2
Jan 12, 2018 3:33:08 AM hudson.slaves.SlaveComputer tryReconnect
INFO: Attempting to reconnect installer_test_linux
Jan 12, 2018 3:33:13 AM hudson.model.AsyncPeriodicWork$1 run
INFO: Started Download metadata
Jan 12, 2018 3:33:27 AM hudson.model.AsyncPeriodicWork$1 run
INFO: Finished Download metadata. 14,575 ms
Jan 12, 2018 3:37:14 AM hudson.node_monitors.ResponseTimeMonitor$1 monitor
WARNING: Making installer_test_linux offline because it?s not responding
Jan 12, 2018 3:37:14 AM hudson.node_monitors.ResponseTimeMonitor$1 monitor
WARNING: Making NT_MONSOON offline because it?s not responding
Jan 12, 2018 3:37:14 AM hudson.node_monitors.ResponseTimeMonitor$1 monitor
WARNING: Making installer_test_linux1 offline because it?s not responding
Jan 12, 2018 3:37:14 AM hudson.node_monitors.ResponseTimeMonitor$1 monitor
WARNING: Making installer_test_linux2 offline because it?s not responding
Jan 12, 2018 3:37:14 AM hudson.node_monitors.ResponseTimeMonitor$1 monitor
WARNING: Making ase_test offline because it?s not responding
Jan 12, 2018 3:37:14 AM hudson.node_monitors.ResponseTimeMonitor$1 monitor
WARNING: Making ase_test_txue offline because it?s not responding
Jan 12, 2018 3:49:08 AM hudson.slaves.SlaveComputer tryReconnect
INFO: Attempting to reconnect ase_test
Jan 12, 2018 3:49:08 AM hudson.slaves.SlaveComputer tryReconnect
INFO: Attempting to reconnect installer_test_linux1
Jan 12, 2018 3:52:08 AM hudson.slaves.SlaveComputer tryReconnect
INFO: Attempting to reconnect ase_test_txue
Jan 12, 2018 3:52:08 AM hudson.slaves.SlaveComputer tryReconnect
INFO: Attempting to reconnect installer_test_linux2
Jan 12, 2018 3:54:08 AM hudson.slaves.SlaveComputer tryReconnect
INFO: Attempting to reconnect installer_test_linux
Jan 12, 2018 4:09:08 AM hudson.slaves.SlaveComputer tryReconnect
INFO: Attempting to reconnect ase_test
Jan 12, 2018 4:09:08 AM hudson.slaves.SlaveComputer tryReconnect
INFO: Attempting to reconnect installer_test_linux1
Jan 12, 2018 4:12:08 AM hudson.slaves.SlaveComputer tryReconnect
INFO: Attempting to reconnect ase_test_txue
Jan 12, 2018 4:12:08 AM hudson.slaves.SlaveComputer tryReconnect
INFO: Attempting to reconnect installer_test_linux2
Jan 12, 2018 4:14:08 AM hudson.slaves.SlaveComputer tryReconnect
INFO: Attempting to reconnect installer_test_linux
Jan 12, 2018 4:28:08 AM hudson.slaves.SlaveComputer tryReconnect
INFO: Attempting to reconnect ase_test
Jan 12, 2018 4:28:08 AM hudson.slaves.SlaveComputer tryReconnect
INFO: Attempting to reconnect installer_test_linux1
Jan 12, 2018 4:32:08 AM hudson.slaves.SlaveComputer tryReconnect
INFO: Attempting to reconnect ase_test_txue
Jan 12, 2018 4:32:08 AM hudson.slaves.SlaveComputer tryReconnect
INFO: Attempting to reconnect installer_test_linux2
Jan 12, 2018 4:34:08 AM hudson.slaves.SlaveComputer tryReconnect
INFO: Attempting to reconnect installer_test_linux
Jan 12, 2018 4:37:15 AM hudson.node_monitors.ResponseTimeMonitor$1 monitor
WARNING: Making installer_test_linux offline because it?s not responding
Jan 12, 2018 4:37:15 AM hudson.node_monitors.ResponseTimeMonitor$1 monitor
WARNING: Making NT_MONSOON offline because it?s not responding
Jan 12, 2018 4:37:15 AM hudson.node_monitors.ResponseTimeMonitor$1 monitor
WARNING: Making installer_test_linux1 offline because it?s not responding
Jan 12, 2018 4:37:15 AM hudson.node_monitors.ResponseTimeMonitor$1 monitor
WARNING: Making installer_test_linux2 offline because it?s not responding
Jan 12, 2018 4:37:15 AM hudson.node_monitors.ResponseTimeMonitor$1 monitor
WARNING: Making ase_test offline because it?s not responding
Jan 12, 2018 4:37:15 AM hudson.node_monitors.ResponseTimeMonitor$1 monitor
WARNING: Making ase_test_txue offline because it?s not responding
Jan 12, 2018 4:50:08 AM hudson.slaves.SlaveComputer tryReconnect
INFO: Attempting to reconnect ase_test
Jan 12, 2018 4:50:08 AM hudson.slaves.SlaveComputer tryReconnect
INFO: Attempting to reconnect installer_test_linux1
Jan 12, 2018 4:54:08 AM hudson.slaves.SlaveComputer tryReconnect
INFO: Attempting to reconnect ase_test_txue
Jan 12, 2018 4:54:08 AM hudson.slaves.SlaveComputer tryReconnect
INFO: Attempting to reconnect installer_test_linux2
Jan 12, 2018 4:56:08 AM hudson.slaves.SlaveComputer tryReconnect
INFO: Attempting to reconnect installer_test_linux
Jan 12, 2018 5:12:08 AM hudson.slaves.SlaveComputer tryReconnect
INFO: Attempting to reconnect ase_test
Jan 12, 2018 5:12:08 AM hudson.slaves.SlaveComputer tryReconnect
INFO: Attempting to reconnect installer_test_linux1
Jan 12, 2018 5:15:08 AM hudson.slaves.SlaveComputer tryReconnect
INFO: Attempting to reconnect ase_test_txue
Jan 12, 2018 5:15:08 AM hudson.slaves.SlaveComputer tryReconnect
INFO: Attempting to reconnect installer_test_linux2
Jan 12, 2018 5:17:08 AM hudson.slaves.SlaveComputer tryReconnect
INFO: Attempting to reconnect installer_test_linux
Jan 12, 2018 5:33:08 AM hudson.slaves.SlaveComputer tryReconnect
INFO: Attempting to reconnect ase_test
Jan 12, 2018 5:33:08 AM hudson.slaves.SlaveComputer tryReconnect
INFO: Attempting to reconnect installer_test_linux1
Jan 12, 2018 5:37:08 AM hudson.slaves.SlaveComputer tryReconnect
INFO: Attempting to reconnect ase_test_txue
Jan 12, 2018 5:37:08 AM hudson.slaves.SlaveComputer tryReconnect
INFO: Attempting to reconnect installer_test_linux2
Jan 12, 2018 5:37:14 AM hudson.node_monitors.ResponseTimeMonitor$1 monitor
WARNING: Making installer_test_linux offline because it?s not responding
Jan 12, 2018 5:37:14 AM hudson.node_monitors.ResponseTimeMonitor$1 monitor
WARNING: Making NT_MONSOON offline because it?s not responding
Jan 12, 2018 5:37:14 AM hudson.node_monitors.ResponseTimeMonitor$1 monitor
WARNING: Making installer_test_linux1 offline because it?s not responding
Jan 12, 2018 5:37:14 AM hudson.node_monitors.ResponseTimeMonitor$1 monitor
WARNING: Making installer_test_linux2 offline because it?s not responding
Jan 12, 2018 5:37:14 AM hudson.node_monitors.ResponseTimeMonitor$1 monitor
WARNING: Making ase_test offline because it?s not responding
Jan 12, 2018 5:37:14 AM hudson.node_monitors.ResponseTimeMonitor$1 monitor
WARNING: Making ase_test_txue offline because it?s not responding
Jan 12, 2018 5:39:08 AM hudson.slaves.SlaveComputer tryReconnect
INFO: Attempting to reconnect installer_test_linux
Jan 12, 2018 5:53:08 AM hudson.slaves.SlaveComputer tryReconnect
INFO: Attempting to reconnect ase_test
Jan 12, 2018 5:53:08 AM hudson.slaves.SlaveComputer tryReconnect
INFO: Attempting to reconnect installer_test_linux1
Jan 12, 2018 5:57:08 AM hudson.slaves.SlaveComputer tryReconnect
INFO: Attempting to reconnect ase_test_txue
Jan 12, 2018 5:57:08 AM hudson.slaves.SlaveComputer tryReconnect
INFO: Attempting to reconnect installer_test_linux2
Jan 12, 2018 5:59:08 AM hudson.slaves.SlaveComputer tryReconnect
INFO: Attempting to reconnect installer_test_linux
Jan 12, 2018 6:15:08 AM hudson.slaves.SlaveComputer tryReconnect
INFO: Attempting to reconnect ase_test
Jan 12, 2018 6:15:08 AM hudson.slaves.SlaveComputer tryReconnect
INFO: Attempting to reconnect installer_test_linux1
Jan 12, 2018 6:19:08 AM hudson.slaves.SlaveComputer tryReconnect
INFO: Attempting to reconnect ase_test_txue
Jan 12, 2018 6:19:08 AM hudson.slaves.SlaveComputer tryReconnect
INFO: Attempting to reconnect installer_test_linux2
Jan 12, 2018 6:20:08 AM hudson.slaves.SlaveComputer tryReconnect
INFO: Attempting to reconnect installer_test_linux
Jan 12, 2018 6:36:08 AM hudson.slaves.SlaveComputer tryReconnect
INFO: Attempting to reconnect ase_test
Jan 12, 2018 6:36:08 AM hudson.slaves.SlaveComputer tryReconnect
INFO: Attempting to reconnect installer_test_linux1
Jan 12, 2018 6:37:14 AM hudson.node_monitors.ResponseTimeMonitor$1 monitor
WARNING: Making installer_test_linux offline because it?s not responding
Jan 12, 2018 6:37:14 AM hudson.node_monitors.ResponseTimeMonitor$1 monitor
WARNING: Making NT_MONSOON offline because it?s not responding
Jan 12, 2018 6:37:14 AM hudson.node_monitors.ResponseTimeMonitor$1 monitor
WARNING: Making installer_test_linux1 offline because it?s not responding
Jan 12, 2018 6:37:14 AM hudson.node_monitors.ResponseTimeMonitor$1 monitor
WARNING: Making installer_test_linux2 offline because it?s not responding
Jan 12, 2018 6:37:14 AM hudson.node_monitors.ResponseTimeMonitor$1 monitor
WARNING: Making ase_test offline because it?s not responding
Jan 12, 2018 6:37:14 AM hudson.node_monitors.ResponseTimeMonitor$1 monitor
WARNING: Making ase_test_txue offline because it?s not responding
Jan 12, 2018 6:40:08 AM hudson.slaves.SlaveComputer tryReconnect
INFO: Attempting to reconnect ase_test_txue
Jan 12, 2018 6:40:08 AM hudson.slaves.SlaveComputer tryReconnect
INFO: Attempting to reconnect installer_test_linux2
Jan 12, 2018 6:41:08 AM hudson.slaves.SlaveComputer tryReconnect
INFO: Attempting to reconnect installer_test_linux
Jan 12, 2018 6:58:08 AM hudson.slaves.SlaveComputer tryReconnect
INFO: Attempting to reconnect ase_test
Jan 12, 2018 6:58:08 AM hudson.slaves.SlaveComputer tryReconnect
INFO: Attempting to reconnect installer_test_linux1
Jan 12, 2018 7:00:08 AM hudson.slaves.SlaveComputer tryReconnect
INFO: Attempting to reconnect ase_test_txue
Jan 12, 2018 7:00:08 AM hudson.slaves.SlaveComputer tryReconnect
INFO: Attempting to reconnect installer_test_linux2
Jan 12, 2018 7:02:08 AM hudson.slaves.SlaveComputer tryReconnect
INFO: Attempting to reconnect installer_test_linux
Jan 12, 2018 7:18:08 AM hudson.slaves.SlaveComputer tryReconnect
INFO: Attempting to reconnect ase_test
Jan 12, 2018 7:18:08 AM hudson.slaves.SlaveComputer tryReconnect
INFO: Attempting to reconnect installer_test_linux1
Jan 12, 2018 7:22:08 AM hudson.slaves.SlaveComputer tryReconnect
INFO: Attempting to reconnect ase_test_txue
Jan 12, 2018 7:22:08 AM hudson.slaves.SlaveComputer tryReconnect
INFO: Attempting to reconnect installer_test_linux2
Jan 12, 2018 7:24:08 AM hudson.slaves.SlaveComputer tryReconnect
INFO: Attempting to reconnect installer_test_linux
Jan 12, 2018 7:37:14 AM hudson.node_monitors.ResponseTimeMonitor$1 monitor
WARNING: Making installer_test_linux offline because it?s not responding
Jan 12, 2018 7:37:14 AM hudson.node_monitors.ResponseTimeMonitor$1 monitor
WARNING: Making NT_MONSOON offline because it?s not responding
Jan 12, 2018 7:37:14 AM hudson.node_monitors.ResponseTimeMonitor$1 monitor
WARNING: Making installer_test_linux1 offline because it?s not responding
Jan 12, 2018 7:37:14 AM hudson.node_monitors.ResponseTimeMonitor$1 monitor
WARNING: Making installer_test_linux2 offline because it?s not responding
Jan 12, 2018 7:37:14 AM hudson.node_monitors.ResponseTimeMonitor$1 monitor
WARNING: Making ase_test offline because it?s not responding
Jan 12, 2018 7:37:14 AM hudson.node_monitors.ResponseTimeMonitor$1 monitor
WARNING: Making ase_test_txue offline because it?s not responding
Jan 12, 2018 7:38:08 AM hudson.slaves.SlaveComputer tryReconnect
INFO: Attempting to reconnect ase_test
Jan 12, 2018 7:38:08 AM hudson.slaves.SlaveComputer tryReconnect
INFO: Attempting to reconnect installer_test_linux1
Jan 12, 2018 7:41:08 AM hudson.slaves.SlaveComputer tryReconnect
INFO: Attempting to reconnect ase_test_txue
Jan 12, 2018 7:41:08 AM hudson.slaves.SlaveComputer tryReconnect
INFO: Attempting to reconnect installer_test_linux2
Jan 12, 2018 7:43:08 AM hudson.slaves.SlaveComputer tryReconnect
INFO: Attempting to reconnect installer_test_linux
Jan 12, 2018 7:59:08 AM hudson.slaves.SlaveComputer tryReconnect
INFO: Attempting to reconnect ase_test
Jan 12, 2018 7:59:08 AM hudson.slaves.SlaveComputer tryReconnect
INFO: Attempting to reconnect installer_test_linux1
Jan 12, 2018 8:02:08 AM hudson.slaves.SlaveComputer tryReconnect
INFO: Attempting to reconnect ase_test_txue
Jan 12, 2018 8:02:08 AM hudson.slaves.SlaveComputer tryReconnect
INFO: Attempting to reconnect installer_test_linux2
Jan 12, 2018 8:04:08 AM hudson.slaves.SlaveComputer tryReconnect
INFO: Attempting to reconnect installer_test_linux
Jan 12, 2018 8:21:08 AM hudson.slaves.SlaveComputer tryReconnect
INFO: Attempting to reconnect ase_test
Jan 12, 2018 8:21:08 AM hudson.slaves.SlaveComputer tryReconnect
INFO: Attempting to reconnect installer_test_linux1
Jan 12, 2018 8:24:08 AM hudson.slaves.SlaveComputer tryReconnect
INFO: Attempting to reconnect ase_test_txue
Jan 12, 2018 8:24:08 AM hudson.slaves.SlaveComputer tryReconnect
INFO: Attempting to reconnect installer_test_linux2
Jan 12, 2018 8:26:08 AM hudson.slaves.SlaveComputer tryReconnect
INFO: Attempting to reconnect installer_test_linux
Jan 12, 2018 8:37:14 AM hudson.node_monitors.ResponseTimeMonitor$1 monitor
WARNING: Making installer_test_linux offline because it?s not responding
Jan 12, 2018 8:37:14 AM hudson.node_monitors.ResponseTimeMonitor$1 monitor
WARNING: Making NT_MONSOON offline because it?s not responding
Jan 12, 2018 8:37:14 AM hudson.node_monitors.ResponseTimeMonitor$1 monitor
WARNING: Making installer_test_linux1 offline because it?s not responding
Jan 12, 2018 8:37:14 AM hudson.node_monitors.ResponseTimeMonitor$1 monitor
WARNING: Making installer_test_linux2 offline because it?s not responding
Jan 12, 2018 8:37:14 AM hudson.node_monitors.ResponseTimeMonitor$1 monitor
WARNING: Making ase_test offline because it?s not responding
Jan 12, 2018 8:37:14 AM hudson.node_monitors.ResponseTimeMonitor$1 monitor
WARNING: Making ase_test_txue offline because it?s not responding
Jan 12, 2018 8:39:08 AM hudson.slaves.SlaveComputer tryReconnect
INFO: Attempting to reconnect ase_test
Jan 12, 2018 8:39:08 AM hudson.slaves.SlaveComputer tryReconnect
INFO: Attempting to reconnect installer_test_linux1
Jan 12, 2018 8:43:08 AM hudson.slaves.SlaveComputer tryReconnect
INFO: Attempting to reconnect ase_test_txue
Jan 12, 2018 8:43:08 AM hudson.slaves.SlaveComputer tryReconnect
INFO: Attempting to reconnect installer_test_linux2
Jan 12, 2018 8:45:08 AM hudson.slaves.SlaveComputer tryReconnect
INFO: Attempting to reconnect installer_test_linux
Jan 12, 2018 8:58:08 AM hudson.slaves.SlaveComputer tryReconnect
INFO: Attempting to reconnect ase_test
Jan 12, 2018 8:58:08 AM hudson.slaves.SlaveComputer tryReconnect
INFO: Attempting to reconnect installer_test_linux1
Jan 12, 2018 9:01:08 AM hudson.slaves.SlaveComputer tryReconnect
INFO: Attempting to reconnect ase_test_txue
Jan 12, 2018 9:01:08 AM hudson.slaves.SlaveComputer tryReconnect
INFO: Attempting to reconnect installer_test_linux2
Jan 12, 2018 9:03:08 AM hudson.slaves.SlaveComputer tryReconnect
INFO: Attempting to reconnect installer_test_linux
Jan 12, 2018 9:11:50 AM hudson.model.Run execute
INFO: SRS_RMA_BUILD_TRIGGER_BY_RMADEV_160SP03 #390 main build action completed: FAILURE
Jan 12, 2018 9:18:08 AM hudson.slaves.SlaveComputer tryReconnect
INFO: Attempting to reconnect ase_test
Jan 12, 2018 9:18:08 AM hudson.slaves.SlaveComputer tryReconnect
INFO: Attempting to reconnect installer_test_linux1
Jan 12, 2018 9:21:08 AM hudson.slaves.SlaveComputer tryReconnect
INFO: Attempting to reconnect ase_test_txue
Jan 12, 2018 9:21:08 AM hudson.slaves.SlaveComputer tryReconnect
INFO: Attempting to reconnect installer_test_linux2
Jan 12, 2018 9:23:08 AM hudson.slaves.SlaveComputer tryReconnect
INFO: Attempting to reconnect installer_test_linux
Jan 12, 2018 9:26:19 AM hudson.model.Run execute
INFO: SRS_RMA_BUILD_TRIGGER_BY_RMADEV_160SP03PL02 #185 main build action completed: SUCCESS
Jan 12, 2018 9:37:14 AM hudson.node_monitors.ResponseTimeMonitor$1 monitor
WARNING: Making installer_test_linux offline because it?s not responding
Jan 12, 2018 9:37:14 AM hudson.node_monitors.ResponseTimeMonitor$1 monitor
WARNING: Making NT_MONSOON offline because it?s not responding
Jan 12, 2018 9:37:14 AM hudson.node_monitors.ResponseTimeMonitor$1 monitor
WARNING: Making installer_test_linux1 offline because it?s not responding
Jan 12, 2018 9:37:14 AM hudson.node_monitors.ResponseTimeMonitor$1 monitor
WARNING: Making installer_test_linux2 offline because it?s not responding
Jan 12, 2018 9:37:14 AM hudson.node_monitors.ResponseTimeMonitor$1 monitor
WARNING: Making ase_test offline because it?s not responding
Jan 12, 2018 9:37:14 AM hudson.node_monitors.ResponseTimeMonitor$1 monitor
WARNING: Making ase_test_txue offline because it?s not responding
Jan 12, 2018 9:39:08 AM hudson.slaves.SlaveComputer tryReconnect
INFO: Attempting to reconnect ase_test
Jan 12, 2018 9:39:08 AM hudson.slaves.SlaveComputer tryReconnect
INFO: Attempting to reconnect installer_test_linux1
Jan 12, 2018 9:43:08 AM hudson.slaves.SlaveComputer tryReconnect
INFO: Attempting to reconnect ase_test_txue
Jan 12, 2018 9:43:08 AM hudson.slaves.SlaveComputer tryReconnect
INFO: Attempting to reconnect installer_test_linux2
Jan 12, 2018 9:44:08 AM hudson.slaves.SlaveComputer tryReconnect
INFO: Attempting to reconnect installer_test_linux
Jan 12, 2018 9:59:08 AM hudson.slaves.SlaveComputer tryReconnect
INFO: Attempting to reconnect ase_test
Jan 12, 2018 9:59:08 AM hudson.slaves.SlaveComputer tryReconnect
INFO: Attempting to reconnect installer_test_linux1
Jan 12, 2018 10:02:08 AM hudson.slaves.SlaveComputer tryReconnect
INFO: Attempting to reconnect ase_test_txue
Jan 12, 2018 10:02:08 AM hudson.slaves.SlaveComputer tryReconnect
INFO: Attempting to reconnect installer_test_linux2
Jan 12, 2018 10:04:08 AM hudson.slaves.SlaveComputer tryReconnect
INFO: Attempting to reconnect installer_test_linux
Jan 12, 2018 10:19:08 AM hudson.slaves.SlaveComputer tryReconnect
INFO: Attempting to reconnect ase_test
Jan 12, 2018 10:19:08 AM hudson.slaves.SlaveComputer tryReconnect
INFO: Attempting to reconnect installer_test_linux1
Jan 12, 2018 10:23:08 AM hudson.slaves.SlaveComputer tryReconnect
INFO: Attempting to reconnect ase_test_txue
Jan 12, 2018 10:23:08 AM hudson.slaves.SlaveComputer tryReconnect
INFO: Attempting to reconnect installer_test_linux2
Jan 12, 2018 10:24:08 AM hudson.slaves.SlaveComputer tryReconnect
INFO: Attempting to reconnect installer_test_linux
Jan 12, 2018 10:37:14 AM hudson.node_monitors.ResponseTimeMonitor$1 monitor
WARNING: Making installer_test_linux offline because it?s not responding
Jan 12, 2018 10:37:14 AM hudson.node_monitors.ResponseTimeMonitor$1 monitor
WARNING: Making NT_MONSOON offline because it?s not responding
Jan 12, 2018 10:37:14 AM hudson.node_monitors.ResponseTimeMonitor$1 monitor
WARNING: Making installer_test_linux1 offline because it?s not responding
Jan 12, 2018 10:37:14 AM hudson.node_monitors.ResponseTimeMonitor$1 monitor
WARNING: Making installer_test_linux2 offline because it?s not responding
Jan 12, 2018 10:37:14 AM hudson.node_monitors.ResponseTimeMonitor$1 monitor
WARNING: Making ase_test offline because it?s not responding
Jan 12, 2018 10:37:14 AM hudson.node_monitors.ResponseTimeMonitor$1 monitor
WARNING: Making ase_test_txue offline because it?s not responding
Jan 12, 2018 10:40:08 AM hudson.slaves.SlaveComputer tryReconnect
INFO: Attempting to reconnect ase_test
Jan 12, 2018 10:40:08 AM hudson.slaves.SlaveComputer tryReconnect
INFO: Attempting to reconnect installer_test_linux1
Jan 12, 2018 10:43:08 AM hudson.slaves.SlaveComputer tryReconnect
INFO: Attempting to reconnect ase_test_txue
Jan 12, 2018 10:43:08 AM hudson.slaves.SlaveComputer tryReconnect
INFO: Attempting to reconnect installer_test_linux2
Jan 12, 2018 10:45:08 AM hudson.slaves.SlaveComputer tryReconnect
INFO: Attempting to reconnect installer_test_linux
Jan 12, 2018 11:00:08 AM hudson.slaves.SlaveComputer tryReconnect
INFO: Attempting to reconnect ase_test
Jan 12, 2018 11:00:08 AM hudson.slaves.SlaveComputer tryReconnect
INFO: Attempting to reconnect installer_test_linux1
Jan 12, 2018 11:03:08 AM hudson.slaves.SlaveComputer tryReconnect
INFO: Attempting to reconnect ase_test_txue
Jan 12, 2018 11:03:08 AM hudson.slaves.SlaveComputer tryReconnect
INFO: Attempting to reconnect installer_test_linux2
Jan 12, 2018 11:05:08 AM hudson.slaves.SlaveComputer tryReconnect
INFO: Attempting to reconnect installer_test_linux
Jan 12, 2018 11:21:08 AM hudson.slaves.SlaveComputer tryReconnect
INFO: Attempting to reconnect ase_test
Jan 12, 2018 11:21:08 AM hudson.slaves.SlaveComputer tryReconnect
INFO: Attempting to reconnect installer_test_linux1
Jan 12, 2018 11:24:08 AM hudson.slaves.SlaveComputer tryReconnect
INFO: Attempting to reconnect ase_test_txue
Jan 12, 2018 11:24:08 AM hudson.slaves.SlaveComputer tryReconnect
INFO: Attempting to reconnect installer_test_linux2
Jan 12, 2018 11:25:08 AM hudson.slaves.SlaveComputer tryReconnect
INFO: Attempting to reconnect installer_test_linux
Jan 12, 2018 11:33:42 AM hudson.model.Run execute
INFO: 160SP03PL04_SRS_DAILY_BUILD_INTEGRATION #75 main build action completed: SUCCESS
Jan 12, 2018 11:37:14 AM hudson.node_monitors.ResponseTimeMonitor$1 monitor
WARNING: Making installer_test_linux offline because it?s not responding
Jan 12, 2018 11:37:14 AM hudson.node_monitors.ResponseTimeMonitor$1 monitor
WARNING: Making NT_MONSOON offline because it?s not responding
Jan 12, 2018 11:37:14 AM hudson.node_monitors.ResponseTimeMonitor$1 monitor
WARNING: Making installer_test_linux1 offline because it?s not responding
Jan 12, 2018 11:37:14 AM hudson.node_monitors.ResponseTimeMonitor$1 monitor
WARNING: Making installer_test_linux2 offline because it?s not responding
Jan 12, 2018 11:37:14 AM hudson.node_monitors.ResponseTimeMonitor$1 monitor
WARNING: Making ase_test offline because it?s not responding
Jan 12, 2018 11:37:14 AM hudson.node_monitors.ResponseTimeMonitor$1 monitor
WARNING: Making ase_test_txue offline because it?s not responding
Jan 12, 2018 11:41:08 AM hudson.slaves.SlaveComputer tryReconnect
INFO: Attempting to reconnect ase_test
Jan 12, 2018 11:41:08 AM hudson.slaves.SlaveComputer tryReconnect
INFO: Attempting to reconnect installer_test_linux1
Jan 12, 2018 11:44:08 AM hudson.slaves.SlaveComputer tryReconnect
INFO: Attempting to reconnect ase_test_txue
Jan 12, 2018 11:44:08 AM hudson.slaves.SlaveComputer tryReconnect
INFO: Attempting to reconnect installer_test_linux2
Jan 12, 2018 11:45:56 AM hudson.model.Run execute
INFO: SRS_DROP_TEST_FOR_ASE_SP03PL04 #68 main build action completed: SUCCESS
Jan 12, 2018 11:45:58 AM hudson.model.Run execute
INFO: 160SP03PL04_SRS_DAILY_BUILD_AND_DROP_TO_ASE #72 main build action completed: SUCCESS
Jan 12, 2018 11:46:08 AM hudson.slaves.SlaveComputer tryReconnect
INFO: Attempting to reconnect installer_test_linux
Jan 12, 2018 12:00:08 PM hudson.slaves.SlaveComputer tryReconnect
INFO: Attempting to reconnect ase_test
Jan 12, 2018 12:00:08 PM hudson.slaves.SlaveComputer tryReconnect
INFO: Attempting to reconnect installer_test_linux1
Jan 12, 2018 12:03:08 PM hudson.slaves.SlaveComputer tryReconnect
INFO: Attempting to reconnect ase_test_txue
Jan 12, 2018 12:03:08 PM hudson.slaves.SlaveComputer tryReconnect
INFO: Attempting to reconnect installer_test_linux2
Jan 12, 2018 12:05:08 PM hudson.slaves.SlaveComputer tryReconnect
INFO: Attempting to reconnect installer_test_linux
Jan 12, 2018 12:21:08 PM hudson.slaves.SlaveComputer tryReconnect
INFO: Attempting to reconnect ase_test
Jan 12, 2018 12:21:08 PM hudson.slaves.SlaveComputer tryReconnect
INFO: Attempting to reconnect installer_test_linux1
Jan 12, 2018 12:24:08 PM hudson.slaves.SlaveComputer tryReconnect
INFO: Attempting to reconnect ase_test_txue
Jan 12, 2018 12:24:08 PM hudson.slaves.SlaveComputer tryReconnect
INFO: Attempting to reconnect installer_test_linux2
Jan 12, 2018 12:26:08 PM hudson.slaves.SlaveComputer tryReconnect
INFO: Attempting to reconnect installer_test_linux
Jan 12, 2018 12:37:14 PM hudson.node_monitors.ResponseTimeMonitor$1 monitor
WARNING: Making installer_test_linux offline because it?s not responding
Jan 12, 2018 12:37:14 PM hudson.node_monitors.ResponseTimeMonitor$1 monitor
WARNING: Making NT_MONSOON offline because it?s not responding
Jan 12, 2018 12:37:14 PM hudson.node_monitors.ResponseTimeMonitor$1 monitor
WARNING: Making installer_test_linux1 offline because it?s not responding
Jan 12, 2018 12:37:14 PM hudson.node_monitors.ResponseTimeMonitor$1 monitor
WARNING: Making installer_test_linux2 offline because it?s not responding
Jan 12, 2018 12:37:14 PM hudson.node_monitors.ResponseTimeMonitor$1 monitor
WARNING: Making ase_test offline because it?s not responding
Jan 12, 2018 12:37:14 PM hudson.node_monitors.ResponseTimeMonitor$1 monitor
WARNING: Making ase_test_txue offline because it?s not responding
Jan 12, 2018 12:41:08 PM hudson.slaves.SlaveComputer tryReconnect
INFO: Attempting to reconnect ase_test
Jan 12, 2018 12:41:08 PM hudson.slaves.SlaveComputer tryReconnect
INFO: Attempting to reconnect installer_test_linux1
Jan 12, 2018 12:45:08 PM hudson.slaves.SlaveComputer tryReconnect
INFO: Attempting to reconnect ase_test_txue
Jan 12, 2018 12:45:08 PM hudson.slaves.SlaveComputer tryReconnect
INFO: Attempting to reconnect installer_test_linux2
Jan 12, 2018 12:46:08 PM hudson.slaves.SlaveComputer tryReconnect
INFO: Attempting to reconnect installer_test_linux
Jan 12, 2018 12:59:08 PM hudson.slaves.SlaveComputer tryReconnect
INFO: Attempting to reconnect ase_test
Jan 12, 2018 12:59:08 PM hudson.slaves.SlaveComputer tryReconnect
INFO: Attempting to reconnect installer_test_linux1
Jan 12, 2018 1:03:08 PM hudson.slaves.SlaveComputer tryReconnect
INFO: Attempting to reconnect ase_test_txue
Jan 12, 2018 1:03:08 PM hudson.slaves.SlaveComputer tryReconnect
INFO: Attempting to reconnect installer_test_linux2
Jan 12, 2018 1:05:08 PM hudson.slaves.SlaveComputer tryReconnect
INFO: Attempting to reconnect installer_test_linux
Jan 12, 2018 1:20:08 PM hudson.slaves.SlaveComputer tryReconnect
INFO: Attempting to reconnect ase_test
Jan 12, 2018 1:20:08 PM hudson.slaves.SlaveComputer tryReconnect
INFO: Attempting to reconnect installer_test_linux1
Jan 12, 2018 1:24:08 PM hudson.slaves.SlaveComputer tryReconnect
INFO: Attempting to reconnect ase_test_txue
Jan 12, 2018 1:24:08 PM hudson.slaves.SlaveComputer tryReconnect
INFO: Attempting to reconnect installer_test_linux2
Jan 12, 2018 1:26:08 PM hudson.slaves.SlaveComputer tryReconnect
INFO: Attempting to reconnect installer_test_linux
Jan 12, 2018 1:37:14 PM hudson.node_monitors.ResponseTimeMonitor$1 monitor
WARNING: Making installer_test_linux offline because it?s not responding
Jan 12, 2018 1:37:14 PM hudson.node_monitors.ResponseTimeMonitor$1 monitor
WARNING: Making NT_MONSOON offline because it?s not responding
Jan 12, 2018 1:37:14 PM hudson.node_monitors.ResponseTimeMonitor$1 monitor
WARNING: Making installer_test_linux1 offline because it?s not responding
Jan 12, 2018 1:37:14 PM hudson.node_monitors.ResponseTimeMonitor$1 monitor
WARNING: Making installer_test_linux2 offline because it?s not responding
Jan 12, 2018 1:37:14 PM hudson.node_monitors.ResponseTimeMonitor$1 monitor
WARNING: Making ase_test offline because it?s not responding
Jan 12, 2018 1:37:14 PM hudson.node_monitors.ResponseTimeMonitor$1 monitor
WARNING: Making ase_test_txue offline because it?s not responding
Jan 12, 2018 1:42:08 PM hudson.slaves.SlaveComputer tryReconnect
INFO: Attempting to reconnect ase_test
Jan 12, 2018 1:42:08 PM hudson.slaves.SlaveComputer tryReconnect
INFO: Attempting to reconnect installer_test_linux1
Jan 12, 2018 1:45:08 PM hudson.slaves.SlaveComputer tryReconnect
INFO: Attempting to reconnect ase_test_txue
Jan 12, 2018 1:45:08 PM hudson.slaves.SlaveComputer tryReconnect
INFO: Attempting to reconnect installer_test_linux2
Jan 12, 2018 1:46:08 PM hudson.slaves.SlaveComputer tryReconnect
INFO: Attempting to reconnect installer_test_linux
Jan 12, 2018 1:51:44 PM hudson.model.AsyncPeriodicWork$1 run
INFO: Started Fingerprint cleanup
Jan 12, 2018 1:51:44 PM hudson.model.AsyncPeriodicWork$1 run
INFO: Finished Fingerprint cleanup. 10 ms
Jan 12, 2018 1:58:34 PM hudson.model.Run execute
INFO: SRS_RMA_BUILD_TRIGGER_BY_RMADEV_160SP03PL04 #71 main build action completed: SUCCESS
Jan 12, 2018 2:04:08 PM hudson.slaves.SlaveComputer tryReconnect
INFO: Attempting to reconnect ase_test
Jan 12, 2018 2:04:08 PM hudson.slaves.SlaveComputer tryReconnect
INFO: Attempting to reconnect installer_test_linux1
Jan 12, 2018 2:06:08 PM hudson.slaves.SlaveComputer tryReconnect
INFO: Attempting to reconnect ase_test_txue
Jan 12, 2018 2:06:08 PM hudson.slaves.SlaveComputer tryReconnect
INFO: Attempting to reconnect installer_test_linux2
Jan 12, 2018 2:08:08 PM hudson.slaves.SlaveComputer tryReconnect
INFO: Attempting to reconnect installer_test_linux
Jan 12, 2018 2:25:08 PM hudson.slaves.SlaveComputer tryReconnect
INFO: Attempting to reconnect ase_test
Jan 12, 2018 2:25:08 PM hudson.slaves.SlaveComputer tryReconnect
INFO: Attempting to reconnect installer_test_linux1
Jan 12, 2018 2:28:08 PM hudson.slaves.SlaveComputer tryReconnect
INFO: Attempting to reconnect ase_test_txue
Jan 12, 2018 2:28:08 PM hudson.slaves.SlaveComputer tryReconnect
INFO: Attempting to reconnect installer_test_linux2
Jan 12, 2018 2:30:08 PM hudson.slaves.SlaveComputer tryReconnect
INFO: Attempting to reconnect installer_test_linux
Jan 12, 2018 2:37:14 PM hudson.node_monitors.ResponseTimeMonitor$1 monitor
WARNING: Making installer_test_linux offline because it?s not responding
Jan 12, 2018 2:37:14 PM hudson.node_monitors.ResponseTimeMonitor$1 monitor
WARNING: Making NT_MONSOON offline because it?s not responding
Jan 12, 2018 2:37:14 PM hudson.node_monitors.ResponseTimeMonitor$1 monitor
WARNING: Making installer_test_linux1 offline because it?s not responding
Jan 12, 2018 2:37:14 PM hudson.node_monitors.ResponseTimeMonitor$1 monitor
WARNING: Making installer_test_linux2 offline because it?s not responding
Jan 12, 2018 2:37:14 PM hudson.node_monitors.ResponseTimeMonitor$1 monitor
WARNING: Making ase_test offline because it?s not responding
Jan 12, 2018 2:37:14 PM hudson.node_monitors.ResponseTimeMonitor$1 monitor
WARNING: Making ase_test_txue offline because it?s not responding
Jan 12, 2018 2:47:08 PM hudson.slaves.SlaveComputer tryReconnect
INFO: Attempting to reconnect ase_test
Jan 12, 2018 2:47:08 PM hudson.slaves.SlaveComputer tryReconnect
INFO: Attempting to reconnect installer_test_linux1
Jan 12, 2018 2:50:08 PM hudson.slaves.SlaveComputer tryReconnect
INFO: Attempting to reconnect ase_test_txue
Jan 12, 2018 2:50:08 PM hudson.slaves.SlaveComputer tryReconnect
INFO: Attempting to reconnect installer_test_linux2
Jan 12, 2018 2:52:08 PM hudson.slaves.SlaveComputer tryReconnect
INFO: Attempting to reconnect installer_test_linux
Jan 12, 2018 3:09:08 PM hudson.slaves.SlaveComputer tryReconnect
INFO: Attempting to reconnect ase_test
Jan 12, 2018 3:09:08 PM hudson.slaves.SlaveComputer tryReconnect
INFO: Attempting to reconnect installer_test_linux1
Jan 12, 2018 3:11:08 PM hudson.slaves.SlaveComputer tryReconnect
INFO: Attempting to reconnect ase_test_txue
Jan 12, 2018 3:11:08 PM hudson.slaves.SlaveComputer tryReconnect
INFO: Attempting to reconnect installer_test_linux2
Jan 12, 2018 3:13:08 PM hudson.slaves.SlaveComputer tryReconnect
INFO: Attempting to reconnect installer_test_linux
Jan 12, 2018 3:30:08 PM hudson.slaves.SlaveComputer tryReconnect
INFO: Attempting to reconnect ase_test
Jan 12, 2018 3:30:08 PM hudson.slaves.SlaveComputer tryReconnect
INFO: Attempting to reconnect installer_test_linux1
Jan 12, 2018 3:33:08 PM hudson.slaves.SlaveComputer tryReconnect
INFO: Attempting to reconnect ase_test_txue
Jan 12, 2018 3:33:08 PM hudson.slaves.SlaveComputer tryReconnect
INFO: Attempting to reconnect installer_test_linux2
Jan 12, 2018 3:34:08 PM hudson.slaves.SlaveComputer tryReconnect
INFO: Attempting to reconnect installer_test_linux
Jan 12, 2018 3:37:14 PM hudson.node_monitors.ResponseTimeMonitor$1 monitor
WARNING: Making installer_test_linux offline because it?s not responding
Jan 12, 2018 3:37:14 PM hudson.node_monitors.ResponseTimeMonitor$1 monitor
WARNING: Making NT_MONSOON offline because it?s not responding
Jan 12, 2018 3:37:14 PM hudson.node_monitors.ResponseTimeMonitor$1 monitor
WARNING: Making installer_test_linux1 offline because it?s not responding
Jan 12, 2018 3:37:14 PM hudson.node_monitors.ResponseTimeMonitor$1 monitor
WARNING: Making installer_test_linux2 offline because it?s not responding
Jan 12, 2018 3:37:14 PM hudson.node_monitors.ResponseTimeMonitor$1 monitor
WARNING: Making ase_test offline because it?s not responding
Jan 12, 2018 3:37:14 PM hudson.node_monitors.ResponseTimeMonitor$1 monitor
WARNING: Making ase_test_txue offline because it?s not responding
Jan 12, 2018 3:49:08 PM hudson.slaves.SlaveComputer tryReconnect
INFO: Attempting to reconnect ase_test
Jan 12, 2018 3:49:08 PM hudson.slaves.SlaveComputer tryReconnect
INFO: Attempting to reconnect installer_test_linux1
Jan 12, 2018 3:53:08 PM hudson.slaves.SlaveComputer tryReconnect
INFO: Attempting to reconnect ase_test_txue
Jan 12, 2018 3:53:08 PM hudson.slaves.SlaveComputer tryReconnect
INFO: Attempting to reconnect installer_test_linux2
Jan 12, 2018 3:55:08 PM hudson.slaves.SlaveComputer tryReconnect
INFO: Attempting to reconnect installer_test_linux
Jan 12, 2018 4:10:08 PM hudson.slaves.SlaveComputer tryReconnect
INFO: Attempting to reconnect ase_test
Jan 12, 2018 4:10:08 PM hudson.slaves.SlaveComputer tryReconnect
INFO: Attempting to reconnect installer_test_linux1
Jan 12, 2018 4:13:08 PM hudson.slaves.SlaveComputer tryReconnect
INFO: Attempting to reconnect ase_test_txue
Jan 12, 2018 4:13:08 PM hudson.slaves.SlaveComputer tryReconnect
INFO: Attempting to reconnect installer_test_linux2
Jan 12, 2018 4:15:08 PM hudson.slaves.SlaveComputer tryReconnect
INFO: Attempting to reconnect installer_test_linux
Jan 12, 2018 4:32:08 PM hudson.slaves.SlaveComputer tryReconnect
INFO: Attempting to reconnect ase_test
Jan 12, 2018 4:32:08 PM hudson.slaves.SlaveComputer tryReconnect
INFO: Attempting to reconnect installer_test_linux1
Jan 12, 2018 4:36:08 PM hudson.slaves.SlaveComputer tryReconnect
INFO: Attempting to reconnect ase_test_txue
Jan 12, 2018 4:36:08 PM hudson.slaves.SlaveComputer tryReconnect
INFO: Attempting to reconnect installer_test_linux2
Jan 12, 2018 4:37:14 PM hudson.node_monitors.ResponseTimeMonitor$1 monitor
WARNING: Making installer_test_linux offline because it?s not responding
Jan 12, 2018 4:37:14 PM hudson.node_monitors.ResponseTimeMonitor$1 monitor
WARNING: Making NT_MONSOON offline because it?s not responding
Jan 12, 2018 4:37:14 PM hudson.node_monitors.ResponseTimeMonitor$1 monitor
WARNING: Making installer_test_linux1 offline because it?s not responding
Jan 12, 2018 4:37:14 PM hudson.node_monitors.ResponseTimeMonitor$1 monitor
WARNING: Making installer_test_linux2 offline because it?s not responding
Jan 12, 2018 4:37:14 PM hudson.node_monitors.ResponseTimeMonitor$1 monitor
WARNING: Making ase_test offline because it?s not responding
Jan 12, 2018 4:37:14 PM hudson.node_monitors.ResponseTimeMonitor$1 monitor
WARNING: Making ase_test_txue offline because it?s not responding
Jan 12, 2018 4:38:08 PM hudson.slaves.SlaveComputer tryReconnect
INFO: Attempting to reconnect installer_test_linux
Jan 12, 2018 4:53:08 PM hudson.slaves.SlaveComputer tryReconnect
INFO: Attempting to reconnect ase_test
Jan 12, 2018 4:53:08 PM hudson.slaves.SlaveComputer tryReconnect
INFO: Attempting to reconnect installer_test_linux1
Jan 12, 2018 4:56:08 PM hudson.slaves.SlaveComputer tryReconnect
INFO: Attempting to reconnect ase_test_txue
Jan 12, 2018 4:56:08 PM hudson.slaves.SlaveComputer tryReconnect
INFO: Attempting to reconnect installer_test_linux2
Jan 12, 2018 4:57:08 PM hudson.slaves.SlaveComputer tryReconnect
INFO: Attempting to reconnect installer_test_linux
Jan 12, 2018 5:13:08 PM hudson.slaves.SlaveComputer tryReconnect
INFO: Attempting to reconnect ase_test
Jan 12, 2018 5:13:08 PM hudson.slaves.SlaveComputer tryReconnect
INFO: Attempting to reconnect installer_test_linux1
Jan 12, 2018 5:16:08 PM hudson.slaves.SlaveComputer tryReconnect
INFO: Attempting to reconnect ase_test_txue
Jan 12, 2018 5:16:08 PM hudson.slaves.SlaveComputer tryReconnect
INFO: Attempting to reconnect installer_test_linux2
Jan 12, 2018 5:18:08 PM hudson.slaves.SlaveComputer tryReconnect
INFO: Attempting to reconnect installer_test_linux
Jan 12, 2018 5:35:08 PM hudson.slaves.SlaveComputer tryReconnect
INFO: Attempting to reconnect ase_test
Jan 12, 2018 5:35:08 PM hudson.slaves.SlaveComputer tryReconnect
INFO: Attempting to reconnect installer_test_linux1
Jan 12, 2018 5:37:14 PM hudson.node_monitors.ResponseTimeMonitor$1 monitor
WARNING: Making installer_test_linux offline because it?s not responding
Jan 12, 2018 5:37:14 PM hudson.node_monitors.ResponseTimeMonitor$1 monitor
WARNING: Making NT_MONSOON offline because it?s not responding
Jan 12, 2018 5:37:14 PM hudson.node_monitors.ResponseTimeMonitor$1 monitor
WARNING: Making installer_test_linux1 offline because it?s not responding
Jan 12, 2018 5:37:14 PM hudson.node_monitors.ResponseTimeMonitor$1 monitor
WARNING: Making installer_test_linux2 offline because it?s not responding
Jan 12, 2018 5:37:14 PM hudson.node_monitors.ResponseTimeMonitor$1 monitor
WARNING: Making ase_test offline because it?s not responding
Jan 12, 2018 5:37:14 PM hudson.node_monitors.ResponseTimeMonitor$1 monitor
WARNING: Making ase_test_txue offline because it?s not responding
Jan 12, 2018 5:39:08 PM hudson.slaves.SlaveComputer tryReconnect
INFO: Attempting to reconnect ase_test_txue
Jan 12, 2018 5:39:08 PM hudson.slaves.SlaveComputer tryReconnect
INFO: Attempting to reconnect installer_test_linux2
Jan 12, 2018 5:41:08 PM hudson.slaves.SlaveComputer tryReconnect
INFO: Attempting to reconnect installer_test_linux
Jan 12, 2018 5:55:08 PM hudson.slaves.SlaveComputer tryReconnect
INFO: Attempting to reconnect ase_test
Jan 12, 2018 5:55:08 PM hudson.slaves.SlaveComputer tryReconnect
INFO: Attempting to reconnect installer_test_linux1
Jan 12, 2018 5:58:08 PM hudson.slaves.SlaveComputer tryReconnect
INFO: Attempting to reconnect ase_test_txue
Jan 12, 2018 5:58:08 PM hudson.slaves.SlaveComputer tryReconnect
INFO: Attempting to reconnect installer_test_linux2
Jan 12, 2018 6:00:08 PM hudson.slaves.SlaveComputer tryReconnect
INFO: Attempting to reconnect installer_test_linux
Jan 12, 2018 6:15:08 PM hudson.slaves.SlaveComputer tryReconnect
INFO: Attempting to reconnect ase_test
Jan 12, 2018 6:15:08 PM hudson.slaves.SlaveComputer tryReconnect
INFO: Attempting to reconnect installer_test_linux1
Jan 12, 2018 6:19:08 PM hudson.slaves.SlaveComputer tryReconnect
INFO: Attempting to reconnect ase_test_txue
Jan 12, 2018 6:19:08 PM hudson.slaves.SlaveComputer tryReconnect
INFO: Attempting to reconnect installer_test_linux2
Jan 12, 2018 6:21:08 PM hudson.slaves.SlaveComputer tryReconnect
INFO: Attempting to reconnect installer_test_linux
Jan 12, 2018 6:37:08 PM hudson.slaves.SlaveComputer tryReconnect
INFO: Attempting to reconnect ase_test
Jan 12, 2018 6:37:08 PM hudson.slaves.SlaveComputer tryReconnect
INFO: Attempting to reconnect installer_test_linux1
Jan 12, 2018 6:37:14 PM hudson.node_monitors.ResponseTimeMonitor$1 monitor
WARNING: Making installer_test_linux offline because it?s not responding
Jan 12, 2018 6:37:14 PM hudson.node_monitors.ResponseTimeMonitor$1 monitor
WARNING: Making NT_MONSOON offline because it?s not responding
Jan 12, 2018 6:37:14 PM hudson.node_monitors.ResponseTimeMonitor$1 monitor
WARNING: Making installer_test_linux1 offline because it?s not responding
Jan 12, 2018 6:37:14 PM hudson.node_monitors.ResponseTimeMonitor$1 monitor
WARNING: Making installer_test_linux2 offline because it?s not responding
Jan 12, 2018 6:37:14 PM hudson.node_monitors.ResponseTimeMonitor$1 monitor
WARNING: Making ase_test offline because it?s not responding
Jan 12, 2018 6:37:14 PM hudson.node_monitors.ResponseTimeMonitor$1 monitor
WARNING: Making ase_test_txue offline because it?s not responding
Jan 12, 2018 6:41:08 PM hudson.slaves.SlaveComputer tryReconnect
INFO: Attempting to reconnect ase_test_txue
Jan 12, 2018 6:41:08 PM hudson.slaves.SlaveComputer tryReconnect
INFO: Attempting to reconnect installer_test_linux2
Jan 12, 2018 6:43:08 PM hudson.slaves.SlaveComputer tryReconnect
INFO: Attempting to reconnect installer_test_linux
Jan 12, 2018 6:59:08 PM hudson.slaves.SlaveComputer tryReconnect
INFO: Attempting to reconnect ase_test
Jan 12, 2018 6:59:08 PM hudson.slaves.SlaveComputer tryReconnect
INFO: Attempting to reconnect installer_test_linux1
Jan 12, 2018 7:03:08 PM hudson.slaves.SlaveComputer tryReconnect
INFO: Attempting to reconnect ase_test_txue
Jan 12, 2018 7:03:08 PM hudson.slaves.SlaveComputer tryReconnect
INFO: Attempting to reconnect installer_test_linux2
Jan 12, 2018 7:05:08 PM hudson.slaves.SlaveComputer tryReconnect
INFO: Attempting to reconnect installer_test_linux
Jan 12, 2018 7:21:08 PM hudson.slaves.SlaveComputer tryReconnect
INFO: Attempting to reconnect ase_test
Jan 12, 2018 7:21:08 PM hudson.slaves.SlaveComputer tryReconnect
INFO: Attempting to reconnect installer_test_linux1
Jan 12, 2018 7:21:40 PM hudson.model.Run execute
INFO: SP307_SRS_DAILY_BUILD_INTEGRATION #291 main build action completed: SUCCESS
Jan 12, 2018 7:25:08 PM hudson.slaves.SlaveComputer tryReconnect
INFO: Attempting to reconnect ase_test_txue
Jan 12, 2018 7:25:08 PM hudson.slaves.SlaveComputer tryReconnect
INFO: Attempting to reconnect installer_test_linux2
Jan 12, 2018 7:26:08 PM hudson.slaves.SlaveComputer tryReconnect
INFO: Attempting to reconnect installer_test_linux
Jan 12, 2018 7:29:38 PM hudson.model.Run execute
INFO: SRS_DROP_TEST_FOR_ASE_SP307 #290 main build action completed: SUCCESS
Jan 12, 2018 7:29:40 PM hudson.model.Run execute
INFO: SP307_SRS_DAILY_BUILD_AND_DROP_TO_ASE #241 main build action completed: SUCCESS
Jan 12, 2018 7:37:14 PM hudson.node_monitors.ResponseTimeMonitor$1 monitor
WARNING: Making installer_test_linux offline because it?s not responding
Jan 12, 2018 7:37:14 PM hudson.node_monitors.ResponseTimeMonitor$1 monitor
WARNING: Making NT_MONSOON offline because it?s not responding
Jan 12, 2018 7:37:14 PM hudson.node_monitors.ResponseTimeMonitor$1 monitor
WARNING: Making installer_test_linux1 offline because it?s not responding
Jan 12, 2018 7:37:14 PM hudson.node_monitors.ResponseTimeMonitor$1 monitor
WARNING: Making installer_test_linux2 offline because it?s not responding
Jan 12, 2018 7:37:14 PM hudson.node_monitors.ResponseTimeMonitor$1 monitor
WARNING: Making ase_test offline because it?s not responding
Jan 12, 2018 7:37:14 PM hudson.node_monitors.ResponseTimeMonitor$1 monitor
WARNING: Making ase_test_txue offline because it?s not responding
Jan 12, 2018 7:40:08 PM hudson.slaves.SlaveComputer tryReconnect
INFO: Attempting to reconnect ase_test
Jan 12, 2018 7:40:08 PM hudson.slaves.SlaveComputer tryReconnect
INFO: Attempting to reconnect installer_test_linux1
Jan 12, 2018 7:44:08 PM hudson.slaves.SlaveComputer tryReconnect
INFO: Attempting to reconnect ase_test_txue
Jan 12, 2018 7:44:08 PM hudson.slaves.SlaveComputer tryReconnect
INFO: Attempting to reconnect installer_test_linux2
Jan 12, 2018 7:45:08 PM hudson.slaves.SlaveComputer tryReconnect
INFO: Attempting to reconnect installer_test_linux
Jan 12, 2018 8:00:08 PM hudson.slaves.SlaveComputer tryReconnect
INFO: Attempting to reconnect ase_test
Jan 12, 2018 8:00:08 PM hudson.slaves.SlaveComputer tryReconnect
INFO: Attempting to reconnect installer_test_linux1
Jan 12, 2018 8:04:08 PM hudson.slaves.SlaveComputer tryReconnect
INFO: Attempting to reconnect ase_test_txue
Jan 12, 2018 8:04:08 PM hudson.slaves.SlaveComputer tryReconnect
INFO: Attempting to reconnect installer_test_linux2
Jan 12, 2018 8:06:08 PM hudson.slaves.SlaveComputer tryReconnect
INFO: Attempting to reconnect installer_test_linux
Jan 12, 2018 8:23:08 PM hudson.slaves.SlaveComputer tryReconnect
INFO: Attempting to reconnect ase_test
Jan 12, 2018 8:23:08 PM hudson.slaves.SlaveComputer tryReconnect
INFO: Attempting to reconnect installer_test_linux1
Jan 12, 2018 8:27:08 PM hudson.slaves.SlaveComputer tryReconnect
INFO: Attempting to reconnect ase_test_txue
Jan 12, 2018 8:27:08 PM hudson.slaves.SlaveComputer tryReconnect
INFO: Attempting to reconnect installer_test_linux2
Jan 12, 2018 8:29:08 PM hudson.slaves.SlaveComputer tryReconnect
INFO: Attempting to reconnect installer_test_linux
Jan 12, 2018 8:37:14 PM hudson.node_monitors.ResponseTimeMonitor$1 monitor
WARNING: Making installer_test_linux offline because it?s not responding
Jan 12, 2018 8:37:14 PM hudson.node_monitors.ResponseTimeMonitor$1 monitor
WARNING: Making NT_MONSOON offline because it?s not responding
Jan 12, 2018 8:37:14 PM hudson.node_monitors.ResponseTimeMonitor$1 monitor
WARNING: Making installer_test_linux1 offline because it?s not responding
Jan 12, 2018 8:37:14 PM hudson.node_monitors.ResponseTimeMonitor$1 monitor
WARNING: Making installer_test_linux2 offline because it?s not responding
Jan 12, 2018 8:37:14 PM hudson.node_monitors.ResponseTimeMonitor$1 monitor
WARNING: Making ase_test offline because it?s not responding
Jan 12, 2018 8:37:14 PM hudson.node_monitors.ResponseTimeMonitor$1 monitor
WARNING: Making ase_test_txue offline because it?s not responding
Jan 12, 2018 8:44:08 PM hudson.slaves.SlaveComputer tryReconnect
INFO: Attempting to reconnect ase_test
Jan 12, 2018 8:44:08 PM hudson.slaves.SlaveComputer tryReconnect
INFO: Attempting to reconnect installer_test_linux1
Jan 12, 2018 8:46:08 PM hudson.slaves.SlaveComputer tryReconnect
INFO: Attempting to reconnect ase_test_txue
Jan 12, 2018 8:46:08 PM hudson.slaves.SlaveComputer tryReconnect
INFO: Attempting to reconnect installer_test_linux2
Jan 12, 2018 8:48:08 PM hudson.slaves.SlaveComputer tryReconnect
INFO: Attempting to reconnect installer_test_linux
Jan 12, 2018 9:05:08 PM hudson.slaves.SlaveComputer tryReconnect
INFO: Attempting to reconnect ase_test
Jan 12, 2018 9:05:08 PM hudson.slaves.SlaveComputer tryReconnect
INFO: Attempting to reconnect installer_test_linux1
Jan 12, 2018 9:08:08 PM hudson.slaves.SlaveComputer tryReconnect
INFO: Attempting to reconnect ase_test_txue
Jan 12, 2018 9:08:08 PM hudson.slaves.SlaveComputer tryReconnect
INFO: Attempting to reconnect installer_test_linux2
Jan 12, 2018 9:10:08 PM hudson.slaves.SlaveComputer tryReconnect
INFO: Attempting to reconnect installer_test_linux
Jan 12, 2018 9:26:08 PM hudson.slaves.SlaveComputer tryReconnect
INFO: Attempting to reconnect ase_test
Jan 12, 2018 9:26:08 PM hudson.slaves.SlaveComputer tryReconnect
INFO: Attempting to reconnect installer_test_linux1
Jan 12, 2018 9:30:08 PM hudson.slaves.SlaveComputer tryReconnect
INFO: Attempting to reconnect ase_test_txue
Jan 12, 2018 9:30:08 PM hudson.slaves.SlaveComputer tryReconnect
INFO: Attempting to reconnect installer_test_linux2
Jan 12, 2018 9:31:08 PM hudson.slaves.SlaveComputer tryReconnect
INFO: Attempting to reconnect installer_test_linux
Jan 12, 2018 9:37:14 PM hudson.node_monitors.ResponseTimeMonitor$1 monitor
WARNING: Making installer_test_linux offline because it?s not responding
Jan 12, 2018 9:37:14 PM hudson.node_monitors.ResponseTimeMonitor$1 monitor
WARNING: Making NT_MONSOON offline because it?s not responding
Jan 12, 2018 9:37:14 PM hudson.node_monitors.ResponseTimeMonitor$1 monitor
WARNING: Making installer_test_linux1 offline because it?s not responding
Jan 12, 2018 9:37:14 PM hudson.node_monitors.ResponseTimeMonitor$1 monitor
WARNING: Making installer_test_linux2 offline because it?s not responding
Jan 12, 2018 9:37:14 PM hudson.node_monitors.ResponseTimeMonitor$1 monitor
WARNING: Making ase_test offline because it?s not responding
Jan 12, 2018 9:37:14 PM hudson.node_monitors.ResponseTimeMonitor$1 monitor
WARNING: Making ase_test_txue offline because it?s not responding
Jan 12, 2018 9:46:08 PM hudson.slaves.SlaveComputer tryReconnect
INFO: Attempting to reconnect ase_test
Jan 12, 2018 9:46:08 PM hudson.slaves.SlaveComputer tryReconnect
INFO: Attempting to reconnect installer_test_linux1
Jan 12, 2018 9:49:08 PM hudson.slaves.SlaveComputer tryReconnect
INFO: Attempting to reconnect ase_test_txue
Jan 12, 2018 9:49:08 PM hudson.slaves.SlaveComputer tryReconnect
INFO: Attempting to reconnect installer_test_linux2
Jan 12, 2018 9:51:08 PM hudson.slaves.SlaveComputer tryReconnect
INFO: Attempting to reconnect installer_test_linux
Jan 12, 2018 10:06:08 PM hudson.slaves.SlaveComputer tryReconnect
INFO: Attempting to reconnect ase_test
Jan 12, 2018 10:06:08 PM hudson.slaves.SlaveComputer tryReconnect
INFO: Attempting to reconnect installer_test_linux1
Jan 12, 2018 10:10:08 PM hudson.slaves.SlaveComputer tryReconnect
INFO: Attempting to reconnect ase_test_txue
Jan 12, 2018 10:10:08 PM hudson.slaves.SlaveComputer tryReconnect
INFO: Attempting to reconnect installer_test_linux2
Jan 12, 2018 10:11:08 PM hudson.slaves.SlaveComputer tryReconnect
INFO: Attempting to reconnect installer_test_linux
Jan 12, 2018 10:14:45 PM hudson.model.AsyncPeriodicWork$1 run
INFO: Started Workspace clean-up
Jan 12, 2018 10:14:46 PM hudson.model.AsyncPeriodicWork$1 run
INFO: Finished Workspace clean-up. 951 ms
Jan 12, 2018 10:28:08 PM hudson.slaves.SlaveComputer tryReconnect
INFO: Attempting to reconnect ase_test
Jan 12, 2018 10:28:08 PM hudson.slaves.SlaveComputer tryReconnect
INFO: Attempting to reconnect installer_test_linux1
Jan 12, 2018 10:32:08 PM hudson.slaves.SlaveComputer tryReconnect
INFO: Attempting to reconnect ase_test_txue
Jan 12, 2018 10:32:08 PM hudson.slaves.SlaveComputer tryReconnect
INFO: Attempting to reconnect installer_test_linux2
Jan 12, 2018 10:34:08 PM hudson.slaves.SlaveComputer tryReconnect
INFO: Attempting to reconnect installer_test_linux
Jan 12, 2018 10:37:14 PM hudson.node_monitors.ResponseTimeMonitor$1 monitor
WARNING: Making installer_test_linux offline because it?s not responding
Jan 12, 2018 10:37:14 PM hudson.node_monitors.ResponseTimeMonitor$1 monitor
WARNING: Making NT_MONSOON offline because it?s not responding
Jan 12, 2018 10:37:14 PM hudson.node_monitors.ResponseTimeMonitor$1 monitor
WARNING: Making installer_test_linux1 offline because it?s not responding
Jan 12, 2018 10:37:14 PM hudson.node_monitors.ResponseTimeMonitor$1 monitor
WARNING: Making installer_test_linux2 offline because it?s not responding
Jan 12, 2018 10:37:14 PM hudson.node_monitors.ResponseTimeMonitor$1 monitor
WARNING: Making ase_test offline because it?s not responding
Jan 12, 2018 10:37:14 PM hudson.node_monitors.ResponseTimeMonitor$1 monitor
WARNING: Making ase_test_txue offline because it?s not responding
Jan 12, 2018 10:51:08 PM hudson.slaves.SlaveComputer tryReconnect
INFO: Attempting to reconnect ase_test
Jan 12, 2018 10:51:08 PM hudson.slaves.SlaveComputer tryReconnect
INFO: Attempting to reconnect installer_test_linux1
Jan 12, 2018 10:55:08 PM hudson.slaves.SlaveComputer tryReconnect
INFO: Attempting to reconnect ase_test_txue
Jan 12, 2018 10:55:08 PM hudson.slaves.SlaveComputer tryReconnect
INFO: Attempting to reconnect installer_test_linux2
Jan 12, 2018 10:56:08 PM hudson.slaves.SlaveComputer tryReconnect
INFO: Attempting to reconnect installer_test_linux
Jan 12, 2018 11:11:08 PM hudson.slaves.SlaveComputer tryReconnect
INFO: Attempting to reconnect ase_test
Jan 12, 2018 11:11:08 PM hudson.slaves.SlaveComputer tryReconnect
INFO: Attempting to reconnect installer_test_linux1
Jan 12, 2018 11:14:08 PM hudson.slaves.SlaveComputer tryReconnect
INFO: Attempting to reconnect ase_test_txue
Jan 12, 2018 11:14:08 PM hudson.slaves.SlaveComputer tryReconnect
INFO: Attempting to reconnect installer_test_linux2
Jan 12, 2018 11:16:08 PM hudson.slaves.SlaveComputer tryReconnect
INFO: Attempting to reconnect installer_test_linux
Jan 12, 2018 11:33:08 PM hudson.slaves.SlaveComputer tryReconnect
INFO: Attempting to reconnect ase_test
Jan 12, 2018 11:33:08 PM hudson.slaves.SlaveComputer tryReconnect
INFO: Attempting to reconnect installer_test_linux1
Jan 12, 2018 11:36:08 PM hudson.slaves.SlaveComputer tryReconnect
INFO: Attempting to reconnect ase_test_txue
Jan 12, 2018 11:36:08 PM hudson.slaves.SlaveComputer tryReconnect
INFO: Attempting to reconnect installer_test_linux2
Jan 12, 2018 11:37:14 PM hudson.node_monitors.ResponseTimeMonitor$1 monitor
WARNING: Making installer_test_linux offline because it?s not responding
Jan 12, 2018 11:37:14 PM hudson.node_monitors.ResponseTimeMonitor$1 monitor
WARNING: Making NT_MONSOON offline because it?s not responding
Jan 12, 2018 11:37:14 PM hudson.node_monitors.ResponseTimeMonitor$1 monitor
WARNING: Making installer_test_linux1 offline because it?s not responding
Jan 12, 2018 11:37:14 PM hudson.node_monitors.ResponseTimeMonitor$1 monitor
WARNING: Making installer_test_linux2 offline because it?s not responding
Jan 12, 2018 11:37:14 PM hudson.node_monitors.ResponseTimeMonitor$1 monitor
WARNING: Making ase_test offline because it?s not responding
Jan 12, 2018 11:37:14 PM hudson.node_monitors.ResponseTimeMonitor$1 monitor
WARNING: Making ase_test_txue offline because it?s not responding
Jan 12, 2018 11:38:08 PM hudson.slaves.SlaveComputer tryReconnect
INFO: Attempting to reconnect installer_test_linux
Jan 12, 2018 11:53:08 PM hudson.slaves.SlaveComputer tryReconnect
INFO: Attempting to reconnect ase_test
Jan 12, 2018 11:53:08 PM hudson.slaves.SlaveComputer tryReconnect
INFO: Attempting to reconnect installer_test_linux1
Jan 12, 2018 11:56:08 PM hudson.slaves.SlaveComputer tryReconnect
INFO: Attempting to reconnect ase_test_txue
Jan 12, 2018 11:56:08 PM hudson.slaves.SlaveComputer tryReconnect
INFO: Attempting to reconnect installer_test_linux2
Jan 12, 2018 11:58:08 PM hudson.slaves.SlaveComputer tryReconnect
INFO: Attempting to reconnect installer_test_linux
