Oct 01, 2016 1:38:39 AM hudson.model.AsyncPeriodicWork$1 run
INFO: Started Fingerprint cleanup
Oct 01, 2016 1:38:39 AM hudson.model.AsyncPeriodicWork$1 run
INFO: Finished Fingerprint cleanup. 20 ms
Oct 01, 2016 8:12:11 AM hudson.model.Run execute
INFO: SRS_RMA_BUILD_TRIGGER_BY_RMADEV_SP305 #66 main build action completed: SUCCESS
Oct 01, 2016 1:27:58 PM hudson.model.AsyncPeriodicWork$1 run
INFO: Started Workspace clean-up
Oct 01, 2016 1:27:59 PM hudson.model.AsyncPeriodicWork$1 run
INFO: Finished Workspace clean-up. 781 ms
Oct 01, 2016 7:02:22 PM hudson.model.Run execute
INFO: SP305_SRS_DAILY_BUILD #67 main build action completed: SUCCESS
Oct 01, 2016 7:32:50 PM hudson.model.Run execute
INFO: SRS_SP305_TEST #42 main build action completed: SUCCESS
Oct 01, 2016 7:32:51 PM hudson.model.Run execute
INFO: SRS_SP305_SERIAL #48 main build action completed: SUCCESS
Oct 01, 2016 11:39:09 PM hudson.model.AsyncPeriodicWork$1 run
INFO: Started Download metadata
Oct 01, 2016 11:39:18 PM hudson.model.UpdateSite updateData
INFO: Obtained the latest update center data file for UpdateSource default
Oct 01, 2016 11:39:20 PM hudson.model.AsyncPeriodicWork$1 run
INFO: Finished Download metadata. 11,270 ms
