Aug 10, 2016 12:01:26 AM hudson.slaves.SlaveComputer tryReconnect
INFO: Attempting to reconnect ase_test_linux_lisa
Aug 10, 2016 12:01:26 AM hudson.slaves.SlaveComputer tryReconnect
INFO: Attempting to reconnect installer_test_linux
Aug 10, 2016 12:21:26 AM hudson.slaves.SlaveComputer tryReconnect
INFO: Attempting to reconnect ase_test_linux_lisa
Aug 10, 2016 12:21:26 AM hudson.slaves.SlaveComputer tryReconnect
INFO: Attempting to reconnect installer_test_linux
Aug 10, 2016 12:43:26 AM hudson.slaves.SlaveComputer tryReconnect
INFO: Attempting to reconnect ase_test_linux_lisa
Aug 10, 2016 12:43:26 AM hudson.slaves.SlaveComputer tryReconnect
INFO: Attempting to reconnect installer_test_linux
Aug 10, 2016 12:49:46 AM hudson.node_monitors.ResponseTimeMonitor$1 monitor
WARNING: Making installer_test_linux offline because it’s not responding
Aug 10, 2016 12:49:46 AM hudson.node_monitors.ResponseTimeMonitor$1 monitor
WARNING: Making ase_test_linux_lisa offline because it’s not responding
Aug 10, 2016 1:05:26 AM hudson.slaves.SlaveComputer tryReconnect
INFO: Attempting to reconnect ase_test_linux_lisa
Aug 10, 2016 1:05:26 AM hudson.slaves.SlaveComputer tryReconnect
INFO: Attempting to reconnect installer_test_linux
Aug 10, 2016 1:26:26 AM hudson.slaves.SlaveComputer tryReconnect
INFO: Attempting to reconnect ase_test_linux_lisa
Aug 10, 2016 1:26:26 AM hudson.slaves.SlaveComputer tryReconnect
INFO: Attempting to reconnect installer_test_linux
Aug 10, 2016 1:47:26 AM hudson.slaves.SlaveComputer tryReconnect
INFO: Attempting to reconnect ase_test_linux_lisa
Aug 10, 2016 1:47:26 AM hudson.slaves.SlaveComputer tryReconnect
INFO: Attempting to reconnect installer_test_linux
Aug 10, 2016 1:49:46 AM hudson.node_monitors.ResponseTimeMonitor$1 monitor
WARNING: Making installer_test_linux offline because it’s not responding
Aug 10, 2016 1:49:46 AM hudson.node_monitors.ResponseTimeMonitor$1 monitor
WARNING: Making ase_test_linux_lisa offline because it’s not responding
Aug 10, 2016 2:10:26 AM hudson.slaves.SlaveComputer tryReconnect
INFO: Attempting to reconnect ase_test_linux_lisa
Aug 10, 2016 2:10:26 AM hudson.slaves.SlaveComputer tryReconnect
INFO: Attempting to reconnect installer_test_linux
Aug 10, 2016 2:32:26 AM hudson.slaves.SlaveComputer tryReconnect
INFO: Attempting to reconnect ase_test_linux_lisa
Aug 10, 2016 2:32:26 AM hudson.slaves.SlaveComputer tryReconnect
INFO: Attempting to reconnect installer_test_linux
Aug 10, 2016 2:49:46 AM hudson.node_monitors.ResponseTimeMonitor$1 monitor
WARNING: Making installer_test_linux offline because it’s not responding
Aug 10, 2016 2:49:46 AM hudson.node_monitors.ResponseTimeMonitor$1 monitor
WARNING: Making ase_test_linux_lisa offline because it’s not responding
Aug 10, 2016 2:54:26 AM hudson.slaves.SlaveComputer tryReconnect
INFO: Attempting to reconnect ase_test_linux_lisa
Aug 10, 2016 2:54:26 AM hudson.slaves.SlaveComputer tryReconnect
INFO: Attempting to reconnect installer_test_linux
Aug 10, 2016 3:13:26 AM hudson.slaves.SlaveComputer tryReconnect
INFO: Attempting to reconnect ase_test_linux_lisa
Aug 10, 2016 3:13:26 AM hudson.slaves.SlaveComputer tryReconnect
INFO: Attempting to reconnect installer_test_linux
Aug 10, 2016 3:34:26 AM hudson.slaves.SlaveComputer tryReconnect
INFO: Attempting to reconnect ase_test_linux_lisa
Aug 10, 2016 3:34:26 AM hudson.slaves.SlaveComputer tryReconnect
INFO: Attempting to reconnect installer_test_linux
Aug 10, 2016 3:49:46 AM hudson.node_monitors.ResponseTimeMonitor$1 monitor
WARNING: Making installer_test_linux offline because it’s not responding
Aug 10, 2016 3:49:46 AM hudson.node_monitors.ResponseTimeMonitor$1 monitor
WARNING: Making ase_test_linux_lisa offline because it’s not responding
Aug 10, 2016 3:54:26 AM hudson.slaves.SlaveComputer tryReconnect
INFO: Attempting to reconnect ase_test_linux_lisa
Aug 10, 2016 3:54:26 AM hudson.slaves.SlaveComputer tryReconnect
INFO: Attempting to reconnect installer_test_linux
Aug 10, 2016 4:17:26 AM hudson.slaves.SlaveComputer tryReconnect
INFO: Attempting to reconnect ase_test_linux_lisa
Aug 10, 2016 4:17:26 AM hudson.slaves.SlaveComputer tryReconnect
INFO: Attempting to reconnect installer_test_linux
Aug 10, 2016 4:39:26 AM hudson.slaves.SlaveComputer tryReconnect
INFO: Attempting to reconnect ase_test_linux_lisa
Aug 10, 2016 4:39:26 AM hudson.slaves.SlaveComputer tryReconnect
INFO: Attempting to reconnect installer_test_linux
Aug 10, 2016 4:49:46 AM hudson.node_monitors.ResponseTimeMonitor$1 monitor
WARNING: Making installer_test_linux offline because it’s not responding
Aug 10, 2016 4:49:46 AM hudson.node_monitors.ResponseTimeMonitor$1 monitor
WARNING: Making ase_test_linux_lisa offline because it’s not responding
Aug 10, 2016 5:02:26 AM hudson.slaves.SlaveComputer tryReconnect
INFO: Attempting to reconnect ase_test_linux_lisa
Aug 10, 2016 5:02:26 AM hudson.slaves.SlaveComputer tryReconnect
INFO: Attempting to reconnect installer_test_linux
Aug 10, 2016 5:23:26 AM hudson.slaves.SlaveComputer tryReconnect
INFO: Attempting to reconnect ase_test_linux_lisa
Aug 10, 2016 5:23:26 AM hudson.slaves.SlaveComputer tryReconnect
INFO: Attempting to reconnect installer_test_linux
Aug 10, 2016 5:34:22 AM hudson.model.AsyncPeriodicWork$1 run
INFO: Started Download metadata
Aug 10, 2016 5:34:31 AM hudson.model.UpdateSite updateData
INFO: Obtained the latest update center data file for UpdateSource default
Aug 10, 2016 5:34:34 AM hudson.model.AsyncPeriodicWork$1 run
INFO: Finished Download metadata. 11,107 ms
Aug 10, 2016 5:45:26 AM hudson.slaves.SlaveComputer tryReconnect
INFO: Attempting to reconnect ase_test_linux_lisa
Aug 10, 2016 5:45:26 AM hudson.slaves.SlaveComputer tryReconnect
INFO: Attempting to reconnect installer_test_linux
Aug 10, 2016 5:49:46 AM hudson.node_monitors.ResponseTimeMonitor$1 monitor
WARNING: Making installer_test_linux offline because it’s not responding
Aug 10, 2016 5:49:46 AM hudson.node_monitors.ResponseTimeMonitor$1 monitor
WARNING: Making ase_test_linux_lisa offline because it’s not responding
Aug 10, 2016 6:08:26 AM hudson.slaves.SlaveComputer tryReconnect
INFO: Attempting to reconnect ase_test_linux_lisa
Aug 10, 2016 6:08:26 AM hudson.slaves.SlaveComputer tryReconnect
INFO: Attempting to reconnect installer_test_linux
Aug 10, 2016 6:30:26 AM hudson.slaves.SlaveComputer tryReconnect
INFO: Attempting to reconnect ase_test_linux_lisa
Aug 10, 2016 6:30:26 AM hudson.slaves.SlaveComputer tryReconnect
INFO: Attempting to reconnect installer_test_linux
Aug 10, 2016 6:49:46 AM hudson.node_monitors.ResponseTimeMonitor$1 monitor
WARNING: Making installer_test_linux offline because it’s not responding
Aug 10, 2016 6:49:46 AM hudson.node_monitors.ResponseTimeMonitor$1 monitor
WARNING: Making ase_test_linux_lisa offline because it’s not responding
Aug 10, 2016 6:52:26 AM hudson.slaves.SlaveComputer tryReconnect
INFO: Attempting to reconnect ase_test_linux_lisa
Aug 10, 2016 6:52:26 AM hudson.slaves.SlaveComputer tryReconnect
INFO: Attempting to reconnect installer_test_linux
Aug 10, 2016 7:14:26 AM hudson.slaves.SlaveComputer tryReconnect
INFO: Attempting to reconnect ase_test_linux_lisa
Aug 10, 2016 7:14:26 AM hudson.slaves.SlaveComputer tryReconnect
INFO: Attempting to reconnect installer_test_linux
Aug 10, 2016 7:36:26 AM hudson.slaves.SlaveComputer tryReconnect
INFO: Attempting to reconnect ase_test_linux_lisa
Aug 10, 2016 7:36:26 AM hudson.slaves.SlaveComputer tryReconnect
INFO: Attempting to reconnect installer_test_linux
Aug 10, 2016 7:49:46 AM hudson.node_monitors.ResponseTimeMonitor$1 monitor
WARNING: Making installer_test_linux offline because it’s not responding
Aug 10, 2016 7:49:46 AM hudson.node_monitors.ResponseTimeMonitor$1 monitor
WARNING: Making ase_test_linux_lisa offline because it’s not responding
Aug 10, 2016 7:58:26 AM hudson.slaves.SlaveComputer tryReconnect
INFO: Attempting to reconnect ase_test_linux_lisa
Aug 10, 2016 7:58:26 AM hudson.slaves.SlaveComputer tryReconnect
INFO: Attempting to reconnect installer_test_linux
Aug 10, 2016 8:21:26 AM hudson.slaves.SlaveComputer tryReconnect
INFO: Attempting to reconnect ase_test_linux_lisa
Aug 10, 2016 8:21:26 AM hudson.slaves.SlaveComputer tryReconnect
INFO: Attempting to reconnect installer_test_linux
Aug 10, 2016 8:43:26 AM hudson.slaves.SlaveComputer tryReconnect
INFO: Attempting to reconnect ase_test_linux_lisa
Aug 10, 2016 8:43:26 AM hudson.slaves.SlaveComputer tryReconnect
INFO: Attempting to reconnect installer_test_linux
Aug 10, 2016 8:49:46 AM hudson.node_monitors.ResponseTimeMonitor$1 monitor
WARNING: Making installer_test_linux offline because it’s not responding
Aug 10, 2016 8:49:46 AM hudson.node_monitors.ResponseTimeMonitor$1 monitor
WARNING: Making ase_test_linux_lisa offline because it’s not responding
Aug 10, 2016 9:04:26 AM hudson.slaves.SlaveComputer tryReconnect
INFO: Attempting to reconnect ase_test_linux_lisa
Aug 10, 2016 9:04:26 AM hudson.slaves.SlaveComputer tryReconnect
INFO: Attempting to reconnect installer_test_linux
Aug 10, 2016 9:27:26 AM hudson.slaves.SlaveComputer tryReconnect
INFO: Attempting to reconnect ase_test_linux_lisa
Aug 10, 2016 9:27:26 AM hudson.slaves.SlaveComputer tryReconnect
INFO: Attempting to reconnect installer_test_linux
Aug 10, 2016 9:48:26 AM hudson.slaves.SlaveComputer tryReconnect
INFO: Attempting to reconnect ase_test_linux_lisa
Aug 10, 2016 9:48:26 AM hudson.slaves.SlaveComputer tryReconnect
INFO: Attempting to reconnect installer_test_linux
Aug 10, 2016 9:49:46 AM hudson.node_monitors.ResponseTimeMonitor$1 monitor
WARNING: Making installer_test_linux offline because it’s not responding
Aug 10, 2016 9:49:46 AM hudson.node_monitors.ResponseTimeMonitor$1 monitor
WARNING: Making ase_test_linux_lisa offline because it’s not responding
Aug 10, 2016 10:09:26 AM hudson.slaves.SlaveComputer tryReconnect
INFO: Attempting to reconnect ase_test_linux_lisa
Aug 10, 2016 10:09:26 AM hudson.slaves.SlaveComputer tryReconnect
INFO: Attempting to reconnect installer_test_linux
Aug 10, 2016 10:32:26 AM hudson.slaves.SlaveComputer tryReconnect
INFO: Attempting to reconnect ase_test_linux_lisa
Aug 10, 2016 10:32:26 AM hudson.slaves.SlaveComputer tryReconnect
INFO: Attempting to reconnect installer_test_linux
Aug 10, 2016 10:49:46 AM hudson.node_monitors.ResponseTimeMonitor$1 monitor
WARNING: Making installer_test_linux offline because it’s not responding
Aug 10, 2016 10:49:46 AM hudson.node_monitors.ResponseTimeMonitor$1 monitor
WARNING: Making ase_test_linux_lisa offline because it’s not responding
Aug 10, 2016 10:54:26 AM hudson.slaves.SlaveComputer tryReconnect
INFO: Attempting to reconnect ase_test_linux_lisa
Aug 10, 2016 10:54:26 AM hudson.slaves.SlaveComputer tryReconnect
INFO: Attempting to reconnect installer_test_linux
Aug 10, 2016 11:16:26 AM hudson.slaves.SlaveComputer tryReconnect
INFO: Attempting to reconnect ase_test_linux_lisa
Aug 10, 2016 11:16:26 AM hudson.slaves.SlaveComputer tryReconnect
INFO: Attempting to reconnect installer_test_linux
Aug 10, 2016 11:38:26 AM hudson.slaves.SlaveComputer tryReconnect
INFO: Attempting to reconnect ase_test_linux_lisa
Aug 10, 2016 11:38:26 AM hudson.slaves.SlaveComputer tryReconnect
INFO: Attempting to reconnect installer_test_linux
Aug 10, 2016 11:49:46 AM hudson.node_monitors.ResponseTimeMonitor$1 monitor
WARNING: Making installer_test_linux offline because it’s not responding
Aug 10, 2016 11:49:46 AM hudson.node_monitors.ResponseTimeMonitor$1 monitor
WARNING: Making ase_test_linux_lisa offline because it’s not responding
Aug 10, 2016 12:00:26 PM hudson.slaves.SlaveComputer tryReconnect
INFO: Attempting to reconnect ase_test_linux_lisa
Aug 10, 2016 12:00:26 PM hudson.slaves.SlaveComputer tryReconnect
INFO: Attempting to reconnect installer_test_linux
Aug 10, 2016 12:21:26 PM hudson.slaves.SlaveComputer tryReconnect
INFO: Attempting to reconnect ase_test_linux_lisa
Aug 10, 2016 12:21:26 PM hudson.slaves.SlaveComputer tryReconnect
INFO: Attempting to reconnect installer_test_linux
Aug 10, 2016 12:43:26 PM hudson.slaves.SlaveComputer tryReconnect
INFO: Attempting to reconnect ase_test_linux_lisa
Aug 10, 2016 12:43:26 PM hudson.slaves.SlaveComputer tryReconnect
INFO: Attempting to reconnect installer_test_linux
Aug 10, 2016 12:49:46 PM hudson.node_monitors.ResponseTimeMonitor$1 monitor
WARNING: Making installer_test_linux offline because it’s not responding
Aug 10, 2016 12:49:46 PM hudson.node_monitors.ResponseTimeMonitor$1 monitor
WARNING: Making ase_test_linux_lisa offline because it’s not responding
Aug 10, 2016 1:04:26 PM hudson.slaves.SlaveComputer tryReconnect
INFO: Attempting to reconnect ase_test_linux_lisa
Aug 10, 2016 1:04:26 PM hudson.slaves.SlaveComputer tryReconnect
INFO: Attempting to reconnect installer_test_linux
Aug 10, 2016 1:26:26 PM hudson.slaves.SlaveComputer tryReconnect
INFO: Attempting to reconnect ase_test_linux_lisa
Aug 10, 2016 1:26:26 PM hudson.slaves.SlaveComputer tryReconnect
INFO: Attempting to reconnect installer_test_linux
Aug 10, 2016 1:49:46 PM hudson.node_monitors.ResponseTimeMonitor$1 monitor
WARNING: Making installer_test_linux offline because it’s not responding
Aug 10, 2016 1:49:46 PM hudson.node_monitors.ResponseTimeMonitor$1 monitor
WARNING: Making ase_test_linux_lisa offline because it’s not responding
Aug 10, 2016 1:50:26 PM hudson.slaves.SlaveComputer tryReconnect
INFO: Attempting to reconnect ase_test_linux_lisa
Aug 10, 2016 1:50:26 PM hudson.slaves.SlaveComputer tryReconnect
INFO: Attempting to reconnect installer_test_linux
Aug 10, 2016 2:13:26 PM hudson.slaves.SlaveComputer tryReconnect
INFO: Attempting to reconnect ase_test_linux_lisa
Aug 10, 2016 2:13:26 PM hudson.slaves.SlaveComputer tryReconnect
INFO: Attempting to reconnect installer_test_linux
Aug 10, 2016 2:35:26 PM hudson.slaves.SlaveComputer tryReconnect
INFO: Attempting to reconnect ase_test_linux_lisa
Aug 10, 2016 2:35:26 PM hudson.slaves.SlaveComputer tryReconnect
INFO: Attempting to reconnect installer_test_linux
Aug 10, 2016 2:49:46 PM hudson.node_monitors.ResponseTimeMonitor$1 monitor
WARNING: Making installer_test_linux offline because it’s not responding
Aug 10, 2016 2:49:46 PM hudson.node_monitors.ResponseTimeMonitor$1 monitor
WARNING: Making ase_test_linux_lisa offline because it’s not responding
Aug 10, 2016 2:58:26 PM hudson.slaves.SlaveComputer tryReconnect
INFO: Attempting to reconnect ase_test_linux_lisa
Aug 10, 2016 2:58:26 PM hudson.slaves.SlaveComputer tryReconnect
INFO: Attempting to reconnect installer_test_linux
Aug 10, 2016 3:22:26 PM hudson.slaves.SlaveComputer tryReconnect
INFO: Attempting to reconnect ase_test_linux_lisa
Aug 10, 2016 3:22:26 PM hudson.slaves.SlaveComputer tryReconnect
INFO: Attempting to reconnect installer_test_linux
Aug 10, 2016 3:33:04 PM hudson.model.AsyncPeriodicWork$1 run
INFO: Started Fingerprint cleanup
Aug 10, 2016 3:33:04 PM hudson.model.AsyncPeriodicWork$1 run
INFO: Finished Fingerprint cleanup. 17 ms
Aug 10, 2016 3:43:26 PM hudson.slaves.SlaveComputer tryReconnect
INFO: Attempting to reconnect ase_test_linux_lisa
Aug 10, 2016 3:43:26 PM hudson.slaves.SlaveComputer tryReconnect
INFO: Attempting to reconnect installer_test_linux
Aug 10, 2016 3:49:46 PM hudson.node_monitors.ResponseTimeMonitor$1 monitor
WARNING: Making installer_test_linux offline because it’s not responding
Aug 10, 2016 3:49:46 PM hudson.node_monitors.ResponseTimeMonitor$1 monitor
WARNING: Making ase_test_linux_lisa offline because it’s not responding
Aug 10, 2016 4:03:26 PM hudson.slaves.SlaveComputer tryReconnect
INFO: Attempting to reconnect ase_test_linux_lisa
Aug 10, 2016 4:03:26 PM hudson.slaves.SlaveComputer tryReconnect
INFO: Attempting to reconnect installer_test_linux
Aug 10, 2016 4:04:53 PM hudson.model.AsyncPeriodicWork$1 run
INFO: Started Workspace clean-up
Aug 10, 2016 4:04:54 PM hudson.model.AsyncPeriodicWork$1 run
INFO: Finished Workspace clean-up. 379 ms
Aug 10, 2016 4:27:26 PM hudson.slaves.SlaveComputer tryReconnect
INFO: Attempting to reconnect ase_test_linux_lisa
Aug 10, 2016 4:27:26 PM hudson.slaves.SlaveComputer tryReconnect
INFO: Attempting to reconnect installer_test_linux
Aug 10, 2016 4:49:26 PM hudson.slaves.SlaveComputer tryReconnect
INFO: Attempting to reconnect ase_test_linux_lisa
Aug 10, 2016 4:49:26 PM hudson.slaves.SlaveComputer tryReconnect
INFO: Attempting to reconnect installer_test_linux
Aug 10, 2016 4:49:46 PM hudson.node_monitors.ResponseTimeMonitor$1 monitor
WARNING: Making installer_test_linux offline because it’s not responding
Aug 10, 2016 4:49:46 PM hudson.node_monitors.ResponseTimeMonitor$1 monitor
WARNING: Making ase_test_linux_lisa offline because it’s not responding
Aug 10, 2016 5:11:26 PM hudson.slaves.SlaveComputer tryReconnect
INFO: Attempting to reconnect ase_test_linux_lisa
Aug 10, 2016 5:11:26 PM hudson.slaves.SlaveComputer tryReconnect
INFO: Attempting to reconnect installer_test_linux
Aug 10, 2016 5:34:26 PM hudson.slaves.SlaveComputer tryReconnect
INFO: Attempting to reconnect ase_test_linux_lisa
Aug 10, 2016 5:34:26 PM hudson.slaves.SlaveComputer tryReconnect
INFO: Attempting to reconnect installer_test_linux
Aug 10, 2016 5:36:13 PM hudson.model.Run execute
INFO: SRS_RMA_BUILD_TRIGGER_BY_RMADEV_SP305 #14 main build action completed: SUCCESS
Aug 10, 2016 5:49:46 PM hudson.node_monitors.ResponseTimeMonitor$1 monitor
WARNING: Making installer_test_linux offline because it’s not responding
Aug 10, 2016 5:49:46 PM hudson.node_monitors.ResponseTimeMonitor$1 monitor
WARNING: Making ase_test_linux_lisa offline because it’s not responding
Aug 10, 2016 5:56:26 PM hudson.slaves.SlaveComputer tryReconnect
INFO: Attempting to reconnect ase_test_linux_lisa
Aug 10, 2016 5:56:26 PM hudson.slaves.SlaveComputer tryReconnect
INFO: Attempting to reconnect installer_test_linux
Aug 10, 2016 6:18:26 PM hudson.slaves.SlaveComputer tryReconnect
INFO: Attempting to reconnect ase_test_linux_lisa
Aug 10, 2016 6:18:26 PM hudson.slaves.SlaveComputer tryReconnect
INFO: Attempting to reconnect installer_test_linux
Aug 10, 2016 6:37:26 PM hudson.slaves.SlaveComputer tryReconnect
INFO: Attempting to reconnect ase_test_linux_lisa
Aug 10, 2016 6:37:26 PM hudson.slaves.SlaveComputer tryReconnect
INFO: Attempting to reconnect installer_test_linux
Aug 10, 2016 6:49:46 PM hudson.node_monitors.ResponseTimeMonitor$1 monitor
WARNING: Making installer_test_linux offline because it’s not responding
Aug 10, 2016 6:49:46 PM hudson.node_monitors.ResponseTimeMonitor$1 monitor
WARNING: Making ase_test_linux_lisa offline because it’s not responding
Aug 10, 2016 6:59:26 PM hudson.slaves.SlaveComputer tryReconnect
INFO: Attempting to reconnect ase_test_linux_lisa
Aug 10, 2016 6:59:26 PM hudson.slaves.SlaveComputer tryReconnect
INFO: Attempting to reconnect installer_test_linux
Aug 10, 2016 7:21:26 PM hudson.slaves.SlaveComputer tryReconnect
INFO: Attempting to reconnect ase_test_linux_lisa
Aug 10, 2016 7:21:26 PM hudson.slaves.SlaveComputer tryReconnect
INFO: Attempting to reconnect installer_test_linux
Aug 10, 2016 7:44:26 PM hudson.slaves.SlaveComputer tryReconnect
INFO: Attempting to reconnect ase_test_linux_lisa
Aug 10, 2016 7:44:26 PM hudson.slaves.SlaveComputer tryReconnect
INFO: Attempting to reconnect installer_test_linux
Aug 10, 2016 7:49:46 PM hudson.node_monitors.ResponseTimeMonitor$1 monitor
WARNING: Making installer_test_linux offline because it’s not responding
Aug 10, 2016 7:49:46 PM hudson.node_monitors.ResponseTimeMonitor$1 monitor
WARNING: Making ase_test_linux_lisa offline because it’s not responding
Aug 10, 2016 8:04:26 PM hudson.slaves.SlaveComputer tryReconnect
INFO: Attempting to reconnect ase_test_linux_lisa
Aug 10, 2016 8:04:26 PM hudson.slaves.SlaveComputer tryReconnect
INFO: Attempting to reconnect installer_test_linux
Aug 10, 2016 8:27:26 PM hudson.slaves.SlaveComputer tryReconnect
INFO: Attempting to reconnect ase_test_linux_lisa
Aug 10, 2016 8:27:26 PM hudson.slaves.SlaveComputer tryReconnect
INFO: Attempting to reconnect installer_test_linux
Aug 10, 2016 8:49:46 PM hudson.node_monitors.ResponseTimeMonitor$1 monitor
WARNING: Making installer_test_linux offline because it’s not responding
Aug 10, 2016 8:49:46 PM hudson.node_monitors.ResponseTimeMonitor$1 monitor
WARNING: Making ase_test_linux_lisa offline because it’s not responding
Aug 10, 2016 8:50:26 PM hudson.slaves.SlaveComputer tryReconnect
INFO: Attempting to reconnect ase_test_linux_lisa
Aug 10, 2016 8:50:26 PM hudson.slaves.SlaveComputer tryReconnect
INFO: Attempting to reconnect installer_test_linux
Aug 10, 2016 9:12:26 PM hudson.slaves.SlaveComputer tryReconnect
INFO: Attempting to reconnect ase_test_linux_lisa
Aug 10, 2016 9:12:26 PM hudson.slaves.SlaveComputer tryReconnect
INFO: Attempting to reconnect installer_test_linux
Aug 10, 2016 9:34:26 PM hudson.slaves.SlaveComputer tryReconnect
INFO: Attempting to reconnect ase_test_linux_lisa
Aug 10, 2016 9:34:26 PM hudson.slaves.SlaveComputer tryReconnect
INFO: Attempting to reconnect installer_test_linux
Aug 10, 2016 9:49:46 PM hudson.node_monitors.ResponseTimeMonitor$1 monitor
WARNING: Making installer_test_linux offline because it’s not responding
Aug 10, 2016 9:49:46 PM hudson.node_monitors.ResponseTimeMonitor$1 monitor
WARNING: Making ase_test_linux_lisa offline because it’s not responding
Aug 10, 2016 9:54:26 PM hudson.slaves.SlaveComputer tryReconnect
INFO: Attempting to reconnect ase_test_linux_lisa
Aug 10, 2016 9:54:26 PM hudson.slaves.SlaveComputer tryReconnect
INFO: Attempting to reconnect installer_test_linux
Aug 10, 2016 10:17:26 PM hudson.slaves.SlaveComputer tryReconnect
INFO: Attempting to reconnect ase_test_linux_lisa
Aug 10, 2016 10:17:26 PM hudson.slaves.SlaveComputer tryReconnect
INFO: Attempting to reconnect installer_test_linux
Aug 10, 2016 10:38:26 PM hudson.slaves.SlaveComputer tryReconnect
INFO: Attempting to reconnect ase_test_linux_lisa
Aug 10, 2016 10:38:26 PM hudson.slaves.SlaveComputer tryReconnect
INFO: Attempting to reconnect installer_test_linux
Aug 10, 2016 10:49:46 PM hudson.node_monitors.ResponseTimeMonitor$1 monitor
WARNING: Making installer_test_linux offline because it’s not responding
Aug 10, 2016 10:49:46 PM hudson.node_monitors.ResponseTimeMonitor$1 monitor
WARNING: Making ase_test_linux_lisa offline because it’s not responding
Aug 10, 2016 11:01:26 PM hudson.slaves.SlaveComputer tryReconnect
INFO: Attempting to reconnect ase_test_linux_lisa
Aug 10, 2016 11:01:26 PM hudson.slaves.SlaveComputer tryReconnect
INFO: Attempting to reconnect installer_test_linux
Aug 10, 2016 11:21:26 PM hudson.slaves.SlaveComputer tryReconnect
INFO: Attempting to reconnect ase_test_linux_lisa
Aug 10, 2016 11:21:26 PM hudson.slaves.SlaveComputer tryReconnect
INFO: Attempting to reconnect installer_test_linux
Aug 10, 2016 11:43:26 PM hudson.slaves.SlaveComputer tryReconnect
INFO: Attempting to reconnect ase_test_linux_lisa
Aug 10, 2016 11:43:26 PM hudson.slaves.SlaveComputer tryReconnect
INFO: Attempting to reconnect installer_test_linux
Aug 10, 2016 11:49:46 PM hudson.node_monitors.ResponseTimeMonitor$1 monitor
WARNING: Making installer_test_linux offline because it’s not responding
Aug 10, 2016 11:49:46 PM hudson.node_monitors.ResponseTimeMonitor$1 monitor
WARNING: Making ase_test_linux_lisa offline because it’s not responding
