Mar 13, 2016 12:25:02 AM hudson.diagnosis.HudsonHomeDiskUsageChecker doRun
INFO: JENKINS_HOME disk usage information isn't available. aborting to monitor
Mar 13, 2016 1:25:02 AM hudson.diagnosis.HudsonHomeDiskUsageChecker doRun
INFO: JENKINS_HOME disk usage information isn't available. aborting to monitor
Mar 13, 2016 3:25:02 AM hudson.diagnosis.HudsonHomeDiskUsageChecker doRun
INFO: JENKINS_HOME disk usage information isn't available. aborting to monitor
Mar 13, 2016 4:25:02 AM hudson.diagnosis.HudsonHomeDiskUsageChecker doRun
INFO: JENKINS_HOME disk usage information isn't available. aborting to monitor
Mar 13, 2016 4:41:50 AM hudson.model.AsyncPeriodicWork$1 run
INFO: Started Fingerprint cleanup
Mar 13, 2016 4:41:50 AM hudson.model.AsyncPeriodicWork$1 run
INFO: Finished Fingerprint cleanup. 2 ms
Mar 13, 2016 5:25:02 AM hudson.diagnosis.HudsonHomeDiskUsageChecker doRun
INFO: JENKINS_HOME disk usage information isn't available. aborting to monitor
Mar 13, 2016 6:25:02 AM hudson.diagnosis.HudsonHomeDiskUsageChecker doRun
INFO: JENKINS_HOME disk usage information isn't available. aborting to monitor
Mar 13, 2016 6:26:32 AM hudson.model.AsyncPeriodicWork$1 run
INFO: Started Workspace clean-up
Mar 13, 2016 6:26:32 AM hudson.model.AsyncPeriodicWork$1 run
INFO: Finished Workspace clean-up. 160 ms
Mar 13, 2016 7:25:02 AM hudson.diagnosis.HudsonHomeDiskUsageChecker doRun
INFO: JENKINS_HOME disk usage information isn't available. aborting to monitor
Mar 13, 2016 8:25:02 AM hudson.diagnosis.HudsonHomeDiskUsageChecker doRun
INFO: JENKINS_HOME disk usage information isn't available. aborting to monitor
Mar 13, 2016 9:25:02 AM hudson.diagnosis.HudsonHomeDiskUsageChecker doRun
INFO: JENKINS_HOME disk usage information isn't available. aborting to monitor
Mar 13, 2016 10:25:02 AM hudson.diagnosis.HudsonHomeDiskUsageChecker doRun
INFO: JENKINS_HOME disk usage information isn't available. aborting to monitor
Mar 13, 2016 11:25:02 AM hudson.diagnosis.HudsonHomeDiskUsageChecker doRun
INFO: JENKINS_HOME disk usage information isn't available. aborting to monitor
Mar 13, 2016 12:25:02 PM hudson.diagnosis.HudsonHomeDiskUsageChecker doRun
INFO: JENKINS_HOME disk usage information isn't available. aborting to monitor
Mar 13, 2016 1:25:02 PM hudson.diagnosis.HudsonHomeDiskUsageChecker doRun
INFO: JENKINS_HOME disk usage information isn't available. aborting to monitor
Mar 13, 2016 1:59:36 PM hudson.model.AsyncPeriodicWork$1 run
INFO: Started Download metadata
Mar 13, 2016 1:59:47 PM hudson.model.UpdateSite updateData
INFO: Obtained the latest update center data file for UpdateSource default
Mar 13, 2016 1:59:47 PM hudson.model.AsyncPeriodicWork$1 run
INFO: Finished Download metadata. 10,765 ms
Mar 13, 2016 2:25:02 PM hudson.diagnosis.HudsonHomeDiskUsageChecker doRun
INFO: JENKINS_HOME disk usage information isn't available. aborting to monitor
Mar 13, 2016 3:25:02 PM hudson.diagnosis.HudsonHomeDiskUsageChecker doRun
INFO: JENKINS_HOME disk usage information isn't available. aborting to monitor
Mar 13, 2016 4:25:02 PM hudson.diagnosis.HudsonHomeDiskUsageChecker doRun
INFO: JENKINS_HOME disk usage information isn't available. aborting to monitor
Mar 13, 2016 5:25:02 PM hudson.diagnosis.HudsonHomeDiskUsageChecker doRun
INFO: JENKINS_HOME disk usage information isn't available. aborting to monitor
Mar 13, 2016 6:25:02 PM hudson.diagnosis.HudsonHomeDiskUsageChecker doRun
INFO: JENKINS_HOME disk usage information isn't available. aborting to monitor
Mar 13, 2016 8:28:49 PM hudson.model.Run execute
INFO: SRS_RMA_BUILD_TRIGGER_BY_RMADEV_SP303 #60 main build action completed: SUCCESS
Mar 13, 2016 9:02:56 PM hudson.model.Run execute
INFO: SRS_RMA_BUILD_TRIGGER_BY_RMADEV_SP303 #61 main build action completed: SUCCESS
Mar 13, 2016 11:25:02 PM hudson.diagnosis.HudsonHomeDiskUsageChecker doRun
INFO: JENKINS_HOME disk usage information isn't available. aborting to monitor
