Dec 26, 2017 12:17:08 AM hudson.slaves.SlaveComputer tryReconnect
INFO: Attempting to reconnect ase_test_txue
Dec 26, 2017 12:36:08 AM hudson.slaves.SlaveComputer tryReconnect
INFO: Attempting to reconnect ase_test_txue
Dec 26, 2017 12:37:14 AM hudson.node_monitors.ResponseTimeMonitor$1 monitor
WARNING: Making NT_MONSOON offline because it?s not responding
Dec 26, 2017 12:37:14 AM hudson.node_monitors.ResponseTimeMonitor$1 monitor
WARNING: Making ase_test_txue offline because it?s not responding
Dec 26, 2017 12:55:08 AM hudson.slaves.SlaveComputer tryReconnect
INFO: Attempting to reconnect ase_test_txue
Dec 26, 2017 1:14:08 AM hudson.slaves.SlaveComputer tryReconnect
INFO: Attempting to reconnect ase_test_txue
Dec 26, 2017 1:33:08 AM hudson.slaves.SlaveComputer tryReconnect
INFO: Attempting to reconnect ase_test_txue
Dec 26, 2017 1:37:14 AM hudson.node_monitors.ResponseTimeMonitor$1 monitor
WARNING: Making NT_MONSOON offline because it?s not responding
Dec 26, 2017 1:37:14 AM hudson.node_monitors.ResponseTimeMonitor$1 monitor
WARNING: Making ase_test_txue offline because it?s not responding
Dec 26, 2017 1:55:08 AM hudson.slaves.SlaveComputer tryReconnect
INFO: Attempting to reconnect ase_test_txue
Dec 26, 2017 2:17:08 AM hudson.slaves.SlaveComputer tryReconnect
INFO: Attempting to reconnect ase_test_txue
Dec 26, 2017 2:37:14 AM hudson.node_monitors.ResponseTimeMonitor$1 monitor
WARNING: Making NT_MONSOON offline because it?s not responding
Dec 26, 2017 2:37:14 AM hudson.node_monitors.ResponseTimeMonitor$1 monitor
WARNING: Making ase_test_txue offline because it?s not responding
Dec 26, 2017 2:38:08 AM hudson.slaves.SlaveComputer tryReconnect
INFO: Attempting to reconnect ase_test_txue
Dec 26, 2017 2:59:08 AM hudson.slaves.SlaveComputer tryReconnect
INFO: Attempting to reconnect ase_test_txue
Dec 26, 2017 3:18:08 AM hudson.slaves.SlaveComputer tryReconnect
INFO: Attempting to reconnect ase_test_txue
Dec 26, 2017 3:33:13 AM hudson.model.AsyncPeriodicWork$1 run
INFO: Started Download metadata
Dec 26, 2017 3:33:31 AM hudson.model.UpdateSite updateData
INFO: Obtained the latest update center data file for UpdateSource default
Dec 26, 2017 3:33:33 AM hudson.model.AsyncPeriodicWork$1 run
INFO: Finished Download metadata. 20,487 ms
Dec 26, 2017 3:37:08 AM hudson.slaves.SlaveComputer tryReconnect
INFO: Attempting to reconnect ase_test_txue
Dec 26, 2017 3:37:14 AM hudson.node_monitors.ResponseTimeMonitor$1 monitor
WARNING: Making NT_MONSOON offline because it?s not responding
Dec 26, 2017 3:37:14 AM hudson.node_monitors.ResponseTimeMonitor$1 monitor
WARNING: Making ase_test_txue offline because it?s not responding
Dec 26, 2017 3:57:08 AM hudson.slaves.SlaveComputer tryReconnect
INFO: Attempting to reconnect ase_test_txue
Dec 26, 2017 4:19:08 AM hudson.slaves.SlaveComputer tryReconnect
INFO: Attempting to reconnect ase_test_txue
Dec 26, 2017 4:37:14 AM hudson.node_monitors.ResponseTimeMonitor$1 monitor
WARNING: Making NT_MONSOON offline because it?s not responding
Dec 26, 2017 4:37:14 AM hudson.node_monitors.ResponseTimeMonitor$1 monitor
WARNING: Making ase_test_txue offline because it?s not responding
Dec 26, 2017 4:41:08 AM hudson.slaves.SlaveComputer tryReconnect
INFO: Attempting to reconnect ase_test_txue
Dec 26, 2017 5:03:08 AM hudson.slaves.SlaveComputer tryReconnect
INFO: Attempting to reconnect ase_test_txue
Dec 26, 2017 5:25:08 AM hudson.slaves.SlaveComputer tryReconnect
INFO: Attempting to reconnect ase_test_txue
Dec 26, 2017 5:37:14 AM hudson.node_monitors.ResponseTimeMonitor$1 monitor
WARNING: Making NT_MONSOON offline because it?s not responding
Dec 26, 2017 5:37:14 AM hudson.node_monitors.ResponseTimeMonitor$1 monitor
WARNING: Making ase_test_txue offline because it?s not responding
Dec 26, 2017 5:47:08 AM hudson.slaves.SlaveComputer tryReconnect
INFO: Attempting to reconnect ase_test_txue
Dec 26, 2017 6:09:08 AM hudson.slaves.SlaveComputer tryReconnect
INFO: Attempting to reconnect ase_test_txue
Dec 26, 2017 6:29:08 AM hudson.slaves.SlaveComputer tryReconnect
INFO: Attempting to reconnect ase_test_txue
Dec 26, 2017 6:37:14 AM hudson.node_monitors.ResponseTimeMonitor$1 monitor
WARNING: Making NT_MONSOON offline because it?s not responding
Dec 26, 2017 6:37:14 AM hudson.node_monitors.ResponseTimeMonitor$1 monitor
WARNING: Making ase_test_txue offline because it?s not responding
Dec 26, 2017 6:49:08 AM hudson.slaves.SlaveComputer tryReconnect
INFO: Attempting to reconnect ase_test_txue
Dec 26, 2017 7:10:08 AM hudson.slaves.SlaveComputer tryReconnect
INFO: Attempting to reconnect ase_test_txue
Dec 26, 2017 7:32:08 AM hudson.slaves.SlaveComputer tryReconnect
INFO: Attempting to reconnect ase_test_txue
Dec 26, 2017 7:37:14 AM hudson.node_monitors.ResponseTimeMonitor$1 monitor
WARNING: Making NT_MONSOON offline because it?s not responding
Dec 26, 2017 7:37:14 AM hudson.node_monitors.ResponseTimeMonitor$1 monitor
WARNING: Making ase_test_txue offline because it?s not responding
Dec 26, 2017 7:54:08 AM hudson.slaves.SlaveComputer tryReconnect
INFO: Attempting to reconnect ase_test_txue
Dec 26, 2017 8:16:08 AM hudson.slaves.SlaveComputer tryReconnect
INFO: Attempting to reconnect ase_test_txue
Dec 26, 2017 8:35:08 AM hudson.slaves.SlaveComputer tryReconnect
INFO: Attempting to reconnect ase_test_txue
Dec 26, 2017 8:37:14 AM hudson.node_monitors.ResponseTimeMonitor$1 monitor
WARNING: Making NT_MONSOON offline because it?s not responding
Dec 26, 2017 8:37:14 AM hudson.node_monitors.ResponseTimeMonitor$1 monitor
WARNING: Making ase_test_txue offline because it?s not responding
Dec 26, 2017 8:54:08 AM hudson.slaves.SlaveComputer tryReconnect
INFO: Attempting to reconnect ase_test_txue
Dec 26, 2017 9:11:43 AM hudson.model.Run execute
INFO: SRS_RMA_BUILD_TRIGGER_BY_RMADEV_160SP03 #373 main build action completed: FAILURE
Dec 26, 2017 9:14:08 AM hudson.slaves.SlaveComputer tryReconnect
INFO: Attempting to reconnect ase_test_txue
Dec 26, 2017 9:26:00 AM hudson.model.Run execute
INFO: SRS_RMA_BUILD_TRIGGER_BY_RMADEV_160SP03PL02 #168 main build action completed: SUCCESS
Dec 26, 2017 9:34:08 AM hudson.slaves.SlaveComputer tryReconnect
INFO: Attempting to reconnect ase_test_txue
Dec 26, 2017 9:37:14 AM hudson.node_monitors.ResponseTimeMonitor$1 monitor
WARNING: Making NT_MONSOON offline because it?s not responding
Dec 26, 2017 9:37:14 AM hudson.node_monitors.ResponseTimeMonitor$1 monitor
WARNING: Making ase_test_txue offline because it?s not responding
Dec 26, 2017 9:54:08 AM hudson.slaves.SlaveComputer tryReconnect
INFO: Attempting to reconnect ase_test_txue
Dec 26, 2017 10:17:08 AM hudson.slaves.SlaveComputer tryReconnect
INFO: Attempting to reconnect ase_test_txue
Dec 26, 2017 10:37:08 AM hudson.slaves.SlaveComputer tryReconnect
INFO: Attempting to reconnect ase_test_txue
Dec 26, 2017 10:37:14 AM hudson.node_monitors.ResponseTimeMonitor$1 monitor
WARNING: Making NT_MONSOON offline because it?s not responding
Dec 26, 2017 10:37:14 AM hudson.node_monitors.ResponseTimeMonitor$1 monitor
WARNING: Making ase_test_txue offline because it?s not responding
Dec 26, 2017 10:55:08 AM hudson.slaves.SlaveComputer tryReconnect
INFO: Attempting to reconnect ase_test_txue
Dec 26, 2017 11:18:08 AM hudson.slaves.SlaveComputer tryReconnect
INFO: Attempting to reconnect ase_test_txue
Dec 26, 2017 11:37:14 AM hudson.node_monitors.ResponseTimeMonitor$1 monitor
WARNING: Making NT_MONSOON offline because it?s not responding
Dec 26, 2017 11:37:14 AM hudson.node_monitors.ResponseTimeMonitor$1 monitor
WARNING: Making ase_test_txue offline because it?s not responding
Dec 26, 2017 11:39:08 AM hudson.slaves.SlaveComputer tryReconnect
INFO: Attempting to reconnect ase_test_txue
Dec 26, 2017 11:58:08 AM hudson.slaves.SlaveComputer tryReconnect
INFO: Attempting to reconnect ase_test_txue
Dec 26, 2017 12:02:10 PM hudson.model.Run execute
INFO: SP307_SRS_DAILY_BUILD_INTEGRATION #278 main build action completed: SUCCESS
Dec 26, 2017 12:10:06 PM hudson.model.Run execute
INFO: SRS_DROP_TEST_FOR_ASE_SP307 #277 main build action completed: SUCCESS
Dec 26, 2017 12:10:07 PM hudson.model.Run execute
INFO: SP307_SRS_DAILY_BUILD_AND_DROP_TO_ASE #228 main build action completed: SUCCESS
Dec 26, 2017 12:20:08 PM hudson.slaves.SlaveComputer tryReconnect
INFO: Attempting to reconnect ase_test_txue
Dec 26, 2017 12:23:34 PM hudson.model.Run execute
INFO: 160SP03PL04_SRS_DAILY_BUILD_INTEGRATION #56 main build action completed: SUCCESS
Dec 26, 2017 12:33:30 PM hudson.model.Run execute
INFO: SRS_DROP_TEST_FOR_ASE_SP03PL04 #49 main build action completed: SUCCESS
Dec 26, 2017 12:33:33 PM hudson.model.Run execute
INFO: 160SP03PL04_SRS_DAILY_BUILD_AND_DROP_TO_ASE #53 main build action completed: SUCCESS
Dec 26, 2017 12:37:14 PM hudson.node_monitors.ResponseTimeMonitor$1 monitor
WARNING: Making NT_MONSOON offline because it?s not responding
Dec 26, 2017 12:37:14 PM hudson.node_monitors.ResponseTimeMonitor$1 monitor
WARNING: Making ase_test_txue offline because it?s not responding
Dec 26, 2017 12:42:08 PM hudson.slaves.SlaveComputer tryReconnect
INFO: Attempting to reconnect ase_test_txue
Dec 26, 2017 1:04:08 PM hudson.slaves.SlaveComputer tryReconnect
INFO: Attempting to reconnect ase_test_txue
Dec 26, 2017 1:25:08 PM hudson.slaves.SlaveComputer tryReconnect
INFO: Attempting to reconnect ase_test_txue
Dec 26, 2017 1:37:14 PM hudson.node_monitors.ResponseTimeMonitor$1 monitor
WARNING: Making NT_MONSOON offline because it?s not responding
Dec 26, 2017 1:37:14 PM hudson.node_monitors.ResponseTimeMonitor$1 monitor
WARNING: Making ase_test_txue offline because it?s not responding
Dec 26, 2017 1:45:08 PM hudson.slaves.SlaveComputer tryReconnect
INFO: Attempting to reconnect ase_test_txue
Dec 26, 2017 1:51:44 PM hudson.model.AsyncPeriodicWork$1 run
INFO: Started Fingerprint cleanup
Dec 26, 2017 1:51:44 PM hudson.model.AsyncPeriodicWork$1 run
INFO: Finished Fingerprint cleanup. 4 ms
Dec 26, 2017 1:58:07 PM hudson.model.Run execute
INFO: SRS_RMA_BUILD_TRIGGER_BY_RMADEV_160SP03PL04 #52 main build action completed: SUCCESS
Dec 26, 2017 2:07:08 PM hudson.slaves.SlaveComputer tryReconnect
INFO: Attempting to reconnect ase_test_txue
Dec 26, 2017 2:29:08 PM hudson.slaves.SlaveComputer tryReconnect
INFO: Attempting to reconnect ase_test_txue
Dec 26, 2017 2:37:14 PM hudson.node_monitors.ResponseTimeMonitor$1 monitor
WARNING: Making NT_MONSOON offline because it?s not responding
Dec 26, 2017 2:37:14 PM hudson.node_monitors.ResponseTimeMonitor$1 monitor
WARNING: Making ase_test_txue offline because it?s not responding
Dec 26, 2017 2:48:08 PM hudson.slaves.SlaveComputer tryReconnect
INFO: Attempting to reconnect ase_test_txue
Dec 26, 2017 3:10:08 PM hudson.slaves.SlaveComputer tryReconnect
INFO: Attempting to reconnect ase_test_txue
Dec 26, 2017 3:32:08 PM hudson.slaves.SlaveComputer tryReconnect
INFO: Attempting to reconnect ase_test_txue
Dec 26, 2017 3:37:14 PM hudson.node_monitors.ResponseTimeMonitor$1 monitor
WARNING: Making NT_MONSOON offline because it?s not responding
Dec 26, 2017 3:37:14 PM hudson.node_monitors.ResponseTimeMonitor$1 monitor
WARNING: Making ase_test_txue offline because it?s not responding
Dec 26, 2017 3:52:08 PM hudson.slaves.SlaveComputer tryReconnect
INFO: Attempting to reconnect ase_test_txue
Dec 26, 2017 4:12:08 PM hudson.slaves.SlaveComputer tryReconnect
INFO: Attempting to reconnect ase_test_txue
Dec 26, 2017 4:30:08 PM hudson.slaves.SlaveComputer tryReconnect
INFO: Attempting to reconnect ase_test_txue
Dec 26, 2017 4:37:14 PM hudson.node_monitors.ResponseTimeMonitor$1 monitor
WARNING: Making NT_MONSOON offline because it?s not responding
Dec 26, 2017 4:37:14 PM hudson.node_monitors.ResponseTimeMonitor$1 monitor
WARNING: Making ase_test_txue offline because it?s not responding
Dec 26, 2017 4:49:08 PM hudson.slaves.SlaveComputer tryReconnect
INFO: Attempting to reconnect ase_test_txue
Dec 26, 2017 5:08:08 PM hudson.slaves.SlaveComputer tryReconnect
INFO: Attempting to reconnect ase_test_txue
Dec 26, 2017 5:29:08 PM hudson.slaves.SlaveComputer tryReconnect
INFO: Attempting to reconnect ase_test_txue
Dec 26, 2017 5:37:14 PM hudson.node_monitors.ResponseTimeMonitor$1 monitor
WARNING: Making NT_MONSOON offline because it?s not responding
Dec 26, 2017 5:37:14 PM hudson.node_monitors.ResponseTimeMonitor$1 monitor
WARNING: Making ase_test_txue offline because it?s not responding
Dec 26, 2017 5:51:08 PM hudson.slaves.SlaveComputer tryReconnect
INFO: Attempting to reconnect ase_test_txue
Dec 26, 2017 6:12:08 PM hudson.slaves.SlaveComputer tryReconnect
INFO: Attempting to reconnect ase_test_txue
Dec 26, 2017 6:31:08 PM hudson.slaves.SlaveComputer tryReconnect
INFO: Attempting to reconnect ase_test_txue
Dec 26, 2017 6:37:14 PM hudson.node_monitors.ResponseTimeMonitor$1 monitor
WARNING: Making NT_MONSOON offline because it?s not responding
Dec 26, 2017 6:37:14 PM hudson.node_monitors.ResponseTimeMonitor$1 monitor
WARNING: Making ase_test_txue offline because it?s not responding
Dec 26, 2017 6:51:08 PM hudson.slaves.SlaveComputer tryReconnect
INFO: Attempting to reconnect ase_test_txue
Dec 26, 2017 7:10:08 PM hudson.slaves.SlaveComputer tryReconnect
INFO: Attempting to reconnect ase_test_txue
Dec 26, 2017 7:32:08 PM hudson.slaves.SlaveComputer tryReconnect
INFO: Attempting to reconnect ase_test_txue
Dec 26, 2017 7:37:14 PM hudson.node_monitors.ResponseTimeMonitor$1 monitor
WARNING: Making NT_MONSOON offline because it?s not responding
Dec 26, 2017 7:37:14 PM hudson.node_monitors.ResponseTimeMonitor$1 monitor
WARNING: Making ase_test_txue offline because it?s not responding
Dec 26, 2017 7:37:44 PM hudson.node_monitors.AbstractAsyncNodeMonitorDescriptor monitor
WARNING: Failed to monitor monsoon_installer_build for Free Disk Space
java.util.concurrent.TimeoutException
	at hudson.remoting.Request$1.get(Request.java:271)
	at hudson.remoting.Request$1.get(Request.java:206)
	at hudson.remoting.FutureAdapter.get(FutureAdapter.java:59)
	at hudson.node_monitors.AbstractAsyncNodeMonitorDescriptor.monitor(AbstractAsyncNodeMonitorDescriptor.java:97)
	at hudson.node_monitors.AbstractNodeMonitorDescriptor$Record.run(AbstractNodeMonitorDescriptor.java:302)

Dec 26, 2017 7:52:08 PM hudson.slaves.SlaveComputer tryReconnect
INFO: Attempting to reconnect ase_test_txue
Dec 26, 2017 8:11:08 PM hudson.slaves.SlaveComputer tryReconnect
INFO: Attempting to reconnect ase_test_txue
Dec 26, 2017 8:28:08 PM hudson.slaves.SlaveComputer tryReconnect
INFO: Attempting to reconnect ase_test_txue
Dec 26, 2017 8:37:14 PM hudson.node_monitors.ResponseTimeMonitor$1 monitor
WARNING: Making NT_MONSOON offline because it?s not responding
Dec 26, 2017 8:37:14 PM hudson.node_monitors.ResponseTimeMonitor$1 monitor
WARNING: Making ase_test_txue offline because it?s not responding
Dec 26, 2017 8:49:08 PM hudson.slaves.SlaveComputer tryReconnect
INFO: Attempting to reconnect ase_test_txue
Dec 26, 2017 9:08:08 PM hudson.slaves.SlaveComputer tryReconnect
INFO: Attempting to reconnect ase_test_txue
Dec 26, 2017 9:30:08 PM hudson.slaves.SlaveComputer tryReconnect
INFO: Attempting to reconnect ase_test_txue
Dec 26, 2017 9:37:14 PM hudson.node_monitors.ResponseTimeMonitor$1 monitor
WARNING: Making NT_MONSOON offline because it?s not responding
Dec 26, 2017 9:37:14 PM hudson.node_monitors.ResponseTimeMonitor$1 monitor
WARNING: Making ase_test_txue offline because it?s not responding
Dec 26, 2017 9:52:08 PM hudson.slaves.SlaveComputer tryReconnect
INFO: Attempting to reconnect ase_test_txue
Dec 26, 2017 10:14:08 PM hudson.slaves.SlaveComputer tryReconnect
INFO: Attempting to reconnect ase_test_txue
Dec 26, 2017 10:14:45 PM hudson.model.AsyncPeriodicWork$1 run
INFO: Started Workspace clean-up
Dec 26, 2017 10:14:46 PM hudson.model.AsyncPeriodicWork$1 run
INFO: Finished Workspace clean-up. 1,671 ms
Dec 26, 2017 10:36:08 PM hudson.slaves.SlaveComputer tryReconnect
INFO: Attempting to reconnect ase_test_txue
Dec 26, 2017 10:37:14 PM hudson.node_monitors.ResponseTimeMonitor$1 monitor
WARNING: Making NT_MONSOON offline because it?s not responding
Dec 26, 2017 10:37:14 PM hudson.node_monitors.ResponseTimeMonitor$1 monitor
WARNING: Making ase_test_txue offline because it?s not responding
Dec 26, 2017 10:58:08 PM hudson.slaves.SlaveComputer tryReconnect
INFO: Attempting to reconnect ase_test_txue
Dec 26, 2017 11:21:08 PM hudson.slaves.SlaveComputer tryReconnect
INFO: Attempting to reconnect ase_test_txue
Dec 26, 2017 11:37:14 PM hudson.node_monitors.ResponseTimeMonitor$1 monitor
WARNING: Making NT_MONSOON offline because it?s not responding
Dec 26, 2017 11:37:14 PM hudson.node_monitors.ResponseTimeMonitor$1 monitor
WARNING: Making ase_test_txue offline because it?s not responding
Dec 26, 2017 11:42:08 PM hudson.slaves.SlaveComputer tryReconnect
INFO: Attempting to reconnect ase_test_txue
