Dec 27, 2016 12:37:18 AM hudson.node_monitors.ResponseTimeMonitor$1 monitor
WARNING: Making NT_MONSOON offline because it’s not responding
Dec 27, 2016 1:37:18 AM hudson.node_monitors.ResponseTimeMonitor$1 monitor
WARNING: Making NT_MONSOON offline because it’s not responding
Dec 27, 2016 2:37:18 AM hudson.node_monitors.ResponseTimeMonitor$1 monitor
WARNING: Making NT_MONSOON offline because it’s not responding
Dec 27, 2016 3:37:18 AM hudson.node_monitors.ResponseTimeMonitor$1 monitor
WARNING: Making NT_MONSOON offline because it’s not responding
Dec 27, 2016 3:48:29 AM hudson.model.AsyncPeriodicWork$1 run
INFO: Started Workspace clean-up
Dec 27, 2016 3:48:30 AM hudson.model.AsyncPeriodicWork$1 run
INFO: Finished Workspace clean-up. 701 ms
Dec 27, 2016 4:37:18 AM hudson.node_monitors.ResponseTimeMonitor$1 monitor
WARNING: Making NT_MONSOON offline because it’s not responding
Dec 27, 2016 5:37:18 AM hudson.node_monitors.ResponseTimeMonitor$1 monitor
WARNING: Making NT_MONSOON offline because it’s not responding
Dec 27, 2016 6:37:18 AM hudson.node_monitors.ResponseTimeMonitor$1 monitor
WARNING: Making NT_MONSOON offline because it’s not responding
Dec 27, 2016 7:37:18 AM hudson.node_monitors.ResponseTimeMonitor$1 monitor
WARNING: Making NT_MONSOON offline because it’s not responding
Dec 27, 2016 8:05:27 AM hudson.model.Run execute
INFO: SRS_RMA_BUILD_TRIGGER_BY_RMADEV_SP305 #151 main build action completed: FAILURE
Dec 27, 2016 8:05:28 AM hudson.model.Run execute
INFO: SRS_RMA_BUILD_TRIGGER_BY_RMADEV_SP306 #36 main build action completed: FAILURE
Dec 27, 2016 8:37:18 AM hudson.node_monitors.ResponseTimeMonitor$1 monitor
WARNING: Making NT_MONSOON offline because it’s not responding
Dec 27, 2016 9:21:02 AM hudson.model.AsyncPeriodicWork$1 run
INFO: Started Fingerprint cleanup
Dec 27, 2016 9:21:02 AM hudson.model.AsyncPeriodicWork$1 run
INFO: Finished Fingerprint cleanup. 1 ms
Dec 27, 2016 9:37:18 AM hudson.node_monitors.ResponseTimeMonitor$1 monitor
WARNING: Making NT_MONSOON offline because it’s not responding
Dec 27, 2016 10:37:18 AM hudson.node_monitors.ResponseTimeMonitor$1 monitor
WARNING: Making NT_MONSOON offline because it’s not responding
Dec 27, 2016 11:37:18 AM hudson.node_monitors.ResponseTimeMonitor$1 monitor
WARNING: Making NT_MONSOON offline because it’s not responding
Dec 27, 2016 12:37:18 PM hudson.node_monitors.ResponseTimeMonitor$1 monitor
WARNING: Making NT_MONSOON offline because it’s not responding
Dec 27, 2016 1:37:18 PM hudson.node_monitors.ResponseTimeMonitor$1 monitor
WARNING: Making NT_MONSOON offline because it’s not responding
Dec 27, 2016 2:37:18 PM hudson.node_monitors.ResponseTimeMonitor$1 monitor
WARNING: Making NT_MONSOON offline because it’s not responding
Dec 27, 2016 3:37:18 PM hudson.node_monitors.ResponseTimeMonitor$1 monitor
WARNING: Making NT_MONSOON offline because it’s not responding
Dec 27, 2016 4:37:18 PM hudson.node_monitors.ResponseTimeMonitor$1 monitor
WARNING: Making NT_MONSOON offline because it’s not responding
Dec 27, 2016 5:37:18 PM hudson.node_monitors.ResponseTimeMonitor$1 monitor
WARNING: Making NT_MONSOON offline because it’s not responding
Dec 27, 2016 6:37:18 PM hudson.node_monitors.ResponseTimeMonitor$1 monitor
WARNING: Making NT_MONSOON offline because it’s not responding
Dec 27, 2016 7:37:18 PM hudson.node_monitors.ResponseTimeMonitor$1 monitor
WARNING: Making NT_MONSOON offline because it’s not responding
Dec 27, 2016 8:37:18 PM hudson.node_monitors.ResponseTimeMonitor$1 monitor
WARNING: Making NT_MONSOON offline because it’s not responding
Dec 27, 2016 9:37:18 PM hudson.node_monitors.ResponseTimeMonitor$1 monitor
WARNING: Making NT_MONSOON offline because it’s not responding
Dec 27, 2016 10:26:43 PM hudson.model.AsyncPeriodicWork$1 run
INFO: Started Download metadata
Dec 27, 2016 10:26:53 PM hudson.model.UpdateSite updateData
INFO: Obtained the latest update center data file for UpdateSource default
Dec 27, 2016 10:26:54 PM hudson.model.AsyncPeriodicWork$1 run
INFO: Finished Download metadata. 11,148 ms
Dec 27, 2016 10:37:18 PM hudson.node_monitors.ResponseTimeMonitor$1 monitor
WARNING: Making NT_MONSOON offline because it’s not responding
Dec 27, 2016 11:37:18 PM hudson.node_monitors.ResponseTimeMonitor$1 monitor
WARNING: Making NT_MONSOON offline because it’s not responding
