Jul 19, 2015 12:01:08 AM hudson.slaves.SlaveComputer tryReconnect
INFO: Attempting to reconnect Installer_ibmplinux64_elevon
Jul 19, 2015 12:01:08 AM hudson.slaves.SlaveComputer tryReconnect
INFO: Attempting to reconnect RS_build_sunx64_gilroy
Jul 19, 2015 12:01:08 AM hudson.slaves.SlaveComputer tryReconnect
INFO: Attempting to reconnect RS_build_test_hpia64_repqahpia1
Jul 19, 2015 12:01:08 AM hudson.slaves.SlaveComputer tryReconnect
INFO: Attempting to reconnect RS_build_test_hpia64_repqahpia5
Jul 19, 2015 12:03:08 AM hudson.slaves.SlaveComputer tryReconnect
INFO: Attempting to reconnect RS_build_sunx64_asekernal6
Jul 19, 2015 12:07:10 AM hudson.node_monitors.ResponseTimeMonitor$1 monitor
WARNING: Making RS_build_sunx64_augusta offline because it’s not responding
Jul 19, 2015 12:07:10 AM hudson.node_monitors.ResponseTimeMonitor$1 monitor
WARNING: Making RS_build_sunx64_gilroy offline because it’s not responding
Jul 19, 2015 12:07:10 AM hudson.node_monitors.ResponseTimeMonitor$1 monitor
WARNING: Making rs_build_ibmaix_rqavmaix2 offline because it’s not responding
Jul 19, 2015 12:07:10 AM hudson.node_monitors.ResponseTimeMonitor$1 monitor
WARNING: Making RS_build_test_hpia64_repqahpia1 offline because it’s not responding
Jul 19, 2015 12:07:10 AM hudson.node_monitors.ResponseTimeMonitor$1 monitor
WARNING: Making RS_build_test_hpia64_repqahpia5 offline because it’s not responding
Jul 19, 2015 12:07:10 AM hudson.node_monitors.ResponseTimeMonitor$1 monitor
WARNING: Making RS_build_sunx64_asekernal6 offline because it’s not responding
Jul 19, 2015 12:07:10 AM hudson.node_monitors.ResponseTimeMonitor$1 monitor
WARNING: Making Installer_ibmplinux64_elevon offline because it’s not responding
Jul 19, 2015 12:11:08 AM hudson.slaves.SlaveComputer tryReconnect
INFO: Attempting to reconnect rs_build_ibmaix_rqavmaix2
Jul 19, 2015 12:15:08 AM hudson.slaves.SlaveComputer tryReconnect
INFO: Attempting to reconnect RS_build_sunx64_augusta
Jul 19, 2015 12:21:08 AM hudson.slaves.SlaveComputer tryReconnect
INFO: Attempting to reconnect Installer_ibmplinux64_elevon
Jul 19, 2015 12:21:08 AM hudson.slaves.SlaveComputer tryReconnect
INFO: Attempting to reconnect RS_build_sunx64_gilroy
Jul 19, 2015 12:21:08 AM hudson.slaves.SlaveComputer tryReconnect
INFO: Attempting to reconnect RS_build_test_hpia64_repqahpia1
Jul 19, 2015 12:21:08 AM hudson.slaves.SlaveComputer tryReconnect
INFO: Attempting to reconnect RS_build_test_hpia64_repqahpia5
Jul 19, 2015 12:23:08 AM hudson.slaves.SlaveComputer tryReconnect
INFO: Attempting to reconnect RS_build_sunx64_asekernal6
Jul 19, 2015 12:32:08 AM hudson.slaves.SlaveComputer tryReconnect
INFO: Attempting to reconnect rs_build_ibmaix_rqavmaix2
Jul 19, 2015 12:36:08 AM hudson.slaves.SlaveComputer tryReconnect
INFO: Attempting to reconnect RS_build_sunx64_augusta
Jul 19, 2015 12:42:08 AM hudson.slaves.SlaveComputer tryReconnect
INFO: Attempting to reconnect Installer_ibmplinux64_elevon
Jul 19, 2015 12:42:08 AM hudson.slaves.SlaveComputer tryReconnect
INFO: Attempting to reconnect RS_build_sunx64_gilroy
Jul 19, 2015 12:42:08 AM hudson.slaves.SlaveComputer tryReconnect
INFO: Attempting to reconnect RS_build_test_hpia64_repqahpia1
Jul 19, 2015 12:42:08 AM hudson.slaves.SlaveComputer tryReconnect
INFO: Attempting to reconnect RS_build_test_hpia64_repqahpia5
Jul 19, 2015 12:44:08 AM hudson.slaves.SlaveComputer tryReconnect
INFO: Attempting to reconnect RS_build_sunx64_asekernal6
Jul 19, 2015 12:53:08 AM hudson.slaves.SlaveComputer tryReconnect
INFO: Attempting to reconnect rs_build_ibmaix_rqavmaix2
Jul 19, 2015 12:57:08 AM hudson.slaves.SlaveComputer tryReconnect
INFO: Attempting to reconnect RS_build_sunx64_augusta
Jul 19, 2015 1:05:08 AM hudson.slaves.SlaveComputer tryReconnect
INFO: Attempting to reconnect Installer_ibmplinux64_elevon
Jul 19, 2015 1:05:08 AM hudson.slaves.SlaveComputer tryReconnect
INFO: Attempting to reconnect RS_build_sunx64_gilroy
Jul 19, 2015 1:05:08 AM hudson.slaves.SlaveComputer tryReconnect
INFO: Attempting to reconnect RS_build_test_hpia64_repqahpia1
Jul 19, 2015 1:05:08 AM hudson.slaves.SlaveComputer tryReconnect
INFO: Attempting to reconnect RS_build_test_hpia64_repqahpia5
Jul 19, 2015 1:07:08 AM hudson.slaves.SlaveComputer tryReconnect
INFO: Attempting to reconnect RS_build_sunx64_asekernal6
Jul 19, 2015 1:07:10 AM hudson.node_monitors.ResponseTimeMonitor$1 monitor
WARNING: Making RS_build_sunx64_augusta offline because it’s not responding
Jul 19, 2015 1:07:10 AM hudson.node_monitors.ResponseTimeMonitor$1 monitor
WARNING: Making RS_build_sunx64_gilroy offline because it’s not responding
Jul 19, 2015 1:07:10 AM hudson.node_monitors.ResponseTimeMonitor$1 monitor
WARNING: Making rs_build_ibmaix_rqavmaix2 offline because it’s not responding
Jul 19, 2015 1:07:10 AM hudson.node_monitors.ResponseTimeMonitor$1 monitor
WARNING: Making RS_build_test_hpia64_repqahpia1 offline because it’s not responding
Jul 19, 2015 1:07:10 AM hudson.node_monitors.ResponseTimeMonitor$1 monitor
WARNING: Making RS_build_test_hpia64_repqahpia5 offline because it’s not responding
Jul 19, 2015 1:07:10 AM hudson.node_monitors.ResponseTimeMonitor$1 monitor
WARNING: Making RS_build_sunx64_asekernal6 offline because it’s not responding
Jul 19, 2015 1:07:10 AM hudson.node_monitors.ResponseTimeMonitor$1 monitor
WARNING: Making Installer_ibmplinux64_elevon offline because it’s not responding
Jul 19, 2015 1:15:08 AM hudson.slaves.SlaveComputer tryReconnect
INFO: Attempting to reconnect rs_build_ibmaix_rqavmaix2
Jul 19, 2015 1:19:08 AM hudson.slaves.SlaveComputer tryReconnect
INFO: Attempting to reconnect RS_build_sunx64_augusta
Jul 19, 2015 1:26:08 AM hudson.slaves.SlaveComputer tryReconnect
INFO: Attempting to reconnect Installer_ibmplinux64_elevon
Jul 19, 2015 1:26:08 AM hudson.slaves.SlaveComputer tryReconnect
INFO: Attempting to reconnect RS_build_sunx64_gilroy
Jul 19, 2015 1:26:08 AM hudson.slaves.SlaveComputer tryReconnect
INFO: Attempting to reconnect RS_build_test_hpia64_repqahpia1
Jul 19, 2015 1:26:08 AM hudson.slaves.SlaveComputer tryReconnect
INFO: Attempting to reconnect RS_build_test_hpia64_repqahpia5
Jul 19, 2015 1:28:08 AM hudson.slaves.SlaveComputer tryReconnect
INFO: Attempting to reconnect RS_build_sunx64_asekernal6
Jul 19, 2015 1:38:08 AM hudson.slaves.SlaveComputer tryReconnect
INFO: Attempting to reconnect rs_build_ibmaix_rqavmaix2
Jul 19, 2015 1:41:08 AM hudson.slaves.SlaveComputer tryReconnect
INFO: Attempting to reconnect RS_build_sunx64_augusta
Jul 19, 2015 1:47:08 AM hudson.slaves.SlaveComputer tryReconnect
INFO: Attempting to reconnect Installer_ibmplinux64_elevon
Jul 19, 2015 1:47:08 AM hudson.slaves.SlaveComputer tryReconnect
INFO: Attempting to reconnect RS_build_sunx64_gilroy
Jul 19, 2015 1:47:08 AM hudson.slaves.SlaveComputer tryReconnect
INFO: Attempting to reconnect RS_build_test_hpia64_repqahpia1
Jul 19, 2015 1:47:08 AM hudson.slaves.SlaveComputer tryReconnect
INFO: Attempting to reconnect RS_build_test_hpia64_repqahpia5
Jul 19, 2015 1:47:14 AM hudson.remoting.SynchronousCommandTransport$ReaderThread run
SEVERE: I/O error in channel Installer_ibmplinux64_elevon
java.io.IOException: Unexpected termination of the channel
	at hudson.remoting.SynchronousCommandTransport$ReaderThread.run(SynchronousCommandTransport.java:50)
Caused by: java.io.EOFException
	at java.io.ObjectInputStream$PeekInputStream.readFully(ObjectInputStream.java:2297)
	at java.io.ObjectInputStream$BlockDataInputStream.readShort(ObjectInputStream.java:2766)
	at java.io.ObjectInputStream.readStreamHeader(ObjectInputStream.java:797)
	at java.io.ObjectInputStream.<init>(ObjectInputStream.java:297)
	at hudson.remoting.ObjectInputStreamEx.<init>(ObjectInputStreamEx.java:40)
	at hudson.remoting.AbstractSynchronousByteArrayCommandTransport.read(AbstractSynchronousByteArrayCommandTransport.java:34)
	at hudson.remoting.SynchronousCommandTransport$ReaderThread.run(SynchronousCommandTransport.java:48)
Jul 19, 2015 1:49:08 AM hudson.slaves.SlaveComputer tryReconnect
INFO: Attempting to reconnect RS_build_sunx64_asekernal6
Jul 19, 2015 1:58:08 AM hudson.slaves.SlaveComputer tryReconnect
INFO: Attempting to reconnect rs_build_ibmaix_rqavmaix2
Jul 19, 2015 2:02:08 AM hudson.slaves.SlaveComputer tryReconnect
INFO: Attempting to reconnect RS_build_sunx64_augusta
Jul 19, 2015 2:07:10 AM hudson.node_monitors.ResponseTimeMonitor$1 monitor
WARNING: Making RS_build_sunx64_augusta offline because it’s not responding
Jul 19, 2015 2:07:10 AM hudson.node_monitors.ResponseTimeMonitor$1 monitor
WARNING: Making RS_build_sunx64_gilroy offline because it’s not responding
Jul 19, 2015 2:07:10 AM hudson.node_monitors.ResponseTimeMonitor$1 monitor
WARNING: Making rs_build_ibmaix_rqavmaix2 offline because it’s not responding
Jul 19, 2015 2:07:10 AM hudson.node_monitors.ResponseTimeMonitor$1 monitor
WARNING: Making RS_build_test_hpia64_repqahpia1 offline because it’s not responding
Jul 19, 2015 2:07:10 AM hudson.node_monitors.ResponseTimeMonitor$1 monitor
WARNING: Making RS_build_test_hpia64_repqahpia5 offline because it’s not responding
Jul 19, 2015 2:07:10 AM hudson.node_monitors.ResponseTimeMonitor$1 monitor
WARNING: Making RS_build_sunx64_asekernal6 offline because it’s not responding
Jul 19, 2015 2:07:10 AM hudson.node_monitors.ResponseTimeMonitor$1 monitor
WARNING: Making Installer_ibmplinux64_elevon offline because it’s not responding
Jul 19, 2015 2:09:08 AM hudson.slaves.SlaveComputer tryReconnect
INFO: Attempting to reconnect Installer_ibmplinux64_elevon
Jul 19, 2015 2:09:08 AM hudson.slaves.SlaveComputer tryReconnect
INFO: Attempting to reconnect RS_build_sunx64_gilroy
Jul 19, 2015 2:09:08 AM hudson.slaves.SlaveComputer tryReconnect
INFO: Attempting to reconnect RS_build_test_hpia64_repqahpia1
Jul 19, 2015 2:09:08 AM hudson.slaves.SlaveComputer tryReconnect
INFO: Attempting to reconnect RS_build_test_hpia64_repqahpia5
Jul 19, 2015 2:11:08 AM hudson.slaves.SlaveComputer tryReconnect
INFO: Attempting to reconnect RS_build_sunx64_asekernal6
Jul 19, 2015 2:21:08 AM hudson.slaves.SlaveComputer tryReconnect
INFO: Attempting to reconnect rs_build_ibmaix_rqavmaix2
Jul 19, 2015 2:23:14 AM hudson.model.Run execute
INFO: 1_Sub_Nightly_RS_Binary_Build_Linuxamd64 #95 main build action completed: SUCCESS
Jul 19, 2015 2:24:27 AM hudson.model.Run execute
INFO: 1_Sub_Nightly_RMA_Binary_Build_Linuxamd64 #111 main build action completed: SUCCESS
Jul 19, 2015 2:24:29 AM hudson.model.Run execute
INFO: 1_Nightly_RS_Binary_Build_Parallel_Linuxamd64 #93 main build action completed: SUCCESS
Jul 19, 2015 2:25:08 AM hudson.slaves.SlaveComputer tryReconnect
INFO: Attempting to reconnect RS_build_sunx64_augusta
Jul 19, 2015 2:25:23 AM hudson.model.Run execute
INFO: 2_Nightly_RS_Installer_Build_Test_Linuxamd64 #120 main build action completed: SUCCESS
Jul 19, 2015 2:28:44 AM hudson.model.Run execute
INFO: 3_Sub_Nightly_QA_auto_install #95 main build action completed: FAILURE
Jul 19, 2015 2:29:37 AM hudson.model.Run execute
INFO: 3_Sub_Nightly_QA_Test_RS_MATS_RS3_4 #47 main build action completed: SUCCESS
Jul 19, 2015 2:30:26 AM hudson.model.Run execute
INFO: 3_Sub_Nightly_QA_Test_RS_NORMAL_SHORT_4 #47 main build action completed: SUCCESS
Jul 19, 2015 2:30:43 AM hudson.model.Run execute
INFO: 3_Sub_Nightly_QA_Test_RS_MATS_RS3_1 #47 main build action completed: SUCCESS
Jul 19, 2015 2:30:55 AM hudson.model.Run execute
INFO: 3_Sub_Nightly_QA_Test_RS_NORMAL_SHORT_1 #48 main build action completed: SUCCESS
Jul 19, 2015 2:31:08 AM hudson.slaves.SlaveComputer tryReconnect
INFO: Attempting to reconnect Installer_ibmplinux64_elevon
Jul 19, 2015 2:31:08 AM hudson.slaves.SlaveComputer tryReconnect
INFO: Attempting to reconnect RS_build_sunx64_gilroy
Jul 19, 2015 2:31:08 AM hudson.slaves.SlaveComputer tryReconnect
INFO: Attempting to reconnect RS_build_test_hpia64_repqahpia1
Jul 19, 2015 2:31:08 AM hudson.slaves.SlaveComputer tryReconnect
INFO: Attempting to reconnect RS_build_test_hpia64_repqahpia5
Jul 19, 2015 2:31:14 AM hudson.remoting.SynchronousCommandTransport$ReaderThread run
SEVERE: I/O error in channel Installer_ibmplinux64_elevon
java.io.IOException: Unexpected termination of the channel
	at hudson.remoting.SynchronousCommandTransport$ReaderThread.run(SynchronousCommandTransport.java:50)
Caused by: java.io.EOFException
	at java.io.ObjectInputStream$PeekInputStream.readFully(ObjectInputStream.java:2297)
	at java.io.ObjectInputStream$BlockDataInputStream.readShort(ObjectInputStream.java:2766)
	at java.io.ObjectInputStream.readStreamHeader(ObjectInputStream.java:797)
	at java.io.ObjectInputStream.<init>(ObjectInputStream.java:297)
	at hudson.remoting.ObjectInputStreamEx.<init>(ObjectInputStreamEx.java:40)
	at hudson.remoting.AbstractSynchronousByteArrayCommandTransport.read(AbstractSynchronousByteArrayCommandTransport.java:34)
	at hudson.remoting.SynchronousCommandTransport$ReaderThread.run(SynchronousCommandTransport.java:48)
Jul 19, 2015 2:31:44 AM hudson.model.Run execute
INFO: 3_Sub_Nightly_QA_Test_RS_MATS_1 #51 main build action completed: SUCCESS
Jul 19, 2015 2:32:11 AM hudson.model.Run execute
INFO: 3_Sub_Nightly_QA_Test_RS_STANDBY_SHORT #49 main build action completed: SUCCESS
Jul 19, 2015 2:33:02 AM hudson.model.Run execute
INFO: 3_Sub_Nightly_QA_Test_RS_MATS_4 #47 main build action completed: SUCCESS
Jul 19, 2015 2:33:08 AM hudson.slaves.SlaveComputer tryReconnect
INFO: Attempting to reconnect RS_build_sunx64_asekernal6
Jul 19, 2015 2:33:24 AM hudson.model.Run execute
INFO: 3_Sub_Nightly_QA_Test_RS_STANDBY #48 main build action completed: SUCCESS
Jul 19, 2015 2:33:41 AM hudson.model.Run execute
INFO: 3_Sub_Nightly_Publish_QA_Test_Report #102 main build action completed: SUCCESS
Jul 19, 2015 2:33:44 AM hudson.model.Run execute
INFO: 3_Nightly_Trigger_QA_Barrier_Test_Linuxamd64_Update #91 main build action completed: FAILURE
Jul 19, 2015 2:43:04 AM hudson.model.AsyncPeriodicWork$1 run
INFO: Started Out of order build detection
Jul 19, 2015 2:43:08 AM hudson.slaves.SlaveComputer tryReconnect
INFO: Attempting to reconnect rs_build_ibmaix_rqavmaix2
Jul 19, 2015 2:43:35 AM jenkins.diagnostics.ooom.Problem$Inspector scan
WARNING: Failed to inspect /remote/repeng10/.jenkins/jobs/1_Nightly_RS_Binary_Build_Linuxamd64/builds/1: /remote/repeng10/.jenkins/jobs/1_Nightly_RS_Binary_Build_Linuxamd64/builds/1/build.xml doesn't exist
Jul 19, 2015 2:45:37 AM jenkins.diagnostics.ooom.Problem$Inspector scan
WARNING: Failed to inspect /remote/repeng10/.jenkins/jobs/3_Nightly_Trigger_QA_Barrier_Test_Linuxamd64_Update/builds/2015-04-21_06-01-32: /remote/repeng10/.jenkins/jobs/3_Nightly_Trigger_QA_Barrier_Test_Linuxamd64_Update/builds/2015-04-21_06-01-32/build.xml doesn't exist
Jul 19, 2015 2:45:37 AM jenkins.diagnostics.ooom.Problem$Inspector scan
WARNING: Failed to inspect /remote/repeng10/.jenkins/jobs/3_Nightly_Trigger_QA_Barrier_Test_Linuxamd64_Update/builds/10: /remote/repeng10/.jenkins/jobs/3_Nightly_Trigger_QA_Barrier_Test_Linuxamd64_Update/builds/10/build.xml doesn't exist
Jul 19, 2015 2:46:08 AM hudson.slaves.SlaveComputer tryReconnect
INFO: Attempting to reconnect RS_build_sunx64_augusta
Jul 19, 2015 2:49:22 AM jenkins.diagnostics.ooom.Problem$Inspector scan
WARNING: Failed to inspect /remote/repeng10/.jenkins/jobs/3_Sub_Nightly_QA_Test_RS_NORMAL_SHORT/builds/2015-04-21_06-01-52: /remote/repeng10/.jenkins/jobs/3_Sub_Nightly_QA_Test_RS_NORMAL_SHORT/builds/2015-04-21_06-01-52/build.xml doesn't exist
Jul 19, 2015 2:49:22 AM jenkins.diagnostics.ooom.Problem$Inspector scan
WARNING: Failed to inspect /remote/repeng10/.jenkins/jobs/3_Sub_Nightly_QA_Test_RS_NORMAL_SHORT/builds/12: /remote/repeng10/.jenkins/jobs/3_Sub_Nightly_QA_Test_RS_NORMAL_SHORT/builds/12/build.xml doesn't exist
Jul 19, 2015 2:50:23 AM jenkins.diagnostics.ooom.Problem$Inspector scan
WARNING: Failed to inspect /remote/repeng10/.jenkins/jobs/3_Sub_Nightly_QA_Test_RS_STANDBY/builds/2015-04-21_06-01-52: /remote/repeng10/.jenkins/jobs/3_Sub_Nightly_QA_Test_RS_STANDBY/builds/2015-04-21_06-01-52/build.xml doesn't exist
Jul 19, 2015 2:50:23 AM jenkins.diagnostics.ooom.Problem$Inspector scan
WARNING: Failed to inspect /remote/repeng10/.jenkins/jobs/3_Sub_Nightly_QA_Test_RS_STANDBY/builds/11: /remote/repeng10/.jenkins/jobs/3_Sub_Nightly_QA_Test_RS_STANDBY/builds/11/build.xml doesn't exist
Jul 19, 2015 2:53:08 AM hudson.slaves.SlaveComputer tryReconnect
INFO: Attempting to reconnect Installer_ibmplinux64_elevon
Jul 19, 2015 2:53:08 AM hudson.slaves.SlaveComputer tryReconnect
INFO: Attempting to reconnect RS_build_sunx64_gilroy
Jul 19, 2015 2:53:08 AM hudson.slaves.SlaveComputer tryReconnect
INFO: Attempting to reconnect RS_build_test_hpia64_repqahpia1
Jul 19, 2015 2:53:08 AM hudson.slaves.SlaveComputer tryReconnect
INFO: Attempting to reconnect RS_build_test_hpia64_repqahpia5
Jul 19, 2015 2:55:08 AM hudson.slaves.SlaveComputer tryReconnect
INFO: Attempting to reconnect RS_build_sunx64_asekernal6
Jul 19, 2015 2:58:46 AM jenkins.diagnostics.ooom.Problem$Inspector scan
WARNING: Failed to inspect /remote/repeng10/.jenkins/jobs/MyTest/builds/2015-04-22_00-55-20: /remote/repeng10/.jenkins/jobs/MyTest/builds/2015-04-22_00-55-20/build.xml doesn't exist
Jul 19, 2015 2:58:46 AM jenkins.diagnostics.ooom.Problem$Inspector scan
WARNING: Failed to inspect /remote/repeng10/.jenkins/jobs/MyTest/builds/4: /remote/repeng10/.jenkins/jobs/MyTest/builds/4/build.xml doesn't exist
Jul 19, 2015 2:59:56 AM jenkins.diagnostics.ooom.Problem$Inspector scan
WARNING: Failed to inspect /remote/repeng10/.jenkins/jobs/pwang4-rscorona_pwang4_vu-serial-build-only/builds/2015-06-19_03-39-30: /remote/repeng10/.jenkins/jobs/pwang4-rscorona_pwang4_vu-serial-build-only/builds/2015-06-19_03-39-30/build.xml doesn't exist
Jul 19, 2015 2:59:56 AM jenkins.diagnostics.ooom.Problem$Inspector scan
WARNING: Failed to inspect /remote/repeng10/.jenkins/jobs/pwang4-rscorona_pwang4_vu-serial-build-only/builds/1: /remote/repeng10/.jenkins/jobs/pwang4-rscorona_pwang4_vu-serial-build-only/builds/1/build.xml doesn't exist
Jul 19, 2015 3:04:08 AM hudson.slaves.SlaveComputer tryReconnect
INFO: Attempting to reconnect rs_build_ibmaix_rqavmaix2
Jul 19, 2015 3:07:11 AM hudson.node_monitors.ResponseTimeMonitor$1 monitor
WARNING: Making RS_build_sunx64_augusta offline because it’s not responding
Jul 19, 2015 3:07:11 AM hudson.node_monitors.ResponseTimeMonitor$1 monitor
WARNING: Making RS_build_sunx64_gilroy offline because it’s not responding
Jul 19, 2015 3:07:11 AM hudson.node_monitors.ResponseTimeMonitor$1 monitor
WARNING: Making rs_build_ibmaix_rqavmaix2 offline because it’s not responding
Jul 19, 2015 3:07:11 AM hudson.node_monitors.ResponseTimeMonitor$1 monitor
WARNING: Making RS_build_test_hpia64_repqahpia1 offline because it’s not responding
Jul 19, 2015 3:07:11 AM hudson.node_monitors.ResponseTimeMonitor$1 monitor
WARNING: Making RS_build_test_hpia64_repqahpia5 offline because it’s not responding
Jul 19, 2015 3:07:11 AM hudson.node_monitors.ResponseTimeMonitor$1 monitor
WARNING: Making RS_build_sunx64_asekernal6 offline because it’s not responding
Jul 19, 2015 3:07:11 AM hudson.node_monitors.ResponseTimeMonitor$1 monitor
WARNING: Making Installer_ibmplinux64_elevon offline because it’s not responding
Jul 19, 2015 3:08:08 AM hudson.slaves.SlaveComputer tryReconnect
INFO: Attempting to reconnect RS_build_sunx64_augusta
Jul 19, 2015 3:15:08 AM hudson.slaves.SlaveComputer tryReconnect
INFO: Attempting to reconnect Installer_ibmplinux64_elevon
Jul 19, 2015 3:15:08 AM hudson.slaves.SlaveComputer tryReconnect
INFO: Attempting to reconnect RS_build_sunx64_gilroy
Jul 19, 2015 3:15:08 AM hudson.slaves.SlaveComputer tryReconnect
INFO: Attempting to reconnect RS_build_test_hpia64_repqahpia1
Jul 19, 2015 3:15:08 AM hudson.slaves.SlaveComputer tryReconnect
INFO: Attempting to reconnect RS_build_test_hpia64_repqahpia5
Jul 19, 2015 3:17:08 AM hudson.slaves.SlaveComputer tryReconnect
INFO: Attempting to reconnect RS_build_sunx64_asekernal6
Jul 19, 2015 3:18:09 AM hudson.model.AsyncPeriodicWork$1 run
INFO: Finished Out of order build detection. 2,104,102 ms
Jul 19, 2015 3:25:08 AM hudson.slaves.SlaveComputer tryReconnect
INFO: Attempting to reconnect rs_build_ibmaix_rqavmaix2
Jul 19, 2015 3:29:08 AM hudson.slaves.SlaveComputer tryReconnect
INFO: Attempting to reconnect RS_build_sunx64_augusta
Jul 19, 2015 3:36:08 AM hudson.slaves.SlaveComputer tryReconnect
INFO: Attempting to reconnect Installer_ibmplinux64_elevon
Jul 19, 2015 3:36:08 AM hudson.slaves.SlaveComputer tryReconnect
INFO: Attempting to reconnect RS_build_sunx64_gilroy
Jul 19, 2015 3:36:08 AM hudson.slaves.SlaveComputer tryReconnect
INFO: Attempting to reconnect RS_build_test_hpia64_repqahpia1
Jul 19, 2015 3:36:08 AM hudson.slaves.SlaveComputer tryReconnect
INFO: Attempting to reconnect RS_build_test_hpia64_repqahpia5
Jul 19, 2015 3:37:08 AM hudson.slaves.SlaveComputer tryReconnect
INFO: Attempting to reconnect RS_build_sunx64_asekernal6
Jul 19, 2015 3:46:08 AM hudson.slaves.SlaveComputer tryReconnect
INFO: Attempting to reconnect rs_build_ibmaix_rqavmaix2
Jul 19, 2015 3:50:08 AM hudson.slaves.SlaveComputer tryReconnect
INFO: Attempting to reconnect RS_build_sunx64_augusta
Jul 19, 2015 3:57:08 AM hudson.slaves.SlaveComputer tryReconnect
INFO: Attempting to reconnect Installer_ibmplinux64_elevon
Jul 19, 2015 3:57:08 AM hudson.slaves.SlaveComputer tryReconnect
INFO: Attempting to reconnect RS_build_sunx64_gilroy
Jul 19, 2015 3:57:08 AM hudson.slaves.SlaveComputer tryReconnect
INFO: Attempting to reconnect RS_build_test_hpia64_repqahpia1
Jul 19, 2015 3:57:08 AM hudson.slaves.SlaveComputer tryReconnect
INFO: Attempting to reconnect RS_build_test_hpia64_repqahpia5
Jul 19, 2015 3:58:08 AM hudson.slaves.SlaveComputer tryReconnect
INFO: Attempting to reconnect RS_build_sunx64_asekernal6
Jul 19, 2015 4:07:08 AM hudson.slaves.SlaveComputer tryReconnect
INFO: Attempting to reconnect rs_build_ibmaix_rqavmaix2
Jul 19, 2015 4:07:10 AM hudson.node_monitors.ResponseTimeMonitor$1 monitor
WARNING: Making RS_build_sunx64_augusta offline because it’s not responding
Jul 19, 2015 4:07:10 AM hudson.node_monitors.ResponseTimeMonitor$1 monitor
WARNING: Making RS_build_sunx64_gilroy offline because it’s not responding
Jul 19, 2015 4:07:10 AM hudson.node_monitors.ResponseTimeMonitor$1 monitor
WARNING: Making rs_build_ibmaix_rqavmaix2 offline because it’s not responding
Jul 19, 2015 4:07:10 AM hudson.node_monitors.ResponseTimeMonitor$1 monitor
WARNING: Making RS_build_test_hpia64_repqahpia1 offline because it’s not responding
Jul 19, 2015 4:07:10 AM hudson.node_monitors.ResponseTimeMonitor$1 monitor
WARNING: Making RS_build_test_hpia64_repqahpia5 offline because it’s not responding
Jul 19, 2015 4:07:10 AM hudson.node_monitors.ResponseTimeMonitor$1 monitor
WARNING: Making RS_build_sunx64_asekernal6 offline because it’s not responding
Jul 19, 2015 4:07:10 AM hudson.node_monitors.ResponseTimeMonitor$1 monitor
WARNING: Making Installer_ibmplinux64_elevon offline because it’s not responding
Jul 19, 2015 4:11:08 AM hudson.slaves.SlaveComputer tryReconnect
INFO: Attempting to reconnect RS_build_sunx64_augusta
Jul 19, 2015 4:18:08 AM hudson.slaves.SlaveComputer tryReconnect
INFO: Attempting to reconnect Installer_ibmplinux64_elevon
Jul 19, 2015 4:18:08 AM hudson.slaves.SlaveComputer tryReconnect
INFO: Attempting to reconnect RS_build_sunx64_gilroy
Jul 19, 2015 4:18:08 AM hudson.slaves.SlaveComputer tryReconnect
INFO: Attempting to reconnect RS_build_test_hpia64_repqahpia1
Jul 19, 2015 4:18:08 AM hudson.slaves.SlaveComputer tryReconnect
INFO: Attempting to reconnect RS_build_test_hpia64_repqahpia5
Jul 19, 2015 4:20:08 AM hudson.slaves.SlaveComputer tryReconnect
INFO: Attempting to reconnect RS_build_sunx64_asekernal6
Jul 19, 2015 4:30:08 AM hudson.slaves.SlaveComputer tryReconnect
INFO: Attempting to reconnect rs_build_ibmaix_rqavmaix2
Jul 19, 2015 4:34:08 AM hudson.slaves.SlaveComputer tryReconnect
INFO: Attempting to reconnect RS_build_sunx64_augusta
Jul 19, 2015 4:42:08 AM hudson.slaves.SlaveComputer tryReconnect
INFO: Attempting to reconnect Installer_ibmplinux64_elevon
Jul 19, 2015 4:42:08 AM hudson.slaves.SlaveComputer tryReconnect
INFO: Attempting to reconnect RS_build_sunx64_gilroy
Jul 19, 2015 4:42:08 AM hudson.slaves.SlaveComputer tryReconnect
INFO: Attempting to reconnect RS_build_test_hpia64_repqahpia1
Jul 19, 2015 4:42:08 AM hudson.slaves.SlaveComputer tryReconnect
INFO: Attempting to reconnect RS_build_test_hpia64_repqahpia5
Jul 19, 2015 4:44:08 AM hudson.slaves.SlaveComputer tryReconnect
INFO: Attempting to reconnect RS_build_sunx64_asekernal6
Jul 19, 2015 4:53:08 AM hudson.slaves.SlaveComputer tryReconnect
INFO: Attempting to reconnect rs_build_ibmaix_rqavmaix2
Jul 19, 2015 4:57:08 AM hudson.slaves.SlaveComputer tryReconnect
INFO: Attempting to reconnect RS_build_sunx64_augusta
Jul 19, 2015 5:04:08 AM hudson.slaves.SlaveComputer tryReconnect
INFO: Attempting to reconnect Installer_ibmplinux64_elevon
Jul 19, 2015 5:04:08 AM hudson.slaves.SlaveComputer tryReconnect
INFO: Attempting to reconnect RS_build_sunx64_gilroy
Jul 19, 2015 5:04:08 AM hudson.slaves.SlaveComputer tryReconnect
INFO: Attempting to reconnect RS_build_test_hpia64_repqahpia1
Jul 19, 2015 5:04:08 AM hudson.slaves.SlaveComputer tryReconnect
INFO: Attempting to reconnect RS_build_test_hpia64_repqahpia5
Jul 19, 2015 5:06:08 AM hudson.slaves.SlaveComputer tryReconnect
INFO: Attempting to reconnect RS_build_sunx64_asekernal6
Jul 19, 2015 5:07:13 AM hudson.node_monitors.ResponseTimeMonitor$1 monitor
WARNING: Making RS_build_sunx64_augusta offline because it’s not responding
Jul 19, 2015 5:07:13 AM hudson.node_monitors.ResponseTimeMonitor$1 monitor
WARNING: Making RS_build_sunx64_gilroy offline because it’s not responding
Jul 19, 2015 5:07:13 AM hudson.node_monitors.ResponseTimeMonitor$1 monitor
WARNING: Making rs_build_ibmaix_rqavmaix2 offline because it’s not responding
Jul 19, 2015 5:07:13 AM hudson.node_monitors.ResponseTimeMonitor$1 monitor
WARNING: Making RS_build_test_hpia64_repqahpia1 offline because it’s not responding
Jul 19, 2015 5:07:13 AM hudson.node_monitors.ResponseTimeMonitor$1 monitor
WARNING: Making RS_build_test_hpia64_repqahpia5 offline because it’s not responding
Jul 19, 2015 5:07:13 AM hudson.node_monitors.ResponseTimeMonitor$1 monitor
WARNING: Making RS_build_sunx64_asekernal6 offline because it’s not responding
Jul 19, 2015 5:07:13 AM hudson.node_monitors.ResponseTimeMonitor$1 monitor
WARNING: Making Installer_ibmplinux64_elevon offline because it’s not responding
Jul 19, 2015 5:15:08 AM hudson.slaves.SlaveComputer tryReconnect
INFO: Attempting to reconnect rs_build_ibmaix_rqavmaix2
Jul 19, 2015 5:19:08 AM hudson.slaves.SlaveComputer tryReconnect
INFO: Attempting to reconnect RS_build_sunx64_augusta
Jul 19, 2015 5:26:08 AM hudson.slaves.SlaveComputer tryReconnect
INFO: Attempting to reconnect Installer_ibmplinux64_elevon
Jul 19, 2015 5:26:08 AM hudson.slaves.SlaveComputer tryReconnect
INFO: Attempting to reconnect RS_build_sunx64_gilroy
Jul 19, 2015 5:26:08 AM hudson.slaves.SlaveComputer tryReconnect
INFO: Attempting to reconnect RS_build_test_hpia64_repqahpia1
Jul 19, 2015 5:26:08 AM hudson.slaves.SlaveComputer tryReconnect
INFO: Attempting to reconnect RS_build_test_hpia64_repqahpia5
Jul 19, 2015 5:27:08 AM hudson.slaves.SlaveComputer tryReconnect
INFO: Attempting to reconnect RS_build_sunx64_asekernal6
Jul 19, 2015 5:36:08 AM hudson.slaves.SlaveComputer tryReconnect
INFO: Attempting to reconnect rs_build_ibmaix_rqavmaix2
Jul 19, 2015 5:40:08 AM hudson.slaves.SlaveComputer tryReconnect
INFO: Attempting to reconnect RS_build_sunx64_augusta
Jul 19, 2015 5:48:08 AM hudson.slaves.SlaveComputer tryReconnect
INFO: Attempting to reconnect Installer_ibmplinux64_elevon
Jul 19, 2015 5:48:08 AM hudson.slaves.SlaveComputer tryReconnect
INFO: Attempting to reconnect RS_build_sunx64_gilroy
Jul 19, 2015 5:48:08 AM hudson.slaves.SlaveComputer tryReconnect
INFO: Attempting to reconnect RS_build_test_hpia64_repqahpia1
Jul 19, 2015 5:48:08 AM hudson.slaves.SlaveComputer tryReconnect
INFO: Attempting to reconnect RS_build_test_hpia64_repqahpia5
Jul 19, 2015 5:50:08 AM hudson.slaves.SlaveComputer tryReconnect
INFO: Attempting to reconnect RS_build_sunx64_asekernal6
Jul 19, 2015 6:00:08 AM hudson.slaves.SlaveComputer tryReconnect
INFO: Attempting to reconnect rs_build_ibmaix_rqavmaix2
Jul 19, 2015 6:03:08 AM hudson.slaves.SlaveComputer tryReconnect
INFO: Attempting to reconnect RS_build_sunx64_augusta
Jul 19, 2015 6:07:10 AM hudson.node_monitors.ResponseTimeMonitor$1 monitor
WARNING: Making RS_build_sunx64_augusta offline because it’s not responding
Jul 19, 2015 6:07:10 AM hudson.node_monitors.ResponseTimeMonitor$1 monitor
WARNING: Making RS_build_sunx64_gilroy offline because it’s not responding
Jul 19, 2015 6:07:10 AM hudson.node_monitors.ResponseTimeMonitor$1 monitor
WARNING: Making rs_build_ibmaix_rqavmaix2 offline because it’s not responding
Jul 19, 2015 6:07:10 AM hudson.node_monitors.ResponseTimeMonitor$1 monitor
WARNING: Making RS_build_test_hpia64_repqahpia1 offline because it’s not responding
Jul 19, 2015 6:07:10 AM hudson.node_monitors.ResponseTimeMonitor$1 monitor
WARNING: Making RS_build_test_hpia64_repqahpia5 offline because it’s not responding
Jul 19, 2015 6:07:10 AM hudson.node_monitors.ResponseTimeMonitor$1 monitor
WARNING: Making RS_build_sunx64_asekernal6 offline because it’s not responding
Jul 19, 2015 6:07:10 AM hudson.node_monitors.ResponseTimeMonitor$1 monitor
WARNING: Making Installer_ibmplinux64_elevon offline because it’s not responding
Jul 19, 2015 6:11:08 AM hudson.slaves.SlaveComputer tryReconnect
INFO: Attempting to reconnect Installer_ibmplinux64_elevon
Jul 19, 2015 6:11:08 AM hudson.slaves.SlaveComputer tryReconnect
INFO: Attempting to reconnect RS_build_sunx64_gilroy
Jul 19, 2015 6:11:08 AM hudson.slaves.SlaveComputer tryReconnect
INFO: Attempting to reconnect RS_build_test_hpia64_repqahpia1
Jul 19, 2015 6:11:08 AM hudson.slaves.SlaveComputer tryReconnect
INFO: Attempting to reconnect RS_build_test_hpia64_repqahpia5
Jul 19, 2015 6:12:08 AM hudson.slaves.SlaveComputer tryReconnect
INFO: Attempting to reconnect RS_build_sunx64_asekernal6
Jul 19, 2015 6:22:08 AM hudson.slaves.SlaveComputer tryReconnect
INFO: Attempting to reconnect rs_build_ibmaix_rqavmaix2
Jul 19, 2015 6:25:08 AM hudson.slaves.SlaveComputer tryReconnect
INFO: Attempting to reconnect RS_build_sunx64_augusta
Jul 19, 2015 6:33:08 AM hudson.slaves.SlaveComputer tryReconnect
INFO: Attempting to reconnect Installer_ibmplinux64_elevon
Jul 19, 2015 6:33:08 AM hudson.slaves.SlaveComputer tryReconnect
INFO: Attempting to reconnect RS_build_sunx64_gilroy
Jul 19, 2015 6:33:08 AM hudson.slaves.SlaveComputer tryReconnect
INFO: Attempting to reconnect RS_build_test_hpia64_repqahpia1
Jul 19, 2015 6:33:08 AM hudson.slaves.SlaveComputer tryReconnect
INFO: Attempting to reconnect RS_build_test_hpia64_repqahpia5
Jul 19, 2015 6:34:08 AM hudson.slaves.SlaveComputer tryReconnect
INFO: Attempting to reconnect RS_build_sunx64_asekernal6
Jul 19, 2015 6:43:08 AM hudson.slaves.SlaveComputer tryReconnect
INFO: Attempting to reconnect rs_build_ibmaix_rqavmaix2
Jul 19, 2015 6:47:08 AM hudson.slaves.SlaveComputer tryReconnect
INFO: Attempting to reconnect RS_build_sunx64_augusta
Jul 19, 2015 6:53:08 AM hudson.slaves.SlaveComputer tryReconnect
INFO: Attempting to reconnect Installer_ibmplinux64_elevon
Jul 19, 2015 6:53:08 AM hudson.slaves.SlaveComputer tryReconnect
INFO: Attempting to reconnect RS_build_sunx64_gilroy
Jul 19, 2015 6:53:08 AM hudson.slaves.SlaveComputer tryReconnect
INFO: Attempting to reconnect RS_build_test_hpia64_repqahpia1
Jul 19, 2015 6:53:08 AM hudson.slaves.SlaveComputer tryReconnect
INFO: Attempting to reconnect RS_build_test_hpia64_repqahpia5
Jul 19, 2015 6:53:14 AM hudson.remoting.SynchronousCommandTransport$ReaderThread run
SEVERE: I/O error in channel Installer_ibmplinux64_elevon
java.io.IOException: Unexpected termination of the channel
	at hudson.remoting.SynchronousCommandTransport$ReaderThread.run(SynchronousCommandTransport.java:50)
Caused by: java.io.EOFException
	at java.io.ObjectInputStream$PeekInputStream.readFully(ObjectInputStream.java:2297)
	at java.io.ObjectInputStream$BlockDataInputStream.readShort(ObjectInputStream.java:2766)
	at java.io.ObjectInputStream.readStreamHeader(ObjectInputStream.java:797)
	at java.io.ObjectInputStream.<init>(ObjectInputStream.java:297)
	at hudson.remoting.ObjectInputStreamEx.<init>(ObjectInputStreamEx.java:40)
	at hudson.remoting.AbstractSynchronousByteArrayCommandTransport.read(AbstractSynchronousByteArrayCommandTransport.java:34)
	at hudson.remoting.SynchronousCommandTransport$ReaderThread.run(SynchronousCommandTransport.java:48)
Jul 19, 2015 6:55:08 AM hudson.slaves.SlaveComputer tryReconnect
INFO: Attempting to reconnect RS_build_sunx64_asekernal6
Jul 19, 2015 7:05:08 AM hudson.slaves.SlaveComputer tryReconnect
INFO: Attempting to reconnect rs_build_ibmaix_rqavmaix2
Jul 19, 2015 7:07:11 AM hudson.node_monitors.ResponseTimeMonitor$1 monitor
WARNING: Making RS_build_sunx64_augusta offline because it’s not responding
Jul 19, 2015 7:07:11 AM hudson.node_monitors.ResponseTimeMonitor$1 monitor
WARNING: Making RS_build_sunx64_gilroy offline because it’s not responding
Jul 19, 2015 7:07:11 AM hudson.node_monitors.ResponseTimeMonitor$1 monitor
WARNING: Making rs_build_ibmaix_rqavmaix2 offline because it’s not responding
Jul 19, 2015 7:07:11 AM hudson.node_monitors.ResponseTimeMonitor$1 monitor
WARNING: Making RS_build_test_hpia64_repqahpia1 offline because it’s not responding
Jul 19, 2015 7:07:11 AM hudson.node_monitors.ResponseTimeMonitor$1 monitor
WARNING: Making RS_build_test_hpia64_repqahpia5 offline because it’s not responding
Jul 19, 2015 7:07:11 AM hudson.node_monitors.ResponseTimeMonitor$1 monitor
WARNING: Making RS_build_sunx64_asekernal6 offline because it’s not responding
Jul 19, 2015 7:07:11 AM hudson.node_monitors.ResponseTimeMonitor$1 monitor
WARNING: Making Installer_ibmplinux64_elevon offline because it’s not responding
Jul 19, 2015 7:08:08 AM hudson.slaves.SlaveComputer tryReconnect
INFO: Attempting to reconnect RS_build_sunx64_augusta
Jul 19, 2015 7:15:08 AM hudson.slaves.SlaveComputer tryReconnect
INFO: Attempting to reconnect Installer_ibmplinux64_elevon
Jul 19, 2015 7:15:08 AM hudson.slaves.SlaveComputer tryReconnect
INFO: Attempting to reconnect RS_build_sunx64_gilroy
Jul 19, 2015 7:15:08 AM hudson.slaves.SlaveComputer tryReconnect
INFO: Attempting to reconnect RS_build_test_hpia64_repqahpia1
Jul 19, 2015 7:15:08 AM hudson.slaves.SlaveComputer tryReconnect
INFO: Attempting to reconnect RS_build_test_hpia64_repqahpia5
Jul 19, 2015 7:17:08 AM hudson.slaves.SlaveComputer tryReconnect
INFO: Attempting to reconnect RS_build_sunx64_asekernal6
Jul 19, 2015 7:27:08 AM hudson.slaves.SlaveComputer tryReconnect
INFO: Attempting to reconnect rs_build_ibmaix_rqavmaix2
Jul 19, 2015 7:31:08 AM hudson.slaves.SlaveComputer tryReconnect
INFO: Attempting to reconnect RS_build_sunx64_augusta
Jul 19, 2015 7:38:08 AM hudson.slaves.SlaveComputer tryReconnect
INFO: Attempting to reconnect Installer_ibmplinux64_elevon
Jul 19, 2015 7:38:08 AM hudson.slaves.SlaveComputer tryReconnect
INFO: Attempting to reconnect RS_build_sunx64_gilroy
Jul 19, 2015 7:38:08 AM hudson.slaves.SlaveComputer tryReconnect
INFO: Attempting to reconnect RS_build_test_hpia64_repqahpia1
Jul 19, 2015 7:38:08 AM hudson.slaves.SlaveComputer tryReconnect
INFO: Attempting to reconnect RS_build_test_hpia64_repqahpia5
Jul 19, 2015 7:40:08 AM hudson.slaves.SlaveComputer tryReconnect
INFO: Attempting to reconnect RS_build_sunx64_asekernal6
Jul 19, 2015 7:50:08 AM hudson.slaves.SlaveComputer tryReconnect
INFO: Attempting to reconnect rs_build_ibmaix_rqavmaix2
Jul 19, 2015 7:54:08 AM hudson.slaves.SlaveComputer tryReconnect
INFO: Attempting to reconnect RS_build_sunx64_augusta
Jul 19, 2015 8:02:08 AM hudson.slaves.SlaveComputer tryReconnect
INFO: Attempting to reconnect Installer_ibmplinux64_elevon
Jul 19, 2015 8:02:08 AM hudson.slaves.SlaveComputer tryReconnect
INFO: Attempting to reconnect RS_build_sunx64_gilroy
Jul 19, 2015 8:02:08 AM hudson.slaves.SlaveComputer tryReconnect
INFO: Attempting to reconnect RS_build_test_hpia64_repqahpia1
Jul 19, 2015 8:02:08 AM hudson.slaves.SlaveComputer tryReconnect
INFO: Attempting to reconnect RS_build_test_hpia64_repqahpia5
Jul 19, 2015 8:04:08 AM hudson.slaves.SlaveComputer tryReconnect
INFO: Attempting to reconnect RS_build_sunx64_asekernal6
Jul 19, 2015 8:07:10 AM hudson.node_monitors.ResponseTimeMonitor$1 monitor
WARNING: Making RS_build_sunx64_augusta offline because it’s not responding
Jul 19, 2015 8:07:10 AM hudson.node_monitors.ResponseTimeMonitor$1 monitor
WARNING: Making RS_build_sunx64_gilroy offline because it’s not responding
Jul 19, 2015 8:07:10 AM hudson.node_monitors.ResponseTimeMonitor$1 monitor
WARNING: Making rs_build_ibmaix_rqavmaix2 offline because it’s not responding
Jul 19, 2015 8:07:10 AM hudson.node_monitors.ResponseTimeMonitor$1 monitor
WARNING: Making RS_build_test_hpia64_repqahpia1 offline because it’s not responding
Jul 19, 2015 8:07:10 AM hudson.node_monitors.ResponseTimeMonitor$1 monitor
WARNING: Making RS_build_test_hpia64_repqahpia5 offline because it’s not responding
Jul 19, 2015 8:07:10 AM hudson.node_monitors.ResponseTimeMonitor$1 monitor
WARNING: Making RS_build_sunx64_asekernal6 offline because it’s not responding
Jul 19, 2015 8:07:10 AM hudson.node_monitors.ResponseTimeMonitor$1 monitor
WARNING: Making Installer_ibmplinux64_elevon offline because it’s not responding
Jul 19, 2015 8:12:08 AM hudson.slaves.SlaveComputer tryReconnect
INFO: Attempting to reconnect rs_build_ibmaix_rqavmaix2
Jul 19, 2015 8:16:08 AM hudson.slaves.SlaveComputer tryReconnect
INFO: Attempting to reconnect RS_build_sunx64_augusta
Jul 19, 2015 8:24:08 AM hudson.slaves.SlaveComputer tryReconnect
INFO: Attempting to reconnect Installer_ibmplinux64_elevon
Jul 19, 2015 8:24:08 AM hudson.slaves.SlaveComputer tryReconnect
INFO: Attempting to reconnect RS_build_sunx64_gilroy
Jul 19, 2015 8:24:08 AM hudson.slaves.SlaveComputer tryReconnect
INFO: Attempting to reconnect RS_build_test_hpia64_repqahpia1
Jul 19, 2015 8:24:08 AM hudson.slaves.SlaveComputer tryReconnect
INFO: Attempting to reconnect RS_build_test_hpia64_repqahpia5
Jul 19, 2015 8:26:08 AM hudson.slaves.SlaveComputer tryReconnect
INFO: Attempting to reconnect RS_build_sunx64_asekernal6
Jul 19, 2015 8:35:08 AM hudson.slaves.SlaveComputer tryReconnect
INFO: Attempting to reconnect rs_build_ibmaix_rqavmaix2
Jul 19, 2015 8:38:08 AM hudson.slaves.SlaveComputer tryReconnect
INFO: Attempting to reconnect RS_build_sunx64_augusta
Jul 19, 2015 8:46:08 AM hudson.slaves.SlaveComputer tryReconnect
INFO: Attempting to reconnect Installer_ibmplinux64_elevon
Jul 19, 2015 8:46:08 AM hudson.slaves.SlaveComputer tryReconnect
INFO: Attempting to reconnect RS_build_sunx64_gilroy
Jul 19, 2015 8:46:08 AM hudson.slaves.SlaveComputer tryReconnect
INFO: Attempting to reconnect RS_build_test_hpia64_repqahpia1
Jul 19, 2015 8:46:08 AM hudson.slaves.SlaveComputer tryReconnect
INFO: Attempting to reconnect RS_build_test_hpia64_repqahpia5
Jul 19, 2015 8:48:08 AM hudson.slaves.SlaveComputer tryReconnect
INFO: Attempting to reconnect RS_build_sunx64_asekernal6
Jul 19, 2015 8:58:08 AM hudson.slaves.SlaveComputer tryReconnect
INFO: Attempting to reconnect rs_build_ibmaix_rqavmaix2
Jul 19, 2015 9:01:08 AM hudson.slaves.SlaveComputer tryReconnect
INFO: Attempting to reconnect RS_build_sunx64_augusta
Jul 19, 2015 9:01:50 AM hudson.model.AsyncPeriodicWork$1 run
INFO: Started Fingerprint cleanup
Jul 19, 2015 9:01:50 AM hudson.model.AsyncPeriodicWork$1 run
INFO: Finished Fingerprint cleanup. 19 ms
Jul 19, 2015 9:07:10 AM hudson.node_monitors.ResponseTimeMonitor$1 monitor
WARNING: Making RS_build_sunx64_augusta offline because it’s not responding
Jul 19, 2015 9:07:10 AM hudson.node_monitors.ResponseTimeMonitor$1 monitor
WARNING: Making RS_build_sunx64_gilroy offline because it’s not responding
Jul 19, 2015 9:07:10 AM hudson.node_monitors.ResponseTimeMonitor$1 monitor
WARNING: Making rs_build_ibmaix_rqavmaix2 offline because it’s not responding
Jul 19, 2015 9:07:10 AM hudson.node_monitors.ResponseTimeMonitor$1 monitor
WARNING: Making RS_build_test_hpia64_repqahpia1 offline because it’s not responding
Jul 19, 2015 9:07:10 AM hudson.node_monitors.ResponseTimeMonitor$1 monitor
WARNING: Making RS_build_test_hpia64_repqahpia5 offline because it’s not responding
Jul 19, 2015 9:07:10 AM hudson.node_monitors.ResponseTimeMonitor$1 monitor
WARNING: Making RS_build_sunx64_asekernal6 offline because it’s not responding
Jul 19, 2015 9:07:10 AM hudson.node_monitors.ResponseTimeMonitor$1 monitor
WARNING: Making Installer_ibmplinux64_elevon offline because it’s not responding
Jul 19, 2015 9:09:08 AM hudson.slaves.SlaveComputer tryReconnect
INFO: Attempting to reconnect Installer_ibmplinux64_elevon
Jul 19, 2015 9:09:08 AM hudson.slaves.SlaveComputer tryReconnect
INFO: Attempting to reconnect RS_build_sunx64_gilroy
Jul 19, 2015 9:09:08 AM hudson.slaves.SlaveComputer tryReconnect
INFO: Attempting to reconnect RS_build_test_hpia64_repqahpia1
Jul 19, 2015 9:09:08 AM hudson.slaves.SlaveComputer tryReconnect
INFO: Attempting to reconnect RS_build_test_hpia64_repqahpia5
Jul 19, 2015 9:11:08 AM hudson.slaves.SlaveComputer tryReconnect
INFO: Attempting to reconnect RS_build_sunx64_asekernal6
Jul 19, 2015 9:20:08 AM hudson.slaves.SlaveComputer tryReconnect
INFO: Attempting to reconnect rs_build_ibmaix_rqavmaix2
Jul 19, 2015 9:23:08 AM hudson.slaves.SlaveComputer tryReconnect
INFO: Attempting to reconnect RS_build_sunx64_augusta
Jul 19, 2015 9:31:08 AM hudson.slaves.SlaveComputer tryReconnect
INFO: Attempting to reconnect Installer_ibmplinux64_elevon
Jul 19, 2015 9:31:08 AM hudson.slaves.SlaveComputer tryReconnect
INFO: Attempting to reconnect RS_build_sunx64_gilroy
Jul 19, 2015 9:31:08 AM hudson.slaves.SlaveComputer tryReconnect
INFO: Attempting to reconnect RS_build_test_hpia64_repqahpia1
Jul 19, 2015 9:31:08 AM hudson.slaves.SlaveComputer tryReconnect
INFO: Attempting to reconnect RS_build_test_hpia64_repqahpia5
Jul 19, 2015 9:32:08 AM hudson.slaves.SlaveComputer tryReconnect
INFO: Attempting to reconnect RS_build_sunx64_asekernal6
Jul 19, 2015 9:41:08 AM hudson.slaves.SlaveComputer tryReconnect
INFO: Attempting to reconnect rs_build_ibmaix_rqavmaix2
Jul 19, 2015 9:45:08 AM hudson.slaves.SlaveComputer tryReconnect
INFO: Attempting to reconnect RS_build_sunx64_augusta
Jul 19, 2015 9:52:08 AM hudson.slaves.SlaveComputer tryReconnect
INFO: Attempting to reconnect Installer_ibmplinux64_elevon
Jul 19, 2015 9:52:08 AM hudson.slaves.SlaveComputer tryReconnect
INFO: Attempting to reconnect RS_build_sunx64_gilroy
Jul 19, 2015 9:52:08 AM hudson.slaves.SlaveComputer tryReconnect
INFO: Attempting to reconnect RS_build_test_hpia64_repqahpia1
Jul 19, 2015 9:52:08 AM hudson.slaves.SlaveComputer tryReconnect
INFO: Attempting to reconnect RS_build_test_hpia64_repqahpia5
Jul 19, 2015 9:54:08 AM hudson.slaves.SlaveComputer tryReconnect
INFO: Attempting to reconnect RS_build_sunx64_asekernal6
Jul 19, 2015 10:03:08 AM hudson.slaves.SlaveComputer tryReconnect
INFO: Attempting to reconnect rs_build_ibmaix_rqavmaix2
Jul 19, 2015 10:07:08 AM hudson.slaves.SlaveComputer tryReconnect
INFO: Attempting to reconnect RS_build_sunx64_augusta
Jul 19, 2015 10:07:10 AM hudson.node_monitors.ResponseTimeMonitor$1 monitor
WARNING: Making RS_build_sunx64_augusta offline because it’s not responding
Jul 19, 2015 10:07:10 AM hudson.node_monitors.ResponseTimeMonitor$1 monitor
WARNING: Making RS_build_sunx64_gilroy offline because it’s not responding
Jul 19, 2015 10:07:10 AM hudson.node_monitors.ResponseTimeMonitor$1 monitor
WARNING: Making rs_build_ibmaix_rqavmaix2 offline because it’s not responding
Jul 19, 2015 10:07:10 AM hudson.node_monitors.ResponseTimeMonitor$1 monitor
WARNING: Making RS_build_test_hpia64_repqahpia1 offline because it’s not responding
Jul 19, 2015 10:07:10 AM hudson.node_monitors.ResponseTimeMonitor$1 monitor
WARNING: Making RS_build_test_hpia64_repqahpia5 offline because it’s not responding
Jul 19, 2015 10:07:10 AM hudson.node_monitors.ResponseTimeMonitor$1 monitor
WARNING: Making RS_build_sunx64_asekernal6 offline because it’s not responding
Jul 19, 2015 10:07:10 AM hudson.node_monitors.ResponseTimeMonitor$1 monitor
WARNING: Making Installer_ibmplinux64_elevon offline because it’s not responding
Jul 19, 2015 10:14:08 AM hudson.slaves.SlaveComputer tryReconnect
INFO: Attempting to reconnect Installer_ibmplinux64_elevon
Jul 19, 2015 10:14:08 AM hudson.slaves.SlaveComputer tryReconnect
INFO: Attempting to reconnect RS_build_sunx64_gilroy
Jul 19, 2015 10:14:08 AM hudson.slaves.SlaveComputer tryReconnect
INFO: Attempting to reconnect RS_build_test_hpia64_repqahpia1
Jul 19, 2015 10:14:08 AM hudson.slaves.SlaveComputer tryReconnect
INFO: Attempting to reconnect RS_build_test_hpia64_repqahpia5
Jul 19, 2015 10:16:08 AM hudson.slaves.SlaveComputer tryReconnect
INFO: Attempting to reconnect RS_build_sunx64_asekernal6
Jul 19, 2015 10:26:08 AM hudson.slaves.SlaveComputer tryReconnect
INFO: Attempting to reconnect rs_build_ibmaix_rqavmaix2
Jul 19, 2015 10:30:08 AM hudson.slaves.SlaveComputer tryReconnect
INFO: Attempting to reconnect RS_build_sunx64_augusta
Jul 19, 2015 10:37:08 AM hudson.slaves.SlaveComputer tryReconnect
INFO: Attempting to reconnect Installer_ibmplinux64_elevon
Jul 19, 2015 10:37:08 AM hudson.slaves.SlaveComputer tryReconnect
INFO: Attempting to reconnect RS_build_sunx64_gilroy
Jul 19, 2015 10:37:08 AM hudson.slaves.SlaveComputer tryReconnect
INFO: Attempting to reconnect RS_build_test_hpia64_repqahpia1
Jul 19, 2015 10:37:08 AM hudson.slaves.SlaveComputer tryReconnect
INFO: Attempting to reconnect RS_build_test_hpia64_repqahpia5
Jul 19, 2015 10:39:08 AM hudson.slaves.SlaveComputer tryReconnect
INFO: Attempting to reconnect RS_build_sunx64_asekernal6
Jul 19, 2015 10:47:08 AM hudson.slaves.SlaveComputer tryReconnect
INFO: Attempting to reconnect rs_build_ibmaix_rqavmaix2
Jul 19, 2015 10:51:08 AM hudson.slaves.SlaveComputer tryReconnect
INFO: Attempting to reconnect RS_build_sunx64_augusta
Jul 19, 2015 10:57:08 AM hudson.slaves.SlaveComputer tryReconnect
INFO: Attempting to reconnect Installer_ibmplinux64_elevon
Jul 19, 2015 10:57:08 AM hudson.slaves.SlaveComputer tryReconnect
INFO: Attempting to reconnect RS_build_sunx64_gilroy
Jul 19, 2015 10:57:08 AM hudson.slaves.SlaveComputer tryReconnect
INFO: Attempting to reconnect RS_build_test_hpia64_repqahpia1
Jul 19, 2015 10:57:08 AM hudson.slaves.SlaveComputer tryReconnect
INFO: Attempting to reconnect RS_build_test_hpia64_repqahpia5
Jul 19, 2015 10:58:08 AM hudson.slaves.SlaveComputer tryReconnect
INFO: Attempting to reconnect RS_build_sunx64_asekernal6
Jul 19, 2015 11:07:08 AM hudson.slaves.SlaveComputer tryReconnect
INFO: Attempting to reconnect rs_build_ibmaix_rqavmaix2
Jul 19, 2015 11:07:10 AM hudson.node_monitors.ResponseTimeMonitor$1 monitor
WARNING: Making RS_build_sunx64_augusta offline because it’s not responding
Jul 19, 2015 11:07:10 AM hudson.node_monitors.ResponseTimeMonitor$1 monitor
WARNING: Making RS_build_sunx64_gilroy offline because it’s not responding
Jul 19, 2015 11:07:10 AM hudson.node_monitors.ResponseTimeMonitor$1 monitor
WARNING: Making rs_build_ibmaix_rqavmaix2 offline because it’s not responding
Jul 19, 2015 11:07:10 AM hudson.node_monitors.ResponseTimeMonitor$1 monitor
WARNING: Making RS_build_test_hpia64_repqahpia1 offline because it’s not responding
Jul 19, 2015 11:07:10 AM hudson.node_monitors.ResponseTimeMonitor$1 monitor
WARNING: Making RS_build_test_hpia64_repqahpia5 offline because it’s not responding
Jul 19, 2015 11:07:10 AM hudson.node_monitors.ResponseTimeMonitor$1 monitor
WARNING: Making RS_build_sunx64_asekernal6 offline because it’s not responding
Jul 19, 2015 11:07:10 AM hudson.node_monitors.ResponseTimeMonitor$1 monitor
WARNING: Making Installer_ibmplinux64_elevon offline because it’s not responding
Jul 19, 2015 11:11:08 AM hudson.slaves.SlaveComputer tryReconnect
INFO: Attempting to reconnect RS_build_sunx64_augusta
Jul 19, 2015 11:18:08 AM hudson.slaves.SlaveComputer tryReconnect
INFO: Attempting to reconnect Installer_ibmplinux64_elevon
Jul 19, 2015 11:18:08 AM hudson.slaves.SlaveComputer tryReconnect
INFO: Attempting to reconnect RS_build_sunx64_gilroy
Jul 19, 2015 11:18:08 AM hudson.slaves.SlaveComputer tryReconnect
INFO: Attempting to reconnect RS_build_test_hpia64_repqahpia1
Jul 19, 2015 11:18:08 AM hudson.slaves.SlaveComputer tryReconnect
INFO: Attempting to reconnect RS_build_test_hpia64_repqahpia5
Jul 19, 2015 11:20:08 AM hudson.slaves.SlaveComputer tryReconnect
INFO: Attempting to reconnect RS_build_sunx64_asekernal6
Jul 19, 2015 11:29:08 AM hudson.slaves.SlaveComputer tryReconnect
INFO: Attempting to reconnect rs_build_ibmaix_rqavmaix2
Jul 19, 2015 11:33:08 AM hudson.slaves.SlaveComputer tryReconnect
INFO: Attempting to reconnect RS_build_sunx64_augusta
Jul 19, 2015 11:41:08 AM hudson.slaves.SlaveComputer tryReconnect
INFO: Attempting to reconnect Installer_ibmplinux64_elevon
Jul 19, 2015 11:41:08 AM hudson.slaves.SlaveComputer tryReconnect
INFO: Attempting to reconnect RS_build_sunx64_gilroy
Jul 19, 2015 11:41:08 AM hudson.slaves.SlaveComputer tryReconnect
INFO: Attempting to reconnect RS_build_test_hpia64_repqahpia1
Jul 19, 2015 11:41:08 AM hudson.slaves.SlaveComputer tryReconnect
INFO: Attempting to reconnect RS_build_test_hpia64_repqahpia5
Jul 19, 2015 11:43:08 AM hudson.slaves.SlaveComputer tryReconnect
INFO: Attempting to reconnect RS_build_sunx64_asekernal6
Jul 19, 2015 11:52:08 AM hudson.slaves.SlaveComputer tryReconnect
INFO: Attempting to reconnect rs_build_ibmaix_rqavmaix2
Jul 19, 2015 11:55:08 AM hudson.slaves.SlaveComputer tryReconnect
INFO: Attempting to reconnect RS_build_sunx64_augusta
Jul 19, 2015 12:01:08 PM hudson.slaves.SlaveComputer tryReconnect
INFO: Attempting to reconnect Installer_ibmplinux64_elevon
Jul 19, 2015 12:01:08 PM hudson.slaves.SlaveComputer tryReconnect
INFO: Attempting to reconnect RS_build_sunx64_gilroy
Jul 19, 2015 12:01:08 PM hudson.slaves.SlaveComputer tryReconnect
INFO: Attempting to reconnect RS_build_test_hpia64_repqahpia1
Jul 19, 2015 12:01:08 PM hudson.slaves.SlaveComputer tryReconnect
INFO: Attempting to reconnect RS_build_test_hpia64_repqahpia5
Jul 19, 2015 12:03:08 PM hudson.slaves.SlaveComputer tryReconnect
INFO: Attempting to reconnect RS_build_sunx64_asekernal6
Jul 19, 2015 12:07:10 PM hudson.node_monitors.ResponseTimeMonitor$1 monitor
WARNING: Making RS_build_sunx64_augusta offline because it’s not responding
Jul 19, 2015 12:07:10 PM hudson.node_monitors.ResponseTimeMonitor$1 monitor
WARNING: Making RS_build_sunx64_gilroy offline because it’s not responding
Jul 19, 2015 12:07:10 PM hudson.node_monitors.ResponseTimeMonitor$1 monitor
WARNING: Making rs_build_ibmaix_rqavmaix2 offline because it’s not responding
Jul 19, 2015 12:07:10 PM hudson.node_monitors.ResponseTimeMonitor$1 monitor
WARNING: Making RS_build_test_hpia64_repqahpia1 offline because it’s not responding
Jul 19, 2015 12:07:10 PM hudson.node_monitors.ResponseTimeMonitor$1 monitor
WARNING: Making RS_build_test_hpia64_repqahpia5 offline because it’s not responding
Jul 19, 2015 12:07:10 PM hudson.node_monitors.ResponseTimeMonitor$1 monitor
WARNING: Making RS_build_sunx64_asekernal6 offline because it’s not responding
Jul 19, 2015 12:07:10 PM hudson.node_monitors.ResponseTimeMonitor$1 monitor
WARNING: Making Installer_ibmplinux64_elevon offline because it’s not responding
Jul 19, 2015 12:13:08 PM hudson.slaves.SlaveComputer tryReconnect
INFO: Attempting to reconnect rs_build_ibmaix_rqavmaix2
Jul 19, 2015 12:16:08 PM hudson.slaves.SlaveComputer tryReconnect
INFO: Attempting to reconnect RS_build_sunx64_augusta
Jul 19, 2015 12:24:08 PM hudson.slaves.SlaveComputer tryReconnect
INFO: Attempting to reconnect Installer_ibmplinux64_elevon
Jul 19, 2015 12:24:08 PM hudson.slaves.SlaveComputer tryReconnect
INFO: Attempting to reconnect RS_build_sunx64_gilroy
Jul 19, 2015 12:24:08 PM hudson.slaves.SlaveComputer tryReconnect
INFO: Attempting to reconnect RS_build_test_hpia64_repqahpia1
Jul 19, 2015 12:24:08 PM hudson.slaves.SlaveComputer tryReconnect
INFO: Attempting to reconnect RS_build_test_hpia64_repqahpia5
Jul 19, 2015 12:25:08 PM hudson.slaves.SlaveComputer tryReconnect
INFO: Attempting to reconnect RS_build_sunx64_asekernal6
Jul 19, 2015 12:35:08 PM hudson.slaves.SlaveComputer tryReconnect
INFO: Attempting to reconnect rs_build_ibmaix_rqavmaix2
Jul 19, 2015 12:39:08 PM hudson.slaves.SlaveComputer tryReconnect
INFO: Attempting to reconnect RS_build_sunx64_augusta
Jul 19, 2015 12:47:08 PM hudson.slaves.SlaveComputer tryReconnect
INFO: Attempting to reconnect Installer_ibmplinux64_elevon
Jul 19, 2015 12:47:08 PM hudson.slaves.SlaveComputer tryReconnect
INFO: Attempting to reconnect RS_build_sunx64_gilroy
Jul 19, 2015 12:47:08 PM hudson.slaves.SlaveComputer tryReconnect
INFO: Attempting to reconnect RS_build_test_hpia64_repqahpia1
Jul 19, 2015 12:47:08 PM hudson.slaves.SlaveComputer tryReconnect
INFO: Attempting to reconnect RS_build_test_hpia64_repqahpia5
Jul 19, 2015 12:49:08 PM hudson.slaves.SlaveComputer tryReconnect
INFO: Attempting to reconnect RS_build_sunx64_asekernal6
Jul 19, 2015 12:59:08 PM hudson.slaves.SlaveComputer tryReconnect
INFO: Attempting to reconnect rs_build_ibmaix_rqavmaix2
Jul 19, 2015 1:02:08 PM hudson.slaves.SlaveComputer tryReconnect
INFO: Attempting to reconnect RS_build_sunx64_augusta
Jul 19, 2015 1:07:10 PM hudson.node_monitors.ResponseTimeMonitor$1 monitor
WARNING: Making RS_build_sunx64_augusta offline because it’s not responding
Jul 19, 2015 1:07:10 PM hudson.node_monitors.ResponseTimeMonitor$1 monitor
WARNING: Making RS_build_sunx64_gilroy offline because it’s not responding
Jul 19, 2015 1:07:10 PM hudson.node_monitors.ResponseTimeMonitor$1 monitor
WARNING: Making rs_build_ibmaix_rqavmaix2 offline because it’s not responding
Jul 19, 2015 1:07:10 PM hudson.node_monitors.ResponseTimeMonitor$1 monitor
WARNING: Making RS_build_test_hpia64_repqahpia1 offline because it’s not responding
Jul 19, 2015 1:07:10 PM hudson.node_monitors.ResponseTimeMonitor$1 monitor
WARNING: Making RS_build_test_hpia64_repqahpia5 offline because it’s not responding
Jul 19, 2015 1:07:10 PM hudson.node_monitors.ResponseTimeMonitor$1 monitor
WARNING: Making RS_build_sunx64_asekernal6 offline because it’s not responding
Jul 19, 2015 1:07:10 PM hudson.node_monitors.ResponseTimeMonitor$1 monitor
WARNING: Making Installer_ibmplinux64_elevon offline because it’s not responding
Jul 19, 2015 1:09:08 PM hudson.slaves.SlaveComputer tryReconnect
INFO: Attempting to reconnect Installer_ibmplinux64_elevon
Jul 19, 2015 1:09:08 PM hudson.slaves.SlaveComputer tryReconnect
INFO: Attempting to reconnect RS_build_sunx64_gilroy
Jul 19, 2015 1:09:08 PM hudson.slaves.SlaveComputer tryReconnect
INFO: Attempting to reconnect RS_build_test_hpia64_repqahpia1
Jul 19, 2015 1:09:08 PM hudson.slaves.SlaveComputer tryReconnect
INFO: Attempting to reconnect RS_build_test_hpia64_repqahpia5
Jul 19, 2015 1:11:08 PM hudson.slaves.SlaveComputer tryReconnect
INFO: Attempting to reconnect RS_build_sunx64_asekernal6
Jul 19, 2015 1:20:08 PM hudson.slaves.SlaveComputer tryReconnect
INFO: Attempting to reconnect rs_build_ibmaix_rqavmaix2
Jul 19, 2015 1:24:08 PM hudson.slaves.SlaveComputer tryReconnect
INFO: Attempting to reconnect RS_build_sunx64_augusta
Jul 19, 2015 1:32:08 PM hudson.slaves.SlaveComputer tryReconnect
INFO: Attempting to reconnect Installer_ibmplinux64_elevon
Jul 19, 2015 1:32:08 PM hudson.slaves.SlaveComputer tryReconnect
INFO: Attempting to reconnect RS_build_sunx64_gilroy
Jul 19, 2015 1:32:08 PM hudson.slaves.SlaveComputer tryReconnect
INFO: Attempting to reconnect RS_build_test_hpia64_repqahpia1
Jul 19, 2015 1:32:08 PM hudson.slaves.SlaveComputer tryReconnect
INFO: Attempting to reconnect RS_build_test_hpia64_repqahpia5
Jul 19, 2015 1:33:08 PM hudson.slaves.SlaveComputer tryReconnect
INFO: Attempting to reconnect RS_build_sunx64_asekernal6
Jul 19, 2015 1:43:08 PM hudson.slaves.SlaveComputer tryReconnect
INFO: Attempting to reconnect rs_build_ibmaix_rqavmaix2
Jul 19, 2015 1:46:08 PM hudson.slaves.SlaveComputer tryReconnect
INFO: Attempting to reconnect RS_build_sunx64_augusta
Jul 19, 2015 1:53:08 PM hudson.slaves.SlaveComputer tryReconnect
INFO: Attempting to reconnect Installer_ibmplinux64_elevon
Jul 19, 2015 1:53:08 PM hudson.slaves.SlaveComputer tryReconnect
INFO: Attempting to reconnect RS_build_sunx64_gilroy
Jul 19, 2015 1:53:08 PM hudson.slaves.SlaveComputer tryReconnect
INFO: Attempting to reconnect RS_build_test_hpia64_repqahpia1
Jul 19, 2015 1:53:08 PM hudson.slaves.SlaveComputer tryReconnect
INFO: Attempting to reconnect RS_build_test_hpia64_repqahpia5
Jul 19, 2015 1:55:08 PM hudson.slaves.SlaveComputer tryReconnect
INFO: Attempting to reconnect RS_build_sunx64_asekernal6
Jul 19, 2015 2:04:08 PM hudson.slaves.SlaveComputer tryReconnect
INFO: Attempting to reconnect rs_build_ibmaix_rqavmaix2
Jul 19, 2015 2:07:10 PM hudson.node_monitors.ResponseTimeMonitor$1 monitor
WARNING: Making RS_build_sunx64_augusta offline because it’s not responding
Jul 19, 2015 2:07:10 PM hudson.node_monitors.ResponseTimeMonitor$1 monitor
WARNING: Making RS_build_sunx64_gilroy offline because it’s not responding
Jul 19, 2015 2:07:10 PM hudson.node_monitors.ResponseTimeMonitor$1 monitor
WARNING: Making rs_build_ibmaix_rqavmaix2 offline because it’s not responding
Jul 19, 2015 2:07:10 PM hudson.node_monitors.ResponseTimeMonitor$1 monitor
WARNING: Making RS_build_test_hpia64_repqahpia1 offline because it’s not responding
Jul 19, 2015 2:07:10 PM hudson.node_monitors.ResponseTimeMonitor$1 monitor
WARNING: Making RS_build_test_hpia64_repqahpia5 offline because it’s not responding
Jul 19, 2015 2:07:10 PM hudson.node_monitors.ResponseTimeMonitor$1 monitor
WARNING: Making RS_build_sunx64_asekernal6 offline because it’s not responding
Jul 19, 2015 2:07:10 PM hudson.node_monitors.ResponseTimeMonitor$1 monitor
WARNING: Making Installer_ibmplinux64_elevon offline because it’s not responding
Jul 19, 2015 2:08:08 PM hudson.slaves.SlaveComputer tryReconnect
INFO: Attempting to reconnect RS_build_sunx64_augusta
Jul 19, 2015 2:16:08 PM hudson.slaves.SlaveComputer tryReconnect
INFO: Attempting to reconnect Installer_ibmplinux64_elevon
Jul 19, 2015 2:16:08 PM hudson.slaves.SlaveComputer tryReconnect
INFO: Attempting to reconnect RS_build_sunx64_gilroy
Jul 19, 2015 2:16:08 PM hudson.slaves.SlaveComputer tryReconnect
INFO: Attempting to reconnect RS_build_test_hpia64_repqahpia1
Jul 19, 2015 2:16:08 PM hudson.slaves.SlaveComputer tryReconnect
INFO: Attempting to reconnect RS_build_test_hpia64_repqahpia5
Jul 19, 2015 2:18:08 PM hudson.slaves.SlaveComputer tryReconnect
INFO: Attempting to reconnect RS_build_sunx64_asekernal6
Jul 19, 2015 2:27:08 PM hudson.slaves.SlaveComputer tryReconnect
INFO: Attempting to reconnect rs_build_ibmaix_rqavmaix2
Jul 19, 2015 2:31:08 PM hudson.slaves.SlaveComputer tryReconnect
INFO: Attempting to reconnect RS_build_sunx64_augusta
Jul 19, 2015 2:39:08 PM hudson.slaves.SlaveComputer tryReconnect
INFO: Attempting to reconnect Installer_ibmplinux64_elevon
Jul 19, 2015 2:39:08 PM hudson.slaves.SlaveComputer tryReconnect
INFO: Attempting to reconnect RS_build_sunx64_gilroy
Jul 19, 2015 2:39:08 PM hudson.slaves.SlaveComputer tryReconnect
INFO: Attempting to reconnect RS_build_test_hpia64_repqahpia1
Jul 19, 2015 2:39:08 PM hudson.slaves.SlaveComputer tryReconnect
INFO: Attempting to reconnect RS_build_test_hpia64_repqahpia5
Jul 19, 2015 2:41:08 PM hudson.slaves.SlaveComputer tryReconnect
INFO: Attempting to reconnect RS_build_sunx64_asekernal6
Jul 19, 2015 2:49:08 PM hudson.slaves.SlaveComputer tryReconnect
INFO: Attempting to reconnect rs_build_ibmaix_rqavmaix2
Jul 19, 2015 2:53:08 PM hudson.slaves.SlaveComputer tryReconnect
INFO: Attempting to reconnect RS_build_sunx64_augusta
Jul 19, 2015 3:00:08 PM hudson.slaves.SlaveComputer tryReconnect
INFO: Attempting to reconnect Installer_ibmplinux64_elevon
Jul 19, 2015 3:00:08 PM hudson.slaves.SlaveComputer tryReconnect
INFO: Attempting to reconnect RS_build_sunx64_gilroy
Jul 19, 2015 3:00:08 PM hudson.slaves.SlaveComputer tryReconnect
INFO: Attempting to reconnect RS_build_test_hpia64_repqahpia1
Jul 19, 2015 3:00:08 PM hudson.slaves.SlaveComputer tryReconnect
INFO: Attempting to reconnect RS_build_test_hpia64_repqahpia5
Jul 19, 2015 3:02:08 PM hudson.slaves.SlaveComputer tryReconnect
INFO: Attempting to reconnect RS_build_sunx64_asekernal6
Jul 19, 2015 3:07:10 PM hudson.node_monitors.ResponseTimeMonitor$1 monitor
WARNING: Making RS_build_sunx64_augusta offline because it’s not responding
Jul 19, 2015 3:07:10 PM hudson.node_monitors.ResponseTimeMonitor$1 monitor
WARNING: Making RS_build_sunx64_gilroy offline because it’s not responding
Jul 19, 2015 3:07:10 PM hudson.node_monitors.ResponseTimeMonitor$1 monitor
WARNING: Making rs_build_ibmaix_rqavmaix2 offline because it’s not responding
Jul 19, 2015 3:07:10 PM hudson.node_monitors.ResponseTimeMonitor$1 monitor
WARNING: Making RS_build_test_hpia64_repqahpia1 offline because it’s not responding
Jul 19, 2015 3:07:10 PM hudson.node_monitors.ResponseTimeMonitor$1 monitor
WARNING: Making RS_build_test_hpia64_repqahpia5 offline because it’s not responding
Jul 19, 2015 3:07:10 PM hudson.node_monitors.ResponseTimeMonitor$1 monitor
WARNING: Making RS_build_sunx64_asekernal6 offline because it’s not responding
Jul 19, 2015 3:07:10 PM hudson.node_monitors.ResponseTimeMonitor$1 monitor
WARNING: Making Installer_ibmplinux64_elevon offline because it’s not responding
Jul 19, 2015 3:11:08 PM hudson.slaves.SlaveComputer tryReconnect
INFO: Attempting to reconnect rs_build_ibmaix_rqavmaix2
Jul 19, 2015 3:15:08 PM hudson.slaves.SlaveComputer tryReconnect
INFO: Attempting to reconnect RS_build_sunx64_augusta
Jul 19, 2015 3:23:08 PM hudson.slaves.SlaveComputer tryReconnect
INFO: Attempting to reconnect Installer_ibmplinux64_elevon
Jul 19, 2015 3:23:08 PM hudson.slaves.SlaveComputer tryReconnect
INFO: Attempting to reconnect RS_build_sunx64_gilroy
Jul 19, 2015 3:23:08 PM hudson.slaves.SlaveComputer tryReconnect
INFO: Attempting to reconnect RS_build_test_hpia64_repqahpia1
Jul 19, 2015 3:23:08 PM hudson.slaves.SlaveComputer tryReconnect
INFO: Attempting to reconnect RS_build_test_hpia64_repqahpia5
Jul 19, 2015 3:24:08 PM hudson.slaves.SlaveComputer tryReconnect
INFO: Attempting to reconnect RS_build_sunx64_asekernal6
Jul 19, 2015 3:34:08 PM hudson.slaves.SlaveComputer tryReconnect
INFO: Attempting to reconnect rs_build_ibmaix_rqavmaix2
Jul 19, 2015 3:38:08 PM hudson.slaves.SlaveComputer tryReconnect
INFO: Attempting to reconnect RS_build_sunx64_augusta
Jul 19, 2015 3:45:08 PM hudson.slaves.SlaveComputer tryReconnect
INFO: Attempting to reconnect Installer_ibmplinux64_elevon
Jul 19, 2015 3:45:08 PM hudson.slaves.SlaveComputer tryReconnect
INFO: Attempting to reconnect RS_build_sunx64_gilroy
Jul 19, 2015 3:45:08 PM hudson.slaves.SlaveComputer tryReconnect
INFO: Attempting to reconnect RS_build_test_hpia64_repqahpia1
Jul 19, 2015 3:45:08 PM hudson.slaves.SlaveComputer tryReconnect
INFO: Attempting to reconnect RS_build_test_hpia64_repqahpia5
Jul 19, 2015 3:47:08 PM hudson.slaves.SlaveComputer tryReconnect
INFO: Attempting to reconnect RS_build_sunx64_asekernal6
Jul 19, 2015 3:56:08 PM hudson.slaves.SlaveComputer tryReconnect
INFO: Attempting to reconnect rs_build_ibmaix_rqavmaix2
Jul 19, 2015 4:00:08 PM hudson.slaves.SlaveComputer tryReconnect
INFO: Attempting to reconnect RS_build_sunx64_augusta
Jul 19, 2015 4:07:08 PM hudson.slaves.SlaveComputer tryReconnect
INFO: Attempting to reconnect Installer_ibmplinux64_elevon
Jul 19, 2015 4:07:08 PM hudson.slaves.SlaveComputer tryReconnect
INFO: Attempting to reconnect RS_build_sunx64_gilroy
Jul 19, 2015 4:07:08 PM hudson.slaves.SlaveComputer tryReconnect
INFO: Attempting to reconnect RS_build_test_hpia64_repqahpia1
Jul 19, 2015 4:07:08 PM hudson.slaves.SlaveComputer tryReconnect
INFO: Attempting to reconnect RS_build_test_hpia64_repqahpia5
Jul 19, 2015 4:07:10 PM hudson.node_monitors.ResponseTimeMonitor$1 monitor
WARNING: Making RS_build_sunx64_augusta offline because it’s not responding
Jul 19, 2015 4:07:10 PM hudson.node_monitors.ResponseTimeMonitor$1 monitor
WARNING: Making RS_build_sunx64_gilroy offline because it’s not responding
Jul 19, 2015 4:07:10 PM hudson.node_monitors.ResponseTimeMonitor$1 monitor
WARNING: Making rs_build_ibmaix_rqavmaix2 offline because it’s not responding
Jul 19, 2015 4:07:10 PM hudson.node_monitors.ResponseTimeMonitor$1 monitor
WARNING: Making RS_build_test_hpia64_repqahpia1 offline because it’s not responding
Jul 19, 2015 4:07:10 PM hudson.node_monitors.ResponseTimeMonitor$1 monitor
WARNING: Making RS_build_test_hpia64_repqahpia5 offline because it’s not responding
Jul 19, 2015 4:07:10 PM hudson.node_monitors.ResponseTimeMonitor$1 monitor
WARNING: Making RS_build_sunx64_asekernal6 offline because it’s not responding
Jul 19, 2015 4:07:10 PM hudson.node_monitors.ResponseTimeMonitor$1 monitor
WARNING: Making Installer_ibmplinux64_elevon offline because it’s not responding
Jul 19, 2015 4:09:08 PM hudson.slaves.SlaveComputer tryReconnect
INFO: Attempting to reconnect RS_build_sunx64_asekernal6
Jul 19, 2015 4:18:08 PM hudson.slaves.SlaveComputer tryReconnect
INFO: Attempting to reconnect rs_build_ibmaix_rqavmaix2
Jul 19, 2015 4:22:08 PM hudson.slaves.SlaveComputer tryReconnect
INFO: Attempting to reconnect RS_build_sunx64_augusta
Jul 19, 2015 4:28:08 PM hudson.slaves.SlaveComputer tryReconnect
INFO: Attempting to reconnect Installer_ibmplinux64_elevon
Jul 19, 2015 4:28:08 PM hudson.slaves.SlaveComputer tryReconnect
INFO: Attempting to reconnect RS_build_sunx64_gilroy
Jul 19, 2015 4:28:08 PM hudson.slaves.SlaveComputer tryReconnect
INFO: Attempting to reconnect RS_build_test_hpia64_repqahpia1
Jul 19, 2015 4:28:08 PM hudson.slaves.SlaveComputer tryReconnect
INFO: Attempting to reconnect RS_build_test_hpia64_repqahpia5
Jul 19, 2015 4:30:08 PM hudson.slaves.SlaveComputer tryReconnect
INFO: Attempting to reconnect RS_build_sunx64_asekernal6
Jul 19, 2015 4:40:08 PM hudson.slaves.SlaveComputer tryReconnect
INFO: Attempting to reconnect rs_build_ibmaix_rqavmaix2
Jul 19, 2015 4:44:08 PM hudson.slaves.SlaveComputer tryReconnect
INFO: Attempting to reconnect RS_build_sunx64_augusta
Jul 19, 2015 4:52:08 PM hudson.slaves.SlaveComputer tryReconnect
INFO: Attempting to reconnect Installer_ibmplinux64_elevon
Jul 19, 2015 4:52:08 PM hudson.slaves.SlaveComputer tryReconnect
INFO: Attempting to reconnect RS_build_sunx64_gilroy
Jul 19, 2015 4:52:08 PM hudson.slaves.SlaveComputer tryReconnect
INFO: Attempting to reconnect RS_build_test_hpia64_repqahpia1
Jul 19, 2015 4:52:08 PM hudson.slaves.SlaveComputer tryReconnect
INFO: Attempting to reconnect RS_build_test_hpia64_repqahpia5
Jul 19, 2015 4:54:08 PM hudson.slaves.SlaveComputer tryReconnect
INFO: Attempting to reconnect RS_build_sunx64_asekernal6
Jul 19, 2015 5:04:08 PM hudson.slaves.SlaveComputer tryReconnect
INFO: Attempting to reconnect rs_build_ibmaix_rqavmaix2
Jul 19, 2015 5:07:10 PM hudson.node_monitors.ResponseTimeMonitor$1 monitor
WARNING: Making RS_build_sunx64_augusta offline because it’s not responding
Jul 19, 2015 5:07:10 PM hudson.node_monitors.ResponseTimeMonitor$1 monitor
WARNING: Making RS_build_sunx64_gilroy offline because it’s not responding
Jul 19, 2015 5:07:10 PM hudson.node_monitors.ResponseTimeMonitor$1 monitor
WARNING: Making rs_build_ibmaix_rqavmaix2 offline because it’s not responding
Jul 19, 2015 5:07:10 PM hudson.node_monitors.ResponseTimeMonitor$1 monitor
WARNING: Making RS_build_test_hpia64_repqahpia1 offline because it’s not responding
Jul 19, 2015 5:07:10 PM hudson.node_monitors.ResponseTimeMonitor$1 monitor
WARNING: Making RS_build_test_hpia64_repqahpia5 offline because it’s not responding
Jul 19, 2015 5:07:10 PM hudson.node_monitors.ResponseTimeMonitor$1 monitor
WARNING: Making RS_build_sunx64_asekernal6 offline because it’s not responding
Jul 19, 2015 5:07:10 PM hudson.node_monitors.ResponseTimeMonitor$1 monitor
WARNING: Making Installer_ibmplinux64_elevon offline because it’s not responding
Jul 19, 2015 5:08:08 PM hudson.slaves.SlaveComputer tryReconnect
INFO: Attempting to reconnect RS_build_sunx64_augusta
Jul 19, 2015 5:16:08 PM hudson.slaves.SlaveComputer tryReconnect
INFO: Attempting to reconnect Installer_ibmplinux64_elevon
Jul 19, 2015 5:16:08 PM hudson.slaves.SlaveComputer tryReconnect
INFO: Attempting to reconnect RS_build_sunx64_gilroy
Jul 19, 2015 5:16:08 PM hudson.slaves.SlaveComputer tryReconnect
INFO: Attempting to reconnect RS_build_test_hpia64_repqahpia1
Jul 19, 2015 5:16:08 PM hudson.slaves.SlaveComputer tryReconnect
INFO: Attempting to reconnect RS_build_test_hpia64_repqahpia5
Jul 19, 2015 5:18:08 PM hudson.slaves.SlaveComputer tryReconnect
INFO: Attempting to reconnect RS_build_sunx64_asekernal6
Jul 19, 2015 5:27:08 PM hudson.slaves.SlaveComputer tryReconnect
INFO: Attempting to reconnect rs_build_ibmaix_rqavmaix2
Jul 19, 2015 5:30:08 PM hudson.slaves.SlaveComputer tryReconnect
INFO: Attempting to reconnect RS_build_sunx64_augusta
Jul 19, 2015 5:37:08 PM hudson.slaves.SlaveComputer tryReconnect
INFO: Attempting to reconnect Installer_ibmplinux64_elevon
Jul 19, 2015 5:37:08 PM hudson.slaves.SlaveComputer tryReconnect
INFO: Attempting to reconnect RS_build_sunx64_gilroy
Jul 19, 2015 5:37:08 PM hudson.slaves.SlaveComputer tryReconnect
INFO: Attempting to reconnect RS_build_test_hpia64_repqahpia1
Jul 19, 2015 5:37:08 PM hudson.slaves.SlaveComputer tryReconnect
INFO: Attempting to reconnect RS_build_test_hpia64_repqahpia5
Jul 19, 2015 5:39:08 PM hudson.slaves.SlaveComputer tryReconnect
INFO: Attempting to reconnect RS_build_sunx64_asekernal6
Jul 19, 2015 5:49:08 PM hudson.slaves.SlaveComputer tryReconnect
INFO: Attempting to reconnect rs_build_ibmaix_rqavmaix2
Jul 19, 2015 5:53:08 PM hudson.slaves.SlaveComputer tryReconnect
INFO: Attempting to reconnect RS_build_sunx64_augusta
Jul 19, 2015 6:00:08 PM hudson.slaves.SlaveComputer tryReconnect
INFO: Attempting to reconnect Installer_ibmplinux64_elevon
Jul 19, 2015 6:00:08 PM hudson.slaves.SlaveComputer tryReconnect
INFO: Attempting to reconnect RS_build_sunx64_gilroy
Jul 19, 2015 6:00:08 PM hudson.slaves.SlaveComputer tryReconnect
INFO: Attempting to reconnect RS_build_test_hpia64_repqahpia1
Jul 19, 2015 6:00:08 PM hudson.slaves.SlaveComputer tryReconnect
INFO: Attempting to reconnect RS_build_test_hpia64_repqahpia5
Jul 19, 2015 6:02:08 PM hudson.slaves.SlaveComputer tryReconnect
INFO: Attempting to reconnect RS_build_sunx64_asekernal6
Jul 19, 2015 6:07:10 PM hudson.node_monitors.ResponseTimeMonitor$1 monitor
WARNING: Making RS_build_sunx64_augusta offline because it’s not responding
Jul 19, 2015 6:07:10 PM hudson.node_monitors.ResponseTimeMonitor$1 monitor
WARNING: Making RS_build_sunx64_gilroy offline because it’s not responding
Jul 19, 2015 6:07:10 PM hudson.node_monitors.ResponseTimeMonitor$1 monitor
WARNING: Making rs_build_ibmaix_rqavmaix2 offline because it’s not responding
Jul 19, 2015 6:07:10 PM hudson.node_monitors.ResponseTimeMonitor$1 monitor
WARNING: Making RS_build_test_hpia64_repqahpia1 offline because it’s not responding
Jul 19, 2015 6:07:10 PM hudson.node_monitors.ResponseTimeMonitor$1 monitor
WARNING: Making RS_build_test_hpia64_repqahpia5 offline because it’s not responding
Jul 19, 2015 6:07:10 PM hudson.node_monitors.ResponseTimeMonitor$1 monitor
WARNING: Making RS_build_sunx64_asekernal6 offline because it’s not responding
Jul 19, 2015 6:07:10 PM hudson.node_monitors.ResponseTimeMonitor$1 monitor
WARNING: Making Installer_ibmplinux64_elevon offline because it’s not responding
Jul 19, 2015 6:11:08 PM hudson.slaves.SlaveComputer tryReconnect
INFO: Attempting to reconnect rs_build_ibmaix_rqavmaix2
Jul 19, 2015 6:14:08 PM hudson.slaves.SlaveComputer tryReconnect
INFO: Attempting to reconnect RS_build_sunx64_augusta
Jul 19, 2015 6:21:08 PM hudson.slaves.SlaveComputer tryReconnect
INFO: Attempting to reconnect Installer_ibmplinux64_elevon
Jul 19, 2015 6:21:08 PM hudson.slaves.SlaveComputer tryReconnect
INFO: Attempting to reconnect RS_build_sunx64_gilroy
Jul 19, 2015 6:21:08 PM hudson.slaves.SlaveComputer tryReconnect
INFO: Attempting to reconnect RS_build_test_hpia64_repqahpia1
Jul 19, 2015 6:21:08 PM hudson.slaves.SlaveComputer tryReconnect
INFO: Attempting to reconnect RS_build_test_hpia64_repqahpia5
Jul 19, 2015 6:23:08 PM hudson.slaves.SlaveComputer tryReconnect
INFO: Attempting to reconnect RS_build_sunx64_asekernal6
Jul 19, 2015 6:31:08 PM hudson.slaves.SlaveComputer tryReconnect
INFO: Attempting to reconnect rs_build_ibmaix_rqavmaix2
Jul 19, 2015 6:35:08 PM hudson.slaves.SlaveComputer tryReconnect
INFO: Attempting to reconnect RS_build_sunx64_augusta
Jul 19, 2015 6:42:08 PM hudson.slaves.SlaveComputer tryReconnect
INFO: Attempting to reconnect Installer_ibmplinux64_elevon
Jul 19, 2015 6:42:08 PM hudson.slaves.SlaveComputer tryReconnect
INFO: Attempting to reconnect RS_build_sunx64_gilroy
Jul 19, 2015 6:42:08 PM hudson.slaves.SlaveComputer tryReconnect
INFO: Attempting to reconnect RS_build_test_hpia64_repqahpia1
Jul 19, 2015 6:42:08 PM hudson.slaves.SlaveComputer tryReconnect
INFO: Attempting to reconnect RS_build_test_hpia64_repqahpia5
Jul 19, 2015 6:44:08 PM hudson.slaves.SlaveComputer tryReconnect
INFO: Attempting to reconnect RS_build_sunx64_asekernal6
Jul 19, 2015 6:53:08 PM hudson.slaves.SlaveComputer tryReconnect
INFO: Attempting to reconnect rs_build_ibmaix_rqavmaix2
Jul 19, 2015 6:55:51 PM hudson.node_monitors.AbstractDiskSpaceMonitor markNodeOfflineIfDiskspaceIsTooLow
WARNING: Making RS_build_test_ibmaix64_p6vm1qb offline temporarily due to the lack of disk space
Jul 19, 2015 6:55:58 PM hudson.model.UpdateSite updateData
INFO: Obtained the latest update center data file for UpdateSource default
Jul 19, 2015 6:57:08 PM hudson.slaves.SlaveComputer tryReconnect
INFO: Attempting to reconnect RS_build_sunx64_augusta
Jul 19, 2015 6:57:08 PM hudson.slaves.SlaveComputer tryReconnect
INFO: Attempting to reconnect RS_build_test_ibmaix64_p6vm1qb
Jul 19, 2015 6:59:08 PM hudson.slaves.SlaveComputer tryReconnect
INFO: Attempting to reconnect RS_build_test_ibmaix64_p6vm1qb
Jul 19, 2015 7:05:08 PM hudson.slaves.SlaveComputer tryReconnect
INFO: Attempting to reconnect Installer_ibmplinux64_elevon
Jul 19, 2015 7:05:08 PM hudson.slaves.SlaveComputer tryReconnect
INFO: Attempting to reconnect RS_build_sunx64_gilroy
Jul 19, 2015 7:05:08 PM hudson.slaves.SlaveComputer tryReconnect
INFO: Attempting to reconnect RS_build_test_hpia64_repqahpia1
Jul 19, 2015 7:05:08 PM hudson.slaves.SlaveComputer tryReconnect
INFO: Attempting to reconnect RS_build_test_hpia64_repqahpia5
Jul 19, 2015 7:05:14 PM hudson.remoting.SynchronousCommandTransport$ReaderThread run
SEVERE: I/O error in channel Installer_ibmplinux64_elevon
java.io.IOException: Unexpected termination of the channel
	at hudson.remoting.SynchronousCommandTransport$ReaderThread.run(SynchronousCommandTransport.java:50)
Caused by: java.io.EOFException
	at java.io.ObjectInputStream$PeekInputStream.readFully(ObjectInputStream.java:2297)
	at java.io.ObjectInputStream$BlockDataInputStream.readShort(ObjectInputStream.java:2766)
	at java.io.ObjectInputStream.readStreamHeader(ObjectInputStream.java:797)
	at java.io.ObjectInputStream.<init>(ObjectInputStream.java:297)
	at hudson.remoting.ObjectInputStreamEx.<init>(ObjectInputStreamEx.java:40)
	at hudson.remoting.AbstractSynchronousByteArrayCommandTransport.read(AbstractSynchronousByteArrayCommandTransport.java:34)
	at hudson.remoting.SynchronousCommandTransport$ReaderThread.run(SynchronousCommandTransport.java:48)
Jul 19, 2015 7:05:40 PM org.kohsuke.stapler.RequestImpl$TypePair convertJSON
WARNING: 'stapler-class' is deprecated: hudson.tasks.Shell
Jul 19, 2015 7:05:40 PM org.kohsuke.stapler.RequestImpl$TypePair convertJSON
WARNING: 'stapler-class' is deprecated: hudson.plugins.emailext.ExtendedEmailPublisher
Jul 19, 2015 7:05:40 PM org.kohsuke.stapler.RequestImpl$TypePair convertJSON
WARNING: 'stapler-class' is deprecated: hudson.plugins.emailext.plugins.trigger.FailureTrigger
Jul 19, 2015 7:05:40 PM org.kohsuke.stapler.RequestImpl$TypePair convertJSON
WARNING: 'stapler-class' is deprecated: hudson.plugins.emailext.plugins.recipients.ListRecipientProvider
Jul 19, 2015 7:07:08 PM hudson.slaves.SlaveComputer tryReconnect
INFO: Attempting to reconnect RS_build_sunx64_asekernal6
Jul 19, 2015 7:07:10 PM hudson.node_monitors.ResponseTimeMonitor$1 monitor
WARNING: Making RS_build_sunx64_augusta offline because it’s not responding
Jul 19, 2015 7:07:10 PM hudson.node_monitors.ResponseTimeMonitor$1 monitor
WARNING: Making RS_build_sunx64_gilroy offline because it’s not responding
Jul 19, 2015 7:07:10 PM hudson.node_monitors.ResponseTimeMonitor$1 monitor
WARNING: Making rs_build_ibmaix_rqavmaix2 offline because it’s not responding
Jul 19, 2015 7:07:10 PM hudson.node_monitors.ResponseTimeMonitor$1 monitor
WARNING: Making RS_build_test_hpia64_repqahpia1 offline because it’s not responding
Jul 19, 2015 7:07:10 PM hudson.node_monitors.ResponseTimeMonitor$1 monitor
WARNING: Making RS_build_test_hpia64_repqahpia5 offline because it’s not responding
Jul 19, 2015 7:07:10 PM hudson.node_monitors.ResponseTimeMonitor$1 monitor
WARNING: Making RS_build_sunx64_asekernal6 offline because it’s not responding
Jul 19, 2015 7:07:10 PM hudson.node_monitors.ResponseTimeMonitor$1 monitor
WARNING: Making Installer_ibmplinux64_elevon offline because it’s not responding
Jul 19, 2015 7:13:08 PM hudson.slaves.SlaveComputer tryReconnect
INFO: Attempting to reconnect RS_build_test_ibmaix64_p6vm1qb
Jul 19, 2015 7:17:08 PM hudson.slaves.SlaveComputer tryReconnect
INFO: Attempting to reconnect rs_build_ibmaix_rqavmaix2
Jul 19, 2015 7:20:08 PM hudson.slaves.SlaveComputer tryReconnect
INFO: Attempting to reconnect RS_build_sunx64_augusta
Jul 19, 2015 7:28:08 PM hudson.slaves.SlaveComputer tryReconnect
INFO: Attempting to reconnect Installer_ibmplinux64_elevon
Jul 19, 2015 7:28:08 PM hudson.slaves.SlaveComputer tryReconnect
INFO: Attempting to reconnect RS_build_sunx64_gilroy
Jul 19, 2015 7:28:08 PM hudson.slaves.SlaveComputer tryReconnect
INFO: Attempting to reconnect RS_build_test_hpia64_repqahpia1
Jul 19, 2015 7:28:08 PM hudson.slaves.SlaveComputer tryReconnect
INFO: Attempting to reconnect RS_build_test_hpia64_repqahpia5
Jul 19, 2015 7:30:08 PM hudson.slaves.SlaveComputer tryReconnect
INFO: Attempting to reconnect RS_build_sunx64_asekernal6
Jul 19, 2015 7:36:08 PM hudson.slaves.SlaveComputer tryReconnect
INFO: Attempting to reconnect RS_build_test_ibmaix64_p6vm1qb
Jul 19, 2015 7:39:08 PM hudson.slaves.SlaveComputer tryReconnect
INFO: Attempting to reconnect rs_build_ibmaix_rqavmaix2
Jul 19, 2015 7:43:08 PM hudson.slaves.SlaveComputer tryReconnect
INFO: Attempting to reconnect RS_build_sunx64_augusta
Jul 19, 2015 7:50:08 PM hudson.slaves.SlaveComputer tryReconnect
INFO: Attempting to reconnect Installer_ibmplinux64_elevon
Jul 19, 2015 7:50:08 PM hudson.slaves.SlaveComputer tryReconnect
INFO: Attempting to reconnect RS_build_sunx64_gilroy
Jul 19, 2015 7:50:08 PM hudson.slaves.SlaveComputer tryReconnect
INFO: Attempting to reconnect RS_build_test_hpia64_repqahpia1
Jul 19, 2015 7:50:08 PM hudson.slaves.SlaveComputer tryReconnect
INFO: Attempting to reconnect RS_build_test_hpia64_repqahpia5
Jul 19, 2015 7:51:08 PM hudson.slaves.SlaveComputer tryReconnect
INFO: Attempting to reconnect RS_build_sunx64_asekernal6
Jul 19, 2015 7:57:08 PM hudson.slaves.SlaveComputer tryReconnect
INFO: Attempting to reconnect RS_build_test_ibmaix64_p6vm1qb
Jul 19, 2015 8:01:08 PM hudson.slaves.SlaveComputer tryReconnect
INFO: Attempting to reconnect rs_build_ibmaix_rqavmaix2
Jul 19, 2015 8:05:08 PM hudson.slaves.SlaveComputer tryReconnect
INFO: Attempting to reconnect RS_build_sunx64_augusta
Jul 19, 2015 8:07:10 PM hudson.node_monitors.ResponseTimeMonitor$1 monitor
WARNING: Making RS_build_sunx64_augusta offline because it’s not responding
Jul 19, 2015 8:07:10 PM hudson.node_monitors.ResponseTimeMonitor$1 monitor
WARNING: Making RS_build_sunx64_gilroy offline because it’s not responding
Jul 19, 2015 8:07:10 PM hudson.node_monitors.ResponseTimeMonitor$1 monitor
WARNING: Making rs_build_ibmaix_rqavmaix2 offline because it’s not responding
Jul 19, 2015 8:07:10 PM hudson.node_monitors.ResponseTimeMonitor$1 monitor
WARNING: Making RS_build_test_hpia64_repqahpia1 offline because it’s not responding
Jul 19, 2015 8:07:10 PM hudson.node_monitors.ResponseTimeMonitor$1 monitor
WARNING: Making RS_build_test_hpia64_repqahpia5 offline because it’s not responding
Jul 19, 2015 8:07:10 PM hudson.node_monitors.ResponseTimeMonitor$1 monitor
WARNING: Making RS_build_sunx64_asekernal6 offline because it’s not responding
Jul 19, 2015 8:07:10 PM hudson.node_monitors.ResponseTimeMonitor$1 monitor
WARNING: Making Installer_ibmplinux64_elevon offline because it’s not responding
Jul 19, 2015 8:12:08 PM hudson.slaves.SlaveComputer tryReconnect
INFO: Attempting to reconnect Installer_ibmplinux64_elevon
Jul 19, 2015 8:12:08 PM hudson.slaves.SlaveComputer tryReconnect
INFO: Attempting to reconnect RS_build_sunx64_gilroy
Jul 19, 2015 8:12:08 PM hudson.slaves.SlaveComputer tryReconnect
INFO: Attempting to reconnect RS_build_test_hpia64_repqahpia1
Jul 19, 2015 8:12:08 PM hudson.slaves.SlaveComputer tryReconnect
INFO: Attempting to reconnect RS_build_test_hpia64_repqahpia5
Jul 19, 2015 8:14:08 PM hudson.slaves.SlaveComputer tryReconnect
INFO: Attempting to reconnect RS_build_sunx64_asekernal6
Jul 19, 2015 8:19:08 PM hudson.slaves.SlaveComputer tryReconnect
INFO: Attempting to reconnect RS_build_test_ibmaix64_p6vm1qb
Jul 19, 2015 8:23:08 PM hudson.slaves.SlaveComputer tryReconnect
INFO: Attempting to reconnect rs_build_ibmaix_rqavmaix2
Jul 19, 2015 8:26:08 PM hudson.slaves.SlaveComputer tryReconnect
INFO: Attempting to reconnect RS_build_sunx64_augusta
Jul 19, 2015 8:34:08 PM hudson.slaves.SlaveComputer tryReconnect
INFO: Attempting to reconnect Installer_ibmplinux64_elevon
Jul 19, 2015 8:34:08 PM hudson.slaves.SlaveComputer tryReconnect
INFO: Attempting to reconnect RS_build_sunx64_gilroy
Jul 19, 2015 8:34:08 PM hudson.slaves.SlaveComputer tryReconnect
INFO: Attempting to reconnect RS_build_test_hpia64_repqahpia1
Jul 19, 2015 8:34:08 PM hudson.slaves.SlaveComputer tryReconnect
INFO: Attempting to reconnect RS_build_test_hpia64_repqahpia5
Jul 19, 2015 8:36:08 PM hudson.slaves.SlaveComputer tryReconnect
INFO: Attempting to reconnect RS_build_sunx64_asekernal6
Jul 19, 2015 8:42:08 PM hudson.slaves.SlaveComputer tryReconnect
INFO: Attempting to reconnect RS_build_test_ibmaix64_p6vm1qb
Jul 19, 2015 8:45:08 PM hudson.slaves.SlaveComputer tryReconnect
INFO: Attempting to reconnect rs_build_ibmaix_rqavmaix2
Jul 19, 2015 8:48:08 PM hudson.slaves.SlaveComputer tryReconnect
INFO: Attempting to reconnect RS_build_sunx64_augusta
Jul 19, 2015 8:56:08 PM hudson.slaves.SlaveComputer tryReconnect
INFO: Attempting to reconnect Installer_ibmplinux64_elevon
Jul 19, 2015 8:56:08 PM hudson.slaves.SlaveComputer tryReconnect
INFO: Attempting to reconnect RS_build_sunx64_gilroy
Jul 19, 2015 8:56:08 PM hudson.slaves.SlaveComputer tryReconnect
INFO: Attempting to reconnect RS_build_test_hpia64_repqahpia1
Jul 19, 2015 8:56:08 PM hudson.slaves.SlaveComputer tryReconnect
INFO: Attempting to reconnect RS_build_test_hpia64_repqahpia5
Jul 19, 2015 8:57:08 PM hudson.slaves.SlaveComputer tryReconnect
INFO: Attempting to reconnect RS_build_sunx64_asekernal6
Jul 19, 2015 9:02:08 PM hudson.slaves.SlaveComputer tryReconnect
INFO: Attempting to reconnect RS_build_test_ibmaix64_p6vm1qb
Jul 19, 2015 9:06:08 PM hudson.slaves.SlaveComputer tryReconnect
INFO: Attempting to reconnect rs_build_ibmaix_rqavmaix2
Jul 19, 2015 9:07:10 PM hudson.node_monitors.ResponseTimeMonitor$1 monitor
WARNING: Making RS_build_sunx64_augusta offline because it’s not responding
Jul 19, 2015 9:07:10 PM hudson.node_monitors.ResponseTimeMonitor$1 monitor
WARNING: Making RS_build_sunx64_gilroy offline because it’s not responding
Jul 19, 2015 9:07:10 PM hudson.node_monitors.ResponseTimeMonitor$1 monitor
WARNING: Making rs_build_ibmaix_rqavmaix2 offline because it’s not responding
Jul 19, 2015 9:07:10 PM hudson.node_monitors.ResponseTimeMonitor$1 monitor
WARNING: Making RS_build_test_hpia64_repqahpia1 offline because it’s not responding
Jul 19, 2015 9:07:10 PM hudson.node_monitors.ResponseTimeMonitor$1 monitor
WARNING: Making RS_build_test_hpia64_repqahpia5 offline because it’s not responding
Jul 19, 2015 9:07:10 PM hudson.node_monitors.ResponseTimeMonitor$1 monitor
WARNING: Making RS_build_sunx64_asekernal6 offline because it’s not responding
Jul 19, 2015 9:07:10 PM hudson.node_monitors.ResponseTimeMonitor$1 monitor
WARNING: Making Installer_ibmplinux64_elevon offline because it’s not responding
Jul 19, 2015 9:09:08 PM hudson.slaves.SlaveComputer tryReconnect
INFO: Attempting to reconnect RS_build_sunx64_augusta
Jul 19, 2015 9:16:08 PM hudson.slaves.SlaveComputer tryReconnect
INFO: Attempting to reconnect Installer_ibmplinux64_elevon
Jul 19, 2015 9:16:08 PM hudson.slaves.SlaveComputer tryReconnect
INFO: Attempting to reconnect RS_build_sunx64_gilroy
Jul 19, 2015 9:16:08 PM hudson.slaves.SlaveComputer tryReconnect
INFO: Attempting to reconnect RS_build_test_hpia64_repqahpia1
Jul 19, 2015 9:16:08 PM hudson.slaves.SlaveComputer tryReconnect
INFO: Attempting to reconnect RS_build_test_hpia64_repqahpia5
Jul 19, 2015 9:18:08 PM hudson.slaves.SlaveComputer tryReconnect
INFO: Attempting to reconnect RS_build_sunx64_asekernal6
Jul 19, 2015 9:23:08 PM hudson.slaves.SlaveComputer tryReconnect
INFO: Attempting to reconnect RS_build_test_ibmaix64_p6vm1qb
Jul 19, 2015 9:27:08 PM hudson.slaves.SlaveComputer tryReconnect
INFO: Attempting to reconnect rs_build_ibmaix_rqavmaix2
Jul 19, 2015 9:30:08 PM hudson.slaves.SlaveComputer tryReconnect
INFO: Attempting to reconnect RS_build_sunx64_augusta
Jul 19, 2015 9:37:08 PM hudson.slaves.SlaveComputer tryReconnect
INFO: Attempting to reconnect Installer_ibmplinux64_elevon
Jul 19, 2015 9:37:08 PM hudson.slaves.SlaveComputer tryReconnect
INFO: Attempting to reconnect RS_build_sunx64_gilroy
Jul 19, 2015 9:37:08 PM hudson.slaves.SlaveComputer tryReconnect
INFO: Attempting to reconnect RS_build_test_hpia64_repqahpia1
Jul 19, 2015 9:37:08 PM hudson.slaves.SlaveComputer tryReconnect
INFO: Attempting to reconnect RS_build_test_hpia64_repqahpia5
Jul 19, 2015 9:39:08 PM hudson.slaves.SlaveComputer tryReconnect
INFO: Attempting to reconnect RS_build_sunx64_asekernal6
Jul 19, 2015 9:44:08 PM hudson.slaves.SlaveComputer tryReconnect
INFO: Attempting to reconnect RS_build_test_ibmaix64_p6vm1qb
Jul 19, 2015 9:48:08 PM hudson.slaves.SlaveComputer tryReconnect
INFO: Attempting to reconnect rs_build_ibmaix_rqavmaix2
Jul 19, 2015 9:52:08 PM hudson.slaves.SlaveComputer tryReconnect
INFO: Attempting to reconnect RS_build_sunx64_augusta
Jul 19, 2015 9:59:08 PM hudson.slaves.SlaveComputer tryReconnect
INFO: Attempting to reconnect Installer_ibmplinux64_elevon
Jul 19, 2015 9:59:08 PM hudson.slaves.SlaveComputer tryReconnect
INFO: Attempting to reconnect RS_build_sunx64_gilroy
Jul 19, 2015 9:59:08 PM hudson.slaves.SlaveComputer tryReconnect
INFO: Attempting to reconnect RS_build_test_hpia64_repqahpia1
Jul 19, 2015 9:59:08 PM hudson.slaves.SlaveComputer tryReconnect
INFO: Attempting to reconnect RS_build_test_hpia64_repqahpia5
Jul 19, 2015 10:01:08 PM hudson.slaves.SlaveComputer tryReconnect
INFO: Attempting to reconnect RS_build_sunx64_asekernal6
Jul 19, 2015 10:06:08 PM hudson.slaves.SlaveComputer tryReconnect
INFO: Attempting to reconnect RS_build_test_ibmaix64_p6vm1qb
Jul 19, 2015 10:07:10 PM hudson.node_monitors.ResponseTimeMonitor$1 monitor
WARNING: Making RS_build_sunx64_augusta offline because it’s not responding
Jul 19, 2015 10:07:10 PM hudson.node_monitors.ResponseTimeMonitor$1 monitor
WARNING: Making RS_build_sunx64_gilroy offline because it’s not responding
Jul 19, 2015 10:07:10 PM hudson.node_monitors.ResponseTimeMonitor$1 monitor
WARNING: Making rs_build_ibmaix_rqavmaix2 offline because it’s not responding
Jul 19, 2015 10:07:10 PM hudson.node_monitors.ResponseTimeMonitor$1 monitor
WARNING: Making RS_build_test_hpia64_repqahpia1 offline because it’s not responding
Jul 19, 2015 10:07:10 PM hudson.node_monitors.ResponseTimeMonitor$1 monitor
WARNING: Making RS_build_test_hpia64_repqahpia5 offline because it’s not responding
Jul 19, 2015 10:07:10 PM hudson.node_monitors.ResponseTimeMonitor$1 monitor
WARNING: Making RS_build_sunx64_asekernal6 offline because it’s not responding
Jul 19, 2015 10:07:10 PM hudson.node_monitors.ResponseTimeMonitor$1 monitor
WARNING: Making Installer_ibmplinux64_elevon offline because it’s not responding
Jul 19, 2015 10:10:08 PM hudson.slaves.SlaveComputer tryReconnect
INFO: Attempting to reconnect rs_build_ibmaix_rqavmaix2
Jul 19, 2015 10:14:08 PM hudson.slaves.SlaveComputer tryReconnect
INFO: Attempting to reconnect RS_build_sunx64_augusta
Jul 19, 2015 10:22:08 PM hudson.slaves.SlaveComputer tryReconnect
INFO: Attempting to reconnect Installer_ibmplinux64_elevon
Jul 19, 2015 10:22:08 PM hudson.slaves.SlaveComputer tryReconnect
INFO: Attempting to reconnect RS_build_sunx64_gilroy
Jul 19, 2015 10:22:08 PM hudson.slaves.SlaveComputer tryReconnect
INFO: Attempting to reconnect RS_build_test_hpia64_repqahpia1
Jul 19, 2015 10:22:08 PM hudson.slaves.SlaveComputer tryReconnect
INFO: Attempting to reconnect RS_build_test_hpia64_repqahpia5
Jul 19, 2015 10:22:12 PM hudson.remoting.SynchronousCommandTransport$ReaderThread run
SEVERE: I/O error in channel Installer_ibmplinux64_elevon
java.io.IOException: Unexpected termination of the channel
	at hudson.remoting.SynchronousCommandTransport$ReaderThread.run(SynchronousCommandTransport.java:50)
Caused by: java.io.EOFException
	at java.io.ObjectInputStream$PeekInputStream.readFully(ObjectInputStream.java:2297)
	at java.io.ObjectInputStream$BlockDataInputStream.readShort(ObjectInputStream.java:2766)
	at java.io.ObjectInputStream.readStreamHeader(ObjectInputStream.java:797)
	at java.io.ObjectInputStream.<init>(ObjectInputStream.java:297)
	at hudson.remoting.ObjectInputStreamEx.<init>(ObjectInputStreamEx.java:40)
	at hudson.remoting.AbstractSynchronousByteArrayCommandTransport.read(AbstractSynchronousByteArrayCommandTransport.java:34)
	at hudson.remoting.SynchronousCommandTransport$ReaderThread.run(SynchronousCommandTransport.java:48)
Jul 19, 2015 10:23:08 PM hudson.slaves.SlaveComputer tryReconnect
INFO: Attempting to reconnect RS_build_sunx64_asekernal6
Jul 19, 2015 10:29:08 PM hudson.slaves.SlaveComputer tryReconnect
INFO: Attempting to reconnect RS_build_test_ibmaix64_p6vm1qb
Jul 19, 2015 10:32:08 PM hudson.slaves.SlaveComputer tryReconnect
INFO: Attempting to reconnect rs_build_ibmaix_rqavmaix2
Jul 19, 2015 10:35:08 PM hudson.slaves.SlaveComputer tryReconnect
INFO: Attempting to reconnect RS_build_sunx64_augusta
Jul 19, 2015 10:43:08 PM hudson.slaves.SlaveComputer tryReconnect
INFO: Attempting to reconnect Installer_ibmplinux64_elevon
Jul 19, 2015 10:43:08 PM hudson.slaves.SlaveComputer tryReconnect
INFO: Attempting to reconnect RS_build_sunx64_gilroy
Jul 19, 2015 10:43:08 PM hudson.slaves.SlaveComputer tryReconnect
INFO: Attempting to reconnect RS_build_test_hpia64_repqahpia1
Jul 19, 2015 10:43:08 PM hudson.slaves.SlaveComputer tryReconnect
INFO: Attempting to reconnect RS_build_test_hpia64_repqahpia5
Jul 19, 2015 10:43:14 PM hudson.remoting.SynchronousCommandTransport$ReaderThread run
SEVERE: I/O error in channel Installer_ibmplinux64_elevon
java.io.IOException: Unexpected termination of the channel
	at hudson.remoting.SynchronousCommandTransport$ReaderThread.run(SynchronousCommandTransport.java:50)
Caused by: java.io.EOFException
	at java.io.ObjectInputStream$PeekInputStream.readFully(ObjectInputStream.java:2297)
	at java.io.ObjectInputStream$BlockDataInputStream.readShort(ObjectInputStream.java:2766)
	at java.io.ObjectInputStream.readStreamHeader(ObjectInputStream.java:797)
	at java.io.ObjectInputStream.<init>(ObjectInputStream.java:297)
	at hudson.remoting.ObjectInputStreamEx.<init>(ObjectInputStreamEx.java:40)
	at hudson.remoting.AbstractSynchronousByteArrayCommandTransport.read(AbstractSynchronousByteArrayCommandTransport.java:34)
	at hudson.remoting.SynchronousCommandTransport$ReaderThread.run(SynchronousCommandTransport.java:48)
Jul 19, 2015 10:43:55 PM hudson.model.AsyncPeriodicWork$1 run
INFO: Started Workspace clean-up
Jul 19, 2015 10:44:08 PM hudson.slaves.SlaveComputer tryReconnect
INFO: Attempting to reconnect RS_build_sunx64_asekernal6
Jul 19, 2015 10:44:25 PM hudson.model.AsyncPeriodicWork$1 run
INFO: Finished Workspace clean-up. 30,079 ms
Jul 19, 2015 10:49:08 PM hudson.slaves.SlaveComputer tryReconnect
INFO: Attempting to reconnect RS_build_test_ibmaix64_p6vm1qb
Jul 19, 2015 10:53:08 PM hudson.slaves.SlaveComputer tryReconnect
INFO: Attempting to reconnect rs_build_ibmaix_rqavmaix2
Jul 19, 2015 10:54:54 PM hudson.model.AsyncPeriodicWork$1 run
INFO: Started Download metadata
Jul 19, 2015 10:54:54 PM hudson.model.AsyncPeriodicWork$1 run
INFO: Finished Download metadata. 14 ms
Jul 19, 2015 10:56:08 PM hudson.slaves.SlaveComputer tryReconnect
INFO: Attempting to reconnect RS_build_sunx64_augusta
Jul 19, 2015 11:04:08 PM hudson.slaves.SlaveComputer tryReconnect
INFO: Attempting to reconnect Installer_ibmplinux64_elevon
Jul 19, 2015 11:04:08 PM hudson.slaves.SlaveComputer tryReconnect
INFO: Attempting to reconnect RS_build_sunx64_gilroy
Jul 19, 2015 11:04:08 PM hudson.slaves.SlaveComputer tryReconnect
INFO: Attempting to reconnect RS_build_test_hpia64_repqahpia1
Jul 19, 2015 11:04:08 PM hudson.slaves.SlaveComputer tryReconnect
INFO: Attempting to reconnect RS_build_test_hpia64_repqahpia5
Jul 19, 2015 11:06:08 PM hudson.slaves.SlaveComputer tryReconnect
INFO: Attempting to reconnect RS_build_sunx64_asekernal6
Jul 19, 2015 11:07:10 PM hudson.node_monitors.ResponseTimeMonitor$1 monitor
WARNING: Making RS_build_sunx64_augusta offline because it’s not responding
Jul 19, 2015 11:07:10 PM hudson.node_monitors.ResponseTimeMonitor$1 monitor
WARNING: Making RS_build_sunx64_gilroy offline because it’s not responding
Jul 19, 2015 11:07:10 PM hudson.node_monitors.ResponseTimeMonitor$1 monitor
WARNING: Making rs_build_ibmaix_rqavmaix2 offline because it’s not responding
Jul 19, 2015 11:07:10 PM hudson.node_monitors.ResponseTimeMonitor$1 monitor
WARNING: Making RS_build_test_hpia64_repqahpia1 offline because it’s not responding
Jul 19, 2015 11:07:10 PM hudson.node_monitors.ResponseTimeMonitor$1 monitor
WARNING: Making RS_build_test_hpia64_repqahpia5 offline because it’s not responding
Jul 19, 2015 11:07:10 PM hudson.node_monitors.ResponseTimeMonitor$1 monitor
WARNING: Making RS_build_sunx64_asekernal6 offline because it’s not responding
Jul 19, 2015 11:07:10 PM hudson.node_monitors.ResponseTimeMonitor$1 monitor
WARNING: Making Installer_ibmplinux64_elevon offline because it’s not responding
Jul 19, 2015 11:12:08 PM hudson.slaves.SlaveComputer tryReconnect
INFO: Attempting to reconnect RS_build_test_ibmaix64_p6vm1qb
Jul 19, 2015 11:15:08 PM hudson.slaves.SlaveComputer tryReconnect
INFO: Attempting to reconnect rs_build_ibmaix_rqavmaix2
Jul 19, 2015 11:19:08 PM hudson.slaves.SlaveComputer tryReconnect
INFO: Attempting to reconnect RS_build_sunx64_augusta
Jul 19, 2015 11:26:08 PM hudson.slaves.SlaveComputer tryReconnect
INFO: Attempting to reconnect Installer_ibmplinux64_elevon
Jul 19, 2015 11:26:08 PM hudson.slaves.SlaveComputer tryReconnect
INFO: Attempting to reconnect RS_build_sunx64_gilroy
Jul 19, 2015 11:26:08 PM hudson.slaves.SlaveComputer tryReconnect
INFO: Attempting to reconnect RS_build_test_hpia64_repqahpia1
Jul 19, 2015 11:26:08 PM hudson.slaves.SlaveComputer tryReconnect
INFO: Attempting to reconnect RS_build_test_hpia64_repqahpia5
Jul 19, 2015 11:28:08 PM hudson.slaves.SlaveComputer tryReconnect
INFO: Attempting to reconnect RS_build_sunx64_asekernal6
Jul 19, 2015 11:34:08 PM hudson.slaves.SlaveComputer tryReconnect
INFO: Attempting to reconnect RS_build_test_ibmaix64_p6vm1qb
Jul 19, 2015 11:37:08 PM hudson.slaves.SlaveComputer tryReconnect
INFO: Attempting to reconnect rs_build_ibmaix_rqavmaix2
Jul 19, 2015 11:40:08 PM hudson.slaves.SlaveComputer tryReconnect
INFO: Attempting to reconnect RS_build_sunx64_augusta
Jul 19, 2015 11:48:08 PM hudson.slaves.SlaveComputer tryReconnect
INFO: Attempting to reconnect Installer_ibmplinux64_elevon
Jul 19, 2015 11:48:08 PM hudson.slaves.SlaveComputer tryReconnect
INFO: Attempting to reconnect RS_build_sunx64_gilroy
Jul 19, 2015 11:48:08 PM hudson.slaves.SlaveComputer tryReconnect
INFO: Attempting to reconnect RS_build_test_hpia64_repqahpia1
Jul 19, 2015 11:48:08 PM hudson.slaves.SlaveComputer tryReconnect
INFO: Attempting to reconnect RS_build_test_hpia64_repqahpia5
Jul 19, 2015 11:50:08 PM hudson.slaves.SlaveComputer tryReconnect
INFO: Attempting to reconnect RS_build_sunx64_asekernal6
Jul 19, 2015 11:56:08 PM hudson.slaves.SlaveComputer tryReconnect
INFO: Attempting to reconnect RS_build_test_ibmaix64_p6vm1qb
