Aug 08, 2017 12:38:55 AM hudson.node_monitors.ResponseTimeMonitor$1 monitor
WARNING: Making NT_MONSOON offline because it?s not responding
Aug 08, 2017 1:38:55 AM hudson.node_monitors.ResponseTimeMonitor$1 monitor
WARNING: Making NT_MONSOON offline because it?s not responding
Aug 08, 2017 2:38:55 AM hudson.node_monitors.ResponseTimeMonitor$1 monitor
WARNING: Making NT_MONSOON offline because it?s not responding
Aug 08, 2017 3:38:55 AM hudson.node_monitors.ResponseTimeMonitor$1 monitor
WARNING: Making NT_MONSOON offline because it?s not responding
Aug 08, 2017 4:38:55 AM hudson.node_monitors.ResponseTimeMonitor$1 monitor
WARNING: Making NT_MONSOON offline because it?s not responding
Aug 08, 2017 5:38:55 AM hudson.node_monitors.ResponseTimeMonitor$1 monitor
WARNING: Making NT_MONSOON offline because it?s not responding
Aug 08, 2017 6:38:55 AM hudson.node_monitors.ResponseTimeMonitor$1 monitor
WARNING: Making NT_MONSOON offline because it?s not responding
Aug 08, 2017 7:38:55 AM hudson.node_monitors.ResponseTimeMonitor$1 monitor
WARNING: Making NT_MONSOON offline because it?s not responding
Aug 08, 2017 8:38:55 AM hudson.node_monitors.ResponseTimeMonitor$1 monitor
WARNING: Making NT_MONSOON offline because it?s not responding
Aug 08, 2017 9:11:42 AM hudson.model.Run execute
INFO: SRS_RMA_BUILD_TRIGGER_BY_RMADEV_160SP03 #234 main build action completed: FAILURE
Aug 08, 2017 9:23:20 AM hudson.model.Run execute
INFO: SRS_RMA_BUILD_TRIGGER_BY_RMADEV_160SP03PL02 #26 main build action completed: SUCCESS
Aug 08, 2017 9:27:46 AM hudson.model.Run execute
INFO: SP307_SRS_DAILY_BUILD_INTEGRATION #149 main build action completed: SUCCESS
Aug 08, 2017 9:30:41 AM hudson.model.Run execute
INFO: SRS_RMA_BUILD_TRIGGER_BY_RMADEV_160SP03PL02 #27 main build action completed: SUCCESS
Aug 08, 2017 9:38:55 AM hudson.node_monitors.ResponseTimeMonitor$1 monitor
WARNING: Making NT_MONSOON offline because it?s not responding
Aug 08, 2017 9:42:48 AM hudson.model.Run execute
INFO: SRS_DROP_TEST_FOR_ASE_SP307 #150 main build action completed: SUCCESS
Aug 08, 2017 9:42:50 AM hudson.model.Run execute
INFO: SP307_SRS_DAILY_BUILD_AND_DROP_TO_ASE #101 main build action completed: SUCCESS
Aug 08, 2017 10:38:55 AM hudson.node_monitors.ResponseTimeMonitor$1 monitor
WARNING: Making NT_MONSOON offline because it?s not responding
Aug 08, 2017 11:38:55 AM hudson.node_monitors.ResponseTimeMonitor$1 monitor
WARNING: Making NT_MONSOON offline because it?s not responding
Aug 08, 2017 12:22:09 PM hudson.model.Run execute
INFO: GET_RMA_CHECKIN_SP03PL01 #38 main build action completed: SUCCESS
Aug 08, 2017 12:38:55 PM hudson.node_monitors.ResponseTimeMonitor$1 monitor
WARNING: Making NT_MONSOON offline because it?s not responding
Aug 08, 2017 1:38:55 PM hudson.node_monitors.ResponseTimeMonitor$1 monitor
WARNING: Making NT_MONSOON offline because it?s not responding
Aug 08, 2017 1:41:38 PM hudson.model.Run execute
INFO: 160SP03_SRS_DAILY_BUILD #138 main build action completed: SUCCESS
Aug 08, 2017 1:53:50 PM hudson.model.Run execute
INFO: SRS_SP03_TEST #124 main build action completed: SUCCESS
Aug 08, 2017 1:54:04 PM hudson.model.Run execute
INFO: CREATE_LINK_SP03 #120 main build action completed: SUCCESS
Aug 08, 2017 1:54:06 PM hudson.model.Run execute
INFO: SRS_160SP03_SERIAL #126 main build action completed: SUCCESS
Aug 08, 2017 2:24:00 PM hudson.model.AsyncPeriodicWork$1 run
INFO: Started Workspace clean-up
Aug 08, 2017 2:24:02 PM hudson.model.AsyncPeriodicWork$1 run
INFO: Finished Workspace clean-up. 1,371 ms
Aug 08, 2017 2:38:55 PM hudson.node_monitors.ResponseTimeMonitor$1 monitor
WARNING: Making NT_MONSOON offline because it?s not responding
Aug 08, 2017 3:20:58 PM hudson.model.AsyncPeriodicWork$1 run
INFO: Started Fingerprint cleanup
Aug 08, 2017 3:20:58 PM hudson.model.AsyncPeriodicWork$1 run
INFO: Finished Fingerprint cleanup. 0 ms
Aug 08, 2017 3:38:55 PM hudson.node_monitors.ResponseTimeMonitor$1 monitor
WARNING: Making NT_MONSOON offline because it?s not responding
Aug 08, 2017 4:12:51 PM hudson.model.AsyncPeriodicWork$1 run
INFO: Started Download metadata
Aug 08, 2017 4:13:02 PM hudson.model.UpdateSite updateData
INFO: Obtained the latest update center data file for UpdateSource default
Aug 08, 2017 4:13:04 PM hudson.model.AsyncPeriodicWork$1 run
INFO: Finished Download metadata. 12,182 ms
Aug 08, 2017 4:38:55 PM hudson.node_monitors.ResponseTimeMonitor$1 monitor
WARNING: Making NT_MONSOON offline because it?s not responding
Aug 08, 2017 4:46:10 PM hudson.model.Run execute
INFO: GET_RMA_CHECKIN_SP03PL02 #18 main build action completed: SUCCESS
Aug 08, 2017 4:58:22 PM hudson.model.Run execute
INFO: 160SP03PL02_SRS_DAILY_BUILD_INTEGRATION #28 main build action completed: SUCCESS
Aug 08, 2017 5:38:55 PM hudson.node_monitors.ResponseTimeMonitor$1 monitor
WARNING: Making NT_MONSOON offline because it?s not responding
Aug 08, 2017 6:38:55 PM hudson.node_monitors.ResponseTimeMonitor$1 monitor
WARNING: Making NT_MONSOON offline because it?s not responding
Aug 08, 2017 7:38:55 PM hudson.node_monitors.ResponseTimeMonitor$1 monitor
WARNING: Making NT_MONSOON offline because it?s not responding
Aug 08, 2017 8:38:55 PM hudson.node_monitors.ResponseTimeMonitor$1 monitor
WARNING: Making NT_MONSOON offline because it?s not responding
Aug 08, 2017 9:38:55 PM hudson.node_monitors.ResponseTimeMonitor$1 monitor
WARNING: Making NT_MONSOON offline because it?s not responding
Aug 08, 2017 10:34:32 PM org.kohsuke.stapler.RequestImpl$TypePair convertJSON
WARNING: 'stapler-class' is deprecated: hudson.tasks.Shell
Aug 08, 2017 10:34:32 PM org.kohsuke.stapler.RequestImpl$TypePair convertJSON
WARNING: 'stapler-class' is deprecated: hudson.plugins.emailext.ExtendedEmailPublisher
Aug 08, 2017 10:34:32 PM org.kohsuke.stapler.RequestImpl$TypePair convertJSON
WARNING: 'stapler-class' is deprecated: hudson.plugins.emailext.plugins.trigger.FailureTrigger
Aug 08, 2017 10:34:32 PM org.kohsuke.stapler.RequestImpl$TypePair convertJSON
WARNING: 'stapler-class' is deprecated: hudson.plugins.emailext.plugins.recipients.ListRecipientProvider
Aug 08, 2017 10:35:37 PM org.kohsuke.stapler.RequestImpl$TypePair convertJSON
WARNING: 'stapler-class' is deprecated: hudson.tasks.Shell
Aug 08, 2017 10:36:02 PM org.kohsuke.stapler.RequestImpl$TypePair convertJSON
WARNING: 'stapler-class' is deprecated: hudson.tasks.Shell
Aug 08, 2017 10:38:55 PM hudson.node_monitors.ResponseTimeMonitor$1 monitor
WARNING: Making NT_MONSOON offline because it?s not responding
Aug 08, 2017 11:05:54 PM hudson.model.Run execute
INFO: SRS_DROP_TEST_FOR_ASE_SP03PL02 #26 aborted
java.lang.InterruptedException
	at java.lang.Object.wait(Native Method)
	at hudson.remoting.Request.call(Request.java:146)
	at hudson.remoting.Channel.call(Channel.java:751)
	at hudson.remoting.RemoteInvocationHandler.invoke(RemoteInvocationHandler.java:179)
	at com.sun.proxy.$Proxy48.join(Unknown Source)
	at hudson.Launcher$RemoteLauncher$ProcImpl.join(Launcher.java:979)
	at hudson.tasks.CommandInterpreter.join(CommandInterpreter.java:137)
	at hudson.tasks.CommandInterpreter.perform(CommandInterpreter.java:97)
	at hudson.tasks.CommandInterpreter.perform(CommandInterpreter.java:66)
	at hudson.tasks.BuildStepMonitor$1.perform(BuildStepMonitor.java:20)
	at hudson.model.AbstractBuild$AbstractBuildExecution.perform(AbstractBuild.java:770)
	at hudson.model.Build$BuildExecution.build(Build.java:199)
	at hudson.model.Build$BuildExecution.doRun(Build.java:160)
	at hudson.model.AbstractBuild$AbstractBuildExecution.run(AbstractBuild.java:533)
	at hudson.model.Run.execute(Run.java:1718)
	at hudson.model.FreeStyleBuild.run(FreeStyleBuild.java:43)
	at hudson.model.ResourceController.execute(ResourceController.java:89)
	at hudson.model.Executor.run(Executor.java:240)

Aug 08, 2017 11:05:55 PM hudson.model.Run execute
INFO: 160SP03PL02_SRS_DAILY_BUILD_AND_DROP_TO_ASE #28 aborted
java.lang.InterruptedException
	at com.tikal.jenkins.plugins.multijob.MultiJobBuilder.perform(MultiJobBuilder.java:240)
	at hudson.tasks.BuildStepMonitor$1.perform(BuildStepMonitor.java:20)
	at hudson.model.AbstractBuild$AbstractBuildExecution.perform(AbstractBuild.java:770)
	at hudson.model.Build$BuildExecution.build(Build.java:199)
	at hudson.model.Build$BuildExecution.doRun(Build.java:160)
	at hudson.model.AbstractBuild$AbstractBuildExecution.run(AbstractBuild.java:533)
	at com.tikal.jenkins.plugins.multijob.MultiJobBuild$MultiJobRunnerImpl.run(MultiJobBuild.java:134)
	at hudson.model.Run.execute(Run.java:1718)
	at com.tikal.jenkins.plugins.multijob.MultiJobBuild.run(MultiJobBuild.java:73)
	at hudson.model.ResourceController.execute(ResourceController.java:89)
	at hudson.model.Executor.run(Executor.java:240)

Aug 08, 2017 11:06:04 PM hudson.model.Run execute
INFO: GET_RMA_CHECKIN_SP03PL02 #19 main build action completed: SUCCESS
Aug 08, 2017 11:19:26 PM hudson.model.Run execute
INFO: 160SP03PL02_SRS_DAILY_BUILD_INTEGRATION #29 main build action completed: SUCCESS
Aug 08, 2017 11:38:55 PM hudson.node_monitors.ResponseTimeMonitor$1 monitor
WARNING: Making NT_MONSOON offline because it?s not responding
