Sep 28, 2017 12:09:51 AM hudson.node_monitors.ResponseTimeMonitor$1 monitor
WARNING: Making NT_MONSOON offline because it?s not responding
Sep 28, 2017 12:09:51 AM hudson.node_monitors.ResponseTimeMonitor$1 monitor
WARNING: Making ase_test_txue offline because it?s not responding
Sep 28, 2017 12:10:21 AM hudson.node_monitors.AbstractAsyncNodeMonitorDescriptor monitor
WARNING: Failed to monitor installer_test_linux1 for Free Disk Space
java.util.concurrent.TimeoutException
	at hudson.remoting.Request$1.get(Request.java:271)
	at hudson.remoting.Request$1.get(Request.java:206)
	at hudson.remoting.FutureAdapter.get(FutureAdapter.java:59)
	at hudson.node_monitors.AbstractAsyncNodeMonitorDescriptor.monitor(AbstractAsyncNodeMonitorDescriptor.java:97)
	at hudson.node_monitors.AbstractNodeMonitorDescriptor$Record.run(AbstractNodeMonitorDescriptor.java:302)

Sep 28, 2017 12:12:34 AM hudson.slaves.SlaveComputer tryReconnect
INFO: Attempting to reconnect ase_test_txue
Sep 28, 2017 12:34:34 AM hudson.slaves.SlaveComputer tryReconnect
INFO: Attempting to reconnect ase_test_txue
Sep 28, 2017 12:57:34 AM hudson.slaves.SlaveComputer tryReconnect
INFO: Attempting to reconnect ase_test_txue
Sep 28, 2017 1:09:51 AM hudson.node_monitors.ResponseTimeMonitor$1 monitor
WARNING: Making NT_MONSOON offline because it?s not responding
Sep 28, 2017 1:09:51 AM hudson.node_monitors.ResponseTimeMonitor$1 monitor
WARNING: Making ase_test_txue offline because it?s not responding
Sep 28, 2017 1:10:21 AM hudson.node_monitors.AbstractAsyncNodeMonitorDescriptor monitor
WARNING: Failed to monitor installer_test_linux1 for Free Disk Space
java.util.concurrent.TimeoutException
	at hudson.remoting.Request$1.get(Request.java:271)
	at hudson.remoting.Request$1.get(Request.java:206)
	at hudson.remoting.FutureAdapter.get(FutureAdapter.java:59)
	at hudson.node_monitors.AbstractAsyncNodeMonitorDescriptor.monitor(AbstractAsyncNodeMonitorDescriptor.java:97)
	at hudson.node_monitors.AbstractNodeMonitorDescriptor$Record.run(AbstractNodeMonitorDescriptor.java:302)

Sep 28, 2017 1:19:34 AM hudson.slaves.SlaveComputer tryReconnect
INFO: Attempting to reconnect ase_test_txue
Sep 28, 2017 1:41:34 AM hudson.slaves.SlaveComputer tryReconnect
INFO: Attempting to reconnect ase_test_txue
Sep 28, 2017 2:03:34 AM hudson.slaves.SlaveComputer tryReconnect
INFO: Attempting to reconnect ase_test_txue
Sep 28, 2017 2:09:51 AM hudson.node_monitors.ResponseTimeMonitor$1 monitor
WARNING: Making NT_MONSOON offline because it?s not responding
Sep 28, 2017 2:09:51 AM hudson.node_monitors.ResponseTimeMonitor$1 monitor
WARNING: Making ase_test_txue offline because it?s not responding
Sep 28, 2017 2:10:21 AM hudson.node_monitors.AbstractAsyncNodeMonitorDescriptor monitor
WARNING: Failed to monitor installer_test_linux1 for Free Disk Space
java.util.concurrent.TimeoutException
	at hudson.remoting.Request$1.get(Request.java:271)
	at hudson.remoting.Request$1.get(Request.java:206)
	at hudson.remoting.FutureAdapter.get(FutureAdapter.java:59)
	at hudson.node_monitors.AbstractAsyncNodeMonitorDescriptor.monitor(AbstractAsyncNodeMonitorDescriptor.java:97)
	at hudson.node_monitors.AbstractNodeMonitorDescriptor$Record.run(AbstractNodeMonitorDescriptor.java:302)

Sep 28, 2017 2:25:34 AM hudson.slaves.SlaveComputer tryReconnect
INFO: Attempting to reconnect ase_test_txue
Sep 28, 2017 2:47:34 AM hudson.slaves.SlaveComputer tryReconnect
INFO: Attempting to reconnect ase_test_txue
Sep 28, 2017 3:08:34 AM hudson.slaves.SlaveComputer tryReconnect
INFO: Attempting to reconnect ase_test_txue
Sep 28, 2017 3:09:51 AM hudson.node_monitors.ResponseTimeMonitor$1 monitor
WARNING: Making NT_MONSOON offline because it?s not responding
Sep 28, 2017 3:09:51 AM hudson.node_monitors.ResponseTimeMonitor$1 monitor
WARNING: Making ase_test_txue offline because it?s not responding
Sep 28, 2017 3:10:21 AM hudson.node_monitors.AbstractAsyncNodeMonitorDescriptor monitor
WARNING: Failed to monitor installer_test_linux1 for Free Disk Space
java.util.concurrent.TimeoutException
	at hudson.remoting.Request$1.get(Request.java:271)
	at hudson.remoting.Request$1.get(Request.java:206)
	at hudson.remoting.FutureAdapter.get(FutureAdapter.java:59)
	at hudson.node_monitors.AbstractAsyncNodeMonitorDescriptor.monitor(AbstractAsyncNodeMonitorDescriptor.java:97)
	at hudson.node_monitors.AbstractNodeMonitorDescriptor$Record.run(AbstractNodeMonitorDescriptor.java:302)

Sep 28, 2017 3:30:34 AM hudson.slaves.SlaveComputer tryReconnect
INFO: Attempting to reconnect ase_test_txue
Sep 28, 2017 3:52:34 AM hudson.slaves.SlaveComputer tryReconnect
INFO: Attempting to reconnect ase_test_txue
Sep 28, 2017 4:09:51 AM hudson.node_monitors.ResponseTimeMonitor$1 monitor
WARNING: Making NT_MONSOON offline because it?s not responding
Sep 28, 2017 4:09:51 AM hudson.node_monitors.ResponseTimeMonitor$1 monitor
WARNING: Making ase_test_txue offline because it?s not responding
Sep 28, 2017 4:10:21 AM hudson.node_monitors.AbstractAsyncNodeMonitorDescriptor monitor
WARNING: Failed to monitor installer_test_linux1 for Free Disk Space
java.util.concurrent.TimeoutException
	at hudson.remoting.Request$1.get(Request.java:271)
	at hudson.remoting.Request$1.get(Request.java:206)
	at hudson.remoting.FutureAdapter.get(FutureAdapter.java:59)
	at hudson.node_monitors.AbstractAsyncNodeMonitorDescriptor.monitor(AbstractAsyncNodeMonitorDescriptor.java:97)
	at hudson.node_monitors.AbstractNodeMonitorDescriptor$Record.run(AbstractNodeMonitorDescriptor.java:302)

Sep 28, 2017 4:14:34 AM hudson.slaves.SlaveComputer tryReconnect
INFO: Attempting to reconnect ase_test_txue
Sep 28, 2017 4:22:36 AM hudson.model.Run execute
INFO: SP307_SRS_DAILY_BUILD_INTEGRATION #198 main build action completed: SUCCESS
Sep 28, 2017 4:34:58 AM hudson.model.Run execute
INFO: SRS_DROP_TEST_FOR_ASE_SP307 #199 main build action completed: SUCCESS
Sep 28, 2017 4:35:00 AM hudson.model.Run execute
INFO: SP307_SRS_DAILY_BUILD_AND_DROP_TO_ASE #148 main build action completed: SUCCESS
Sep 28, 2017 4:36:34 AM hudson.slaves.SlaveComputer tryReconnect
INFO: Attempting to reconnect ase_test_txue
Sep 28, 2017 4:58:34 AM hudson.slaves.SlaveComputer tryReconnect
INFO: Attempting to reconnect ase_test_txue
Sep 28, 2017 5:09:51 AM hudson.node_monitors.ResponseTimeMonitor$1 monitor
WARNING: Making NT_MONSOON offline because it?s not responding
Sep 28, 2017 5:09:51 AM hudson.node_monitors.ResponseTimeMonitor$1 monitor
WARNING: Making ase_test_txue offline because it?s not responding
Sep 28, 2017 5:10:21 AM hudson.node_monitors.AbstractAsyncNodeMonitorDescriptor monitor
WARNING: Failed to monitor installer_test_linux1 for Free Disk Space
java.util.concurrent.TimeoutException
	at hudson.remoting.Request$1.get(Request.java:271)
	at hudson.remoting.Request$1.get(Request.java:206)
	at hudson.remoting.FutureAdapter.get(FutureAdapter.java:59)
	at hudson.node_monitors.AbstractAsyncNodeMonitorDescriptor.monitor(AbstractAsyncNodeMonitorDescriptor.java:97)
	at hudson.node_monitors.AbstractNodeMonitorDescriptor$Record.run(AbstractNodeMonitorDescriptor.java:302)

Sep 28, 2017 5:21:34 AM hudson.slaves.SlaveComputer tryReconnect
INFO: Attempting to reconnect ase_test_txue
Sep 28, 2017 5:41:34 AM hudson.slaves.SlaveComputer tryReconnect
INFO: Attempting to reconnect ase_test_txue
Sep 28, 2017 6:03:34 AM hudson.slaves.SlaveComputer tryReconnect
INFO: Attempting to reconnect ase_test_txue
Sep 28, 2017 6:09:51 AM hudson.node_monitors.ResponseTimeMonitor$1 monitor
WARNING: Making NT_MONSOON offline because it?s not responding
Sep 28, 2017 6:09:51 AM hudson.node_monitors.ResponseTimeMonitor$1 monitor
WARNING: Making ase_test_txue offline because it?s not responding
Sep 28, 2017 6:10:21 AM hudson.node_monitors.AbstractAsyncNodeMonitorDescriptor monitor
WARNING: Failed to monitor installer_test_linux1 for Free Disk Space
java.util.concurrent.TimeoutException
	at hudson.remoting.Request$1.get(Request.java:271)
	at hudson.remoting.Request$1.get(Request.java:206)
	at hudson.remoting.FutureAdapter.get(FutureAdapter.java:59)
	at hudson.node_monitors.AbstractAsyncNodeMonitorDescriptor.monitor(AbstractAsyncNodeMonitorDescriptor.java:97)
	at hudson.node_monitors.AbstractNodeMonitorDescriptor$Record.run(AbstractNodeMonitorDescriptor.java:302)

Sep 28, 2017 6:25:34 AM hudson.slaves.SlaveComputer tryReconnect
INFO: Attempting to reconnect ase_test_txue
Sep 28, 2017 6:48:34 AM hudson.slaves.SlaveComputer tryReconnect
INFO: Attempting to reconnect ase_test_txue
Sep 28, 2017 7:09:51 AM hudson.node_monitors.ResponseTimeMonitor$1 monitor
WARNING: Making NT_MONSOON offline because it?s not responding
Sep 28, 2017 7:09:51 AM hudson.node_monitors.ResponseTimeMonitor$1 monitor
WARNING: Making ase_test_txue offline because it?s not responding
Sep 28, 2017 7:10:21 AM hudson.node_monitors.AbstractAsyncNodeMonitorDescriptor monitor
WARNING: Failed to monitor installer_test_linux1 for Free Disk Space
java.util.concurrent.TimeoutException
	at hudson.remoting.Request$1.get(Request.java:271)
	at hudson.remoting.Request$1.get(Request.java:206)
	at hudson.remoting.FutureAdapter.get(FutureAdapter.java:59)
	at hudson.node_monitors.AbstractAsyncNodeMonitorDescriptor.monitor(AbstractAsyncNodeMonitorDescriptor.java:97)
	at hudson.node_monitors.AbstractNodeMonitorDescriptor$Record.run(AbstractNodeMonitorDescriptor.java:302)

Sep 28, 2017 7:10:34 AM hudson.slaves.SlaveComputer tryReconnect
INFO: Attempting to reconnect ase_test_txue
Sep 28, 2017 7:32:34 AM hudson.slaves.SlaveComputer tryReconnect
INFO: Attempting to reconnect ase_test_txue
Sep 28, 2017 7:54:34 AM hudson.slaves.SlaveComputer tryReconnect
INFO: Attempting to reconnect ase_test_txue
Sep 28, 2017 8:02:45 AM hudson.model.AsyncPeriodicWork$1 run
INFO: Started Download metadata
Sep 28, 2017 8:03:03 AM hudson.model.UpdateSite updateData
INFO: Obtained the latest update center data file for UpdateSource default
Sep 28, 2017 8:03:08 AM hudson.model.AsyncPeriodicWork$1 run
INFO: Finished Download metadata. 23,061 ms
Sep 28, 2017 8:09:51 AM hudson.node_monitors.ResponseTimeMonitor$1 monitor
WARNING: Making NT_MONSOON offline because it?s not responding
Sep 28, 2017 8:09:51 AM hudson.node_monitors.ResponseTimeMonitor$1 monitor
WARNING: Making ase_test_txue offline because it?s not responding
Sep 28, 2017 8:10:21 AM hudson.node_monitors.AbstractAsyncNodeMonitorDescriptor monitor
WARNING: Failed to monitor installer_test_linux1 for Free Disk Space
java.util.concurrent.TimeoutException
	at hudson.remoting.Request$1.get(Request.java:271)
	at hudson.remoting.Request$1.get(Request.java:206)
	at hudson.remoting.FutureAdapter.get(FutureAdapter.java:59)
	at hudson.node_monitors.AbstractAsyncNodeMonitorDescriptor.monitor(AbstractAsyncNodeMonitorDescriptor.java:97)
	at hudson.node_monitors.AbstractNodeMonitorDescriptor$Record.run(AbstractNodeMonitorDescriptor.java:302)

Sep 28, 2017 8:14:34 AM hudson.slaves.SlaveComputer tryReconnect
INFO: Attempting to reconnect ase_test_txue
Sep 28, 2017 8:36:34 AM hudson.slaves.SlaveComputer tryReconnect
INFO: Attempting to reconnect ase_test_txue
Sep 28, 2017 8:59:34 AM hudson.slaves.SlaveComputer tryReconnect
INFO: Attempting to reconnect ase_test_txue
Sep 28, 2017 9:07:57 AM hudson.model.Run execute
INFO: SRS_RMA_BUILD_TRIGGER_BY_RMADEV_160SP03PL03 #9 main build action completed: SUCCESS
Sep 28, 2017 9:09:51 AM hudson.node_monitors.ResponseTimeMonitor$1 monitor
WARNING: Making NT_MONSOON offline because it?s not responding
Sep 28, 2017 9:09:51 AM hudson.node_monitors.ResponseTimeMonitor$1 monitor
WARNING: Making ase_test_txue offline because it?s not responding
Sep 28, 2017 9:10:21 AM hudson.node_monitors.AbstractAsyncNodeMonitorDescriptor monitor
WARNING: Failed to monitor installer_test_linux1 for Free Disk Space
java.util.concurrent.TimeoutException
	at hudson.remoting.Request$1.get(Request.java:271)
	at hudson.remoting.Request$1.get(Request.java:206)
	at hudson.remoting.FutureAdapter.get(FutureAdapter.java:59)
	at hudson.node_monitors.AbstractAsyncNodeMonitorDescriptor.monitor(AbstractAsyncNodeMonitorDescriptor.java:97)
	at hudson.node_monitors.AbstractNodeMonitorDescriptor$Record.run(AbstractNodeMonitorDescriptor.java:302)

Sep 28, 2017 9:11:33 AM hudson.model.Run execute
INFO: SRS_RMA_BUILD_TRIGGER_BY_RMADEV_160SP03 #284 main build action completed: FAILURE
Sep 28, 2017 9:20:34 AM hudson.slaves.SlaveComputer tryReconnect
INFO: Attempting to reconnect ase_test_txue
Sep 28, 2017 9:25:56 AM hudson.model.Run execute
INFO: SRS_RMA_BUILD_TRIGGER_BY_RMADEV_160SP03PL02 #79 main build action completed: SUCCESS
Sep 28, 2017 9:42:34 AM hudson.slaves.SlaveComputer tryReconnect
INFO: Attempting to reconnect ase_test_txue
Sep 28, 2017 10:05:34 AM hudson.slaves.SlaveComputer tryReconnect
INFO: Attempting to reconnect ase_test_txue
Sep 28, 2017 10:09:51 AM hudson.node_monitors.ResponseTimeMonitor$1 monitor
WARNING: Making NT_MONSOON offline because it?s not responding
Sep 28, 2017 10:09:51 AM hudson.node_monitors.ResponseTimeMonitor$1 monitor
WARNING: Making ase_test_txue offline because it?s not responding
Sep 28, 2017 10:10:21 AM hudson.node_monitors.AbstractAsyncNodeMonitorDescriptor monitor
WARNING: Failed to monitor installer_test_linux1 for Free Disk Space
java.util.concurrent.TimeoutException
	at hudson.remoting.Request$1.get(Request.java:271)
	at hudson.remoting.Request$1.get(Request.java:206)
	at hudson.remoting.FutureAdapter.get(FutureAdapter.java:59)
	at hudson.node_monitors.AbstractAsyncNodeMonitorDescriptor.monitor(AbstractAsyncNodeMonitorDescriptor.java:97)
	at hudson.node_monitors.AbstractNodeMonitorDescriptor$Record.run(AbstractNodeMonitorDescriptor.java:302)

Sep 28, 2017 10:26:34 AM hudson.slaves.SlaveComputer tryReconnect
INFO: Attempting to reconnect ase_test_txue
Sep 28, 2017 10:47:34 AM hudson.slaves.SlaveComputer tryReconnect
INFO: Attempting to reconnect ase_test_txue
Sep 28, 2017 11:09:34 AM hudson.slaves.SlaveComputer tryReconnect
INFO: Attempting to reconnect ase_test_txue
Sep 28, 2017 11:09:51 AM hudson.node_monitors.ResponseTimeMonitor$1 monitor
WARNING: Making NT_MONSOON offline because it?s not responding
Sep 28, 2017 11:09:51 AM hudson.node_monitors.ResponseTimeMonitor$1 monitor
WARNING: Making ase_test_txue offline because it?s not responding
Sep 28, 2017 11:10:21 AM hudson.node_monitors.AbstractAsyncNodeMonitorDescriptor monitor
WARNING: Failed to monitor installer_test_linux1 for Free Disk Space
java.util.concurrent.TimeoutException
	at hudson.remoting.Request$1.get(Request.java:271)
	at hudson.remoting.Request$1.get(Request.java:206)
	at hudson.remoting.FutureAdapter.get(FutureAdapter.java:59)
	at hudson.node_monitors.AbstractAsyncNodeMonitorDescriptor.monitor(AbstractAsyncNodeMonitorDescriptor.java:97)
	at hudson.node_monitors.AbstractNodeMonitorDescriptor$Record.run(AbstractNodeMonitorDescriptor.java:302)

Sep 28, 2017 11:31:15 AM hudson.model.AsyncPeriodicWork$1 run
INFO: Started Fingerprint cleanup
Sep 28, 2017 11:31:15 AM hudson.model.AsyncPeriodicWork$1 run
INFO: Finished Fingerprint cleanup. 1 ms
Sep 28, 2017 11:32:34 AM hudson.slaves.SlaveComputer tryReconnect
INFO: Attempting to reconnect ase_test_txue
Sep 28, 2017 11:53:34 AM hudson.slaves.SlaveComputer tryReconnect
INFO: Attempting to reconnect ase_test_txue
Sep 28, 2017 12:09:51 PM hudson.node_monitors.ResponseTimeMonitor$1 monitor
WARNING: Making NT_MONSOON offline because it?s not responding
Sep 28, 2017 12:09:51 PM hudson.node_monitors.ResponseTimeMonitor$1 monitor
WARNING: Making ase_test_txue offline because it?s not responding
Sep 28, 2017 12:10:21 PM hudson.node_monitors.AbstractAsyncNodeMonitorDescriptor monitor
WARNING: Failed to monitor installer_test_linux1 for Free Disk Space
java.util.concurrent.TimeoutException
	at hudson.remoting.Request$1.get(Request.java:271)
	at hudson.remoting.Request$1.get(Request.java:206)
	at hudson.remoting.FutureAdapter.get(FutureAdapter.java:59)
	at hudson.node_monitors.AbstractAsyncNodeMonitorDescriptor.monitor(AbstractAsyncNodeMonitorDescriptor.java:97)
	at hudson.node_monitors.AbstractNodeMonitorDescriptor$Record.run(AbstractNodeMonitorDescriptor.java:302)

Sep 28, 2017 12:16:34 PM hudson.slaves.SlaveComputer tryReconnect
INFO: Attempting to reconnect ase_test_txue
Sep 28, 2017 12:38:34 PM hudson.slaves.SlaveComputer tryReconnect
INFO: Attempting to reconnect ase_test_txue
Sep 28, 2017 12:59:34 PM hudson.slaves.SlaveComputer tryReconnect
INFO: Attempting to reconnect ase_test_txue
Sep 28, 2017 1:09:51 PM hudson.node_monitors.ResponseTimeMonitor$1 monitor
WARNING: Making NT_MONSOON offline because it?s not responding
Sep 28, 2017 1:09:51 PM hudson.node_monitors.ResponseTimeMonitor$1 monitor
WARNING: Making ase_test_txue offline because it?s not responding
Sep 28, 2017 1:10:21 PM hudson.node_monitors.AbstractAsyncNodeMonitorDescriptor monitor
WARNING: Failed to monitor installer_test_linux1 for Free Disk Space
java.util.concurrent.TimeoutException
	at hudson.remoting.Request$1.get(Request.java:271)
	at hudson.remoting.Request$1.get(Request.java:206)
	at hudson.remoting.FutureAdapter.get(FutureAdapter.java:59)
	at hudson.node_monitors.AbstractAsyncNodeMonitorDescriptor.monitor(AbstractAsyncNodeMonitorDescriptor.java:97)
	at hudson.node_monitors.AbstractNodeMonitorDescriptor$Record.run(AbstractNodeMonitorDescriptor.java:302)

Sep 28, 2017 1:22:34 PM hudson.slaves.SlaveComputer tryReconnect
INFO: Attempting to reconnect ase_test_txue
Sep 28, 2017 1:45:34 PM hudson.slaves.SlaveComputer tryReconnect
INFO: Attempting to reconnect ase_test_txue
Sep 28, 2017 2:07:34 PM hudson.slaves.SlaveComputer tryReconnect
INFO: Attempting to reconnect ase_test_txue
Sep 28, 2017 2:09:51 PM hudson.node_monitors.ResponseTimeMonitor$1 monitor
WARNING: Making NT_MONSOON offline because it?s not responding
Sep 28, 2017 2:09:51 PM hudson.node_monitors.ResponseTimeMonitor$1 monitor
WARNING: Making ase_test_txue offline because it?s not responding
Sep 28, 2017 2:10:21 PM hudson.node_monitors.AbstractAsyncNodeMonitorDescriptor monitor
WARNING: Failed to monitor installer_test_linux1 for Free Disk Space
java.util.concurrent.TimeoutException
	at hudson.remoting.Request$1.get(Request.java:271)
	at hudson.remoting.Request$1.get(Request.java:206)
	at hudson.remoting.FutureAdapter.get(FutureAdapter.java:59)
	at hudson.node_monitors.AbstractAsyncNodeMonitorDescriptor.monitor(AbstractAsyncNodeMonitorDescriptor.java:97)
	at hudson.node_monitors.AbstractNodeMonitorDescriptor$Record.run(AbstractNodeMonitorDescriptor.java:302)

Sep 28, 2017 2:29:34 PM hudson.slaves.SlaveComputer tryReconnect
INFO: Attempting to reconnect ase_test_txue
Sep 28, 2017 2:51:34 PM hudson.slaves.SlaveComputer tryReconnect
INFO: Attempting to reconnect ase_test_txue
Sep 28, 2017 3:09:51 PM hudson.node_monitors.ResponseTimeMonitor$1 monitor
WARNING: Making NT_MONSOON offline because it?s not responding
Sep 28, 2017 3:09:51 PM hudson.node_monitors.ResponseTimeMonitor$1 monitor
WARNING: Making ase_test_txue offline because it?s not responding
Sep 28, 2017 3:10:21 PM hudson.node_monitors.AbstractAsyncNodeMonitorDescriptor monitor
WARNING: Failed to monitor installer_test_linux1 for Free Disk Space
java.util.concurrent.TimeoutException
	at hudson.remoting.Request$1.get(Request.java:271)
	at hudson.remoting.Request$1.get(Request.java:206)
	at hudson.remoting.FutureAdapter.get(FutureAdapter.java:59)
	at hudson.node_monitors.AbstractAsyncNodeMonitorDescriptor.monitor(AbstractAsyncNodeMonitorDescriptor.java:97)
	at hudson.node_monitors.AbstractNodeMonitorDescriptor$Record.run(AbstractNodeMonitorDescriptor.java:302)

Sep 28, 2017 3:13:34 PM hudson.slaves.SlaveComputer tryReconnect
INFO: Attempting to reconnect ase_test_txue
Sep 28, 2017 3:35:34 PM hudson.slaves.SlaveComputer tryReconnect
INFO: Attempting to reconnect ase_test_txue
Sep 28, 2017 3:57:34 PM hudson.slaves.SlaveComputer tryReconnect
INFO: Attempting to reconnect ase_test_txue
Sep 28, 2017 4:08:11 PM hudson.model.AsyncPeriodicWork$1 run
INFO: Started Workspace clean-up
Sep 28, 2017 4:08:12 PM hudson.model.AsyncPeriodicWork$1 run
INFO: Finished Workspace clean-up. 1,065 ms
Sep 28, 2017 4:09:51 PM hudson.node_monitors.ResponseTimeMonitor$1 monitor
WARNING: Making NT_MONSOON offline because it?s not responding
Sep 28, 2017 4:09:51 PM hudson.node_monitors.ResponseTimeMonitor$1 monitor
WARNING: Making ase_test_txue offline because it?s not responding
Sep 28, 2017 4:10:21 PM hudson.node_monitors.AbstractAsyncNodeMonitorDescriptor monitor
WARNING: Failed to monitor installer_test_linux1 for Free Disk Space
java.util.concurrent.TimeoutException
	at hudson.remoting.Request$1.get(Request.java:271)
	at hudson.remoting.Request$1.get(Request.java:206)
	at hudson.remoting.FutureAdapter.get(FutureAdapter.java:59)
	at hudson.node_monitors.AbstractAsyncNodeMonitorDescriptor.monitor(AbstractAsyncNodeMonitorDescriptor.java:97)
	at hudson.node_monitors.AbstractNodeMonitorDescriptor$Record.run(AbstractNodeMonitorDescriptor.java:302)

Sep 28, 2017 4:19:34 PM hudson.slaves.SlaveComputer tryReconnect
INFO: Attempting to reconnect ase_test_txue
Sep 28, 2017 4:41:34 PM hudson.slaves.SlaveComputer tryReconnect
INFO: Attempting to reconnect ase_test_txue
Sep 28, 2017 5:04:34 PM hudson.slaves.SlaveComputer tryReconnect
INFO: Attempting to reconnect ase_test_txue
Sep 28, 2017 5:09:51 PM hudson.node_monitors.ResponseTimeMonitor$1 monitor
WARNING: Making NT_MONSOON offline because it?s not responding
Sep 28, 2017 5:09:51 PM hudson.node_monitors.ResponseTimeMonitor$1 monitor
WARNING: Making ase_test_txue offline because it?s not responding
Sep 28, 2017 5:10:21 PM hudson.node_monitors.AbstractAsyncNodeMonitorDescriptor monitor
WARNING: Failed to monitor installer_test_linux1 for Free Disk Space
java.util.concurrent.TimeoutException
	at hudson.remoting.Request$1.get(Request.java:271)
	at hudson.remoting.Request$1.get(Request.java:206)
	at hudson.remoting.FutureAdapter.get(FutureAdapter.java:59)
	at hudson.node_monitors.AbstractAsyncNodeMonitorDescriptor.monitor(AbstractAsyncNodeMonitorDescriptor.java:97)
	at hudson.node_monitors.AbstractNodeMonitorDescriptor$Record.run(AbstractNodeMonitorDescriptor.java:302)

Sep 28, 2017 5:26:34 PM hudson.slaves.SlaveComputer tryReconnect
INFO: Attempting to reconnect ase_test_txue
Sep 28, 2017 5:48:34 PM hudson.slaves.SlaveComputer tryReconnect
INFO: Attempting to reconnect ase_test_txue
Sep 28, 2017 5:57:02 PM hudson.model.Run execute
INFO: 160SP03PL02_SRS_DAILY_BUILD_INTEGRATION #105 main build action completed: SUCCESS
Sep 28, 2017 6:09:14 PM hudson.model.Run execute
INFO: SRS_DROP_TEST_FOR_ASE_SP03PL02 #91 main build action completed: SUCCESS
Sep 28, 2017 6:09:14 PM hudson.model.Run execute
INFO: 160SP03PL02_SRS_DAILY_BUILD_AND_DROP_TO_ASE #104 main build action completed: SUCCESS
Sep 28, 2017 6:09:51 PM hudson.node_monitors.ResponseTimeMonitor$1 monitor
WARNING: Making NT_MONSOON offline because it?s not responding
Sep 28, 2017 6:09:51 PM hudson.node_monitors.ResponseTimeMonitor$1 monitor
WARNING: Making ase_test_txue offline because it?s not responding
Sep 28, 2017 6:10:21 PM hudson.node_monitors.AbstractAsyncNodeMonitorDescriptor monitor
WARNING: Failed to monitor installer_test_linux1 for Free Disk Space
java.util.concurrent.TimeoutException
	at hudson.remoting.Request$1.get(Request.java:271)
	at hudson.remoting.Request$1.get(Request.java:206)
	at hudson.remoting.FutureAdapter.get(FutureAdapter.java:59)
	at hudson.node_monitors.AbstractAsyncNodeMonitorDescriptor.monitor(AbstractAsyncNodeMonitorDescriptor.java:97)
	at hudson.node_monitors.AbstractNodeMonitorDescriptor$Record.run(AbstractNodeMonitorDescriptor.java:302)

Sep 28, 2017 6:10:34 PM hudson.slaves.SlaveComputer tryReconnect
INFO: Attempting to reconnect ase_test_txue
Sep 28, 2017 6:31:34 PM hudson.slaves.SlaveComputer tryReconnect
INFO: Attempting to reconnect ase_test_txue
Sep 28, 2017 6:53:34 PM hudson.slaves.SlaveComputer tryReconnect
INFO: Attempting to reconnect ase_test_txue
Sep 28, 2017 7:09:51 PM hudson.node_monitors.ResponseTimeMonitor$1 monitor
WARNING: Making NT_MONSOON offline because it?s not responding
Sep 28, 2017 7:09:51 PM hudson.node_monitors.ResponseTimeMonitor$1 monitor
WARNING: Making ase_test_txue offline because it?s not responding
Sep 28, 2017 7:10:21 PM hudson.node_monitors.AbstractAsyncNodeMonitorDescriptor monitor
WARNING: Failed to monitor installer_test_linux1 for Free Disk Space
java.util.concurrent.TimeoutException
	at hudson.remoting.Request$1.get(Request.java:271)
	at hudson.remoting.Request$1.get(Request.java:206)
	at hudson.remoting.FutureAdapter.get(FutureAdapter.java:59)
	at hudson.node_monitors.AbstractAsyncNodeMonitorDescriptor.monitor(AbstractAsyncNodeMonitorDescriptor.java:97)
	at hudson.node_monitors.AbstractNodeMonitorDescriptor$Record.run(AbstractNodeMonitorDescriptor.java:302)

Sep 28, 2017 7:15:34 PM hudson.slaves.SlaveComputer tryReconnect
INFO: Attempting to reconnect ase_test_txue
Sep 28, 2017 7:37:34 PM hudson.slaves.SlaveComputer tryReconnect
INFO: Attempting to reconnect ase_test_txue
Sep 28, 2017 7:59:34 PM hudson.slaves.SlaveComputer tryReconnect
INFO: Attempting to reconnect ase_test_txue
Sep 28, 2017 8:09:51 PM hudson.node_monitors.ResponseTimeMonitor$1 monitor
WARNING: Making NT_MONSOON offline because it?s not responding
Sep 28, 2017 8:09:51 PM hudson.node_monitors.ResponseTimeMonitor$1 monitor
WARNING: Making ase_test_txue offline because it?s not responding
Sep 28, 2017 8:10:21 PM hudson.node_monitors.AbstractAsyncNodeMonitorDescriptor monitor
WARNING: Failed to monitor installer_test_linux1 for Free Disk Space
java.util.concurrent.TimeoutException
	at hudson.remoting.Request$1.get(Request.java:271)
	at hudson.remoting.Request$1.get(Request.java:206)
	at hudson.remoting.FutureAdapter.get(FutureAdapter.java:59)
	at hudson.node_monitors.AbstractAsyncNodeMonitorDescriptor.monitor(AbstractAsyncNodeMonitorDescriptor.java:97)
	at hudson.node_monitors.AbstractNodeMonitorDescriptor$Record.run(AbstractNodeMonitorDescriptor.java:302)

Sep 28, 2017 8:20:34 PM hudson.slaves.SlaveComputer tryReconnect
INFO: Attempting to reconnect ase_test_txue
Sep 28, 2017 8:42:34 PM hudson.slaves.SlaveComputer tryReconnect
INFO: Attempting to reconnect ase_test_txue
Sep 28, 2017 9:03:34 PM hudson.slaves.SlaveComputer tryReconnect
INFO: Attempting to reconnect ase_test_txue
Sep 28, 2017 9:09:51 PM hudson.node_monitors.ResponseTimeMonitor$1 monitor
WARNING: Making NT_MONSOON offline because it?s not responding
Sep 28, 2017 9:09:51 PM hudson.node_monitors.ResponseTimeMonitor$1 monitor
WARNING: Making ase_test_txue offline because it?s not responding
Sep 28, 2017 9:10:21 PM hudson.node_monitors.AbstractAsyncNodeMonitorDescriptor monitor
WARNING: Failed to monitor installer_test_linux1 for Free Disk Space
java.util.concurrent.TimeoutException
	at hudson.remoting.Request$1.get(Request.java:271)
	at hudson.remoting.Request$1.get(Request.java:206)
	at hudson.remoting.FutureAdapter.get(FutureAdapter.java:59)
	at hudson.node_monitors.AbstractAsyncNodeMonitorDescriptor.monitor(AbstractAsyncNodeMonitorDescriptor.java:97)
	at hudson.node_monitors.AbstractNodeMonitorDescriptor$Record.run(AbstractNodeMonitorDescriptor.java:302)

Sep 28, 2017 9:26:34 PM hudson.slaves.SlaveComputer tryReconnect
INFO: Attempting to reconnect ase_test_txue
Sep 28, 2017 9:48:34 PM hudson.slaves.SlaveComputer tryReconnect
INFO: Attempting to reconnect ase_test_txue
Sep 28, 2017 10:09:51 PM hudson.node_monitors.ResponseTimeMonitor$1 monitor
WARNING: Making NT_MONSOON offline because it?s not responding
Sep 28, 2017 10:09:51 PM hudson.node_monitors.ResponseTimeMonitor$1 monitor
WARNING: Making ase_test_txue offline because it?s not responding
Sep 28, 2017 10:10:21 PM hudson.node_monitors.AbstractAsyncNodeMonitorDescriptor monitor
WARNING: Failed to monitor installer_test_linux1 for Free Disk Space
java.util.concurrent.TimeoutException
	at hudson.remoting.Request$1.get(Request.java:271)
	at hudson.remoting.Request$1.get(Request.java:206)
	at hudson.remoting.FutureAdapter.get(FutureAdapter.java:59)
	at hudson.node_monitors.AbstractAsyncNodeMonitorDescriptor.monitor(AbstractAsyncNodeMonitorDescriptor.java:97)
	at hudson.node_monitors.AbstractNodeMonitorDescriptor$Record.run(AbstractNodeMonitorDescriptor.java:302)

Sep 28, 2017 10:10:34 PM hudson.slaves.SlaveComputer tryReconnect
INFO: Attempting to reconnect ase_test_txue
Sep 28, 2017 10:32:34 PM hudson.slaves.SlaveComputer tryReconnect
INFO: Attempting to reconnect ase_test_txue
Sep 28, 2017 10:54:34 PM hudson.slaves.SlaveComputer tryReconnect
INFO: Attempting to reconnect ase_test_txue
Sep 28, 2017 11:09:51 PM hudson.node_monitors.ResponseTimeMonitor$1 monitor
WARNING: Making NT_MONSOON offline because it?s not responding
Sep 28, 2017 11:09:51 PM hudson.node_monitors.ResponseTimeMonitor$1 monitor
WARNING: Making ase_test_txue offline because it?s not responding
Sep 28, 2017 11:10:21 PM hudson.node_monitors.AbstractAsyncNodeMonitorDescriptor monitor
WARNING: Failed to monitor installer_test_linux1 for Free Disk Space
java.util.concurrent.TimeoutException
	at hudson.remoting.Request$1.get(Request.java:271)
	at hudson.remoting.Request$1.get(Request.java:206)
	at hudson.remoting.FutureAdapter.get(FutureAdapter.java:59)
	at hudson.node_monitors.AbstractAsyncNodeMonitorDescriptor.monitor(AbstractAsyncNodeMonitorDescriptor.java:97)
	at hudson.node_monitors.AbstractNodeMonitorDescriptor$Record.run(AbstractNodeMonitorDescriptor.java:302)

Sep 28, 2017 11:16:34 PM hudson.slaves.SlaveComputer tryReconnect
INFO: Attempting to reconnect ase_test_txue
Sep 28, 2017 11:37:34 PM hudson.slaves.SlaveComputer tryReconnect
INFO: Attempting to reconnect ase_test_txue
Sep 28, 2017 11:59:34 PM hudson.slaves.SlaveComputer tryReconnect
INFO: Attempting to reconnect ase_test_txue
