Mar 9, 2016 2:06:46 AM hudson.model.Run execute
INFO: SRS_RMA_BUILD_TRIGGER_BY_RMADEV_SP303 #54 main build action completed: SUCCESS
Mar 9, 2016 3:41:50 AM hudson.model.AsyncPeriodicWork$1 run
INFO: Started Fingerprint cleanup
Mar 9, 2016 3:41:50 AM hudson.model.AsyncPeriodicWork$1 run
INFO: Finished Fingerprint cleanup. 4 ms
Mar 9, 2016 5:26:32 AM hudson.model.AsyncPeriodicWork$1 run
INFO: Started Workspace clean-up
Mar 9, 2016 5:26:33 AM hudson.model.AsyncPeriodicWork$1 run
INFO: Finished Workspace clean-up. 514 ms
Mar 9, 2016 12:59:36 PM hudson.model.AsyncPeriodicWork$1 run
INFO: Started Download metadata
Mar 9, 2016 12:59:47 PM hudson.model.UpdateSite updateData
INFO: Obtained the latest update center data file for UpdateSource default
Mar 9, 2016 12:59:49 PM hudson.model.AsyncPeriodicWork$1 run
INFO: Finished Download metadata. 12,268 ms
Mar 9, 2016 10:58:06 PM hudson.model.Run execute
INFO: SRS_RMA_BUILD_TRIGGER_BY_RMADEV_SP303 #55 main build action completed: SUCCESS
Mar 9, 2016 11:08:39 PM hudson.model.Run execute
INFO: SRS_RMA_BUILD_TRIGGER_BY_RMADEV_SP303 #56 main build action completed: SUCCESS
Mar 9, 2016 11:21:24 PM hudson.model.Run execute
INFO: SRS_RMA_BUILD_TRIGGER_BY_RMADEV_SP303 #57 main build action completed: SUCCESS
