Nov 29, 2017 12:06:08 AM hudson.slaves.SlaveComputer tryReconnect
INFO: Attempting to reconnect ase_test_txue
Nov 29, 2017 12:28:08 AM hudson.slaves.SlaveComputer tryReconnect
INFO: Attempting to reconnect ase_test_txue
Nov 29, 2017 12:37:14 AM hudson.node_monitors.ResponseTimeMonitor$1 monitor
WARNING: Making NT_MONSOON offline because it?s not responding
Nov 29, 2017 12:37:14 AM hudson.node_monitors.ResponseTimeMonitor$1 monitor
WARNING: Making ase_test_txue offline because it?s not responding
Nov 29, 2017 12:50:08 AM hudson.slaves.SlaveComputer tryReconnect
INFO: Attempting to reconnect ase_test_txue
Nov 29, 2017 1:12:08 AM hudson.slaves.SlaveComputer tryReconnect
INFO: Attempting to reconnect ase_test_txue
Nov 29, 2017 1:24:53 AM hudson.model.Run execute
INFO: SRS_RMA_BUILD_TRIGGER_BY_RMADEV_160SP03PL03 #79 aborted
java.lang.InterruptedException
	at java.lang.Object.wait(Native Method)
	at java.lang.Object.wait(Object.java:503)
	at java.lang.UNIXProcess.waitFor(UNIXProcess.java:210)
	at hudson.Proc$LocalProc.join(Proc.java:319)
	at hudson.tasks.CommandInterpreter.join(CommandInterpreter.java:137)
	at hudson.tasks.CommandInterpreter.perform(CommandInterpreter.java:97)
	at hudson.tasks.CommandInterpreter.perform(CommandInterpreter.java:66)
	at hudson.tasks.BuildStepMonitor$1.perform(BuildStepMonitor.java:20)
	at hudson.model.AbstractBuild$AbstractBuildExecution.perform(AbstractBuild.java:770)
	at hudson.model.Build$BuildExecution.build(Build.java:199)
	at hudson.model.Build$BuildExecution.doRun(Build.java:160)
	at hudson.model.AbstractBuild$AbstractBuildExecution.run(AbstractBuild.java:533)
	at hudson.model.Run.execute(Run.java:1718)
	at hudson.model.FreeStyleBuild.run(FreeStyleBuild.java:43)
	at hudson.model.ResourceController.execute(ResourceController.java:89)
	at hudson.model.Executor.run(Executor.java:240)

Nov 29, 2017 1:32:08 AM hudson.slaves.SlaveComputer tryReconnect
INFO: Attempting to reconnect ase_test_txue
Nov 29, 2017 1:33:03 AM hudson.model.Run execute
INFO: 160SP03PL03_SRS_BUILD_MANUAL #3 aborted
java.lang.InterruptedException
	at java.lang.Object.wait(Native Method)
	at java.lang.Object.wait(Object.java:503)
	at java.lang.UNIXProcess.waitFor(UNIXProcess.java:210)
	at hudson.Proc$LocalProc.join(Proc.java:319)
	at hudson.tasks.CommandInterpreter.join(CommandInterpreter.java:137)
	at hudson.tasks.CommandInterpreter.perform(CommandInterpreter.java:97)
	at hudson.tasks.CommandInterpreter.perform(CommandInterpreter.java:66)
	at hudson.tasks.BuildStepMonitor$1.perform(BuildStepMonitor.java:20)
	at hudson.model.AbstractBuild$AbstractBuildExecution.perform(AbstractBuild.java:770)
	at hudson.model.Build$BuildExecution.build(Build.java:199)
	at hudson.model.Build$BuildExecution.doRun(Build.java:160)
	at hudson.model.AbstractBuild$AbstractBuildExecution.run(AbstractBuild.java:533)
	at hudson.model.Run.execute(Run.java:1718)
	at hudson.model.FreeStyleBuild.run(FreeStyleBuild.java:43)
	at hudson.model.ResourceController.execute(ResourceController.java:89)
	at hudson.model.Executor.run(Executor.java:240)

Nov 29, 2017 1:37:14 AM hudson.node_monitors.ResponseTimeMonitor$1 monitor
WARNING: Making NT_MONSOON offline because it?s not responding
Nov 29, 2017 1:37:14 AM hudson.node_monitors.ResponseTimeMonitor$1 monitor
WARNING: Making ase_test_txue offline because it?s not responding
Nov 29, 2017 1:46:06 AM hudson.model.Run execute
INFO: SRS_RMA_BUILD_TRIGGER_BY_RMADEV_160SP03PL03 #80 main build action completed: SUCCESS
Nov 29, 2017 1:53:08 AM hudson.slaves.SlaveComputer tryReconnect
INFO: Attempting to reconnect ase_test_txue
Nov 29, 2017 1:59:29 AM org.kohsuke.stapler.RequestImpl$TypePair convertJSON
WARNING: 'stapler-class' is deprecated: hudson.model.StringParameterDefinition
Nov 29, 2017 1:59:29 AM org.kohsuke.stapler.RequestImpl$TypePair convertJSON
WARNING: 'stapler-class' is deprecated: hudson.model.StringParameterDefinition
Nov 29, 2017 1:59:29 AM org.kohsuke.stapler.RequestImpl$TypePair convertJSON
WARNING: 'stapler-class' is deprecated: hudson.model.StringParameterDefinition
Nov 29, 2017 1:59:29 AM org.kohsuke.stapler.RequestImpl$TypePair convertJSON
WARNING: 'stapler-class' is deprecated: hudson.model.StringParameterDefinition
Nov 29, 2017 1:59:29 AM org.kohsuke.stapler.RequestImpl$TypePair convertJSON
WARNING: 'stapler-class' is deprecated: hudson.tasks.Shell
Nov 29, 2017 1:59:29 AM org.kohsuke.stapler.RequestImpl$TypePair convertJSON
WARNING: 'stapler-class' is deprecated: hudson.plugins.emailext.ExtendedEmailPublisher
Nov 29, 2017 1:59:29 AM org.kohsuke.stapler.RequestImpl$TypePair convertJSON
WARNING: 'stapler-class' is deprecated: hudson.plugins.emailext.plugins.trigger.FailureTrigger
Nov 29, 2017 1:59:29 AM org.kohsuke.stapler.RequestImpl$TypePair convertJSON
WARNING: 'stapler-class' is deprecated: hudson.plugins.emailext.plugins.recipients.ListRecipientProvider
Nov 29, 2017 2:13:08 AM hudson.slaves.SlaveComputer tryReconnect
INFO: Attempting to reconnect ase_test_txue
Nov 29, 2017 2:33:08 AM hudson.slaves.SlaveComputer tryReconnect
INFO: Attempting to reconnect ase_test_txue
Nov 29, 2017 2:37:14 AM hudson.node_monitors.ResponseTimeMonitor$1 monitor
WARNING: Making NT_MONSOON offline because it?s not responding
Nov 29, 2017 2:37:14 AM hudson.node_monitors.ResponseTimeMonitor$1 monitor
WARNING: Making ase_test_txue offline because it?s not responding
Nov 29, 2017 2:56:08 AM hudson.slaves.SlaveComputer tryReconnect
INFO: Attempting to reconnect ase_test_txue
Nov 29, 2017 3:06:29 AM hudson.model.Run execute
INFO: 160SP03PL03_SRS_BUILD_MANUAL #4 main build action completed: SUCCESS
Nov 29, 2017 3:17:08 AM hudson.slaves.SlaveComputer tryReconnect
INFO: Attempting to reconnect ase_test_txue
Nov 29, 2017 3:19:01 AM hudson.model.Run execute
INFO: SP307_SRS_DAILY_BUILD_INTEGRATION #250 main build action completed: SUCCESS
Nov 29, 2017 3:32:38 AM hudson.model.Run execute
INFO: SRS_DROP_TEST_FOR_ASE_SP307 #249 main build action completed: SUCCESS
Nov 29, 2017 3:32:38 AM hudson.model.Run execute
INFO: SP307_SRS_DAILY_BUILD_AND_DROP_TO_ASE #200 main build action completed: SUCCESS
Nov 29, 2017 3:33:13 AM hudson.model.AsyncPeriodicWork$1 run
INFO: Started Download metadata
Nov 29, 2017 3:33:21 AM hudson.model.UpdateSite updateData
INFO: Obtained the latest update center data file for UpdateSource default
Nov 29, 2017 3:33:23 AM hudson.model.AsyncPeriodicWork$1 run
INFO: Finished Download metadata. 10,454 ms
Nov 29, 2017 3:36:08 AM hudson.slaves.SlaveComputer tryReconnect
INFO: Attempting to reconnect ase_test_txue
Nov 29, 2017 3:37:14 AM hudson.node_monitors.ResponseTimeMonitor$1 monitor
WARNING: Making NT_MONSOON offline because it?s not responding
Nov 29, 2017 3:37:14 AM hudson.node_monitors.ResponseTimeMonitor$1 monitor
WARNING: Making ase_test_txue offline because it?s not responding
Nov 29, 2017 3:57:08 AM hudson.slaves.SlaveComputer tryReconnect
INFO: Attempting to reconnect ase_test_txue
Nov 29, 2017 4:19:08 AM hudson.slaves.SlaveComputer tryReconnect
INFO: Attempting to reconnect ase_test_txue
Nov 29, 2017 4:37:14 AM hudson.node_monitors.ResponseTimeMonitor$1 monitor
WARNING: Making NT_MONSOON offline because it?s not responding
Nov 29, 2017 4:37:14 AM hudson.node_monitors.ResponseTimeMonitor$1 monitor
WARNING: Making ase_test_txue offline because it?s not responding
Nov 29, 2017 4:41:08 AM hudson.slaves.SlaveComputer tryReconnect
INFO: Attempting to reconnect ase_test_txue
Nov 29, 2017 5:01:08 AM hudson.slaves.SlaveComputer tryReconnect
INFO: Attempting to reconnect ase_test_txue
Nov 29, 2017 5:22:08 AM hudson.slaves.SlaveComputer tryReconnect
INFO: Attempting to reconnect ase_test_txue
Nov 29, 2017 5:37:14 AM hudson.node_monitors.ResponseTimeMonitor$1 monitor
WARNING: Making NT_MONSOON offline because it?s not responding
Nov 29, 2017 5:37:14 AM hudson.node_monitors.ResponseTimeMonitor$1 monitor
WARNING: Making ase_test_txue offline because it?s not responding
Nov 29, 2017 5:43:08 AM hudson.slaves.SlaveComputer tryReconnect
INFO: Attempting to reconnect ase_test_txue
Nov 29, 2017 6:07:08 AM hudson.slaves.SlaveComputer tryReconnect
INFO: Attempting to reconnect ase_test_txue
Nov 29, 2017 6:27:08 AM hudson.slaves.SlaveComputer tryReconnect
INFO: Attempting to reconnect ase_test_txue
Nov 29, 2017 6:37:14 AM hudson.node_monitors.ResponseTimeMonitor$1 monitor
WARNING: Making NT_MONSOON offline because it?s not responding
Nov 29, 2017 6:37:14 AM hudson.node_monitors.ResponseTimeMonitor$1 monitor
WARNING: Making ase_test_txue offline because it?s not responding
Nov 29, 2017 6:48:08 AM hudson.slaves.SlaveComputer tryReconnect
INFO: Attempting to reconnect ase_test_txue
Nov 29, 2017 7:11:08 AM hudson.slaves.SlaveComputer tryReconnect
INFO: Attempting to reconnect ase_test_txue
Nov 29, 2017 7:32:08 AM hudson.slaves.SlaveComputer tryReconnect
INFO: Attempting to reconnect ase_test_txue
Nov 29, 2017 7:37:14 AM hudson.node_monitors.ResponseTimeMonitor$1 monitor
WARNING: Making NT_MONSOON offline because it?s not responding
Nov 29, 2017 7:37:14 AM hudson.node_monitors.ResponseTimeMonitor$1 monitor
WARNING: Making ase_test_txue offline because it?s not responding
Nov 29, 2017 7:54:08 AM hudson.slaves.SlaveComputer tryReconnect
INFO: Attempting to reconnect ase_test_txue
Nov 29, 2017 8:13:08 AM hudson.slaves.SlaveComputer tryReconnect
INFO: Attempting to reconnect ase_test_txue
Nov 29, 2017 8:37:08 AM hudson.slaves.SlaveComputer tryReconnect
INFO: Attempting to reconnect ase_test_txue
Nov 29, 2017 8:37:14 AM hudson.node_monitors.ResponseTimeMonitor$1 monitor
WARNING: Making NT_MONSOON offline because it?s not responding
Nov 29, 2017 8:37:14 AM hudson.node_monitors.ResponseTimeMonitor$1 monitor
WARNING: Making ase_test_txue offline because it?s not responding
Nov 29, 2017 8:59:08 AM hudson.slaves.SlaveComputer tryReconnect
INFO: Attempting to reconnect ase_test_txue
Nov 29, 2017 9:10:42 AM hudson.model.Run execute
INFO: SRS_RMA_BUILD_TRIGGER_BY_RMADEV_160SP03PL03 #81 main build action completed: FAILURE
Nov 29, 2017 9:11:39 AM hudson.model.Run execute
INFO: SRS_RMA_BUILD_TRIGGER_BY_RMADEV_160SP03 #346 main build action completed: FAILURE
Nov 29, 2017 9:21:08 AM hudson.slaves.SlaveComputer tryReconnect
INFO: Attempting to reconnect ase_test_txue
Nov 29, 2017 9:26:13 AM hudson.model.Run execute
INFO: SRS_RMA_BUILD_TRIGGER_BY_RMADEV_160SP03PL02 #141 main build action completed: SUCCESS
Nov 29, 2017 9:37:14 AM hudson.node_monitors.ResponseTimeMonitor$1 monitor
WARNING: Making NT_MONSOON offline because it?s not responding
Nov 29, 2017 9:37:14 AM hudson.node_monitors.ResponseTimeMonitor$1 monitor
WARNING: Making ase_test_txue offline because it?s not responding
Nov 29, 2017 9:41:08 AM hudson.slaves.SlaveComputer tryReconnect
INFO: Attempting to reconnect ase_test_txue
Nov 29, 2017 10:04:08 AM hudson.slaves.SlaveComputer tryReconnect
INFO: Attempting to reconnect ase_test_txue
Nov 29, 2017 10:24:08 AM hudson.slaves.SlaveComputer tryReconnect
INFO: Attempting to reconnect ase_test_txue
Nov 29, 2017 10:37:14 AM hudson.node_monitors.ResponseTimeMonitor$1 monitor
WARNING: Making NT_MONSOON offline because it?s not responding
Nov 29, 2017 10:37:14 AM hudson.node_monitors.ResponseTimeMonitor$1 monitor
WARNING: Making ase_test_txue offline because it?s not responding
Nov 29, 2017 10:45:08 AM hudson.slaves.SlaveComputer tryReconnect
INFO: Attempting to reconnect ase_test_txue
Nov 29, 2017 11:06:08 AM hudson.slaves.SlaveComputer tryReconnect
INFO: Attempting to reconnect ase_test_txue
Nov 29, 2017 11:14:07 AM hudson.model.Run execute
INFO: 160SP03PL04_SRS_DAILY_BUILD_INTEGRATION #22 main build action completed: SUCCESS
Nov 29, 2017 11:26:24 AM hudson.model.Run execute
INFO: SRS_DROP_TEST_FOR_ASE_SP03PL04 #19 main build action completed: SUCCESS
Nov 29, 2017 11:26:25 AM hudson.model.Run execute
INFO: 160SP03PL04_SRS_DAILY_BUILD_AND_DROP_TO_ASE #19 main build action completed: SUCCESS
Nov 29, 2017 11:28:08 AM hudson.slaves.SlaveComputer tryReconnect
INFO: Attempting to reconnect ase_test_txue
Nov 29, 2017 11:37:14 AM hudson.node_monitors.ResponseTimeMonitor$1 monitor
WARNING: Making NT_MONSOON offline because it?s not responding
Nov 29, 2017 11:37:14 AM hudson.node_monitors.ResponseTimeMonitor$1 monitor
WARNING: Making ase_test_txue offline because it?s not responding
Nov 29, 2017 11:49:08 AM hudson.slaves.SlaveComputer tryReconnect
INFO: Attempting to reconnect ase_test_txue
Nov 29, 2017 12:09:08 PM hudson.slaves.SlaveComputer tryReconnect
INFO: Attempting to reconnect ase_test_txue
Nov 29, 2017 12:30:08 PM hudson.slaves.SlaveComputer tryReconnect
INFO: Attempting to reconnect ase_test_txue
Nov 29, 2017 12:37:14 PM hudson.node_monitors.ResponseTimeMonitor$1 monitor
WARNING: Making NT_MONSOON offline because it?s not responding
Nov 29, 2017 12:37:14 PM hudson.node_monitors.ResponseTimeMonitor$1 monitor
WARNING: Making ase_test_txue offline because it?s not responding
Nov 29, 2017 12:50:08 PM hudson.slaves.SlaveComputer tryReconnect
INFO: Attempting to reconnect ase_test_txue
Nov 29, 2017 1:12:08 PM hudson.slaves.SlaveComputer tryReconnect
INFO: Attempting to reconnect ase_test_txue
Nov 29, 2017 1:33:08 PM hudson.slaves.SlaveComputer tryReconnect
INFO: Attempting to reconnect ase_test_txue
Nov 29, 2017 1:37:14 PM hudson.node_monitors.ResponseTimeMonitor$1 monitor
WARNING: Making NT_MONSOON offline because it?s not responding
Nov 29, 2017 1:37:14 PM hudson.node_monitors.ResponseTimeMonitor$1 monitor
WARNING: Making ase_test_txue offline because it?s not responding
Nov 29, 2017 1:51:44 PM hudson.model.AsyncPeriodicWork$1 run
INFO: Started Fingerprint cleanup
Nov 29, 2017 1:51:44 PM hudson.model.AsyncPeriodicWork$1 run
INFO: Finished Fingerprint cleanup. 0 ms
Nov 29, 2017 1:54:08 PM hudson.slaves.SlaveComputer tryReconnect
INFO: Attempting to reconnect ase_test_txue
Nov 29, 2017 1:58:18 PM hudson.model.Run execute
INFO: SRS_RMA_BUILD_TRIGGER_BY_RMADEV_160SP03PL04 #20 main build action completed: SUCCESS
Nov 29, 2017 2:16:08 PM hudson.slaves.SlaveComputer tryReconnect
INFO: Attempting to reconnect ase_test_txue
Nov 29, 2017 2:37:08 PM hudson.slaves.SlaveComputer tryReconnect
INFO: Attempting to reconnect ase_test_txue
Nov 29, 2017 2:37:14 PM hudson.node_monitors.ResponseTimeMonitor$1 monitor
WARNING: Making NT_MONSOON offline because it?s not responding
Nov 29, 2017 2:37:14 PM hudson.node_monitors.ResponseTimeMonitor$1 monitor
WARNING: Making ase_test_txue offline because it?s not responding
Nov 29, 2017 2:55:08 PM hudson.slaves.SlaveComputer tryReconnect
INFO: Attempting to reconnect ase_test_txue
Nov 29, 2017 3:16:08 PM hudson.slaves.SlaveComputer tryReconnect
INFO: Attempting to reconnect ase_test_txue
Nov 29, 2017 3:37:14 PM hudson.node_monitors.ResponseTimeMonitor$1 monitor
WARNING: Making NT_MONSOON offline because it?s not responding
Nov 29, 2017 3:37:14 PM hudson.node_monitors.ResponseTimeMonitor$1 monitor
WARNING: Making ase_test_txue offline because it?s not responding
Nov 29, 2017 3:38:08 PM hudson.slaves.SlaveComputer tryReconnect
INFO: Attempting to reconnect ase_test_txue
Nov 29, 2017 4:00:08 PM hudson.slaves.SlaveComputer tryReconnect
INFO: Attempting to reconnect ase_test_txue
Nov 29, 2017 4:22:08 PM hudson.slaves.SlaveComputer tryReconnect
INFO: Attempting to reconnect ase_test_txue
Nov 29, 2017 4:37:14 PM hudson.node_monitors.ResponseTimeMonitor$1 monitor
WARNING: Making NT_MONSOON offline because it?s not responding
Nov 29, 2017 4:37:14 PM hudson.node_monitors.ResponseTimeMonitor$1 monitor
WARNING: Making ase_test_txue offline because it?s not responding
Nov 29, 2017 4:44:08 PM hudson.slaves.SlaveComputer tryReconnect
INFO: Attempting to reconnect ase_test_txue
Nov 29, 2017 5:04:08 PM hudson.slaves.SlaveComputer tryReconnect
INFO: Attempting to reconnect ase_test_txue
Nov 29, 2017 5:26:08 PM hudson.slaves.SlaveComputer tryReconnect
INFO: Attempting to reconnect ase_test_txue
Nov 29, 2017 5:37:14 PM hudson.node_monitors.ResponseTimeMonitor$1 monitor
WARNING: Making NT_MONSOON offline because it?s not responding
Nov 29, 2017 5:37:14 PM hudson.node_monitors.ResponseTimeMonitor$1 monitor
WARNING: Making ase_test_txue offline because it?s not responding
Nov 29, 2017 5:49:08 PM hudson.slaves.SlaveComputer tryReconnect
INFO: Attempting to reconnect ase_test_txue
Nov 29, 2017 6:11:08 PM hudson.slaves.SlaveComputer tryReconnect
INFO: Attempting to reconnect ase_test_txue
Nov 29, 2017 6:32:08 PM hudson.slaves.SlaveComputer tryReconnect
INFO: Attempting to reconnect ase_test_txue
Nov 29, 2017 6:37:14 PM hudson.node_monitors.ResponseTimeMonitor$1 monitor
WARNING: Making NT_MONSOON offline because it?s not responding
Nov 29, 2017 6:37:14 PM hudson.node_monitors.ResponseTimeMonitor$1 monitor
WARNING: Making ase_test_txue offline because it?s not responding
Nov 29, 2017 6:54:08 PM hudson.slaves.SlaveComputer tryReconnect
INFO: Attempting to reconnect ase_test_txue
Nov 29, 2017 7:14:08 PM hudson.slaves.SlaveComputer tryReconnect
INFO: Attempting to reconnect ase_test_txue
Nov 29, 2017 7:36:08 PM hudson.slaves.SlaveComputer tryReconnect
INFO: Attempting to reconnect ase_test_txue
Nov 29, 2017 7:37:14 PM hudson.node_monitors.ResponseTimeMonitor$1 monitor
WARNING: Making NT_MONSOON offline because it?s not responding
Nov 29, 2017 7:37:14 PM hudson.node_monitors.ResponseTimeMonitor$1 monitor
WARNING: Making ase_test_txue offline because it?s not responding
Nov 29, 2017 7:55:08 PM hudson.slaves.SlaveComputer tryReconnect
INFO: Attempting to reconnect ase_test_txue
Nov 29, 2017 8:17:08 PM hudson.slaves.SlaveComputer tryReconnect
INFO: Attempting to reconnect ase_test_txue
Nov 29, 2017 8:37:14 PM hudson.node_monitors.ResponseTimeMonitor$1 monitor
WARNING: Making NT_MONSOON offline because it?s not responding
Nov 29, 2017 8:37:14 PM hudson.node_monitors.ResponseTimeMonitor$1 monitor
WARNING: Making ase_test_txue offline because it?s not responding
Nov 29, 2017 8:39:08 PM hudson.slaves.SlaveComputer tryReconnect
INFO: Attempting to reconnect ase_test_txue
Nov 29, 2017 8:59:08 PM hudson.slaves.SlaveComputer tryReconnect
INFO: Attempting to reconnect ase_test_txue
Nov 29, 2017 9:21:08 PM hudson.slaves.SlaveComputer tryReconnect
INFO: Attempting to reconnect ase_test_txue
Nov 29, 2017 9:37:14 PM hudson.node_monitors.ResponseTimeMonitor$1 monitor
WARNING: Making NT_MONSOON offline because it?s not responding
Nov 29, 2017 9:37:14 PM hudson.node_monitors.ResponseTimeMonitor$1 monitor
WARNING: Making ase_test_txue offline because it?s not responding
Nov 29, 2017 9:43:08 PM hudson.slaves.SlaveComputer tryReconnect
INFO: Attempting to reconnect ase_test_txue
Nov 29, 2017 10:01:08 PM hudson.slaves.SlaveComputer tryReconnect
INFO: Attempting to reconnect ase_test_txue
Nov 29, 2017 10:14:45 PM hudson.model.AsyncPeriodicWork$1 run
INFO: Started Workspace clean-up
Nov 29, 2017 10:14:46 PM hudson.model.AsyncPeriodicWork$1 run
INFO: Finished Workspace clean-up. 1,017 ms
Nov 29, 2017 10:22:08 PM hudson.slaves.SlaveComputer tryReconnect
INFO: Attempting to reconnect ase_test_txue
Nov 29, 2017 10:37:14 PM hudson.node_monitors.ResponseTimeMonitor$1 monitor
WARNING: Making NT_MONSOON offline because it?s not responding
Nov 29, 2017 10:37:14 PM hudson.node_monitors.ResponseTimeMonitor$1 monitor
WARNING: Making ase_test_txue offline because it?s not responding
Nov 29, 2017 10:43:08 PM hudson.slaves.SlaveComputer tryReconnect
INFO: Attempting to reconnect ase_test_txue
Nov 29, 2017 11:05:08 PM hudson.slaves.SlaveComputer tryReconnect
INFO: Attempting to reconnect ase_test_txue
Nov 29, 2017 11:23:08 PM hudson.slaves.SlaveComputer tryReconnect
INFO: Attempting to reconnect ase_test_txue
Nov 29, 2017 11:37:14 PM hudson.node_monitors.ResponseTimeMonitor$1 monitor
WARNING: Making NT_MONSOON offline because it?s not responding
Nov 29, 2017 11:37:14 PM hudson.node_monitors.ResponseTimeMonitor$1 monitor
WARNING: Making ase_test_txue offline because it?s not responding
Nov 29, 2017 11:45:08 PM hudson.slaves.SlaveComputer tryReconnect
INFO: Attempting to reconnect ase_test_txue
