Jul 04, 2017 12:00:52 AM hudson.model.Run execute
INFO: SRS_DROP_TEST_FOR_ASE_SP307 #115 main build action completed: SUCCESS
Jul 04, 2017 12:00:54 AM hudson.model.Run execute
INFO: SP307_SRS_DAILY_BUILD_AND_DROP_TO_ASE #77 main build action completed: SUCCESS
Jul 04, 2017 12:14:55 AM hudson.slaves.SlaveComputer tryReconnect
INFO: Attempting to reconnect ase_test_txue
Jul 04, 2017 12:14:55 AM hudson.slaves.SlaveComputer tryReconnect
INFO: Attempting to reconnect installer_test_linux
Jul 04, 2017 12:18:18 AM org.kohsuke.stapler.RequestImpl$TypePair convertJSON
WARNING: 'stapler-class' is deprecated: hudson.tasks.Shell
Jul 04, 2017 12:18:43 AM hudson.model.Run execute
INFO: SRS_DROP_TEST_FOR_ASE_SP307 #116 main build action completed: SUCCESS
Jul 04, 2017 12:23:00 AM hudson.model.Run execute
INFO: SRS_DROP_TEST_FOR_ASE_SP307 #117 main build action completed: SUCCESS
Jul 04, 2017 12:25:02 AM org.kohsuke.stapler.RequestImpl$TypePair convertJSON
WARNING: 'stapler-class' is deprecated: hudson.tasks.Shell
Jul 04, 2017 12:36:55 AM hudson.slaves.SlaveComputer tryReconnect
INFO: Attempting to reconnect ase_test_txue
Jul 04, 2017 12:36:55 AM hudson.slaves.SlaveComputer tryReconnect
INFO: Attempting to reconnect installer_test_linux
Jul 04, 2017 12:38:30 AM hudson.model.Run execute
INFO: SRS_DROP_TEST_FOR_ASE_SP307 #118 main build action completed: SUCCESS
Jul 04, 2017 12:56:55 AM hudson.slaves.SlaveComputer tryReconnect
INFO: Attempting to reconnect ase_test_txue
Jul 04, 2017 12:56:55 AM hudson.slaves.SlaveComputer tryReconnect
INFO: Attempting to reconnect installer_test_linux
Jul 04, 2017 12:58:57 AM hudson.node_monitors.ResponseTimeMonitor$1 monitor
WARNING: Making installer_test_linux offline because it?s not responding
Jul 04, 2017 12:58:57 AM hudson.node_monitors.ResponseTimeMonitor$1 monitor
WARNING: Making NT_MONSOON offline because it?s not responding
Jul 04, 2017 12:58:57 AM hudson.node_monitors.ResponseTimeMonitor$1 monitor
WARNING: Making ase_test_txue offline because it?s not responding
Jul 04, 2017 1:16:35 AM hudson.model.Run execute
INFO: SRS_DROP_TEST_FOR_ASE_SP307 #119 main build action completed: SUCCESS
Jul 04, 2017 1:17:55 AM hudson.slaves.SlaveComputer tryReconnect
INFO: Attempting to reconnect ase_test_txue
Jul 04, 2017 1:17:55 AM hudson.slaves.SlaveComputer tryReconnect
INFO: Attempting to reconnect installer_test_linux
Jul 04, 2017 1:31:54 AM hudson.model.Run execute
INFO: SP307_SRS_DAILY_BUILD_INTEGRATION #125 main build action completed: SUCCESS
Jul 04, 2017 1:36:55 AM hudson.slaves.SlaveComputer tryReconnect
INFO: Attempting to reconnect ase_test_txue
Jul 04, 2017 1:36:55 AM hudson.slaves.SlaveComputer tryReconnect
INFO: Attempting to reconnect installer_test_linux
Jul 04, 2017 1:44:18 AM hudson.model.Run execute
INFO: SRS_DROP_TEST_FOR_ASE_SP307 #120 main build action completed: SUCCESS
Jul 04, 2017 1:44:19 AM hudson.model.Run execute
INFO: SP307_SRS_DAILY_BUILD_AND_DROP_TO_ASE #78 main build action completed: SUCCESS
Jul 04, 2017 1:57:55 AM hudson.slaves.SlaveComputer tryReconnect
INFO: Attempting to reconnect ase_test_txue
Jul 04, 2017 1:57:55 AM hudson.slaves.SlaveComputer tryReconnect
INFO: Attempting to reconnect installer_test_linux
Jul 04, 2017 1:58:57 AM hudson.node_monitors.ResponseTimeMonitor$1 monitor
WARNING: Making installer_test_linux offline because it?s not responding
Jul 04, 2017 1:58:57 AM hudson.node_monitors.ResponseTimeMonitor$1 monitor
WARNING: Making NT_MONSOON offline because it?s not responding
Jul 04, 2017 1:58:57 AM hudson.node_monitors.ResponseTimeMonitor$1 monitor
WARNING: Making ase_test_txue offline because it?s not responding
Jul 04, 2017 2:18:55 AM hudson.slaves.SlaveComputer tryReconnect
INFO: Attempting to reconnect ase_test_txue
Jul 04, 2017 2:18:55 AM hudson.slaves.SlaveComputer tryReconnect
INFO: Attempting to reconnect installer_test_linux
Jul 04, 2017 2:39:55 AM hudson.slaves.SlaveComputer tryReconnect
INFO: Attempting to reconnect ase_test_txue
Jul 04, 2017 2:39:55 AM hudson.slaves.SlaveComputer tryReconnect
INFO: Attempting to reconnect installer_test_linux
Jul 04, 2017 2:48:20 AM org.kohsuke.stapler.RequestImpl$TypePair convertJSON
WARNING: 'stapler-class' is deprecated: hudson.tasks.Shell
Jul 04, 2017 2:58:57 AM hudson.node_monitors.ResponseTimeMonitor$1 monitor
WARNING: Making installer_test_linux offline because it?s not responding
Jul 04, 2017 2:58:57 AM hudson.node_monitors.ResponseTimeMonitor$1 monitor
WARNING: Making NT_MONSOON offline because it?s not responding
Jul 04, 2017 2:58:57 AM hudson.node_monitors.ResponseTimeMonitor$1 monitor
WARNING: Making ase_test_txue offline because it?s not responding
Jul 04, 2017 3:01:55 AM hudson.slaves.SlaveComputer tryReconnect
INFO: Attempting to reconnect ase_test_txue
Jul 04, 2017 3:01:55 AM hudson.slaves.SlaveComputer tryReconnect
INFO: Attempting to reconnect installer_test_linux
Jul 04, 2017 3:02:16 AM hudson.model.Run execute
INFO: SRS_DROP_TEST_FOR_ASE_SP307 #121 main build action completed: SUCCESS
Jul 04, 2017 3:08:50 AM org.kohsuke.stapler.RequestImpl$TypePair convertJSON
WARNING: 'stapler-class' is deprecated: hudson.tasks.Shell
Jul 04, 2017 3:10:45 AM org.kohsuke.stapler.RequestImpl$TypePair convertJSON
WARNING: 'stapler-class' is deprecated: hudson.tasks.Shell
Jul 04, 2017 3:12:45 AM org.kohsuke.stapler.RequestImpl$TypePair convertJSON
WARNING: 'stapler-class' is deprecated: hudson.tasks.Shell
Jul 04, 2017 3:21:55 AM hudson.slaves.SlaveComputer tryReconnect
INFO: Attempting to reconnect ase_test_txue
Jul 04, 2017 3:21:55 AM hudson.slaves.SlaveComputer tryReconnect
INFO: Attempting to reconnect installer_test_linux
Jul 04, 2017 3:22:17 AM hudson.model.Run execute
INFO: SP307_SRS_DAILY_BUILD_INTEGRATION #126 main build action completed: SUCCESS
Jul 04, 2017 3:33:56 AM hudson.model.Run execute
INFO: SRS_DROP_TEST_FOR_ASE_SP307 #122 main build action completed: SUCCESS
Jul 04, 2017 3:33:57 AM hudson.model.Run execute
INFO: SP307_SRS_DAILY_BUILD_AND_DROP_TO_ASE #79 main build action completed: SUCCESS
Jul 04, 2017 3:44:55 AM hudson.slaves.SlaveComputer tryReconnect
INFO: Attempting to reconnect ase_test_txue
Jul 04, 2017 3:44:55 AM hudson.slaves.SlaveComputer tryReconnect
INFO: Attempting to reconnect installer_test_linux
Jul 04, 2017 3:58:57 AM hudson.node_monitors.ResponseTimeMonitor$1 monitor
WARNING: Making installer_test_linux offline because it?s not responding
Jul 04, 2017 3:58:57 AM hudson.node_monitors.ResponseTimeMonitor$1 monitor
WARNING: Making NT_MONSOON offline because it?s not responding
Jul 04, 2017 3:58:57 AM hudson.node_monitors.ResponseTimeMonitor$1 monitor
WARNING: Making ase_test_txue offline because it?s not responding
Jul 04, 2017 4:05:55 AM hudson.slaves.SlaveComputer tryReconnect
INFO: Attempting to reconnect ase_test_txue
Jul 04, 2017 4:05:55 AM hudson.slaves.SlaveComputer tryReconnect
INFO: Attempting to reconnect installer_test_linux
Jul 04, 2017 4:26:55 AM hudson.slaves.SlaveComputer tryReconnect
INFO: Attempting to reconnect ase_test_txue
Jul 04, 2017 4:26:55 AM hudson.slaves.SlaveComputer tryReconnect
INFO: Attempting to reconnect installer_test_linux
Jul 04, 2017 4:44:55 AM hudson.slaves.SlaveComputer tryReconnect
INFO: Attempting to reconnect ase_test_txue
Jul 04, 2017 4:44:55 AM hudson.slaves.SlaveComputer tryReconnect
INFO: Attempting to reconnect installer_test_linux
Jul 04, 2017 4:58:57 AM hudson.node_monitors.ResponseTimeMonitor$1 monitor
WARNING: Making installer_test_linux offline because it?s not responding
Jul 04, 2017 4:58:57 AM hudson.node_monitors.ResponseTimeMonitor$1 monitor
WARNING: Making NT_MONSOON offline because it?s not responding
Jul 04, 2017 4:58:57 AM hudson.node_monitors.ResponseTimeMonitor$1 monitor
WARNING: Making ase_test_txue offline because it?s not responding
Jul 04, 2017 5:04:55 AM hudson.slaves.SlaveComputer tryReconnect
INFO: Attempting to reconnect ase_test_txue
Jul 04, 2017 5:04:55 AM hudson.slaves.SlaveComputer tryReconnect
INFO: Attempting to reconnect installer_test_linux
Jul 04, 2017 5:26:55 AM hudson.slaves.SlaveComputer tryReconnect
INFO: Attempting to reconnect ase_test_txue
Jul 04, 2017 5:26:55 AM hudson.slaves.SlaveComputer tryReconnect
INFO: Attempting to reconnect installer_test_linux
Jul 04, 2017 5:48:55 AM hudson.slaves.SlaveComputer tryReconnect
INFO: Attempting to reconnect ase_test_txue
Jul 04, 2017 5:48:55 AM hudson.slaves.SlaveComputer tryReconnect
INFO: Attempting to reconnect installer_test_linux
Jul 04, 2017 5:58:57 AM hudson.node_monitors.ResponseTimeMonitor$1 monitor
WARNING: Making installer_test_linux offline because it?s not responding
Jul 04, 2017 5:58:57 AM hudson.node_monitors.ResponseTimeMonitor$1 monitor
WARNING: Making NT_MONSOON offline because it?s not responding
Jul 04, 2017 5:58:57 AM hudson.node_monitors.ResponseTimeMonitor$1 monitor
WARNING: Making ase_test_txue offline because it?s not responding
Jul 04, 2017 6:09:55 AM hudson.slaves.SlaveComputer tryReconnect
INFO: Attempting to reconnect ase_test_txue
Jul 04, 2017 6:09:55 AM hudson.slaves.SlaveComputer tryReconnect
INFO: Attempting to reconnect installer_test_linux
Jul 04, 2017 6:30:55 AM hudson.slaves.SlaveComputer tryReconnect
INFO: Attempting to reconnect ase_test_txue
Jul 04, 2017 6:30:55 AM hudson.slaves.SlaveComputer tryReconnect
INFO: Attempting to reconnect installer_test_linux
Jul 04, 2017 6:53:55 AM hudson.slaves.SlaveComputer tryReconnect
INFO: Attempting to reconnect ase_test_txue
Jul 04, 2017 6:53:55 AM hudson.slaves.SlaveComputer tryReconnect
INFO: Attempting to reconnect installer_test_linux
Jul 04, 2017 6:58:57 AM hudson.node_monitors.ResponseTimeMonitor$1 monitor
WARNING: Making installer_test_linux offline because it?s not responding
Jul 04, 2017 6:58:57 AM hudson.node_monitors.ResponseTimeMonitor$1 monitor
WARNING: Making NT_MONSOON offline because it?s not responding
Jul 04, 2017 6:58:57 AM hudson.node_monitors.ResponseTimeMonitor$1 monitor
WARNING: Making ase_test_txue offline because it?s not responding
Jul 04, 2017 7:14:55 AM hudson.slaves.SlaveComputer tryReconnect
INFO: Attempting to reconnect ase_test_txue
Jul 04, 2017 7:14:55 AM hudson.slaves.SlaveComputer tryReconnect
INFO: Attempting to reconnect installer_test_linux
Jul 04, 2017 7:36:55 AM hudson.slaves.SlaveComputer tryReconnect
INFO: Attempting to reconnect ase_test_txue
Jul 04, 2017 7:36:55 AM hudson.slaves.SlaveComputer tryReconnect
INFO: Attempting to reconnect installer_test_linux
Jul 04, 2017 7:58:55 AM hudson.slaves.SlaveComputer tryReconnect
INFO: Attempting to reconnect ase_test_txue
Jul 04, 2017 7:58:55 AM hudson.slaves.SlaveComputer tryReconnect
INFO: Attempting to reconnect installer_test_linux
Jul 04, 2017 7:58:57 AM hudson.node_monitors.ResponseTimeMonitor$1 monitor
WARNING: Making installer_test_linux offline because it?s not responding
Jul 04, 2017 7:58:57 AM hudson.node_monitors.ResponseTimeMonitor$1 monitor
WARNING: Making NT_MONSOON offline because it?s not responding
Jul 04, 2017 7:58:57 AM hudson.node_monitors.ResponseTimeMonitor$1 monitor
WARNING: Making ase_test_txue offline because it?s not responding
Jul 04, 2017 8:19:55 AM hudson.slaves.SlaveComputer tryReconnect
INFO: Attempting to reconnect ase_test_txue
Jul 04, 2017 8:19:55 AM hudson.slaves.SlaveComputer tryReconnect
INFO: Attempting to reconnect installer_test_linux
Jul 04, 2017 8:38:55 AM hudson.slaves.SlaveComputer tryReconnect
INFO: Attempting to reconnect ase_test_txue
Jul 04, 2017 8:38:55 AM hudson.slaves.SlaveComputer tryReconnect
INFO: Attempting to reconnect installer_test_linux
Jul 04, 2017 8:58:55 AM hudson.slaves.SlaveComputer tryReconnect
INFO: Attempting to reconnect ase_test_txue
Jul 04, 2017 8:58:55 AM hudson.slaves.SlaveComputer tryReconnect
INFO: Attempting to reconnect installer_test_linux
Jul 04, 2017 8:58:57 AM hudson.node_monitors.ResponseTimeMonitor$1 monitor
WARNING: Making installer_test_linux offline because it?s not responding
Jul 04, 2017 8:58:57 AM hudson.node_monitors.ResponseTimeMonitor$1 monitor
WARNING: Making NT_MONSOON offline because it?s not responding
Jul 04, 2017 8:58:57 AM hudson.node_monitors.ResponseTimeMonitor$1 monitor
WARNING: Making ase_test_txue offline because it?s not responding
Jul 04, 2017 9:19:30 AM hudson.model.Run execute
INFO: SRS_RMA_BUILD_TRIGGER_BY_RMADEV_160SP03 #199 main build action completed: SUCCESS
Jul 04, 2017 9:20:55 AM hudson.slaves.SlaveComputer tryReconnect
INFO: Attempting to reconnect ase_test_txue
Jul 04, 2017 9:20:55 AM hudson.slaves.SlaveComputer tryReconnect
INFO: Attempting to reconnect installer_test_linux
Jul 04, 2017 9:42:55 AM hudson.slaves.SlaveComputer tryReconnect
INFO: Attempting to reconnect ase_test_txue
Jul 04, 2017 9:42:55 AM hudson.slaves.SlaveComputer tryReconnect
INFO: Attempting to reconnect installer_test_linux
Jul 04, 2017 9:49:49 AM hudson.model.AsyncPeriodicWork$1 run
INFO: Started Workspace clean-up
Jul 04, 2017 9:49:49 AM hudson.model.AsyncPeriodicWork$1 run
INFO: Finished Workspace clean-up. 445 ms
Jul 04, 2017 9:58:57 AM hudson.node_monitors.ResponseTimeMonitor$1 monitor
WARNING: Making installer_test_linux offline because it?s not responding
Jul 04, 2017 9:58:57 AM hudson.node_monitors.ResponseTimeMonitor$1 monitor
WARNING: Making NT_MONSOON offline because it?s not responding
Jul 04, 2017 9:58:57 AM hudson.node_monitors.ResponseTimeMonitor$1 monitor
WARNING: Making ase_test_txue offline because it?s not responding
Jul 04, 2017 10:04:55 AM hudson.slaves.SlaveComputer tryReconnect
INFO: Attempting to reconnect ase_test_txue
Jul 04, 2017 10:04:55 AM hudson.slaves.SlaveComputer tryReconnect
INFO: Attempting to reconnect installer_test_linux
Jul 04, 2017 10:26:55 AM hudson.slaves.SlaveComputer tryReconnect
INFO: Attempting to reconnect ase_test_txue
Jul 04, 2017 10:26:55 AM hudson.slaves.SlaveComputer tryReconnect
INFO: Attempting to reconnect installer_test_linux
Jul 04, 2017 10:49:55 AM hudson.slaves.SlaveComputer tryReconnect
INFO: Attempting to reconnect ase_test_txue
Jul 04, 2017 10:49:55 AM hudson.slaves.SlaveComputer tryReconnect
INFO: Attempting to reconnect installer_test_linux
Jul 04, 2017 10:58:57 AM hudson.node_monitors.ResponseTimeMonitor$1 monitor
WARNING: Making installer_test_linux offline because it?s not responding
Jul 04, 2017 10:58:57 AM hudson.node_monitors.ResponseTimeMonitor$1 monitor
WARNING: Making NT_MONSOON offline because it?s not responding
Jul 04, 2017 10:58:57 AM hudson.node_monitors.ResponseTimeMonitor$1 monitor
WARNING: Making ase_test_txue offline because it?s not responding
Jul 04, 2017 11:10:55 AM hudson.slaves.SlaveComputer tryReconnect
INFO: Attempting to reconnect ase_test_txue
Jul 04, 2017 11:10:55 AM hudson.slaves.SlaveComputer tryReconnect
INFO: Attempting to reconnect installer_test_linux
Jul 04, 2017 11:30:55 AM hudson.slaves.SlaveComputer tryReconnect
INFO: Attempting to reconnect ase_test_txue
Jul 04, 2017 11:30:55 AM hudson.slaves.SlaveComputer tryReconnect
INFO: Attempting to reconnect installer_test_linux
Jul 04, 2017 11:32:16 AM hudson.model.Run execute
INFO: 160SP03_SRS_DAILY_BUILD #101 main build action completed: SUCCESS
Jul 04, 2017 11:43:27 AM hudson.model.Run execute
INFO: SRS_SP03_TEST #88 main build action completed: SUCCESS
Jul 04, 2017 11:43:41 AM hudson.model.Run execute
INFO: CREATE_LINK_SP03 #84 main build action completed: SUCCESS
Jul 04, 2017 11:43:43 AM hudson.model.Run execute
INFO: SRS_160SP03_SERIAL #88 main build action completed: SUCCESS
Jul 04, 2017 11:52:55 AM hudson.slaves.SlaveComputer tryReconnect
INFO: Attempting to reconnect ase_test_txue
Jul 04, 2017 11:52:55 AM hudson.slaves.SlaveComputer tryReconnect
INFO: Attempting to reconnect installer_test_linux
Jul 04, 2017 11:58:57 AM hudson.node_monitors.ResponseTimeMonitor$1 monitor
WARNING: Making installer_test_linux offline because it?s not responding
Jul 04, 2017 11:58:57 AM hudson.node_monitors.ResponseTimeMonitor$1 monitor
WARNING: Making NT_MONSOON offline because it?s not responding
Jul 04, 2017 11:58:57 AM hudson.node_monitors.ResponseTimeMonitor$1 monitor
WARNING: Making ase_test_txue offline because it?s not responding
Jul 04, 2017 12:11:55 PM hudson.slaves.SlaveComputer tryReconnect
INFO: Attempting to reconnect ase_test_txue
Jul 04, 2017 12:11:55 PM hudson.slaves.SlaveComputer tryReconnect
INFO: Attempting to reconnect installer_test_linux
Jul 04, 2017 12:31:55 PM hudson.slaves.SlaveComputer tryReconnect
INFO: Attempting to reconnect ase_test_txue
Jul 04, 2017 12:31:55 PM hudson.slaves.SlaveComputer tryReconnect
INFO: Attempting to reconnect installer_test_linux
Jul 04, 2017 12:50:55 PM hudson.slaves.SlaveComputer tryReconnect
INFO: Attempting to reconnect ase_test_txue
Jul 04, 2017 12:50:55 PM hudson.slaves.SlaveComputer tryReconnect
INFO: Attempting to reconnect installer_test_linux
Jul 04, 2017 12:58:57 PM hudson.node_monitors.ResponseTimeMonitor$1 monitor
WARNING: Making installer_test_linux offline because it?s not responding
Jul 04, 2017 12:58:57 PM hudson.node_monitors.ResponseTimeMonitor$1 monitor
WARNING: Making NT_MONSOON offline because it?s not responding
Jul 04, 2017 12:58:57 PM hudson.node_monitors.ResponseTimeMonitor$1 monitor
WARNING: Making ase_test_txue offline because it?s not responding
Jul 04, 2017 1:12:55 PM hudson.slaves.SlaveComputer tryReconnect
INFO: Attempting to reconnect ase_test_txue
Jul 04, 2017 1:12:55 PM hudson.slaves.SlaveComputer tryReconnect
INFO: Attempting to reconnect installer_test_linux
Jul 04, 2017 1:34:55 PM hudson.slaves.SlaveComputer tryReconnect
INFO: Attempting to reconnect ase_test_txue
Jul 04, 2017 1:34:55 PM hudson.slaves.SlaveComputer tryReconnect
INFO: Attempting to reconnect installer_test_linux
Jul 04, 2017 1:56:55 PM hudson.slaves.SlaveComputer tryReconnect
INFO: Attempting to reconnect ase_test_txue
Jul 04, 2017 1:56:55 PM hudson.slaves.SlaveComputer tryReconnect
INFO: Attempting to reconnect installer_test_linux
Jul 04, 2017 1:58:57 PM hudson.node_monitors.ResponseTimeMonitor$1 monitor
WARNING: Making installer_test_linux offline because it?s not responding
Jul 04, 2017 1:58:57 PM hudson.node_monitors.ResponseTimeMonitor$1 monitor
WARNING: Making NT_MONSOON offline because it?s not responding
Jul 04, 2017 1:58:57 PM hudson.node_monitors.ResponseTimeMonitor$1 monitor
WARNING: Making ase_test_txue offline because it?s not responding
Jul 04, 2017 2:19:55 PM hudson.slaves.SlaveComputer tryReconnect
INFO: Attempting to reconnect ase_test_txue
Jul 04, 2017 2:19:55 PM hudson.slaves.SlaveComputer tryReconnect
INFO: Attempting to reconnect installer_test_linux
Jul 04, 2017 2:41:55 PM hudson.slaves.SlaveComputer tryReconnect
INFO: Attempting to reconnect ase_test_txue
Jul 04, 2017 2:41:55 PM hudson.slaves.SlaveComputer tryReconnect
INFO: Attempting to reconnect installer_test_linux
Jul 04, 2017 2:58:57 PM hudson.node_monitors.ResponseTimeMonitor$1 monitor
WARNING: Making installer_test_linux offline because it?s not responding
Jul 04, 2017 2:58:57 PM hudson.node_monitors.ResponseTimeMonitor$1 monitor
WARNING: Making NT_MONSOON offline because it?s not responding
Jul 04, 2017 2:58:57 PM hudson.node_monitors.ResponseTimeMonitor$1 monitor
WARNING: Making ase_test_txue offline because it?s not responding
Jul 04, 2017 3:00:55 PM hudson.slaves.SlaveComputer tryReconnect
INFO: Attempting to reconnect ase_test_txue
Jul 04, 2017 3:00:55 PM hudson.slaves.SlaveComputer tryReconnect
INFO: Attempting to reconnect installer_test_linux
Jul 04, 2017 3:21:55 PM hudson.slaves.SlaveComputer tryReconnect
INFO: Attempting to reconnect ase_test_txue
Jul 04, 2017 3:21:55 PM hudson.slaves.SlaveComputer tryReconnect
INFO: Attempting to reconnect installer_test_linux
Jul 04, 2017 3:42:55 PM hudson.slaves.SlaveComputer tryReconnect
INFO: Attempting to reconnect ase_test_txue
Jul 04, 2017 3:42:55 PM hudson.slaves.SlaveComputer tryReconnect
INFO: Attempting to reconnect installer_test_linux
Jul 04, 2017 3:58:57 PM hudson.node_monitors.ResponseTimeMonitor$1 monitor
WARNING: Making installer_test_linux offline because it?s not responding
Jul 04, 2017 3:58:57 PM hudson.node_monitors.ResponseTimeMonitor$1 monitor
WARNING: Making NT_MONSOON offline because it?s not responding
Jul 04, 2017 3:58:57 PM hudson.node_monitors.ResponseTimeMonitor$1 monitor
WARNING: Making ase_test_txue offline because it?s not responding
Jul 04, 2017 4:04:55 PM hudson.slaves.SlaveComputer tryReconnect
INFO: Attempting to reconnect ase_test_txue
Jul 04, 2017 4:04:55 PM hudson.slaves.SlaveComputer tryReconnect
INFO: Attempting to reconnect installer_test_linux
Jul 04, 2017 4:25:55 PM hudson.slaves.SlaveComputer tryReconnect
INFO: Attempting to reconnect ase_test_txue
Jul 04, 2017 4:25:55 PM hudson.slaves.SlaveComputer tryReconnect
INFO: Attempting to reconnect installer_test_linux
Jul 04, 2017 4:46:55 PM hudson.slaves.SlaveComputer tryReconnect
INFO: Attempting to reconnect ase_test_txue
Jul 04, 2017 4:46:55 PM hudson.slaves.SlaveComputer tryReconnect
INFO: Attempting to reconnect installer_test_linux
Jul 04, 2017 4:58:57 PM hudson.node_monitors.ResponseTimeMonitor$1 monitor
WARNING: Making installer_test_linux offline because it?s not responding
Jul 04, 2017 4:58:57 PM hudson.node_monitors.ResponseTimeMonitor$1 monitor
WARNING: Making NT_MONSOON offline because it?s not responding
Jul 04, 2017 4:58:57 PM hudson.node_monitors.ResponseTimeMonitor$1 monitor
WARNING: Making ase_test_txue offline because it?s not responding
Jul 04, 2017 5:07:55 PM hudson.slaves.SlaveComputer tryReconnect
INFO: Attempting to reconnect ase_test_txue
Jul 04, 2017 5:07:55 PM hudson.slaves.SlaveComputer tryReconnect
INFO: Attempting to reconnect installer_test_linux
Jul 04, 2017 5:11:01 PM hudson.model.AsyncPeriodicWork$1 run
INFO: Started Fingerprint cleanup
Jul 04, 2017 5:11:01 PM hudson.model.AsyncPeriodicWork$1 run
INFO: Finished Fingerprint cleanup. 4 ms
Jul 04, 2017 5:29:55 PM hudson.slaves.SlaveComputer tryReconnect
INFO: Attempting to reconnect ase_test_txue
Jul 04, 2017 5:29:55 PM hudson.slaves.SlaveComputer tryReconnect
INFO: Attempting to reconnect installer_test_linux
Jul 04, 2017 5:51:55 PM hudson.slaves.SlaveComputer tryReconnect
INFO: Attempting to reconnect ase_test_txue
Jul 04, 2017 5:51:55 PM hudson.slaves.SlaveComputer tryReconnect
INFO: Attempting to reconnect installer_test_linux
Jul 04, 2017 5:58:57 PM hudson.node_monitors.ResponseTimeMonitor$1 monitor
WARNING: Making installer_test_linux offline because it?s not responding
Jul 04, 2017 5:58:57 PM hudson.node_monitors.ResponseTimeMonitor$1 monitor
WARNING: Making NT_MONSOON offline because it?s not responding
Jul 04, 2017 5:58:57 PM hudson.node_monitors.ResponseTimeMonitor$1 monitor
WARNING: Making ase_test_txue offline because it?s not responding
Jul 04, 2017 6:09:55 PM hudson.slaves.SlaveComputer tryReconnect
INFO: Attempting to reconnect ase_test_txue
Jul 04, 2017 6:09:55 PM hudson.slaves.SlaveComputer tryReconnect
INFO: Attempting to reconnect installer_test_linux
Jul 04, 2017 6:28:55 PM hudson.slaves.SlaveComputer tryReconnect
INFO: Attempting to reconnect ase_test_txue
Jul 04, 2017 6:28:55 PM hudson.slaves.SlaveComputer tryReconnect
INFO: Attempting to reconnect installer_test_linux
Jul 04, 2017 6:49:55 PM hudson.slaves.SlaveComputer tryReconnect
INFO: Attempting to reconnect ase_test_txue
Jul 04, 2017 6:49:55 PM hudson.slaves.SlaveComputer tryReconnect
INFO: Attempting to reconnect installer_test_linux
Jul 04, 2017 6:58:57 PM hudson.node_monitors.ResponseTimeMonitor$1 monitor
WARNING: Making installer_test_linux offline because it?s not responding
Jul 04, 2017 6:58:57 PM hudson.node_monitors.ResponseTimeMonitor$1 monitor
WARNING: Making NT_MONSOON offline because it?s not responding
Jul 04, 2017 6:58:57 PM hudson.node_monitors.ResponseTimeMonitor$1 monitor
WARNING: Making ase_test_txue offline because it?s not responding
Jul 04, 2017 7:11:55 PM hudson.slaves.SlaveComputer tryReconnect
INFO: Attempting to reconnect ase_test_txue
Jul 04, 2017 7:11:55 PM hudson.slaves.SlaveComputer tryReconnect
INFO: Attempting to reconnect installer_test_linux
Jul 04, 2017 7:29:55 PM hudson.slaves.SlaveComputer tryReconnect
INFO: Attempting to reconnect ase_test_txue
Jul 04, 2017 7:29:55 PM hudson.slaves.SlaveComputer tryReconnect
INFO: Attempting to reconnect installer_test_linux
Jul 04, 2017 7:45:29 PM hudson.model.AsyncPeriodicWork$1 run
INFO: Started Download metadata
Jul 04, 2017 7:45:41 PM hudson.model.UpdateSite updateData
INFO: Obtained the latest update center data file for UpdateSource default
Jul 04, 2017 7:45:44 PM hudson.model.AsyncPeriodicWork$1 run
INFO: Finished Download metadata. 14,839 ms
Jul 04, 2017 7:51:55 PM hudson.slaves.SlaveComputer tryReconnect
INFO: Attempting to reconnect ase_test_txue
Jul 04, 2017 7:51:55 PM hudson.slaves.SlaveComputer tryReconnect
INFO: Attempting to reconnect installer_test_linux
Jul 04, 2017 7:58:57 PM hudson.node_monitors.ResponseTimeMonitor$1 monitor
WARNING: Making installer_test_linux offline because it?s not responding
Jul 04, 2017 7:58:57 PM hudson.node_monitors.ResponseTimeMonitor$1 monitor
WARNING: Making NT_MONSOON offline because it?s not responding
Jul 04, 2017 7:58:57 PM hudson.node_monitors.ResponseTimeMonitor$1 monitor
WARNING: Making ase_test_txue offline because it?s not responding
Jul 04, 2017 8:13:55 PM hudson.slaves.SlaveComputer tryReconnect
INFO: Attempting to reconnect ase_test_txue
Jul 04, 2017 8:13:55 PM hudson.slaves.SlaveComputer tryReconnect
INFO: Attempting to reconnect installer_test_linux
Jul 04, 2017 8:35:55 PM hudson.slaves.SlaveComputer tryReconnect
INFO: Attempting to reconnect ase_test_txue
Jul 04, 2017 8:35:55 PM hudson.slaves.SlaveComputer tryReconnect
INFO: Attempting to reconnect installer_test_linux
Jul 04, 2017 8:55:55 PM hudson.slaves.SlaveComputer tryReconnect
INFO: Attempting to reconnect ase_test_txue
Jul 04, 2017 8:55:55 PM hudson.slaves.SlaveComputer tryReconnect
INFO: Attempting to reconnect installer_test_linux
Jul 04, 2017 8:58:57 PM hudson.node_monitors.ResponseTimeMonitor$1 monitor
WARNING: Making installer_test_linux offline because it?s not responding
Jul 04, 2017 8:58:57 PM hudson.node_monitors.ResponseTimeMonitor$1 monitor
WARNING: Making NT_MONSOON offline because it?s not responding
Jul 04, 2017 8:58:57 PM hudson.node_monitors.ResponseTimeMonitor$1 monitor
WARNING: Making ase_test_txue offline because it?s not responding
Jul 04, 2017 9:17:55 PM hudson.slaves.SlaveComputer tryReconnect
INFO: Attempting to reconnect ase_test_txue
Jul 04, 2017 9:17:55 PM hudson.slaves.SlaveComputer tryReconnect
INFO: Attempting to reconnect installer_test_linux
Jul 04, 2017 9:39:55 PM hudson.slaves.SlaveComputer tryReconnect
INFO: Attempting to reconnect ase_test_txue
Jul 04, 2017 9:39:55 PM hudson.slaves.SlaveComputer tryReconnect
INFO: Attempting to reconnect installer_test_linux
Jul 04, 2017 9:58:57 PM hudson.node_monitors.ResponseTimeMonitor$1 monitor
WARNING: Making installer_test_linux offline because it?s not responding
Jul 04, 2017 9:58:57 PM hudson.node_monitors.ResponseTimeMonitor$1 monitor
WARNING: Making NT_MONSOON offline because it?s not responding
Jul 04, 2017 9:58:57 PM hudson.node_monitors.ResponseTimeMonitor$1 monitor
WARNING: Making ase_test_txue offline because it?s not responding
Jul 04, 2017 10:01:55 PM hudson.slaves.SlaveComputer tryReconnect
INFO: Attempting to reconnect ase_test_txue
Jul 04, 2017 10:01:55 PM hudson.slaves.SlaveComputer tryReconnect
INFO: Attempting to reconnect installer_test_linux
Jul 04, 2017 10:23:55 PM hudson.slaves.SlaveComputer tryReconnect
INFO: Attempting to reconnect ase_test_txue
Jul 04, 2017 10:23:55 PM hudson.slaves.SlaveComputer tryReconnect
INFO: Attempting to reconnect installer_test_linux
Jul 04, 2017 10:46:55 PM hudson.slaves.SlaveComputer tryReconnect
INFO: Attempting to reconnect ase_test_txue
Jul 04, 2017 10:46:55 PM hudson.slaves.SlaveComputer tryReconnect
INFO: Attempting to reconnect installer_test_linux
Jul 04, 2017 10:58:57 PM hudson.node_monitors.ResponseTimeMonitor$1 monitor
WARNING: Making installer_test_linux offline because it?s not responding
Jul 04, 2017 10:58:57 PM hudson.node_monitors.ResponseTimeMonitor$1 monitor
WARNING: Making NT_MONSOON offline because it?s not responding
Jul 04, 2017 10:58:57 PM hudson.node_monitors.ResponseTimeMonitor$1 monitor
WARNING: Making ase_test_txue offline because it?s not responding
Jul 04, 2017 11:05:55 PM hudson.slaves.SlaveComputer tryReconnect
INFO: Attempting to reconnect ase_test_txue
Jul 04, 2017 11:05:55 PM hudson.slaves.SlaveComputer tryReconnect
INFO: Attempting to reconnect installer_test_linux
Jul 04, 2017 11:27:55 PM hudson.slaves.SlaveComputer tryReconnect
INFO: Attempting to reconnect ase_test_txue
Jul 04, 2017 11:27:55 PM hudson.slaves.SlaveComputer tryReconnect
INFO: Attempting to reconnect installer_test_linux
Jul 04, 2017 11:49:55 PM hudson.slaves.SlaveComputer tryReconnect
INFO: Attempting to reconnect ase_test_txue
Jul 04, 2017 11:49:55 PM hudson.slaves.SlaveComputer tryReconnect
INFO: Attempting to reconnect installer_test_linux
Jul 04, 2017 11:58:57 PM hudson.node_monitors.ResponseTimeMonitor$1 monitor
WARNING: Making installer_test_linux offline because it?s not responding
Jul 04, 2017 11:58:57 PM hudson.node_monitors.ResponseTimeMonitor$1 monitor
WARNING: Making NT_MONSOON offline because it?s not responding
Jul 04, 2017 11:58:57 PM hudson.node_monitors.ResponseTimeMonitor$1 monitor
WARNING: Making ase_test_txue offline because it?s not responding
