Jul 19, 2017 12:38:55 AM hudson.node_monitors.ResponseTimeMonitor$1 monitor
WARNING: Making NT_MONSOON offline because it?s not responding
Jul 19, 2017 1:38:55 AM hudson.node_monitors.ResponseTimeMonitor$1 monitor
WARNING: Making NT_MONSOON offline because it?s not responding
Jul 19, 2017 2:38:55 AM hudson.node_monitors.ResponseTimeMonitor$1 monitor
WARNING: Making NT_MONSOON offline because it?s not responding
Jul 19, 2017 3:38:55 AM hudson.node_monitors.ResponseTimeMonitor$1 monitor
WARNING: Making NT_MONSOON offline because it?s not responding
Jul 19, 2017 4:38:55 AM hudson.node_monitors.ResponseTimeMonitor$1 monitor
WARNING: Making NT_MONSOON offline because it?s not responding
Jul 19, 2017 5:38:55 AM hudson.node_monitors.ResponseTimeMonitor$1 monitor
WARNING: Making NT_MONSOON offline because it?s not responding
Jul 19, 2017 6:38:55 AM hudson.node_monitors.ResponseTimeMonitor$1 monitor
WARNING: Making NT_MONSOON offline because it?s not responding
Jul 19, 2017 7:38:55 AM hudson.node_monitors.ResponseTimeMonitor$1 monitor
WARNING: Making NT_MONSOON offline because it?s not responding
Jul 19, 2017 8:38:55 AM hudson.node_monitors.ResponseTimeMonitor$1 monitor
WARNING: Making NT_MONSOON offline because it?s not responding
Jul 19, 2017 9:10:15 AM hudson.model.Run execute
INFO: SP307_SRS_DAILY_BUILD_INTEGRATION #132 main build action completed: SUCCESS
Jul 19, 2017 9:19:19 AM hudson.model.Run execute
INFO: SRS_RMA_BUILD_TRIGGER_BY_RMADEV_160SP03 #214 main build action completed: SUCCESS
Jul 19, 2017 9:22:02 AM hudson.model.Run execute
INFO: SRS_DROP_TEST_FOR_ASE_SP307 #137 main build action completed: SUCCESS
Jul 19, 2017 9:22:03 AM hudson.model.Run execute
INFO: SP307_SRS_DAILY_BUILD_AND_DROP_TO_ASE #85 main build action completed: SUCCESS
Jul 19, 2017 9:38:55 AM hudson.node_monitors.ResponseTimeMonitor$1 monitor
WARNING: Making NT_MONSOON offline because it?s not responding
Jul 19, 2017 10:38:55 AM hudson.node_monitors.ResponseTimeMonitor$1 monitor
WARNING: Making NT_MONSOON offline because it?s not responding
Jul 19, 2017 11:38:55 AM hudson.node_monitors.ResponseTimeMonitor$1 monitor
WARNING: Making NT_MONSOON offline because it?s not responding
Jul 19, 2017 12:38:55 PM hudson.node_monitors.ResponseTimeMonitor$1 monitor
WARNING: Making NT_MONSOON offline because it?s not responding
Jul 19, 2017 1:38:55 PM hudson.node_monitors.ResponseTimeMonitor$1 monitor
WARNING: Making NT_MONSOON offline because it?s not responding
Jul 19, 2017 1:54:29 PM hudson.model.Run execute
INFO: GET_RMA_CHECKIN_SP03PL01 #14 main build action completed: SUCCESS
Jul 19, 2017 2:13:10 PM hudson.model.Run execute
INFO: 160SP03_SRS_DAILY_BUILD #116 main build action completed: FAILURE
Jul 19, 2017 2:24:00 PM hudson.model.AsyncPeriodicWork$1 run
INFO: Started Workspace clean-up
Jul 19, 2017 2:24:01 PM hudson.model.AsyncPeriodicWork$1 run
INFO: Finished Workspace clean-up. 1,011 ms
Jul 19, 2017 2:24:30 PM hudson.model.Run execute
INFO: SRS_SP03_TEST #102 main build action completed: FAILURE
Jul 19, 2017 2:24:43 PM hudson.model.Run execute
INFO: CREATE_LINK_SP03 #98 main build action completed: SUCCESS
Jul 19, 2017 2:24:43 PM hudson.model.Run execute
INFO: SRS_160SP03_SERIAL #102 main build action completed: FAILURE
Jul 19, 2017 2:38:55 PM hudson.node_monitors.ResponseTimeMonitor$1 monitor
WARNING: Making NT_MONSOON offline because it?s not responding
Jul 19, 2017 3:20:58 PM hudson.model.AsyncPeriodicWork$1 run
INFO: Started Fingerprint cleanup
Jul 19, 2017 3:20:58 PM hudson.model.AsyncPeriodicWork$1 run
INFO: Finished Fingerprint cleanup. 0 ms
Jul 19, 2017 3:38:55 PM hudson.node_monitors.ResponseTimeMonitor$1 monitor
WARNING: Making NT_MONSOON offline because it?s not responding
Jul 19, 2017 4:12:51 PM hudson.model.AsyncPeriodicWork$1 run
INFO: Started Download metadata
Jul 19, 2017 4:13:02 PM hudson.model.UpdateSite updateData
INFO: Obtained the latest update center data file for UpdateSource default
Jul 19, 2017 4:13:03 PM hudson.model.AsyncPeriodicWork$1 run
INFO: Finished Download metadata. 12,013 ms
Jul 19, 2017 4:38:55 PM hudson.node_monitors.ResponseTimeMonitor$1 monitor
WARNING: Making NT_MONSOON offline because it?s not responding
Jul 19, 2017 5:38:55 PM hudson.node_monitors.ResponseTimeMonitor$1 monitor
WARNING: Making NT_MONSOON offline because it?s not responding
Jul 19, 2017 6:38:55 PM hudson.node_monitors.ResponseTimeMonitor$1 monitor
WARNING: Making NT_MONSOON offline because it?s not responding
Jul 19, 2017 7:38:55 PM hudson.node_monitors.ResponseTimeMonitor$1 monitor
WARNING: Making NT_MONSOON offline because it?s not responding
Jul 19, 2017 8:38:55 PM hudson.node_monitors.ResponseTimeMonitor$1 monitor
WARNING: Making NT_MONSOON offline because it?s not responding
Jul 19, 2017 9:38:55 PM hudson.node_monitors.ResponseTimeMonitor$1 monitor
WARNING: Making NT_MONSOON offline because it?s not responding
Jul 19, 2017 10:38:55 PM hudson.node_monitors.ResponseTimeMonitor$1 monitor
WARNING: Making NT_MONSOON offline because it?s not responding
Jul 19, 2017 11:38:55 PM hudson.node_monitors.ResponseTimeMonitor$1 monitor
WARNING: Making NT_MONSOON offline because it?s not responding
