Dec 02, 2016 12:49:20 AM hudson.model.AsyncPeriodicWork$1 run
INFO: Started Fingerprint cleanup
Dec 02, 2016 12:49:20 AM hudson.model.AsyncPeriodicWork$1 run
INFO: Finished Fingerprint cleanup. 2 ms
Dec 02, 2016 4:41:14 AM hudson.model.AsyncPeriodicWork$1 run
INFO: Started Download metadata
Dec 02, 2016 4:41:24 AM hudson.model.UpdateSite updateData
INFO: Obtained the latest update center data file for UpdateSource default
Dec 02, 2016 4:41:26 AM hudson.model.AsyncPeriodicWork$1 run
INFO: Finished Download metadata. 12,131 ms
Dec 02, 2016 8:07:52 AM hudson.model.Run execute
INFO: SRS_RMA_BUILD_TRIGGER_BY_RMADEV_SP305 #127 main build action completed: FAILURE
Dec 02, 2016 8:15:59 AM hudson.model.Run execute
INFO: SRS_RMA_BUILD_TRIGGER_BY_RMADEV_SP306 #13 main build action completed: SUCCESS
Dec 02, 2016 9:13:22 AM hudson.diagnosis.HudsonHomeDiskUsageChecker doRun
INFO: JENKINS_HOME disk usage information isn't available. aborting to monitor
Dec 02, 2016 10:13:22 AM hudson.diagnosis.HudsonHomeDiskUsageChecker doRun
INFO: JENKINS_HOME disk usage information isn't available. aborting to monitor
Dec 02, 2016 11:13:22 AM hudson.diagnosis.HudsonHomeDiskUsageChecker doRun
INFO: JENKINS_HOME disk usage information isn't available. aborting to monitor
Dec 02, 2016 12:13:22 PM hudson.diagnosis.HudsonHomeDiskUsageChecker doRun
INFO: JENKINS_HOME disk usage information isn't available. aborting to monitor
Dec 02, 2016 1:13:22 PM hudson.diagnosis.HudsonHomeDiskUsageChecker doRun
INFO: JENKINS_HOME disk usage information isn't available. aborting to monitor
Dec 02, 2016 2:13:22 PM hudson.diagnosis.HudsonHomeDiskUsageChecker doRun
INFO: JENKINS_HOME disk usage information isn't available. aborting to monitor
Dec 02, 2016 3:13:22 PM hudson.diagnosis.HudsonHomeDiskUsageChecker doRun
INFO: JENKINS_HOME disk usage information isn't available. aborting to monitor
Dec 02, 2016 4:13:22 PM hudson.diagnosis.HudsonHomeDiskUsageChecker doRun
INFO: JENKINS_HOME disk usage information isn't available. aborting to monitor
Dec 02, 2016 5:13:22 PM hudson.diagnosis.HudsonHomeDiskUsageChecker doRun
INFO: JENKINS_HOME disk usage information isn't available. aborting to monitor
Dec 02, 2016 6:13:22 PM hudson.diagnosis.HudsonHomeDiskUsageChecker doRun
INFO: JENKINS_HOME disk usage information isn't available. aborting to monitor
Dec 02, 2016 6:51:00 PM hudson.model.Executor run
SEVERE: Unexpected executor death
java.io.IOException: No space left on device
	at java.io.FileOutputStream.close0(Native Method)
	at java.io.FileOutputStream.close(FileOutputStream.java:362)
	at sun.nio.cs.StreamEncoder.implClose(StreamEncoder.java:320)
	at sun.nio.cs.StreamEncoder.close(StreamEncoder.java:149)
	at java.io.OutputStreamWriter.close(OutputStreamWriter.java:233)
	at java.io.BufferedWriter.close(BufferedWriter.java:266)
	at hudson.util.AtomicFileWriter.close(AtomicFileWriter.java:95)
	at hudson.util.AtomicFileWriter.commit(AtomicFileWriter.java:110)
	at hudson.util.TextFile.write(TextFile.java:121)
	at hudson.model.Job.saveNextBuildNumber(Job.java:290)
	at hudson.model.Job.assignBuildNumber(Job.java:348)
	at hudson.model.Run.<init>(Run.java:279)
	at hudson.model.AbstractBuild.<init>(AbstractBuild.java:167)
	at hudson.model.Build.<init>(Build.java:92)
	at com.tikal.jenkins.plugins.multijob.MultiJobBuild.<init>(MultiJobBuild.java:40)
	at sun.reflect.NativeConstructorAccessorImpl.newInstance0(Native Method)
	at sun.reflect.NativeConstructorAccessorImpl.newInstance(NativeConstructorAccessorImpl.java:57)
	at sun.reflect.DelegatingConstructorAccessorImpl.newInstance(DelegatingConstructorAccessorImpl.java:45)
	at java.lang.reflect.Constructor.newInstance(Constructor.java:526)
	at jenkins.model.lazy.LazyBuildMixIn.newBuild(LazyBuildMixIn.java:177)
	at hudson.model.AbstractProject.newBuild(AbstractProject.java:1001)
	at hudson.model.AbstractProject.createExecutable(AbstractProject.java:1200)
	at hudson.model.AbstractProject.createExecutable(AbstractProject.java:144)
	at hudson.model.Executor.run(Executor.java:213)

Dec 02, 2016 7:13:22 PM hudson.diagnosis.HudsonHomeDiskUsageChecker doRun
INFO: JENKINS_HOME disk usage information isn't available. aborting to monitor
Dec 02, 2016 7:20:22 PM hudson.model.AsyncPeriodicWork$1 run
INFO: Started Workspace clean-up
Dec 02, 2016 7:20:23 PM hudson.model.AsyncPeriodicWork$1 run
INFO: Finished Workspace clean-up. 625 ms
Dec 02, 2016 7:56:45 PM hudson.model.Executor run
SEVERE: Unexpected executor death
java.io.IOException: No space left on device
	at java.io.FileOutputStream.close0(Native Method)
	at java.io.FileOutputStream.close(FileOutputStream.java:362)
	at sun.nio.cs.StreamEncoder.implClose(StreamEncoder.java:320)
	at sun.nio.cs.StreamEncoder.close(StreamEncoder.java:149)
	at java.io.OutputStreamWriter.close(OutputStreamWriter.java:233)
	at java.io.BufferedWriter.close(BufferedWriter.java:266)
	at hudson.util.AtomicFileWriter.close(AtomicFileWriter.java:95)
	at hudson.util.AtomicFileWriter.commit(AtomicFileWriter.java:110)
	at hudson.util.TextFile.write(TextFile.java:121)
	at hudson.model.Job.saveNextBuildNumber(Job.java:290)
	at hudson.model.Job.assignBuildNumber(Job.java:348)
	at hudson.model.Run.<init>(Run.java:279)
	at hudson.model.AbstractBuild.<init>(AbstractBuild.java:167)
	at hudson.model.Build.<init>(Build.java:92)
	at com.tikal.jenkins.plugins.multijob.MultiJobBuild.<init>(MultiJobBuild.java:40)
	at sun.reflect.NativeConstructorAccessorImpl.newInstance0(Native Method)
	at sun.reflect.NativeConstructorAccessorImpl.newInstance(NativeConstructorAccessorImpl.java:57)
	at sun.reflect.DelegatingConstructorAccessorImpl.newInstance(DelegatingConstructorAccessorImpl.java:45)
	at java.lang.reflect.Constructor.newInstance(Constructor.java:526)
	at jenkins.model.lazy.LazyBuildMixIn.newBuild(LazyBuildMixIn.java:177)
	at hudson.model.AbstractProject.newBuild(AbstractProject.java:1001)
	at hudson.model.AbstractProject.createExecutable(AbstractProject.java:1200)
	at hudson.model.AbstractProject.createExecutable(AbstractProject.java:144)
	at hudson.model.Executor.run(Executor.java:213)

Dec 02, 2016 8:13:22 PM hudson.diagnosis.HudsonHomeDiskUsageChecker doRun
INFO: JENKINS_HOME disk usage information isn't available. aborting to monitor
Dec 02, 2016 9:13:22 PM hudson.diagnosis.HudsonHomeDiskUsageChecker doRun
INFO: JENKINS_HOME disk usage information isn't available. aborting to monitor
Dec 02, 2016 10:13:22 PM hudson.diagnosis.HudsonHomeDiskUsageChecker doRun
INFO: JENKINS_HOME disk usage information isn't available. aborting to monitor
Dec 02, 2016 11:13:22 PM hudson.diagnosis.HudsonHomeDiskUsageChecker doRun
INFO: JENKINS_HOME disk usage information isn't available. aborting to monitor
