Dec 26, 2016 12:37:18 AM hudson.node_monitors.ResponseTimeMonitor$1 monitor
WARNING: Making NT_MONSOON offline because it’s not responding
Dec 26, 2016 1:37:18 AM hudson.node_monitors.ResponseTimeMonitor$1 monitor
WARNING: Making NT_MONSOON offline because it’s not responding
Dec 26, 2016 2:37:18 AM hudson.node_monitors.ResponseTimeMonitor$1 monitor
WARNING: Making NT_MONSOON offline because it’s not responding
Dec 26, 2016 3:37:18 AM hudson.node_monitors.ResponseTimeMonitor$1 monitor
WARNING: Making NT_MONSOON offline because it’s not responding
Dec 26, 2016 3:48:29 AM hudson.model.AsyncPeriodicWork$1 run
INFO: Started Workspace clean-up
Dec 26, 2016 3:48:30 AM hudson.model.AsyncPeriodicWork$1 run
INFO: Finished Workspace clean-up. 838 ms
Dec 26, 2016 4:37:18 AM hudson.node_monitors.ResponseTimeMonitor$1 monitor
WARNING: Making NT_MONSOON offline because it’s not responding
Dec 26, 2016 5:37:18 AM hudson.node_monitors.ResponseTimeMonitor$1 monitor
WARNING: Making NT_MONSOON offline because it’s not responding
Dec 26, 2016 6:37:18 AM hudson.node_monitors.ResponseTimeMonitor$1 monitor
WARNING: Making NT_MONSOON offline because it’s not responding
Dec 26, 2016 7:37:18 AM hudson.node_monitors.ResponseTimeMonitor$1 monitor
WARNING: Making NT_MONSOON offline because it’s not responding
Dec 26, 2016 8:05:24 AM hudson.model.Run execute
INFO: SRS_RMA_BUILD_TRIGGER_BY_RMADEV_SP305 #150 main build action completed: FAILURE
Dec 26, 2016 8:12:39 AM hudson.model.Run execute
INFO: SRS_RMA_BUILD_TRIGGER_BY_RMADEV_SP306 #35 main build action completed: SUCCESS
Dec 26, 2016 8:37:18 AM hudson.node_monitors.ResponseTimeMonitor$1 monitor
WARNING: Making NT_MONSOON offline because it’s not responding
Dec 26, 2016 9:21:02 AM hudson.model.AsyncPeriodicWork$1 run
INFO: Started Fingerprint cleanup
Dec 26, 2016 9:21:02 AM hudson.model.AsyncPeriodicWork$1 run
INFO: Finished Fingerprint cleanup. 0 ms
Dec 26, 2016 9:37:18 AM hudson.node_monitors.ResponseTimeMonitor$1 monitor
WARNING: Making NT_MONSOON offline because it’s not responding
Dec 26, 2016 10:37:18 AM hudson.node_monitors.ResponseTimeMonitor$1 monitor
WARNING: Making NT_MONSOON offline because it’s not responding
Dec 26, 2016 11:37:18 AM hudson.node_monitors.ResponseTimeMonitor$1 monitor
WARNING: Making NT_MONSOON offline because it’s not responding
Dec 26, 2016 12:37:18 PM hudson.node_monitors.ResponseTimeMonitor$1 monitor
WARNING: Making NT_MONSOON offline because it’s not responding
Dec 26, 2016 1:37:18 PM hudson.node_monitors.ResponseTimeMonitor$1 monitor
WARNING: Making NT_MONSOON offline because it’s not responding
Dec 26, 2016 2:37:18 PM hudson.node_monitors.ResponseTimeMonitor$1 monitor
WARNING: Making NT_MONSOON offline because it’s not responding
Dec 26, 2016 3:37:18 PM hudson.node_monitors.ResponseTimeMonitor$1 monitor
WARNING: Making NT_MONSOON offline because it’s not responding
Dec 26, 2016 4:37:18 PM hudson.node_monitors.ResponseTimeMonitor$1 monitor
WARNING: Making NT_MONSOON offline because it’s not responding
Dec 26, 2016 5:37:18 PM hudson.node_monitors.ResponseTimeMonitor$1 monitor
WARNING: Making NT_MONSOON offline because it’s not responding
Dec 26, 2016 6:37:18 PM hudson.node_monitors.ResponseTimeMonitor$1 monitor
WARNING: Making NT_MONSOON offline because it’s not responding
Dec 26, 2016 7:37:18 PM hudson.node_monitors.ResponseTimeMonitor$1 monitor
WARNING: Making NT_MONSOON offline because it’s not responding
Dec 26, 2016 8:37:18 PM hudson.node_monitors.ResponseTimeMonitor$1 monitor
WARNING: Making NT_MONSOON offline because it’s not responding
Dec 26, 2016 9:37:18 PM hudson.node_monitors.ResponseTimeMonitor$1 monitor
WARNING: Making NT_MONSOON offline because it’s not responding
Dec 26, 2016 10:26:43 PM hudson.model.AsyncPeriodicWork$1 run
INFO: Started Download metadata
Dec 26, 2016 10:26:52 PM hudson.model.UpdateSite updateData
INFO: Obtained the latest update center data file for UpdateSource default
Dec 26, 2016 10:26:54 PM hudson.model.AsyncPeriodicWork$1 run
INFO: Finished Download metadata. 10,738 ms
Dec 26, 2016 10:37:18 PM hudson.node_monitors.ResponseTimeMonitor$1 monitor
WARNING: Making NT_MONSOON offline because it’s not responding
Dec 26, 2016 11:37:18 PM hudson.node_monitors.ResponseTimeMonitor$1 monitor
WARNING: Making NT_MONSOON offline because it’s not responding
