Oct 21, 2017 12:37:14 AM hudson.node_monitors.ResponseTimeMonitor$1 monitor
WARNING: Making NT_MONSOON offline because it?s not responding
Oct 21, 2017 1:37:14 AM hudson.node_monitors.ResponseTimeMonitor$1 monitor
WARNING: Making NT_MONSOON offline because it?s not responding
Oct 21, 2017 2:37:14 AM hudson.node_monitors.ResponseTimeMonitor$1 monitor
WARNING: Making NT_MONSOON offline because it?s not responding
Oct 21, 2017 3:37:14 AM hudson.node_monitors.ResponseTimeMonitor$1 monitor
WARNING: Making NT_MONSOON offline because it?s not responding
Oct 21, 2017 4:19:32 AM hudson.model.Run execute
INFO: SP307_SRS_DAILY_BUILD_INTEGRATION #214 main build action completed: SUCCESS
Oct 21, 2017 4:33:04 AM hudson.model.Run execute
INFO: SRS_DROP_TEST_FOR_ASE_SP307 #213 main build action completed: SUCCESS
Oct 21, 2017 4:33:05 AM hudson.model.Run execute
INFO: SP307_SRS_DAILY_BUILD_AND_DROP_TO_ASE #164 main build action completed: SUCCESS
Oct 21, 2017 4:33:13 AM hudson.model.AsyncPeriodicWork$1 run
INFO: Started Download metadata
Oct 21, 2017 4:33:23 AM hudson.model.UpdateSite updateData
INFO: Obtained the latest update center data file for UpdateSource default
Oct 21, 2017 4:33:25 AM hudson.model.AsyncPeriodicWork$1 run
INFO: Finished Download metadata. 11,846 ms
Oct 21, 2017 4:37:14 AM hudson.node_monitors.ResponseTimeMonitor$1 monitor
WARNING: Making NT_MONSOON offline because it?s not responding
Oct 21, 2017 5:37:14 AM hudson.node_monitors.ResponseTimeMonitor$1 monitor
WARNING: Making NT_MONSOON offline because it?s not responding
Oct 21, 2017 6:37:14 AM hudson.node_monitors.ResponseTimeMonitor$1 monitor
WARNING: Making NT_MONSOON offline because it?s not responding
Oct 21, 2017 7:37:14 AM hudson.node_monitors.ResponseTimeMonitor$1 monitor
WARNING: Making NT_MONSOON offline because it?s not responding
Oct 21, 2017 8:37:14 AM hudson.node_monitors.ResponseTimeMonitor$1 monitor
WARNING: Making NT_MONSOON offline because it?s not responding
Oct 21, 2017 9:08:02 AM hudson.model.Run execute
INFO: SRS_RMA_BUILD_TRIGGER_BY_RMADEV_160SP03PL03 #34 main build action completed: SUCCESS
Oct 21, 2017 9:11:33 AM hudson.model.Run execute
INFO: SRS_RMA_BUILD_TRIGGER_BY_RMADEV_160SP03 #307 main build action completed: FAILURE
Oct 21, 2017 9:26:00 AM hudson.model.Run execute
INFO: SRS_RMA_BUILD_TRIGGER_BY_RMADEV_160SP03PL02 #102 main build action completed: SUCCESS
Oct 21, 2017 9:37:14 AM hudson.node_monitors.ResponseTimeMonitor$1 monitor
WARNING: Making NT_MONSOON offline because it?s not responding
Oct 21, 2017 10:37:14 AM hudson.node_monitors.ResponseTimeMonitor$1 monitor
WARNING: Making NT_MONSOON offline because it?s not responding
Oct 21, 2017 11:37:14 AM hudson.node_monitors.ResponseTimeMonitor$1 monitor
WARNING: Making NT_MONSOON offline because it?s not responding
Oct 21, 2017 12:37:14 PM hudson.node_monitors.ResponseTimeMonitor$1 monitor
WARNING: Making NT_MONSOON offline because it?s not responding
Oct 21, 2017 1:37:14 PM hudson.node_monitors.ResponseTimeMonitor$1 monitor
WARNING: Making NT_MONSOON offline because it?s not responding
Oct 21, 2017 2:37:14 PM hudson.node_monitors.ResponseTimeMonitor$1 monitor
WARNING: Making NT_MONSOON offline because it?s not responding
Oct 21, 2017 2:51:44 PM hudson.model.AsyncPeriodicWork$1 run
INFO: Started Fingerprint cleanup
Oct 21, 2017 2:51:44 PM hudson.model.AsyncPeriodicWork$1 run
INFO: Finished Fingerprint cleanup. 0 ms
Oct 21, 2017 3:37:14 PM hudson.node_monitors.ResponseTimeMonitor$1 monitor
WARNING: Making NT_MONSOON offline because it?s not responding
Oct 21, 2017 4:37:14 PM hudson.node_monitors.ResponseTimeMonitor$1 monitor
WARNING: Making NT_MONSOON offline because it?s not responding
Oct 21, 2017 5:37:14 PM hudson.node_monitors.ResponseTimeMonitor$1 monitor
WARNING: Making NT_MONSOON offline because it?s not responding
Oct 21, 2017 6:37:14 PM hudson.node_monitors.ResponseTimeMonitor$1 monitor
WARNING: Making NT_MONSOON offline because it?s not responding
Oct 21, 2017 7:37:14 PM hudson.node_monitors.ResponseTimeMonitor$1 monitor
WARNING: Making NT_MONSOON offline because it?s not responding
Oct 21, 2017 8:37:14 PM hudson.node_monitors.ResponseTimeMonitor$1 monitor
WARNING: Making NT_MONSOON offline because it?s not responding
Oct 21, 2017 9:37:14 PM hudson.node_monitors.ResponseTimeMonitor$1 monitor
WARNING: Making NT_MONSOON offline because it?s not responding
Oct 21, 2017 10:37:14 PM hudson.node_monitors.ResponseTimeMonitor$1 monitor
WARNING: Making NT_MONSOON offline because it?s not responding
Oct 21, 2017 11:14:45 PM hudson.model.AsyncPeriodicWork$1 run
INFO: Started Workspace clean-up
Oct 21, 2017 11:14:46 PM hudson.model.AsyncPeriodicWork$1 run
INFO: Finished Workspace clean-up. 1,012 ms
Oct 21, 2017 11:37:14 PM hudson.node_monitors.ResponseTimeMonitor$1 monitor
WARNING: Making NT_MONSOON offline because it?s not responding
