Oct 16, 2017 12:01:34 AM hudson.slaves.SlaveComputer tryReconnect
INFO: Attempting to reconnect ase_test_txue
Oct 16, 2017 12:09:51 AM hudson.node_monitors.ResponseTimeMonitor$1 monitor
WARNING: Making NT_MONSOON offline because it?s not responding
Oct 16, 2017 12:09:51 AM hudson.node_monitors.ResponseTimeMonitor$1 monitor
WARNING: Making ase_test_txue offline because it?s not responding
Oct 16, 2017 12:23:34 AM hudson.slaves.SlaveComputer tryReconnect
INFO: Attempting to reconnect ase_test_txue
Oct 16, 2017 12:46:34 AM hudson.slaves.SlaveComputer tryReconnect
INFO: Attempting to reconnect ase_test_txue
Oct 16, 2017 1:08:34 AM hudson.slaves.SlaveComputer tryReconnect
INFO: Attempting to reconnect ase_test_txue
Oct 16, 2017 1:09:51 AM hudson.node_monitors.ResponseTimeMonitor$1 monitor
WARNING: Making NT_MONSOON offline because it?s not responding
Oct 16, 2017 1:09:51 AM hudson.node_monitors.ResponseTimeMonitor$1 monitor
WARNING: Making ase_test_txue offline because it?s not responding
Oct 16, 2017 1:31:34 AM hudson.slaves.SlaveComputer tryReconnect
INFO: Attempting to reconnect ase_test_txue
Oct 16, 2017 1:52:34 AM hudson.slaves.SlaveComputer tryReconnect
INFO: Attempting to reconnect ase_test_txue
Oct 16, 2017 2:09:51 AM hudson.node_monitors.ResponseTimeMonitor$1 monitor
WARNING: Making NT_MONSOON offline because it?s not responding
Oct 16, 2017 2:09:51 AM hudson.node_monitors.ResponseTimeMonitor$1 monitor
WARNING: Making ase_test_txue offline because it?s not responding
Oct 16, 2017 2:14:34 AM hudson.slaves.SlaveComputer tryReconnect
INFO: Attempting to reconnect ase_test_txue
Oct 16, 2017 2:35:34 AM hudson.slaves.SlaveComputer tryReconnect
INFO: Attempting to reconnect ase_test_txue
Oct 16, 2017 2:54:34 AM hudson.slaves.SlaveComputer tryReconnect
INFO: Attempting to reconnect ase_test_txue
Oct 16, 2017 3:09:51 AM hudson.node_monitors.ResponseTimeMonitor$1 monitor
WARNING: Making NT_MONSOON offline because it?s not responding
Oct 16, 2017 3:09:51 AM hudson.node_monitors.ResponseTimeMonitor$1 monitor
WARNING: Making ase_test_txue offline because it?s not responding
Oct 16, 2017 3:16:34 AM hudson.slaves.SlaveComputer tryReconnect
INFO: Attempting to reconnect ase_test_txue
Oct 16, 2017 3:36:34 AM hudson.slaves.SlaveComputer tryReconnect
INFO: Attempting to reconnect ase_test_txue
Oct 16, 2017 3:58:34 AM hudson.slaves.SlaveComputer tryReconnect
INFO: Attempting to reconnect ase_test_txue
Oct 16, 2017 4:09:51 AM hudson.node_monitors.ResponseTimeMonitor$1 monitor
WARNING: Making NT_MONSOON offline because it?s not responding
Oct 16, 2017 4:09:51 AM hudson.node_monitors.ResponseTimeMonitor$1 monitor
WARNING: Making ase_test_txue offline because it?s not responding
Oct 16, 2017 4:20:34 AM hudson.slaves.SlaveComputer tryReconnect
INFO: Attempting to reconnect ase_test_txue
Oct 16, 2017 4:39:32 AM hudson.model.Run execute
INFO: SP307_SRS_DAILY_BUILD_INTEGRATION #207 main build action completed: SUCCESS
Oct 16, 2017 4:42:34 AM hudson.slaves.SlaveComputer tryReconnect
INFO: Attempting to reconnect ase_test_txue
Oct 16, 2017 4:53:40 AM hudson.model.Run execute
INFO: SRS_DROP_TEST_FOR_ASE_SP307 #207 main build action completed: SUCCESS
Oct 16, 2017 4:53:41 AM hudson.model.Run execute
INFO: SP307_SRS_DAILY_BUILD_AND_DROP_TO_ASE #157 main build action completed: SUCCESS
Oct 16, 2017 5:04:34 AM hudson.slaves.SlaveComputer tryReconnect
INFO: Attempting to reconnect ase_test_txue
Oct 16, 2017 5:09:51 AM hudson.node_monitors.ResponseTimeMonitor$1 monitor
WARNING: Making NT_MONSOON offline because it?s not responding
Oct 16, 2017 5:09:51 AM hudson.node_monitors.ResponseTimeMonitor$1 monitor
WARNING: Making ase_test_txue offline because it?s not responding
Oct 16, 2017 5:27:34 AM hudson.slaves.SlaveComputer tryReconnect
INFO: Attempting to reconnect ase_test_txue
Oct 16, 2017 5:49:34 AM hudson.slaves.SlaveComputer tryReconnect
INFO: Attempting to reconnect ase_test_txue
Oct 16, 2017 6:09:51 AM hudson.node_monitors.ResponseTimeMonitor$1 monitor
WARNING: Making NT_MONSOON offline because it?s not responding
Oct 16, 2017 6:09:51 AM hudson.node_monitors.ResponseTimeMonitor$1 monitor
WARNING: Making ase_test_txue offline because it?s not responding
Oct 16, 2017 6:13:34 AM hudson.slaves.SlaveComputer tryReconnect
INFO: Attempting to reconnect ase_test_txue
Oct 16, 2017 6:33:34 AM hudson.slaves.SlaveComputer tryReconnect
INFO: Attempting to reconnect ase_test_txue
Oct 16, 2017 6:55:34 AM hudson.slaves.SlaveComputer tryReconnect
INFO: Attempting to reconnect ase_test_txue
Oct 16, 2017 7:09:51 AM hudson.node_monitors.ResponseTimeMonitor$1 monitor
WARNING: Making NT_MONSOON offline because it?s not responding
Oct 16, 2017 7:09:51 AM hudson.node_monitors.ResponseTimeMonitor$1 monitor
WARNING: Making ase_test_txue offline because it?s not responding
Oct 16, 2017 7:17:34 AM hudson.slaves.SlaveComputer tryReconnect
INFO: Attempting to reconnect ase_test_txue
Oct 16, 2017 7:39:34 AM hudson.slaves.SlaveComputer tryReconnect
INFO: Attempting to reconnect ase_test_txue
Oct 16, 2017 8:01:34 AM hudson.slaves.SlaveComputer tryReconnect
INFO: Attempting to reconnect ase_test_txue
Oct 16, 2017 8:02:45 AM hudson.model.AsyncPeriodicWork$1 run
INFO: Started Download metadata
Oct 16, 2017 8:02:53 AM hudson.model.UpdateSite updateData
INFO: Obtained the latest update center data file for UpdateSource default
Oct 16, 2017 8:02:55 AM hudson.model.AsyncPeriodicWork$1 run
INFO: Finished Download metadata. 10,569 ms
Oct 16, 2017 8:09:51 AM hudson.node_monitors.ResponseTimeMonitor$1 monitor
WARNING: Making NT_MONSOON offline because it?s not responding
Oct 16, 2017 8:09:51 AM hudson.node_monitors.ResponseTimeMonitor$1 monitor
WARNING: Making ase_test_txue offline because it?s not responding
Oct 16, 2017 8:22:34 AM hudson.slaves.SlaveComputer tryReconnect
INFO: Attempting to reconnect ase_test_txue
Oct 16, 2017 8:44:34 AM hudson.slaves.SlaveComputer tryReconnect
INFO: Attempting to reconnect ase_test_txue
Oct 16, 2017 9:07:34 AM hudson.slaves.SlaveComputer tryReconnect
INFO: Attempting to reconnect ase_test_txue
Oct 16, 2017 9:09:51 AM hudson.node_monitors.ResponseTimeMonitor$1 monitor
WARNING: Making NT_MONSOON offline because it?s not responding
Oct 16, 2017 9:09:51 AM hudson.node_monitors.ResponseTimeMonitor$1 monitor
WARNING: Making ase_test_txue offline because it?s not responding
Oct 16, 2017 9:13:25 AM hudson.model.Run execute
INFO: SRS_RMA_BUILD_TRIGGER_BY_RMADEV_160SP03PL03 #29 main build action completed: FAILURE
Oct 16, 2017 9:16:04 AM hudson.model.Run execute
INFO: SRS_RMA_BUILD_TRIGGER_BY_RMADEV_160SP03 #302 main build action completed: FAILURE
Oct 16, 2017 9:30:34 AM hudson.slaves.SlaveComputer tryReconnect
INFO: Attempting to reconnect ase_test_txue
Oct 16, 2017 9:52:34 AM hudson.slaves.SlaveComputer tryReconnect
INFO: Attempting to reconnect ase_test_txue
Oct 16, 2017 10:09:51 AM hudson.node_monitors.ResponseTimeMonitor$1 monitor
WARNING: Making NT_MONSOON offline because it?s not responding
Oct 16, 2017 10:09:51 AM hudson.node_monitors.ResponseTimeMonitor$1 monitor
WARNING: Making ase_test_txue offline because it?s not responding
Oct 16, 2017 10:15:34 AM hudson.slaves.SlaveComputer tryReconnect
INFO: Attempting to reconnect ase_test_txue
Oct 16, 2017 10:19:33 AM hudson.model.Run execute
INFO: SRS_RMA_BUILD_TRIGGER_BY_RMADEV_160SP03PL02 #97 main build action completed: SUCCESS
Oct 16, 2017 10:36:34 AM hudson.slaves.SlaveComputer tryReconnect
INFO: Attempting to reconnect ase_test_txue
Oct 16, 2017 10:59:34 AM hudson.slaves.SlaveComputer tryReconnect
INFO: Attempting to reconnect ase_test_txue
Oct 16, 2017 11:09:51 AM hudson.node_monitors.ResponseTimeMonitor$1 monitor
WARNING: Making NT_MONSOON offline because it?s not responding
Oct 16, 2017 11:09:51 AM hudson.node_monitors.ResponseTimeMonitor$1 monitor
WARNING: Making ase_test_txue offline because it?s not responding
Oct 16, 2017 11:21:34 AM hudson.slaves.SlaveComputer tryReconnect
INFO: Attempting to reconnect ase_test_txue
Oct 16, 2017 11:31:15 AM hudson.model.AsyncPeriodicWork$1 run
INFO: Started Fingerprint cleanup
Oct 16, 2017 11:31:15 AM hudson.model.AsyncPeriodicWork$1 run
INFO: Finished Fingerprint cleanup. 0 ms
Oct 16, 2017 11:43:34 AM hudson.slaves.SlaveComputer tryReconnect
INFO: Attempting to reconnect ase_test_txue
Oct 16, 2017 12:06:34 PM hudson.slaves.SlaveComputer tryReconnect
INFO: Attempting to reconnect ase_test_txue
Oct 16, 2017 12:09:51 PM hudson.node_monitors.ResponseTimeMonitor$1 monitor
WARNING: Making NT_MONSOON offline because it?s not responding
Oct 16, 2017 12:09:51 PM hudson.node_monitors.ResponseTimeMonitor$1 monitor
WARNING: Making ase_test_txue offline because it?s not responding
Oct 16, 2017 12:27:34 PM hudson.slaves.SlaveComputer tryReconnect
INFO: Attempting to reconnect ase_test_txue
Oct 16, 2017 12:47:34 PM hudson.slaves.SlaveComputer tryReconnect
INFO: Attempting to reconnect ase_test_txue
Oct 16, 2017 1:09:51 PM hudson.node_monitors.ResponseTimeMonitor$1 monitor
WARNING: Making NT_MONSOON offline because it?s not responding
Oct 16, 2017 1:09:51 PM hudson.node_monitors.ResponseTimeMonitor$1 monitor
WARNING: Making ase_test_txue offline because it?s not responding
Oct 16, 2017 1:10:34 PM hudson.slaves.SlaveComputer tryReconnect
INFO: Attempting to reconnect ase_test_txue
Oct 16, 2017 1:32:34 PM hudson.slaves.SlaveComputer tryReconnect
INFO: Attempting to reconnect ase_test_txue
Oct 16, 2017 1:54:34 PM hudson.slaves.SlaveComputer tryReconnect
INFO: Attempting to reconnect ase_test_txue
Oct 16, 2017 2:09:51 PM hudson.node_monitors.ResponseTimeMonitor$1 monitor
WARNING: Making NT_MONSOON offline because it?s not responding
Oct 16, 2017 2:09:51 PM hudson.node_monitors.ResponseTimeMonitor$1 monitor
WARNING: Making ase_test_txue offline because it?s not responding
Oct 16, 2017 2:16:34 PM hudson.slaves.SlaveComputer tryReconnect
INFO: Attempting to reconnect ase_test_txue
Oct 16, 2017 2:36:34 PM hudson.slaves.SlaveComputer tryReconnect
INFO: Attempting to reconnect ase_test_txue
Oct 16, 2017 2:58:34 PM hudson.slaves.SlaveComputer tryReconnect
INFO: Attempting to reconnect ase_test_txue
Oct 16, 2017 3:09:51 PM hudson.node_monitors.ResponseTimeMonitor$1 monitor
WARNING: Making NT_MONSOON offline because it?s not responding
Oct 16, 2017 3:09:51 PM hudson.node_monitors.ResponseTimeMonitor$1 monitor
WARNING: Making ase_test_txue offline because it?s not responding
Oct 16, 2017 3:20:34 PM hudson.slaves.SlaveComputer tryReconnect
INFO: Attempting to reconnect ase_test_txue
Oct 16, 2017 3:43:34 PM hudson.slaves.SlaveComputer tryReconnect
INFO: Attempting to reconnect ase_test_txue
Oct 16, 2017 4:04:34 PM hudson.slaves.SlaveComputer tryReconnect
INFO: Attempting to reconnect ase_test_txue
Oct 16, 2017 4:08:11 PM hudson.model.AsyncPeriodicWork$1 run
INFO: Started Workspace clean-up
Oct 16, 2017 4:08:19 PM hudson.model.AsyncPeriodicWork$1 run
INFO: Finished Workspace clean-up. 7,376 ms
Oct 16, 2017 4:09:51 PM hudson.node_monitors.ResponseTimeMonitor$1 monitor
WARNING: Making NT_MONSOON offline because it?s not responding
Oct 16, 2017 4:09:51 PM hudson.node_monitors.ResponseTimeMonitor$1 monitor
WARNING: Making ase_test_txue offline because it?s not responding
Oct 16, 2017 4:25:34 PM hudson.slaves.SlaveComputer tryReconnect
INFO: Attempting to reconnect ase_test_txue
Oct 16, 2017 4:46:34 PM hudson.slaves.SlaveComputer tryReconnect
INFO: Attempting to reconnect ase_test_txue
Oct 16, 2017 5:08:34 PM hudson.slaves.SlaveComputer tryReconnect
INFO: Attempting to reconnect ase_test_txue
Oct 16, 2017 5:09:51 PM hudson.node_monitors.ResponseTimeMonitor$1 monitor
WARNING: Making NT_MONSOON offline because it?s not responding
Oct 16, 2017 5:09:51 PM hudson.node_monitors.ResponseTimeMonitor$1 monitor
WARNING: Making ase_test_txue offline because it?s not responding
Oct 16, 2017 5:30:34 PM hudson.slaves.SlaveComputer tryReconnect
INFO: Attempting to reconnect ase_test_txue
Oct 16, 2017 5:50:34 PM hudson.slaves.SlaveComputer tryReconnect
INFO: Attempting to reconnect ase_test_txue
Oct 16, 2017 6:09:51 PM hudson.node_monitors.ResponseTimeMonitor$1 monitor
WARNING: Making NT_MONSOON offline because it?s not responding
Oct 16, 2017 6:09:51 PM hudson.node_monitors.ResponseTimeMonitor$1 monitor
WARNING: Making ase_test_txue offline because it?s not responding
Oct 16, 2017 6:13:34 PM hudson.slaves.SlaveComputer tryReconnect
INFO: Attempting to reconnect ase_test_txue
Oct 16, 2017 6:35:34 PM hudson.slaves.SlaveComputer tryReconnect
INFO: Attempting to reconnect ase_test_txue
Oct 16, 2017 6:57:34 PM hudson.slaves.SlaveComputer tryReconnect
INFO: Attempting to reconnect ase_test_txue
Oct 16, 2017 7:09:51 PM hudson.node_monitors.ResponseTimeMonitor$1 monitor
WARNING: Making NT_MONSOON offline because it?s not responding
Oct 16, 2017 7:09:51 PM hudson.node_monitors.ResponseTimeMonitor$1 monitor
WARNING: Making ase_test_txue offline because it?s not responding
Oct 16, 2017 7:20:34 PM hudson.slaves.SlaveComputer tryReconnect
INFO: Attempting to reconnect ase_test_txue
Oct 16, 2017 7:43:34 PM hudson.slaves.SlaveComputer tryReconnect
INFO: Attempting to reconnect ase_test_txue
Oct 16, 2017 8:05:34 PM hudson.slaves.SlaveComputer tryReconnect
INFO: Attempting to reconnect ase_test_txue
Oct 16, 2017 8:09:51 PM hudson.node_monitors.ResponseTimeMonitor$1 monitor
WARNING: Making NT_MONSOON offline because it?s not responding
Oct 16, 2017 8:09:51 PM hudson.node_monitors.ResponseTimeMonitor$1 monitor
WARNING: Making ase_test_txue offline because it?s not responding
Oct 16, 2017 8:27:34 PM hudson.slaves.SlaveComputer tryReconnect
INFO: Attempting to reconnect ase_test_txue
Oct 16, 2017 8:50:34 PM hudson.slaves.SlaveComputer tryReconnect
INFO: Attempting to reconnect ase_test_txue
Oct 16, 2017 9:09:51 PM hudson.node_monitors.ResponseTimeMonitor$1 monitor
WARNING: Making NT_MONSOON offline because it?s not responding
Oct 16, 2017 9:09:51 PM hudson.node_monitors.ResponseTimeMonitor$1 monitor
WARNING: Making ase_test_txue offline because it?s not responding
Oct 16, 2017 9:11:34 PM hudson.slaves.SlaveComputer tryReconnect
INFO: Attempting to reconnect ase_test_txue
Oct 16, 2017 9:34:34 PM hudson.slaves.SlaveComputer tryReconnect
INFO: Attempting to reconnect ase_test_txue
Oct 16, 2017 9:56:34 PM hudson.slaves.SlaveComputer tryReconnect
INFO: Attempting to reconnect ase_test_txue
Oct 16, 2017 10:09:51 PM hudson.node_monitors.ResponseTimeMonitor$1 monitor
WARNING: Making NT_MONSOON offline because it?s not responding
Oct 16, 2017 10:09:51 PM hudson.node_monitors.ResponseTimeMonitor$1 monitor
WARNING: Making ase_test_txue offline because it?s not responding
Oct 16, 2017 10:18:34 PM hudson.slaves.SlaveComputer tryReconnect
INFO: Attempting to reconnect ase_test_txue
Oct 16, 2017 10:40:34 PM hudson.slaves.SlaveComputer tryReconnect
INFO: Attempting to reconnect ase_test_txue
Oct 16, 2017 11:02:34 PM hudson.slaves.SlaveComputer tryReconnect
INFO: Attempting to reconnect ase_test_txue
Oct 16, 2017 11:09:51 PM hudson.node_monitors.ResponseTimeMonitor$1 monitor
WARNING: Making NT_MONSOON offline because it?s not responding
Oct 16, 2017 11:09:51 PM hudson.node_monitors.ResponseTimeMonitor$1 monitor
WARNING: Making ase_test_txue offline because it?s not responding
Oct 16, 2017 11:24:34 PM hudson.slaves.SlaveComputer tryReconnect
INFO: Attempting to reconnect ase_test_txue
Oct 16, 2017 11:47:34 PM hudson.slaves.SlaveComputer tryReconnect
INFO: Attempting to reconnect ase_test_txue
