Mar 01, 2017 12:14:12 AM hudson.node_monitors.ResponseTimeMonitor$1 monitor
WARNING: Making NT_MONSOON offline because it’s not responding
Mar 01, 2017 12:14:12 AM hudson.node_monitors.ResponseTimeMonitor$1 monitor
WARNING: Making ase_test_txue offline because it’s not responding
Mar 01, 2017 12:14:12 AM hudson.node_monitors.ResponseTimeMonitor$1 monitor
WARNING: Making installer_test_linux offline because it’s not responding
Mar 01, 2017 12:14:12 AM hudson.node_monitors.ResponseTimeMonitor$1 monitor
WARNING: Making installer_test_linux1 offline because it’s not responding
Mar 01, 2017 12:14:12 AM hudson.node_monitors.ResponseTimeMonitor$1 monitor
WARNING: Making ase_test offline because it’s not responding
Mar 01, 2017 12:14:12 AM hudson.node_monitors.ResponseTimeMonitor$1 monitor
WARNING: Making installer_test_linux2 offline because it’s not responding
Mar 01, 2017 12:22:46 AM hudson.slaves.SlaveComputer tryReconnect
INFO: Attempting to reconnect ase_test
Mar 01, 2017 12:22:46 AM hudson.slaves.SlaveComputer tryReconnect
INFO: Attempting to reconnect ase_test_txue
Mar 01, 2017 12:22:46 AM hudson.slaves.SlaveComputer tryReconnect
INFO: Attempting to reconnect installer_test_linux
Mar 01, 2017 12:22:46 AM hudson.slaves.SlaveComputer tryReconnect
INFO: Attempting to reconnect installer_test_linux1
Mar 01, 2017 12:22:46 AM hudson.slaves.SlaveComputer tryReconnect
INFO: Attempting to reconnect installer_test_linux2
Mar 01, 2017 12:45:46 AM hudson.slaves.SlaveComputer tryReconnect
INFO: Attempting to reconnect ase_test
Mar 01, 2017 12:45:46 AM hudson.slaves.SlaveComputer tryReconnect
INFO: Attempting to reconnect ase_test_txue
Mar 01, 2017 12:45:46 AM hudson.slaves.SlaveComputer tryReconnect
INFO: Attempting to reconnect installer_test_linux
Mar 01, 2017 12:45:46 AM hudson.slaves.SlaveComputer tryReconnect
INFO: Attempting to reconnect installer_test_linux1
Mar 01, 2017 12:45:46 AM hudson.slaves.SlaveComputer tryReconnect
INFO: Attempting to reconnect installer_test_linux2
Mar 01, 2017 1:06:46 AM hudson.slaves.SlaveComputer tryReconnect
INFO: Attempting to reconnect ase_test
Mar 01, 2017 1:06:46 AM hudson.slaves.SlaveComputer tryReconnect
INFO: Attempting to reconnect ase_test_txue
Mar 01, 2017 1:06:46 AM hudson.slaves.SlaveComputer tryReconnect
INFO: Attempting to reconnect installer_test_linux
Mar 01, 2017 1:06:46 AM hudson.slaves.SlaveComputer tryReconnect
INFO: Attempting to reconnect installer_test_linux1
Mar 01, 2017 1:06:46 AM hudson.slaves.SlaveComputer tryReconnect
INFO: Attempting to reconnect installer_test_linux2
Mar 01, 2017 1:14:12 AM hudson.node_monitors.ResponseTimeMonitor$1 monitor
WARNING: Making NT_MONSOON offline because it’s not responding
Mar 01, 2017 1:14:12 AM hudson.node_monitors.ResponseTimeMonitor$1 monitor
WARNING: Making ase_test_txue offline because it’s not responding
Mar 01, 2017 1:14:12 AM hudson.node_monitors.ResponseTimeMonitor$1 monitor
WARNING: Making installer_test_linux offline because it’s not responding
Mar 01, 2017 1:14:12 AM hudson.node_monitors.ResponseTimeMonitor$1 monitor
WARNING: Making installer_test_linux1 offline because it’s not responding
Mar 01, 2017 1:14:12 AM hudson.node_monitors.ResponseTimeMonitor$1 monitor
WARNING: Making ase_test offline because it’s not responding
Mar 01, 2017 1:14:12 AM hudson.node_monitors.ResponseTimeMonitor$1 monitor
WARNING: Making installer_test_linux2 offline because it’s not responding
Mar 01, 2017 1:27:46 AM hudson.slaves.SlaveComputer tryReconnect
INFO: Attempting to reconnect ase_test
Mar 01, 2017 1:27:46 AM hudson.slaves.SlaveComputer tryReconnect
INFO: Attempting to reconnect ase_test_txue
Mar 01, 2017 1:27:46 AM hudson.slaves.SlaveComputer tryReconnect
INFO: Attempting to reconnect installer_test_linux
Mar 01, 2017 1:27:46 AM hudson.slaves.SlaveComputer tryReconnect
INFO: Attempting to reconnect installer_test_linux1
Mar 01, 2017 1:27:46 AM hudson.slaves.SlaveComputer tryReconnect
INFO: Attempting to reconnect installer_test_linux2
Mar 01, 2017 1:47:46 AM hudson.slaves.SlaveComputer tryReconnect
INFO: Attempting to reconnect ase_test
Mar 01, 2017 1:47:46 AM hudson.slaves.SlaveComputer tryReconnect
INFO: Attempting to reconnect ase_test_txue
Mar 01, 2017 1:47:46 AM hudson.slaves.SlaveComputer tryReconnect
INFO: Attempting to reconnect installer_test_linux
Mar 01, 2017 1:47:46 AM hudson.slaves.SlaveComputer tryReconnect
INFO: Attempting to reconnect installer_test_linux1
Mar 01, 2017 1:47:46 AM hudson.slaves.SlaveComputer tryReconnect
INFO: Attempting to reconnect installer_test_linux2
Mar 01, 2017 2:08:46 AM hudson.slaves.SlaveComputer tryReconnect
INFO: Attempting to reconnect ase_test
Mar 01, 2017 2:08:46 AM hudson.slaves.SlaveComputer tryReconnect
INFO: Attempting to reconnect ase_test_txue
Mar 01, 2017 2:08:46 AM hudson.slaves.SlaveComputer tryReconnect
INFO: Attempting to reconnect installer_test_linux
Mar 01, 2017 2:08:46 AM hudson.slaves.SlaveComputer tryReconnect
INFO: Attempting to reconnect installer_test_linux1
Mar 01, 2017 2:08:46 AM hudson.slaves.SlaveComputer tryReconnect
INFO: Attempting to reconnect installer_test_linux2
Mar 01, 2017 2:14:12 AM hudson.node_monitors.ResponseTimeMonitor$1 monitor
WARNING: Making NT_MONSOON offline because it’s not responding
Mar 01, 2017 2:14:12 AM hudson.node_monitors.ResponseTimeMonitor$1 monitor
WARNING: Making ase_test_txue offline because it’s not responding
Mar 01, 2017 2:14:12 AM hudson.node_monitors.ResponseTimeMonitor$1 monitor
WARNING: Making installer_test_linux offline because it’s not responding
Mar 01, 2017 2:14:12 AM hudson.node_monitors.ResponseTimeMonitor$1 monitor
WARNING: Making installer_test_linux1 offline because it’s not responding
Mar 01, 2017 2:14:12 AM hudson.node_monitors.ResponseTimeMonitor$1 monitor
WARNING: Making ase_test offline because it’s not responding
Mar 01, 2017 2:14:12 AM hudson.node_monitors.ResponseTimeMonitor$1 monitor
WARNING: Making installer_test_linux2 offline because it’s not responding
Mar 01, 2017 2:31:46 AM hudson.slaves.SlaveComputer tryReconnect
INFO: Attempting to reconnect ase_test
Mar 01, 2017 2:31:46 AM hudson.slaves.SlaveComputer tryReconnect
INFO: Attempting to reconnect ase_test_txue
Mar 01, 2017 2:31:46 AM hudson.slaves.SlaveComputer tryReconnect
INFO: Attempting to reconnect installer_test_linux
Mar 01, 2017 2:31:46 AM hudson.slaves.SlaveComputer tryReconnect
INFO: Attempting to reconnect installer_test_linux1
Mar 01, 2017 2:31:46 AM hudson.slaves.SlaveComputer tryReconnect
INFO: Attempting to reconnect installer_test_linux2
Mar 01, 2017 2:53:46 AM hudson.slaves.SlaveComputer tryReconnect
INFO: Attempting to reconnect ase_test
Mar 01, 2017 2:53:46 AM hudson.slaves.SlaveComputer tryReconnect
INFO: Attempting to reconnect ase_test_txue
Mar 01, 2017 2:53:46 AM hudson.slaves.SlaveComputer tryReconnect
INFO: Attempting to reconnect installer_test_linux
Mar 01, 2017 2:53:46 AM hudson.slaves.SlaveComputer tryReconnect
INFO: Attempting to reconnect installer_test_linux1
Mar 01, 2017 2:53:46 AM hudson.slaves.SlaveComputer tryReconnect
INFO: Attempting to reconnect installer_test_linux2
Mar 01, 2017 3:14:12 AM hudson.node_monitors.ResponseTimeMonitor$1 monitor
WARNING: Making NT_MONSOON offline because it’s not responding
Mar 01, 2017 3:14:12 AM hudson.node_monitors.ResponseTimeMonitor$1 monitor
WARNING: Making ase_test_txue offline because it’s not responding
Mar 01, 2017 3:14:12 AM hudson.node_monitors.ResponseTimeMonitor$1 monitor
WARNING: Making installer_test_linux offline because it’s not responding
Mar 01, 2017 3:14:12 AM hudson.node_monitors.ResponseTimeMonitor$1 monitor
WARNING: Making installer_test_linux1 offline because it’s not responding
Mar 01, 2017 3:14:12 AM hudson.node_monitors.ResponseTimeMonitor$1 monitor
WARNING: Making ase_test offline because it’s not responding
Mar 01, 2017 3:14:12 AM hudson.node_monitors.ResponseTimeMonitor$1 monitor
WARNING: Making installer_test_linux2 offline because it’s not responding
Mar 01, 2017 3:15:46 AM hudson.slaves.SlaveComputer tryReconnect
INFO: Attempting to reconnect ase_test
Mar 01, 2017 3:15:46 AM hudson.slaves.SlaveComputer tryReconnect
INFO: Attempting to reconnect ase_test_txue
Mar 01, 2017 3:15:46 AM hudson.slaves.SlaveComputer tryReconnect
INFO: Attempting to reconnect installer_test_linux
Mar 01, 2017 3:15:46 AM hudson.slaves.SlaveComputer tryReconnect
INFO: Attempting to reconnect installer_test_linux1
Mar 01, 2017 3:15:46 AM hudson.slaves.SlaveComputer tryReconnect
INFO: Attempting to reconnect installer_test_linux2
Mar 01, 2017 3:38:46 AM hudson.slaves.SlaveComputer tryReconnect
INFO: Attempting to reconnect ase_test
Mar 01, 2017 3:38:46 AM hudson.slaves.SlaveComputer tryReconnect
INFO: Attempting to reconnect ase_test_txue
Mar 01, 2017 3:38:46 AM hudson.slaves.SlaveComputer tryReconnect
INFO: Attempting to reconnect installer_test_linux
Mar 01, 2017 3:38:46 AM hudson.slaves.SlaveComputer tryReconnect
INFO: Attempting to reconnect installer_test_linux1
Mar 01, 2017 3:38:46 AM hudson.slaves.SlaveComputer tryReconnect
INFO: Attempting to reconnect installer_test_linux2
Mar 01, 2017 3:57:01 AM hudson.model.AsyncPeriodicWork$1 run
INFO: Started Fingerprint cleanup
Mar 01, 2017 3:57:01 AM hudson.model.AsyncPeriodicWork$1 run
INFO: Finished Fingerprint cleanup. 0 ms
Mar 01, 2017 3:59:46 AM hudson.slaves.SlaveComputer tryReconnect
INFO: Attempting to reconnect ase_test
Mar 01, 2017 3:59:46 AM hudson.slaves.SlaveComputer tryReconnect
INFO: Attempting to reconnect ase_test_txue
Mar 01, 2017 3:59:46 AM hudson.slaves.SlaveComputer tryReconnect
INFO: Attempting to reconnect installer_test_linux
Mar 01, 2017 3:59:46 AM hudson.slaves.SlaveComputer tryReconnect
INFO: Attempting to reconnect installer_test_linux1
Mar 01, 2017 3:59:46 AM hudson.slaves.SlaveComputer tryReconnect
INFO: Attempting to reconnect installer_test_linux2
Mar 01, 2017 4:14:12 AM hudson.node_monitors.ResponseTimeMonitor$1 monitor
WARNING: Making NT_MONSOON offline because it’s not responding
Mar 01, 2017 4:14:12 AM hudson.node_monitors.ResponseTimeMonitor$1 monitor
WARNING: Making ase_test_txue offline because it’s not responding
Mar 01, 2017 4:14:12 AM hudson.node_monitors.ResponseTimeMonitor$1 monitor
WARNING: Making installer_test_linux offline because it’s not responding
Mar 01, 2017 4:14:12 AM hudson.node_monitors.ResponseTimeMonitor$1 monitor
WARNING: Making installer_test_linux1 offline because it’s not responding
Mar 01, 2017 4:14:12 AM hudson.node_monitors.ResponseTimeMonitor$1 monitor
WARNING: Making ase_test offline because it’s not responding
Mar 01, 2017 4:14:12 AM hudson.node_monitors.ResponseTimeMonitor$1 monitor
WARNING: Making installer_test_linux2 offline because it’s not responding
Mar 01, 2017 4:22:46 AM hudson.slaves.SlaveComputer tryReconnect
INFO: Attempting to reconnect ase_test
Mar 01, 2017 4:22:46 AM hudson.slaves.SlaveComputer tryReconnect
INFO: Attempting to reconnect ase_test_txue
Mar 01, 2017 4:22:46 AM hudson.slaves.SlaveComputer tryReconnect
INFO: Attempting to reconnect installer_test_linux
Mar 01, 2017 4:22:46 AM hudson.slaves.SlaveComputer tryReconnect
INFO: Attempting to reconnect installer_test_linux1
Mar 01, 2017 4:22:46 AM hudson.slaves.SlaveComputer tryReconnect
INFO: Attempting to reconnect installer_test_linux2
Mar 01, 2017 4:44:46 AM hudson.slaves.SlaveComputer tryReconnect
INFO: Attempting to reconnect ase_test
Mar 01, 2017 4:44:46 AM hudson.slaves.SlaveComputer tryReconnect
INFO: Attempting to reconnect ase_test_txue
Mar 01, 2017 4:44:46 AM hudson.slaves.SlaveComputer tryReconnect
INFO: Attempting to reconnect installer_test_linux
Mar 01, 2017 4:44:46 AM hudson.slaves.SlaveComputer tryReconnect
INFO: Attempting to reconnect installer_test_linux1
Mar 01, 2017 4:44:46 AM hudson.slaves.SlaveComputer tryReconnect
INFO: Attempting to reconnect installer_test_linux2
Mar 01, 2017 5:06:46 AM hudson.slaves.SlaveComputer tryReconnect
INFO: Attempting to reconnect ase_test
Mar 01, 2017 5:06:46 AM hudson.slaves.SlaveComputer tryReconnect
INFO: Attempting to reconnect ase_test_txue
Mar 01, 2017 5:06:46 AM hudson.slaves.SlaveComputer tryReconnect
INFO: Attempting to reconnect installer_test_linux
Mar 01, 2017 5:06:46 AM hudson.slaves.SlaveComputer tryReconnect
INFO: Attempting to reconnect installer_test_linux1
Mar 01, 2017 5:06:46 AM hudson.slaves.SlaveComputer tryReconnect
INFO: Attempting to reconnect installer_test_linux2
Mar 01, 2017 5:14:12 AM hudson.node_monitors.ResponseTimeMonitor$1 monitor
WARNING: Making NT_MONSOON offline because it’s not responding
Mar 01, 2017 5:14:12 AM hudson.node_monitors.ResponseTimeMonitor$1 monitor
WARNING: Making ase_test_txue offline because it’s not responding
Mar 01, 2017 5:14:12 AM hudson.node_monitors.ResponseTimeMonitor$1 monitor
WARNING: Making installer_test_linux offline because it’s not responding
Mar 01, 2017 5:14:12 AM hudson.node_monitors.ResponseTimeMonitor$1 monitor
WARNING: Making installer_test_linux1 offline because it’s not responding
Mar 01, 2017 5:14:12 AM hudson.node_monitors.ResponseTimeMonitor$1 monitor
WARNING: Making ase_test offline because it’s not responding
Mar 01, 2017 5:14:12 AM hudson.node_monitors.ResponseTimeMonitor$1 monitor
WARNING: Making installer_test_linux2 offline because it’s not responding
Mar 01, 2017 5:28:46 AM hudson.slaves.SlaveComputer tryReconnect
INFO: Attempting to reconnect ase_test
Mar 01, 2017 5:28:46 AM hudson.slaves.SlaveComputer tryReconnect
INFO: Attempting to reconnect ase_test_txue
Mar 01, 2017 5:28:46 AM hudson.slaves.SlaveComputer tryReconnect
INFO: Attempting to reconnect installer_test_linux
Mar 01, 2017 5:28:46 AM hudson.slaves.SlaveComputer tryReconnect
INFO: Attempting to reconnect installer_test_linux1
Mar 01, 2017 5:28:46 AM hudson.slaves.SlaveComputer tryReconnect
INFO: Attempting to reconnect installer_test_linux2
Mar 01, 2017 5:50:46 AM hudson.slaves.SlaveComputer tryReconnect
INFO: Attempting to reconnect ase_test
Mar 01, 2017 5:50:46 AM hudson.slaves.SlaveComputer tryReconnect
INFO: Attempting to reconnect ase_test_txue
Mar 01, 2017 5:50:46 AM hudson.slaves.SlaveComputer tryReconnect
INFO: Attempting to reconnect installer_test_linux
Mar 01, 2017 5:50:46 AM hudson.slaves.SlaveComputer tryReconnect
INFO: Attempting to reconnect installer_test_linux1
Mar 01, 2017 5:50:46 AM hudson.slaves.SlaveComputer tryReconnect
INFO: Attempting to reconnect installer_test_linux2
Mar 01, 2017 6:13:46 AM hudson.slaves.SlaveComputer tryReconnect
INFO: Attempting to reconnect ase_test
Mar 01, 2017 6:13:46 AM hudson.slaves.SlaveComputer tryReconnect
INFO: Attempting to reconnect ase_test_txue
Mar 01, 2017 6:13:46 AM hudson.slaves.SlaveComputer tryReconnect
INFO: Attempting to reconnect installer_test_linux
Mar 01, 2017 6:13:46 AM hudson.slaves.SlaveComputer tryReconnect
INFO: Attempting to reconnect installer_test_linux1
Mar 01, 2017 6:13:46 AM hudson.slaves.SlaveComputer tryReconnect
INFO: Attempting to reconnect installer_test_linux2
Mar 01, 2017 6:14:12 AM hudson.node_monitors.ResponseTimeMonitor$1 monitor
WARNING: Making NT_MONSOON offline because it’s not responding
Mar 01, 2017 6:14:12 AM hudson.node_monitors.ResponseTimeMonitor$1 monitor
WARNING: Making ase_test_txue offline because it’s not responding
Mar 01, 2017 6:14:12 AM hudson.node_monitors.ResponseTimeMonitor$1 monitor
WARNING: Making installer_test_linux offline because it’s not responding
Mar 01, 2017 6:14:12 AM hudson.node_monitors.ResponseTimeMonitor$1 monitor
WARNING: Making installer_test_linux1 offline because it’s not responding
Mar 01, 2017 6:14:12 AM hudson.node_monitors.ResponseTimeMonitor$1 monitor
WARNING: Making ase_test offline because it’s not responding
Mar 01, 2017 6:14:12 AM hudson.node_monitors.ResponseTimeMonitor$1 monitor
WARNING: Making installer_test_linux2 offline because it’s not responding
Mar 01, 2017 6:36:46 AM hudson.slaves.SlaveComputer tryReconnect
INFO: Attempting to reconnect ase_test
Mar 01, 2017 6:36:46 AM hudson.slaves.SlaveComputer tryReconnect
INFO: Attempting to reconnect ase_test_txue
Mar 01, 2017 6:36:46 AM hudson.slaves.SlaveComputer tryReconnect
INFO: Attempting to reconnect installer_test_linux
Mar 01, 2017 6:36:46 AM hudson.slaves.SlaveComputer tryReconnect
INFO: Attempting to reconnect installer_test_linux1
Mar 01, 2017 6:36:46 AM hudson.slaves.SlaveComputer tryReconnect
INFO: Attempting to reconnect installer_test_linux2
Mar 01, 2017 6:59:46 AM hudson.slaves.SlaveComputer tryReconnect
INFO: Attempting to reconnect ase_test
Mar 01, 2017 6:59:46 AM hudson.slaves.SlaveComputer tryReconnect
INFO: Attempting to reconnect ase_test_txue
Mar 01, 2017 6:59:46 AM hudson.slaves.SlaveComputer tryReconnect
INFO: Attempting to reconnect installer_test_linux
Mar 01, 2017 6:59:46 AM hudson.slaves.SlaveComputer tryReconnect
INFO: Attempting to reconnect installer_test_linux1
Mar 01, 2017 6:59:46 AM hudson.slaves.SlaveComputer tryReconnect
INFO: Attempting to reconnect installer_test_linux2
Mar 01, 2017 7:14:12 AM hudson.node_monitors.ResponseTimeMonitor$1 monitor
WARNING: Making NT_MONSOON offline because it’s not responding
Mar 01, 2017 7:14:12 AM hudson.node_monitors.ResponseTimeMonitor$1 monitor
WARNING: Making ase_test_txue offline because it’s not responding
Mar 01, 2017 7:14:12 AM hudson.node_monitors.ResponseTimeMonitor$1 monitor
WARNING: Making installer_test_linux offline because it’s not responding
Mar 01, 2017 7:14:12 AM hudson.node_monitors.ResponseTimeMonitor$1 monitor
WARNING: Making installer_test_linux1 offline because it’s not responding
Mar 01, 2017 7:14:12 AM hudson.node_monitors.ResponseTimeMonitor$1 monitor
WARNING: Making ase_test offline because it’s not responding
Mar 01, 2017 7:14:12 AM hudson.node_monitors.ResponseTimeMonitor$1 monitor
WARNING: Making installer_test_linux2 offline because it’s not responding
Mar 01, 2017 7:22:46 AM hudson.slaves.SlaveComputer tryReconnect
INFO: Attempting to reconnect ase_test
Mar 01, 2017 7:22:46 AM hudson.slaves.SlaveComputer tryReconnect
INFO: Attempting to reconnect ase_test_txue
Mar 01, 2017 7:22:46 AM hudson.slaves.SlaveComputer tryReconnect
INFO: Attempting to reconnect installer_test_linux
Mar 01, 2017 7:22:46 AM hudson.slaves.SlaveComputer tryReconnect
INFO: Attempting to reconnect installer_test_linux1
Mar 01, 2017 7:22:46 AM hudson.slaves.SlaveComputer tryReconnect
INFO: Attempting to reconnect installer_test_linux2
Mar 01, 2017 7:44:46 AM hudson.slaves.SlaveComputer tryReconnect
INFO: Attempting to reconnect ase_test
Mar 01, 2017 7:44:46 AM hudson.slaves.SlaveComputer tryReconnect
INFO: Attempting to reconnect ase_test_txue
Mar 01, 2017 7:44:46 AM hudson.slaves.SlaveComputer tryReconnect
INFO: Attempting to reconnect installer_test_linux
Mar 01, 2017 7:44:46 AM hudson.slaves.SlaveComputer tryReconnect
INFO: Attempting to reconnect installer_test_linux1
Mar 01, 2017 7:44:46 AM hudson.slaves.SlaveComputer tryReconnect
INFO: Attempting to reconnect installer_test_linux2
Mar 01, 2017 8:07:46 AM hudson.slaves.SlaveComputer tryReconnect
INFO: Attempting to reconnect ase_test
Mar 01, 2017 8:07:46 AM hudson.slaves.SlaveComputer tryReconnect
INFO: Attempting to reconnect ase_test_txue
Mar 01, 2017 8:07:46 AM hudson.slaves.SlaveComputer tryReconnect
INFO: Attempting to reconnect installer_test_linux
Mar 01, 2017 8:07:46 AM hudson.slaves.SlaveComputer tryReconnect
INFO: Attempting to reconnect installer_test_linux1
Mar 01, 2017 8:07:46 AM hudson.slaves.SlaveComputer tryReconnect
INFO: Attempting to reconnect installer_test_linux2
Mar 01, 2017 8:14:12 AM hudson.node_monitors.ResponseTimeMonitor$1 monitor
WARNING: Making NT_MONSOON offline because it’s not responding
Mar 01, 2017 8:14:12 AM hudson.node_monitors.ResponseTimeMonitor$1 monitor
WARNING: Making ase_test_txue offline because it’s not responding
Mar 01, 2017 8:14:12 AM hudson.node_monitors.ResponseTimeMonitor$1 monitor
WARNING: Making installer_test_linux offline because it’s not responding
Mar 01, 2017 8:14:12 AM hudson.node_monitors.ResponseTimeMonitor$1 monitor
WARNING: Making installer_test_linux1 offline because it’s not responding
Mar 01, 2017 8:14:12 AM hudson.node_monitors.ResponseTimeMonitor$1 monitor
WARNING: Making ase_test offline because it’s not responding
Mar 01, 2017 8:14:12 AM hudson.node_monitors.ResponseTimeMonitor$1 monitor
WARNING: Making installer_test_linux2 offline because it’s not responding
Mar 01, 2017 8:20:40 AM hudson.model.Run execute
INFO: SRS_RMA_BUILD_TRIGGER_BY_RMADEV_SP306 #130 main build action completed: FAILURE
Mar 01, 2017 8:28:50 AM hudson.model.Run execute
INFO: SRS_RMA_BUILD_TRIGGER_BY_RMADEV_SP305 #213 main build action completed: SUCCESS
Mar 01, 2017 8:29:46 AM hudson.slaves.SlaveComputer tryReconnect
INFO: Attempting to reconnect ase_test
Mar 01, 2017 8:29:46 AM hudson.slaves.SlaveComputer tryReconnect
INFO: Attempting to reconnect ase_test_txue
Mar 01, 2017 8:29:46 AM hudson.slaves.SlaveComputer tryReconnect
INFO: Attempting to reconnect installer_test_linux
Mar 01, 2017 8:29:46 AM hudson.slaves.SlaveComputer tryReconnect
INFO: Attempting to reconnect installer_test_linux1
Mar 01, 2017 8:29:46 AM hudson.slaves.SlaveComputer tryReconnect
INFO: Attempting to reconnect installer_test_linux2
Mar 01, 2017 8:52:46 AM hudson.slaves.SlaveComputer tryReconnect
INFO: Attempting to reconnect ase_test
Mar 01, 2017 8:52:46 AM hudson.slaves.SlaveComputer tryReconnect
INFO: Attempting to reconnect ase_test_txue
Mar 01, 2017 8:52:46 AM hudson.slaves.SlaveComputer tryReconnect
INFO: Attempting to reconnect installer_test_linux
Mar 01, 2017 8:52:46 AM hudson.slaves.SlaveComputer tryReconnect
INFO: Attempting to reconnect installer_test_linux1
Mar 01, 2017 8:52:46 AM hudson.slaves.SlaveComputer tryReconnect
INFO: Attempting to reconnect installer_test_linux2
Mar 01, 2017 9:13:46 AM hudson.slaves.SlaveComputer tryReconnect
INFO: Attempting to reconnect ase_test
Mar 01, 2017 9:13:46 AM hudson.slaves.SlaveComputer tryReconnect
INFO: Attempting to reconnect ase_test_txue
Mar 01, 2017 9:13:46 AM hudson.slaves.SlaveComputer tryReconnect
INFO: Attempting to reconnect installer_test_linux
Mar 01, 2017 9:13:46 AM hudson.slaves.SlaveComputer tryReconnect
INFO: Attempting to reconnect installer_test_linux1
Mar 01, 2017 9:13:46 AM hudson.slaves.SlaveComputer tryReconnect
INFO: Attempting to reconnect installer_test_linux2
Mar 01, 2017 9:14:12 AM hudson.node_monitors.ResponseTimeMonitor$1 monitor
WARNING: Making NT_MONSOON offline because it’s not responding
Mar 01, 2017 9:14:12 AM hudson.node_monitors.ResponseTimeMonitor$1 monitor
WARNING: Making ase_test_txue offline because it’s not responding
Mar 01, 2017 9:14:12 AM hudson.node_monitors.ResponseTimeMonitor$1 monitor
WARNING: Making installer_test_linux offline because it’s not responding
Mar 01, 2017 9:14:12 AM hudson.node_monitors.ResponseTimeMonitor$1 monitor
WARNING: Making installer_test_linux1 offline because it’s not responding
Mar 01, 2017 9:14:12 AM hudson.node_monitors.ResponseTimeMonitor$1 monitor
WARNING: Making ase_test offline because it’s not responding
Mar 01, 2017 9:14:12 AM hudson.node_monitors.ResponseTimeMonitor$1 monitor
WARNING: Making installer_test_linux2 offline because it’s not responding
Mar 01, 2017 9:35:46 AM hudson.slaves.SlaveComputer tryReconnect
INFO: Attempting to reconnect ase_test
Mar 01, 2017 9:35:46 AM hudson.slaves.SlaveComputer tryReconnect
INFO: Attempting to reconnect ase_test_txue
Mar 01, 2017 9:35:46 AM hudson.slaves.SlaveComputer tryReconnect
INFO: Attempting to reconnect installer_test_linux
Mar 01, 2017 9:35:46 AM hudson.slaves.SlaveComputer tryReconnect
INFO: Attempting to reconnect installer_test_linux1
Mar 01, 2017 9:35:46 AM hudson.slaves.SlaveComputer tryReconnect
INFO: Attempting to reconnect installer_test_linux2
Mar 01, 2017 9:57:46 AM hudson.slaves.SlaveComputer tryReconnect
INFO: Attempting to reconnect ase_test
Mar 01, 2017 9:57:46 AM hudson.slaves.SlaveComputer tryReconnect
INFO: Attempting to reconnect ase_test_txue
Mar 01, 2017 9:57:46 AM hudson.slaves.SlaveComputer tryReconnect
INFO: Attempting to reconnect installer_test_linux
Mar 01, 2017 9:57:46 AM hudson.slaves.SlaveComputer tryReconnect
INFO: Attempting to reconnect installer_test_linux1
Mar 01, 2017 9:57:46 AM hudson.slaves.SlaveComputer tryReconnect
INFO: Attempting to reconnect installer_test_linux2
Mar 01, 2017 10:14:12 AM hudson.node_monitors.ResponseTimeMonitor$1 monitor
WARNING: Making NT_MONSOON offline because it’s not responding
Mar 01, 2017 10:14:12 AM hudson.node_monitors.ResponseTimeMonitor$1 monitor
WARNING: Making ase_test_txue offline because it’s not responding
Mar 01, 2017 10:14:12 AM hudson.node_monitors.ResponseTimeMonitor$1 monitor
WARNING: Making installer_test_linux offline because it’s not responding
Mar 01, 2017 10:14:12 AM hudson.node_monitors.ResponseTimeMonitor$1 monitor
WARNING: Making installer_test_linux1 offline because it’s not responding
Mar 01, 2017 10:14:12 AM hudson.node_monitors.ResponseTimeMonitor$1 monitor
WARNING: Making ase_test offline because it’s not responding
Mar 01, 2017 10:14:12 AM hudson.node_monitors.ResponseTimeMonitor$1 monitor
WARNING: Making installer_test_linux2 offline because it’s not responding
Mar 01, 2017 10:19:46 AM hudson.slaves.SlaveComputer tryReconnect
INFO: Attempting to reconnect ase_test
Mar 01, 2017 10:19:46 AM hudson.slaves.SlaveComputer tryReconnect
INFO: Attempting to reconnect ase_test_txue
Mar 01, 2017 10:19:46 AM hudson.slaves.SlaveComputer tryReconnect
INFO: Attempting to reconnect installer_test_linux
Mar 01, 2017 10:19:46 AM hudson.slaves.SlaveComputer tryReconnect
INFO: Attempting to reconnect installer_test_linux1
Mar 01, 2017 10:19:46 AM hudson.slaves.SlaveComputer tryReconnect
INFO: Attempting to reconnect installer_test_linux2
Mar 01, 2017 10:42:46 AM hudson.slaves.SlaveComputer tryReconnect
INFO: Attempting to reconnect ase_test
Mar 01, 2017 10:42:46 AM hudson.slaves.SlaveComputer tryReconnect
INFO: Attempting to reconnect ase_test_txue
Mar 01, 2017 10:42:46 AM hudson.slaves.SlaveComputer tryReconnect
INFO: Attempting to reconnect installer_test_linux
Mar 01, 2017 10:42:46 AM hudson.slaves.SlaveComputer tryReconnect
INFO: Attempting to reconnect installer_test_linux1
Mar 01, 2017 10:42:46 AM hudson.slaves.SlaveComputer tryReconnect
INFO: Attempting to reconnect installer_test_linux2
Mar 01, 2017 11:04:46 AM hudson.slaves.SlaveComputer tryReconnect
INFO: Attempting to reconnect ase_test
Mar 01, 2017 11:04:46 AM hudson.slaves.SlaveComputer tryReconnect
INFO: Attempting to reconnect ase_test_txue
Mar 01, 2017 11:04:46 AM hudson.slaves.SlaveComputer tryReconnect
INFO: Attempting to reconnect installer_test_linux
Mar 01, 2017 11:04:46 AM hudson.slaves.SlaveComputer tryReconnect
INFO: Attempting to reconnect installer_test_linux1
Mar 01, 2017 11:04:46 AM hudson.slaves.SlaveComputer tryReconnect
INFO: Attempting to reconnect installer_test_linux2
Mar 01, 2017 11:14:12 AM hudson.node_monitors.ResponseTimeMonitor$1 monitor
WARNING: Making NT_MONSOON offline because it’s not responding
Mar 01, 2017 11:14:12 AM hudson.node_monitors.ResponseTimeMonitor$1 monitor
WARNING: Making ase_test_txue offline because it’s not responding
Mar 01, 2017 11:14:12 AM hudson.node_monitors.ResponseTimeMonitor$1 monitor
WARNING: Making installer_test_linux offline because it’s not responding
Mar 01, 2017 11:14:12 AM hudson.node_monitors.ResponseTimeMonitor$1 monitor
WARNING: Making installer_test_linux1 offline because it’s not responding
Mar 01, 2017 11:14:12 AM hudson.node_monitors.ResponseTimeMonitor$1 monitor
WARNING: Making ase_test offline because it’s not responding
Mar 01, 2017 11:14:12 AM hudson.node_monitors.ResponseTimeMonitor$1 monitor
WARNING: Making installer_test_linux2 offline because it’s not responding
Mar 01, 2017 11:28:46 AM hudson.slaves.SlaveComputer tryReconnect
INFO: Attempting to reconnect ase_test
Mar 01, 2017 11:28:46 AM hudson.slaves.SlaveComputer tryReconnect
INFO: Attempting to reconnect ase_test_txue
Mar 01, 2017 11:28:46 AM hudson.slaves.SlaveComputer tryReconnect
INFO: Attempting to reconnect installer_test_linux
Mar 01, 2017 11:28:46 AM hudson.slaves.SlaveComputer tryReconnect
INFO: Attempting to reconnect installer_test_linux1
Mar 01, 2017 11:28:46 AM hudson.slaves.SlaveComputer tryReconnect
INFO: Attempting to reconnect installer_test_linux2
Mar 01, 2017 11:51:46 AM hudson.slaves.SlaveComputer tryReconnect
INFO: Attempting to reconnect ase_test
Mar 01, 2017 11:51:46 AM hudson.slaves.SlaveComputer tryReconnect
INFO: Attempting to reconnect ase_test_txue
Mar 01, 2017 11:51:46 AM hudson.slaves.SlaveComputer tryReconnect
INFO: Attempting to reconnect installer_test_linux
Mar 01, 2017 11:51:46 AM hudson.slaves.SlaveComputer tryReconnect
INFO: Attempting to reconnect installer_test_linux1
Mar 01, 2017 11:51:46 AM hudson.slaves.SlaveComputer tryReconnect
INFO: Attempting to reconnect installer_test_linux2
Mar 01, 2017 12:12:46 PM hudson.slaves.SlaveComputer tryReconnect
INFO: Attempting to reconnect ase_test
Mar 01, 2017 12:12:46 PM hudson.slaves.SlaveComputer tryReconnect
INFO: Attempting to reconnect ase_test_txue
Mar 01, 2017 12:12:46 PM hudson.slaves.SlaveComputer tryReconnect
INFO: Attempting to reconnect installer_test_linux
Mar 01, 2017 12:12:46 PM hudson.slaves.SlaveComputer tryReconnect
INFO: Attempting to reconnect installer_test_linux1
Mar 01, 2017 12:12:46 PM hudson.slaves.SlaveComputer tryReconnect
INFO: Attempting to reconnect installer_test_linux2
Mar 01, 2017 12:14:12 PM hudson.node_monitors.ResponseTimeMonitor$1 monitor
WARNING: Making NT_MONSOON offline because it’s not responding
Mar 01, 2017 12:14:12 PM hudson.node_monitors.ResponseTimeMonitor$1 monitor
WARNING: Making ase_test_txue offline because it’s not responding
Mar 01, 2017 12:14:12 PM hudson.node_monitors.ResponseTimeMonitor$1 monitor
WARNING: Making installer_test_linux offline because it’s not responding
Mar 01, 2017 12:14:12 PM hudson.node_monitors.ResponseTimeMonitor$1 monitor
WARNING: Making installer_test_linux1 offline because it’s not responding
Mar 01, 2017 12:14:12 PM hudson.node_monitors.ResponseTimeMonitor$1 monitor
WARNING: Making ase_test offline because it’s not responding
Mar 01, 2017 12:14:12 PM hudson.node_monitors.ResponseTimeMonitor$1 monitor
WARNING: Making installer_test_linux2 offline because it’s not responding
Mar 01, 2017 12:34:46 PM hudson.slaves.SlaveComputer tryReconnect
INFO: Attempting to reconnect ase_test
Mar 01, 2017 12:34:46 PM hudson.slaves.SlaveComputer tryReconnect
INFO: Attempting to reconnect ase_test_txue
Mar 01, 2017 12:34:46 PM hudson.slaves.SlaveComputer tryReconnect
INFO: Attempting to reconnect installer_test_linux
Mar 01, 2017 12:34:46 PM hudson.slaves.SlaveComputer tryReconnect
INFO: Attempting to reconnect installer_test_linux1
Mar 01, 2017 12:34:46 PM hudson.slaves.SlaveComputer tryReconnect
INFO: Attempting to reconnect installer_test_linux2
Mar 01, 2017 12:57:46 PM hudson.slaves.SlaveComputer tryReconnect
INFO: Attempting to reconnect ase_test
Mar 01, 2017 12:57:46 PM hudson.slaves.SlaveComputer tryReconnect
INFO: Attempting to reconnect ase_test_txue
Mar 01, 2017 12:57:46 PM hudson.slaves.SlaveComputer tryReconnect
INFO: Attempting to reconnect installer_test_linux
Mar 01, 2017 12:57:46 PM hudson.slaves.SlaveComputer tryReconnect
INFO: Attempting to reconnect installer_test_linux1
Mar 01, 2017 12:57:46 PM hudson.slaves.SlaveComputer tryReconnect
INFO: Attempting to reconnect installer_test_linux2
Mar 01, 2017 1:14:12 PM hudson.node_monitors.ResponseTimeMonitor$1 monitor
WARNING: Making NT_MONSOON offline because it’s not responding
Mar 01, 2017 1:14:12 PM hudson.node_monitors.ResponseTimeMonitor$1 monitor
WARNING: Making ase_test_txue offline because it’s not responding
Mar 01, 2017 1:14:12 PM hudson.node_monitors.ResponseTimeMonitor$1 monitor
WARNING: Making installer_test_linux offline because it’s not responding
Mar 01, 2017 1:14:12 PM hudson.node_monitors.ResponseTimeMonitor$1 monitor
WARNING: Making installer_test_linux1 offline because it’s not responding
Mar 01, 2017 1:14:12 PM hudson.node_monitors.ResponseTimeMonitor$1 monitor
WARNING: Making ase_test offline because it’s not responding
Mar 01, 2017 1:14:12 PM hudson.node_monitors.ResponseTimeMonitor$1 monitor
WARNING: Making installer_test_linux2 offline because it’s not responding
Mar 01, 2017 1:18:46 PM hudson.slaves.SlaveComputer tryReconnect
INFO: Attempting to reconnect ase_test
Mar 01, 2017 1:18:46 PM hudson.slaves.SlaveComputer tryReconnect
INFO: Attempting to reconnect ase_test_txue
Mar 01, 2017 1:18:46 PM hudson.slaves.SlaveComputer tryReconnect
INFO: Attempting to reconnect installer_test_linux
Mar 01, 2017 1:18:46 PM hudson.slaves.SlaveComputer tryReconnect
INFO: Attempting to reconnect installer_test_linux1
Mar 01, 2017 1:18:46 PM hudson.slaves.SlaveComputer tryReconnect
INFO: Attempting to reconnect installer_test_linux2
Mar 01, 2017 1:24:51 PM hudson.model.AsyncPeriodicWork$1 run
INFO: Started Download metadata
Mar 01, 2017 1:25:02 PM hudson.model.UpdateSite updateData
INFO: Obtained the latest update center data file for UpdateSource default
Mar 01, 2017 1:25:04 PM hudson.model.AsyncPeriodicWork$1 run
INFO: Finished Download metadata. 12,991 ms
Mar 01, 2017 1:41:46 PM hudson.slaves.SlaveComputer tryReconnect
INFO: Attempting to reconnect ase_test
Mar 01, 2017 1:41:46 PM hudson.slaves.SlaveComputer tryReconnect
INFO: Attempting to reconnect ase_test_txue
Mar 01, 2017 1:41:46 PM hudson.slaves.SlaveComputer tryReconnect
INFO: Attempting to reconnect installer_test_linux
Mar 01, 2017 1:41:46 PM hudson.slaves.SlaveComputer tryReconnect
INFO: Attempting to reconnect installer_test_linux1
Mar 01, 2017 1:41:46 PM hudson.slaves.SlaveComputer tryReconnect
INFO: Attempting to reconnect installer_test_linux2
Mar 01, 2017 2:03:46 PM hudson.slaves.SlaveComputer tryReconnect
INFO: Attempting to reconnect ase_test
Mar 01, 2017 2:03:46 PM hudson.slaves.SlaveComputer tryReconnect
INFO: Attempting to reconnect ase_test_txue
Mar 01, 2017 2:03:46 PM hudson.slaves.SlaveComputer tryReconnect
INFO: Attempting to reconnect installer_test_linux
Mar 01, 2017 2:03:46 PM hudson.slaves.SlaveComputer tryReconnect
INFO: Attempting to reconnect installer_test_linux1
Mar 01, 2017 2:03:46 PM hudson.slaves.SlaveComputer tryReconnect
INFO: Attempting to reconnect installer_test_linux2
Mar 01, 2017 2:14:12 PM hudson.node_monitors.ResponseTimeMonitor$1 monitor
WARNING: Making NT_MONSOON offline because it’s not responding
Mar 01, 2017 2:14:12 PM hudson.node_monitors.ResponseTimeMonitor$1 monitor
WARNING: Making ase_test_txue offline because it’s not responding
Mar 01, 2017 2:14:12 PM hudson.node_monitors.ResponseTimeMonitor$1 monitor
WARNING: Making installer_test_linux offline because it’s not responding
Mar 01, 2017 2:14:12 PM hudson.node_monitors.ResponseTimeMonitor$1 monitor
WARNING: Making installer_test_linux1 offline because it’s not responding
Mar 01, 2017 2:14:12 PM hudson.node_monitors.ResponseTimeMonitor$1 monitor
WARNING: Making ase_test offline because it’s not responding
Mar 01, 2017 2:14:12 PM hudson.node_monitors.ResponseTimeMonitor$1 monitor
WARNING: Making installer_test_linux2 offline because it’s not responding
Mar 01, 2017 2:26:46 PM hudson.slaves.SlaveComputer tryReconnect
INFO: Attempting to reconnect ase_test
Mar 01, 2017 2:26:46 PM hudson.slaves.SlaveComputer tryReconnect
INFO: Attempting to reconnect ase_test_txue
Mar 01, 2017 2:26:46 PM hudson.slaves.SlaveComputer tryReconnect
INFO: Attempting to reconnect installer_test_linux
Mar 01, 2017 2:26:46 PM hudson.slaves.SlaveComputer tryReconnect
INFO: Attempting to reconnect installer_test_linux1
Mar 01, 2017 2:26:46 PM hudson.slaves.SlaveComputer tryReconnect
INFO: Attempting to reconnect installer_test_linux2
Mar 01, 2017 2:49:46 PM hudson.slaves.SlaveComputer tryReconnect
INFO: Attempting to reconnect ase_test
Mar 01, 2017 2:49:46 PM hudson.slaves.SlaveComputer tryReconnect
INFO: Attempting to reconnect ase_test_txue
Mar 01, 2017 2:49:46 PM hudson.slaves.SlaveComputer tryReconnect
INFO: Attempting to reconnect installer_test_linux
Mar 01, 2017 2:49:46 PM hudson.slaves.SlaveComputer tryReconnect
INFO: Attempting to reconnect installer_test_linux1
Mar 01, 2017 2:49:46 PM hudson.slaves.SlaveComputer tryReconnect
INFO: Attempting to reconnect installer_test_linux2
Mar 01, 2017 3:12:46 PM hudson.slaves.SlaveComputer tryReconnect
INFO: Attempting to reconnect ase_test
Mar 01, 2017 3:12:46 PM hudson.slaves.SlaveComputer tryReconnect
INFO: Attempting to reconnect ase_test_txue
Mar 01, 2017 3:12:46 PM hudson.slaves.SlaveComputer tryReconnect
INFO: Attempting to reconnect installer_test_linux
Mar 01, 2017 3:12:46 PM hudson.slaves.SlaveComputer tryReconnect
INFO: Attempting to reconnect installer_test_linux1
Mar 01, 2017 3:12:46 PM hudson.slaves.SlaveComputer tryReconnect
INFO: Attempting to reconnect installer_test_linux2
Mar 01, 2017 3:14:12 PM hudson.node_monitors.ResponseTimeMonitor$1 monitor
WARNING: Making NT_MONSOON offline because it’s not responding
Mar 01, 2017 3:14:12 PM hudson.node_monitors.ResponseTimeMonitor$1 monitor
WARNING: Making ase_test_txue offline because it’s not responding
Mar 01, 2017 3:14:12 PM hudson.node_monitors.ResponseTimeMonitor$1 monitor
WARNING: Making installer_test_linux offline because it’s not responding
Mar 01, 2017 3:14:12 PM hudson.node_monitors.ResponseTimeMonitor$1 monitor
WARNING: Making installer_test_linux1 offline because it’s not responding
Mar 01, 2017 3:14:12 PM hudson.node_monitors.ResponseTimeMonitor$1 monitor
WARNING: Making ase_test offline because it’s not responding
Mar 01, 2017 3:14:12 PM hudson.node_monitors.ResponseTimeMonitor$1 monitor
WARNING: Making installer_test_linux2 offline because it’s not responding
Mar 01, 2017 3:36:46 PM hudson.slaves.SlaveComputer tryReconnect
INFO: Attempting to reconnect ase_test
Mar 01, 2017 3:36:46 PM hudson.slaves.SlaveComputer tryReconnect
INFO: Attempting to reconnect ase_test_txue
Mar 01, 2017 3:36:46 PM hudson.slaves.SlaveComputer tryReconnect
INFO: Attempting to reconnect installer_test_linux
Mar 01, 2017 3:36:46 PM hudson.slaves.SlaveComputer tryReconnect
INFO: Attempting to reconnect installer_test_linux1
Mar 01, 2017 3:36:46 PM hudson.slaves.SlaveComputer tryReconnect
INFO: Attempting to reconnect installer_test_linux2
Mar 01, 2017 3:58:46 PM hudson.slaves.SlaveComputer tryReconnect
INFO: Attempting to reconnect ase_test
Mar 01, 2017 3:58:46 PM hudson.slaves.SlaveComputer tryReconnect
INFO: Attempting to reconnect ase_test_txue
Mar 01, 2017 3:58:46 PM hudson.slaves.SlaveComputer tryReconnect
INFO: Attempting to reconnect installer_test_linux
Mar 01, 2017 3:58:46 PM hudson.slaves.SlaveComputer tryReconnect
INFO: Attempting to reconnect installer_test_linux1
Mar 01, 2017 3:58:46 PM hudson.slaves.SlaveComputer tryReconnect
INFO: Attempting to reconnect installer_test_linux2
Mar 01, 2017 4:14:12 PM hudson.node_monitors.ResponseTimeMonitor$1 monitor
WARNING: Making NT_MONSOON offline because it’s not responding
Mar 01, 2017 4:14:12 PM hudson.node_monitors.ResponseTimeMonitor$1 monitor
WARNING: Making ase_test_txue offline because it’s not responding
Mar 01, 2017 4:14:12 PM hudson.node_monitors.ResponseTimeMonitor$1 monitor
WARNING: Making installer_test_linux offline because it’s not responding
Mar 01, 2017 4:14:12 PM hudson.node_monitors.ResponseTimeMonitor$1 monitor
WARNING: Making installer_test_linux1 offline because it’s not responding
Mar 01, 2017 4:14:12 PM hudson.node_monitors.ResponseTimeMonitor$1 monitor
WARNING: Making ase_test offline because it’s not responding
Mar 01, 2017 4:14:12 PM hudson.node_monitors.ResponseTimeMonitor$1 monitor
WARNING: Making installer_test_linux2 offline because it’s not responding
Mar 01, 2017 4:18:46 PM hudson.slaves.SlaveComputer tryReconnect
INFO: Attempting to reconnect ase_test
Mar 01, 2017 4:18:46 PM hudson.slaves.SlaveComputer tryReconnect
INFO: Attempting to reconnect ase_test_txue
Mar 01, 2017 4:18:46 PM hudson.slaves.SlaveComputer tryReconnect
INFO: Attempting to reconnect installer_test_linux
Mar 01, 2017 4:18:46 PM hudson.slaves.SlaveComputer tryReconnect
INFO: Attempting to reconnect installer_test_linux1
Mar 01, 2017 4:18:46 PM hudson.slaves.SlaveComputer tryReconnect
INFO: Attempting to reconnect installer_test_linux2
Mar 01, 2017 4:40:46 PM hudson.slaves.SlaveComputer tryReconnect
INFO: Attempting to reconnect ase_test
Mar 01, 2017 4:40:46 PM hudson.slaves.SlaveComputer tryReconnect
INFO: Attempting to reconnect ase_test_txue
Mar 01, 2017 4:40:46 PM hudson.slaves.SlaveComputer tryReconnect
INFO: Attempting to reconnect installer_test_linux
Mar 01, 2017 4:40:46 PM hudson.slaves.SlaveComputer tryReconnect
INFO: Attempting to reconnect installer_test_linux1
Mar 01, 2017 4:40:46 PM hudson.slaves.SlaveComputer tryReconnect
INFO: Attempting to reconnect installer_test_linux2
Mar 01, 2017 5:00:46 PM hudson.slaves.SlaveComputer tryReconnect
INFO: Attempting to reconnect ase_test
Mar 01, 2017 5:00:46 PM hudson.slaves.SlaveComputer tryReconnect
INFO: Attempting to reconnect ase_test_txue
Mar 01, 2017 5:00:46 PM hudson.slaves.SlaveComputer tryReconnect
INFO: Attempting to reconnect installer_test_linux
Mar 01, 2017 5:00:46 PM hudson.slaves.SlaveComputer tryReconnect
INFO: Attempting to reconnect installer_test_linux1
Mar 01, 2017 5:00:46 PM hudson.slaves.SlaveComputer tryReconnect
INFO: Attempting to reconnect installer_test_linux2
Mar 01, 2017 5:14:12 PM hudson.node_monitors.ResponseTimeMonitor$1 monitor
WARNING: Making NT_MONSOON offline because it’s not responding
Mar 01, 2017 5:14:12 PM hudson.node_monitors.ResponseTimeMonitor$1 monitor
WARNING: Making ase_test_txue offline because it’s not responding
Mar 01, 2017 5:14:12 PM hudson.node_monitors.ResponseTimeMonitor$1 monitor
WARNING: Making installer_test_linux offline because it’s not responding
Mar 01, 2017 5:14:12 PM hudson.node_monitors.ResponseTimeMonitor$1 monitor
WARNING: Making installer_test_linux1 offline because it’s not responding
Mar 01, 2017 5:14:12 PM hudson.node_monitors.ResponseTimeMonitor$1 monitor
WARNING: Making ase_test offline because it’s not responding
Mar 01, 2017 5:14:12 PM hudson.node_monitors.ResponseTimeMonitor$1 monitor
WARNING: Making installer_test_linux2 offline because it’s not responding
Mar 01, 2017 5:22:46 PM hudson.slaves.SlaveComputer tryReconnect
INFO: Attempting to reconnect ase_test
Mar 01, 2017 5:22:46 PM hudson.slaves.SlaveComputer tryReconnect
INFO: Attempting to reconnect ase_test_txue
Mar 01, 2017 5:22:46 PM hudson.slaves.SlaveComputer tryReconnect
INFO: Attempting to reconnect installer_test_linux
Mar 01, 2017 5:22:46 PM hudson.slaves.SlaveComputer tryReconnect
INFO: Attempting to reconnect installer_test_linux1
Mar 01, 2017 5:22:46 PM hudson.slaves.SlaveComputer tryReconnect
INFO: Attempting to reconnect installer_test_linux2
Mar 01, 2017 5:44:46 PM hudson.slaves.SlaveComputer tryReconnect
INFO: Attempting to reconnect ase_test
Mar 01, 2017 5:44:46 PM hudson.slaves.SlaveComputer tryReconnect
INFO: Attempting to reconnect ase_test_txue
Mar 01, 2017 5:44:46 PM hudson.slaves.SlaveComputer tryReconnect
INFO: Attempting to reconnect installer_test_linux
Mar 01, 2017 5:44:46 PM hudson.slaves.SlaveComputer tryReconnect
INFO: Attempting to reconnect installer_test_linux1
Mar 01, 2017 5:44:46 PM hudson.slaves.SlaveComputer tryReconnect
INFO: Attempting to reconnect installer_test_linux2
Mar 01, 2017 6:07:46 PM hudson.slaves.SlaveComputer tryReconnect
INFO: Attempting to reconnect ase_test
Mar 01, 2017 6:07:46 PM hudson.slaves.SlaveComputer tryReconnect
INFO: Attempting to reconnect ase_test_txue
Mar 01, 2017 6:07:46 PM hudson.slaves.SlaveComputer tryReconnect
INFO: Attempting to reconnect installer_test_linux
Mar 01, 2017 6:07:46 PM hudson.slaves.SlaveComputer tryReconnect
INFO: Attempting to reconnect installer_test_linux1
Mar 01, 2017 6:07:46 PM hudson.slaves.SlaveComputer tryReconnect
INFO: Attempting to reconnect installer_test_linux2
Mar 01, 2017 6:14:12 PM hudson.node_monitors.ResponseTimeMonitor$1 monitor
WARNING: Making NT_MONSOON offline because it’s not responding
Mar 01, 2017 6:14:12 PM hudson.node_monitors.ResponseTimeMonitor$1 monitor
WARNING: Making ase_test_txue offline because it’s not responding
Mar 01, 2017 6:14:12 PM hudson.node_monitors.ResponseTimeMonitor$1 monitor
WARNING: Making installer_test_linux offline because it’s not responding
Mar 01, 2017 6:14:12 PM hudson.node_monitors.ResponseTimeMonitor$1 monitor
WARNING: Making installer_test_linux1 offline because it’s not responding
Mar 01, 2017 6:14:12 PM hudson.node_monitors.ResponseTimeMonitor$1 monitor
WARNING: Making ase_test offline because it’s not responding
Mar 01, 2017 6:14:12 PM hudson.node_monitors.ResponseTimeMonitor$1 monitor
WARNING: Making installer_test_linux2 offline because it’s not responding
Mar 01, 2017 6:29:46 PM hudson.slaves.SlaveComputer tryReconnect
INFO: Attempting to reconnect ase_test
Mar 01, 2017 6:29:46 PM hudson.slaves.SlaveComputer tryReconnect
INFO: Attempting to reconnect ase_test_txue
Mar 01, 2017 6:29:46 PM hudson.slaves.SlaveComputer tryReconnect
INFO: Attempting to reconnect installer_test_linux
Mar 01, 2017 6:29:46 PM hudson.slaves.SlaveComputer tryReconnect
INFO: Attempting to reconnect installer_test_linux1
Mar 01, 2017 6:29:46 PM hudson.slaves.SlaveComputer tryReconnect
INFO: Attempting to reconnect installer_test_linux2
Mar 01, 2017 6:51:46 PM hudson.slaves.SlaveComputer tryReconnect
INFO: Attempting to reconnect ase_test
Mar 01, 2017 6:51:46 PM hudson.slaves.SlaveComputer tryReconnect
INFO: Attempting to reconnect ase_test_txue
Mar 01, 2017 6:51:46 PM hudson.slaves.SlaveComputer tryReconnect
INFO: Attempting to reconnect installer_test_linux
Mar 01, 2017 6:51:46 PM hudson.slaves.SlaveComputer tryReconnect
INFO: Attempting to reconnect installer_test_linux1
Mar 01, 2017 6:51:46 PM hudson.slaves.SlaveComputer tryReconnect
INFO: Attempting to reconnect installer_test_linux2
Mar 01, 2017 7:13:46 PM hudson.slaves.SlaveComputer tryReconnect
INFO: Attempting to reconnect ase_test
Mar 01, 2017 7:13:46 PM hudson.slaves.SlaveComputer tryReconnect
INFO: Attempting to reconnect ase_test_txue
Mar 01, 2017 7:13:46 PM hudson.slaves.SlaveComputer tryReconnect
INFO: Attempting to reconnect installer_test_linux
Mar 01, 2017 7:13:46 PM hudson.slaves.SlaveComputer tryReconnect
INFO: Attempting to reconnect installer_test_linux1
Mar 01, 2017 7:13:46 PM hudson.slaves.SlaveComputer tryReconnect
INFO: Attempting to reconnect installer_test_linux2
Mar 01, 2017 7:14:12 PM hudson.node_monitors.ResponseTimeMonitor$1 monitor
WARNING: Making NT_MONSOON offline because it’s not responding
Mar 01, 2017 7:14:12 PM hudson.node_monitors.ResponseTimeMonitor$1 monitor
WARNING: Making ase_test_txue offline because it’s not responding
Mar 01, 2017 7:14:12 PM hudson.node_monitors.ResponseTimeMonitor$1 monitor
WARNING: Making installer_test_linux offline because it’s not responding
Mar 01, 2017 7:14:12 PM hudson.node_monitors.ResponseTimeMonitor$1 monitor
WARNING: Making installer_test_linux1 offline because it’s not responding
Mar 01, 2017 7:14:12 PM hudson.node_monitors.ResponseTimeMonitor$1 monitor
WARNING: Making ase_test offline because it’s not responding
Mar 01, 2017 7:14:12 PM hudson.node_monitors.ResponseTimeMonitor$1 monitor
WARNING: Making installer_test_linux2 offline because it’s not responding
Mar 01, 2017 7:35:46 PM hudson.slaves.SlaveComputer tryReconnect
INFO: Attempting to reconnect ase_test
Mar 01, 2017 7:35:46 PM hudson.slaves.SlaveComputer tryReconnect
INFO: Attempting to reconnect ase_test_txue
Mar 01, 2017 7:35:46 PM hudson.slaves.SlaveComputer tryReconnect
INFO: Attempting to reconnect installer_test_linux
Mar 01, 2017 7:35:46 PM hudson.slaves.SlaveComputer tryReconnect
INFO: Attempting to reconnect installer_test_linux1
Mar 01, 2017 7:35:46 PM hudson.slaves.SlaveComputer tryReconnect
INFO: Attempting to reconnect installer_test_linux2
Mar 01, 2017 7:57:46 PM hudson.slaves.SlaveComputer tryReconnect
INFO: Attempting to reconnect ase_test
Mar 01, 2017 7:57:46 PM hudson.slaves.SlaveComputer tryReconnect
INFO: Attempting to reconnect ase_test_txue
Mar 01, 2017 7:57:46 PM hudson.slaves.SlaveComputer tryReconnect
INFO: Attempting to reconnect installer_test_linux
Mar 01, 2017 7:57:46 PM hudson.slaves.SlaveComputer tryReconnect
INFO: Attempting to reconnect installer_test_linux1
Mar 01, 2017 7:57:46 PM hudson.slaves.SlaveComputer tryReconnect
INFO: Attempting to reconnect installer_test_linux2
Mar 01, 2017 7:57:49 PM hudson.model.AsyncPeriodicWork$1 run
INFO: Started Workspace clean-up
Mar 01, 2017 7:57:49 PM hudson.model.AsyncPeriodicWork$1 run
INFO: Finished Workspace clean-up. 114 ms
Mar 01, 2017 8:14:12 PM hudson.node_monitors.ResponseTimeMonitor$1 monitor
WARNING: Making NT_MONSOON offline because it’s not responding
Mar 01, 2017 8:14:12 PM hudson.node_monitors.ResponseTimeMonitor$1 monitor
WARNING: Making ase_test_txue offline because it’s not responding
Mar 01, 2017 8:14:12 PM hudson.node_monitors.ResponseTimeMonitor$1 monitor
WARNING: Making installer_test_linux offline because it’s not responding
Mar 01, 2017 8:14:12 PM hudson.node_monitors.ResponseTimeMonitor$1 monitor
WARNING: Making installer_test_linux1 offline because it’s not responding
Mar 01, 2017 8:14:12 PM hudson.node_monitors.ResponseTimeMonitor$1 monitor
WARNING: Making ase_test offline because it’s not responding
Mar 01, 2017 8:14:12 PM hudson.node_monitors.ResponseTimeMonitor$1 monitor
WARNING: Making installer_test_linux2 offline because it’s not responding
Mar 01, 2017 8:19:46 PM hudson.slaves.SlaveComputer tryReconnect
INFO: Attempting to reconnect ase_test
Mar 01, 2017 8:19:46 PM hudson.slaves.SlaveComputer tryReconnect
INFO: Attempting to reconnect ase_test_txue
Mar 01, 2017 8:19:46 PM hudson.slaves.SlaveComputer tryReconnect
INFO: Attempting to reconnect installer_test_linux
Mar 01, 2017 8:19:46 PM hudson.slaves.SlaveComputer tryReconnect
INFO: Attempting to reconnect installer_test_linux1
Mar 01, 2017 8:19:46 PM hudson.slaves.SlaveComputer tryReconnect
INFO: Attempting to reconnect installer_test_linux2
Mar 01, 2017 8:41:46 PM hudson.slaves.SlaveComputer tryReconnect
INFO: Attempting to reconnect ase_test
Mar 01, 2017 8:41:46 PM hudson.slaves.SlaveComputer tryReconnect
INFO: Attempting to reconnect ase_test_txue
Mar 01, 2017 8:41:46 PM hudson.slaves.SlaveComputer tryReconnect
INFO: Attempting to reconnect installer_test_linux
Mar 01, 2017 8:41:46 PM hudson.slaves.SlaveComputer tryReconnect
INFO: Attempting to reconnect installer_test_linux1
Mar 01, 2017 8:41:46 PM hudson.slaves.SlaveComputer tryReconnect
INFO: Attempting to reconnect installer_test_linux2
Mar 01, 2017 9:04:46 PM hudson.slaves.SlaveComputer tryReconnect
INFO: Attempting to reconnect ase_test
Mar 01, 2017 9:04:46 PM hudson.slaves.SlaveComputer tryReconnect
INFO: Attempting to reconnect ase_test_txue
Mar 01, 2017 9:04:46 PM hudson.slaves.SlaveComputer tryReconnect
INFO: Attempting to reconnect installer_test_linux
Mar 01, 2017 9:04:46 PM hudson.slaves.SlaveComputer tryReconnect
INFO: Attempting to reconnect installer_test_linux1
Mar 01, 2017 9:04:46 PM hudson.slaves.SlaveComputer tryReconnect
INFO: Attempting to reconnect installer_test_linux2
Mar 01, 2017 9:14:12 PM hudson.node_monitors.ResponseTimeMonitor$1 monitor
WARNING: Making NT_MONSOON offline because it’s not responding
Mar 01, 2017 9:14:12 PM hudson.node_monitors.ResponseTimeMonitor$1 monitor
WARNING: Making ase_test_txue offline because it’s not responding
Mar 01, 2017 9:14:12 PM hudson.node_monitors.ResponseTimeMonitor$1 monitor
WARNING: Making installer_test_linux offline because it’s not responding
Mar 01, 2017 9:14:12 PM hudson.node_monitors.ResponseTimeMonitor$1 monitor
WARNING: Making installer_test_linux1 offline because it’s not responding
Mar 01, 2017 9:14:12 PM hudson.node_monitors.ResponseTimeMonitor$1 monitor
WARNING: Making ase_test offline because it’s not responding
Mar 01, 2017 9:14:12 PM hudson.node_monitors.ResponseTimeMonitor$1 monitor
WARNING: Making installer_test_linux2 offline because it’s not responding
Mar 01, 2017 9:27:46 PM hudson.slaves.SlaveComputer tryReconnect
INFO: Attempting to reconnect ase_test
Mar 01, 2017 9:27:46 PM hudson.slaves.SlaveComputer tryReconnect
INFO: Attempting to reconnect ase_test_txue
Mar 01, 2017 9:27:46 PM hudson.slaves.SlaveComputer tryReconnect
INFO: Attempting to reconnect installer_test_linux
Mar 01, 2017 9:27:46 PM hudson.slaves.SlaveComputer tryReconnect
INFO: Attempting to reconnect installer_test_linux1
Mar 01, 2017 9:27:46 PM hudson.slaves.SlaveComputer tryReconnect
INFO: Attempting to reconnect installer_test_linux2
Mar 01, 2017 9:50:46 PM hudson.slaves.SlaveComputer tryReconnect
INFO: Attempting to reconnect ase_test
Mar 01, 2017 9:50:46 PM hudson.slaves.SlaveComputer tryReconnect
INFO: Attempting to reconnect ase_test_txue
Mar 01, 2017 9:50:46 PM hudson.slaves.SlaveComputer tryReconnect
INFO: Attempting to reconnect installer_test_linux
Mar 01, 2017 9:50:46 PM hudson.slaves.SlaveComputer tryReconnect
INFO: Attempting to reconnect installer_test_linux1
Mar 01, 2017 9:50:46 PM hudson.slaves.SlaveComputer tryReconnect
INFO: Attempting to reconnect installer_test_linux2
Mar 01, 2017 10:13:46 PM hudson.slaves.SlaveComputer tryReconnect
INFO: Attempting to reconnect ase_test
Mar 01, 2017 10:13:46 PM hudson.slaves.SlaveComputer tryReconnect
INFO: Attempting to reconnect ase_test_txue
Mar 01, 2017 10:13:46 PM hudson.slaves.SlaveComputer tryReconnect
INFO: Attempting to reconnect installer_test_linux
Mar 01, 2017 10:13:46 PM hudson.slaves.SlaveComputer tryReconnect
INFO: Attempting to reconnect installer_test_linux1
Mar 01, 2017 10:13:46 PM hudson.slaves.SlaveComputer tryReconnect
INFO: Attempting to reconnect installer_test_linux2
Mar 01, 2017 10:14:12 PM hudson.node_monitors.ResponseTimeMonitor$1 monitor
WARNING: Making NT_MONSOON offline because it’s not responding
Mar 01, 2017 10:14:12 PM hudson.node_monitors.ResponseTimeMonitor$1 monitor
WARNING: Making ase_test_txue offline because it’s not responding
Mar 01, 2017 10:14:12 PM hudson.node_monitors.ResponseTimeMonitor$1 monitor
WARNING: Making installer_test_linux offline because it’s not responding
Mar 01, 2017 10:14:12 PM hudson.node_monitors.ResponseTimeMonitor$1 monitor
WARNING: Making installer_test_linux1 offline because it’s not responding
Mar 01, 2017 10:14:12 PM hudson.node_monitors.ResponseTimeMonitor$1 monitor
WARNING: Making ase_test offline because it’s not responding
Mar 01, 2017 10:14:12 PM hudson.node_monitors.ResponseTimeMonitor$1 monitor
WARNING: Making installer_test_linux2 offline because it’s not responding
Mar 01, 2017 10:37:46 PM hudson.slaves.SlaveComputer tryReconnect
INFO: Attempting to reconnect ase_test
Mar 01, 2017 10:37:46 PM hudson.slaves.SlaveComputer tryReconnect
INFO: Attempting to reconnect ase_test_txue
Mar 01, 2017 10:37:46 PM hudson.slaves.SlaveComputer tryReconnect
INFO: Attempting to reconnect installer_test_linux
Mar 01, 2017 10:37:46 PM hudson.slaves.SlaveComputer tryReconnect
INFO: Attempting to reconnect installer_test_linux1
Mar 01, 2017 10:37:46 PM hudson.slaves.SlaveComputer tryReconnect
INFO: Attempting to reconnect installer_test_linux2
Mar 01, 2017 11:00:46 PM hudson.slaves.SlaveComputer tryReconnect
INFO: Attempting to reconnect ase_test
Mar 01, 2017 11:00:46 PM hudson.slaves.SlaveComputer tryReconnect
INFO: Attempting to reconnect ase_test_txue
Mar 01, 2017 11:00:46 PM hudson.slaves.SlaveComputer tryReconnect
INFO: Attempting to reconnect installer_test_linux
Mar 01, 2017 11:00:46 PM hudson.slaves.SlaveComputer tryReconnect
INFO: Attempting to reconnect installer_test_linux1
Mar 01, 2017 11:00:46 PM hudson.slaves.SlaveComputer tryReconnect
INFO: Attempting to reconnect installer_test_linux2
Mar 01, 2017 11:14:12 PM hudson.node_monitors.ResponseTimeMonitor$1 monitor
WARNING: Making NT_MONSOON offline because it’s not responding
Mar 01, 2017 11:14:12 PM hudson.node_monitors.ResponseTimeMonitor$1 monitor
WARNING: Making ase_test_txue offline because it’s not responding
Mar 01, 2017 11:14:12 PM hudson.node_monitors.ResponseTimeMonitor$1 monitor
WARNING: Making installer_test_linux offline because it’s not responding
Mar 01, 2017 11:14:12 PM hudson.node_monitors.ResponseTimeMonitor$1 monitor
WARNING: Making installer_test_linux1 offline because it’s not responding
Mar 01, 2017 11:14:12 PM hudson.node_monitors.ResponseTimeMonitor$1 monitor
WARNING: Making ase_test offline because it’s not responding
Mar 01, 2017 11:14:12 PM hudson.node_monitors.ResponseTimeMonitor$1 monitor
WARNING: Making installer_test_linux2 offline because it’s not responding
Mar 01, 2017 11:23:46 PM hudson.slaves.SlaveComputer tryReconnect
INFO: Attempting to reconnect ase_test
Mar 01, 2017 11:23:46 PM hudson.slaves.SlaveComputer tryReconnect
INFO: Attempting to reconnect ase_test_txue
Mar 01, 2017 11:23:46 PM hudson.slaves.SlaveComputer tryReconnect
INFO: Attempting to reconnect installer_test_linux
Mar 01, 2017 11:23:46 PM hudson.slaves.SlaveComputer tryReconnect
INFO: Attempting to reconnect installer_test_linux1
Mar 01, 2017 11:23:46 PM hudson.slaves.SlaveComputer tryReconnect
INFO: Attempting to reconnect installer_test_linux2
Mar 01, 2017 11:44:46 PM hudson.slaves.SlaveComputer tryReconnect
INFO: Attempting to reconnect ase_test
Mar 01, 2017 11:44:46 PM hudson.slaves.SlaveComputer tryReconnect
INFO: Attempting to reconnect ase_test_txue
Mar 01, 2017 11:44:46 PM hudson.slaves.SlaveComputer tryReconnect
INFO: Attempting to reconnect installer_test_linux
Mar 01, 2017 11:44:46 PM hudson.slaves.SlaveComputer tryReconnect
INFO: Attempting to reconnect installer_test_linux1
Mar 01, 2017 11:44:46 PM hudson.slaves.SlaveComputer tryReconnect
INFO: Attempting to reconnect installer_test_linux2
