Feb 16, 2017 12:09:51 AM hudson.slaves.SlaveComputer tryReconnect
INFO: Attempting to reconnect ase_test
Feb 16, 2017 12:10:51 AM hudson.slaves.SlaveComputer tryReconnect
INFO: Attempting to reconnect installer_test_linux2
Feb 16, 2017 12:30:51 AM hudson.slaves.SlaveComputer tryReconnect
INFO: Attempting to reconnect ase_test
Feb 16, 2017 12:31:51 AM hudson.slaves.SlaveComputer tryReconnect
INFO: Attempting to reconnect installer_test_linux2
Feb 16, 2017 12:37:17 AM hudson.node_monitors.ResponseTimeMonitor$1 monitor
WARNING: Making ase_test offline because it’s not responding
Feb 16, 2017 12:37:17 AM hudson.node_monitors.ResponseTimeMonitor$1 monitor
WARNING: Making NT_MONSOON offline because it’s not responding
Feb 16, 2017 12:37:17 AM hudson.node_monitors.ResponseTimeMonitor$1 monitor
WARNING: Making installer_test_linux2 offline because it’s not responding
Feb 16, 2017 12:50:51 AM hudson.slaves.SlaveComputer tryReconnect
INFO: Attempting to reconnect ase_test
Feb 16, 2017 12:51:51 AM hudson.slaves.SlaveComputer tryReconnect
INFO: Attempting to reconnect installer_test_linux2
Feb 16, 2017 1:08:51 AM hudson.slaves.SlaveComputer tryReconnect
INFO: Attempting to reconnect ase_test
Feb 16, 2017 1:09:07 AM org.kohsuke.stapler.RequestImpl$TypePair convertJSON
WARNING: 'stapler-class' is deprecated: hudson.tasks.Shell
Feb 16, 2017 1:10:51 AM hudson.slaves.SlaveComputer tryReconnect
INFO: Attempting to reconnect installer_test_linux2
Feb 16, 2017 1:18:05 AM hudson.model.Run execute
INFO: SRS_RMA_BUILD_TRIGGER_BY_RMADEV_SP306 #109 main build action completed: SUCCESS
Feb 16, 2017 1:30:51 AM hudson.slaves.SlaveComputer tryReconnect
INFO: Attempting to reconnect ase_test
Feb 16, 2017 1:32:51 AM hudson.slaves.SlaveComputer tryReconnect
INFO: Attempting to reconnect installer_test_linux2
Feb 16, 2017 1:37:17 AM hudson.node_monitors.ResponseTimeMonitor$1 monitor
WARNING: Making ase_test offline because it’s not responding
Feb 16, 2017 1:37:17 AM hudson.node_monitors.ResponseTimeMonitor$1 monitor
WARNING: Making NT_MONSOON offline because it’s not responding
Feb 16, 2017 1:37:17 AM hudson.node_monitors.ResponseTimeMonitor$1 monitor
WARNING: Making installer_test_linux2 offline because it’s not responding
Feb 16, 2017 1:52:51 AM hudson.slaves.SlaveComputer tryReconnect
INFO: Attempting to reconnect ase_test
Feb 16, 2017 1:54:51 AM hudson.slaves.SlaveComputer tryReconnect
INFO: Attempting to reconnect installer_test_linux2
Feb 16, 2017 2:14:51 AM hudson.slaves.SlaveComputer tryReconnect
INFO: Attempting to reconnect ase_test
Feb 16, 2017 2:16:51 AM hudson.slaves.SlaveComputer tryReconnect
INFO: Attempting to reconnect installer_test_linux2
Feb 16, 2017 2:36:51 AM hudson.slaves.SlaveComputer tryReconnect
INFO: Attempting to reconnect ase_test
Feb 16, 2017 2:37:17 AM hudson.node_monitors.ResponseTimeMonitor$1 monitor
WARNING: Making ase_test offline because it’s not responding
Feb 16, 2017 2:37:17 AM hudson.node_monitors.ResponseTimeMonitor$1 monitor
WARNING: Making NT_MONSOON offline because it’s not responding
Feb 16, 2017 2:37:17 AM hudson.node_monitors.ResponseTimeMonitor$1 monitor
WARNING: Making installer_test_linux2 offline because it’s not responding
Feb 16, 2017 2:38:51 AM hudson.slaves.SlaveComputer tryReconnect
INFO: Attempting to reconnect installer_test_linux2
Feb 16, 2017 2:57:51 AM hudson.slaves.SlaveComputer tryReconnect
INFO: Attempting to reconnect ase_test
Feb 16, 2017 2:59:51 AM hudson.slaves.SlaveComputer tryReconnect
INFO: Attempting to reconnect installer_test_linux2
Feb 16, 2017 3:17:51 AM hudson.slaves.SlaveComputer tryReconnect
INFO: Attempting to reconnect ase_test
Feb 16, 2017 3:19:51 AM hudson.slaves.SlaveComputer tryReconnect
INFO: Attempting to reconnect installer_test_linux2
Feb 16, 2017 3:37:17 AM hudson.node_monitors.ResponseTimeMonitor$1 monitor
WARNING: Making ase_test offline because it’s not responding
Feb 16, 2017 3:37:17 AM hudson.node_monitors.ResponseTimeMonitor$1 monitor
WARNING: Making NT_MONSOON offline because it’s not responding
Feb 16, 2017 3:37:17 AM hudson.node_monitors.ResponseTimeMonitor$1 monitor
WARNING: Making installer_test_linux2 offline because it’s not responding
Feb 16, 2017 3:37:51 AM hudson.slaves.SlaveComputer tryReconnect
INFO: Attempting to reconnect ase_test
Feb 16, 2017 3:38:51 AM hudson.slaves.SlaveComputer tryReconnect
INFO: Attempting to reconnect installer_test_linux2
Feb 16, 2017 3:48:28 AM hudson.model.AsyncPeriodicWork$1 run
INFO: Started Workspace clean-up
Feb 16, 2017 3:48:29 AM hudson.model.AsyncPeriodicWork$1 run
INFO: Finished Workspace clean-up. 404 ms
Feb 16, 2017 3:57:51 AM hudson.slaves.SlaveComputer tryReconnect
INFO: Attempting to reconnect ase_test
Feb 16, 2017 3:58:51 AM hudson.slaves.SlaveComputer tryReconnect
INFO: Attempting to reconnect installer_test_linux2
Feb 16, 2017 4:14:51 AM hudson.slaves.SlaveComputer tryReconnect
INFO: Attempting to reconnect ase_test
Feb 16, 2017 4:16:51 AM hudson.slaves.SlaveComputer tryReconnect
INFO: Attempting to reconnect installer_test_linux2
Feb 16, 2017 4:31:51 AM hudson.slaves.SlaveComputer tryReconnect
INFO: Attempting to reconnect ase_test
Feb 16, 2017 4:33:51 AM hudson.slaves.SlaveComputer tryReconnect
INFO: Attempting to reconnect installer_test_linux2
Feb 16, 2017 4:37:17 AM hudson.node_monitors.ResponseTimeMonitor$1 monitor
WARNING: Making ase_test offline because it’s not responding
Feb 16, 2017 4:37:17 AM hudson.node_monitors.ResponseTimeMonitor$1 monitor
WARNING: Making NT_MONSOON offline because it’s not responding
Feb 16, 2017 4:37:17 AM hudson.node_monitors.ResponseTimeMonitor$1 monitor
WARNING: Making installer_test_linux2 offline because it’s not responding
Feb 16, 2017 4:52:51 AM hudson.slaves.SlaveComputer tryReconnect
INFO: Attempting to reconnect ase_test
Feb 16, 2017 4:53:51 AM hudson.slaves.SlaveComputer tryReconnect
INFO: Attempting to reconnect installer_test_linux2
Feb 16, 2017 5:10:51 AM hudson.slaves.SlaveComputer tryReconnect
INFO: Attempting to reconnect ase_test
Feb 16, 2017 5:12:51 AM hudson.slaves.SlaveComputer tryReconnect
INFO: Attempting to reconnect installer_test_linux2
Feb 16, 2017 5:31:51 AM hudson.slaves.SlaveComputer tryReconnect
INFO: Attempting to reconnect ase_test
Feb 16, 2017 5:32:51 AM hudson.slaves.SlaveComputer tryReconnect
INFO: Attempting to reconnect installer_test_linux2
Feb 16, 2017 5:37:17 AM hudson.node_monitors.ResponseTimeMonitor$1 monitor
WARNING: Making ase_test offline because it’s not responding
Feb 16, 2017 5:37:17 AM hudson.node_monitors.ResponseTimeMonitor$1 monitor
WARNING: Making NT_MONSOON offline because it’s not responding
Feb 16, 2017 5:37:17 AM hudson.node_monitors.ResponseTimeMonitor$1 monitor
WARNING: Making installer_test_linux2 offline because it’s not responding
Feb 16, 2017 5:49:51 AM hudson.slaves.SlaveComputer tryReconnect
INFO: Attempting to reconnect ase_test
Feb 16, 2017 5:51:51 AM hudson.slaves.SlaveComputer tryReconnect
INFO: Attempting to reconnect installer_test_linux2
Feb 16, 2017 6:10:51 AM hudson.slaves.SlaveComputer tryReconnect
INFO: Attempting to reconnect ase_test
Feb 16, 2017 6:12:51 AM hudson.slaves.SlaveComputer tryReconnect
INFO: Attempting to reconnect installer_test_linux2
Feb 16, 2017 6:32:51 AM hudson.slaves.SlaveComputer tryReconnect
INFO: Attempting to reconnect ase_test
Feb 16, 2017 6:34:51 AM hudson.slaves.SlaveComputer tryReconnect
INFO: Attempting to reconnect installer_test_linux2
Feb 16, 2017 6:37:17 AM hudson.node_monitors.ResponseTimeMonitor$1 monitor
WARNING: Making ase_test offline because it’s not responding
Feb 16, 2017 6:37:17 AM hudson.node_monitors.ResponseTimeMonitor$1 monitor
WARNING: Making NT_MONSOON offline because it’s not responding
Feb 16, 2017 6:37:17 AM hudson.node_monitors.ResponseTimeMonitor$1 monitor
WARNING: Making installer_test_linux2 offline because it’s not responding
Feb 16, 2017 6:50:51 AM hudson.slaves.SlaveComputer tryReconnect
INFO: Attempting to reconnect ase_test
Feb 16, 2017 6:51:51 AM hudson.slaves.SlaveComputer tryReconnect
INFO: Attempting to reconnect installer_test_linux2
Feb 16, 2017 7:08:51 AM hudson.slaves.SlaveComputer tryReconnect
INFO: Attempting to reconnect ase_test
Feb 16, 2017 7:10:51 AM hudson.slaves.SlaveComputer tryReconnect
INFO: Attempting to reconnect installer_test_linux2
Feb 16, 2017 7:29:51 AM hudson.slaves.SlaveComputer tryReconnect
INFO: Attempting to reconnect ase_test
Feb 16, 2017 7:31:51 AM hudson.slaves.SlaveComputer tryReconnect
INFO: Attempting to reconnect installer_test_linux2
Feb 16, 2017 7:37:17 AM hudson.node_monitors.ResponseTimeMonitor$1 monitor
WARNING: Making ase_test offline because it’s not responding
Feb 16, 2017 7:37:17 AM hudson.node_monitors.ResponseTimeMonitor$1 monitor
WARNING: Making NT_MONSOON offline because it’s not responding
Feb 16, 2017 7:37:17 AM hudson.node_monitors.ResponseTimeMonitor$1 monitor
WARNING: Making installer_test_linux2 offline because it’s not responding
Feb 16, 2017 7:47:51 AM hudson.slaves.SlaveComputer tryReconnect
INFO: Attempting to reconnect ase_test
Feb 16, 2017 7:49:51 AM hudson.slaves.SlaveComputer tryReconnect
INFO: Attempting to reconnect installer_test_linux2
Feb 16, 2017 8:05:51 AM hudson.slaves.SlaveComputer tryReconnect
INFO: Attempting to reconnect ase_test
Feb 16, 2017 8:07:38 AM hudson.model.Run execute
INFO: SRS_RMA_BUILD_TRIGGER_BY_RMADEV_SP305 #200 main build action completed: FAILURE
Feb 16, 2017 8:07:51 AM hudson.slaves.SlaveComputer tryReconnect
INFO: Attempting to reconnect installer_test_linux2
Feb 16, 2017 8:15:37 AM hudson.model.Run execute
INFO: SRS_RMA_BUILD_TRIGGER_BY_RMADEV_SP306 #110 main build action completed: SUCCESS
Feb 16, 2017 8:27:51 AM hudson.slaves.SlaveComputer tryReconnect
INFO: Attempting to reconnect ase_test
Feb 16, 2017 8:29:51 AM hudson.slaves.SlaveComputer tryReconnect
INFO: Attempting to reconnect installer_test_linux2
Feb 16, 2017 8:37:17 AM hudson.node_monitors.ResponseTimeMonitor$1 monitor
WARNING: Making ase_test offline because it’s not responding
Feb 16, 2017 8:37:17 AM hudson.node_monitors.ResponseTimeMonitor$1 monitor
WARNING: Making NT_MONSOON offline because it’s not responding
Feb 16, 2017 8:37:17 AM hudson.node_monitors.ResponseTimeMonitor$1 monitor
WARNING: Making installer_test_linux2 offline because it’s not responding
Feb 16, 2017 8:47:51 AM hudson.slaves.SlaveComputer tryReconnect
INFO: Attempting to reconnect ase_test
Feb 16, 2017 8:49:51 AM hudson.slaves.SlaveComputer tryReconnect
INFO: Attempting to reconnect installer_test_linux2
Feb 16, 2017 9:06:51 AM hudson.slaves.SlaveComputer tryReconnect
INFO: Attempting to reconnect ase_test
Feb 16, 2017 9:08:51 AM hudson.slaves.SlaveComputer tryReconnect
INFO: Attempting to reconnect installer_test_linux2
Feb 16, 2017 9:21:01 AM hudson.model.AsyncPeriodicWork$1 run
INFO: Started Fingerprint cleanup
Feb 16, 2017 9:21:01 AM hudson.model.AsyncPeriodicWork$1 run
INFO: Finished Fingerprint cleanup. 0 ms
Feb 16, 2017 9:26:51 AM hudson.slaves.SlaveComputer tryReconnect
INFO: Attempting to reconnect ase_test
Feb 16, 2017 9:28:51 AM hudson.slaves.SlaveComputer tryReconnect
INFO: Attempting to reconnect installer_test_linux2
Feb 16, 2017 9:37:17 AM hudson.node_monitors.ResponseTimeMonitor$1 monitor
WARNING: Making ase_test offline because it’s not responding
Feb 16, 2017 9:37:17 AM hudson.node_monitors.ResponseTimeMonitor$1 monitor
WARNING: Making NT_MONSOON offline because it’s not responding
Feb 16, 2017 9:37:17 AM hudson.node_monitors.ResponseTimeMonitor$1 monitor
WARNING: Making installer_test_linux2 offline because it’s not responding
Feb 16, 2017 9:45:51 AM hudson.slaves.SlaveComputer tryReconnect
INFO: Attempting to reconnect ase_test
Feb 16, 2017 9:46:51 AM hudson.slaves.SlaveComputer tryReconnect
INFO: Attempting to reconnect installer_test_linux2
Feb 16, 2017 10:06:51 AM hudson.slaves.SlaveComputer tryReconnect
INFO: Attempting to reconnect ase_test
Feb 16, 2017 10:07:51 AM hudson.slaves.SlaveComputer tryReconnect
INFO: Attempting to reconnect installer_test_linux2
Feb 16, 2017 10:24:51 AM hudson.slaves.SlaveComputer tryReconnect
INFO: Attempting to reconnect ase_test
Feb 16, 2017 10:26:51 AM hudson.slaves.SlaveComputer tryReconnect
INFO: Attempting to reconnect installer_test_linux2
Feb 16, 2017 10:37:17 AM hudson.node_monitors.ResponseTimeMonitor$1 monitor
WARNING: Making ase_test offline because it’s not responding
Feb 16, 2017 10:37:17 AM hudson.node_monitors.ResponseTimeMonitor$1 monitor
WARNING: Making NT_MONSOON offline because it’s not responding
Feb 16, 2017 10:37:17 AM hudson.node_monitors.ResponseTimeMonitor$1 monitor
WARNING: Making installer_test_linux2 offline because it’s not responding
Feb 16, 2017 10:44:51 AM hudson.slaves.SlaveComputer tryReconnect
INFO: Attempting to reconnect ase_test
Feb 16, 2017 10:46:51 AM hudson.slaves.SlaveComputer tryReconnect
INFO: Attempting to reconnect installer_test_linux2
Feb 16, 2017 11:05:51 AM hudson.slaves.SlaveComputer tryReconnect
INFO: Attempting to reconnect ase_test
Feb 16, 2017 11:07:51 AM hudson.slaves.SlaveComputer tryReconnect
INFO: Attempting to reconnect installer_test_linux2
Feb 16, 2017 11:23:51 AM hudson.slaves.SlaveComputer tryReconnect
INFO: Attempting to reconnect ase_test
Feb 16, 2017 11:24:51 AM hudson.slaves.SlaveComputer tryReconnect
INFO: Attempting to reconnect installer_test_linux2
Feb 16, 2017 11:37:17 AM hudson.node_monitors.ResponseTimeMonitor$1 monitor
WARNING: Making ase_test offline because it’s not responding
Feb 16, 2017 11:37:17 AM hudson.node_monitors.ResponseTimeMonitor$1 monitor
WARNING: Making NT_MONSOON offline because it’s not responding
Feb 16, 2017 11:37:17 AM hudson.node_monitors.ResponseTimeMonitor$1 monitor
WARNING: Making installer_test_linux2 offline because it’s not responding
Feb 16, 2017 11:42:51 AM hudson.slaves.SlaveComputer tryReconnect
INFO: Attempting to reconnect ase_test
Feb 16, 2017 11:43:51 AM hudson.slaves.SlaveComputer tryReconnect
INFO: Attempting to reconnect installer_test_linux2
Feb 16, 2017 12:04:51 PM hudson.slaves.SlaveComputer tryReconnect
INFO: Attempting to reconnect ase_test
Feb 16, 2017 12:06:51 PM hudson.slaves.SlaveComputer tryReconnect
INFO: Attempting to reconnect installer_test_linux2
Feb 16, 2017 12:25:51 PM hudson.slaves.SlaveComputer tryReconnect
INFO: Attempting to reconnect ase_test
Feb 16, 2017 12:26:51 PM hudson.slaves.SlaveComputer tryReconnect
INFO: Attempting to reconnect installer_test_linux2
Feb 16, 2017 12:37:17 PM hudson.node_monitors.ResponseTimeMonitor$1 monitor
WARNING: Making ase_test offline because it’s not responding
Feb 16, 2017 12:37:17 PM hudson.node_monitors.ResponseTimeMonitor$1 monitor
WARNING: Making NT_MONSOON offline because it’s not responding
Feb 16, 2017 12:37:17 PM hudson.node_monitors.ResponseTimeMonitor$1 monitor
WARNING: Making installer_test_linux2 offline because it’s not responding
Feb 16, 2017 12:46:51 PM hudson.slaves.SlaveComputer tryReconnect
INFO: Attempting to reconnect ase_test
Feb 16, 2017 12:47:51 PM hudson.slaves.SlaveComputer tryReconnect
INFO: Attempting to reconnect installer_test_linux2
Feb 16, 2017 1:06:51 PM hudson.slaves.SlaveComputer tryReconnect
INFO: Attempting to reconnect ase_test
Feb 16, 2017 1:07:51 PM hudson.slaves.SlaveComputer tryReconnect
INFO: Attempting to reconnect installer_test_linux2
Feb 16, 2017 1:27:51 PM hudson.slaves.SlaveComputer tryReconnect
INFO: Attempting to reconnect ase_test
Feb 16, 2017 1:28:51 PM hudson.slaves.SlaveComputer tryReconnect
INFO: Attempting to reconnect installer_test_linux2
Feb 16, 2017 1:37:17 PM hudson.node_monitors.ResponseTimeMonitor$1 monitor
WARNING: Making ase_test offline because it’s not responding
Feb 16, 2017 1:37:17 PM hudson.node_monitors.ResponseTimeMonitor$1 monitor
WARNING: Making NT_MONSOON offline because it’s not responding
Feb 16, 2017 1:37:17 PM hudson.node_monitors.ResponseTimeMonitor$1 monitor
WARNING: Making installer_test_linux2 offline because it’s not responding
Feb 16, 2017 1:46:51 PM hudson.slaves.SlaveComputer tryReconnect
INFO: Attempting to reconnect ase_test
Feb 16, 2017 1:47:51 PM hudson.slaves.SlaveComputer tryReconnect
INFO: Attempting to reconnect installer_test_linux2
Feb 16, 2017 2:05:51 PM hudson.slaves.SlaveComputer tryReconnect
INFO: Attempting to reconnect ase_test
Feb 16, 2017 2:07:51 PM hudson.slaves.SlaveComputer tryReconnect
INFO: Attempting to reconnect installer_test_linux2
Feb 16, 2017 2:24:51 PM hudson.slaves.SlaveComputer tryReconnect
INFO: Attempting to reconnect ase_test
Feb 16, 2017 2:26:51 PM hudson.slaves.SlaveComputer tryReconnect
INFO: Attempting to reconnect installer_test_linux2
Feb 16, 2017 2:37:17 PM hudson.node_monitors.ResponseTimeMonitor$1 monitor
WARNING: Making ase_test offline because it’s not responding
Feb 16, 2017 2:37:17 PM hudson.node_monitors.ResponseTimeMonitor$1 monitor
WARNING: Making NT_MONSOON offline because it’s not responding
Feb 16, 2017 2:37:17 PM hudson.node_monitors.ResponseTimeMonitor$1 monitor
WARNING: Making installer_test_linux2 offline because it’s not responding
Feb 16, 2017 2:46:51 PM hudson.slaves.SlaveComputer tryReconnect
INFO: Attempting to reconnect ase_test
Feb 16, 2017 2:48:51 PM hudson.slaves.SlaveComputer tryReconnect
INFO: Attempting to reconnect installer_test_linux2
Feb 16, 2017 3:03:51 PM hudson.slaves.SlaveComputer tryReconnect
INFO: Attempting to reconnect ase_test
Feb 16, 2017 3:05:51 PM hudson.slaves.SlaveComputer tryReconnect
INFO: Attempting to reconnect installer_test_linux2
Feb 16, 2017 3:22:51 PM hudson.slaves.SlaveComputer tryReconnect
INFO: Attempting to reconnect ase_test
Feb 16, 2017 3:24:51 PM hudson.slaves.SlaveComputer tryReconnect
INFO: Attempting to reconnect installer_test_linux2
Feb 16, 2017 3:37:17 PM hudson.node_monitors.ResponseTimeMonitor$1 monitor
WARNING: Making ase_test offline because it’s not responding
Feb 16, 2017 3:37:17 PM hudson.node_monitors.ResponseTimeMonitor$1 monitor
WARNING: Making NT_MONSOON offline because it’s not responding
Feb 16, 2017 3:37:17 PM hudson.node_monitors.ResponseTimeMonitor$1 monitor
WARNING: Making installer_test_linux2 offline because it’s not responding
Feb 16, 2017 3:43:51 PM hudson.slaves.SlaveComputer tryReconnect
INFO: Attempting to reconnect ase_test
Feb 16, 2017 3:45:51 PM hudson.slaves.SlaveComputer tryReconnect
INFO: Attempting to reconnect installer_test_linux2
Feb 16, 2017 4:03:51 PM hudson.slaves.SlaveComputer tryReconnect
INFO: Attempting to reconnect ase_test
Feb 16, 2017 4:05:51 PM hudson.slaves.SlaveComputer tryReconnect
INFO: Attempting to reconnect installer_test_linux2
Feb 16, 2017 4:24:51 PM hudson.slaves.SlaveComputer tryReconnect
INFO: Attempting to reconnect ase_test
Feb 16, 2017 4:26:51 PM hudson.slaves.SlaveComputer tryReconnect
INFO: Attempting to reconnect installer_test_linux2
Feb 16, 2017 4:37:17 PM hudson.node_monitors.ResponseTimeMonitor$1 monitor
WARNING: Making ase_test offline because it’s not responding
Feb 16, 2017 4:37:17 PM hudson.node_monitors.ResponseTimeMonitor$1 monitor
WARNING: Making NT_MONSOON offline because it’s not responding
Feb 16, 2017 4:37:17 PM hudson.node_monitors.ResponseTimeMonitor$1 monitor
WARNING: Making installer_test_linux2 offline because it’s not responding
Feb 16, 2017 4:43:51 PM hudson.slaves.SlaveComputer tryReconnect
INFO: Attempting to reconnect ase_test
Feb 16, 2017 4:45:51 PM hudson.slaves.SlaveComputer tryReconnect
INFO: Attempting to reconnect installer_test_linux2
Feb 16, 2017 5:03:51 PM hudson.slaves.SlaveComputer tryReconnect
INFO: Attempting to reconnect ase_test
Feb 16, 2017 5:04:51 PM hudson.slaves.SlaveComputer tryReconnect
INFO: Attempting to reconnect installer_test_linux2
Feb 16, 2017 5:23:51 PM hudson.slaves.SlaveComputer tryReconnect
INFO: Attempting to reconnect ase_test
Feb 16, 2017 5:25:51 PM hudson.slaves.SlaveComputer tryReconnect
INFO: Attempting to reconnect installer_test_linux2
Feb 16, 2017 5:37:17 PM hudson.node_monitors.ResponseTimeMonitor$1 monitor
WARNING: Making ase_test offline because it’s not responding
Feb 16, 2017 5:37:17 PM hudson.node_monitors.ResponseTimeMonitor$1 monitor
WARNING: Making NT_MONSOON offline because it’s not responding
Feb 16, 2017 5:37:17 PM hudson.node_monitors.ResponseTimeMonitor$1 monitor
WARNING: Making installer_test_linux2 offline because it’s not responding
Feb 16, 2017 5:45:51 PM hudson.slaves.SlaveComputer tryReconnect
INFO: Attempting to reconnect ase_test
Feb 16, 2017 5:46:51 PM hudson.slaves.SlaveComputer tryReconnect
INFO: Attempting to reconnect installer_test_linux2
Feb 16, 2017 6:03:51 PM hudson.slaves.SlaveComputer tryReconnect
INFO: Attempting to reconnect ase_test
Feb 16, 2017 6:05:51 PM hudson.slaves.SlaveComputer tryReconnect
INFO: Attempting to reconnect installer_test_linux2
Feb 16, 2017 6:22:51 PM hudson.slaves.SlaveComputer tryReconnect
INFO: Attempting to reconnect ase_test
Feb 16, 2017 6:24:51 PM hudson.slaves.SlaveComputer tryReconnect
INFO: Attempting to reconnect installer_test_linux2
Feb 16, 2017 6:37:17 PM hudson.node_monitors.ResponseTimeMonitor$1 monitor
WARNING: Making ase_test offline because it’s not responding
Feb 16, 2017 6:37:17 PM hudson.node_monitors.ResponseTimeMonitor$1 monitor
WARNING: Making NT_MONSOON offline because it’s not responding
Feb 16, 2017 6:37:17 PM hudson.node_monitors.ResponseTimeMonitor$1 monitor
WARNING: Making installer_test_linux2 offline because it’s not responding
Feb 16, 2017 6:41:51 PM hudson.slaves.SlaveComputer tryReconnect
INFO: Attempting to reconnect ase_test
Feb 16, 2017 6:42:51 PM hudson.slaves.SlaveComputer tryReconnect
INFO: Attempting to reconnect installer_test_linux2
Feb 16, 2017 7:02:51 PM hudson.slaves.SlaveComputer tryReconnect
INFO: Attempting to reconnect ase_test
Feb 16, 2017 7:04:51 PM hudson.slaves.SlaveComputer tryReconnect
INFO: Attempting to reconnect installer_test_linux2
Feb 16, 2017 7:24:51 PM hudson.slaves.SlaveComputer tryReconnect
INFO: Attempting to reconnect ase_test
Feb 16, 2017 7:26:51 PM hudson.slaves.SlaveComputer tryReconnect
INFO: Attempting to reconnect installer_test_linux2
Feb 16, 2017 7:37:17 PM hudson.node_monitors.ResponseTimeMonitor$1 monitor
WARNING: Making ase_test offline because it’s not responding
Feb 16, 2017 7:37:17 PM hudson.node_monitors.ResponseTimeMonitor$1 monitor
WARNING: Making NT_MONSOON offline because it’s not responding
Feb 16, 2017 7:37:17 PM hudson.node_monitors.ResponseTimeMonitor$1 monitor
WARNING: Making installer_test_linux2 offline because it’s not responding
Feb 16, 2017 7:43:51 PM hudson.slaves.SlaveComputer tryReconnect
INFO: Attempting to reconnect ase_test
Feb 16, 2017 7:45:51 PM hudson.slaves.SlaveComputer tryReconnect
INFO: Attempting to reconnect installer_test_linux2
Feb 16, 2017 8:05:51 PM hudson.slaves.SlaveComputer tryReconnect
INFO: Attempting to reconnect ase_test
Feb 16, 2017 8:06:51 PM hudson.slaves.SlaveComputer tryReconnect
INFO: Attempting to reconnect installer_test_linux2
Feb 16, 2017 8:25:51 PM hudson.slaves.SlaveComputer tryReconnect
INFO: Attempting to reconnect ase_test
Feb 16, 2017 8:27:51 PM hudson.slaves.SlaveComputer tryReconnect
INFO: Attempting to reconnect installer_test_linux2
Feb 16, 2017 8:37:17 PM hudson.node_monitors.ResponseTimeMonitor$1 monitor
WARNING: Making ase_test offline because it’s not responding
Feb 16, 2017 8:37:17 PM hudson.node_monitors.ResponseTimeMonitor$1 monitor
WARNING: Making NT_MONSOON offline because it’s not responding
Feb 16, 2017 8:37:17 PM hudson.node_monitors.ResponseTimeMonitor$1 monitor
WARNING: Making installer_test_linux2 offline because it’s not responding
Feb 16, 2017 8:46:51 PM hudson.slaves.SlaveComputer tryReconnect
INFO: Attempting to reconnect ase_test
Feb 16, 2017 8:48:51 PM hudson.slaves.SlaveComputer tryReconnect
INFO: Attempting to reconnect installer_test_linux2
Feb 16, 2017 9:05:51 PM hudson.slaves.SlaveComputer tryReconnect
INFO: Attempting to reconnect ase_test
Feb 16, 2017 9:07:51 PM hudson.slaves.SlaveComputer tryReconnect
INFO: Attempting to reconnect installer_test_linux2
Feb 16, 2017 9:27:51 PM hudson.slaves.SlaveComputer tryReconnect
INFO: Attempting to reconnect ase_test
Feb 16, 2017 9:29:51 PM hudson.slaves.SlaveComputer tryReconnect
INFO: Attempting to reconnect installer_test_linux2
Feb 16, 2017 9:37:17 PM hudson.node_monitors.ResponseTimeMonitor$1 monitor
WARNING: Making ase_test offline because it’s not responding
Feb 16, 2017 9:37:17 PM hudson.node_monitors.ResponseTimeMonitor$1 monitor
WARNING: Making NT_MONSOON offline because it’s not responding
Feb 16, 2017 9:37:17 PM hudson.node_monitors.ResponseTimeMonitor$1 monitor
WARNING: Making installer_test_linux2 offline because it’s not responding
Feb 16, 2017 9:48:51 PM hudson.slaves.SlaveComputer tryReconnect
INFO: Attempting to reconnect ase_test
Feb 16, 2017 9:50:51 PM hudson.slaves.SlaveComputer tryReconnect
INFO: Attempting to reconnect installer_test_linux2
Feb 16, 2017 10:09:51 PM hudson.slaves.SlaveComputer tryReconnect
INFO: Attempting to reconnect ase_test
Feb 16, 2017 10:10:51 PM hudson.slaves.SlaveComputer tryReconnect
INFO: Attempting to reconnect installer_test_linux2
Feb 16, 2017 10:26:42 PM hudson.model.AsyncPeriodicWork$1 run
INFO: Started Download metadata
Feb 16, 2017 10:26:49 PM hudson.model.UpdateSite updateData
INFO: Obtained the latest update center data file for UpdateSource default
Feb 16, 2017 10:26:51 PM hudson.model.AsyncPeriodicWork$1 run
INFO: Finished Download metadata. 9,070 ms
Feb 16, 2017 10:30:51 PM hudson.slaves.SlaveComputer tryReconnect
INFO: Attempting to reconnect ase_test
Feb 16, 2017 10:31:51 PM hudson.slaves.SlaveComputer tryReconnect
INFO: Attempting to reconnect installer_test_linux2
Feb 16, 2017 10:37:17 PM hudson.node_monitors.ResponseTimeMonitor$1 monitor
WARNING: Making ase_test offline because it’s not responding
Feb 16, 2017 10:37:17 PM hudson.node_monitors.ResponseTimeMonitor$1 monitor
WARNING: Making NT_MONSOON offline because it’s not responding
Feb 16, 2017 10:37:17 PM hudson.node_monitors.ResponseTimeMonitor$1 monitor
WARNING: Making installer_test_linux2 offline because it’s not responding
Feb 16, 2017 10:47:51 PM hudson.slaves.SlaveComputer tryReconnect
INFO: Attempting to reconnect ase_test
Feb 16, 2017 10:49:51 PM hudson.slaves.SlaveComputer tryReconnect
INFO: Attempting to reconnect installer_test_linux2
Feb 16, 2017 11:08:51 PM hudson.slaves.SlaveComputer tryReconnect
INFO: Attempting to reconnect ase_test
Feb 16, 2017 11:10:51 PM hudson.slaves.SlaveComputer tryReconnect
INFO: Attempting to reconnect installer_test_linux2
Feb 16, 2017 11:28:51 PM hudson.slaves.SlaveComputer tryReconnect
INFO: Attempting to reconnect ase_test
Feb 16, 2017 11:30:51 PM hudson.slaves.SlaveComputer tryReconnect
INFO: Attempting to reconnect installer_test_linux2
Feb 16, 2017 11:37:17 PM hudson.node_monitors.ResponseTimeMonitor$1 monitor
WARNING: Making ase_test offline because it’s not responding
Feb 16, 2017 11:37:17 PM hudson.node_monitors.ResponseTimeMonitor$1 monitor
WARNING: Making NT_MONSOON offline because it’s not responding
Feb 16, 2017 11:37:17 PM hudson.node_monitors.ResponseTimeMonitor$1 monitor
WARNING: Making installer_test_linux2 offline because it’s not responding
Feb 16, 2017 11:49:51 PM hudson.slaves.SlaveComputer tryReconnect
INFO: Attempting to reconnect ase_test
Feb 16, 2017 11:51:51 PM hudson.slaves.SlaveComputer tryReconnect
INFO: Attempting to reconnect installer_test_linux2
