Apr 03, 2017 12:01:46 AM hudson.slaves.SlaveComputer tryReconnect
INFO: Attempting to reconnect ase_test_txue
Apr 03, 2017 12:14:12 AM hudson.node_monitors.ResponseTimeMonitor$1 monitor
WARNING: Making NT_MONSOON offline because it’s not responding
Apr 03, 2017 12:14:12 AM hudson.node_monitors.ResponseTimeMonitor$1 monitor
WARNING: Making ase_test_txue offline because it’s not responding
Apr 03, 2017 12:23:46 AM hudson.slaves.SlaveComputer tryReconnect
INFO: Attempting to reconnect ase_test_txue
Apr 03, 2017 12:43:46 AM hudson.slaves.SlaveComputer tryReconnect
INFO: Attempting to reconnect ase_test_txue
Apr 03, 2017 1:06:46 AM hudson.slaves.SlaveComputer tryReconnect
INFO: Attempting to reconnect ase_test_txue
Apr 03, 2017 1:14:12 AM hudson.node_monitors.ResponseTimeMonitor$1 monitor
WARNING: Making NT_MONSOON offline because it’s not responding
Apr 03, 2017 1:14:12 AM hudson.node_monitors.ResponseTimeMonitor$1 monitor
WARNING: Making ase_test_txue offline because it’s not responding
Apr 03, 2017 1:28:46 AM hudson.slaves.SlaveComputer tryReconnect
INFO: Attempting to reconnect ase_test_txue
Apr 03, 2017 1:50:46 AM hudson.slaves.SlaveComputer tryReconnect
INFO: Attempting to reconnect ase_test_txue
Apr 03, 2017 2:12:46 AM hudson.slaves.SlaveComputer tryReconnect
INFO: Attempting to reconnect ase_test_txue
Apr 03, 2017 2:14:12 AM hudson.node_monitors.ResponseTimeMonitor$1 monitor
WARNING: Making NT_MONSOON offline because it’s not responding
Apr 03, 2017 2:14:12 AM hudson.node_monitors.ResponseTimeMonitor$1 monitor
WARNING: Making ase_test_txue offline because it’s not responding
Apr 03, 2017 2:36:46 AM hudson.slaves.SlaveComputer tryReconnect
INFO: Attempting to reconnect ase_test_txue
Apr 03, 2017 2:58:46 AM hudson.slaves.SlaveComputer tryReconnect
INFO: Attempting to reconnect ase_test_txue
Apr 03, 2017 3:14:12 AM hudson.node_monitors.ResponseTimeMonitor$1 monitor
WARNING: Making NT_MONSOON offline because it’s not responding
Apr 03, 2017 3:14:12 AM hudson.node_monitors.ResponseTimeMonitor$1 monitor
WARNING: Making ase_test_txue offline because it’s not responding
Apr 03, 2017 3:20:46 AM hudson.slaves.SlaveComputer tryReconnect
INFO: Attempting to reconnect ase_test_txue
Apr 03, 2017 3:43:46 AM hudson.slaves.SlaveComputer tryReconnect
INFO: Attempting to reconnect ase_test_txue
Apr 03, 2017 4:06:46 AM hudson.slaves.SlaveComputer tryReconnect
INFO: Attempting to reconnect ase_test_txue
Apr 03, 2017 4:14:12 AM hudson.node_monitors.ResponseTimeMonitor$1 monitor
WARNING: Making NT_MONSOON offline because it’s not responding
Apr 03, 2017 4:14:12 AM hudson.node_monitors.ResponseTimeMonitor$1 monitor
WARNING: Making ase_test_txue offline because it’s not responding
Apr 03, 2017 4:28:46 AM hudson.slaves.SlaveComputer tryReconnect
INFO: Attempting to reconnect ase_test_txue
Apr 03, 2017 4:51:46 AM hudson.slaves.SlaveComputer tryReconnect
INFO: Attempting to reconnect ase_test_txue
Apr 03, 2017 4:57:01 AM hudson.model.AsyncPeriodicWork$1 run
INFO: Started Fingerprint cleanup
Apr 03, 2017 4:57:01 AM hudson.model.AsyncPeriodicWork$1 run
INFO: Finished Fingerprint cleanup. 1 ms
Apr 03, 2017 5:12:46 AM hudson.slaves.SlaveComputer tryReconnect
INFO: Attempting to reconnect ase_test_txue
Apr 03, 2017 5:14:12 AM hudson.node_monitors.ResponseTimeMonitor$1 monitor
WARNING: Making NT_MONSOON offline because it’s not responding
Apr 03, 2017 5:14:12 AM hudson.node_monitors.ResponseTimeMonitor$1 monitor
WARNING: Making ase_test_txue offline because it’s not responding
Apr 03, 2017 5:34:46 AM hudson.slaves.SlaveComputer tryReconnect
INFO: Attempting to reconnect ase_test_txue
Apr 03, 2017 5:57:46 AM hudson.slaves.SlaveComputer tryReconnect
INFO: Attempting to reconnect ase_test_txue
Apr 03, 2017 6:14:12 AM hudson.node_monitors.ResponseTimeMonitor$1 monitor
WARNING: Making NT_MONSOON offline because it’s not responding
Apr 03, 2017 6:14:12 AM hudson.node_monitors.ResponseTimeMonitor$1 monitor
WARNING: Making ase_test_txue offline because it’s not responding
Apr 03, 2017 6:19:46 AM hudson.slaves.SlaveComputer tryReconnect
INFO: Attempting to reconnect ase_test_txue
Apr 03, 2017 6:42:46 AM hudson.slaves.SlaveComputer tryReconnect
INFO: Attempting to reconnect ase_test_txue
Apr 03, 2017 7:02:46 AM hudson.slaves.SlaveComputer tryReconnect
INFO: Attempting to reconnect ase_test_txue
Apr 03, 2017 7:14:12 AM hudson.node_monitors.ResponseTimeMonitor$1 monitor
WARNING: Making NT_MONSOON offline because it’s not responding
Apr 03, 2017 7:14:12 AM hudson.node_monitors.ResponseTimeMonitor$1 monitor
WARNING: Making ase_test_txue offline because it’s not responding
Apr 03, 2017 7:23:46 AM hudson.slaves.SlaveComputer tryReconnect
INFO: Attempting to reconnect ase_test_txue
Apr 03, 2017 7:46:46 AM hudson.slaves.SlaveComputer tryReconnect
INFO: Attempting to reconnect ase_test_txue
Apr 03, 2017 8:08:46 AM hudson.slaves.SlaveComputer tryReconnect
INFO: Attempting to reconnect ase_test_txue
Apr 03, 2017 8:09:01 AM hudson.model.Run execute
INFO: SRS_RMA_BUILD_TRIGGER_BY_RMADEV_SP306 #173 main build action completed: FAILURE
Apr 03, 2017 8:09:05 AM hudson.model.Run execute
INFO: SRS_RMA_BUILD_TRIGGER_BY_RMADEV_SP305 #245 main build action completed: FAILURE
Apr 03, 2017 8:14:12 AM hudson.node_monitors.ResponseTimeMonitor$1 monitor
WARNING: Making NT_MONSOON offline because it’s not responding
Apr 03, 2017 8:14:12 AM hudson.node_monitors.ResponseTimeMonitor$1 monitor
WARNING: Making ase_test_txue offline because it’s not responding
Apr 03, 2017 8:19:25 AM hudson.model.Run execute
INFO: SRS_RMA_BUILD_TRIGGER_BY_RMADEV_160SP03 #9 main build action completed: SUCCESS
Apr 03, 2017 8:30:46 AM hudson.slaves.SlaveComputer tryReconnect
INFO: Attempting to reconnect ase_test_txue
Apr 03, 2017 8:53:46 AM hudson.slaves.SlaveComputer tryReconnect
INFO: Attempting to reconnect ase_test_txue
Apr 03, 2017 9:14:12 AM hudson.node_monitors.ResponseTimeMonitor$1 monitor
WARNING: Making NT_MONSOON offline because it’s not responding
Apr 03, 2017 9:14:12 AM hudson.node_monitors.ResponseTimeMonitor$1 monitor
WARNING: Making ase_test_txue offline because it’s not responding
Apr 03, 2017 9:16:46 AM hudson.slaves.SlaveComputer tryReconnect
INFO: Attempting to reconnect ase_test_txue
Apr 03, 2017 9:38:46 AM hudson.slaves.SlaveComputer tryReconnect
INFO: Attempting to reconnect ase_test_txue
Apr 03, 2017 10:00:46 AM hudson.slaves.SlaveComputer tryReconnect
INFO: Attempting to reconnect ase_test_txue
Apr 03, 2017 10:14:12 AM hudson.node_monitors.ResponseTimeMonitor$1 monitor
WARNING: Making NT_MONSOON offline because it’s not responding
Apr 03, 2017 10:14:12 AM hudson.node_monitors.ResponseTimeMonitor$1 monitor
WARNING: Making ase_test_txue offline because it’s not responding
Apr 03, 2017 10:23:46 AM hudson.slaves.SlaveComputer tryReconnect
INFO: Attempting to reconnect ase_test_txue
Apr 03, 2017 10:45:46 AM hudson.slaves.SlaveComputer tryReconnect
INFO: Attempting to reconnect ase_test_txue
Apr 03, 2017 11:07:46 AM hudson.slaves.SlaveComputer tryReconnect
INFO: Attempting to reconnect ase_test_txue
Apr 03, 2017 11:14:12 AM hudson.node_monitors.ResponseTimeMonitor$1 monitor
WARNING: Making NT_MONSOON offline because it’s not responding
Apr 03, 2017 11:14:12 AM hudson.node_monitors.ResponseTimeMonitor$1 monitor
WARNING: Making ase_test_txue offline because it’s not responding
Apr 03, 2017 11:29:46 AM hudson.slaves.SlaveComputer tryReconnect
INFO: Attempting to reconnect ase_test_txue
Apr 03, 2017 11:52:46 AM hudson.slaves.SlaveComputer tryReconnect
INFO: Attempting to reconnect ase_test_txue
Apr 03, 2017 12:14:12 PM hudson.node_monitors.ResponseTimeMonitor$1 monitor
WARNING: Making NT_MONSOON offline because it’s not responding
Apr 03, 2017 12:14:12 PM hudson.node_monitors.ResponseTimeMonitor$1 monitor
WARNING: Making ase_test_txue offline because it’s not responding
Apr 03, 2017 12:15:46 PM hudson.slaves.SlaveComputer tryReconnect
INFO: Attempting to reconnect ase_test_txue
Apr 03, 2017 12:38:46 PM hudson.slaves.SlaveComputer tryReconnect
INFO: Attempting to reconnect ase_test_txue
Apr 03, 2017 12:59:46 PM hudson.slaves.SlaveComputer tryReconnect
INFO: Attempting to reconnect ase_test_txue
Apr 03, 2017 1:14:12 PM hudson.node_monitors.ResponseTimeMonitor$1 monitor
WARNING: Making NT_MONSOON offline because it’s not responding
Apr 03, 2017 1:14:12 PM hudson.node_monitors.ResponseTimeMonitor$1 monitor
WARNING: Making ase_test_txue offline because it’s not responding
Apr 03, 2017 1:22:46 PM hudson.slaves.SlaveComputer tryReconnect
INFO: Attempting to reconnect ase_test_txue
Apr 03, 2017 1:43:46 PM hudson.slaves.SlaveComputer tryReconnect
INFO: Attempting to reconnect ase_test_txue
Apr 03, 2017 2:06:46 PM hudson.slaves.SlaveComputer tryReconnect
INFO: Attempting to reconnect ase_test_txue
Apr 03, 2017 2:14:12 PM hudson.node_monitors.ResponseTimeMonitor$1 monitor
WARNING: Making NT_MONSOON offline because it’s not responding
Apr 03, 2017 2:14:12 PM hudson.node_monitors.ResponseTimeMonitor$1 monitor
WARNING: Making ase_test_txue offline because it’s not responding
Apr 03, 2017 2:24:51 PM hudson.model.AsyncPeriodicWork$1 run
INFO: Started Download metadata
Apr 03, 2017 2:25:04 PM hudson.model.UpdateSite updateData
INFO: Obtained the latest update center data file for UpdateSource default
Apr 03, 2017 2:25:06 PM hudson.model.AsyncPeriodicWork$1 run
INFO: Finished Download metadata. 15,066 ms
Apr 03, 2017 2:28:46 PM hudson.slaves.SlaveComputer tryReconnect
INFO: Attempting to reconnect ase_test_txue
Apr 03, 2017 2:50:46 PM hudson.slaves.SlaveComputer tryReconnect
INFO: Attempting to reconnect ase_test_txue
Apr 03, 2017 3:13:46 PM hudson.slaves.SlaveComputer tryReconnect
INFO: Attempting to reconnect ase_test_txue
Apr 03, 2017 3:14:12 PM hudson.node_monitors.ResponseTimeMonitor$1 monitor
WARNING: Making NT_MONSOON offline because it’s not responding
Apr 03, 2017 3:14:12 PM hudson.node_monitors.ResponseTimeMonitor$1 monitor
WARNING: Making ase_test_txue offline because it’s not responding
Apr 03, 2017 3:36:46 PM hudson.slaves.SlaveComputer tryReconnect
INFO: Attempting to reconnect ase_test_txue
Apr 03, 2017 3:59:46 PM hudson.slaves.SlaveComputer tryReconnect
INFO: Attempting to reconnect ase_test_txue
Apr 03, 2017 4:14:12 PM hudson.node_monitors.ResponseTimeMonitor$1 monitor
WARNING: Making NT_MONSOON offline because it’s not responding
Apr 03, 2017 4:14:12 PM hudson.node_monitors.ResponseTimeMonitor$1 monitor
WARNING: Making ase_test_txue offline because it’s not responding
Apr 03, 2017 4:21:46 PM hudson.slaves.SlaveComputer tryReconnect
INFO: Attempting to reconnect ase_test_txue
Apr 03, 2017 4:43:46 PM hudson.slaves.SlaveComputer tryReconnect
INFO: Attempting to reconnect ase_test_txue
Apr 03, 2017 5:04:46 PM hudson.slaves.SlaveComputer tryReconnect
INFO: Attempting to reconnect ase_test_txue
Apr 03, 2017 5:14:12 PM hudson.node_monitors.ResponseTimeMonitor$1 monitor
WARNING: Making NT_MONSOON offline because it’s not responding
Apr 03, 2017 5:14:12 PM hudson.node_monitors.ResponseTimeMonitor$1 monitor
WARNING: Making ase_test_txue offline because it’s not responding
Apr 03, 2017 5:25:46 PM hudson.slaves.SlaveComputer tryReconnect
INFO: Attempting to reconnect ase_test_txue
Apr 03, 2017 5:48:46 PM hudson.slaves.SlaveComputer tryReconnect
INFO: Attempting to reconnect ase_test_txue
Apr 03, 2017 6:10:46 PM hudson.slaves.SlaveComputer tryReconnect
INFO: Attempting to reconnect ase_test_txue
Apr 03, 2017 6:14:12 PM hudson.node_monitors.ResponseTimeMonitor$1 monitor
WARNING: Making NT_MONSOON offline because it’s not responding
Apr 03, 2017 6:14:12 PM hudson.node_monitors.ResponseTimeMonitor$1 monitor
WARNING: Making ase_test_txue offline because it’s not responding
Apr 03, 2017 6:32:46 PM hudson.slaves.SlaveComputer tryReconnect
INFO: Attempting to reconnect ase_test_txue
Apr 03, 2017 6:54:46 PM hudson.slaves.SlaveComputer tryReconnect
INFO: Attempting to reconnect ase_test_txue
Apr 03, 2017 7:14:12 PM hudson.node_monitors.ResponseTimeMonitor$1 monitor
WARNING: Making NT_MONSOON offline because it’s not responding
Apr 03, 2017 7:14:12 PM hudson.node_monitors.ResponseTimeMonitor$1 monitor
WARNING: Making ase_test_txue offline because it’s not responding
Apr 03, 2017 7:16:46 PM hudson.slaves.SlaveComputer tryReconnect
INFO: Attempting to reconnect ase_test_txue
Apr 03, 2017 7:38:46 PM hudson.slaves.SlaveComputer tryReconnect
INFO: Attempting to reconnect ase_test_txue
Apr 03, 2017 8:01:46 PM hudson.slaves.SlaveComputer tryReconnect
INFO: Attempting to reconnect ase_test_txue
Apr 03, 2017 8:14:12 PM hudson.node_monitors.ResponseTimeMonitor$1 monitor
WARNING: Making NT_MONSOON offline because it’s not responding
Apr 03, 2017 8:14:12 PM hudson.node_monitors.ResponseTimeMonitor$1 monitor
WARNING: Making ase_test_txue offline because it’s not responding
Apr 03, 2017 8:23:46 PM hudson.slaves.SlaveComputer tryReconnect
INFO: Attempting to reconnect ase_test_txue
Apr 03, 2017 8:47:46 PM hudson.slaves.SlaveComputer tryReconnect
INFO: Attempting to reconnect ase_test_txue
Apr 03, 2017 8:57:49 PM hudson.model.AsyncPeriodicWork$1 run
INFO: Started Workspace clean-up
Apr 03, 2017 8:57:49 PM hudson.model.AsyncPeriodicWork$1 run
INFO: Finished Workspace clean-up. 607 ms
Apr 03, 2017 9:10:46 PM hudson.slaves.SlaveComputer tryReconnect
INFO: Attempting to reconnect ase_test_txue
Apr 03, 2017 9:14:12 PM hudson.node_monitors.ResponseTimeMonitor$1 monitor
WARNING: Making NT_MONSOON offline because it’s not responding
Apr 03, 2017 9:14:12 PM hudson.node_monitors.ResponseTimeMonitor$1 monitor
WARNING: Making ase_test_txue offline because it’s not responding
Apr 03, 2017 9:32:46 PM hudson.slaves.SlaveComputer tryReconnect
INFO: Attempting to reconnect ase_test_txue
Apr 03, 2017 9:53:46 PM hudson.slaves.SlaveComputer tryReconnect
INFO: Attempting to reconnect ase_test_txue
Apr 03, 2017 10:14:12 PM hudson.node_monitors.ResponseTimeMonitor$1 monitor
WARNING: Making NT_MONSOON offline because it’s not responding
Apr 03, 2017 10:14:12 PM hudson.node_monitors.ResponseTimeMonitor$1 monitor
WARNING: Making ase_test_txue offline because it’s not responding
Apr 03, 2017 10:15:46 PM hudson.slaves.SlaveComputer tryReconnect
INFO: Attempting to reconnect ase_test_txue
Apr 03, 2017 10:36:46 PM hudson.slaves.SlaveComputer tryReconnect
INFO: Attempting to reconnect ase_test_txue
Apr 03, 2017 10:58:46 PM hudson.slaves.SlaveComputer tryReconnect
INFO: Attempting to reconnect ase_test_txue
Apr 03, 2017 11:14:12 PM hudson.node_monitors.ResponseTimeMonitor$1 monitor
WARNING: Making NT_MONSOON offline because it’s not responding
Apr 03, 2017 11:14:12 PM hudson.node_monitors.ResponseTimeMonitor$1 monitor
WARNING: Making ase_test_txue offline because it’s not responding
Apr 03, 2017 11:19:46 PM hudson.slaves.SlaveComputer tryReconnect
INFO: Attempting to reconnect ase_test_txue
Apr 03, 2017 11:41:46 PM hudson.slaves.SlaveComputer tryReconnect
INFO: Attempting to reconnect ase_test_txue
