May 09, 2017 12:14:12 AM hudson.node_monitors.ResponseTimeMonitor$1 monitor
WARNING: Making NT_MONSOON offline because it’s not responding
May 09, 2017 12:14:12 AM hudson.node_monitors.ResponseTimeMonitor$1 monitor
WARNING: Making ase_test_txue offline because it’s not responding
May 09, 2017 12:15:46 AM hudson.slaves.SlaveComputer tryReconnect
INFO: Attempting to reconnect ase_test_txue
May 09, 2017 12:37:46 AM hudson.slaves.SlaveComputer tryReconnect
INFO: Attempting to reconnect ase_test_txue
May 09, 2017 12:59:46 AM hudson.slaves.SlaveComputer tryReconnect
INFO: Attempting to reconnect ase_test_txue
May 09, 2017 1:14:12 AM hudson.node_monitors.ResponseTimeMonitor$1 monitor
WARNING: Making NT_MONSOON offline because it’s not responding
May 09, 2017 1:14:12 AM hudson.node_monitors.ResponseTimeMonitor$1 monitor
WARNING: Making ase_test_txue offline because it’s not responding
May 09, 2017 1:21:46 AM hudson.slaves.SlaveComputer tryReconnect
INFO: Attempting to reconnect ase_test_txue
May 09, 2017 1:43:46 AM hudson.slaves.SlaveComputer tryReconnect
INFO: Attempting to reconnect ase_test_txue
May 09, 2017 2:06:46 AM hudson.slaves.SlaveComputer tryReconnect
INFO: Attempting to reconnect ase_test_txue
May 09, 2017 2:14:12 AM hudson.node_monitors.ResponseTimeMonitor$1 monitor
WARNING: Making NT_MONSOON offline because it’s not responding
May 09, 2017 2:14:12 AM hudson.node_monitors.ResponseTimeMonitor$1 monitor
WARNING: Making ase_test_txue offline because it’s not responding
May 09, 2017 2:28:46 AM hudson.slaves.SlaveComputer tryReconnect
INFO: Attempting to reconnect ase_test_txue
May 09, 2017 2:49:46 AM hudson.slaves.SlaveComputer tryReconnect
INFO: Attempting to reconnect ase_test_txue
May 09, 2017 3:12:46 AM hudson.slaves.SlaveComputer tryReconnect
INFO: Attempting to reconnect ase_test_txue
May 09, 2017 3:14:12 AM hudson.node_monitors.ResponseTimeMonitor$1 monitor
WARNING: Making NT_MONSOON offline because it’s not responding
May 09, 2017 3:14:12 AM hudson.node_monitors.ResponseTimeMonitor$1 monitor
WARNING: Making ase_test_txue offline because it’s not responding
May 09, 2017 3:34:46 AM hudson.slaves.SlaveComputer tryReconnect
INFO: Attempting to reconnect ase_test_txue
May 09, 2017 3:56:46 AM hudson.slaves.SlaveComputer tryReconnect
INFO: Attempting to reconnect ase_test_txue
May 09, 2017 4:14:12 AM hudson.node_monitors.ResponseTimeMonitor$1 monitor
WARNING: Making NT_MONSOON offline because it’s not responding
May 09, 2017 4:14:12 AM hudson.node_monitors.ResponseTimeMonitor$1 monitor
WARNING: Making ase_test_txue offline because it’s not responding
May 09, 2017 4:19:46 AM hudson.slaves.SlaveComputer tryReconnect
INFO: Attempting to reconnect ase_test_txue
May 09, 2017 4:41:46 AM hudson.slaves.SlaveComputer tryReconnect
INFO: Attempting to reconnect ase_test_txue
May 09, 2017 4:57:01 AM hudson.model.AsyncPeriodicWork$1 run
INFO: Started Fingerprint cleanup
May 09, 2017 4:57:01 AM hudson.model.AsyncPeriodicWork$1 run
INFO: Finished Fingerprint cleanup. 0 ms
May 09, 2017 5:04:46 AM hudson.slaves.SlaveComputer tryReconnect
INFO: Attempting to reconnect ase_test_txue
May 09, 2017 5:14:12 AM hudson.node_monitors.ResponseTimeMonitor$1 monitor
WARNING: Making NT_MONSOON offline because it’s not responding
May 09, 2017 5:14:12 AM hudson.node_monitors.ResponseTimeMonitor$1 monitor
WARNING: Making ase_test_txue offline because it’s not responding
May 09, 2017 5:27:46 AM hudson.slaves.SlaveComputer tryReconnect
INFO: Attempting to reconnect ase_test_txue
May 09, 2017 5:49:46 AM hudson.slaves.SlaveComputer tryReconnect
INFO: Attempting to reconnect ase_test_txue
May 09, 2017 6:10:46 AM hudson.slaves.SlaveComputer tryReconnect
INFO: Attempting to reconnect ase_test_txue
May 09, 2017 6:14:12 AM hudson.node_monitors.ResponseTimeMonitor$1 monitor
WARNING: Making NT_MONSOON offline because it’s not responding
May 09, 2017 6:14:12 AM hudson.node_monitors.ResponseTimeMonitor$1 monitor
WARNING: Making ase_test_txue offline because it’s not responding
May 09, 2017 6:31:46 AM hudson.slaves.SlaveComputer tryReconnect
INFO: Attempting to reconnect ase_test_txue
May 09, 2017 6:54:46 AM hudson.slaves.SlaveComputer tryReconnect
INFO: Attempting to reconnect ase_test_txue
May 09, 2017 7:14:12 AM hudson.node_monitors.ResponseTimeMonitor$1 monitor
WARNING: Making NT_MONSOON offline because it’s not responding
May 09, 2017 7:14:12 AM hudson.node_monitors.ResponseTimeMonitor$1 monitor
WARNING: Making ase_test_txue offline because it’s not responding
May 09, 2017 7:16:46 AM hudson.slaves.SlaveComputer tryReconnect
INFO: Attempting to reconnect ase_test_txue
May 09, 2017 7:38:46 AM hudson.slaves.SlaveComputer tryReconnect
INFO: Attempting to reconnect ase_test_txue
May 09, 2017 8:01:46 AM hudson.slaves.SlaveComputer tryReconnect
INFO: Attempting to reconnect ase_test_txue
May 09, 2017 8:12:25 AM hudson.model.Run execute
INFO: SRS_RMA_BUILD_TRIGGER_BY_RMADEV_160SP03 #77 main build action completed: FAILURE
May 09, 2017 8:14:12 AM hudson.node_monitors.ResponseTimeMonitor$1 monitor
WARNING: Making NT_MONSOON offline because it’s not responding
May 09, 2017 8:14:12 AM hudson.node_monitors.ResponseTimeMonitor$1 monitor
WARNING: Making ase_test_txue offline because it’s not responding
May 09, 2017 8:19:22 AM hudson.model.Run execute
INFO: SRS_RMA_BUILD_TRIGGER_BY_RMADEV_SP305 #280 main build action completed: SUCCESS
May 09, 2017 8:24:46 AM hudson.slaves.SlaveComputer tryReconnect
INFO: Attempting to reconnect ase_test_txue
May 09, 2017 8:39:24 AM hudson.model.Run execute
INFO: SRS_RMA_BUILD_TRIGGER_BY_RMADEV_SP306 #227 main build action completed: SUCCESS
May 09, 2017 8:48:46 AM hudson.slaves.SlaveComputer tryReconnect
INFO: Attempting to reconnect ase_test_txue
May 09, 2017 9:10:46 AM hudson.slaves.SlaveComputer tryReconnect
INFO: Attempting to reconnect ase_test_txue
May 09, 2017 9:14:12 AM hudson.node_monitors.ResponseTimeMonitor$1 monitor
WARNING: Making NT_MONSOON offline because it’s not responding
May 09, 2017 9:14:12 AM hudson.node_monitors.ResponseTimeMonitor$1 monitor
WARNING: Making ase_test_txue offline because it’s not responding
May 09, 2017 9:30:46 AM hudson.slaves.SlaveComputer tryReconnect
INFO: Attempting to reconnect ase_test_txue
May 09, 2017 9:52:46 AM hudson.slaves.SlaveComputer tryReconnect
INFO: Attempting to reconnect ase_test_txue
May 09, 2017 10:14:12 AM hudson.node_monitors.ResponseTimeMonitor$1 monitor
WARNING: Making NT_MONSOON offline because it’s not responding
May 09, 2017 10:14:12 AM hudson.node_monitors.ResponseTimeMonitor$1 monitor
WARNING: Making ase_test_txue offline because it’s not responding
May 09, 2017 10:14:46 AM hudson.slaves.SlaveComputer tryReconnect
INFO: Attempting to reconnect ase_test_txue
May 09, 2017 10:37:46 AM hudson.slaves.SlaveComputer tryReconnect
INFO: Attempting to reconnect ase_test_txue
May 09, 2017 10:59:46 AM hudson.slaves.SlaveComputer tryReconnect
INFO: Attempting to reconnect ase_test_txue
May 09, 2017 11:14:12 AM hudson.node_monitors.ResponseTimeMonitor$1 monitor
WARNING: Making NT_MONSOON offline because it’s not responding
May 09, 2017 11:14:12 AM hudson.node_monitors.ResponseTimeMonitor$1 monitor
WARNING: Making ase_test_txue offline because it’s not responding
May 09, 2017 11:22:46 AM hudson.slaves.SlaveComputer tryReconnect
INFO: Attempting to reconnect ase_test_txue
May 09, 2017 11:45:46 AM hudson.slaves.SlaveComputer tryReconnect
INFO: Attempting to reconnect ase_test_txue
May 09, 2017 12:07:46 PM hudson.slaves.SlaveComputer tryReconnect
INFO: Attempting to reconnect ase_test_txue
May 09, 2017 12:14:12 PM hudson.node_monitors.ResponseTimeMonitor$1 monitor
WARNING: Making NT_MONSOON offline because it’s not responding
May 09, 2017 12:14:12 PM hudson.node_monitors.ResponseTimeMonitor$1 monitor
WARNING: Making ase_test_txue offline because it’s not responding
May 09, 2017 12:28:46 PM hudson.slaves.SlaveComputer tryReconnect
INFO: Attempting to reconnect ase_test_txue
May 09, 2017 12:51:46 PM hudson.slaves.SlaveComputer tryReconnect
INFO: Attempting to reconnect ase_test_txue
May 09, 2017 1:13:46 PM hudson.slaves.SlaveComputer tryReconnect
INFO: Attempting to reconnect ase_test_txue
May 09, 2017 1:14:12 PM hudson.node_monitors.ResponseTimeMonitor$1 monitor
WARNING: Making NT_MONSOON offline because it’s not responding
May 09, 2017 1:14:12 PM hudson.node_monitors.ResponseTimeMonitor$1 monitor
WARNING: Making ase_test_txue offline because it’s not responding
May 09, 2017 1:27:31 PM hudson.model.Run execute
INFO: 160SP03_SRS_DAILY_BUILD #34 main build action completed: SUCCESS
May 09, 2017 1:36:46 PM hudson.slaves.SlaveComputer tryReconnect
INFO: Attempting to reconnect ase_test_txue
May 09, 2017 1:37:57 PM hudson.model.Run execute
INFO: SRS_SP03_TEST #27 main build action completed: SUCCESS
May 09, 2017 1:38:09 PM hudson.model.Run execute
INFO: CREATE_LINK_SP03 #27 main build action completed: SUCCESS
May 09, 2017 1:38:10 PM hudson.model.Run execute
INFO: SRS_160SP03_SERIAL #27 main build action completed: SUCCESS
May 09, 2017 1:59:46 PM hudson.slaves.SlaveComputer tryReconnect
INFO: Attempting to reconnect ase_test_txue
May 09, 2017 2:14:12 PM hudson.node_monitors.ResponseTimeMonitor$1 monitor
WARNING: Making NT_MONSOON offline because it’s not responding
May 09, 2017 2:14:12 PM hudson.node_monitors.ResponseTimeMonitor$1 monitor
WARNING: Making ase_test_txue offline because it’s not responding
May 09, 2017 2:22:46 PM hudson.slaves.SlaveComputer tryReconnect
INFO: Attempting to reconnect ase_test_txue
May 09, 2017 2:24:51 PM hudson.model.AsyncPeriodicWork$1 run
INFO: Started Download metadata
May 09, 2017 2:25:00 PM hudson.model.UpdateSite updateData
INFO: Obtained the latest update center data file for UpdateSource default
May 09, 2017 2:25:02 PM hudson.model.AsyncPeriodicWork$1 run
INFO: Finished Download metadata. 10,948 ms
May 09, 2017 2:44:46 PM hudson.slaves.SlaveComputer tryReconnect
INFO: Attempting to reconnect ase_test_txue
May 09, 2017 3:07:46 PM hudson.slaves.SlaveComputer tryReconnect
INFO: Attempting to reconnect ase_test_txue
May 09, 2017 3:14:12 PM hudson.node_monitors.ResponseTimeMonitor$1 monitor
WARNING: Making NT_MONSOON offline because it’s not responding
May 09, 2017 3:14:12 PM hudson.node_monitors.ResponseTimeMonitor$1 monitor
WARNING: Making ase_test_txue offline because it’s not responding
May 09, 2017 3:28:46 PM hudson.slaves.SlaveComputer tryReconnect
INFO: Attempting to reconnect ase_test_txue
May 09, 2017 3:52:46 PM hudson.slaves.SlaveComputer tryReconnect
INFO: Attempting to reconnect ase_test_txue
May 09, 2017 4:14:12 PM hudson.node_monitors.ResponseTimeMonitor$1 monitor
WARNING: Making NT_MONSOON offline because it’s not responding
May 09, 2017 4:14:12 PM hudson.node_monitors.ResponseTimeMonitor$1 monitor
WARNING: Making ase_test_txue offline because it’s not responding
May 09, 2017 4:15:46 PM hudson.slaves.SlaveComputer tryReconnect
INFO: Attempting to reconnect ase_test_txue
May 09, 2017 4:36:46 PM hudson.slaves.SlaveComputer tryReconnect
INFO: Attempting to reconnect ase_test_txue
May 09, 2017 4:59:46 PM hudson.slaves.SlaveComputer tryReconnect
INFO: Attempting to reconnect ase_test_txue
May 09, 2017 5:06:25 PM hudson.model.Run execute
INFO: SP306_SRS_DAILY_BUILD #35 main build action completed: SUCCESS
May 09, 2017 5:14:12 PM hudson.node_monitors.ResponseTimeMonitor$1 monitor
WARNING: Making NT_MONSOON offline because it’s not responding
May 09, 2017 5:14:12 PM hudson.node_monitors.ResponseTimeMonitor$1 monitor
WARNING: Making ase_test_txue offline because it’s not responding
May 09, 2017 5:17:43 PM hudson.model.Run execute
INFO: SRS_SP306_TEST #39 main build action completed: SUCCESS
May 09, 2017 5:17:55 PM hudson.model.Run execute
INFO: CREATE_LINK_SP306 #22 main build action completed: SUCCESS
May 09, 2017 5:17:55 PM hudson.model.Run execute
INFO: SRS_SP306_SERIAL #30 main build action completed: SUCCESS
May 09, 2017 5:21:46 PM hudson.slaves.SlaveComputer tryReconnect
INFO: Attempting to reconnect ase_test_txue
May 09, 2017 5:43:46 PM hudson.slaves.SlaveComputer tryReconnect
INFO: Attempting to reconnect ase_test_txue
May 09, 2017 6:05:46 PM hudson.slaves.SlaveComputer tryReconnect
INFO: Attempting to reconnect ase_test_txue
May 09, 2017 6:14:12 PM hudson.node_monitors.ResponseTimeMonitor$1 monitor
WARNING: Making NT_MONSOON offline because it’s not responding
May 09, 2017 6:14:12 PM hudson.node_monitors.ResponseTimeMonitor$1 monitor
WARNING: Making ase_test_txue offline because it’s not responding
May 09, 2017 6:27:46 PM hudson.slaves.SlaveComputer tryReconnect
INFO: Attempting to reconnect ase_test_txue
May 09, 2017 6:49:46 PM hudson.slaves.SlaveComputer tryReconnect
INFO: Attempting to reconnect ase_test_txue
May 09, 2017 7:10:46 PM hudson.slaves.SlaveComputer tryReconnect
INFO: Attempting to reconnect ase_test_txue
May 09, 2017 7:14:12 PM hudson.node_monitors.ResponseTimeMonitor$1 monitor
WARNING: Making NT_MONSOON offline because it’s not responding
May 09, 2017 7:14:12 PM hudson.node_monitors.ResponseTimeMonitor$1 monitor
WARNING: Making ase_test_txue offline because it’s not responding
May 09, 2017 7:33:46 PM hudson.slaves.SlaveComputer tryReconnect
INFO: Attempting to reconnect ase_test_txue
May 09, 2017 7:56:46 PM hudson.slaves.SlaveComputer tryReconnect
INFO: Attempting to reconnect ase_test_txue
May 09, 2017 8:14:12 PM hudson.node_monitors.ResponseTimeMonitor$1 monitor
WARNING: Making NT_MONSOON offline because it’s not responding
May 09, 2017 8:14:12 PM hudson.node_monitors.ResponseTimeMonitor$1 monitor
WARNING: Making ase_test_txue offline because it’s not responding
May 09, 2017 8:18:46 PM hudson.slaves.SlaveComputer tryReconnect
INFO: Attempting to reconnect ase_test_txue
May 09, 2017 8:39:46 PM hudson.slaves.SlaveComputer tryReconnect
INFO: Attempting to reconnect ase_test_txue
May 09, 2017 8:57:49 PM hudson.model.AsyncPeriodicWork$1 run
INFO: Started Workspace clean-up
May 09, 2017 8:57:50 PM hudson.model.AsyncPeriodicWork$1 run
INFO: Finished Workspace clean-up. 1,016 ms
May 09, 2017 9:02:46 PM hudson.slaves.SlaveComputer tryReconnect
INFO: Attempting to reconnect ase_test_txue
May 09, 2017 9:14:12 PM hudson.node_monitors.ResponseTimeMonitor$1 monitor
WARNING: Making NT_MONSOON offline because it’s not responding
May 09, 2017 9:14:12 PM hudson.node_monitors.ResponseTimeMonitor$1 monitor
WARNING: Making ase_test_txue offline because it’s not responding
May 09, 2017 9:24:46 PM hudson.slaves.SlaveComputer tryReconnect
INFO: Attempting to reconnect ase_test_txue
May 09, 2017 9:46:46 PM hudson.slaves.SlaveComputer tryReconnect
INFO: Attempting to reconnect ase_test_txue
May 09, 2017 10:08:46 PM hudson.slaves.SlaveComputer tryReconnect
INFO: Attempting to reconnect ase_test_txue
May 09, 2017 10:14:12 PM hudson.node_monitors.ResponseTimeMonitor$1 monitor
WARNING: Making NT_MONSOON offline because it’s not responding
May 09, 2017 10:14:12 PM hudson.node_monitors.ResponseTimeMonitor$1 monitor
WARNING: Making ase_test_txue offline because it’s not responding
May 09, 2017 10:29:46 PM hudson.slaves.SlaveComputer tryReconnect
INFO: Attempting to reconnect ase_test_txue
May 09, 2017 10:51:46 PM hudson.slaves.SlaveComputer tryReconnect
INFO: Attempting to reconnect ase_test_txue
May 09, 2017 11:13:46 PM hudson.slaves.SlaveComputer tryReconnect
INFO: Attempting to reconnect ase_test_txue
May 09, 2017 11:14:12 PM hudson.node_monitors.ResponseTimeMonitor$1 monitor
WARNING: Making NT_MONSOON offline because it’s not responding
May 09, 2017 11:14:12 PM hudson.node_monitors.ResponseTimeMonitor$1 monitor
WARNING: Making ase_test_txue offline because it’s not responding
May 09, 2017 11:37:46 PM hudson.slaves.SlaveComputer tryReconnect
INFO: Attempting to reconnect ase_test_txue
