Feb 20, 2017 12:09:51 AM hudson.slaves.SlaveComputer tryReconnect
INFO: Attempting to reconnect ase_test
Feb 20, 2017 12:10:51 AM hudson.slaves.SlaveComputer tryReconnect
INFO: Attempting to reconnect installer_test_linux2
Feb 20, 2017 12:29:51 AM hudson.slaves.SlaveComputer tryReconnect
INFO: Attempting to reconnect ase_test
Feb 20, 2017 12:30:51 AM hudson.slaves.SlaveComputer tryReconnect
INFO: Attempting to reconnect installer_test_linux2
Feb 20, 2017 12:37:17 AM hudson.node_monitors.ResponseTimeMonitor$1 monitor
WARNING: Making ase_test offline because it’s not responding
Feb 20, 2017 12:37:17 AM hudson.node_monitors.ResponseTimeMonitor$1 monitor
WARNING: Making NT_MONSOON offline because it’s not responding
Feb 20, 2017 12:37:17 AM hudson.node_monitors.ResponseTimeMonitor$1 monitor
WARNING: Making installer_test_linux2 offline because it’s not responding
Feb 20, 2017 12:49:51 AM hudson.slaves.SlaveComputer tryReconnect
INFO: Attempting to reconnect ase_test
Feb 20, 2017 12:50:51 AM hudson.slaves.SlaveComputer tryReconnect
INFO: Attempting to reconnect installer_test_linux2
Feb 20, 2017 1:09:51 AM hudson.slaves.SlaveComputer tryReconnect
INFO: Attempting to reconnect ase_test
Feb 20, 2017 1:11:51 AM hudson.slaves.SlaveComputer tryReconnect
INFO: Attempting to reconnect installer_test_linux2
Feb 20, 2017 1:20:59 AM hudson.remoting.SynchronousCommandTransport$ReaderThread run
SEVERE: I/O error in channel installer_test_linux
java.io.IOException: Unexpected termination of the channel
	at hudson.remoting.SynchronousCommandTransport$ReaderThread.run(SynchronousCommandTransport.java:50)
Caused by: java.io.EOFException
	at java.io.ObjectInputStream$PeekInputStream.readFully(ObjectInputStream.java:2323)
	at java.io.ObjectInputStream$BlockDataInputStream.readShort(ObjectInputStream.java:2792)
	at java.io.ObjectInputStream.readStreamHeader(ObjectInputStream.java:799)
	at java.io.ObjectInputStream.<init>(ObjectInputStream.java:299)
	at hudson.remoting.ObjectInputStreamEx.<init>(ObjectInputStreamEx.java:40)
	at hudson.remoting.AbstractSynchronousByteArrayCommandTransport.read(AbstractSynchronousByteArrayCommandTransport.java:34)
	at hudson.remoting.SynchronousCommandTransport$ReaderThread.run(SynchronousCommandTransport.java:48)

Feb 20, 2017 1:21:51 AM hudson.slaves.SlaveComputer tryReconnect
INFO: Attempting to reconnect installer_test_linux
Feb 20, 2017 1:23:51 AM hudson.slaves.SlaveComputer tryReconnect
INFO: Attempting to reconnect installer_test_linux
Feb 20, 2017 1:24:44 AM hudson.remoting.SynchronousCommandTransport$ReaderThread run
SEVERE: I/O error in channel ase_test_txue
java.io.IOException: Unexpected termination of the channel
	at hudson.remoting.SynchronousCommandTransport$ReaderThread.run(SynchronousCommandTransport.java:50)
Caused by: java.io.EOFException
	at java.io.ObjectInputStream$PeekInputStream.readFully(ObjectInputStream.java:2323)
	at java.io.ObjectInputStream$BlockDataInputStream.readShort(ObjectInputStream.java:2792)
	at java.io.ObjectInputStream.readStreamHeader(ObjectInputStream.java:799)
	at java.io.ObjectInputStream.<init>(ObjectInputStream.java:299)
	at hudson.remoting.ObjectInputStreamEx.<init>(ObjectInputStreamEx.java:40)
	at hudson.remoting.AbstractSynchronousByteArrayCommandTransport.read(AbstractSynchronousByteArrayCommandTransport.java:34)
	at hudson.remoting.SynchronousCommandTransport$ReaderThread.run(SynchronousCommandTransport.java:48)

Feb 20, 2017 1:24:51 AM hudson.slaves.SlaveComputer tryReconnect
INFO: Attempting to reconnect ase_test_txue
Feb 20, 2017 1:24:51 AM hudson.slaves.SlaveComputer tryReconnect
INFO: Attempting to reconnect installer_test_linux
Feb 20, 2017 1:26:51 AM hudson.slaves.SlaveComputer tryReconnect
INFO: Attempting to reconnect ase_test_txue
Feb 20, 2017 1:26:51 AM hudson.slaves.SlaveComputer tryReconnect
INFO: Attempting to reconnect installer_test_linux
Feb 20, 2017 1:28:51 AM hudson.slaves.SlaveComputer tryReconnect
INFO: Attempting to reconnect ase_test_txue
Feb 20, 2017 1:28:51 AM hudson.slaves.SlaveComputer tryReconnect
INFO: Attempting to reconnect installer_test_linux
Feb 20, 2017 1:29:51 AM hudson.slaves.SlaveComputer tryReconnect
INFO: Attempting to reconnect ase_test
Feb 20, 2017 1:29:51 AM hudson.slaves.SlaveComputer tryReconnect
INFO: Attempting to reconnect ase_test_txue
Feb 20, 2017 1:31:51 AM hudson.slaves.SlaveComputer tryReconnect
INFO: Attempting to reconnect ase_test_txue
Feb 20, 2017 1:31:51 AM hudson.slaves.SlaveComputer tryReconnect
INFO: Attempting to reconnect installer_test_linux2
Feb 20, 2017 1:37:17 AM hudson.node_monitors.ResponseTimeMonitor$1 monitor
WARNING: Making ase_test offline because it’s not responding
Feb 20, 2017 1:37:17 AM hudson.node_monitors.ResponseTimeMonitor$1 monitor
WARNING: Making NT_MONSOON offline because it’s not responding
Feb 20, 2017 1:37:17 AM hudson.node_monitors.ResponseTimeMonitor$1 monitor
WARNING: Making installer_test_linux2 offline because it’s not responding
Feb 20, 2017 1:39:51 AM hudson.slaves.SlaveComputer tryReconnect
INFO: Attempting to reconnect installer_test_linux
Feb 20, 2017 1:42:51 AM hudson.slaves.SlaveComputer tryReconnect
INFO: Attempting to reconnect ase_test_txue
Feb 20, 2017 1:49:51 AM hudson.slaves.SlaveComputer tryReconnect
INFO: Attempting to reconnect ase_test
Feb 20, 2017 1:50:51 AM hudson.slaves.SlaveComputer tryReconnect
INFO: Attempting to reconnect installer_test_linux2
Feb 20, 2017 1:58:51 AM hudson.slaves.SlaveComputer tryReconnect
INFO: Attempting to reconnect installer_test_linux
Feb 20, 2017 2:02:51 AM hudson.slaves.SlaveComputer tryReconnect
INFO: Attempting to reconnect ase_test_txue
Feb 20, 2017 2:08:51 AM hudson.slaves.SlaveComputer tryReconnect
INFO: Attempting to reconnect ase_test
Feb 20, 2017 2:10:51 AM hudson.slaves.SlaveComputer tryReconnect
INFO: Attempting to reconnect installer_test_linux2
Feb 20, 2017 2:19:51 AM hudson.slaves.SlaveComputer tryReconnect
INFO: Attempting to reconnect installer_test_linux
Feb 20, 2017 2:22:51 AM hudson.slaves.SlaveComputer tryReconnect
INFO: Attempting to reconnect ase_test_txue
Feb 20, 2017 2:28:51 AM hudson.slaves.SlaveComputer tryReconnect
INFO: Attempting to reconnect ase_test
Feb 20, 2017 2:30:51 AM hudson.slaves.SlaveComputer tryReconnect
INFO: Attempting to reconnect installer_test_linux2
Feb 20, 2017 2:37:17 AM hudson.node_monitors.ResponseTimeMonitor$1 monitor
WARNING: Making ase_test offline because it’s not responding
Feb 20, 2017 2:37:17 AM hudson.node_monitors.ResponseTimeMonitor$1 monitor
WARNING: Making NT_MONSOON offline because it’s not responding
Feb 20, 2017 2:37:17 AM hudson.node_monitors.ResponseTimeMonitor$1 monitor
WARNING: Making installer_test_linux2 offline because it’s not responding
Feb 20, 2017 2:39:51 AM hudson.slaves.SlaveComputer tryReconnect
INFO: Attempting to reconnect installer_test_linux
Feb 20, 2017 2:43:51 AM hudson.slaves.SlaveComputer tryReconnect
INFO: Attempting to reconnect ase_test_txue
Feb 20, 2017 2:50:51 AM hudson.slaves.SlaveComputer tryReconnect
INFO: Attempting to reconnect ase_test
Feb 20, 2017 2:52:51 AM hudson.slaves.SlaveComputer tryReconnect
INFO: Attempting to reconnect installer_test_linux2
Feb 20, 2017 3:01:51 AM hudson.slaves.SlaveComputer tryReconnect
INFO: Attempting to reconnect installer_test_linux
Feb 20, 2017 3:04:51 AM hudson.slaves.SlaveComputer tryReconnect
INFO: Attempting to reconnect ase_test_txue
Feb 20, 2017 3:12:51 AM hudson.slaves.SlaveComputer tryReconnect
INFO: Attempting to reconnect ase_test
Feb 20, 2017 3:14:51 AM hudson.slaves.SlaveComputer tryReconnect
INFO: Attempting to reconnect installer_test_linux2
Feb 20, 2017 3:23:51 AM hudson.slaves.SlaveComputer tryReconnect
INFO: Attempting to reconnect installer_test_linux
Feb 20, 2017 3:26:51 AM hudson.slaves.SlaveComputer tryReconnect
INFO: Attempting to reconnect ase_test_txue
Feb 20, 2017 3:34:51 AM hudson.slaves.SlaveComputer tryReconnect
INFO: Attempting to reconnect ase_test
Feb 20, 2017 3:36:51 AM hudson.slaves.SlaveComputer tryReconnect
INFO: Attempting to reconnect installer_test_linux2
Feb 20, 2017 3:37:17 AM hudson.node_monitors.ResponseTimeMonitor$1 monitor
WARNING: Making ase_test offline because it’s not responding
Feb 20, 2017 3:37:17 AM hudson.node_monitors.ResponseTimeMonitor$1 monitor
WARNING: Making NT_MONSOON offline because it’s not responding
Feb 20, 2017 3:37:17 AM hudson.node_monitors.ResponseTimeMonitor$1 monitor
WARNING: Making installer_test_linux2 offline because it’s not responding
Feb 20, 2017 3:45:51 AM hudson.slaves.SlaveComputer tryReconnect
INFO: Attempting to reconnect installer_test_linux
Feb 20, 2017 3:47:51 AM hudson.slaves.SlaveComputer tryReconnect
INFO: Attempting to reconnect ase_test_txue
Feb 20, 2017 3:48:28 AM hudson.model.AsyncPeriodicWork$1 run
INFO: Started Workspace clean-up
Feb 20, 2017 3:48:29 AM hudson.model.AsyncPeriodicWork$1 run
INFO: Finished Workspace clean-up. 132 ms
Feb 20, 2017 3:53:51 AM hudson.slaves.SlaveComputer tryReconnect
INFO: Attempting to reconnect ase_test
Feb 20, 2017 3:55:51 AM hudson.slaves.SlaveComputer tryReconnect
INFO: Attempting to reconnect installer_test_linux2
Feb 20, 2017 4:04:51 AM hudson.slaves.SlaveComputer tryReconnect
INFO: Attempting to reconnect installer_test_linux
Feb 20, 2017 4:07:51 AM hudson.slaves.SlaveComputer tryReconnect
INFO: Attempting to reconnect ase_test_txue
Feb 20, 2017 4:14:51 AM hudson.slaves.SlaveComputer tryReconnect
INFO: Attempting to reconnect ase_test
Feb 20, 2017 4:15:51 AM hudson.slaves.SlaveComputer tryReconnect
INFO: Attempting to reconnect installer_test_linux2
Feb 20, 2017 4:23:51 AM hudson.slaves.SlaveComputer tryReconnect
INFO: Attempting to reconnect installer_test_linux
Feb 20, 2017 4:27:51 AM hudson.slaves.SlaveComputer tryReconnect
INFO: Attempting to reconnect ase_test_txue
Feb 20, 2017 4:34:51 AM hudson.slaves.SlaveComputer tryReconnect
INFO: Attempting to reconnect ase_test
Feb 20, 2017 4:36:51 AM hudson.slaves.SlaveComputer tryReconnect
INFO: Attempting to reconnect installer_test_linux2
Feb 20, 2017 4:37:17 AM hudson.node_monitors.ResponseTimeMonitor$1 monitor
WARNING: Making ase_test offline because it’s not responding
Feb 20, 2017 4:37:17 AM hudson.node_monitors.ResponseTimeMonitor$1 monitor
WARNING: Making NT_MONSOON offline because it’s not responding
Feb 20, 2017 4:37:17 AM hudson.node_monitors.ResponseTimeMonitor$1 monitor
WARNING: Making installer_test_linux2 offline because it’s not responding
Feb 20, 2017 4:44:51 AM hudson.slaves.SlaveComputer tryReconnect
INFO: Attempting to reconnect installer_test_linux
Feb 20, 2017 4:47:51 AM hudson.slaves.SlaveComputer tryReconnect
INFO: Attempting to reconnect ase_test_txue
Feb 20, 2017 4:54:51 AM hudson.slaves.SlaveComputer tryReconnect
INFO: Attempting to reconnect ase_test
Feb 20, 2017 4:56:51 AM hudson.slaves.SlaveComputer tryReconnect
INFO: Attempting to reconnect installer_test_linux2
Feb 20, 2017 5:05:51 AM hudson.slaves.SlaveComputer tryReconnect
INFO: Attempting to reconnect installer_test_linux
Feb 20, 2017 5:09:51 AM hudson.slaves.SlaveComputer tryReconnect
INFO: Attempting to reconnect ase_test_txue
Feb 20, 2017 5:15:51 AM hudson.slaves.SlaveComputer tryReconnect
INFO: Attempting to reconnect ase_test
Feb 20, 2017 5:16:51 AM hudson.slaves.SlaveComputer tryReconnect
INFO: Attempting to reconnect installer_test_linux2
Feb 20, 2017 5:25:51 AM hudson.slaves.SlaveComputer tryReconnect
INFO: Attempting to reconnect installer_test_linux
Feb 20, 2017 5:28:51 AM hudson.slaves.SlaveComputer tryReconnect
INFO: Attempting to reconnect ase_test_txue
Feb 20, 2017 5:35:51 AM hudson.slaves.SlaveComputer tryReconnect
INFO: Attempting to reconnect ase_test
Feb 20, 2017 5:36:51 AM hudson.slaves.SlaveComputer tryReconnect
INFO: Attempting to reconnect installer_test_linux2
Feb 20, 2017 5:37:17 AM hudson.node_monitors.ResponseTimeMonitor$1 monitor
WARNING: Making ase_test_txue offline because it’s not responding
Feb 20, 2017 5:37:17 AM hudson.node_monitors.ResponseTimeMonitor$1 monitor
WARNING: Making ase_test offline because it’s not responding
Feb 20, 2017 5:37:17 AM hudson.node_monitors.ResponseTimeMonitor$1 monitor
WARNING: Making NT_MONSOON offline because it’s not responding
Feb 20, 2017 5:37:17 AM hudson.node_monitors.ResponseTimeMonitor$1 monitor
WARNING: Making installer_test_linux offline because it’s not responding
Feb 20, 2017 5:37:17 AM hudson.node_monitors.ResponseTimeMonitor$1 monitor
WARNING: Making installer_test_linux2 offline because it’s not responding
Feb 20, 2017 5:44:51 AM hudson.slaves.SlaveComputer tryReconnect
INFO: Attempting to reconnect installer_test_linux
Feb 20, 2017 5:47:51 AM hudson.slaves.SlaveComputer tryReconnect
INFO: Attempting to reconnect ase_test_txue
Feb 20, 2017 5:55:51 AM hudson.slaves.SlaveComputer tryReconnect
INFO: Attempting to reconnect ase_test
Feb 20, 2017 5:57:51 AM hudson.slaves.SlaveComputer tryReconnect
INFO: Attempting to reconnect installer_test_linux2
Feb 20, 2017 6:04:51 AM hudson.slaves.SlaveComputer tryReconnect
INFO: Attempting to reconnect installer_test_linux
Feb 20, 2017 6:07:51 AM hudson.slaves.SlaveComputer tryReconnect
INFO: Attempting to reconnect ase_test_txue
Feb 20, 2017 6:13:51 AM hudson.slaves.SlaveComputer tryReconnect
INFO: Attempting to reconnect ase_test
Feb 20, 2017 6:14:51 AM hudson.slaves.SlaveComputer tryReconnect
INFO: Attempting to reconnect installer_test_linux2
Feb 20, 2017 6:22:51 AM hudson.slaves.SlaveComputer tryReconnect
INFO: Attempting to reconnect installer_test_linux
Feb 20, 2017 6:26:51 AM hudson.slaves.SlaveComputer tryReconnect
INFO: Attempting to reconnect ase_test_txue
Feb 20, 2017 6:31:51 AM hudson.slaves.SlaveComputer tryReconnect
INFO: Attempting to reconnect ase_test
Feb 20, 2017 6:33:51 AM hudson.slaves.SlaveComputer tryReconnect
INFO: Attempting to reconnect installer_test_linux2
Feb 20, 2017 6:37:17 AM hudson.node_monitors.ResponseTimeMonitor$1 monitor
WARNING: Making ase_test_txue offline because it’s not responding
Feb 20, 2017 6:37:17 AM hudson.node_monitors.ResponseTimeMonitor$1 monitor
WARNING: Making ase_test offline because it’s not responding
Feb 20, 2017 6:37:17 AM hudson.node_monitors.ResponseTimeMonitor$1 monitor
WARNING: Making NT_MONSOON offline because it’s not responding
Feb 20, 2017 6:37:17 AM hudson.node_monitors.ResponseTimeMonitor$1 monitor
WARNING: Making installer_test_linux offline because it’s not responding
Feb 20, 2017 6:37:17 AM hudson.node_monitors.ResponseTimeMonitor$1 monitor
WARNING: Making installer_test_linux2 offline because it’s not responding
Feb 20, 2017 6:40:51 AM hudson.slaves.SlaveComputer tryReconnect
INFO: Attempting to reconnect installer_test_linux
Feb 20, 2017 6:43:51 AM hudson.slaves.SlaveComputer tryReconnect
INFO: Attempting to reconnect ase_test_txue
Feb 20, 2017 6:49:51 AM hudson.slaves.SlaveComputer tryReconnect
INFO: Attempting to reconnect ase_test
Feb 20, 2017 6:50:51 AM hudson.slaves.SlaveComputer tryReconnect
INFO: Attempting to reconnect installer_test_linux2
Feb 20, 2017 6:57:51 AM hudson.slaves.SlaveComputer tryReconnect
INFO: Attempting to reconnect installer_test_linux
Feb 20, 2017 7:00:51 AM hudson.slaves.SlaveComputer tryReconnect
INFO: Attempting to reconnect ase_test_txue
Feb 20, 2017 7:06:51 AM hudson.slaves.SlaveComputer tryReconnect
INFO: Attempting to reconnect ase_test
Feb 20, 2017 7:08:51 AM hudson.slaves.SlaveComputer tryReconnect
INFO: Attempting to reconnect installer_test_linux2
Feb 20, 2017 7:17:51 AM hudson.slaves.SlaveComputer tryReconnect
INFO: Attempting to reconnect installer_test_linux
Feb 20, 2017 7:20:51 AM hudson.slaves.SlaveComputer tryReconnect
INFO: Attempting to reconnect ase_test_txue
Feb 20, 2017 7:27:51 AM hudson.slaves.SlaveComputer tryReconnect
INFO: Attempting to reconnect ase_test
Feb 20, 2017 7:29:51 AM hudson.slaves.SlaveComputer tryReconnect
INFO: Attempting to reconnect installer_test_linux2
Feb 20, 2017 7:37:17 AM hudson.node_monitors.ResponseTimeMonitor$1 monitor
WARNING: Making ase_test_txue offline because it’s not responding
Feb 20, 2017 7:37:17 AM hudson.node_monitors.ResponseTimeMonitor$1 monitor
WARNING: Making ase_test offline because it’s not responding
Feb 20, 2017 7:37:17 AM hudson.node_monitors.ResponseTimeMonitor$1 monitor
WARNING: Making NT_MONSOON offline because it’s not responding
Feb 20, 2017 7:37:17 AM hudson.node_monitors.ResponseTimeMonitor$1 monitor
WARNING: Making installer_test_linux offline because it’s not responding
Feb 20, 2017 7:37:17 AM hudson.node_monitors.ResponseTimeMonitor$1 monitor
WARNING: Making installer_test_linux2 offline because it’s not responding
Feb 20, 2017 7:37:51 AM hudson.slaves.SlaveComputer tryReconnect
INFO: Attempting to reconnect installer_test_linux
Feb 20, 2017 7:41:51 AM hudson.slaves.SlaveComputer tryReconnect
INFO: Attempting to reconnect ase_test_txue
Feb 20, 2017 7:48:51 AM hudson.slaves.SlaveComputer tryReconnect
INFO: Attempting to reconnect ase_test
Feb 20, 2017 7:50:51 AM hudson.slaves.SlaveComputer tryReconnect
INFO: Attempting to reconnect installer_test_linux2
Feb 20, 2017 7:59:51 AM hudson.slaves.SlaveComputer tryReconnect
INFO: Attempting to reconnect installer_test_linux
Feb 20, 2017 8:03:51 AM hudson.slaves.SlaveComputer tryReconnect
INFO: Attempting to reconnect ase_test_txue
Feb 20, 2017 8:07:47 AM hudson.model.Run execute
INFO: SRS_RMA_BUILD_TRIGGER_BY_RMADEV_SP305 #204 main build action completed: FAILURE
Feb 20, 2017 8:07:47 AM hudson.model.Run execute
INFO: SRS_RMA_BUILD_TRIGGER_BY_RMADEV_SP306 #116 main build action completed: SUCCESS
Feb 20, 2017 8:08:06 AM hudson.model.Run execute
INFO: SRS_RMA_BUILD_TRIGGER_BY_RMADEV_SP306 #117 main build action completed: SUCCESS
Feb 20, 2017 8:10:51 AM hudson.slaves.SlaveComputer tryReconnect
INFO: Attempting to reconnect ase_test
Feb 20, 2017 8:12:51 AM hudson.slaves.SlaveComputer tryReconnect
INFO: Attempting to reconnect installer_test_linux2
Feb 20, 2017 8:20:51 AM hudson.slaves.SlaveComputer tryReconnect
INFO: Attempting to reconnect installer_test_linux
Feb 20, 2017 8:24:51 AM hudson.slaves.SlaveComputer tryReconnect
INFO: Attempting to reconnect ase_test_txue
Feb 20, 2017 8:30:51 AM hudson.slaves.SlaveComputer tryReconnect
INFO: Attempting to reconnect ase_test
Feb 20, 2017 8:32:51 AM hudson.slaves.SlaveComputer tryReconnect
INFO: Attempting to reconnect installer_test_linux2
Feb 20, 2017 8:37:17 AM hudson.node_monitors.ResponseTimeMonitor$1 monitor
WARNING: Making ase_test_txue offline because it’s not responding
Feb 20, 2017 8:37:17 AM hudson.node_monitors.ResponseTimeMonitor$1 monitor
WARNING: Making ase_test offline because it’s not responding
Feb 20, 2017 8:37:17 AM hudson.node_monitors.ResponseTimeMonitor$1 monitor
WARNING: Making NT_MONSOON offline because it’s not responding
Feb 20, 2017 8:37:17 AM hudson.node_monitors.ResponseTimeMonitor$1 monitor
WARNING: Making installer_test_linux offline because it’s not responding
Feb 20, 2017 8:37:17 AM hudson.node_monitors.ResponseTimeMonitor$1 monitor
WARNING: Making installer_test_linux2 offline because it’s not responding
Feb 20, 2017 8:41:51 AM hudson.slaves.SlaveComputer tryReconnect
INFO: Attempting to reconnect installer_test_linux
Feb 20, 2017 8:45:51 AM hudson.slaves.SlaveComputer tryReconnect
INFO: Attempting to reconnect ase_test_txue
Feb 20, 2017 8:51:51 AM hudson.slaves.SlaveComputer tryReconnect
INFO: Attempting to reconnect ase_test
Feb 20, 2017 8:53:51 AM hudson.slaves.SlaveComputer tryReconnect
INFO: Attempting to reconnect installer_test_linux2
Feb 20, 2017 9:01:51 AM hudson.slaves.SlaveComputer tryReconnect
INFO: Attempting to reconnect installer_test_linux
Feb 20, 2017 9:04:51 AM hudson.slaves.SlaveComputer tryReconnect
INFO: Attempting to reconnect ase_test_txue
Feb 20, 2017 9:10:51 AM hudson.slaves.SlaveComputer tryReconnect
INFO: Attempting to reconnect ase_test
Feb 20, 2017 9:11:51 AM hudson.slaves.SlaveComputer tryReconnect
INFO: Attempting to reconnect installer_test_linux2
Feb 20, 2017 9:20:51 AM hudson.slaves.SlaveComputer tryReconnect
INFO: Attempting to reconnect installer_test_linux
Feb 20, 2017 9:21:01 AM hudson.model.AsyncPeriodicWork$1 run
INFO: Started Fingerprint cleanup
Feb 20, 2017 9:21:01 AM hudson.model.AsyncPeriodicWork$1 run
INFO: Finished Fingerprint cleanup. 0 ms
Feb 20, 2017 9:22:51 AM hudson.slaves.SlaveComputer tryReconnect
INFO: Attempting to reconnect ase_test_txue
Feb 20, 2017 9:29:51 AM hudson.slaves.SlaveComputer tryReconnect
INFO: Attempting to reconnect ase_test
Feb 20, 2017 9:31:51 AM hudson.slaves.SlaveComputer tryReconnect
INFO: Attempting to reconnect installer_test_linux2
Feb 20, 2017 9:37:17 AM hudson.node_monitors.ResponseTimeMonitor$1 monitor
WARNING: Making ase_test_txue offline because it’s not responding
Feb 20, 2017 9:37:17 AM hudson.node_monitors.ResponseTimeMonitor$1 monitor
WARNING: Making ase_test offline because it’s not responding
Feb 20, 2017 9:37:17 AM hudson.node_monitors.ResponseTimeMonitor$1 monitor
WARNING: Making NT_MONSOON offline because it’s not responding
Feb 20, 2017 9:37:17 AM hudson.node_monitors.ResponseTimeMonitor$1 monitor
WARNING: Making installer_test_linux offline because it’s not responding
Feb 20, 2017 9:37:17 AM hudson.node_monitors.ResponseTimeMonitor$1 monitor
WARNING: Making installer_test_linux2 offline because it’s not responding
Feb 20, 2017 9:39:51 AM hudson.slaves.SlaveComputer tryReconnect
INFO: Attempting to reconnect installer_test_linux
Feb 20, 2017 9:41:51 AM hudson.slaves.SlaveComputer tryReconnect
INFO: Attempting to reconnect ase_test_txue
Feb 20, 2017 9:47:51 AM hudson.slaves.SlaveComputer tryReconnect
INFO: Attempting to reconnect ase_test
Feb 20, 2017 9:48:51 AM hudson.slaves.SlaveComputer tryReconnect
INFO: Attempting to reconnect installer_test_linux2
Feb 20, 2017 9:57:51 AM hudson.slaves.SlaveComputer tryReconnect
INFO: Attempting to reconnect installer_test_linux
Feb 20, 2017 10:00:51 AM hudson.slaves.SlaveComputer tryReconnect
INFO: Attempting to reconnect ase_test_txue
Feb 20, 2017 10:07:51 AM hudson.slaves.SlaveComputer tryReconnect
INFO: Attempting to reconnect ase_test
Feb 20, 2017 10:09:51 AM hudson.slaves.SlaveComputer tryReconnect
INFO: Attempting to reconnect installer_test_linux2
Feb 20, 2017 10:18:51 AM hudson.slaves.SlaveComputer tryReconnect
INFO: Attempting to reconnect installer_test_linux
Feb 20, 2017 10:22:51 AM hudson.slaves.SlaveComputer tryReconnect
INFO: Attempting to reconnect ase_test_txue
Feb 20, 2017 10:29:51 AM hudson.slaves.SlaveComputer tryReconnect
INFO: Attempting to reconnect ase_test
Feb 20, 2017 10:31:51 AM hudson.slaves.SlaveComputer tryReconnect
INFO: Attempting to reconnect installer_test_linux2
Feb 20, 2017 10:37:17 AM hudson.node_monitors.ResponseTimeMonitor$1 monitor
WARNING: Making ase_test_txue offline because it’s not responding
Feb 20, 2017 10:37:17 AM hudson.node_monitors.ResponseTimeMonitor$1 monitor
WARNING: Making ase_test offline because it’s not responding
Feb 20, 2017 10:37:17 AM hudson.node_monitors.ResponseTimeMonitor$1 monitor
WARNING: Making NT_MONSOON offline because it’s not responding
Feb 20, 2017 10:37:17 AM hudson.node_monitors.ResponseTimeMonitor$1 monitor
WARNING: Making installer_test_linux offline because it’s not responding
Feb 20, 2017 10:37:17 AM hudson.node_monitors.ResponseTimeMonitor$1 monitor
WARNING: Making installer_test_linux2 offline because it’s not responding
Feb 20, 2017 10:39:51 AM hudson.slaves.SlaveComputer tryReconnect
INFO: Attempting to reconnect installer_test_linux
Feb 20, 2017 10:42:51 AM hudson.slaves.SlaveComputer tryReconnect
INFO: Attempting to reconnect ase_test_txue
Feb 20, 2017 10:49:51 AM hudson.slaves.SlaveComputer tryReconnect
INFO: Attempting to reconnect ase_test
Feb 20, 2017 10:51:51 AM hudson.slaves.SlaveComputer tryReconnect
INFO: Attempting to reconnect installer_test_linux2
Feb 20, 2017 10:59:51 AM hudson.slaves.SlaveComputer tryReconnect
INFO: Attempting to reconnect installer_test_linux
Feb 20, 2017 11:02:51 AM hudson.slaves.SlaveComputer tryReconnect
INFO: Attempting to reconnect ase_test_txue
Feb 20, 2017 11:09:51 AM hudson.slaves.SlaveComputer tryReconnect
INFO: Attempting to reconnect ase_test
Feb 20, 2017 11:10:51 AM hudson.slaves.SlaveComputer tryReconnect
INFO: Attempting to reconnect installer_test_linux2
Feb 20, 2017 11:18:51 AM hudson.slaves.SlaveComputer tryReconnect
INFO: Attempting to reconnect installer_test_linux
Feb 20, 2017 11:21:51 AM hudson.slaves.SlaveComputer tryReconnect
INFO: Attempting to reconnect ase_test_txue
Feb 20, 2017 11:28:51 AM hudson.slaves.SlaveComputer tryReconnect
INFO: Attempting to reconnect ase_test
Feb 20, 2017 11:30:51 AM hudson.slaves.SlaveComputer tryReconnect
INFO: Attempting to reconnect installer_test_linux2
Feb 20, 2017 11:37:17 AM hudson.node_monitors.ResponseTimeMonitor$1 monitor
WARNING: Making ase_test_txue offline because it’s not responding
Feb 20, 2017 11:37:17 AM hudson.node_monitors.ResponseTimeMonitor$1 monitor
WARNING: Making ase_test offline because it’s not responding
Feb 20, 2017 11:37:17 AM hudson.node_monitors.ResponseTimeMonitor$1 monitor
WARNING: Making NT_MONSOON offline because it’s not responding
Feb 20, 2017 11:37:17 AM hudson.node_monitors.ResponseTimeMonitor$1 monitor
WARNING: Making installer_test_linux offline because it’s not responding
Feb 20, 2017 11:37:17 AM hudson.node_monitors.ResponseTimeMonitor$1 monitor
WARNING: Making installer_test_linux2 offline because it’s not responding
Feb 20, 2017 11:39:51 AM hudson.slaves.SlaveComputer tryReconnect
INFO: Attempting to reconnect installer_test_linux
Feb 20, 2017 11:42:51 AM hudson.slaves.SlaveComputer tryReconnect
INFO: Attempting to reconnect ase_test_txue
Feb 20, 2017 11:49:51 AM hudson.slaves.SlaveComputer tryReconnect
INFO: Attempting to reconnect ase_test
Feb 20, 2017 11:51:51 AM hudson.slaves.SlaveComputer tryReconnect
INFO: Attempting to reconnect installer_test_linux2
Feb 20, 2017 11:59:51 AM hudson.slaves.SlaveComputer tryReconnect
INFO: Attempting to reconnect installer_test_linux
Feb 20, 2017 12:02:51 PM hudson.slaves.SlaveComputer tryReconnect
INFO: Attempting to reconnect ase_test_txue
Feb 20, 2017 12:09:51 PM hudson.slaves.SlaveComputer tryReconnect
INFO: Attempting to reconnect ase_test
Feb 20, 2017 12:11:51 PM hudson.slaves.SlaveComputer tryReconnect
INFO: Attempting to reconnect installer_test_linux2
Feb 20, 2017 12:20:51 PM hudson.slaves.SlaveComputer tryReconnect
INFO: Attempting to reconnect installer_test_linux
Feb 20, 2017 12:23:51 PM hudson.slaves.SlaveComputer tryReconnect
INFO: Attempting to reconnect ase_test_txue
Feb 20, 2017 12:30:51 PM hudson.slaves.SlaveComputer tryReconnect
INFO: Attempting to reconnect ase_test
Feb 20, 2017 12:31:51 PM hudson.slaves.SlaveComputer tryReconnect
INFO: Attempting to reconnect installer_test_linux2
Feb 20, 2017 12:37:17 PM hudson.node_monitors.ResponseTimeMonitor$1 monitor
WARNING: Making ase_test_txue offline because it’s not responding
Feb 20, 2017 12:37:17 PM hudson.node_monitors.ResponseTimeMonitor$1 monitor
WARNING: Making ase_test offline because it’s not responding
Feb 20, 2017 12:37:17 PM hudson.node_monitors.ResponseTimeMonitor$1 monitor
WARNING: Making NT_MONSOON offline because it’s not responding
Feb 20, 2017 12:37:17 PM hudson.node_monitors.ResponseTimeMonitor$1 monitor
WARNING: Making installer_test_linux offline because it’s not responding
Feb 20, 2017 12:37:17 PM hudson.node_monitors.ResponseTimeMonitor$1 monitor
WARNING: Making installer_test_linux2 offline because it’s not responding
Feb 20, 2017 12:38:51 PM hudson.slaves.SlaveComputer tryReconnect
INFO: Attempting to reconnect installer_test_linux
Feb 20, 2017 12:41:51 PM hudson.slaves.SlaveComputer tryReconnect
INFO: Attempting to reconnect ase_test_txue
Feb 20, 2017 12:48:51 PM hudson.slaves.SlaveComputer tryReconnect
INFO: Attempting to reconnect ase_test
Feb 20, 2017 12:50:51 PM hudson.slaves.SlaveComputer tryReconnect
INFO: Attempting to reconnect installer_test_linux2
Feb 20, 2017 12:57:51 PM hudson.slaves.SlaveComputer tryReconnect
INFO: Attempting to reconnect installer_test_linux
Feb 20, 2017 1:00:51 PM hudson.slaves.SlaveComputer tryReconnect
INFO: Attempting to reconnect ase_test_txue
Feb 20, 2017 1:06:51 PM hudson.slaves.SlaveComputer tryReconnect
INFO: Attempting to reconnect ase_test
Feb 20, 2017 1:08:51 PM hudson.slaves.SlaveComputer tryReconnect
INFO: Attempting to reconnect installer_test_linux2
Feb 20, 2017 1:17:51 PM hudson.slaves.SlaveComputer tryReconnect
INFO: Attempting to reconnect installer_test_linux
Feb 20, 2017 1:21:51 PM hudson.slaves.SlaveComputer tryReconnect
INFO: Attempting to reconnect ase_test_txue
Feb 20, 2017 1:27:51 PM hudson.slaves.SlaveComputer tryReconnect
INFO: Attempting to reconnect ase_test
Feb 20, 2017 1:29:51 PM hudson.slaves.SlaveComputer tryReconnect
INFO: Attempting to reconnect installer_test_linux2
Feb 20, 2017 1:36:51 PM hudson.slaves.SlaveComputer tryReconnect
INFO: Attempting to reconnect installer_test_linux
Feb 20, 2017 1:37:17 PM hudson.node_monitors.ResponseTimeMonitor$1 monitor
WARNING: Making ase_test_txue offline because it’s not responding
Feb 20, 2017 1:37:17 PM hudson.node_monitors.ResponseTimeMonitor$1 monitor
WARNING: Making ase_test offline because it’s not responding
Feb 20, 2017 1:37:17 PM hudson.node_monitors.ResponseTimeMonitor$1 monitor
WARNING: Making NT_MONSOON offline because it’s not responding
Feb 20, 2017 1:37:17 PM hudson.node_monitors.ResponseTimeMonitor$1 monitor
WARNING: Making installer_test_linux offline because it’s not responding
Feb 20, 2017 1:37:17 PM hudson.node_monitors.ResponseTimeMonitor$1 monitor
WARNING: Making installer_test_linux2 offline because it’s not responding
Feb 20, 2017 1:39:51 PM hudson.slaves.SlaveComputer tryReconnect
INFO: Attempting to reconnect ase_test_txue
Feb 20, 2017 1:46:51 PM hudson.slaves.SlaveComputer tryReconnect
INFO: Attempting to reconnect ase_test
Feb 20, 2017 1:48:51 PM hudson.slaves.SlaveComputer tryReconnect
INFO: Attempting to reconnect installer_test_linux2
Feb 20, 2017 1:56:51 PM hudson.slaves.SlaveComputer tryReconnect
INFO: Attempting to reconnect installer_test_linux
Feb 20, 2017 1:59:51 PM hudson.slaves.SlaveComputer tryReconnect
INFO: Attempting to reconnect ase_test_txue
Feb 20, 2017 2:06:51 PM hudson.slaves.SlaveComputer tryReconnect
INFO: Attempting to reconnect ase_test
Feb 20, 2017 2:08:51 PM hudson.slaves.SlaveComputer tryReconnect
INFO: Attempting to reconnect installer_test_linux2
Feb 20, 2017 2:17:51 PM hudson.slaves.SlaveComputer tryReconnect
INFO: Attempting to reconnect installer_test_linux
Feb 20, 2017 2:20:51 PM hudson.slaves.SlaveComputer tryReconnect
INFO: Attempting to reconnect ase_test_txue
Feb 20, 2017 2:27:51 PM hudson.slaves.SlaveComputer tryReconnect
INFO: Attempting to reconnect ase_test
Feb 20, 2017 2:29:51 PM hudson.slaves.SlaveComputer tryReconnect
INFO: Attempting to reconnect installer_test_linux2
Feb 20, 2017 2:37:17 PM hudson.node_monitors.ResponseTimeMonitor$1 monitor
WARNING: Making ase_test_txue offline because it’s not responding
Feb 20, 2017 2:37:17 PM hudson.node_monitors.ResponseTimeMonitor$1 monitor
WARNING: Making ase_test offline because it’s not responding
Feb 20, 2017 2:37:17 PM hudson.node_monitors.ResponseTimeMonitor$1 monitor
WARNING: Making NT_MONSOON offline because it’s not responding
Feb 20, 2017 2:37:17 PM hudson.node_monitors.ResponseTimeMonitor$1 monitor
WARNING: Making installer_test_linux offline because it’s not responding
Feb 20, 2017 2:37:17 PM hudson.node_monitors.ResponseTimeMonitor$1 monitor
WARNING: Making installer_test_linux2 offline because it’s not responding
Feb 20, 2017 2:38:51 PM hudson.slaves.SlaveComputer tryReconnect
INFO: Attempting to reconnect installer_test_linux
Feb 20, 2017 2:42:51 PM hudson.slaves.SlaveComputer tryReconnect
INFO: Attempting to reconnect ase_test_txue
Feb 20, 2017 2:49:51 PM hudson.slaves.SlaveComputer tryReconnect
INFO: Attempting to reconnect ase_test
Feb 20, 2017 2:51:51 PM hudson.slaves.SlaveComputer tryReconnect
INFO: Attempting to reconnect installer_test_linux2
Feb 20, 2017 3:00:51 PM hudson.slaves.SlaveComputer tryReconnect
INFO: Attempting to reconnect installer_test_linux
Feb 20, 2017 3:03:51 PM hudson.slaves.SlaveComputer tryReconnect
INFO: Attempting to reconnect ase_test_txue
Feb 20, 2017 3:11:51 PM hudson.slaves.SlaveComputer tryReconnect
INFO: Attempting to reconnect ase_test
Feb 20, 2017 3:13:51 PM hudson.slaves.SlaveComputer tryReconnect
INFO: Attempting to reconnect installer_test_linux2
Feb 20, 2017 3:21:51 PM hudson.slaves.SlaveComputer tryReconnect
INFO: Attempting to reconnect installer_test_linux
Feb 20, 2017 3:24:51 PM hudson.slaves.SlaveComputer tryReconnect
INFO: Attempting to reconnect ase_test_txue
Feb 20, 2017 3:32:51 PM hudson.slaves.SlaveComputer tryReconnect
INFO: Attempting to reconnect ase_test
Feb 20, 2017 3:34:51 PM hudson.slaves.SlaveComputer tryReconnect
INFO: Attempting to reconnect installer_test_linux2
Feb 20, 2017 3:37:17 PM hudson.node_monitors.ResponseTimeMonitor$1 monitor
WARNING: Making ase_test_txue offline because it’s not responding
Feb 20, 2017 3:37:17 PM hudson.node_monitors.ResponseTimeMonitor$1 monitor
WARNING: Making ase_test offline because it’s not responding
Feb 20, 2017 3:37:17 PM hudson.node_monitors.ResponseTimeMonitor$1 monitor
WARNING: Making NT_MONSOON offline because it’s not responding
Feb 20, 2017 3:37:17 PM hudson.node_monitors.ResponseTimeMonitor$1 monitor
WARNING: Making installer_test_linux offline because it’s not responding
Feb 20, 2017 3:37:17 PM hudson.node_monitors.ResponseTimeMonitor$1 monitor
WARNING: Making installer_test_linux2 offline because it’s not responding
Feb 20, 2017 3:42:51 PM hudson.slaves.SlaveComputer tryReconnect
INFO: Attempting to reconnect installer_test_linux
Feb 20, 2017 3:45:51 PM hudson.slaves.SlaveComputer tryReconnect
INFO: Attempting to reconnect ase_test_txue
Feb 20, 2017 3:52:51 PM hudson.slaves.SlaveComputer tryReconnect
INFO: Attempting to reconnect ase_test
Feb 20, 2017 3:54:51 PM hudson.slaves.SlaveComputer tryReconnect
INFO: Attempting to reconnect installer_test_linux2
Feb 20, 2017 4:02:51 PM hudson.slaves.SlaveComputer tryReconnect
INFO: Attempting to reconnect installer_test_linux
Feb 20, 2017 4:05:51 PM hudson.slaves.SlaveComputer tryReconnect
INFO: Attempting to reconnect ase_test_txue
Feb 20, 2017 4:12:51 PM hudson.slaves.SlaveComputer tryReconnect
INFO: Attempting to reconnect ase_test
Feb 20, 2017 4:14:51 PM hudson.slaves.SlaveComputer tryReconnect
INFO: Attempting to reconnect installer_test_linux2
Feb 20, 2017 4:22:51 PM hudson.slaves.SlaveComputer tryReconnect
INFO: Attempting to reconnect installer_test_linux
Feb 20, 2017 4:25:51 PM hudson.slaves.SlaveComputer tryReconnect
INFO: Attempting to reconnect ase_test_txue
Feb 20, 2017 4:33:51 PM hudson.slaves.SlaveComputer tryReconnect
INFO: Attempting to reconnect ase_test
Feb 20, 2017 4:35:51 PM hudson.slaves.SlaveComputer tryReconnect
INFO: Attempting to reconnect installer_test_linux2
Feb 20, 2017 4:37:17 PM hudson.node_monitors.ResponseTimeMonitor$1 monitor
WARNING: Making ase_test_txue offline because it’s not responding
Feb 20, 2017 4:37:17 PM hudson.node_monitors.ResponseTimeMonitor$1 monitor
WARNING: Making ase_test offline because it’s not responding
Feb 20, 2017 4:37:17 PM hudson.node_monitors.ResponseTimeMonitor$1 monitor
WARNING: Making NT_MONSOON offline because it’s not responding
Feb 20, 2017 4:37:17 PM hudson.node_monitors.ResponseTimeMonitor$1 monitor
WARNING: Making installer_test_linux offline because it’s not responding
Feb 20, 2017 4:37:17 PM hudson.node_monitors.ResponseTimeMonitor$1 monitor
WARNING: Making installer_test_linux2 offline because it’s not responding
Feb 20, 2017 4:44:51 PM hudson.slaves.SlaveComputer tryReconnect
INFO: Attempting to reconnect installer_test_linux
Feb 20, 2017 4:48:51 PM hudson.slaves.SlaveComputer tryReconnect
INFO: Attempting to reconnect ase_test_txue
Feb 20, 2017 4:55:51 PM hudson.slaves.SlaveComputer tryReconnect
INFO: Attempting to reconnect ase_test
Feb 20, 2017 4:57:51 PM hudson.slaves.SlaveComputer tryReconnect
INFO: Attempting to reconnect installer_test_linux2
Feb 20, 2017 5:04:51 PM hudson.slaves.SlaveComputer tryReconnect
INFO: Attempting to reconnect installer_test_linux
Feb 20, 2017 5:06:51 PM hudson.slaves.SlaveComputer tryReconnect
INFO: Attempting to reconnect ase_test_txue
Feb 20, 2017 5:12:51 PM hudson.slaves.SlaveComputer tryReconnect
INFO: Attempting to reconnect ase_test
Feb 20, 2017 5:13:51 PM hudson.slaves.SlaveComputer tryReconnect
INFO: Attempting to reconnect installer_test_linux2
Feb 20, 2017 5:23:51 PM hudson.slaves.SlaveComputer tryReconnect
INFO: Attempting to reconnect installer_test_linux
Feb 20, 2017 5:26:51 PM hudson.slaves.SlaveComputer tryReconnect
INFO: Attempting to reconnect ase_test_txue
Feb 20, 2017 5:34:51 PM hudson.slaves.SlaveComputer tryReconnect
INFO: Attempting to reconnect ase_test
Feb 20, 2017 5:36:51 PM hudson.slaves.SlaveComputer tryReconnect
INFO: Attempting to reconnect installer_test_linux2
Feb 20, 2017 5:37:17 PM hudson.node_monitors.ResponseTimeMonitor$1 monitor
WARNING: Making ase_test_txue offline because it’s not responding
Feb 20, 2017 5:37:17 PM hudson.node_monitors.ResponseTimeMonitor$1 monitor
WARNING: Making ase_test offline because it’s not responding
Feb 20, 2017 5:37:17 PM hudson.node_monitors.ResponseTimeMonitor$1 monitor
WARNING: Making NT_MONSOON offline because it’s not responding
Feb 20, 2017 5:37:17 PM hudson.node_monitors.ResponseTimeMonitor$1 monitor
WARNING: Making installer_test_linux offline because it’s not responding
Feb 20, 2017 5:37:17 PM hudson.node_monitors.ResponseTimeMonitor$1 monitor
WARNING: Making installer_test_linux2 offline because it’s not responding
Feb 20, 2017 5:44:51 PM hudson.slaves.SlaveComputer tryReconnect
INFO: Attempting to reconnect installer_test_linux
Feb 20, 2017 5:48:51 PM hudson.slaves.SlaveComputer tryReconnect
INFO: Attempting to reconnect ase_test_txue
Feb 20, 2017 5:54:51 PM hudson.slaves.SlaveComputer tryReconnect
INFO: Attempting to reconnect ase_test
Feb 20, 2017 5:55:51 PM hudson.slaves.SlaveComputer tryReconnect
INFO: Attempting to reconnect installer_test_linux2
Feb 20, 2017 6:03:51 PM hudson.slaves.SlaveComputer tryReconnect
INFO: Attempting to reconnect installer_test_linux
Feb 20, 2017 6:06:51 PM hudson.slaves.SlaveComputer tryReconnect
INFO: Attempting to reconnect ase_test_txue
Feb 20, 2017 6:12:51 PM hudson.slaves.SlaveComputer tryReconnect
INFO: Attempting to reconnect ase_test
Feb 20, 2017 6:13:51 PM hudson.slaves.SlaveComputer tryReconnect
INFO: Attempting to reconnect installer_test_linux2
Feb 20, 2017 6:21:51 PM hudson.slaves.SlaveComputer tryReconnect
INFO: Attempting to reconnect installer_test_linux
Feb 20, 2017 6:24:51 PM hudson.slaves.SlaveComputer tryReconnect
INFO: Attempting to reconnect ase_test_txue
Feb 20, 2017 6:30:51 PM hudson.slaves.SlaveComputer tryReconnect
INFO: Attempting to reconnect ase_test
Feb 20, 2017 6:31:51 PM hudson.slaves.SlaveComputer tryReconnect
INFO: Attempting to reconnect installer_test_linux2
Feb 20, 2017 6:37:17 PM hudson.node_monitors.ResponseTimeMonitor$1 monitor
WARNING: Making ase_test_txue offline because it’s not responding
Feb 20, 2017 6:37:17 PM hudson.node_monitors.ResponseTimeMonitor$1 monitor
WARNING: Making ase_test offline because it’s not responding
Feb 20, 2017 6:37:17 PM hudson.node_monitors.ResponseTimeMonitor$1 monitor
WARNING: Making NT_MONSOON offline because it’s not responding
Feb 20, 2017 6:37:17 PM hudson.node_monitors.ResponseTimeMonitor$1 monitor
WARNING: Making installer_test_linux offline because it’s not responding
Feb 20, 2017 6:37:17 PM hudson.node_monitors.ResponseTimeMonitor$1 monitor
WARNING: Making installer_test_linux2 offline because it’s not responding
Feb 20, 2017 6:40:51 PM hudson.slaves.SlaveComputer tryReconnect
INFO: Attempting to reconnect installer_test_linux
Feb 20, 2017 6:43:51 PM hudson.slaves.SlaveComputer tryReconnect
INFO: Attempting to reconnect ase_test_txue
Feb 20, 2017 6:49:51 PM hudson.slaves.SlaveComputer tryReconnect
INFO: Attempting to reconnect ase_test
Feb 20, 2017 6:51:51 PM hudson.slaves.SlaveComputer tryReconnect
INFO: Attempting to reconnect installer_test_linux2
Feb 20, 2017 6:59:51 PM hudson.slaves.SlaveComputer tryReconnect
INFO: Attempting to reconnect installer_test_linux
Feb 20, 2017 7:02:51 PM hudson.slaves.SlaveComputer tryReconnect
INFO: Attempting to reconnect ase_test_txue
Feb 20, 2017 7:07:51 PM hudson.slaves.SlaveComputer tryReconnect
INFO: Attempting to reconnect ase_test
Feb 20, 2017 7:09:51 PM hudson.slaves.SlaveComputer tryReconnect
INFO: Attempting to reconnect installer_test_linux2
Feb 20, 2017 7:17:51 PM hudson.slaves.SlaveComputer tryReconnect
INFO: Attempting to reconnect installer_test_linux
Feb 20, 2017 7:20:51 PM hudson.slaves.SlaveComputer tryReconnect
INFO: Attempting to reconnect ase_test_txue
Feb 20, 2017 7:26:51 PM hudson.slaves.SlaveComputer tryReconnect
INFO: Attempting to reconnect ase_test
Feb 20, 2017 7:28:51 PM hudson.slaves.SlaveComputer tryReconnect
INFO: Attempting to reconnect installer_test_linux2
Feb 20, 2017 7:37:17 PM hudson.node_monitors.ResponseTimeMonitor$1 monitor
WARNING: Making ase_test_txue offline because it’s not responding
Feb 20, 2017 7:37:17 PM hudson.node_monitors.ResponseTimeMonitor$1 monitor
WARNING: Making ase_test offline because it’s not responding
Feb 20, 2017 7:37:17 PM hudson.node_monitors.ResponseTimeMonitor$1 monitor
WARNING: Making NT_MONSOON offline because it’s not responding
Feb 20, 2017 7:37:17 PM hudson.node_monitors.ResponseTimeMonitor$1 monitor
WARNING: Making installer_test_linux offline because it’s not responding
Feb 20, 2017 7:37:17 PM hudson.node_monitors.ResponseTimeMonitor$1 monitor
WARNING: Making installer_test_linux2 offline because it’s not responding
Feb 20, 2017 7:37:51 PM hudson.slaves.SlaveComputer tryReconnect
INFO: Attempting to reconnect installer_test_linux
Feb 20, 2017 7:40:51 PM hudson.slaves.SlaveComputer tryReconnect
INFO: Attempting to reconnect ase_test_txue
Feb 20, 2017 7:47:51 PM hudson.slaves.SlaveComputer tryReconnect
INFO: Attempting to reconnect ase_test
Feb 20, 2017 7:48:51 PM hudson.slaves.SlaveComputer tryReconnect
INFO: Attempting to reconnect installer_test_linux2
Feb 20, 2017 7:56:51 PM hudson.slaves.SlaveComputer tryReconnect
INFO: Attempting to reconnect installer_test_linux
Feb 20, 2017 7:59:51 PM hudson.slaves.SlaveComputer tryReconnect
INFO: Attempting to reconnect ase_test_txue
Feb 20, 2017 8:06:51 PM hudson.slaves.SlaveComputer tryReconnect
INFO: Attempting to reconnect ase_test
Feb 20, 2017 8:08:51 PM hudson.slaves.SlaveComputer tryReconnect
INFO: Attempting to reconnect installer_test_linux2
Feb 20, 2017 8:16:51 PM hudson.slaves.SlaveComputer tryReconnect
INFO: Attempting to reconnect installer_test_linux
Feb 20, 2017 8:19:51 PM hudson.slaves.SlaveComputer tryReconnect
INFO: Attempting to reconnect ase_test_txue
Feb 20, 2017 8:25:51 PM hudson.slaves.SlaveComputer tryReconnect
INFO: Attempting to reconnect ase_test
Feb 20, 2017 8:26:51 PM hudson.slaves.SlaveComputer tryReconnect
INFO: Attempting to reconnect installer_test_linux2
Feb 20, 2017 8:33:51 PM hudson.slaves.SlaveComputer tryReconnect
INFO: Attempting to reconnect installer_test_linux
Feb 20, 2017 8:36:51 PM hudson.slaves.SlaveComputer tryReconnect
INFO: Attempting to reconnect ase_test_txue
Feb 20, 2017 8:37:17 PM hudson.node_monitors.ResponseTimeMonitor$1 monitor
WARNING: Making ase_test_txue offline because it’s not responding
Feb 20, 2017 8:37:17 PM hudson.node_monitors.ResponseTimeMonitor$1 monitor
WARNING: Making ase_test offline because it’s not responding
Feb 20, 2017 8:37:17 PM hudson.node_monitors.ResponseTimeMonitor$1 monitor
WARNING: Making NT_MONSOON offline because it’s not responding
Feb 20, 2017 8:37:17 PM hudson.node_monitors.ResponseTimeMonitor$1 monitor
WARNING: Making installer_test_linux offline because it’s not responding
Feb 20, 2017 8:37:17 PM hudson.node_monitors.ResponseTimeMonitor$1 monitor
WARNING: Making installer_test_linux2 offline because it’s not responding
Feb 20, 2017 8:43:51 PM hudson.slaves.SlaveComputer tryReconnect
INFO: Attempting to reconnect ase_test
Feb 20, 2017 8:45:51 PM hudson.slaves.SlaveComputer tryReconnect
INFO: Attempting to reconnect installer_test_linux2
Feb 20, 2017 8:52:51 PM hudson.slaves.SlaveComputer tryReconnect
INFO: Attempting to reconnect installer_test_linux
Feb 20, 2017 8:56:51 PM hudson.slaves.SlaveComputer tryReconnect
INFO: Attempting to reconnect ase_test_txue
Feb 20, 2017 9:04:51 PM hudson.slaves.SlaveComputer tryReconnect
INFO: Attempting to reconnect ase_test
Feb 20, 2017 9:06:51 PM hudson.slaves.SlaveComputer tryReconnect
INFO: Attempting to reconnect installer_test_linux2
Feb 20, 2017 9:14:51 PM hudson.slaves.SlaveComputer tryReconnect
INFO: Attempting to reconnect installer_test_linux
Feb 20, 2017 9:17:51 PM hudson.slaves.SlaveComputer tryReconnect
INFO: Attempting to reconnect ase_test_txue
Feb 20, 2017 9:24:51 PM hudson.slaves.SlaveComputer tryReconnect
INFO: Attempting to reconnect ase_test
Feb 20, 2017 9:26:51 PM hudson.slaves.SlaveComputer tryReconnect
INFO: Attempting to reconnect installer_test_linux2
Feb 20, 2017 9:35:51 PM hudson.slaves.SlaveComputer tryReconnect
INFO: Attempting to reconnect installer_test_linux
Feb 20, 2017 9:37:17 PM hudson.node_monitors.ResponseTimeMonitor$1 monitor
WARNING: Making ase_test_txue offline because it’s not responding
Feb 20, 2017 9:37:17 PM hudson.node_monitors.ResponseTimeMonitor$1 monitor
WARNING: Making ase_test offline because it’s not responding
Feb 20, 2017 9:37:17 PM hudson.node_monitors.ResponseTimeMonitor$1 monitor
WARNING: Making NT_MONSOON offline because it’s not responding
Feb 20, 2017 9:37:17 PM hudson.node_monitors.ResponseTimeMonitor$1 monitor
WARNING: Making installer_test_linux offline because it’s not responding
Feb 20, 2017 9:37:17 PM hudson.node_monitors.ResponseTimeMonitor$1 monitor
WARNING: Making installer_test_linux2 offline because it’s not responding
Feb 20, 2017 9:38:51 PM hudson.slaves.SlaveComputer tryReconnect
INFO: Attempting to reconnect ase_test_txue
Feb 20, 2017 9:45:51 PM hudson.slaves.SlaveComputer tryReconnect
INFO: Attempting to reconnect ase_test
Feb 20, 2017 9:47:51 PM hudson.slaves.SlaveComputer tryReconnect
INFO: Attempting to reconnect installer_test_linux2
Feb 20, 2017 9:55:51 PM hudson.slaves.SlaveComputer tryReconnect
INFO: Attempting to reconnect installer_test_linux
Feb 20, 2017 9:58:51 PM hudson.slaves.SlaveComputer tryReconnect
INFO: Attempting to reconnect ase_test_txue
Feb 20, 2017 10:04:51 PM hudson.slaves.SlaveComputer tryReconnect
INFO: Attempting to reconnect ase_test
Feb 20, 2017 10:06:51 PM hudson.slaves.SlaveComputer tryReconnect
INFO: Attempting to reconnect installer_test_linux2
Feb 20, 2017 10:15:51 PM hudson.slaves.SlaveComputer tryReconnect
INFO: Attempting to reconnect installer_test_linux
Feb 20, 2017 10:19:51 PM hudson.slaves.SlaveComputer tryReconnect
INFO: Attempting to reconnect ase_test_txue
Feb 20, 2017 10:25:51 PM hudson.slaves.SlaveComputer tryReconnect
INFO: Attempting to reconnect ase_test
Feb 20, 2017 10:26:42 PM hudson.model.AsyncPeriodicWork$1 run
INFO: Started Download metadata
Feb 20, 2017 10:26:53 PM hudson.model.UpdateSite updateData
INFO: Obtained the latest update center data file for UpdateSource default
Feb 20, 2017 10:26:55 PM hudson.model.AsyncPeriodicWork$1 run
INFO: Finished Download metadata. 12,454 ms
Feb 20, 2017 10:27:51 PM hudson.slaves.SlaveComputer tryReconnect
INFO: Attempting to reconnect installer_test_linux2
Feb 20, 2017 10:36:51 PM hudson.slaves.SlaveComputer tryReconnect
INFO: Attempting to reconnect installer_test_linux
Feb 20, 2017 10:37:17 PM hudson.node_monitors.ResponseTimeMonitor$1 monitor
WARNING: Making ase_test_txue offline because it’s not responding
Feb 20, 2017 10:37:17 PM hudson.node_monitors.ResponseTimeMonitor$1 monitor
WARNING: Making ase_test offline because it’s not responding
Feb 20, 2017 10:37:17 PM hudson.node_monitors.ResponseTimeMonitor$1 monitor
WARNING: Making NT_MONSOON offline because it’s not responding
Feb 20, 2017 10:37:17 PM hudson.node_monitors.ResponseTimeMonitor$1 monitor
WARNING: Making installer_test_linux offline because it’s not responding
Feb 20, 2017 10:37:17 PM hudson.node_monitors.ResponseTimeMonitor$1 monitor
WARNING: Making installer_test_linux2 offline because it’s not responding
Feb 20, 2017 10:39:51 PM hudson.slaves.SlaveComputer tryReconnect
INFO: Attempting to reconnect ase_test_txue
Feb 20, 2017 10:44:51 PM hudson.slaves.SlaveComputer tryReconnect
INFO: Attempting to reconnect ase_test
Feb 20, 2017 10:46:51 PM hudson.slaves.SlaveComputer tryReconnect
INFO: Attempting to reconnect installer_test_linux2
Feb 20, 2017 10:55:51 PM hudson.slaves.SlaveComputer tryReconnect
INFO: Attempting to reconnect installer_test_linux
Feb 20, 2017 10:58:51 PM hudson.slaves.SlaveComputer tryReconnect
INFO: Attempting to reconnect ase_test_txue
Feb 20, 2017 11:06:51 PM hudson.slaves.SlaveComputer tryReconnect
INFO: Attempting to reconnect ase_test
Feb 20, 2017 11:08:51 PM hudson.slaves.SlaveComputer tryReconnect
INFO: Attempting to reconnect installer_test_linux2
Feb 20, 2017 11:15:51 PM hudson.slaves.SlaveComputer tryReconnect
INFO: Attempting to reconnect installer_test_linux
Feb 20, 2017 11:18:51 PM hudson.slaves.SlaveComputer tryReconnect
INFO: Attempting to reconnect ase_test_txue
Feb 20, 2017 11:25:51 PM hudson.slaves.SlaveComputer tryReconnect
INFO: Attempting to reconnect ase_test
Feb 20, 2017 11:26:51 PM hudson.slaves.SlaveComputer tryReconnect
INFO: Attempting to reconnect installer_test_linux2
Feb 20, 2017 11:35:51 PM hudson.slaves.SlaveComputer tryReconnect
INFO: Attempting to reconnect installer_test_linux
Feb 20, 2017 11:37:17 PM hudson.node_monitors.ResponseTimeMonitor$1 monitor
WARNING: Making ase_test_txue offline because it’s not responding
Feb 20, 2017 11:37:17 PM hudson.node_monitors.ResponseTimeMonitor$1 monitor
WARNING: Making ase_test offline because it’s not responding
Feb 20, 2017 11:37:17 PM hudson.node_monitors.ResponseTimeMonitor$1 monitor
WARNING: Making NT_MONSOON offline because it’s not responding
Feb 20, 2017 11:37:17 PM hudson.node_monitors.ResponseTimeMonitor$1 monitor
WARNING: Making installer_test_linux offline because it’s not responding
Feb 20, 2017 11:37:17 PM hudson.node_monitors.ResponseTimeMonitor$1 monitor
WARNING: Making installer_test_linux2 offline because it’s not responding
Feb 20, 2017 11:39:51 PM hudson.slaves.SlaveComputer tryReconnect
INFO: Attempting to reconnect ase_test_txue
Feb 20, 2017 11:46:51 PM hudson.slaves.SlaveComputer tryReconnect
INFO: Attempting to reconnect ase_test
Feb 20, 2017 11:48:51 PM hudson.slaves.SlaveComputer tryReconnect
INFO: Attempting to reconnect installer_test_linux2
Feb 20, 2017 11:56:51 PM hudson.slaves.SlaveComputer tryReconnect
INFO: Attempting to reconnect installer_test_linux
Feb 20, 2017 11:59:51 PM hudson.slaves.SlaveComputer tryReconnect
INFO: Attempting to reconnect ase_test_txue
