Aug 02, 2017 12:38:55 AM hudson.node_monitors.ResponseTimeMonitor$1 monitor
WARNING: Making NT_MONSOON offline because it?s not responding
Aug 02, 2017 1:38:55 AM hudson.node_monitors.ResponseTimeMonitor$1 monitor
WARNING: Making NT_MONSOON offline because it?s not responding
Aug 02, 2017 2:38:55 AM hudson.node_monitors.ResponseTimeMonitor$1 monitor
WARNING: Making NT_MONSOON offline because it?s not responding
Aug 02, 2017 3:38:55 AM hudson.node_monitors.ResponseTimeMonitor$1 monitor
WARNING: Making NT_MONSOON offline because it?s not responding
Aug 02, 2017 4:38:55 AM hudson.node_monitors.ResponseTimeMonitor$1 monitor
WARNING: Making NT_MONSOON offline because it?s not responding
Aug 02, 2017 5:38:55 AM hudson.node_monitors.ResponseTimeMonitor$1 monitor
WARNING: Making NT_MONSOON offline because it?s not responding
Aug 02, 2017 6:38:55 AM hudson.node_monitors.ResponseTimeMonitor$1 monitor
WARNING: Making NT_MONSOON offline because it?s not responding
Aug 02, 2017 7:38:55 AM hudson.node_monitors.ResponseTimeMonitor$1 monitor
WARNING: Making NT_MONSOON offline because it?s not responding
Aug 02, 2017 8:38:55 AM hudson.node_monitors.ResponseTimeMonitor$1 monitor
WARNING: Making NT_MONSOON offline because it?s not responding
Aug 02, 2017 9:16:36 AM hudson.model.Run execute
INFO: SRS_RMA_BUILD_TRIGGER_BY_RMADEV_160SP03 #228 main build action completed: FAILURE
Aug 02, 2017 9:21:08 AM hudson.model.Run execute
INFO: SP307_SRS_DAILY_BUILD_INTEGRATION #147 main build action completed: SUCCESS
Aug 02, 2017 9:23:07 AM hudson.model.Run execute
INFO: SRS_RMA_BUILD_TRIGGER_BY_RMADEV_160SP03PL02 #11 main build action completed: SUCCESS
Aug 02, 2017 9:30:08 AM hudson.model.Run execute
INFO: SRS_RMA_BUILD_TRIGGER_BY_RMADEV_160SP03PL02 #12 main build action completed: SUCCESS
Aug 02, 2017 9:38:49 AM hudson.model.Run execute
INFO: SRS_DROP_TEST_FOR_ASE_SP307 #148 main build action completed: SUCCESS
Aug 02, 2017 9:38:50 AM hudson.model.Run execute
INFO: SP307_SRS_DAILY_BUILD_AND_DROP_TO_ASE #99 main build action completed: SUCCESS
Aug 02, 2017 9:38:55 AM hudson.node_monitors.ResponseTimeMonitor$1 monitor
WARNING: Making NT_MONSOON offline because it?s not responding
Aug 02, 2017 10:38:55 AM hudson.node_monitors.ResponseTimeMonitor$1 monitor
WARNING: Making NT_MONSOON offline because it?s not responding
Aug 02, 2017 11:38:55 AM hudson.node_monitors.ResponseTimeMonitor$1 monitor
WARNING: Making NT_MONSOON offline because it?s not responding
Aug 02, 2017 12:22:09 PM hudson.model.Run execute
INFO: GET_RMA_CHECKIN_SP03PL01 #32 main build action completed: SUCCESS
Aug 02, 2017 12:38:55 PM hudson.node_monitors.ResponseTimeMonitor$1 monitor
WARNING: Making NT_MONSOON offline because it?s not responding
Aug 02, 2017 1:32:49 PM hudson.model.Run execute
INFO: 160SP03_SRS_DAILY_BUILD #132 main build action completed: SUCCESS
Aug 02, 2017 1:38:55 PM hudson.node_monitors.ResponseTimeMonitor$1 monitor
WARNING: Making NT_MONSOON offline because it?s not responding
Aug 02, 2017 1:44:53 PM hudson.model.Run execute
INFO: SRS_SP03_TEST #118 main build action completed: SUCCESS
Aug 02, 2017 1:45:09 PM hudson.model.Run execute
INFO: CREATE_LINK_SP03 #114 main build action completed: SUCCESS
Aug 02, 2017 1:45:10 PM hudson.model.Run execute
INFO: SRS_160SP03_SERIAL #120 main build action completed: SUCCESS
Aug 02, 2017 2:24:00 PM hudson.model.AsyncPeriodicWork$1 run
INFO: Started Workspace clean-up
Aug 02, 2017 2:24:02 PM hudson.model.AsyncPeriodicWork$1 run
INFO: Finished Workspace clean-up. 1,368 ms
Aug 02, 2017 2:38:55 PM hudson.node_monitors.ResponseTimeMonitor$1 monitor
WARNING: Making NT_MONSOON offline because it?s not responding
Aug 02, 2017 3:20:58 PM hudson.model.AsyncPeriodicWork$1 run
INFO: Started Fingerprint cleanup
Aug 02, 2017 3:20:58 PM hudson.model.AsyncPeriodicWork$1 run
INFO: Finished Fingerprint cleanup. 0 ms
Aug 02, 2017 3:38:55 PM hudson.node_monitors.ResponseTimeMonitor$1 monitor
WARNING: Making NT_MONSOON offline because it?s not responding
Aug 02, 2017 4:12:51 PM hudson.model.AsyncPeriodicWork$1 run
INFO: Started Download metadata
Aug 02, 2017 4:13:00 PM hudson.model.UpdateSite updateData
INFO: Obtained the latest update center data file for UpdateSource default
Aug 02, 2017 4:13:02 PM hudson.model.AsyncPeriodicWork$1 run
INFO: Finished Download metadata. 10,211 ms
Aug 02, 2017 4:38:55 PM hudson.node_monitors.ResponseTimeMonitor$1 monitor
WARNING: Making NT_MONSOON offline because it?s not responding
Aug 02, 2017 4:46:10 PM hudson.model.Run execute
INFO: GET_RMA_CHECKIN_SP03PL02 #7 main build action completed: SUCCESS
Aug 02, 2017 4:50:58 PM hudson.model.Run execute
INFO: 160SP03PL02_SRS_DAILY_BUILD_INTEGRATION #17 main build action completed: SUCCESS
Aug 02, 2017 5:10:36 PM hudson.model.Run execute
INFO: SRS_DROP_TEST_FOR_ASE_SP03PL02 #15 main build action completed: SUCCESS
Aug 02, 2017 5:10:38 PM hudson.model.Run execute
INFO: 160SP03PL02_SRS_DAILY_BUILD_AND_DROP_TO_ASE #17 main build action completed: SUCCESS
Aug 02, 2017 5:38:55 PM hudson.node_monitors.ResponseTimeMonitor$1 monitor
WARNING: Making NT_MONSOON offline because it?s not responding
Aug 02, 2017 6:38:55 PM hudson.node_monitors.ResponseTimeMonitor$1 monitor
WARNING: Making NT_MONSOON offline because it?s not responding
Aug 02, 2017 7:38:55 PM hudson.node_monitors.ResponseTimeMonitor$1 monitor
WARNING: Making NT_MONSOON offline because it?s not responding
Aug 02, 2017 8:38:55 PM hudson.node_monitors.ResponseTimeMonitor$1 monitor
WARNING: Making NT_MONSOON offline because it?s not responding
Aug 02, 2017 8:49:01 PM hudson.model.Run execute
INFO: GET_RMA_CHECKIN_SP03PL02 #8 main build action completed: SUCCESS
Aug 02, 2017 8:53:53 PM hudson.model.Run execute
INFO: 160SP03PL02_SRS_DAILY_BUILD_INTEGRATION #18 main build action completed: SUCCESS
Aug 02, 2017 9:14:35 PM hudson.model.Run execute
INFO: SRS_DROP_TEST_FOR_ASE_SP03PL02 #16 main build action completed: SUCCESS
Aug 02, 2017 9:14:37 PM hudson.model.Run execute
INFO: 160SP03PL02_SRS_DAILY_BUILD_AND_DROP_TO_ASE #18 main build action completed: SUCCESS
Aug 02, 2017 9:38:55 PM hudson.node_monitors.ResponseTimeMonitor$1 monitor
WARNING: Making NT_MONSOON offline because it?s not responding
Aug 02, 2017 10:38:55 PM hudson.node_monitors.ResponseTimeMonitor$1 monitor
WARNING: Making NT_MONSOON offline because it?s not responding
Aug 02, 2017 11:38:55 PM hudson.node_monitors.ResponseTimeMonitor$1 monitor
WARNING: Making NT_MONSOON offline because it?s not responding
