May 21, 2017 10:39:15 PM org.apache.catalina.core.StandardContext listenerStart
SEVERE: Exception sending context initialized event to listener instance of class hudson.WebAppMain
java.lang.NullPointerException
	at jenkins.util.groovy.GroovyHookScript.run(GroovyHookScript.java:63)
	at hudson.util.BootFailure.publish(BootFailure.java:43)
	at hudson.WebAppMain.contextInitialized(WebAppMain.java:247)
	at org.apache.catalina.core.StandardContext.listenerStart(StandardContext.java:4994)
	at org.apache.catalina.core.StandardContext.startInternal(StandardContext.java:5492)
	at org.apache.catalina.util.LifecycleBase.start(LifecycleBase.java:150)
	at org.apache.catalina.core.ContainerBase.addChildInternal(ContainerBase.java:901)
	at org.apache.catalina.core.ContainerBase.addChild(ContainerBase.java:877)
	at org.apache.catalina.core.StandardHost.addChild(StandardHost.java:649)
	at org.apache.catalina.startup.HostConfig.deployWAR(HostConfig.java:1083)
	at org.apache.catalina.startup.HostConfig$DeployWar.run(HostConfig.java:1879)
	at java.util.concurrent.Executors$RunnableAdapter.call(Executors.java:471)
	at java.util.concurrent.FutureTask$Sync.innerRun(FutureTask.java:334)
	at java.util.concurrent.FutureTask.run(FutureTask.java:166)
	at java.util.concurrent.ThreadPoolExecutor.runWorker(ThreadPoolExecutor.java:1145)
	at java.util.concurrent.ThreadPoolExecutor$Worker.run(ThreadPoolExecutor.java:615)
	at java.lang.Thread.run(Thread.java:724)

May 21, 2017 10:39:16 PM org.apache.catalina.core.ApplicationContext log
INFO: ContextListener: contextInitialized()
May 21, 2017 10:39:16 PM org.apache.catalina.core.ApplicationContext log
INFO: SessionListener: contextInitialized()
May 21, 2017 10:39:16 PM org.apache.catalina.core.ApplicationContext log
INFO: ContextListener: attributeAdded('org.apache.jasper.compiler.TldLocationsCache', 'org.apache.jasper.compiler.TldLocationsCache@872878a')
May 21, 2017 10:44:56 PM org.apache.catalina.core.ApplicationContext log
INFO: SessionListener: contextDestroyed()
May 21, 2017 10:44:56 PM org.apache.catalina.core.ApplicationContext log
INFO: ContextListener: contextDestroyed()
May 21, 2017 10:46:29 PM org.apache.catalina.core.ApplicationContext log
INFO: ContextListener: contextInitialized()
May 21, 2017 10:46:29 PM org.apache.catalina.core.ApplicationContext log
INFO: SessionListener: contextInitialized()
May 21, 2017 10:46:29 PM org.apache.catalina.core.ApplicationContext log
INFO: ContextListener: attributeAdded('org.apache.jasper.compiler.TldLocationsCache', 'org.apache.jasper.compiler.TldLocationsCache@7f68faf3')
