Dec 16, 2015 2:21:32 AM org.apache.catalina.core.ApplicationContext log
INFO: SessionListener: contextDestroyed()
Dec 16, 2015 2:21:32 AM org.apache.catalina.core.ApplicationContext log
INFO: ContextListener: contextDestroyed()
Dec 16, 2015 2:27:51 AM org.apache.catalina.core.ApplicationContext log
INFO: ContextListener: contextInitialized()
Dec 16, 2015 2:27:51 AM org.apache.catalina.core.ApplicationContext log
INFO: SessionListener: contextInitialized()
Dec 16, 2015 2:27:51 AM org.apache.catalina.core.ApplicationContext log
INFO: ContextListener: attributeAdded('org.apache.jasper.compiler.TldLocationsCache', 'org.apache.jasper.compiler.TldLocationsCache@4d30c132')
Dec 16, 2015 2:33:03 AM org.apache.catalina.core.ApplicationContext log
INFO: SessionListener: contextDestroyed()
Dec 16, 2015 2:33:03 AM org.apache.catalina.core.ApplicationContext log
INFO: ContextListener: contextDestroyed()
Dec 16, 2015 2:33:38 AM org.apache.catalina.core.ApplicationContext log
INFO: ContextListener: contextInitialized()
Dec 16, 2015 2:33:38 AM org.apache.catalina.core.ApplicationContext log
INFO: SessionListener: contextInitialized()
Dec 16, 2015 2:33:38 AM org.apache.catalina.core.ApplicationContext log
INFO: ContextListener: attributeAdded('org.apache.jasper.compiler.TldLocationsCache', 'org.apache.jasper.compiler.TldLocationsCache@2ed021d9')
Dec 16, 2015 2:35:49 AM org.apache.catalina.core.ApplicationContext log
INFO: SessionListener: contextDestroyed()
Dec 16, 2015 2:35:49 AM org.apache.catalina.core.ApplicationContext log
INFO: ContextListener: contextDestroyed()
Dec 16, 2015 2:36:43 AM org.apache.catalina.core.ApplicationContext log
INFO: ContextListener: contextInitialized()
Dec 16, 2015 2:36:43 AM org.apache.catalina.core.ApplicationContext log
INFO: SessionListener: contextInitialized()
Dec 16, 2015 2:36:43 AM org.apache.catalina.core.ApplicationContext log
INFO: ContextListener: attributeAdded('org.apache.jasper.compiler.TldLocationsCache', 'org.apache.jasper.compiler.TldLocationsCache@c0d741c')
Dec 16, 2015 2:39:44 AM org.apache.catalina.core.ApplicationContext log
INFO: SessionListener: contextDestroyed()
Dec 16, 2015 2:39:44 AM org.apache.catalina.core.ApplicationContext log
INFO: ContextListener: contextDestroyed()
Dec 16, 2015 2:46:06 AM org.apache.catalina.core.ApplicationContext log
INFO: ContextListener: contextInitialized()
Dec 16, 2015 2:46:06 AM org.apache.catalina.core.ApplicationContext log
INFO: SessionListener: contextInitialized()
Dec 16, 2015 2:46:06 AM org.apache.catalina.core.ApplicationContext log
INFO: ContextListener: attributeAdded('org.apache.jasper.compiler.TldLocationsCache', 'org.apache.jasper.compiler.TldLocationsCache@3328e909')
Dec 16, 2015 4:45:54 PM org.apache.catalina.core.ApplicationContext log
INFO: SessionListener: contextDestroyed()
Dec 16, 2015 4:45:54 PM org.apache.catalina.core.ApplicationContext log
INFO: ContextListener: contextDestroyed()
Dec 16, 2015 4:49:53 PM org.apache.catalina.core.StandardContext listenerStart
SEVERE: Error configuring application listener of class hudson.WebAppMain
java.lang.UnsupportedClassVersionError: hudson/WebAppMain : Unsupported major.minor version 51.0 (unable to load class hudson.WebAppMain)
	at org.apache.catalina.loader.WebappClassLoader.findClassInternal(WebappClassLoader.java:2961)
	at org.apache.catalina.loader.WebappClassLoader.findClass(WebappClassLoader.java:1210)
	at org.apache.catalina.loader.WebappClassLoader.loadClass(WebappClassLoader.java:1690)
	at org.apache.catalina.loader.WebappClassLoader.loadClass(WebappClassLoader.java:1571)
	at org.apache.catalina.core.DefaultInstanceManager.loadClass(DefaultInstanceManager.java:506)
	at org.apache.catalina.core.DefaultInstanceManager.loadClassMaybePrivileged(DefaultInstanceManager.java:488)
	at org.apache.catalina.core.DefaultInstanceManager.newInstance(DefaultInstanceManager.java:115)
	at org.apache.catalina.core.StandardContext.listenerStart(StandardContext.java:4909)
	at org.apache.catalina.core.StandardContext.startInternal(StandardContext.java:5492)
	at org.apache.catalina.util.LifecycleBase.start(LifecycleBase.java:150)
	at org.apache.catalina.core.ContainerBase.addChildInternal(ContainerBase.java:901)
	at org.apache.catalina.core.ContainerBase.addChild(ContainerBase.java:877)
	at org.apache.catalina.core.StandardHost.addChild(StandardHost.java:649)
	at org.apache.catalina.startup.HostConfig.deployWAR(HostConfig.java:1083)
	at org.apache.catalina.startup.HostConfig$DeployWar.run(HostConfig.java:1879)
	at java.util.concurrent.Executors$RunnableAdapter.call(Executors.java:471)
	at java.util.concurrent.FutureTask$Sync.innerRun(FutureTask.java:334)
	at java.util.concurrent.FutureTask.run(FutureTask.java:166)
	at java.util.concurrent.ThreadPoolExecutor.runWorker(ThreadPoolExecutor.java:1110)
	at java.util.concurrent.ThreadPoolExecutor$Worker.run(ThreadPoolExecutor.java:603)
	at java.lang.Thread.run(Thread.java:636)
Dec 16, 2015 4:49:53 PM org.apache.catalina.core.StandardContext listenerStart
SEVERE: Skipped installing application listeners due to previous error(s)
Dec 16, 2015 4:49:54 PM org.apache.catalina.core.ApplicationContext log
INFO: ContextListener: contextInitialized()
Dec 16, 2015 4:49:54 PM org.apache.catalina.core.ApplicationContext log
INFO: SessionListener: contextInitialized()
Dec 16, 2015 4:49:54 PM org.apache.catalina.core.ApplicationContext log
INFO: ContextListener: attributeAdded('org.apache.jasper.compiler.TldLocationsCache', 'org.apache.jasper.compiler.TldLocationsCache@79ef3ccd')
Dec 16, 2015 4:54:16 PM org.apache.catalina.core.StandardContext listenerStop
SEVERE: Exception sending context destroyed event to listener instance of class hudson.WebAppMain
java.lang.NoClassDefFoundError: org/apache/sshd/SshServer$1
	at org.apache.sshd.SshServer.stop(SshServer.java:374)
	at org.jenkinsci.main.modules.sshd.SSHD.stop(SSHD.java:127)
	at org.jenkinsci.main.modules.sshd.ItemListenerImpl.onBeforeShutdown(ItemListenerImpl.java:20)
	at jenkins.model.Jenkins.cleanUp(Jenkins.java:2751)
	at hudson.WebAppMain.contextDestroyed(WebAppMain.java:397)
	at org.apache.catalina.core.StandardContext.listenerStop(StandardContext.java:5035)
	at org.apache.catalina.core.StandardContext.stopInternal(StandardContext.java:5687)
	at org.apache.catalina.util.LifecycleBase.stop(LifecycleBase.java:232)
	at org.apache.catalina.core.ContainerBase.removeChild(ContainerBase.java:1028)
	at org.apache.catalina.startup.HostConfig.undeploy(HostConfig.java:1500)
	at org.apache.catalina.startup.HostConfig.checkResources(HostConfig.java:1448)
	at org.apache.catalina.startup.HostConfig.check(HostConfig.java:1648)
	at org.apache.catalina.startup.HostConfig.lifecycleEvent(HostConfig.java:328)
	at org.apache.catalina.util.LifecycleSupport.fireLifecycleEvent(LifecycleSupport.java:117)
	at org.apache.catalina.util.LifecycleBase.fireLifecycleEvent(LifecycleBase.java:90)
	at org.apache.catalina.core.ContainerBase.backgroundProcess(ContainerBase.java:1374)
	at org.apache.catalina.core.ContainerBase$ContainerBackgroundProcessor.processChildren(ContainerBase.java:1546)
	at org.apache.catalina.core.ContainerBase$ContainerBackgroundProcessor.processChildren(ContainerBase.java:1556)
	at org.apache.catalina.core.ContainerBase$ContainerBackgroundProcessor.run(ContainerBase.java:1524)
	at java.lang.Thread.run(Thread.java:636)
Caused by: java.lang.ClassNotFoundException: org.apache.sshd.SshServer$1
	at org.apache.catalina.loader.WebappClassLoader.loadClass(WebappClassLoader.java:1720)
	at org.apache.catalina.loader.WebappClassLoader.loadClass(WebappClassLoader.java:1571)
	at java.lang.ClassLoader.loadClassInternal(ClassLoader.java:332)
	... 20 more
Dec 16, 2015 4:59:04 PM org.apache.catalina.core.ApplicationContext log
INFO: SessionListener: contextDestroyed()
Dec 16, 2015 4:59:04 PM org.apache.catalina.core.ApplicationContext log
INFO: ContextListener: contextDestroyed()
Dec 16, 2015 4:59:38 PM org.apache.catalina.core.StandardContext listenerStart
SEVERE: Error configuring application listener of class hudson.WebAppMain
java.lang.UnsupportedClassVersionError: hudson/WebAppMain : Unsupported major.minor version 51.0 (unable to load class hudson.WebAppMain)
	at org.apache.catalina.loader.WebappClassLoader.findClassInternal(WebappClassLoader.java:2961)
	at org.apache.catalina.loader.WebappClassLoader.findClass(WebappClassLoader.java:1210)
	at org.apache.catalina.loader.WebappClassLoader.loadClass(WebappClassLoader.java:1690)
	at org.apache.catalina.loader.WebappClassLoader.loadClass(WebappClassLoader.java:1571)
	at org.apache.catalina.core.DefaultInstanceManager.loadClass(DefaultInstanceManager.java:506)
	at org.apache.catalina.core.DefaultInstanceManager.loadClassMaybePrivileged(DefaultInstanceManager.java:488)
	at org.apache.catalina.core.DefaultInstanceManager.newInstance(DefaultInstanceManager.java:115)
	at org.apache.catalina.core.StandardContext.listenerStart(StandardContext.java:4909)
	at org.apache.catalina.core.StandardContext.startInternal(StandardContext.java:5492)
	at org.apache.catalina.util.LifecycleBase.start(LifecycleBase.java:150)
	at org.apache.catalina.core.ContainerBase.addChildInternal(ContainerBase.java:901)
	at org.apache.catalina.core.ContainerBase.addChild(ContainerBase.java:877)
	at org.apache.catalina.core.StandardHost.addChild(StandardHost.java:649)
	at org.apache.catalina.startup.HostConfig.deployWAR(HostConfig.java:1083)
	at org.apache.catalina.startup.HostConfig$DeployWar.run(HostConfig.java:1879)
	at java.util.concurrent.Executors$RunnableAdapter.call(Executors.java:471)
	at java.util.concurrent.FutureTask$Sync.innerRun(FutureTask.java:334)
	at java.util.concurrent.FutureTask.run(FutureTask.java:166)
	at java.util.concurrent.ThreadPoolExecutor.runWorker(ThreadPoolExecutor.java:1110)
	at java.util.concurrent.ThreadPoolExecutor$Worker.run(ThreadPoolExecutor.java:603)
	at java.lang.Thread.run(Thread.java:636)
Dec 16, 2015 4:59:38 PM org.apache.catalina.core.StandardContext listenerStart
SEVERE: Skipped installing application listeners due to previous error(s)
Dec 16, 2015 4:59:39 PM org.apache.catalina.core.ApplicationContext log
INFO: ContextListener: contextInitialized()
Dec 16, 2015 4:59:39 PM org.apache.catalina.core.ApplicationContext log
INFO: SessionListener: contextInitialized()
Dec 16, 2015 4:59:39 PM org.apache.catalina.core.ApplicationContext log
INFO: ContextListener: attributeAdded('org.apache.jasper.compiler.TldLocationsCache', 'org.apache.jasper.compiler.TldLocationsCache@64bbf7aa')
Dec 16, 2015 5:16:02 PM org.apache.catalina.core.ApplicationContext log
INFO: SessionListener: contextDestroyed()
Dec 16, 2015 5:16:02 PM org.apache.catalina.core.ApplicationContext log
INFO: ContextListener: contextDestroyed()
Dec 16, 2015 6:51:32 PM org.apache.catalina.core.StandardContext listenerStart
SEVERE: Error configuring application listener of class hudson.WebAppMain
java.lang.UnsupportedClassVersionError: hudson/WebAppMain : Unsupported major.minor version 51.0 (unable to load class hudson.WebAppMain)
	at org.apache.catalina.loader.WebappClassLoader.findClassInternal(WebappClassLoader.java:2961)
	at org.apache.catalina.loader.WebappClassLoader.findClass(WebappClassLoader.java:1210)
	at org.apache.catalina.loader.WebappClassLoader.loadClass(WebappClassLoader.java:1690)
	at org.apache.catalina.loader.WebappClassLoader.loadClass(WebappClassLoader.java:1571)
	at org.apache.catalina.core.DefaultInstanceManager.loadClass(DefaultInstanceManager.java:506)
	at org.apache.catalina.core.DefaultInstanceManager.loadClassMaybePrivileged(DefaultInstanceManager.java:488)
	at org.apache.catalina.core.DefaultInstanceManager.newInstance(DefaultInstanceManager.java:115)
	at org.apache.catalina.core.StandardContext.listenerStart(StandardContext.java:4909)
	at org.apache.catalina.core.StandardContext.startInternal(StandardContext.java:5492)
	at org.apache.catalina.util.LifecycleBase.start(LifecycleBase.java:150)
	at org.apache.catalina.core.ContainerBase.addChildInternal(ContainerBase.java:901)
	at org.apache.catalina.core.ContainerBase.addChild(ContainerBase.java:877)
	at org.apache.catalina.core.StandardHost.addChild(StandardHost.java:649)
	at org.apache.catalina.startup.HostConfig.deployWAR(HostConfig.java:1083)
	at org.apache.catalina.startup.HostConfig$DeployWar.run(HostConfig.java:1879)
	at java.util.concurrent.Executors$RunnableAdapter.call(Executors.java:471)
	at java.util.concurrent.FutureTask$Sync.innerRun(FutureTask.java:334)
	at java.util.concurrent.FutureTask.run(FutureTask.java:166)
	at java.util.concurrent.ThreadPoolExecutor.runWorker(ThreadPoolExecutor.java:1110)
	at java.util.concurrent.ThreadPoolExecutor$Worker.run(ThreadPoolExecutor.java:603)
	at java.lang.Thread.run(Thread.java:636)
Dec 16, 2015 6:51:32 PM org.apache.catalina.core.StandardContext listenerStart
SEVERE: Skipped installing application listeners due to previous error(s)
Dec 16, 2015 6:51:32 PM org.apache.catalina.core.ApplicationContext log
INFO: ContextListener: contextInitialized()
Dec 16, 2015 6:51:33 PM org.apache.catalina.core.ApplicationContext log
INFO: SessionListener: contextInitialized()
Dec 16, 2015 6:51:33 PM org.apache.catalina.core.ApplicationContext log
INFO: ContextListener: attributeAdded('org.apache.jasper.compiler.TldLocationsCache', 'org.apache.jasper.compiler.TldLocationsCache@3f72c47b')
Dec 16, 2015 6:54:10 PM org.apache.catalina.core.ApplicationContext log
INFO: SessionListener: contextDestroyed()
Dec 16, 2015 6:54:10 PM org.apache.catalina.core.ApplicationContext log
INFO: ContextListener: contextDestroyed()
Dec 16, 2015 6:55:29 PM org.apache.catalina.core.ApplicationContext log
INFO: ContextListener: contextInitialized()
Dec 16, 2015 6:55:29 PM org.apache.catalina.core.ApplicationContext log
INFO: SessionListener: contextInitialized()
Dec 16, 2015 6:55:29 PM org.apache.catalina.core.ApplicationContext log
INFO: ContextListener: attributeAdded('org.apache.jasper.compiler.TldLocationsCache', 'org.apache.jasper.compiler.TldLocationsCache@79fb80c9')
Dec 16, 2015 7:12:44 PM org.apache.catalina.core.ApplicationContext log
SEVERE: Error while serving http://10.172.104.102:8088/jenkins/computer/createItem
java.lang.reflect.InvocationTargetException
	at sun.reflect.NativeMethodAccessorImpl.invoke0(Native Method)
	at sun.reflect.NativeMethodAccessorImpl.invoke(NativeMethodAccessorImpl.java:57)
	at sun.reflect.DelegatingMethodAccessorImpl.invoke(DelegatingMethodAccessorImpl.java:43)
	at java.lang.reflect.Method.invoke(Method.java:616)
	at org.kohsuke.stapler.Function$InstanceFunction.invoke(Function.java:298)
	at org.kohsuke.stapler.Function.bindAndInvoke(Function.java:161)
	at org.kohsuke.stapler.Function.bindAndInvokeAndServeResponse(Function.java:96)
	at org.kohsuke.stapler.MetaClass$1.doDispatch(MetaClass.java:121)
	at org.kohsuke.stapler.NameBasedDispatcher.dispatch(NameBasedDispatcher.java:53)
	at org.kohsuke.stapler.Stapler.tryInvoke(Stapler.java:746)
	at org.kohsuke.stapler.Stapler.invoke(Stapler.java:876)
	at org.kohsuke.stapler.MetaClass$4.doDispatch(MetaClass.java:211)
	at org.kohsuke.stapler.NameBasedDispatcher.dispatch(NameBasedDispatcher.java:53)
	at org.kohsuke.stapler.Stapler.tryInvoke(Stapler.java:746)
	at org.kohsuke.stapler.Stapler.invoke(Stapler.java:876)
	at org.kohsuke.stapler.Stapler.invoke(Stapler.java:649)
	at org.kohsuke.stapler.Stapler.service(Stapler.java:238)
	at javax.servlet.http.HttpServlet.service(HttpServlet.java:727)
	at org.apache.catalina.core.ApplicationFilterChain.internalDoFilter(ApplicationFilterChain.java:303)
	at org.apache.catalina.core.ApplicationFilterChain.doFilter(ApplicationFilterChain.java:208)
	at hudson.util.PluginServletFilter$1.doFilter(PluginServletFilter.java:123)
	at hudson.util.PluginServletFilter.doFilter(PluginServletFilter.java:114)
	at org.apache.catalina.core.ApplicationFilterChain.internalDoFilter(ApplicationFilterChain.java:241)
	at org.apache.catalina.core.ApplicationFilterChain.doFilter(ApplicationFilterChain.java:208)
	at hudson.security.csrf.CrumbFilter.doFilter(CrumbFilter.java:48)
	at org.apache.catalina.core.ApplicationFilterChain.internalDoFilter(ApplicationFilterChain.java:241)
	at org.apache.catalina.core.ApplicationFilterChain.doFilter(ApplicationFilterChain.java:208)
	at hudson.security.ChainedServletFilter$1.doFilter(ChainedServletFilter.java:84)
	at hudson.security.UnwrapSecurityExceptionFilter.doFilter(UnwrapSecurityExceptionFilter.java:51)
	at hudson.security.ChainedServletFilter$1.doFilter(ChainedServletFilter.java:87)
	at jenkins.security.ExceptionTranslationFilter.doFilter(ExceptionTranslationFilter.java:117)
	at hudson.security.ChainedServletFilter$1.doFilter(ChainedServletFilter.java:87)
	at org.acegisecurity.providers.anonymous.AnonymousProcessingFilter.doFilter(AnonymousProcessingFilter.java:125)
	at hudson.security.ChainedServletFilter$1.doFilter(ChainedServletFilter.java:87)
	at org.acegisecurity.ui.rememberme.RememberMeProcessingFilter.doFilter(RememberMeProcessingFilter.java:142)
	at hudson.security.ChainedServletFilter$1.doFilter(ChainedServletFilter.java:87)
	at org.acegisecurity.ui.AbstractProcessingFilter.doFilter(AbstractProcessingFilter.java:271)
	at hudson.security.ChainedServletFilter$1.doFilter(ChainedServletFilter.java:87)
	at jenkins.security.BasicHeaderProcessor.doFilter(BasicHeaderProcessor.java:93)
	at hudson.security.ChainedServletFilter$1.doFilter(ChainedServletFilter.java:87)
	at org.acegisecurity.context.HttpSessionContextIntegrationFilter.doFilter(HttpSessionContextIntegrationFilter.java:249)
	at hudson.security.HttpSessionContextIntegrationFilter2.doFilter(HttpSessionContextIntegrationFilter2.java:67)
	at hudson.security.ChainedServletFilter$1.doFilter(ChainedServletFilter.java:87)
	at hudson.security.ChainedServletFilter.doFilter(ChainedServletFilter.java:76)
	at hudson.security.HudsonFilter.doFilter(HudsonFilter.java:164)
	at org.apache.catalina.core.ApplicationFilterChain.internalDoFilter(ApplicationFilterChain.java:241)
	at org.apache.catalina.core.ApplicationFilterChain.doFilter(ApplicationFilterChain.java:208)
	at org.kohsuke.stapler.compression.CompressionFilter.doFilter(CompressionFilter.java:49)
	at org.apache.catalina.core.ApplicationFilterChain.internalDoFilter(ApplicationFilterChain.java:241)
	at org.apache.catalina.core.ApplicationFilterChain.doFilter(ApplicationFilterChain.java:208)
	at hudson.util.CharacterEncodingFilter.doFilter(CharacterEncodingFilter.java:81)
	at org.apache.catalina.core.ApplicationFilterChain.internalDoFilter(ApplicationFilterChain.java:241)
	at org.apache.catalina.core.ApplicationFilterChain.doFilter(ApplicationFilterChain.java:208)
	at org.kohsuke.stapler.DiagnosticThreadNameFilter.doFilter(DiagnosticThreadNameFilter.java:30)
	at org.apache.catalina.core.ApplicationFilterChain.internalDoFilter(ApplicationFilterChain.java:241)
	at org.apache.catalina.core.ApplicationFilterChain.doFilter(ApplicationFilterChain.java:208)
	at org.apache.catalina.core.StandardWrapperValve.invoke(StandardWrapperValve.java:220)
	at org.apache.catalina.core.StandardContextValve.invoke(StandardContextValve.java:122)
	at org.apache.catalina.authenticator.AuthenticatorBase.invoke(AuthenticatorBase.java:612)
	at org.apache.catalina.core.StandardHostValve.invoke(StandardHostValve.java:170)
	at org.apache.catalina.valves.ErrorReportValve.invoke(ErrorReportValve.java:103)
	at org.apache.catalina.valves.AccessLogValve.invoke(AccessLogValve.java:950)
	at org.apache.catalina.core.StandardEngineValve.invoke(StandardEngineValve.java:116)
	at org.apache.catalina.connector.CoyoteAdapter.service(CoyoteAdapter.java:421)
	at org.apache.coyote.http11.AbstractHttp11Processor.process(AbstractHttp11Processor.java:1070)
	at org.apache.coyote.AbstractProtocol$AbstractConnectionHandler.process(AbstractProtocol.java:611)
	at org.apache.tomcat.util.net.JIoEndpoint$SocketProcessor.run(JIoEndpoint.java:316)
	at java.util.concurrent.ThreadPoolExecutor.runWorker(ThreadPoolExecutor.java:1110)
	at java.util.concurrent.ThreadPoolExecutor$Worker.run(ThreadPoolExecutor.java:603)
	at org.apache.tomcat.util.threads.TaskThread$WrappingRunnable.run(TaskThread.java:61)
	at java.lang.Thread.run(Thread.java:636)
Caused by: javax.servlet.ServletException: org.apache.commons.jelly.JellyTagException: jar:file:/remote/repeng10/rs_web/tomcat/webapps/jenkins/WEB-INF/lib/jenkins-core-1.597.jar!/hudson/slaves/DumbSlave/configure-entries.jelly:62:73: <st:include> org.kohsuke.stapler.ScriptLoadException: org.apache.commons.jelly.JellyException: Could not parse Jelly script : jar:file:/remote/repeng10/.jenkins/plugins/windows-slaves/WEB-INF/lib/windows-slaves.jar!/hudson/os/windows/ManagedWindowsServiceLauncher/config.jelly
	at org.kohsuke.stapler.jelly.JellyRequestDispatcher.forward(JellyRequestDispatcher.java:60)
	at hudson.slaves.NodeDescriptor.handleNewNodePage(NodeDescriptor.java:91)
	at hudson.model.ComputerSet.doCreateItem(ComputerSet.java:275)
	... 71 more
Caused by: org.apache.commons.jelly.JellyTagException: jar:file:/remote/repeng10/rs_web/tomcat/webapps/jenkins/WEB-INF/lib/jenkins-core-1.597.jar!/hudson/slaves/DumbSlave/configure-entries.jelly:62:73: <st:include> org.kohsuke.stapler.ScriptLoadException: org.apache.commons.jelly.JellyException: Could not parse Jelly script : jar:file:/remote/repeng10/.jenkins/plugins/windows-slaves/WEB-INF/lib/windows-slaves.jar!/hudson/os/windows/ManagedWindowsServiceLauncher/config.jelly
	at org.apache.commons.jelly.impl.TagScript.handleException(TagScript.java:726)
	at org.apache.commons.jelly.impl.TagScript.run(TagScript.java:281)
	at org.apache.commons.jelly.impl.ScriptBlock.run(ScriptBlock.java:95)
	at org.kohsuke.stapler.jelly.CallTagLibScript$1.run(CallTagLibScript.java:99)
	at org.apache.commons.jelly.tags.define.InvokeBodyTag.doTag(InvokeBodyTag.java:91)
	at org.apache.commons.jelly.impl.TagScript.run(TagScript.java:269)
	at org.apache.commons.jelly.TagSupport.invokeBody(TagSupport.java:161)
	at org.apache.commons.jelly.tags.core.OtherwiseTag.doTag(OtherwiseTag.java:41)
	at org.apache.commons.jelly.impl.TagScript.run(TagScript.java:269)
	at org.apache.commons.jelly.impl.ScriptBlock.run(ScriptBlock.java:95)
	at org.apache.commons.jelly.TagSupport.invokeBody(TagSupport.java:161)
	at org.apache.commons.jelly.tags.core.ChooseTag.doTag(ChooseTag.java:38)
	at org.apache.commons.jelly.impl.TagScript.run(TagScript.java:269)
	at org.apache.commons.jelly.impl.ScriptBlock.run(ScriptBlock.java:95)
	at org.apache.commons.jelly.TagSupport.invokeBody(TagSupport.java:161)
	at org.apache.commons.jelly.tags.core.WhenTag.doTag(WhenTag.java:46)
	at org.apache.commons.jelly.impl.TagScript.run(TagScript.java:269)
	at org.apache.commons.jelly.impl.ScriptBlock.run(ScriptBlock.java:95)
	at org.apache.commons.jelly.TagSupport.invokeBody(TagSupport.java:161)
	at org.apache.commons.jelly.tags.core.ChooseTag.doTag(ChooseTag.java:38)
	at org.apache.commons.jelly.impl.TagScript.run(TagScript.java:269)
	at org.apache.commons.jelly.impl.ScriptBlock.run(ScriptBlock.java:95)
	at org.apache.commons.jelly.tags.core.CoreTagLibrary$2.run(CoreTagLibrary.java:105)
	at org.kohsuke.stapler.jelly.CallTagLibScript.run(CallTagLibScript.java:120)
	at org.apache.commons.jelly.TagSupport.invokeBody(TagSupport.java:161)
	at org.apache.commons.jelly.tags.core.ForEachTag.doTag(ForEachTag.java:150)
	at org.apache.commons.jelly.impl.TagScript.run(TagScript.java:269)
	at org.kohsuke.stapler.jelly.CallTagLibScript$1.run(CallTagLibScript.java:99)
	at org.apache.commons.jelly.tags.define.InvokeBodyTag.doTag(InvokeBodyTag.java:91)
	at org.apache.commons.jelly.impl.TagScript.run(TagScript.java:269)
	at org.apache.commons.jelly.impl.ScriptBlock.run(ScriptBlock.java:95)
	at org.kohsuke.stapler.jelly.ReallyStaticTagLibrary$1.run(ReallyStaticTagLibrary.java:99)
	at org.kohsuke.stapler.jelly.ReallyStaticTagLibrary$1.run(ReallyStaticTagLibrary.java:99)
	at org.apache.commons.jelly.impl.ScriptBlock.run(ScriptBlock.java:95)
	at org.kohsuke.stapler.jelly.ReallyStaticTagLibrary$1.run(ReallyStaticTagLibrary.java:99)
	at org.apache.commons.jelly.impl.ScriptBlock.run(ScriptBlock.java:95)
	at org.apache.commons.jelly.tags.core.CoreTagLibrary$2.run(CoreTagLibrary.java:105)
	at org.kohsuke.stapler.jelly.CallTagLibScript.run(CallTagLibScript.java:120)
	at org.apache.commons.jelly.impl.ScriptBlock.run(ScriptBlock.java:95)
	at org.apache.commons.jelly.tags.core.CoreTagLibrary$2.run(CoreTagLibrary.java:105)
	at org.kohsuke.stapler.jelly.JellyViewScript.run(JellyViewScript.java:95)
	at org.kohsuke.stapler.jelly.IncludeTag.doTag(IncludeTag.java:147)
	at org.apache.commons.jelly.impl.TagScript.run(TagScript.java:269)
	at org.apache.commons.jelly.impl.ScriptBlock.run(ScriptBlock.java:95)
	at org.kohsuke.stapler.jelly.CallTagLibScript$1.run(CallTagLibScript.java:99)
	at org.apache.commons.jelly.tags.define.InvokeBodyTag.doTag(InvokeBodyTag.java:91)
	at org.apache.commons.jelly.impl.TagScript.run(TagScript.java:269)
	at org.kohsuke.stapler.jelly.ReallyStaticTagLibrary$1.run(ReallyStaticTagLibrary.java:99)
	at org.kohsuke.stapler.jelly.ReallyStaticTagLibrary$1.run(ReallyStaticTagLibrary.java:99)
	at org.apache.commons.jelly.impl.ScriptBlock.run(ScriptBlock.java:95)
	at org.apache.commons.jelly.tags.core.CoreTagLibrary$2.run(CoreTagLibrary.java:105)
	at org.kohsuke.stapler.jelly.CallTagLibScript.run(CallTagLibScript.java:120)
	at org.apache.commons.jelly.impl.ScriptBlock.run(ScriptBlock.java:95)
	at org.kohsuke.stapler.jelly.CallTagLibScript$1.run(CallTagLibScript.java:99)
	at org.apache.commons.jelly.tags.define.InvokeBodyTag.doTag(InvokeBodyTag.java:91)
	at org.apache.commons.jelly.impl.TagScript.run(TagScript.java:269)
	at org.apache.commons.jelly.impl.ScriptBlock.run(ScriptBlock.java:95)
	at org.apache.commons.jelly.tags.core.CoreTagLibrary$1.run(CoreTagLibrary.java:98)
	at org.apache.commons.jelly.impl.ScriptBlock.run(ScriptBlock.java:95)
	at org.apache.commons.jelly.tags.core.CoreTagLibrary$2.run(CoreTagLibrary.java:105)
	at org.kohsuke.stapler.jelly.CallTagLibScript.run(CallTagLibScript.java:120)
	at org.apache.commons.jelly.impl.ScriptBlock.run(ScriptBlock.java:95)
	at org.kohsuke.stapler.jelly.CallTagLibScript$1.run(CallTagLibScript.java:99)
	at org.apache.commons.jelly.tags.define.InvokeBodyTag.doTag(InvokeBodyTag.java:91)
	at org.apache.commons.jelly.impl.TagScript.run(TagScript.java:269)
	at org.apache.commons.jelly.impl.ScriptBlock.run(ScriptBlock.java:95)
	at org.kohsuke.stapler.jelly.ReallyStaticTagLibrary$1.run(ReallyStaticTagLibrary.java:99)
	at org.kohsuke.stapler.jelly.ReallyStaticTagLibrary$1.run(ReallyStaticTagLibrary.java:99)
	at org.apache.commons.jelly.impl.ScriptBlock.run(ScriptBlock.java:95)
	at org.kohsuke.stapler.jelly.ReallyStaticTagLibrary$1.run(ReallyStaticTagLibrary.java:99)
	at org.kohsuke.stapler.jelly.ReallyStaticTagLibrary$1.run(ReallyStaticTagLibrary.java:99)
	at org.apache.commons.jelly.impl.ScriptBlock.run(ScriptBlock.java:95)
	at org.kohsuke.stapler.jelly.ReallyStaticTagLibrary$1.run(ReallyStaticTagLibrary.java:99)
	at org.apache.commons.jelly.impl.ScriptBlock.run(ScriptBlock.java:95)
	at org.kohsuke.stapler.jelly.ReallyStaticTagLibrary$1.run(ReallyStaticTagLibrary.java:99)
	at org.apache.commons.jelly.impl.ScriptBlock.run(ScriptBlock.java:95)
	at org.apache.commons.jelly.tags.core.CoreTagLibrary$2.run(CoreTagLibrary.java:105)
	at org.kohsuke.stapler.jelly.CallTagLibScript.run(CallTagLibScript.java:120)
	at org.apache.commons.jelly.tags.core.CoreTagLibrary$2.run(CoreTagLibrary.java:105)
	at org.kohsuke.stapler.jelly.JellyViewScript.run(JellyViewScript.java:95)
	at org.kohsuke.stapler.jelly.DefaultScriptInvoker.invokeScript(DefaultScriptInvoker.java:63)
	at org.kohsuke.stapler.jelly.DefaultScriptInvoker.invokeScript(DefaultScriptInvoker.java:53)
	at org.kohsuke.stapler.jelly.JellyRequestDispatcher.forward(JellyRequestDispatcher.java:55)
	... 73 more
Caused by: com.google.common.util.concurrent.UncheckedExecutionException: org.kohsuke.stapler.ScriptLoadException: org.apache.commons.jelly.JellyException: Could not parse Jelly script : jar:file:/remote/repeng10/.jenkins/plugins/windows-slaves/WEB-INF/lib/windows-slaves.jar!/hudson/os/windows/ManagedWindowsServiceLauncher/config.jelly
	at com.google.common.cache.LocalCache$Segment.get(LocalCache.java:2234)
	at com.google.common.cache.LocalCache.get(LocalCache.java:3965)
	at com.google.common.cache.LocalCache.getOrLoad(LocalCache.java:3969)
	at com.google.common.cache.LocalCache$LocalManualCache.get(LocalCache.java:4829)
	at com.google.common.cache.LocalCache$LocalManualCache.getUnchecked(LocalCache.java:4834)
	at org.kohsuke.stapler.CachingScriptLoader.findScript(CachingScriptLoader.java:62)
	at org.kohsuke.stapler.jelly.IncludeTag.doTag(IncludeTag.java:112)
	at org.apache.commons.jelly.impl.TagScript.run(TagScript.java:269)
	... 154 more
Caused by: org.kohsuke.stapler.ScriptLoadException: org.apache.commons.jelly.JellyException: Could not parse Jelly script : jar:file:/remote/repeng10/.jenkins/plugins/windows-slaves/WEB-INF/lib/windows-slaves.jar!/hudson/os/windows/ManagedWindowsServiceLauncher/config.jelly
	at org.kohsuke.stapler.CachingScriptLoader$1.load(CachingScriptLoader.java:35)
	at org.kohsuke.stapler.CachingScriptLoader$1.load(CachingScriptLoader.java:28)
	at com.google.common.cache.LocalCache$LoadingValueReference.loadFuture(LocalCache.java:3568)
	at com.google.common.cache.LocalCache$Segment.loadSync(LocalCache.java:2350)
	at com.google.common.cache.LocalCache$Segment.lockedGetOrLoad(LocalCache.java:2313)
	at com.google.common.cache.LocalCache$Segment.get(LocalCache.java:2228)
	... 161 more
Caused by: org.apache.commons.jelly.JellyException: Could not parse Jelly script : jar:file:/remote/repeng10/.jenkins/plugins/windows-slaves/WEB-INF/lib/windows-slaves.jar!/hudson/os/windows/ManagedWindowsServiceLauncher/config.jelly
	at org.apache.commons.jelly.JellyContext.compileScript(JellyContext.java:527)
	at org.kohsuke.stapler.jelly.JellyClassTearOff.parseScript(JellyClassTearOff.java:56)
	at org.kohsuke.stapler.jelly.JellyClassTearOff.parseScript(JellyClassTearOff.java:47)
	at org.kohsuke.stapler.AbstractTearOff.resolveScript(AbstractTearOff.java:91)
	at org.kohsuke.stapler.jelly.JellyClassTearOff.resolveScript(JellyClassTearOff.java:94)
	at org.kohsuke.stapler.jelly.JellyClassTearOff.resolveScript(JellyClassTearOff.java:47)
	at org.kohsuke.stapler.AbstractTearOff.loadScript(AbstractTearOff.java:97)
	at org.kohsuke.stapler.CachingScriptLoader$1.load(CachingScriptLoader.java:31)
	... 166 more
Caused by: java.util.zip.ZipException: error reading zip file
	at java.util.zip.ZipFile.read(Native Method)
	at java.util.zip.ZipFile.access$1200(ZipFile.java:46)
	at java.util.zip.ZipFile$ZipFileInputStream.read(ZipFile.java:464)
	at java.util.zip.ZipFile$1.fill(ZipFile.java:247)
	at java.util.zip.InflaterInputStream.read(InflaterInputStream.java:158)
	at java.util.zip.InflaterInputStream.read(InflaterInputStream.java:122)
	at java.io.FilterInputStream.read(FilterInputStream.java:83)
	at com.sun.org.apache.xerces.internal.impl.XMLEntityManager$RewindableInputStream.read(XMLEntityManager.java:2886)
	at com.sun.org.apache.xerces.internal.impl.XMLEntityManager.setupCurrentEntity(XMLEntityManager.java:680)
	at com.sun.org.apache.xerces.internal.impl.XMLVersionDetector.determineDocVersion(XMLVersionDetector.java:189)
	at com.sun.org.apache.xerces.internal.parsers.XML11Configuration.parse(XML11Configuration.java:774)
	at com.sun.org.apache.xerces.internal.parsers.XML11Configuration.parse(XML11Configuration.java:740)
	at com.sun.org.apache.xerces.internal.parsers.XMLParser.parse(XMLParser.java:110)
	at com.sun.org.apache.xerces.internal.parsers.AbstractSAXParser.parse(AbstractSAXParser.java:1135)
	at com.sun.org.apache.xerces.internal.jaxp.SAXParserImpl$JAXPSAXParser.parse(SAXParserImpl.java:536)
	at org.apache.commons.jelly.parser.XMLParser.parse(XMLParser.java:350)
	at org.apache.commons.jelly.JellyContext.compileScript(JellyContext.java:525)
	... 173 more
Dec 16, 2015 7:13:16 PM org.apache.catalina.core.ApplicationContext log
SEVERE: Error while serving http://10.172.104.102:8088/jenkins/computer/createItem
java.lang.reflect.InvocationTargetException
	at sun.reflect.NativeMethodAccessorImpl.invoke0(Native Method)
	at sun.reflect.NativeMethodAccessorImpl.invoke(NativeMethodAccessorImpl.java:57)
	at sun.reflect.DelegatingMethodAccessorImpl.invoke(DelegatingMethodAccessorImpl.java:43)
	at java.lang.reflect.Method.invoke(Method.java:616)
	at org.kohsuke.stapler.Function$InstanceFunction.invoke(Function.java:298)
	at org.kohsuke.stapler.Function.bindAndInvoke(Function.java:161)
	at org.kohsuke.stapler.Function.bindAndInvokeAndServeResponse(Function.java:96)
	at org.kohsuke.stapler.MetaClass$1.doDispatch(MetaClass.java:121)
	at org.kohsuke.stapler.NameBasedDispatcher.dispatch(NameBasedDispatcher.java:53)
	at org.kohsuke.stapler.Stapler.tryInvoke(Stapler.java:746)
	at org.kohsuke.stapler.Stapler.invoke(Stapler.java:876)
	at org.kohsuke.stapler.MetaClass$4.doDispatch(MetaClass.java:211)
	at org.kohsuke.stapler.NameBasedDispatcher.dispatch(NameBasedDispatcher.java:53)
	at org.kohsuke.stapler.Stapler.tryInvoke(Stapler.java:746)
	at org.kohsuke.stapler.Stapler.invoke(Stapler.java:876)
	at org.kohsuke.stapler.Stapler.invoke(Stapler.java:649)
	at org.kohsuke.stapler.Stapler.service(Stapler.java:238)
	at javax.servlet.http.HttpServlet.service(HttpServlet.java:727)
	at org.apache.catalina.core.ApplicationFilterChain.internalDoFilter(ApplicationFilterChain.java:303)
	at org.apache.catalina.core.ApplicationFilterChain.doFilter(ApplicationFilterChain.java:208)
	at hudson.util.PluginServletFilter$1.doFilter(PluginServletFilter.java:123)
	at hudson.util.PluginServletFilter.doFilter(PluginServletFilter.java:114)
	at org.apache.catalina.core.ApplicationFilterChain.internalDoFilter(ApplicationFilterChain.java:241)
	at org.apache.catalina.core.ApplicationFilterChain.doFilter(ApplicationFilterChain.java:208)
	at hudson.security.csrf.CrumbFilter.doFilter(CrumbFilter.java:48)
	at org.apache.catalina.core.ApplicationFilterChain.internalDoFilter(ApplicationFilterChain.java:241)
	at org.apache.catalina.core.ApplicationFilterChain.doFilter(ApplicationFilterChain.java:208)
	at hudson.security.ChainedServletFilter$1.doFilter(ChainedServletFilter.java:84)
	at hudson.security.UnwrapSecurityExceptionFilter.doFilter(UnwrapSecurityExceptionFilter.java:51)
	at hudson.security.ChainedServletFilter$1.doFilter(ChainedServletFilter.java:87)
	at jenkins.security.ExceptionTranslationFilter.doFilter(ExceptionTranslationFilter.java:117)
	at hudson.security.ChainedServletFilter$1.doFilter(ChainedServletFilter.java:87)
	at org.acegisecurity.providers.anonymous.AnonymousProcessingFilter.doFilter(AnonymousProcessingFilter.java:125)
	at hudson.security.ChainedServletFilter$1.doFilter(ChainedServletFilter.java:87)
	at org.acegisecurity.ui.rememberme.RememberMeProcessingFilter.doFilter(RememberMeProcessingFilter.java:142)
	at hudson.security.ChainedServletFilter$1.doFilter(ChainedServletFilter.java:87)
	at org.acegisecurity.ui.AbstractProcessingFilter.doFilter(AbstractProcessingFilter.java:271)
	at hudson.security.ChainedServletFilter$1.doFilter(ChainedServletFilter.java:87)
	at jenkins.security.BasicHeaderProcessor.doFilter(BasicHeaderProcessor.java:93)
	at hudson.security.ChainedServletFilter$1.doFilter(ChainedServletFilter.java:87)
	at org.acegisecurity.context.HttpSessionContextIntegrationFilter.doFilter(HttpSessionContextIntegrationFilter.java:249)
	at hudson.security.HttpSessionContextIntegrationFilter2.doFilter(HttpSessionContextIntegrationFilter2.java:67)
	at hudson.security.ChainedServletFilter$1.doFilter(ChainedServletFilter.java:87)
	at hudson.security.ChainedServletFilter.doFilter(ChainedServletFilter.java:76)
	at hudson.security.HudsonFilter.doFilter(HudsonFilter.java:164)
	at org.apache.catalina.core.ApplicationFilterChain.internalDoFilter(ApplicationFilterChain.java:241)
	at org.apache.catalina.core.ApplicationFilterChain.doFilter(ApplicationFilterChain.java:208)
	at org.kohsuke.stapler.compression.CompressionFilter.doFilter(CompressionFilter.java:49)
	at org.apache.catalina.core.ApplicationFilterChain.internalDoFilter(ApplicationFilterChain.java:241)
	at org.apache.catalina.core.ApplicationFilterChain.doFilter(ApplicationFilterChain.java:208)
	at hudson.util.CharacterEncodingFilter.doFilter(CharacterEncodingFilter.java:81)
	at org.apache.catalina.core.ApplicationFilterChain.internalDoFilter(ApplicationFilterChain.java:241)
	at org.apache.catalina.core.ApplicationFilterChain.doFilter(ApplicationFilterChain.java:208)
	at org.kohsuke.stapler.DiagnosticThreadNameFilter.doFilter(DiagnosticThreadNameFilter.java:30)
	at org.apache.catalina.core.ApplicationFilterChain.internalDoFilter(ApplicationFilterChain.java:241)
	at org.apache.catalina.core.ApplicationFilterChain.doFilter(ApplicationFilterChain.java:208)
	at org.apache.catalina.core.StandardWrapperValve.invoke(StandardWrapperValve.java:220)
	at org.apache.catalina.core.StandardContextValve.invoke(StandardContextValve.java:122)
	at org.apache.catalina.authenticator.AuthenticatorBase.invoke(AuthenticatorBase.java:612)
	at org.apache.catalina.core.StandardHostValve.invoke(StandardHostValve.java:170)
	at org.apache.catalina.valves.ErrorReportValve.invoke(ErrorReportValve.java:103)
	at org.apache.catalina.valves.AccessLogValve.invoke(AccessLogValve.java:950)
	at org.apache.catalina.core.StandardEngineValve.invoke(StandardEngineValve.java:116)
	at org.apache.catalina.connector.CoyoteAdapter.service(CoyoteAdapter.java:421)
	at org.apache.coyote.http11.AbstractHttp11Processor.process(AbstractHttp11Processor.java:1070)
	at org.apache.coyote.AbstractProtocol$AbstractConnectionHandler.process(AbstractProtocol.java:611)
	at org.apache.tomcat.util.net.JIoEndpoint$SocketProcessor.run(JIoEndpoint.java:316)
	at java.util.concurrent.ThreadPoolExecutor.runWorker(ThreadPoolExecutor.java:1110)
	at java.util.concurrent.ThreadPoolExecutor$Worker.run(ThreadPoolExecutor.java:603)
	at org.apache.tomcat.util.threads.TaskThread$WrappingRunnable.run(TaskThread.java:61)
	at java.lang.Thread.run(Thread.java:636)
Caused by: javax.servlet.ServletException: org.apache.commons.jelly.JellyTagException: jar:file:/remote/repeng10/rs_web/tomcat/webapps/jenkins/WEB-INF/lib/jenkins-core-1.597.jar!/hudson/slaves/DumbSlave/configure-entries.jelly:62:73: <st:include> org.kohsuke.stapler.ScriptLoadException: org.apache.commons.jelly.JellyException: Could not parse Jelly script : jar:file:/remote/repeng10/.jenkins/plugins/windows-slaves/WEB-INF/lib/windows-slaves.jar!/hudson/os/windows/ManagedWindowsServiceLauncher/config.jelly
	at org.kohsuke.stapler.jelly.JellyRequestDispatcher.forward(JellyRequestDispatcher.java:60)
	at hudson.slaves.NodeDescriptor.handleNewNodePage(NodeDescriptor.java:91)
	at hudson.model.ComputerSet.doCreateItem(ComputerSet.java:275)
	... 71 more
Caused by: org.apache.commons.jelly.JellyTagException: jar:file:/remote/repeng10/rs_web/tomcat/webapps/jenkins/WEB-INF/lib/jenkins-core-1.597.jar!/hudson/slaves/DumbSlave/configure-entries.jelly:62:73: <st:include> org.kohsuke.stapler.ScriptLoadException: org.apache.commons.jelly.JellyException: Could not parse Jelly script : jar:file:/remote/repeng10/.jenkins/plugins/windows-slaves/WEB-INF/lib/windows-slaves.jar!/hudson/os/windows/ManagedWindowsServiceLauncher/config.jelly
	at org.apache.commons.jelly.impl.TagScript.handleException(TagScript.java:726)
	at org.apache.commons.jelly.impl.TagScript.run(TagScript.java:281)
	at org.apache.commons.jelly.impl.ScriptBlock.run(ScriptBlock.java:95)
	at org.kohsuke.stapler.jelly.CallTagLibScript$1.run(CallTagLibScript.java:99)
	at org.apache.commons.jelly.tags.define.InvokeBodyTag.doTag(InvokeBodyTag.java:91)
	at org.apache.commons.jelly.impl.TagScript.run(TagScript.java:269)
	at org.apache.commons.jelly.TagSupport.invokeBody(TagSupport.java:161)
	at org.apache.commons.jelly.tags.core.OtherwiseTag.doTag(OtherwiseTag.java:41)
	at org.apache.commons.jelly.impl.TagScript.run(TagScript.java:269)
	at org.apache.commons.jelly.impl.ScriptBlock.run(ScriptBlock.java:95)
	at org.apache.commons.jelly.TagSupport.invokeBody(TagSupport.java:161)
	at org.apache.commons.jelly.tags.core.ChooseTag.doTag(ChooseTag.java:38)
	at org.apache.commons.jelly.impl.TagScript.run(TagScript.java:269)
	at org.apache.commons.jelly.impl.ScriptBlock.run(ScriptBlock.java:95)
	at org.apache.commons.jelly.TagSupport.invokeBody(TagSupport.java:161)
	at org.apache.commons.jelly.tags.core.WhenTag.doTag(WhenTag.java:46)
	at org.apache.commons.jelly.impl.TagScript.run(TagScript.java:269)
	at org.apache.commons.jelly.impl.ScriptBlock.run(ScriptBlock.java:95)
	at org.apache.commons.jelly.TagSupport.invokeBody(TagSupport.java:161)
	at org.apache.commons.jelly.tags.core.ChooseTag.doTag(ChooseTag.java:38)
	at org.apache.commons.jelly.impl.TagScript.run(TagScript.java:269)
	at org.apache.commons.jelly.impl.ScriptBlock.run(ScriptBlock.java:95)
	at org.apache.commons.jelly.tags.core.CoreTagLibrary$2.run(CoreTagLibrary.java:105)
	at org.kohsuke.stapler.jelly.CallTagLibScript.run(CallTagLibScript.java:120)
	at org.apache.commons.jelly.TagSupport.invokeBody(TagSupport.java:161)
	at org.apache.commons.jelly.tags.core.ForEachTag.doTag(ForEachTag.java:150)
	at org.apache.commons.jelly.impl.TagScript.run(TagScript.java:269)
	at org.kohsuke.stapler.jelly.CallTagLibScript$1.run(CallTagLibScript.java:99)
	at org.apache.commons.jelly.tags.define.InvokeBodyTag.doTag(InvokeBodyTag.java:91)
	at org.apache.commons.jelly.impl.TagScript.run(TagScript.java:269)
	at org.apache.commons.jelly.impl.ScriptBlock.run(ScriptBlock.java:95)
	at org.kohsuke.stapler.jelly.ReallyStaticTagLibrary$1.run(ReallyStaticTagLibrary.java:99)
	at org.kohsuke.stapler.jelly.ReallyStaticTagLibrary$1.run(ReallyStaticTagLibrary.java:99)
	at org.apache.commons.jelly.impl.ScriptBlock.run(ScriptBlock.java:95)
	at org.kohsuke.stapler.jelly.ReallyStaticTagLibrary$1.run(ReallyStaticTagLibrary.java:99)
	at org.apache.commons.jelly.impl.ScriptBlock.run(ScriptBlock.java:95)
	at org.apache.commons.jelly.tags.core.CoreTagLibrary$2.run(CoreTagLibrary.java:105)
	at org.kohsuke.stapler.jelly.CallTagLibScript.run(CallTagLibScript.java:120)
	at org.apache.commons.jelly.impl.ScriptBlock.run(ScriptBlock.java:95)
	at org.apache.commons.jelly.tags.core.CoreTagLibrary$2.run(CoreTagLibrary.java:105)
	at org.kohsuke.stapler.jelly.JellyViewScript.run(JellyViewScript.java:95)
	at org.kohsuke.stapler.jelly.IncludeTag.doTag(IncludeTag.java:147)
	at org.apache.commons.jelly.impl.TagScript.run(TagScript.java:269)
	at org.apache.commons.jelly.impl.ScriptBlock.run(ScriptBlock.java:95)
	at org.kohsuke.stapler.jelly.CallTagLibScript$1.run(CallTagLibScript.java:99)
	at org.apache.commons.jelly.tags.define.InvokeBodyTag.doTag(InvokeBodyTag.java:91)
	at org.apache.commons.jelly.impl.TagScript.run(TagScript.java:269)
	at org.kohsuke.stapler.jelly.ReallyStaticTagLibrary$1.run(ReallyStaticTagLibrary.java:99)
	at org.kohsuke.stapler.jelly.ReallyStaticTagLibrary$1.run(ReallyStaticTagLibrary.java:99)
	at org.apache.commons.jelly.impl.ScriptBlock.run(ScriptBlock.java:95)
	at org.apache.commons.jelly.tags.core.CoreTagLibrary$2.run(CoreTagLibrary.java:105)
	at org.kohsuke.stapler.jelly.CallTagLibScript.run(CallTagLibScript.java:120)
	at org.apache.commons.jelly.impl.ScriptBlock.run(ScriptBlock.java:95)
	at org.kohsuke.stapler.jelly.CallTagLibScript$1.run(CallTagLibScript.java:99)
	at org.apache.commons.jelly.tags.define.InvokeBodyTag.doTag(InvokeBodyTag.java:91)
	at org.apache.commons.jelly.impl.TagScript.run(TagScript.java:269)
	at org.apache.commons.jelly.impl.ScriptBlock.run(ScriptBlock.java:95)
	at org.apache.commons.jelly.tags.core.CoreTagLibrary$1.run(CoreTagLibrary.java:98)
	at org.apache.commons.jelly.impl.ScriptBlock.run(ScriptBlock.java:95)
	at org.apache.commons.jelly.tags.core.CoreTagLibrary$2.run(CoreTagLibrary.java:105)
	at org.kohsuke.stapler.jelly.CallTagLibScript.run(CallTagLibScript.java:120)
	at org.apache.commons.jelly.impl.ScriptBlock.run(ScriptBlock.java:95)
	at org.kohsuke.stapler.jelly.CallTagLibScript$1.run(CallTagLibScript.java:99)
	at org.apache.commons.jelly.tags.define.InvokeBodyTag.doTag(InvokeBodyTag.java:91)
	at org.apache.commons.jelly.impl.TagScript.run(TagScript.java:269)
	at org.apache.commons.jelly.impl.ScriptBlock.run(ScriptBlock.java:95)
	at org.kohsuke.stapler.jelly.ReallyStaticTagLibrary$1.run(ReallyStaticTagLibrary.java:99)
	at org.kohsuke.stapler.jelly.ReallyStaticTagLibrary$1.run(ReallyStaticTagLibrary.java:99)
	at org.apache.commons.jelly.impl.ScriptBlock.run(ScriptBlock.java:95)
	at org.kohsuke.stapler.jelly.ReallyStaticTagLibrary$1.run(ReallyStaticTagLibrary.java:99)
	at org.kohsuke.stapler.jelly.ReallyStaticTagLibrary$1.run(ReallyStaticTagLibrary.java:99)
	at org.apache.commons.jelly.impl.ScriptBlock.run(ScriptBlock.java:95)
	at org.kohsuke.stapler.jelly.ReallyStaticTagLibrary$1.run(ReallyStaticTagLibrary.java:99)
	at org.apache.commons.jelly.impl.ScriptBlock.run(ScriptBlock.java:95)
	at org.kohsuke.stapler.jelly.ReallyStaticTagLibrary$1.run(ReallyStaticTagLibrary.java:99)
	at org.apache.commons.jelly.impl.ScriptBlock.run(ScriptBlock.java:95)
	at org.apache.commons.jelly.tags.core.CoreTagLibrary$2.run(CoreTagLibrary.java:105)
	at org.kohsuke.stapler.jelly.CallTagLibScript.run(CallTagLibScript.java:120)
	at org.apache.commons.jelly.tags.core.CoreTagLibrary$2.run(CoreTagLibrary.java:105)
	at org.kohsuke.stapler.jelly.JellyViewScript.run(JellyViewScript.java:95)
	at org.kohsuke.stapler.jelly.DefaultScriptInvoker.invokeScript(DefaultScriptInvoker.java:63)
	at org.kohsuke.stapler.jelly.DefaultScriptInvoker.invokeScript(DefaultScriptInvoker.java:53)
	at org.kohsuke.stapler.jelly.JellyRequestDispatcher.forward(JellyRequestDispatcher.java:55)
	... 73 more
Caused by: com.google.common.util.concurrent.UncheckedExecutionException: org.kohsuke.stapler.ScriptLoadException: org.apache.commons.jelly.JellyException: Could not parse Jelly script : jar:file:/remote/repeng10/.jenkins/plugins/windows-slaves/WEB-INF/lib/windows-slaves.jar!/hudson/os/windows/ManagedWindowsServiceLauncher/config.jelly
	at com.google.common.cache.LocalCache$Segment.get(LocalCache.java:2234)
	at com.google.common.cache.LocalCache.get(LocalCache.java:3965)
	at com.google.common.cache.LocalCache.getOrLoad(LocalCache.java:3969)
	at com.google.common.cache.LocalCache$LocalManualCache.get(LocalCache.java:4829)
	at com.google.common.cache.LocalCache$LocalManualCache.getUnchecked(LocalCache.java:4834)
	at org.kohsuke.stapler.CachingScriptLoader.findScript(CachingScriptLoader.java:62)
	at org.kohsuke.stapler.jelly.IncludeTag.doTag(IncludeTag.java:112)
	at org.apache.commons.jelly.impl.TagScript.run(TagScript.java:269)
	... 154 more
Caused by: org.kohsuke.stapler.ScriptLoadException: org.apache.commons.jelly.JellyException: Could not parse Jelly script : jar:file:/remote/repeng10/.jenkins/plugins/windows-slaves/WEB-INF/lib/windows-slaves.jar!/hudson/os/windows/ManagedWindowsServiceLauncher/config.jelly
	at org.kohsuke.stapler.CachingScriptLoader$1.load(CachingScriptLoader.java:35)
	at org.kohsuke.stapler.CachingScriptLoader$1.load(CachingScriptLoader.java:28)
	at com.google.common.cache.LocalCache$LoadingValueReference.loadFuture(LocalCache.java:3568)
	at com.google.common.cache.LocalCache$Segment.loadSync(LocalCache.java:2350)
	at com.google.common.cache.LocalCache$Segment.lockedGetOrLoad(LocalCache.java:2313)
	at com.google.common.cache.LocalCache$Segment.get(LocalCache.java:2228)
	... 161 more
Caused by: org.apache.commons.jelly.JellyException: Could not parse Jelly script : jar:file:/remote/repeng10/.jenkins/plugins/windows-slaves/WEB-INF/lib/windows-slaves.jar!/hudson/os/windows/ManagedWindowsServiceLauncher/config.jelly
	at org.apache.commons.jelly.JellyContext.compileScript(JellyContext.java:527)
	at org.kohsuke.stapler.jelly.JellyClassTearOff.parseScript(JellyClassTearOff.java:56)
	at org.kohsuke.stapler.jelly.JellyClassTearOff.parseScript(JellyClassTearOff.java:47)
	at org.kohsuke.stapler.AbstractTearOff.resolveScript(AbstractTearOff.java:91)
	at org.kohsuke.stapler.jelly.JellyClassTearOff.resolveScript(JellyClassTearOff.java:94)
	at org.kohsuke.stapler.jelly.JellyClassTearOff.resolveScript(JellyClassTearOff.java:47)
	at org.kohsuke.stapler.AbstractTearOff.loadScript(AbstractTearOff.java:97)
	at org.kohsuke.stapler.CachingScriptLoader$1.load(CachingScriptLoader.java:31)
	... 166 more
Caused by: java.util.zip.ZipException: error reading zip file
	at java.util.zip.ZipFile.read(Native Method)
	at java.util.zip.ZipFile.access$1200(ZipFile.java:46)
	at java.util.zip.ZipFile$ZipFileInputStream.read(ZipFile.java:464)
	at java.util.zip.ZipFile$1.fill(ZipFile.java:247)
	at java.util.zip.InflaterInputStream.read(InflaterInputStream.java:158)
	at java.util.zip.InflaterInputStream.read(InflaterInputStream.java:122)
	at java.io.FilterInputStream.read(FilterInputStream.java:83)
	at com.sun.org.apache.xerces.internal.impl.XMLEntityManager$RewindableInputStream.read(XMLEntityManager.java:2886)
	at com.sun.org.apache.xerces.internal.impl.XMLEntityManager.setupCurrentEntity(XMLEntityManager.java:680)
	at com.sun.org.apache.xerces.internal.impl.XMLVersionDetector.determineDocVersion(XMLVersionDetector.java:189)
	at com.sun.org.apache.xerces.internal.parsers.XML11Configuration.parse(XML11Configuration.java:774)
	at com.sun.org.apache.xerces.internal.parsers.XML11Configuration.parse(XML11Configuration.java:740)
	at com.sun.org.apache.xerces.internal.parsers.XMLParser.parse(XMLParser.java:110)
	at com.sun.org.apache.xerces.internal.parsers.AbstractSAXParser.parse(AbstractSAXParser.java:1135)
	at com.sun.org.apache.xerces.internal.jaxp.SAXParserImpl$JAXPSAXParser.parse(SAXParserImpl.java:536)
	at org.apache.commons.jelly.parser.XMLParser.parse(XMLParser.java:350)
	at org.apache.commons.jelly.JellyContext.compileScript(JellyContext.java:525)
	... 173 more
Dec 16, 2015 7:15:28 PM org.apache.catalina.core.ApplicationContext log
INFO: SessionListener: contextDestroyed()
Dec 16, 2015 7:15:28 PM org.apache.catalina.core.ApplicationContext log
INFO: ContextListener: contextDestroyed()
