Aug 28, 2016 11:12:05 PM org.apache.catalina.core.StandardContext listenerStart
SEVERE: Exception sending context initialized event to listener instance of class hudson.WebAppMain
java.lang.NullPointerException
	at jenkins.util.groovy.GroovyHookScript.run(GroovyHookScript.java:63)
	at hudson.util.BootFailure.publish(BootFailure.java:43)
	at hudson.WebAppMain.contextInitialized(WebAppMain.java:247)
	at org.apache.catalina.core.StandardContext.listenerStart(StandardContext.java:4994)
	at org.apache.catalina.core.StandardContext.startInternal(StandardContext.java:5492)
	at org.apache.catalina.util.LifecycleBase.start(LifecycleBase.java:150)
	at org.apache.catalina.core.ContainerBase.addChildInternal(ContainerBase.java:901)
	at org.apache.catalina.core.ContainerBase.addChild(ContainerBase.java:877)
	at org.apache.catalina.core.StandardHost.addChild(StandardHost.java:649)
	at org.apache.catalina.startup.HostConfig.deployWAR(HostConfig.java:1083)
	at org.apache.catalina.startup.HostConfig$DeployWar.run(HostConfig.java:1879)
	at java.util.concurrent.Executors$RunnableAdapter.call(Executors.java:471)
	at java.util.concurrent.FutureTask$Sync.innerRun(FutureTask.java:334)
	at java.util.concurrent.FutureTask.run(FutureTask.java:166)
	at java.util.concurrent.ThreadPoolExecutor.runWorker(ThreadPoolExecutor.java:1110)
	at java.util.concurrent.ThreadPoolExecutor$Worker.run(ThreadPoolExecutor.java:603)
	at java.lang.Thread.run(Thread.java:636)
Aug 28, 2016 11:12:08 PM org.apache.catalina.core.ApplicationContext log
INFO: ContextListener: contextInitialized()
Aug 28, 2016 11:12:08 PM org.apache.catalina.core.ApplicationContext log
INFO: SessionListener: contextInitialized()
Aug 28, 2016 11:12:08 PM org.apache.catalina.core.ApplicationContext log
INFO: ContextListener: attributeAdded('org.apache.jasper.compiler.TldLocationsCache', 'org.apache.jasper.compiler.TldLocationsCache@2383e965')
Aug 28, 2016 11:12:29 PM org.apache.catalina.core.ApplicationContext log
INFO: SessionListener: contextDestroyed()
Aug 28, 2016 11:12:29 PM org.apache.catalina.core.ApplicationContext log
INFO: ContextListener: contextDestroyed()
Aug 28, 2016 11:12:58 PM org.apache.catalina.core.ApplicationContext log
INFO: ContextListener: contextInitialized()
Aug 28, 2016 11:12:58 PM org.apache.catalina.core.ApplicationContext log
INFO: SessionListener: contextInitialized()
Aug 28, 2016 11:12:58 PM org.apache.catalina.core.ApplicationContext log
INFO: ContextListener: attributeAdded('org.apache.jasper.compiler.TldLocationsCache', 'org.apache.jasper.compiler.TldLocationsCache@381bd13')
Aug 28, 2016 11:14:49 PM org.apache.catalina.core.ApplicationContext log
INFO: SessionListener: contextDestroyed()
Aug 28, 2016 11:14:49 PM org.apache.catalina.core.ApplicationContext log
INFO: ContextListener: contextDestroyed()
Aug 28, 2016 11:15:40 PM org.apache.catalina.core.ApplicationContext log
INFO: ContextListener: contextInitialized()
Aug 28, 2016 11:15:40 PM org.apache.catalina.core.ApplicationContext log
INFO: SessionListener: contextInitialized()
Aug 28, 2016 11:15:40 PM org.apache.catalina.core.ApplicationContext log
INFO: ContextListener: attributeAdded('org.apache.jasper.compiler.TldLocationsCache', 'org.apache.jasper.compiler.TldLocationsCache@775651df')
Aug 28, 2016 11:18:36 PM org.apache.catalina.core.ApplicationContext log
INFO: SessionListener: contextDestroyed()
Aug 28, 2016 11:18:36 PM org.apache.catalina.core.ApplicationContext log
INFO: ContextListener: contextDestroyed()
Aug 28, 2016 11:19:07 PM org.apache.catalina.core.ApplicationContext log
INFO: ContextListener: contextInitialized()
Aug 28, 2016 11:19:07 PM org.apache.catalina.core.ApplicationContext log
INFO: SessionListener: contextInitialized()
Aug 28, 2016 11:19:07 PM org.apache.catalina.core.ApplicationContext log
INFO: ContextListener: attributeAdded('org.apache.jasper.compiler.TldLocationsCache', 'org.apache.jasper.compiler.TldLocationsCache@7987b5ff')
